[35m[1mConsolidate compiler generated dependencies of target turtle_spawner[0m
[ 50%] Built target turtle_controller
[ 75%] [32mBuilding CXX object CMakeFiles/turtle_spawner.dir/src/turtle_spawner_node.cpp.o[0m
[01m[K/home/sven/ros2_ws/src/turtlesim_catch_them_all/src/turtle_spawner_node.cpp:151:72:[m[K [01;31m[Kerror: [m[Ktemplate argument 1 is invalid
  151 |     void removeTurtleByName(std::vector<my_robot_interfaces:msg::Turtle[01;31m[K>[m[K& alive_turtles_, const std::string& turtle_name)
      |                                                                        [01;31m[K^[m[K
[01m[K/home/sven/ros2_ws/src/turtlesim_catch_them_all/src/turtle_spawner_node.cpp:151:72:[m[K [01;31m[Kerror: [m[Ktemplate argument 2 is invalid
[01m[K/home/sven/ros2_ws/src/turtlesim_catch_them_all/src/turtle_spawner_node.cpp:151:72:[m[K [01;31m[Kerror: [m[Ktemplate argument 1 is invalid
[01m[K/home/sven/ros2_ws/src/turtlesim_catch_them_all/src/turtle_spawner_node.cpp:151:72:[m[K [01;31m[Kerror: [m[Ktemplate argument 2 is invalid
[01m[K/home/sven/ros2_ws/src/turtlesim_catch_them_all/src/turtle_spawner_node.cpp:151:72:[m[K [01;31m[Kerror: [m[Ktemplate argument 1 is invalid
[01m[K/home/sven/ros2_ws/src/turtlesim_catch_them_all/src/turtle_spawner_node.cpp:151:72:[m[K [01;31m[Kerror: [m[Ktemplate argument 2 is invalid
[01m[K/home/sven/ros2_ws/src/turtlesim_catch_them_all/src/turtle_spawner_node.cpp:151:29:[m[K [01;31m[Kerror: [m[Kinvalid template-id
  151 |     void removeTurtleByName([01;31m[Kstd[m[K::vector<my_robot_interfaces:msg::Turtle>& alive_turtles_, const std::string& turtle_name)
      |                             [01;31m[K^~~[m[K
[01m[K/home/sven/ros2_ws/src/turtlesim_catch_them_all/src/turtle_spawner_node.cpp:151:60:[m[K [01;31m[Kerror: [m[Kexpected primary-expression before ‘[01m[K:[m[K’ token
  151 |     void removeTurtleByName(std::vector<my_robot_interfaces[01;31m[K:[m[Kmsg::Turtle>& alive_turtles_, const std::string& turtle_name)
      |                                                            [01;31m[K^[m[K
[01m[K/home/sven/ros2_ws/src/turtlesim_catch_them_all/src/turtle_spawner_node.cpp:151:60:[m[K [01;31m[Kerror: [m[Kexpected ‘[01m[K>[m[K’ before ‘[01m[K:[m[K’ token
[01m[K/home/sven/ros2_ws/src/turtlesim_catch_them_all/src/turtle_spawner_node.cpp:151:29:[m[K [01;31m[Kerror: [m[Ktemplate placeholder type ‘[01m[Kvector<...auto...>[m[K’ must be followed by a simple declarator-id
  151 |     void removeTurtleByName([01;31m[Kstd[m[K::vector<my_robot_interfaces:msg::Turtle>& alive_turtles_, const std::string& turtle_name)
      |                             [01;31m[K^~~[m[K
In file included from [01m[K/usr/include/c++/11/vector:67[m[K,
                 from [01m[K/usr/include/c++/11/functional:62[m[K,
                 from [01m[K/usr/include/c++/11/pstl/glue_algorithm_defs.h:13[m[K,
                 from [01m[K/usr/include/c++/11/algorithm:74[m[K,
                 from [01m[K/opt/ros/humble/include/rclcpp/rclcpp/executor.hpp:18[m[K,
                 from [01m[K/opt/ros/humble/include/rclcpp/rclcpp/executors/multi_threaded_executor.hpp:25[m[K,
                 from [01m[K/opt/ros/humble/include/rclcpp/rclcpp/executors.hpp:21[m[K,
                 from [01m[K/opt/ros/humble/include/rclcpp/rclcpp/rclcpp.hpp:155[m[K,
                 from [01m[K/home/sven/ros2_ws/src/turtlesim_catch_them_all/src/turtle_spawner_node.cpp:1[m[K:
[01m[K/usr/include/c++/11/bits/stl_vector.h:389:11:[m[K [01;36m[Knote: [m[K‘[01m[Ktemplate<class _Tp, class _Alloc> class std::vector[m[K’ declared here
  389 |     class [01;36m[Kvector[m[K : protected _Vector_base<_Tp, _Alloc>
      |           [01;36m[K^~~~~~[m[K
[01m[K/home/sven/ros2_ws/src/turtlesim_catch_them_all/src/turtle_spawner_node.cpp:151:89:[m[K [01;31m[Kerror: [m[Kexpected ‘[01m[K)[m[K’ before ‘[01m[K,[m[K’ token
  151 |     void removeTurtleByName[34m[K([m[Kstd::vector<my_robot_interfaces:msg::Turtle>& alive_turtles_[01;31m[K,[m[K const std::string& turtle_name)
      |                            [34m[K~[m[K                                                            [01;31m[K^[m[K
      |                                                                                         [32m[K)[m[K
[01m[K/home/sven/ros2_ws/src/turtlesim_catch_them_all/src/turtle_spawner_node.cpp:151:91:[m[K [01;31m[Kerror: [m[Kexpected unqualified-id before ‘[01m[Kconst[m[K’
  151 |     void removeTurtleByName(std::vector<my_robot_interfaces:msg::Turtle>& alive_turtles_, [01;31m[Kconst[m[K std::string& turtle_name)
      |                                                                                           [01;31m[K^~~~~[m[K
gmake[2]: *** [CMakeFiles/turtle_spawner.dir/build.make:76: CMakeFiles/turtle_spawner.dir/src/turtle_spawner_node.cpp.o] Error 1
gmake[1]: *** [CMakeFiles/Makefile2:165: CMakeFiles/turtle_spawner.dir/all] Error 2
gmake: *** [Makefile:146: all] Error 2
