[0.035s] Invoking command in '/home/sven/ros2_ws/build/lifecycle_cpp': CMAKE_PREFIX_PATH=/home/sven/ros2_ws/install/my_robot_interfaces:/home/sven/ros2_ws/install/turtlesim_catch_them_all:/home/sven/ros2_ws/install/my_robot_bringup:/home/sven/ros2_ws/install/my_cpp_pkg:/home/sven/ros2_ws/install/actions_cpp:/home/sven/ros2_ws/install/my_robot_description:/home/sven/ros2_ws/install/lifecycle_cpp:/home/sven/install/my_robot_description:/home/sven/ros2_ws/install/my_py_pkg:/home/sven/ros2_ws/install/actions_py:/home/sven/ros2_ws/install/lifecycle_py:/opt/ros/humble LD_LIBRARY_PATH=/home/sven/ros2_ws/install/my_robot_interfaces/lib:/usr/lib/x86_64-linux-gnu/gazebo-11/plugins:/opt/ros/humble/opt/rviz_ogre_vendor/lib:/opt/ros/humble/lib/x86_64-linux-gnu:/opt/ros/humble/lib:/usr/share/gazebo/../../lib/x86_64-linux-gnu/gazebo-11/plugins /usr/bin/cmake --build /home/sven/ros2_ws/build/lifecycle_cpp -- -j20 -l20
[0.055s] [35m[1mConsolidate compiler generated dependencies of target move_robot_server_lifecycle[0m
[0.060s] [ 50%] Built target number_publisher
[0.063s] [ 75%] [32mBuilding CXX object CMakeFiles/move_robot_server_lifecycle.dir/src/move_robot_server_lifecycle.cpp.o[0m
[1.749s] [100%] [32m[1mLinking CXX executable move_robot_server_lifecycle[0m
[1.825s] [100%] Built target move_robot_server_lifecycle
[1.831s] Invoked command in '/home/sven/ros2_ws/build/lifecycle_cpp' returned '0': CMAKE_PREFIX_PATH=/home/sven/ros2_ws/install/my_robot_interfaces:/home/sven/ros2_ws/install/turtlesim_catch_them_all:/home/sven/ros2_ws/install/my_robot_bringup:/home/sven/ros2_ws/install/my_cpp_pkg:/home/sven/ros2_ws/install/actions_cpp:/home/sven/ros2_ws/install/my_robot_description:/home/sven/ros2_ws/install/lifecycle_cpp:/home/sven/install/my_robot_description:/home/sven/ros2_ws/install/my_py_pkg:/home/sven/ros2_ws/install/actions_py:/home/sven/ros2_ws/install/lifecycle_py:/opt/ros/humble LD_LIBRARY_PATH=/home/sven/ros2_ws/install/my_robot_interfaces/lib:/usr/lib/x86_64-linux-gnu/gazebo-11/plugins:/opt/ros/humble/opt/rviz_ogre_vendor/lib:/opt/ros/humble/lib/x86_64-linux-gnu:/opt/ros/humble/lib:/usr/share/gazebo/../../lib/x86_64-linux-gnu/gazebo-11/plugins /usr/bin/cmake --build /home/sven/ros2_ws/build/lifecycle_cpp -- -j20 -l20
[1.850s] Invoking command in '/home/sven/ros2_ws/build/lifecycle_cpp': CMAKE_PREFIX_PATH=/home/sven/ros2_ws/install/my_robot_interfaces:/home/sven/ros2_ws/install/turtlesim_catch_them_all:/home/sven/ros2_ws/install/my_robot_bringup:/home/sven/ros2_ws/install/my_cpp_pkg:/home/sven/ros2_ws/install/actions_cpp:/home/sven/ros2_ws/install/my_robot_description:/home/sven/ros2_ws/install/lifecycle_cpp:/home/sven/install/my_robot_description:/home/sven/ros2_ws/install/my_py_pkg:/home/sven/ros2_ws/install/actions_py:/home/sven/ros2_ws/install/lifecycle_py:/opt/ros/humble LD_LIBRARY_PATH=/home/sven/ros2_ws/install/my_robot_interfaces/lib:/usr/lib/x86_64-linux-gnu/gazebo-11/plugins:/opt/ros/humble/opt/rviz_ogre_vendor/lib:/opt/ros/humble/lib/x86_64-linux-gnu:/opt/ros/humble/lib:/usr/share/gazebo/../../lib/x86_64-linux-gnu/gazebo-11/plugins /usr/bin/cmake --install /home/sven/ros2_ws/build/lifecycle_cpp
[1.853s] -- Install configuration: ""
[1.853s] -- Up-to-date: /home/sven/ros2_ws/install/lifecycle_cpp/lib/lifecycle_cpp/number_publisher
[1.853s] -- Installing: /home/sven/ros2_ws/install/lifecycle_cpp/lib/lifecycle_cpp/move_robot_server_lifecycle
[1.854s] -- Set runtime path of "/home/sven/ros2_ws/install/lifecycle_cpp/lib/lifecycle_cpp/move_robot_server_lifecycle" to ""
[1.854s] -- Up-to-date: /home/sven/ros2_ws/install/lifecycle_cpp/share/ament_index/resource_index/package_run_dependencies/lifecycle_cpp
[1.854s] -- Up-to-date: /home/sven/ros2_ws/install/lifecycle_cpp/share/ament_index/resource_index/parent_prefix_path/lifecycle_cpp
[1.854s] -- Up-to-date: /home/sven/ros2_ws/install/lifecycle_cpp/share/lifecycle_cpp/environment/ament_prefix_path.sh
[1.854s] -- Up-to-date: /home/sven/ros2_ws/install/lifecycle_cpp/share/lifecycle_cpp/environment/ament_prefix_path.dsv
[1.854s] -- Up-to-date: /home/sven/ros2_ws/install/lifecycle_cpp/share/lifecycle_cpp/environment/path.sh
[1.854s] -- Up-to-date: /home/sven/ros2_ws/install/lifecycle_cpp/share/lifecycle_cpp/environment/path.dsv
[1.854s] -- Up-to-date: /home/sven/ros2_ws/install/lifecycle_cpp/share/lifecycle_cpp/local_setup.bash
[1.854s] -- Up-to-date: /home/sven/ros2_ws/install/lifecycle_cpp/share/lifecycle_cpp/local_setup.sh
[1.854s] -- Up-to-date: /home/sven/ros2_ws/install/lifecycle_cpp/share/lifecycle_cpp/local_setup.zsh
[1.854s] -- Up-to-date: /home/sven/ros2_ws/install/lifecycle_cpp/share/lifecycle_cpp/local_setup.dsv
[1.854s] -- Installing: /home/sven/ros2_ws/install/lifecycle_cpp/share/lifecycle_cpp/package.dsv
[1.854s] -- Up-to-date: /home/sven/ros2_ws/install/lifecycle_cpp/share/ament_index/resource_index/packages/lifecycle_cpp
[1.854s] -- Up-to-date: /home/sven/ros2_ws/install/lifecycle_cpp/share/lifecycle_cpp/cmake/lifecycle_cppConfig.cmake
[1.854s] -- Up-to-date: /home/sven/ros2_ws/install/lifecycle_cpp/share/lifecycle_cpp/cmake/lifecycle_cppConfig-version.cmake
[1.854s] -- Up-to-date: /home/sven/ros2_ws/install/lifecycle_cpp/share/lifecycle_cpp/package.xml
[1.855s] Invoked command in '/home/sven/ros2_ws/build/lifecycle_cpp' returned '0': CMAKE_PREFIX_PATH=/home/sven/ros2_ws/install/my_robot_interfaces:/home/sven/ros2_ws/install/turtlesim_catch_them_all:/home/sven/ros2_ws/install/my_robot_bringup:/home/sven/ros2_ws/install/my_cpp_pkg:/home/sven/ros2_ws/install/actions_cpp:/home/sven/ros2_ws/install/my_robot_description:/home/sven/ros2_ws/install/lifecycle_cpp:/home/sven/install/my_robot_description:/home/sven/ros2_ws/install/my_py_pkg:/home/sven/ros2_ws/install/actions_py:/home/sven/ros2_ws/install/lifecycle_py:/opt/ros/humble LD_LIBRARY_PATH=/home/sven/ros2_ws/install/my_robot_interfaces/lib:/usr/lib/x86_64-linux-gnu/gazebo-11/plugins:/opt/ros/humble/opt/rviz_ogre_vendor/lib:/opt/ros/humble/lib/x86_64-linux-gnu:/opt/ros/humble/lib:/usr/share/gazebo/../../lib/x86_64-linux-gnu/gazebo-11/plugins /usr/bin/cmake --install /home/sven/ros2_ws/build/lifecycle_cpp
