[0.031s] Invoking command in '/home/cleanseasolutions/ros2_ws/build/turtlesim_catch_them_all': CMAKE_PREFIX_PATH=/home/cleanseasolutions/ros2_ws/install/my_robot_interfaces:/home/cleanseasolutions/ros2_ws/install/turtlesim_catch_them_all:/home/cleanseasolutions/ros2_ws/install/my_robot_bringup:/home/cleanseasolutions/ros2_ws/install/my_cpp_pkg:/home/cleanseasolutions/ros2_ws/install/my_py_pkg:/opt/ros/humble /usr/bin/cmake --build /home/cleanseasolutions/ros2_ws/build/turtlesim_catch_them_all -- -j16 -l16
[0.056s] [35m[1mConsolidate compiler generated dependencies of target turtle_controller[0m
[0.063s] [ 50%] Built target turtle_spawner
[0.065s] [100%] Built target turtle_controller
[0.071s] Invoked command in '/home/cleanseasolutions/ros2_ws/build/turtlesim_catch_them_all' returned '0': CMAKE_PREFIX_PATH=/home/cleanseasolutions/ros2_ws/install/my_robot_interfaces:/home/cleanseasolutions/ros2_ws/install/turtlesim_catch_them_all:/home/cleanseasolutions/ros2_ws/install/my_robot_bringup:/home/cleanseasolutions/ros2_ws/install/my_cpp_pkg:/home/cleanseasolutions/ros2_ws/install/my_py_pkg:/opt/ros/humble /usr/bin/cmake --build /home/cleanseasolutions/ros2_ws/build/turtlesim_catch_them_all -- -j16 -l16
[0.090s] Invoking command in '/home/cleanseasolutions/ros2_ws/build/turtlesim_catch_them_all': CMAKE_PREFIX_PATH=/home/cleanseasolutions/ros2_ws/install/my_robot_interfaces:/home/cleanseasolutions/ros2_ws/install/turtlesim_catch_them_all:/home/cleanseasolutions/ros2_ws/install/my_robot_bringup:/home/cleanseasolutions/ros2_ws/install/my_cpp_pkg:/home/cleanseasolutions/ros2_ws/install/my_py_pkg:/opt/ros/humble /usr/bin/cmake --install /home/cleanseasolutions/ros2_ws/build/turtlesim_catch_them_all
[0.094s] -- Install configuration: ""
[0.094s] -- Up-to-date: /home/cleanseasolutions/ros2_ws/install/turtlesim_catch_them_all/lib/turtlesim_catch_them_all/turtle_controller
[0.094s] -- Up-to-date: /home/cleanseasolutions/ros2_ws/install/turtlesim_catch_them_all/lib/turtlesim_catch_them_all/turtle_spawner
[0.094s] -- Up-to-date: /home/cleanseasolutions/ros2_ws/install/turtlesim_catch_them_all/share/ament_index/resource_index/package_run_dependencies/turtlesim_catch_them_all
[0.094s] -- Up-to-date: /home/cleanseasolutions/ros2_ws/install/turtlesim_catch_them_all/share/ament_index/resource_index/parent_prefix_path/turtlesim_catch_them_all
[0.094s] -- Up-to-date: /home/cleanseasolutions/ros2_ws/install/turtlesim_catch_them_all/share/turtlesim_catch_them_all/environment/ament_prefix_path.sh
[0.094s] -- Up-to-date: /home/cleanseasolutions/ros2_ws/install/turtlesim_catch_them_all/share/turtlesim_catch_them_all/environment/ament_prefix_path.dsv
[0.094s] -- Up-to-date: /home/cleanseasolutions/ros2_ws/install/turtlesim_catch_them_all/share/turtlesim_catch_them_all/environment/path.sh
[0.094s] -- Up-to-date: /home/cleanseasolutions/ros2_ws/install/turtlesim_catch_them_all/share/turtlesim_catch_them_all/environment/path.dsv
[0.094s] -- Up-to-date: /home/cleanseasolutions/ros2_ws/install/turtlesim_catch_them_all/share/turtlesim_catch_them_all/local_setup.bash
[0.094s] -- Up-to-date: /home/cleanseasolutions/ros2_ws/install/turtlesim_catch_them_all/share/turtlesim_catch_them_all/local_setup.sh
[0.094s] -- Up-to-date: /home/cleanseasolutions/ros2_ws/install/turtlesim_catch_them_all/share/turtlesim_catch_them_all/local_setup.zsh
[0.094s] -- Up-to-date: /home/cleanseasolutions/ros2_ws/install/turtlesim_catch_them_all/share/turtlesim_catch_them_all/local_setup.dsv
[0.094s] -- Installing: /home/cleanseasolutions/ros2_ws/install/turtlesim_catch_them_all/share/turtlesim_catch_them_all/package.dsv
[0.094s] -- Up-to-date: /home/cleanseasolutions/ros2_ws/install/turtlesim_catch_them_all/share/ament_index/resource_index/packages/turtlesim_catch_them_all
[0.095s] -- Up-to-date: /home/cleanseasolutions/ros2_ws/install/turtlesim_catch_them_all/share/turtlesim_catch_them_all/cmake/turtlesim_catch_them_allConfig.cmake
[0.095s] -- Up-to-date: /home/cleanseasolutions/ros2_ws/install/turtlesim_catch_them_all/share/turtlesim_catch_them_all/cmake/turtlesim_catch_them_allConfig-version.cmake
[0.095s] -- Up-to-date: /home/cleanseasolutions/ros2_ws/install/turtlesim_catch_them_all/share/turtlesim_catch_them_all/package.xml
[0.096s] Invoked command in '/home/cleanseasolutions/ros2_ws/build/turtlesim_catch_them_all' returned '0': CMAKE_PREFIX_PATH=/home/cleanseasolutions/ros2_ws/install/my_robot_interfaces:/home/cleanseasolutions/ros2_ws/install/turtlesim_catch_them_all:/home/cleanseasolutions/ros2_ws/install/my_robot_bringup:/home/cleanseasolutions/ros2_ws/install/my_cpp_pkg:/home/cleanseasolutions/ros2_ws/install/my_py_pkg:/opt/ros/humble /usr/bin/cmake --install /home/cleanseasolutions/ros2_ws/build/turtlesim_catch_them_all
