[0.029s] Invoking command in '/home/cleanseasolutions/ros2_ws/build/my_cpp_pkg': CMAKE_PREFIX_PATH=${CMAKE_PREFIX_PATH}:/home/cleanseasolutions/ros2_ws/install/my_py_pkg:/opt/ros/humble /usr/bin/cmake --build /home/cleanseasolutions/ros2_ws/build/my_cpp_pkg -- -j16 -l16
[0.044s] -- Found ament_cmake: 1.3.7 (/opt/ros/humble/share/ament_cmake/cmake)
[0.125s] -- Found rclcpp: 16.0.8 (/opt/ros/humble/share/rclcpp/cmake)
[0.141s] -- Found rosidl_generator_c: 3.1.5 (/opt/ros/humble/share/rosidl_generator_c/cmake)
[0.142s] -- Found rosidl_adapter: 3.1.5 (/opt/ros/humble/share/rosidl_adapter/cmake)
[0.145s] -- Found rosidl_generator_cpp: 3.1.5 (/opt/ros/humble/share/rosidl_generator_cpp/cmake)
[0.151s] -- Using all available rosidl_typesupport_c: rosidl_typesupport_fastrtps_c;rosidl_typesupport_introspection_c
[0.159s] -- Using all available rosidl_typesupport_cpp: rosidl_typesupport_fastrtps_cpp;rosidl_typesupport_introspection_cpp
[0.189s] -- Found rmw_implementation_cmake: 6.1.1 (/opt/ros/humble/share/rmw_implementation_cmake/cmake)
[0.190s] -- Found rmw_fastrtps_cpp: 6.2.6 (/opt/ros/humble/share/rmw_fastrtps_cpp/cmake)
[0.254s] -- Using RMW implementation 'rmw_fastrtps_cpp' as default
[0.339s] -- Found example_interfaces: 0.9.3 (/opt/ros/humble/share/example_interfaces/cmake)
[0.412s] -- Found my_robot_interfaces: 0.0.0 (/home/cleanseasolutions/ros2_ws/install/my_robot_interfaces/share/my_robot_interfaces/cmake)
[0.461s] -- Configuring done
[0.479s] -- Generating done
[0.480s] -- Build files have been written to: /home/cleanseasolutions/ros2_ws/build/my_cpp_pkg
[0.496s] [35m[1mConsolidate compiler generated dependencies of target cpp_node[0m
[0.496s] [35m[1mConsolidate compiler generated dependencies of target robot_news_station[0m
[0.496s] [35m[1mConsolidate compiler generated dependencies of target smartphone[0m
[0.498s] [35m[1mConsolidate compiler generated dependencies of target number_publisher[0m
[0.500s] [35m[1mConsolidate compiler generated dependencies of target add_two_ints_client_no_oop[0m
[0.500s] [35m[1mConsolidate compiler generated dependencies of target number_counter[0m
[0.501s] [35m[1mConsolidate compiler generated dependencies of target hardware_status_publisher[0m
[0.501s] [35m[1mConsolidate compiler generated dependencies of target led_panel_status_publisher[0m
[0.501s] [35m[1mConsolidate compiler generated dependencies of target add_two_ints_client[0m
[0.501s] [35m[1mConsolidate compiler generated dependencies of target add_two_ints_server[0m
[0.507s] [  9%] Built target smartphone
[0.508s] [ 13%] [32mBuilding CXX object CMakeFiles/battery.dir/src/battery_node.cpp.o[0m
[0.508s] [ 31%] Built target cpp_node
[0.508s] [ 31%] Built target robot_news_station
[0.510s] [ 40%] Built target number_publisher
[0.512s] [ 50%] Built target add_two_ints_client_no_oop
[0.515s] [ 59%] Built target led_panel_status_publisher
[0.515s] [ 81%] Built target add_two_ints_client
[0.516s] [ 81%] Built target number_counter
[0.516s] [ 86%] Built target hardware_status_publisher
[0.516s] [ 95%] Built target add_two_ints_server
[2.359s] [100%] [32m[1mLinking CXX executable battery[0m
[2.441s] [100%] Built target battery
[2.451s] Invoked command in '/home/cleanseasolutions/ros2_ws/build/my_cpp_pkg' returned '0': CMAKE_PREFIX_PATH=${CMAKE_PREFIX_PATH}:/home/cleanseasolutions/ros2_ws/install/my_py_pkg:/opt/ros/humble /usr/bin/cmake --build /home/cleanseasolutions/ros2_ws/build/my_cpp_pkg -- -j16 -l16
[2.484s] Invoking command in '/home/cleanseasolutions/ros2_ws/build/my_cpp_pkg': CMAKE_PREFIX_PATH=${CMAKE_PREFIX_PATH}:/home/cleanseasolutions/ros2_ws/install/my_py_pkg:/opt/ros/humble /usr/bin/cmake --install /home/cleanseasolutions/ros2_ws/build/my_cpp_pkg
[2.488s] -- Install configuration: ""
[2.488s] -- Up-to-date: /home/cleanseasolutions/ros2_ws/install/my_cpp_pkg/lib/my_cpp_pkg/cpp_node
[2.488s] -- Up-to-date: /home/cleanseasolutions/ros2_ws/install/my_cpp_pkg/lib/my_cpp_pkg/robot_news_station
[2.488s] -- Up-to-date: /home/cleanseasolutions/ros2_ws/install/my_cpp_pkg/lib/my_cpp_pkg/smartphone
[2.488s] -- Up-to-date: /home/cleanseasolutions/ros2_ws/install/my_cpp_pkg/lib/my_cpp_pkg/number_publisher
[2.488s] -- Up-to-date: /home/cleanseasolutions/ros2_ws/install/my_cpp_pkg/lib/my_cpp_pkg/number_counter
[2.488s] -- Up-to-date: /home/cleanseasolutions/ros2_ws/install/my_cpp_pkg/lib/my_cpp_pkg/add_two_ints_server
[2.489s] -- Up-to-date: /home/cleanseasolutions/ros2_ws/install/my_cpp_pkg/lib/my_cpp_pkg/add_two_ints_client
[2.489s] -- Up-to-date: /home/cleanseasolutions/ros2_ws/install/my_cpp_pkg/lib/my_cpp_pkg/add_two_ints_client_no_oop
[2.489s] -- Up-to-date: /home/cleanseasolutions/ros2_ws/install/my_cpp_pkg/lib/my_cpp_pkg/hardware_status_publisher
[2.489s] -- Up-to-date: /home/cleanseasolutions/ros2_ws/install/my_cpp_pkg/lib/my_cpp_pkg/led_panel_status_publisher
[2.489s] -- Installing: /home/cleanseasolutions/ros2_ws/install/my_cpp_pkg/lib/my_cpp_pkg/battery
[2.490s] -- Set runtime path of "/home/cleanseasolutions/ros2_ws/install/my_cpp_pkg/lib/my_cpp_pkg/battery" to ""
[2.490s] -- Up-to-date: /home/cleanseasolutions/ros2_ws/install/my_cpp_pkg/share/ament_index/resource_index/package_run_dependencies/my_cpp_pkg
[2.490s] -- Up-to-date: /home/cleanseasolutions/ros2_ws/install/my_cpp_pkg/share/ament_index/resource_index/parent_prefix_path/my_cpp_pkg
[2.490s] -- Up-to-date: /home/cleanseasolutions/ros2_ws/install/my_cpp_pkg/share/my_cpp_pkg/environment/ament_prefix_path.sh
[2.490s] -- Installing: /home/cleanseasolutions/ros2_ws/install/my_cpp_pkg/share/my_cpp_pkg/environment/ament_prefix_path.dsv
[2.490s] -- Up-to-date: /home/cleanseasolutions/ros2_ws/install/my_cpp_pkg/share/my_cpp_pkg/environment/path.sh
[2.490s] -- Installing: /home/cleanseasolutions/ros2_ws/install/my_cpp_pkg/share/my_cpp_pkg/environment/path.dsv
[2.490s] -- Up-to-date: /home/cleanseasolutions/ros2_ws/install/my_cpp_pkg/share/my_cpp_pkg/local_setup.bash
[2.490s] -- Up-to-date: /home/cleanseasolutions/ros2_ws/install/my_cpp_pkg/share/my_cpp_pkg/local_setup.sh
[2.490s] -- Up-to-date: /home/cleanseasolutions/ros2_ws/install/my_cpp_pkg/share/my_cpp_pkg/local_setup.zsh
[2.491s] -- Installing: /home/cleanseasolutions/ros2_ws/install/my_cpp_pkg/share/my_cpp_pkg/local_setup.dsv
[2.491s] -- Installing: /home/cleanseasolutions/ros2_ws/install/my_cpp_pkg/share/my_cpp_pkg/package.dsv
[2.491s] -- Up-to-date: /home/cleanseasolutions/ros2_ws/install/my_cpp_pkg/share/ament_index/resource_index/packages/my_cpp_pkg
[2.491s] -- Up-to-date: /home/cleanseasolutions/ros2_ws/install/my_cpp_pkg/share/my_cpp_pkg/cmake/my_cpp_pkgConfig.cmake
[2.491s] -- Up-to-date: /home/cleanseasolutions/ros2_ws/install/my_cpp_pkg/share/my_cpp_pkg/cmake/my_cpp_pkgConfig-version.cmake
[2.491s] -- Up-to-date: /home/cleanseasolutions/ros2_ws/install/my_cpp_pkg/share/my_cpp_pkg/package.xml
[2.492s] Invoked command in '/home/cleanseasolutions/ros2_ws/build/my_cpp_pkg' returned '0': CMAKE_PREFIX_PATH=${CMAKE_PREFIX_PATH}:/home/cleanseasolutions/ros2_ws/install/my_py_pkg:/opt/ros/humble /usr/bin/cmake --install /home/cleanseasolutions/ros2_ws/build/my_cpp_pkg
