[0.031s] Invoking command in '/home/cleanseasolutions/ros2_ws/build/my_robot_bringup': CMAKE_PREFIX_PATH=${CMAKE_PREFIX_PATH}:/home/cleanseasolutions/ros2_ws/install/my_py_pkg:/opt/ros/humble PYTHONPATH=/home/cleanseasolutions/ros2_ws/build/my_py_pkg:${PYTHONPATH} /usr/bin/cmake --build /home/cleanseasolutions/ros2_ws/build/my_robot_bringup -- -j16 -l16
[0.045s] -- Found ament_cmake: 1.3.7 (/opt/ros/humble/share/ament_cmake/cmake)
[0.121s] -- Override CMake install command with custom implementation using symlinks instead of copying resources
[0.162s] -- Configuring done
[0.163s] -- Generating done
[0.163s] -- Build files have been written to: /home/cleanseasolutions/ros2_ws/build/my_robot_bringup
[0.175s] Invoked command in '/home/cleanseasolutions/ros2_ws/build/my_robot_bringup' returned '0': CMAKE_PREFIX_PATH=${CMAKE_PREFIX_PATH}:/home/cleanseasolutions/ros2_ws/install/my_py_pkg:/opt/ros/humble PYTHONPATH=/home/cleanseasolutions/ros2_ws/build/my_py_pkg:${PYTHONPATH} /usr/bin/cmake --build /home/cleanseasolutions/ros2_ws/build/my_robot_bringup -- -j16 -l16
[0.191s] Invoking command in '/home/cleanseasolutions/ros2_ws/build/my_robot_bringup': CMAKE_PREFIX_PATH=${CMAKE_PREFIX_PATH}:/home/cleanseasolutions/ros2_ws/install/my_py_pkg:/opt/ros/humble PYTHONPATH=/home/cleanseasolutions/ros2_ws/build/my_py_pkg:${PYTHONPATH} /usr/bin/cmake --install /home/cleanseasolutions/ros2_ws/build/my_robot_bringup
[0.195s] -- Install configuration: ""
[0.195s] -- Execute custom install script
[0.195s] -- Up-to-date symlink: /home/cleanseasolutions/ros2_ws/install/my_robot_bringup/share/my_robot_bringup/launch/number_app.launch.py
[0.195s] -- Up-to-date symlink: /home/cleanseasolutions/ros2_ws/install/my_robot_bringup/share/ament_index/resource_index/package_run_dependencies/my_robot_bringup
[0.195s] -- Up-to-date symlink: /home/cleanseasolutions/ros2_ws/install/my_robot_bringup/share/ament_index/resource_index/parent_prefix_path/my_robot_bringup
[0.195s] -- Up-to-date symlink: /home/cleanseasolutions/ros2_ws/install/my_robot_bringup/share/my_robot_bringup/environment/ament_prefix_path.sh
[0.195s] -- Up-to-date symlink: /home/cleanseasolutions/ros2_ws/install/my_robot_bringup/share/my_robot_bringup/environment/ament_prefix_path.dsv
[0.195s] -- Up-to-date symlink: /home/cleanseasolutions/ros2_ws/install/my_robot_bringup/share/my_robot_bringup/environment/path.sh
[0.195s] -- Up-to-date symlink: /home/cleanseasolutions/ros2_ws/install/my_robot_bringup/share/my_robot_bringup/environment/path.dsv
[0.195s] -- Up-to-date symlink: /home/cleanseasolutions/ros2_ws/install/my_robot_bringup/share/my_robot_bringup/local_setup.bash
[0.195s] -- Up-to-date symlink: /home/cleanseasolutions/ros2_ws/install/my_robot_bringup/share/my_robot_bringup/local_setup.sh
[0.195s] -- Up-to-date symlink: /home/cleanseasolutions/ros2_ws/install/my_robot_bringup/share/my_robot_bringup/local_setup.zsh
[0.195s] -- Up-to-date symlink: /home/cleanseasolutions/ros2_ws/install/my_robot_bringup/share/my_robot_bringup/local_setup.dsv
[0.195s] -- Symlinking: /home/cleanseasolutions/ros2_ws/install/my_robot_bringup/share/my_robot_bringup/package.dsv
[0.200s] -- Up-to-date symlink: /home/cleanseasolutions/ros2_ws/install/my_robot_bringup/share/ament_index/resource_index/packages/my_robot_bringup
[0.200s] -- Up-to-date symlink: /home/cleanseasolutions/ros2_ws/install/my_robot_bringup/share/my_robot_bringup/cmake/my_robot_bringupConfig.cmake
[0.200s] -- Up-to-date symlink: /home/cleanseasolutions/ros2_ws/install/my_robot_bringup/share/my_robot_bringup/cmake/my_robot_bringupConfig-version.cmake
[0.200s] -- Up-to-date symlink: /home/cleanseasolutions/ros2_ws/install/my_robot_bringup/share/my_robot_bringup/package.xml
[0.201s] Invoked command in '/home/cleanseasolutions/ros2_ws/build/my_robot_bringup' returned '0': CMAKE_PREFIX_PATH=${CMAKE_PREFIX_PATH}:/home/cleanseasolutions/ros2_ws/install/my_py_pkg:/opt/ros/humble PYTHONPATH=/home/cleanseasolutions/ros2_ws/build/my_py_pkg:${PYTHONPATH} /usr/bin/cmake --install /home/cleanseasolutions/ros2_ws/build/my_robot_bringup
