[0.030s] Invoking command in '/home/sven/ros2_ws/build/executors_cpp': CMAKE_PREFIX_PATH=${CMAKE_PREFIX_PATH}:/home/sven/ros2_ws/install/executors_py:/home/sven/ros2_ws/install/my_py_pkg:/home/sven/ros2_ws/install/actions_py:/home/sven/ros2_ws/install/lifecycle_py:/opt/ros/humble /usr/bin/cmake --build /home/sven/ros2_ws/build/executors_cpp -- -j20 -l20
[0.051s] [35m[1mConsolidate compiler generated dependencies of target multi_threaded_executor[0m
[0.051s] [35m[1mConsolidate compiler generated dependencies of target single_threaded_executor[0m
[0.059s] [ 75%] Built target single_threaded_executor
[0.059s] [ 75%] [32mBuilding CXX object CMakeFiles/multi_threaded_executor.dir/src/multi_threaded_executor.cpp.o[0m
[1.395s] [100%] [32m[1mLinking CXX executable multi_threaded_executor[0m
[1.452s] [100%] Built target multi_threaded_executor
[1.458s] Invoked command in '/home/sven/ros2_ws/build/executors_cpp' returned '0': CMAKE_PREFIX_PATH=${CMAKE_PREFIX_PATH}:/home/sven/ros2_ws/install/executors_py:/home/sven/ros2_ws/install/my_py_pkg:/home/sven/ros2_ws/install/actions_py:/home/sven/ros2_ws/install/lifecycle_py:/opt/ros/humble /usr/bin/cmake --build /home/sven/ros2_ws/build/executors_cpp -- -j20 -l20
[1.477s] Invoking command in '/home/sven/ros2_ws/build/executors_cpp': CMAKE_PREFIX_PATH=${CMAKE_PREFIX_PATH}:/home/sven/ros2_ws/install/executors_py:/home/sven/ros2_ws/install/my_py_pkg:/home/sven/ros2_ws/install/actions_py:/home/sven/ros2_ws/install/lifecycle_py:/opt/ros/humble /usr/bin/cmake --install /home/sven/ros2_ws/build/executors_cpp
[1.480s] -- Install configuration: ""
[1.480s] -- Up-to-date: /home/sven/ros2_ws/install/executors_cpp/lib/executors_cpp/single_threaded_executor
[1.480s] -- Installing: /home/sven/ros2_ws/install/executors_cpp/lib/executors_cpp/multi_threaded_executor
[1.481s] -- Set runtime path of "/home/sven/ros2_ws/install/executors_cpp/lib/executors_cpp/multi_threaded_executor" to ""
[1.481s] -- Up-to-date: /home/sven/ros2_ws/install/executors_cpp/share/ament_index/resource_index/package_run_dependencies/executors_cpp
[1.481s] -- Up-to-date: /home/sven/ros2_ws/install/executors_cpp/share/ament_index/resource_index/parent_prefix_path/executors_cpp
[1.481s] -- Up-to-date: /home/sven/ros2_ws/install/executors_cpp/share/executors_cpp/environment/ament_prefix_path.sh
[1.481s] -- Up-to-date: /home/sven/ros2_ws/install/executors_cpp/share/executors_cpp/environment/ament_prefix_path.dsv
[1.481s] -- Up-to-date: /home/sven/ros2_ws/install/executors_cpp/share/executors_cpp/environment/path.sh
[1.481s] -- Up-to-date: /home/sven/ros2_ws/install/executors_cpp/share/executors_cpp/environment/path.dsv
[1.481s] -- Up-to-date: /home/sven/ros2_ws/install/executors_cpp/share/executors_cpp/local_setup.bash
[1.481s] -- Up-to-date: /home/sven/ros2_ws/install/executors_cpp/share/executors_cpp/local_setup.sh
[1.481s] -- Up-to-date: /home/sven/ros2_ws/install/executors_cpp/share/executors_cpp/local_setup.zsh
[1.481s] -- Up-to-date: /home/sven/ros2_ws/install/executors_cpp/share/executors_cpp/local_setup.dsv
[1.481s] -- Installing: /home/sven/ros2_ws/install/executors_cpp/share/executors_cpp/package.dsv
[1.481s] -- Up-to-date: /home/sven/ros2_ws/install/executors_cpp/share/ament_index/resource_index/packages/executors_cpp
[1.481s] -- Up-to-date: /home/sven/ros2_ws/install/executors_cpp/share/executors_cpp/cmake/executors_cppConfig.cmake
[1.481s] -- Up-to-date: /home/sven/ros2_ws/install/executors_cpp/share/executors_cpp/cmake/executors_cppConfig-version.cmake
[1.481s] -- Up-to-date: /home/sven/ros2_ws/install/executors_cpp/share/executors_cpp/package.xml
[1.482s] Invoked command in '/home/sven/ros2_ws/build/executors_cpp' returned '0': CMAKE_PREFIX_PATH=${CMAKE_PREFIX_PATH}:/home/sven/ros2_ws/install/executors_py:/home/sven/ros2_ws/install/my_py_pkg:/home/sven/ros2_ws/install/actions_py:/home/sven/ros2_ws/install/lifecycle_py:/opt/ros/humble /usr/bin/cmake --install /home/sven/ros2_ws/build/executors_cpp
