[0.035s] Invoking command in '/home/sven/ros2_ws/src/build/my_robot_bringup': AMENT_PREFIX_PATH=/home/sven/ros2_ws/src/install/my_py_pkg:/home/sven/ros2_ws/src/install/my_cpp_pkg:/home/sven/ros2_ws/src/install/my_robot_interfaces:/home/sven/ros2_ws/src/install/my_robot_description:${AMENT_PREFIX_PATH} CMAKE_PREFIX_PATH=/home/sven/ros2_ws/src/install/my_cpp_pkg:/home/sven/ros2_ws/src/install/my_robot_interfaces:/home/sven/ros2_ws/src/install/my_robot_description:/home/sven/ros2_ws/install/turtlesim_catch_them_all:/home/sven/ros2_ws/install/my_robot_bringup:/home/sven/ros2_ws/install/my_cpp_pkg:/home/sven/ros2_ws/install/actions_cpp:/home/sven/ros2_ws/install/my_robot_interfaces:/home/sven/ros2_ws/install/my_robot_description:/home/sven/install/my_robot_description:/home/sven/ros2_ws/install/my_py_pkg:/home/sven/ros2_ws/install/actions_py:/opt/ros/humble LD_LIBRARY_PATH=/home/sven/ros2_ws/src/install/my_robot_interfaces/lib:/home/sven/ros2_ws/install/my_robot_interfaces/lib:/usr/lib/x86_64-linux-gnu/gazebo-11/plugins:/opt/ros/humble/opt/rviz_ogre_vendor/lib:/opt/ros/humble/lib/x86_64-linux-gnu:/opt/ros/humble/lib:/usr/share/gazebo/../../lib/x86_64-linux-gnu/gazebo-11/plugins PYTHONPATH=/home/sven/ros2_ws/src/install/my_py_pkg/lib/python3.10/site-packages:/home/sven/ros2_ws/src/install/my_robot_interfaces/local/lib/python3.10/dist-packages:${PYTHONPATH} /usr/bin/cmake --build /home/sven/ros2_ws/src/build/my_robot_bringup -- -j20 -l20
[0.048s] -- Found ament_cmake: 1.3.8 (/opt/ros/humble/share/ament_cmake/cmake)
[0.151s] -- Configuring done
[0.152s] -- Generating done
[0.152s] -- Build files have been written to: /home/sven/ros2_ws/src/build/my_robot_bringup
[0.163s] Invoked command in '/home/sven/ros2_ws/src/build/my_robot_bringup' returned '0': AMENT_PREFIX_PATH=/home/sven/ros2_ws/src/install/my_py_pkg:/home/sven/ros2_ws/src/install/my_cpp_pkg:/home/sven/ros2_ws/src/install/my_robot_interfaces:/home/sven/ros2_ws/src/install/my_robot_description:${AMENT_PREFIX_PATH} CMAKE_PREFIX_PATH=/home/sven/ros2_ws/src/install/my_cpp_pkg:/home/sven/ros2_ws/src/install/my_robot_interfaces:/home/sven/ros2_ws/src/install/my_robot_description:/home/sven/ros2_ws/install/turtlesim_catch_them_all:/home/sven/ros2_ws/install/my_robot_bringup:/home/sven/ros2_ws/install/my_cpp_pkg:/home/sven/ros2_ws/install/actions_cpp:/home/sven/ros2_ws/install/my_robot_interfaces:/home/sven/ros2_ws/install/my_robot_description:/home/sven/install/my_robot_description:/home/sven/ros2_ws/install/my_py_pkg:/home/sven/ros2_ws/install/actions_py:/opt/ros/humble LD_LIBRARY_PATH=/home/sven/ros2_ws/src/install/my_robot_interfaces/lib:/home/sven/ros2_ws/install/my_robot_interfaces/lib:/usr/lib/x86_64-linux-gnu/gazebo-11/plugins:/opt/ros/humble/opt/rviz_ogre_vendor/lib:/opt/ros/humble/lib/x86_64-linux-gnu:/opt/ros/humble/lib:/usr/share/gazebo/../../lib/x86_64-linux-gnu/gazebo-11/plugins PYTHONPATH=/home/sven/ros2_ws/src/install/my_py_pkg/lib/python3.10/site-packages:/home/sven/ros2_ws/src/install/my_robot_interfaces/local/lib/python3.10/dist-packages:${PYTHONPATH} /usr/bin/cmake --build /home/sven/ros2_ws/src/build/my_robot_bringup -- -j20 -l20
[0.176s] Invoking command in '/home/sven/ros2_ws/src/build/my_robot_bringup': AMENT_PREFIX_PATH=/home/sven/ros2_ws/src/install/my_py_pkg:/home/sven/ros2_ws/src/install/my_cpp_pkg:/home/sven/ros2_ws/src/install/my_robot_interfaces:/home/sven/ros2_ws/src/install/my_robot_description:${AMENT_PREFIX_PATH} CMAKE_PREFIX_PATH=/home/sven/ros2_ws/src/install/my_cpp_pkg:/home/sven/ros2_ws/src/install/my_robot_interfaces:/home/sven/ros2_ws/src/install/my_robot_description:/home/sven/ros2_ws/install/turtlesim_catch_them_all:/home/sven/ros2_ws/install/my_robot_bringup:/home/sven/ros2_ws/install/my_cpp_pkg:/home/sven/ros2_ws/install/actions_cpp:/home/sven/ros2_ws/install/my_robot_interfaces:/home/sven/ros2_ws/install/my_robot_description:/home/sven/install/my_robot_description:/home/sven/ros2_ws/install/my_py_pkg:/home/sven/ros2_ws/install/actions_py:/opt/ros/humble LD_LIBRARY_PATH=/home/sven/ros2_ws/src/install/my_robot_interfaces/lib:/home/sven/ros2_ws/install/my_robot_interfaces/lib:/usr/lib/x86_64-linux-gnu/gazebo-11/plugins:/opt/ros/humble/opt/rviz_ogre_vendor/lib:/opt/ros/humble/lib/x86_64-linux-gnu:/opt/ros/humble/lib:/usr/share/gazebo/../../lib/x86_64-linux-gnu/gazebo-11/plugins PYTHONPATH=/home/sven/ros2_ws/src/install/my_py_pkg/lib/python3.10/site-packages:/home/sven/ros2_ws/src/install/my_robot_interfaces/local/lib/python3.10/dist-packages:${PYTHONPATH} /usr/bin/cmake --install /home/sven/ros2_ws/src/build/my_robot_bringup
[0.179s] -- Install configuration: ""
[0.179s] -- Up-to-date: /home/sven/ros2_ws/src/install/my_robot_bringup/share/my_robot_bringup/launch
[0.180s] -- Up-to-date: /home/sven/ros2_ws/src/install/my_robot_bringup/share/my_robot_bringup/launch/turtlesim_catch_them_all.launch.py
[0.180s] -- Installing: /home/sven/ros2_ws/src/install/my_robot_bringup/share/my_robot_bringup/launch/my_robot_gazebo.launch.xml
[0.180s] -- Up-to-date: /home/sven/ros2_ws/src/install/my_robot_bringup/share/my_robot_bringup/launch/number_app.launch.py
[0.180s] -- Up-to-date: /home/sven/ros2_ws/src/install/my_robot_bringup/share/my_robot_bringup/launch/robot_news_app.launch.py
[0.180s] -- Installing: /home/sven/ros2_ws/src/install/my_robot_bringup/share/my_robot_bringup/rviz
[0.180s] -- Installing: /home/sven/ros2_ws/src/install/my_robot_bringup/share/my_robot_bringup/rviz/arm_urdf_config.rviz
[0.180s] -- Installing: /home/sven/ros2_ws/src/install/my_robot_bringup/share/my_robot_bringup/rviz/urdf_config.rviz
[0.180s] -- Installing: /home/sven/ros2_ws/src/install/my_robot_bringup/share/my_robot_bringup/worlds
[0.180s] -- Installing: /home/sven/ros2_ws/src/install/my_robot_bringup/share/my_robot_bringup/worlds/test_world.world
[0.180s] -- Installing: /home/sven/ros2_ws/src/install/my_robot_bringup/share/ament_index/resource_index/package_run_dependencies/my_robot_bringup
[0.180s] -- Installing: /home/sven/ros2_ws/src/install/my_robot_bringup/share/ament_index/resource_index/parent_prefix_path/my_robot_bringup
[0.180s] -- Up-to-date: /home/sven/ros2_ws/src/install/my_robot_bringup/share/my_robot_bringup/environment/ament_prefix_path.sh
[0.180s] -- Installing: /home/sven/ros2_ws/src/install/my_robot_bringup/share/my_robot_bringup/environment/ament_prefix_path.dsv
[0.180s] -- Up-to-date: /home/sven/ros2_ws/src/install/my_robot_bringup/share/my_robot_bringup/environment/path.sh
[0.180s] -- Installing: /home/sven/ros2_ws/src/install/my_robot_bringup/share/my_robot_bringup/environment/path.dsv
[0.180s] -- Up-to-date: /home/sven/ros2_ws/src/install/my_robot_bringup/share/my_robot_bringup/local_setup.bash
[0.180s] -- Up-to-date: /home/sven/ros2_ws/src/install/my_robot_bringup/share/my_robot_bringup/local_setup.sh
[0.181s] -- Up-to-date: /home/sven/ros2_ws/src/install/my_robot_bringup/share/my_robot_bringup/local_setup.zsh
[0.181s] -- Installing: /home/sven/ros2_ws/src/install/my_robot_bringup/share/my_robot_bringup/local_setup.dsv
[0.181s] -- Installing: /home/sven/ros2_ws/src/install/my_robot_bringup/share/my_robot_bringup/package.dsv
[0.181s] -- Up-to-date: /home/sven/ros2_ws/src/install/my_robot_bringup/share/ament_index/resource_index/packages/my_robot_bringup
[0.181s] -- Up-to-date: /home/sven/ros2_ws/src/install/my_robot_bringup/share/my_robot_bringup/cmake/my_robot_bringupConfig.cmake
[0.181s] -- Up-to-date: /home/sven/ros2_ws/src/install/my_robot_bringup/share/my_robot_bringup/cmake/my_robot_bringupConfig-version.cmake
[0.181s] -- Installing: /home/sven/ros2_ws/src/install/my_robot_bringup/share/my_robot_bringup/package.xml
[0.181s] Invoked command in '/home/sven/ros2_ws/src/build/my_robot_bringup' returned '0': AMENT_PREFIX_PATH=/home/sven/ros2_ws/src/install/my_py_pkg:/home/sven/ros2_ws/src/install/my_cpp_pkg:/home/sven/ros2_ws/src/install/my_robot_interfaces:/home/sven/ros2_ws/src/install/my_robot_description:${AMENT_PREFIX_PATH} CMAKE_PREFIX_PATH=/home/sven/ros2_ws/src/install/my_cpp_pkg:/home/sven/ros2_ws/src/install/my_robot_interfaces:/home/sven/ros2_ws/src/install/my_robot_description:/home/sven/ros2_ws/install/turtlesim_catch_them_all:/home/sven/ros2_ws/install/my_robot_bringup:/home/sven/ros2_ws/install/my_cpp_pkg:/home/sven/ros2_ws/install/actions_cpp:/home/sven/ros2_ws/install/my_robot_interfaces:/home/sven/ros2_ws/install/my_robot_description:/home/sven/install/my_robot_description:/home/sven/ros2_ws/install/my_py_pkg:/home/sven/ros2_ws/install/actions_py:/opt/ros/humble LD_LIBRARY_PATH=/home/sven/ros2_ws/src/install/my_robot_interfaces/lib:/home/sven/ros2_ws/install/my_robot_interfaces/lib:/usr/lib/x86_64-linux-gnu/gazebo-11/plugins:/opt/ros/humble/opt/rviz_ogre_vendor/lib:/opt/ros/humble/lib/x86_64-linux-gnu:/opt/ros/humble/lib:/usr/share/gazebo/../../lib/x86_64-linux-gnu/gazebo-11/plugins PYTHONPATH=/home/sven/ros2_ws/src/install/my_py_pkg/lib/python3.10/site-packages:/home/sven/ros2_ws/src/install/my_robot_interfaces/local/lib/python3.10/dist-packages:${PYTHONPATH} /usr/bin/cmake --install /home/sven/ros2_ws/src/build/my_robot_bringup
