[0.032s] Invoking command in '/home/sven/ros2_ws/build/actions_cpp': CMAKE_PREFIX_PATH=/home/sven/ros2_ws/install/my_robot_interfaces:/home/sven/ros2_ws/install/turtlesim_catch_them_all:/home/sven/ros2_ws/install/my_robot_bringup:/home/sven/ros2_ws/install/my_cpp_pkg:/home/sven/ros2_ws/install/actions_cpp:/home/sven/ros2_ws/install/my_robot_description:/home/sven/install/my_robot_description:/home/sven/ros2_ws/install/my_py_pkg:/home/sven/ros2_ws/install/actions_py:/opt/ros/humble LD_LIBRARY_PATH=/home/sven/ros2_ws/install/my_robot_interfaces/lib:/usr/lib/x86_64-linux-gnu/gazebo-11/plugins:/opt/ros/humble/opt/rviz_ogre_vendor/lib:/opt/ros/humble/lib/x86_64-linux-gnu:/opt/ros/humble/lib:/usr/share/gazebo/../../lib/x86_64-linux-gnu/gazebo-11/plugins /usr/bin/cmake --build /home/sven/ros2_ws/build/actions_cpp -- -j20 -l20
[0.054s] [35m[1mConsolidate compiler generated dependencies of target move_robot_client[0m
[0.054s] [35m[1mConsolidate compiler generated dependencies of target move_robot_server[0m
[0.059s] [ 10%] [32mBuilding CXX object CMakeFiles/move_robot_client.dir/src/move_robot_client.cpp.o[0m
[0.061s] [ 60%] Built target count_until_server_queue_goals
[0.061s] [ 60%] Built target count_until_client
[0.061s] [ 60%] [32mBuilding CXX object CMakeFiles/count_until_server.dir/src/count_until_server.cpp.o[0m
[0.062s] [ 70%] [32mBuilding CXX object CMakeFiles/move_robot_server.dir/src/move_robot_server.cpp.o[0m
[1.203s] In file included from [01m[K/usr/include/c++/11/pstl/glue_algorithm_defs.h:13[m[K,
[1.203s]                  from [01m[K/usr/include/c++/11/algorithm:74[m[K,
[1.203s]                  from [01m[K/opt/ros/humble/include/rclcpp/rclcpp/executor.hpp:18[m[K,
[1.203s]                  from [01m[K/opt/ros/humble/include/rclcpp/rclcpp/executors/multi_threaded_executor.hpp:25[m[K,
[1.203s]                  from [01m[K/opt/ros/humble/include/rclcpp/rclcpp/executors.hpp:21[m[K,
[1.203s]                  from [01m[K/opt/ros/humble/include/rclcpp/rclcpp/rclcpp.hpp:155[m[K,
[1.203s]                  from [01m[K/home/sven/ros2_ws/src/actions_cpp/src/move_robot_server.cpp:1[m[K:
[1.203s] /usr/include/c++/11/functional: In instantiation of ‘[01m[Kstruct std::_Bind_check_arity<void (MoveRobotServerNode::*)(), MoveRobotServerNode*, const std::_Placeholder<1>&>[m[K’:
[1.203s] [01m[K/usr/include/c++/11/functional:768:12:[m[K   required from ‘[01m[Kstruct std::_Bind_helper<false, void (MoveRobotServerNode::*)(), MoveRobotServerNode*, const std::_Placeholder<1>&>[m[K’
[1.203s] [01m[K/usr/include/c++/11/functional:789:5:[m[K   required by substitution of ‘[01m[Ktemplate<class _Func, class ... _BoundArgs> typename std::_Bind_helper<std::__is_socketlike<_Func>::value, _Func, _BoundArgs ...>::type std::bind(_Func&&, _BoundArgs&& ...) [with _Func = void (MoveRobotServerNode::*)(); _BoundArgs = {MoveRobotServerNode*, const std::_Placeholder<1>&}][m[K’
[1.203s] [01m[K/home/sven/ros2_ws/src/actions_cpp/src/move_robot_server.cpp:19:22:[m[K   required from here
[1.203s] [01m[K/usr/include/c++/11/functional:756:21:[m[K [01;31m[Kerror: [m[Kstatic assertion failed: Wrong number of arguments for pointer-to-member
[1.203s]   755 |       static_assert(_Varargs::[01;31m[Kvalue[m[K
[1.203s]       |                               [01;31m[K~~~~~[m[K
[1.203s]   756 | [01;31m[K                    ? sizeof...(_BoundArgs) >= _Arity::value + 1[m[K
[1.203s]       |                     [01;31m[K^~~~~~~~~~~~~~~~~~~~~~~~~~~~~~~~~~~~~~~~~~~~[m[K
[1.203s]   757 | [01;31m[K                    : sizeof...(_BoundArgs) == _Arity::value + 1[m[K,
[1.203s]       |                     [01;31m[K~~~~~~~~~~~~~~~~~~~~~~~~~~~~~~~~~~~~~~~~~~~~[m[K
[1.203s] [01m[K/usr/include/c++/11/functional:756:21:[m[K [01;36m[Knote: [m[K‘[01m[K(false ? (2 >= (((long unsigned int)std::integral_constant<long unsigned int, 0>::value) + 1)) : (2 == (((long unsigned int)std::integral_constant<long unsigned int, 0>::value) + 1)))[m[K’ evaluates to false
[1.208s] [01m[K/home/sven/ros2_ws/src/actions_cpp/src/move_robot_server.cpp:[m[K In constructor ‘[01m[KMoveRobotServerNode::MoveRobotServerNode()[m[K’:
[1.209s] [01m[K/home/sven/ros2_ws/src/actions_cpp/src/move_robot_server.cpp:14:69:[m[K [01;31m[Kerror: [m[Kno matching function for call to ‘[01m[Kcreate_server<MoveRobot>(MoveRobotServerNode*, const char [11], std::_Bind_helper<false, rclcpp_action::GoalResponse (MoveRobotServerNode::*)(const std::array<unsigned char, 16>&, std::shared_ptr<const my_robot_interfaces::action::MoveRobot_Goal_<std::allocator<void> > >), MoveRobotServerNode*, const std::_Placeholder<1>&, const std::_Placeholder<2>&>::type, std::_Bind_helper<false, rclcpp_action::CancelResponse (MoveRobotServerNode::*)(std::shared_ptr<rclcpp_action::ServerGoalHandle<my_robot_interfaces::action::MoveRobot> >), MoveRobotServerNode*, const std::_Placeholder<1>&>::type, std::_Bind_helper<false, void (MoveRobotServerNode::*)(), MoveRobotServerNode*, const std::_Placeholder<1>&>::type)[m[K’
[1.209s]    14 |         move_robot_server_ = [01;31m[Krclcpp_action::create_server<MoveRobot>([m[K
[1.209s]       |                              [01;31m[K~~~~~~~~~~~~~~~~~~~~~~~~~~~~~~~~~~~~~~~^[m[K
[1.209s]    15 | [01;31m[K            this,[m[K
[1.209s]       |             [01;31m[K~~~~~[m[K                                                    
[1.209s]    16 | [01;31m[K            "move_robot",[m[K
[1.209s]       |             [01;31m[K~~~~~~~~~~~~~[m[K                                            
[1.209s]    17 | [01;31m[K            std::bind(&MoveRobotServerNode::goal_callback, this, _1, _2),[m[K
[1.209s]       |             [01;31m[K~~~~~~~~~~~~~~~~~~~~~~~~~~~~~~~~~~~~~~~~~~~~~~~~~~~~~~~~~~~~~[m[K
[1.209s]    18 | [01;31m[K            std::bind(&MoveRobotServerNode::cancel_callback, this, _1),[m[K
[1.209s]       |             [01;31m[K~~~~~~~~~~~~~~~~~~~~~~~~~~~~~~~~~~~~~~~~~~~~~~~~~~~~~~~~~~~[m[K
[1.209s]    19 | [01;31m[K            std::bind(&MoveRobotServerNode::handle_accepted_callback, this, _1))[m[K;
[1.209s]       |             [01;31m[K~~~~~~~~~~~~~~~~~~~~~~~~~~~~~~~~~~~~~~~~~~~~~~~~~~~~~~~~~~~~~~~~~~~~[m[K
[1.209s] In file included from [01m[K/opt/ros/humble/include/rclcpp_action/rclcpp_action/rclcpp_action.hpp:39[m[K,
[1.209s]                  from [01m[K/home/sven/ros2_ws/src/actions_cpp/src/move_robot_server.cpp:2[m[K:
[1.209s] [01m[K/opt/ros/humble/include/rclcpp_action/rclcpp_action/create_server.hpp:58:1:[m[K [01;36m[Knote: [m[Kcandidate: ‘[01m[Ktypename rclcpp_action::Server<ActionT>::SharedPtr rclcpp_action::create_server(rclcpp::node_interfaces::NodeBaseInterface::SharedPtr, rclcpp::node_interfaces::NodeClockInterface::SharedPtr, rclcpp::node_interfaces::NodeLoggingInterface::SharedPtr, rclcpp::node_interfaces::NodeWaitablesInterface::SharedPtr, const string&, typename rclcpp_action::Server<ActionT>::GoalCallback, typename rclcpp_action::Server<ActionT>::CancelCallback, typename rclcpp_action::Server<ActionT>::AcceptedCallback, const rcl_action_server_options_t&, rclcpp::CallbackGroup::SharedPtr) [with ActionT = my_robot_interfaces::action::MoveRobot; typename rclcpp_action::Server<ActionT>::SharedPtr = std::shared_ptr<rclcpp_action::Server<my_robot_interfaces::action::MoveRobot> >; rclcpp::node_interfaces::NodeBaseInterface::SharedPtr = std::shared_ptr<rclcpp::node_interfaces::NodeBaseInterface>; rclcpp::node_interfaces::NodeClockInterface::SharedPtr = std::shared_ptr<rclcpp::node_interfaces::NodeClockInterface>; rclcpp::node_interfaces::NodeLoggingInterface::SharedPtr = std::shared_ptr<rclcpp::node_interfaces::NodeLoggingInterface>; rclcpp::node_interfaces::NodeWaitablesInterface::SharedPtr = std::shared_ptr<rclcpp::node_interfaces::NodeWaitablesInterface>; std::string = std::__cxx11::basic_string<char>; typename rclcpp_action::Server<ActionT>::GoalCallback = std::function<rclcpp_action::GoalResponse(const std::array<unsigned char, 16>&, std::shared_ptr<const my_robot_interfaces::action::MoveRobot_Goal_<std::allocator<void> > >)>; typename rclcpp_action::Server<ActionT>::CancelCallback = std::function<rclcpp_action::CancelResponse(std::shared_ptr<rclcpp_action::ServerGoalHandle<my_robot_interfaces::action::MoveRobot> >)>; typename rclcpp_action::Server<ActionT>::AcceptedCallback = std::function<void(std::shared_ptr<rclcpp_action::ServerGoalHandle<my_robot_interfaces::action::MoveRobot> >)>; rcl_action_server_options_t = rcl_action_server_options_s; rclcpp::CallbackGroup::SharedPtr = std::shared_ptr<rclcpp::CallbackGroup>][m[K’
[1.209s]    58 | [01;36m[Kcreate_server[m[K(
[1.209s]       | [01;36m[K^~~~~~~~~~~~~[m[K
[1.209s] [01m[K/opt/ros/humble/include/rclcpp_action/rclcpp_action/create_server.hpp:58:1:[m[K [01;36m[Knote: [m[K  candidate expects 10 arguments, 5 provided
[1.209s] [01m[K/opt/ros/humble/include/rclcpp_action/rclcpp_action/create_server.hpp:132:1:[m[K [01;36m[Knote: [m[Kcandidate: ‘[01m[Ktemplate<class ActionT, class NodeT> typename rclcpp_action::Server<ActionT>::SharedPtr rclcpp_action::create_server(NodeT, const string&, typename rclcpp_action::Server<ActionT>::GoalCallback, typename rclcpp_action::Server<ActionT>::CancelCallback, typename rclcpp_action::Server<ActionT>::AcceptedCallback, const rcl_action_server_options_t&, rclcpp::CallbackGroup::SharedPtr)[m[K’
[1.209s]   132 | [01;36m[Kcreate_server[m[K(
[1.210s]       | [01;36m[K^~~~~~~~~~~~~[m[K
[1.210s] [01m[K/opt/ros/humble/include/rclcpp_action/rclcpp_action/create_server.hpp:132:1:[m[K [01;36m[Knote: [m[K  template argument deduction/substitution failed:
[1.210s] [01m[K/home/sven/ros2_ws/src/actions_cpp/src/move_robot_server.cpp:19:22:[m[K [01;36m[Knote: [m[K  cannot convert ‘[01m[Kstd::bind(_Func&&, _BoundArgs&& ...) [with _Func = void (MoveRobotServerNode::*)(); _BoundArgs = {MoveRobotServerNode*, const std::_Placeholder<1>&}; typename std::_Bind_helper<std::__is_socketlike<_Func>::value, _Func, _BoundArgs ...>::type = std::_Bind_helper<false, void (MoveRobotServerNode::*)(), MoveRobotServerNode*, const std::_Placeholder<1>&>::type; std::__is_socketlike<_Func> = std::__is_socketlike<void (MoveRobotServerNode::*)(), void (MoveRobotServerNode::*)()>; typename std::decay<_Tp>::type = void (MoveRobotServerNode::*)()](((MoveRobotServerNode*)this), std::placeholders::_1)[m[K’ (type ‘[01m[Kstd::_Bind_helper<false, void (MoveRobotServerNode::*)(), MoveRobotServerNode*, const std::_Placeholder<1>&>::type[m[K’) to type ‘[01m[Krclcpp_action::Server<my_robot_interfaces::action::MoveRobot>::AcceptedCallback[m[K’ {aka ‘[01m[Kstd::function<void(std::shared_ptr<rclcpp_action::ServerGoalHandle<my_robot_interfaces::action::MoveRobot> >)>[m[K’}
[1.210s]    19 |             [01;36m[Kstd::bind(&MoveRobotServerNode::handle_accepted_callback, this, _1)[m[K);
[1.210s]       |             [01;36m[K~~~~~~~~~^~~~~~~~~~~~~~~~~~~~~~~~~~~~~~~~~~~~~~~~~~~~~~~~~~~~~~~~~~[m[K
[1.210s] [01m[K/home/sven/ros2_ws/src/actions_cpp/src/move_robot_server.cpp:[m[K In member function ‘[01m[Krclcpp_action::CancelResponse MoveRobotServerNode::cancel_callback(std::shared_ptr<rclcpp_action::ServerGoalHandle<my_robot_interfaces::action::MoveRobot> >)[m[K’:
[1.210s] [01m[K/home/sven/ros2_ws/src/actions_cpp/src/move_robot_server.cpp:36:94:[m[K [01;35m[Kwarning: [m[Kunused parameter ‘[01m[Kgoal_handle[m[K’ [[01;35m[K]8;;https://gcc.gnu.org/onlinedocs/gcc/Warning-Options.html#index-Wunused-parameter-Wunused-parameter]8;;[m[K]
[1.210s]    36 |     rclcpp_action::CancelResponse cancel_callback([01;35m[Kconst std::shared_ptr<MoveRobotGoalHandle> goal_handle[m[K)
[1.210s]       |                                                   [01;35m[K~~~~~~~~~~~~~~~~~~~~~~~~~~~~~~~~~~~~~~~~~~~^~~~~~~~~~~[m[K
[1.210s] [01m[K/home/sven/ros2_ws/src/actions_cpp/src/move_robot_server.cpp:[m[K In member function ‘[01m[Kvoid MoveRobotServerNode::execute_goal(std::shared_ptr<rclcpp_action::ServerGoalHandle<my_robot_interfaces::action::MoveRobot> >)[m[K’:
[1.210s] [01m[K/home/sven/ros2_ws/src/actions_cpp/src/move_robot_server.cpp:51:66:[m[K [01;35m[Kwarning: [m[Kunused parameter ‘[01m[Kgoal_handle[m[K’ [[01;35m[K]8;;https://gcc.gnu.org/onlinedocs/gcc/Warning-Options.html#index-Wunused-parameter-Wunused-parameter]8;;[m[K]
[1.210s]    51 |     void execute_goal([01;35m[Kconst std::shared_ptr<MoveRobotGoalHandle> goal_handle[m[K)
[1.210s]       |                       [01;35m[K~~~~~~~~~~~~~~~~~~~~~~~~~~~~~~~~~~~~~~~~~~~^~~~~~~~~~~[m[K
[1.447s] gmake[2]: *** [CMakeFiles/move_robot_server.dir/build.make:76: CMakeFiles/move_robot_server.dir/src/move_robot_server.cpp.o] Error 1
[1.448s] gmake[1]: *** [CMakeFiles/Makefile2:223: CMakeFiles/move_robot_server.dir/all] Error 2
[1.448s] gmake[1]: *** Waiting for unfinished jobs....
[1.835s] [ 80%] [32m[1mLinking CXX executable count_until_server[0m
[1.836s] [ 90%] [32m[1mLinking CXX executable move_robot_client[0m
[1.911s] [ 90%] Built target count_until_server
[1.913s] [ 90%] Built target move_robot_client
[1.914s] gmake: *** [Makefile:146: all] Error 2
[1.915s] Invoked command in '/home/sven/ros2_ws/build/actions_cpp' returned '2': CMAKE_PREFIX_PATH=/home/sven/ros2_ws/install/my_robot_interfaces:/home/sven/ros2_ws/install/turtlesim_catch_them_all:/home/sven/ros2_ws/install/my_robot_bringup:/home/sven/ros2_ws/install/my_cpp_pkg:/home/sven/ros2_ws/install/actions_cpp:/home/sven/ros2_ws/install/my_robot_description:/home/sven/install/my_robot_description:/home/sven/ros2_ws/install/my_py_pkg:/home/sven/ros2_ws/install/actions_py:/opt/ros/humble LD_LIBRARY_PATH=/home/sven/ros2_ws/install/my_robot_interfaces/lib:/usr/lib/x86_64-linux-gnu/gazebo-11/plugins:/opt/ros/humble/opt/rviz_ogre_vendor/lib:/opt/ros/humble/lib/x86_64-linux-gnu:/opt/ros/humble/lib:/usr/share/gazebo/../../lib/x86_64-linux-gnu/gazebo-11/plugins /usr/bin/cmake --build /home/sven/ros2_ws/build/actions_cpp -- -j20 -l20
