running egg_info
writing ../../build/lifecycle_py/lifecycle_py.egg-info/PKG-INFO
writing dependency_links to ../../build/lifecycle_py/lifecycle_py.egg-info/dependency_links.txt
writing entry points to ../../build/lifecycle_py/lifecycle_py.egg-info/entry_points.txt
writing requirements to ../../build/lifecycle_py/lifecycle_py.egg-info/requires.txt
writing top-level names to ../../build/lifecycle_py/lifecycle_py.egg-info/top_level.txt
reading manifest file '../../build/lifecycle_py/lifecycle_py.egg-info/SOURCES.txt'
writing manifest file '../../build/lifecycle_py/lifecycle_py.egg-info/SOURCES.txt'
running build
running build_py
running install
running install_lib
running install_data
running install_egg_info
removing '/home/sven/ros2_ws/install/lifecycle_py/lib/python3.10/site-packages/lifecycle_py-0.0.0-py3.10.egg-info' (and everything under it)
Copying ../../build/lifecycle_py/lifecycle_py.egg-info to /home/sven/ros2_ws/install/lifecycle_py/lib/python3.10/site-packages/lifecycle_py-0.0.0-py3.10.egg-info
running install_scripts
Installing lifecycle_node_manager script to /home/sven/ros2_ws/install/lifecycle_py/lib/lifecycle_py
Installing number_publisher script to /home/sven/ros2_ws/install/lifecycle_py/lib/lifecycle_py
writing list of installed files to '/home/sven/ros2_ws/build/lifecycle_py/install.log'
