[35m[1mConsolidate compiler generated dependencies of target turtle_spawner[0m
[ 25%] [32mBuilding CXX object CMakeFiles/turtle_controller.dir/src/turtle_controller_node.cpp.o[0m
[ 75%] Built target turtle_spawner
In file included from [01m[K/opt/ros/humble/include/rclcpp/rclcpp/logging.hpp:24[m[K,
                 from [01m[K/opt/ros/humble/include/rclcpp/rclcpp/client.hpp:40[m[K,
                 from [01m[K/opt/ros/humble/include/rclcpp/rclcpp/callback_group.hpp:24[m[K,
                 from [01m[K/opt/ros/humble/include/rclcpp/rclcpp/any_executable.hpp:20[m[K,
                 from [01m[K/opt/ros/humble/include/rclcpp/rclcpp/memory_strategy.hpp:25[m[K,
                 from [01m[K/opt/ros/humble/include/rclcpp/rclcpp/memory_strategies.hpp:18[m[K,
                 from [01m[K/opt/ros/humble/include/rclcpp/rclcpp/executor_options.hpp:20[m[K,
                 from [01m[K/opt/ros/humble/include/rclcpp/rclcpp/executor.hpp:37[m[K,
                 from [01m[K/opt/ros/humble/include/rclcpp/rclcpp/executors/multi_threaded_executor.hpp:25[m[K,
                 from [01m[K/opt/ros/humble/include/rclcpp/rclcpp/executors.hpp:21[m[K,
                 from [01m[K/opt/ros/humble/include/rclcpp/rclcpp/rclcpp.hpp:155[m[K,
                 from [01m[K/home/cleanseasolutions/ros2_ws/src/turtlesim_catch_them_all/src/turtle_controller_node.cpp:1[m[K:
[01m[K/home/cleanseasolutions/ros2_ws/src/turtlesim_catch_them_all/src/turtle_controller_node.cpp:[m[K In member function ‘[01m[Kstd::pair<int, int> TurtleControllerNode::callbackFindNextTarget(my_robot_interfaces::msg::TurtleArray_<std::allocator<void> >::SharedPtr)[m[K’:
[01m[K/home/cleanseasolutions/ros2_ws/src/turtlesim_catch_them_all/src/turtle_controller_node.cpp:85:49:[m[K [01;35m[Kwarning: [m[Kformat ‘[01m[K%f[m[K’ expects argument of type ‘[01m[Kdouble[m[K’, but argument 6 has type ‘[01m[Kint[m[K’ [[01;35m[K]8;;https://gcc.gnu.org/onlinedocs/gcc/Warning-Options.html#index-Wformat=-Wformat=]8;;[m[K]
   85 |                 RCLCPP_INFO(this->get_logger(), [01;35m[K"%s is the closest target. Position: (%f, %f). Distance: %f"[m[K, name.c_str(), [32m[Kx[m[K, y, distance_to_closest_turtle); //TODO: Replace msg->name with the closest turtle's name
      |                                                 [01;35m[K^~~~~~~~~~~~~~~~~~~~~~~~~~~~~~~~~~~~~~~~~~~~~~~~~~~~~~~~~~~~[m[K                [32m[K~[m[K
      |                                                                                                                             [32m[K|[m[K
      |                                                                                                                             [32m[Kint[m[K
[01m[K/home/cleanseasolutions/ros2_ws/src/turtlesim_catch_them_all/src/turtle_controller_node.cpp:85:88:[m[K [01;36m[Knote: [m[Kformat string is defined here
   85 |              RCLCPP_INFO(this->get_logger(), "%s is the closest target. Position: ([01;36m[K%f[m[K, %f). Distance: %f", name.c_str(), x, y, distance_to_closest_turtle); //TODO: Replace msg->name with the closest turtle's name
      |                                                                                    [01;36m[K~^[m[K
      |                                                                                     [01;36m[K|[m[K
      |                                                                                     [01;36m[Kdouble[m[K
      |                                                                                    [32m[K%d[m[K
In file included from [01m[K/opt/ros/humble/include/rclcpp/rclcpp/logging.hpp:24[m[K,
                 from [01m[K/opt/ros/humble/include/rclcpp/rclcpp/client.hpp:40[m[K,
                 from [01m[K/opt/ros/humble/include/rclcpp/rclcpp/callback_group.hpp:24[m[K,
                 from [01m[K/opt/ros/humble/include/rclcpp/rclcpp/any_executable.hpp:20[m[K,
                 from [01m[K/opt/ros/humble/include/rclcpp/rclcpp/memory_strategy.hpp:25[m[K,
                 from [01m[K/opt/ros/humble/include/rclcpp/rclcpp/memory_strategies.hpp:18[m[K,
                 from [01m[K/opt/ros/humble/include/rclcpp/rclcpp/executor_options.hpp:20[m[K,
                 from [01m[K/opt/ros/humble/include/rclcpp/rclcpp/executor.hpp:37[m[K,
                 from [01m[K/opt/ros/humble/include/rclcpp/rclcpp/executors/multi_threaded_executor.hpp:25[m[K,
                 from [01m[K/opt/ros/humble/include/rclcpp/rclcpp/executors.hpp:21[m[K,
                 from [01m[K/opt/ros/humble/include/rclcpp/rclcpp/rclcpp.hpp:155[m[K,
                 from [01m[K/home/cleanseasolutions/ros2_ws/src/turtlesim_catch_them_all/src/turtle_controller_node.cpp:1[m[K:
[01m[K/home/cleanseasolutions/ros2_ws/src/turtlesim_catch_them_all/src/turtle_controller_node.cpp:85:49:[m[K [01;35m[Kwarning: [m[Kformat ‘[01m[K%f[m[K’ expects argument of type ‘[01m[Kdouble[m[K’, but argument 7 has type ‘[01m[Kint[m[K’ [[01;35m[K]8;;https://gcc.gnu.org/onlinedocs/gcc/Warning-Options.html#index-Wformat=-Wformat=]8;;[m[K]
   85 |                 RCLCPP_INFO(this->get_logger(), [01;35m[K"%s is the closest target. Position: (%f, %f). Distance: %f"[m[K, name.c_str(), x, [32m[Ky[m[K, distance_to_closest_turtle); //TODO: Replace msg->name with the closest turtle's name
      |                                                 [01;35m[K^~~~~~~~~~~~~~~~~~~~~~~~~~~~~~~~~~~~~~~~~~~~~~~~~~~~~~~~~~~~[m[K                   [32m[K~[m[K
      |                                                                                                                                [32m[K|[m[K
      |                                                                                                                                [32m[Kint[m[K
[01m[K/home/cleanseasolutions/ros2_ws/src/turtlesim_catch_them_all/src/turtle_controller_node.cpp:85:92:[m[K [01;36m[Knote: [m[Kformat string is defined here
   85 |          RCLCPP_INFO(this->get_logger(), "%s is the closest target. Position: (%f, [01;36m[K%f[m[K). Distance: %f", name.c_str(), x, y, distance_to_closest_turtle); //TODO: Replace msg->name with the closest turtle's name
      |                                                                                    [01;36m[K~^[m[K
      |                                                                                     [01;36m[K|[m[K
      |                                                                                     [01;36m[Kdouble[m[K
      |                                                                                    [32m[K%d[m[K
[100%] [32m[1mLinking CXX executable turtle_controller[0m
[100%] Built target turtle_controller
-- Install configuration: ""
-- Installing: /home/cleanseasolutions/ros2_ws/install/turtlesim_catch_them_all/lib/turtlesim_catch_them_all/turtle_controller
-- Set runtime path of "/home/cleanseasolutions/ros2_ws/install/turtlesim_catch_them_all/lib/turtlesim_catch_them_all/turtle_controller" to ""
-- Up-to-date: /home/cleanseasolutions/ros2_ws/install/turtlesim_catch_them_all/lib/turtlesim_catch_them_all/turtle_spawner
-- Up-to-date: /home/cleanseasolutions/ros2_ws/install/turtlesim_catch_them_all/share/ament_index/resource_index/package_run_dependencies/turtlesim_catch_them_all
-- Up-to-date: /home/cleanseasolutions/ros2_ws/install/turtlesim_catch_them_all/share/ament_index/resource_index/parent_prefix_path/turtlesim_catch_them_all
-- Up-to-date: /home/cleanseasolutions/ros2_ws/install/turtlesim_catch_them_all/share/turtlesim_catch_them_all/environment/ament_prefix_path.sh
-- Up-to-date: /home/cleanseasolutions/ros2_ws/install/turtlesim_catch_them_all/share/turtlesim_catch_them_all/environment/ament_prefix_path.dsv
-- Up-to-date: /home/cleanseasolutions/ros2_ws/install/turtlesim_catch_them_all/share/turtlesim_catch_them_all/environment/path.sh
-- Up-to-date: /home/cleanseasolutions/ros2_ws/install/turtlesim_catch_them_all/share/turtlesim_catch_them_all/environment/path.dsv
-- Up-to-date: /home/cleanseasolutions/ros2_ws/install/turtlesim_catch_them_all/share/turtlesim_catch_them_all/local_setup.bash
-- Up-to-date: /home/cleanseasolutions/ros2_ws/install/turtlesim_catch_them_all/share/turtlesim_catch_them_all/local_setup.sh
-- Up-to-date: /home/cleanseasolutions/ros2_ws/install/turtlesim_catch_them_all/share/turtlesim_catch_them_all/local_setup.zsh
-- Up-to-date: /home/cleanseasolutions/ros2_ws/install/turtlesim_catch_them_all/share/turtlesim_catch_them_all/local_setup.dsv
-- Installing: /home/cleanseasolutions/ros2_ws/install/turtlesim_catch_them_all/share/turtlesim_catch_them_all/package.dsv
-- Up-to-date: /home/cleanseasolutions/ros2_ws/install/turtlesim_catch_them_all/share/ament_index/resource_index/packages/turtlesim_catch_them_all
-- Up-to-date: /home/cleanseasolutions/ros2_ws/install/turtlesim_catch_them_all/share/turtlesim_catch_them_all/cmake/turtlesim_catch_them_allConfig.cmake
-- Up-to-date: /home/cleanseasolutions/ros2_ws/install/turtlesim_catch_them_all/share/turtlesim_catch_them_all/cmake/turtlesim_catch_them_allConfig-version.cmake
-- Up-to-date: /home/cleanseasolutions/ros2_ws/install/turtlesim_catch_them_all/share/turtlesim_catch_them_all/package.xml
