[0.031s] Invoking command in '/home/cleanseasolutions/ros2_ws/build/turtlesim_catch_them_all': CMAKE_PREFIX_PATH=/home/cleanseasolutions/ros2_ws/install/my_robot_interfaces:/home/cleanseasolutions/ros2_ws/install/turtlesim_catch_them_all:/home/cleanseasolutions/ros2_ws/install/my_robot_bringup:/home/cleanseasolutions/ros2_ws/install/my_cpp_pkg:/home/cleanseasolutions/ros2_ws/install/my_py_pkg:/opt/ros/humble /usr/bin/cmake --build /home/cleanseasolutions/ros2_ws/build/turtlesim_catch_them_all -- -j16 -l16
[0.056s] [35m[1mConsolidate compiler generated dependencies of target turtle_spawner[0m
[0.063s] [ 25%] [32mBuilding CXX object CMakeFiles/turtle_controller.dir/src/turtle_controller_node.cpp.o[0m
[0.064s] [ 75%] Built target turtle_spawner
[1.414s] In file included from [01m[K/opt/ros/humble/include/rclcpp/rclcpp/logging.hpp:24[m[K,
[1.414s]                  from [01m[K/opt/ros/humble/include/rclcpp/rclcpp/client.hpp:40[m[K,
[1.414s]                  from [01m[K/opt/ros/humble/include/rclcpp/rclcpp/callback_group.hpp:24[m[K,
[1.414s]                  from [01m[K/opt/ros/humble/include/rclcpp/rclcpp/any_executable.hpp:20[m[K,
[1.414s]                  from [01m[K/opt/ros/humble/include/rclcpp/rclcpp/memory_strategy.hpp:25[m[K,
[1.414s]                  from [01m[K/opt/ros/humble/include/rclcpp/rclcpp/memory_strategies.hpp:18[m[K,
[1.414s]                  from [01m[K/opt/ros/humble/include/rclcpp/rclcpp/executor_options.hpp:20[m[K,
[1.414s]                  from [01m[K/opt/ros/humble/include/rclcpp/rclcpp/executor.hpp:37[m[K,
[1.414s]                  from [01m[K/opt/ros/humble/include/rclcpp/rclcpp/executors/multi_threaded_executor.hpp:25[m[K,
[1.414s]                  from [01m[K/opt/ros/humble/include/rclcpp/rclcpp/executors.hpp:21[m[K,
[1.414s]                  from [01m[K/opt/ros/humble/include/rclcpp/rclcpp/rclcpp.hpp:155[m[K,
[1.414s]                  from [01m[K/home/cleanseasolutions/ros2_ws/src/turtlesim_catch_them_all/src/turtle_controller_node.cpp:1[m[K:
[1.414s] [01m[K/home/cleanseasolutions/ros2_ws/src/turtlesim_catch_them_all/src/turtle_controller_node.cpp:[m[K In member function ‘[01m[Kstd::pair<int, int> TurtleControllerNode::callbackFindNextTarget(my_robot_interfaces::msg::TurtleArray_<std::allocator<void> >::SharedPtr)[m[K’:
[1.414s] [01m[K/home/cleanseasolutions/ros2_ws/src/turtlesim_catch_them_all/src/turtle_controller_node.cpp:85:49:[m[K [01;35m[Kwarning: [m[Kformat ‘[01m[K%f[m[K’ expects argument of type ‘[01m[Kdouble[m[K’, but argument 6 has type ‘[01m[Kint[m[K’ [[01;35m[K]8;;https://gcc.gnu.org/onlinedocs/gcc/Warning-Options.html#index-Wformat=-Wformat=]8;;[m[K]
[1.414s]    85 |                 RCLCPP_INFO(this->get_logger(), [01;35m[K"%s is the closest target. Position: (%f, %f). Distance: %f"[m[K, name.c_str(), [32m[Kx[m[K, y, distance_to_closest_turtle); //TODO: Replace msg->name with the closest turtle's name
[1.414s]       |                                                 [01;35m[K^~~~~~~~~~~~~~~~~~~~~~~~~~~~~~~~~~~~~~~~~~~~~~~~~~~~~~~~~~~~[m[K                [32m[K~[m[K
[1.414s]       |                                                                                                                             [32m[K|[m[K
[1.414s]       |                                                                                                                             [32m[Kint[m[K
[1.414s] [01m[K/home/cleanseasolutions/ros2_ws/src/turtlesim_catch_them_all/src/turtle_controller_node.cpp:85:88:[m[K [01;36m[Knote: [m[Kformat string is defined here
[1.414s]    85 |              RCLCPP_INFO(this->get_logger(), "%s is the closest target. Position: ([01;36m[K%f[m[K, %f). Distance: %f", name.c_str(), x, y, distance_to_closest_turtle); //TODO: Replace msg->name with the closest turtle's name
[1.414s]       |                                                                                    [01;36m[K~^[m[K
[1.414s]       |                                                                                     [01;36m[K|[m[K
[1.414s]       |                                                                                     [01;36m[Kdouble[m[K
[1.414s]       |                                                                                    [32m[K%d[m[K
[1.414s] In file included from [01m[K/opt/ros/humble/include/rclcpp/rclcpp/logging.hpp:24[m[K,
[1.414s]                  from [01m[K/opt/ros/humble/include/rclcpp/rclcpp/client.hpp:40[m[K,
[1.414s]                  from [01m[K/opt/ros/humble/include/rclcpp/rclcpp/callback_group.hpp:24[m[K,
[1.414s]                  from [01m[K/opt/ros/humble/include/rclcpp/rclcpp/any_executable.hpp:20[m[K,
[1.414s]                  from [01m[K/opt/ros/humble/include/rclcpp/rclcpp/memory_strategy.hpp:25[m[K,
[1.414s]                  from [01m[K/opt/ros/humble/include/rclcpp/rclcpp/memory_strategies.hpp:18[m[K,
[1.414s]                  from [01m[K/opt/ros/humble/include/rclcpp/rclcpp/executor_options.hpp:20[m[K,
[1.414s]                  from [01m[K/opt/ros/humble/include/rclcpp/rclcpp/executor.hpp:37[m[K,
[1.414s]                  from [01m[K/opt/ros/humble/include/rclcpp/rclcpp/executors/multi_threaded_executor.hpp:25[m[K,
[1.414s]                  from [01m[K/opt/ros/humble/include/rclcpp/rclcpp/executors.hpp:21[m[K,
[1.414s]                  from [01m[K/opt/ros/humble/include/rclcpp/rclcpp/rclcpp.hpp:155[m[K,
[1.414s]                  from [01m[K/home/cleanseasolutions/ros2_ws/src/turtlesim_catch_them_all/src/turtle_controller_node.cpp:1[m[K:
[1.415s] [01m[K/home/cleanseasolutions/ros2_ws/src/turtlesim_catch_them_all/src/turtle_controller_node.cpp:85:49:[m[K [01;35m[Kwarning: [m[Kformat ‘[01m[K%f[m[K’ expects argument of type ‘[01m[Kdouble[m[K’, but argument 7 has type ‘[01m[Kint[m[K’ [[01;35m[K]8;;https://gcc.gnu.org/onlinedocs/gcc/Warning-Options.html#index-Wformat=-Wformat=]8;;[m[K]
[1.415s]    85 |                 RCLCPP_INFO(this->get_logger(), [01;35m[K"%s is the closest target. Position: (%f, %f). Distance: %f"[m[K, name.c_str(), x, [32m[Ky[m[K, distance_to_closest_turtle); //TODO: Replace msg->name with the closest turtle's name
[1.415s]       |                                                 [01;35m[K^~~~~~~~~~~~~~~~~~~~~~~~~~~~~~~~~~~~~~~~~~~~~~~~~~~~~~~~~~~~[m[K                   [32m[K~[m[K
[1.415s]       |                                                                                                                                [32m[K|[m[K
[1.415s]       |                                                                                                                                [32m[Kint[m[K
[1.415s] [01m[K/home/cleanseasolutions/ros2_ws/src/turtlesim_catch_them_all/src/turtle_controller_node.cpp:85:92:[m[K [01;36m[Knote: [m[Kformat string is defined here
[1.415s]    85 |          RCLCPP_INFO(this->get_logger(), "%s is the closest target. Position: (%f, [01;36m[K%f[m[K). Distance: %f", name.c_str(), x, y, distance_to_closest_turtle); //TODO: Replace msg->name with the closest turtle's name
[1.415s]       |                                                                                    [01;36m[K~^[m[K
[1.415s]       |                                                                                     [01;36m[K|[m[K
[1.415s]       |                                                                                     [01;36m[Kdouble[m[K
[1.415s]       |                                                                                    [32m[K%d[m[K
[5.568s] [100%] [32m[1mLinking CXX executable turtle_controller[0m
[5.850s] [100%] Built target turtle_controller
[5.859s] Invoked command in '/home/cleanseasolutions/ros2_ws/build/turtlesim_catch_them_all' returned '0': CMAKE_PREFIX_PATH=/home/cleanseasolutions/ros2_ws/install/my_robot_interfaces:/home/cleanseasolutions/ros2_ws/install/turtlesim_catch_them_all:/home/cleanseasolutions/ros2_ws/install/my_robot_bringup:/home/cleanseasolutions/ros2_ws/install/my_cpp_pkg:/home/cleanseasolutions/ros2_ws/install/my_py_pkg:/opt/ros/humble /usr/bin/cmake --build /home/cleanseasolutions/ros2_ws/build/turtlesim_catch_them_all -- -j16 -l16
[5.883s] Invoking command in '/home/cleanseasolutions/ros2_ws/build/turtlesim_catch_them_all': CMAKE_PREFIX_PATH=/home/cleanseasolutions/ros2_ws/install/my_robot_interfaces:/home/cleanseasolutions/ros2_ws/install/turtlesim_catch_them_all:/home/cleanseasolutions/ros2_ws/install/my_robot_bringup:/home/cleanseasolutions/ros2_ws/install/my_cpp_pkg:/home/cleanseasolutions/ros2_ws/install/my_py_pkg:/opt/ros/humble /usr/bin/cmake --install /home/cleanseasolutions/ros2_ws/build/turtlesim_catch_them_all
[5.887s] -- Install configuration: ""
[5.887s] -- Installing: /home/cleanseasolutions/ros2_ws/install/turtlesim_catch_them_all/lib/turtlesim_catch_them_all/turtle_controller
[5.890s] -- Set runtime path of "/home/cleanseasolutions/ros2_ws/install/turtlesim_catch_them_all/lib/turtlesim_catch_them_all/turtle_controller" to ""
[5.890s] -- Up-to-date: /home/cleanseasolutions/ros2_ws/install/turtlesim_catch_them_all/lib/turtlesim_catch_them_all/turtle_spawner
[5.890s] -- Up-to-date: /home/cleanseasolutions/ros2_ws/install/turtlesim_catch_them_all/share/ament_index/resource_index/package_run_dependencies/turtlesim_catch_them_all
[5.890s] -- Up-to-date: /home/cleanseasolutions/ros2_ws/install/turtlesim_catch_them_all/share/ament_index/resource_index/parent_prefix_path/turtlesim_catch_them_all
[5.890s] -- Up-to-date: /home/cleanseasolutions/ros2_ws/install/turtlesim_catch_them_all/share/turtlesim_catch_them_all/environment/ament_prefix_path.sh
[5.890s] -- Up-to-date: /home/cleanseasolutions/ros2_ws/install/turtlesim_catch_them_all/share/turtlesim_catch_them_all/environment/ament_prefix_path.dsv
[5.890s] -- Up-to-date: /home/cleanseasolutions/ros2_ws/install/turtlesim_catch_them_all/share/turtlesim_catch_them_all/environment/path.sh
[5.891s] -- Up-to-date: /home/cleanseasolutions/ros2_ws/install/turtlesim_catch_them_all/share/turtlesim_catch_them_all/environment/path.dsv
[5.891s] -- Up-to-date: /home/cleanseasolutions/ros2_ws/install/turtlesim_catch_them_all/share/turtlesim_catch_them_all/local_setup.bash
[5.891s] -- Up-to-date: /home/cleanseasolutions/ros2_ws/install/turtlesim_catch_them_all/share/turtlesim_catch_them_all/local_setup.sh
[5.891s] -- Up-to-date: /home/cleanseasolutions/ros2_ws/install/turtlesim_catch_them_all/share/turtlesim_catch_them_all/local_setup.zsh
[5.891s] -- Up-to-date: /home/cleanseasolutions/ros2_ws/install/turtlesim_catch_them_all/share/turtlesim_catch_them_all/local_setup.dsv
[5.891s] -- Installing: /home/cleanseasolutions/ros2_ws/install/turtlesim_catch_them_all/share/turtlesim_catch_them_all/package.dsv
[5.891s] -- Up-to-date: /home/cleanseasolutions/ros2_ws/install/turtlesim_catch_them_all/share/ament_index/resource_index/packages/turtlesim_catch_them_all
[5.891s] -- Up-to-date: /home/cleanseasolutions/ros2_ws/install/turtlesim_catch_them_all/share/turtlesim_catch_them_all/cmake/turtlesim_catch_them_allConfig.cmake
[5.891s] -- Up-to-date: /home/cleanseasolutions/ros2_ws/install/turtlesim_catch_them_all/share/turtlesim_catch_them_all/cmake/turtlesim_catch_them_allConfig-version.cmake
[5.891s] -- Up-to-date: /home/cleanseasolutions/ros2_ws/install/turtlesim_catch_them_all/share/turtlesim_catch_them_all/package.xml
[5.892s] Invoked command in '/home/cleanseasolutions/ros2_ws/build/turtlesim_catch_them_all' returned '0': CMAKE_PREFIX_PATH=/home/cleanseasolutions/ros2_ws/install/my_robot_interfaces:/home/cleanseasolutions/ros2_ws/install/turtlesim_catch_them_all:/home/cleanseasolutions/ros2_ws/install/my_robot_bringup:/home/cleanseasolutions/ros2_ws/install/my_cpp_pkg:/home/cleanseasolutions/ros2_ws/install/my_py_pkg:/opt/ros/humble /usr/bin/cmake --install /home/cleanseasolutions/ros2_ws/build/turtlesim_catch_them_all
