[0.375s] DEBUG:colcon:Command line arguments: ['/usr/bin/colcon', 'build']
[0.375s] DEBUG:colcon:Parsed command line arguments: Namespace(log_base=None, log_level=None, verb_name='build', build_base='build', install_base='install', merge_install=False, symlink_install=False, test_result_base=None, continue_on_error=False, executor='parallel', parallel_workers=20, event_handlers=None, ignore_user_meta=False, metas=['./colcon.meta'], base_paths=['.'], packages_ignore=None, packages_ignore_regex=None, paths=None, packages_up_to=None, packages_up_to_regex=None, packages_above=None, packages_above_and_dependencies=None, packages_above_depth=None, packages_select_by_dep=None, packages_skip_by_dep=None, packages_skip_up_to=None, packages_select_build_failed=False, packages_skip_build_finished=False, packages_select_test_failures=False, packages_skip_test_passed=False, packages_select=None, packages_skip=None, packages_select_regex=None, packages_skip_regex=None, packages_start=None, packages_end=None, allow_overriding=[], cmake_args=None, cmake_target=None, cmake_target_skip_unavailable=False, cmake_clean_cache=False, cmake_clean_first=False, cmake_force_configure=False, ament_cmake_args=None, catkin_cmake_args=None, catkin_skip_building_tests=False, verb_parser=<colcon_defaults.argument_parser.defaults.DefaultArgumentsDecorator object at 0x7fd96cc24730>, verb_extension=<colcon_core.verb.build.BuildVerb object at 0x7fd96d0bbb80>, main=<bound method BuildVerb.main of <colcon_core.verb.build.BuildVerb object at 0x7fd96d0bbb80>>)
[0.394s] Level 1:colcon.colcon_core.package_discovery:discover_packages(colcon_meta) check parameters
[0.394s] Level 1:colcon.colcon_core.package_discovery:discover_packages(recursive) check parameters
[0.394s] Level 1:colcon.colcon_core.package_discovery:discover_packages(ignore) check parameters
[0.394s] Level 1:colcon.colcon_core.package_discovery:discover_packages(path) check parameters
[0.394s] Level 1:colcon.colcon_core.package_discovery:discover_packages(colcon_meta) discover
[0.394s] Level 1:colcon.colcon_core.package_discovery:discover_packages(recursive) discover
[0.394s] INFO:colcon.colcon_core.package_discovery:Crawling recursively for packages in '/home/sven/ros2_ws'
[0.394s] Level 1:colcon.colcon_core.package_identification:_identify(.) by extensions ['ignore', 'ignore_ament_install']
[0.394s] Level 1:colcon.colcon_core.package_identification:_identify(.) by extension 'ignore'
[0.394s] Level 1:colcon.colcon_core.package_identification:_identify(.) by extension 'ignore_ament_install'
[0.394s] Level 1:colcon.colcon_core.package_identification:_identify(.) by extensions ['colcon_pkg']
[0.394s] Level 1:colcon.colcon_core.package_identification:_identify(.) by extension 'colcon_pkg'
[0.394s] Level 1:colcon.colcon_core.package_identification:_identify(.) by extensions ['colcon_meta']
[0.394s] Level 1:colcon.colcon_core.package_identification:_identify(.) by extension 'colcon_meta'
[0.394s] Level 1:colcon.colcon_core.package_identification:_identify(.) by extensions ['ros']
[0.394s] Level 1:colcon.colcon_core.package_identification:_identify(.) by extension 'ros'
[0.400s] Level 1:colcon.colcon_core.package_identification:_identify(.) by extensions ['cmake', 'python']
[0.400s] Level 1:colcon.colcon_core.package_identification:_identify(.) by extension 'cmake'
[0.400s] Level 1:colcon.colcon_core.package_identification:_identify(.) by extension 'python'
[0.400s] Level 1:colcon.colcon_core.package_identification:_identify(.) by extensions ['python_setup_py']
[0.400s] Level 1:colcon.colcon_core.package_identification:_identify(.) by extension 'python_setup_py'
[0.400s] Level 1:colcon.colcon_core.package_identification:_identify(build) by extensions ['ignore', 'ignore_ament_install']
[0.400s] Level 1:colcon.colcon_core.package_identification:_identify(build) by extension 'ignore'
[0.400s] Level 1:colcon.colcon_core.package_identification:_identify(build) ignored
[0.400s] Level 1:colcon.colcon_core.package_identification:_identify(install) by extensions ['ignore', 'ignore_ament_install']
[0.400s] Level 1:colcon.colcon_core.package_identification:_identify(install) by extension 'ignore'
[0.400s] Level 1:colcon.colcon_core.package_identification:_identify(install) ignored
[0.400s] Level 1:colcon.colcon_core.package_identification:_identify(log) by extensions ['ignore', 'ignore_ament_install']
[0.401s] Level 1:colcon.colcon_core.package_identification:_identify(log) by extension 'ignore'
[0.401s] Level 1:colcon.colcon_core.package_identification:_identify(log) ignored
[0.401s] Level 1:colcon.colcon_core.package_identification:_identify(src) by extensions ['ignore', 'ignore_ament_install']
[0.401s] Level 1:colcon.colcon_core.package_identification:_identify(src) by extension 'ignore'
[0.401s] Level 1:colcon.colcon_core.package_identification:_identify(src) by extension 'ignore_ament_install'
[0.401s] Level 1:colcon.colcon_core.package_identification:_identify(src) by extensions ['colcon_pkg']
[0.401s] Level 1:colcon.colcon_core.package_identification:_identify(src) by extension 'colcon_pkg'
[0.401s] Level 1:colcon.colcon_core.package_identification:_identify(src) by extensions ['colcon_meta']
[0.401s] Level 1:colcon.colcon_core.package_identification:_identify(src) by extension 'colcon_meta'
[0.401s] Level 1:colcon.colcon_core.package_identification:_identify(src) by extensions ['ros']
[0.401s] Level 1:colcon.colcon_core.package_identification:_identify(src) by extension 'ros'
[0.401s] Level 1:colcon.colcon_core.package_identification:_identify(src) by extensions ['cmake', 'python']
[0.401s] Level 1:colcon.colcon_core.package_identification:_identify(src) by extension 'cmake'
[0.401s] Level 1:colcon.colcon_core.package_identification:_identify(src) by extension 'python'
[0.401s] Level 1:colcon.colcon_core.package_identification:_identify(src) by extensions ['python_setup_py']
[0.401s] Level 1:colcon.colcon_core.package_identification:_identify(src) by extension 'python_setup_py'
[0.401s] Level 1:colcon.colcon_core.package_identification:_identify(src/actions_cpp) by extensions ['ignore', 'ignore_ament_install']
[0.401s] Level 1:colcon.colcon_core.package_identification:_identify(src/actions_cpp) by extension 'ignore'
[0.401s] Level 1:colcon.colcon_core.package_identification:_identify(src/actions_cpp) by extension 'ignore_ament_install'
[0.401s] Level 1:colcon.colcon_core.package_identification:_identify(src/actions_cpp) by extensions ['colcon_pkg']
[0.401s] Level 1:colcon.colcon_core.package_identification:_identify(src/actions_cpp) by extension 'colcon_pkg'
[0.401s] Level 1:colcon.colcon_core.package_identification:_identify(src/actions_cpp) by extensions ['colcon_meta']
[0.401s] Level 1:colcon.colcon_core.package_identification:_identify(src/actions_cpp) by extension 'colcon_meta'
[0.401s] Level 1:colcon.colcon_core.package_identification:_identify(src/actions_cpp) by extensions ['ros']
[0.401s] Level 1:colcon.colcon_core.package_identification:_identify(src/actions_cpp) by extension 'ros'
[0.402s] DEBUG:colcon.colcon_core.package_identification:Package 'src/actions_cpp' with type 'ros.ament_cmake' and name 'actions_cpp'
[0.402s] Level 1:colcon.colcon_core.package_identification:_identify(src/actions_py) by extensions ['ignore', 'ignore_ament_install']
[0.402s] Level 1:colcon.colcon_core.package_identification:_identify(src/actions_py) by extension 'ignore'
[0.402s] Level 1:colcon.colcon_core.package_identification:_identify(src/actions_py) by extension 'ignore_ament_install'
[0.402s] Level 1:colcon.colcon_core.package_identification:_identify(src/actions_py) by extensions ['colcon_pkg']
[0.402s] Level 1:colcon.colcon_core.package_identification:_identify(src/actions_py) by extension 'colcon_pkg'
[0.402s] Level 1:colcon.colcon_core.package_identification:_identify(src/actions_py) by extensions ['colcon_meta']
[0.402s] Level 1:colcon.colcon_core.package_identification:_identify(src/actions_py) by extension 'colcon_meta'
[0.402s] Level 1:colcon.colcon_core.package_identification:_identify(src/actions_py) by extensions ['ros']
[0.402s] Level 1:colcon.colcon_core.package_identification:_identify(src/actions_py) by extension 'ros'
[0.403s] DEBUG:colcon.colcon_core.package_identification:Package 'src/actions_py' with type 'ros.ament_python' and name 'actions_py'
[0.403s] Level 1:colcon.colcon_core.package_identification:_identify(src/build) by extensions ['ignore', 'ignore_ament_install']
[0.403s] Level 1:colcon.colcon_core.package_identification:_identify(src/build) by extension 'ignore'
[0.403s] Level 1:colcon.colcon_core.package_identification:_identify(src/build) ignored
[0.403s] Level 1:colcon.colcon_core.package_identification:_identify(src/install) by extensions ['ignore', 'ignore_ament_install']
[0.403s] Level 1:colcon.colcon_core.package_identification:_identify(src/install) by extension 'ignore'
[0.403s] Level 1:colcon.colcon_core.package_identification:_identify(src/install) ignored
[0.403s] Level 1:colcon.colcon_core.package_identification:_identify(src/log) by extensions ['ignore', 'ignore_ament_install']
[0.403s] Level 1:colcon.colcon_core.package_identification:_identify(src/log) by extension 'ignore'
[0.403s] Level 1:colcon.colcon_core.package_identification:_identify(src/log) ignored
[0.403s] Level 1:colcon.colcon_core.package_identification:_identify(src/my_cpp_pkg) by extensions ['ignore', 'ignore_ament_install']
[0.403s] Level 1:colcon.colcon_core.package_identification:_identify(src/my_cpp_pkg) by extension 'ignore'
[0.403s] Level 1:colcon.colcon_core.package_identification:_identify(src/my_cpp_pkg) by extension 'ignore_ament_install'
[0.403s] Level 1:colcon.colcon_core.package_identification:_identify(src/my_cpp_pkg) by extensions ['colcon_pkg']
[0.403s] Level 1:colcon.colcon_core.package_identification:_identify(src/my_cpp_pkg) by extension 'colcon_pkg'
[0.403s] Level 1:colcon.colcon_core.package_identification:_identify(src/my_cpp_pkg) by extensions ['colcon_meta']
[0.403s] Level 1:colcon.colcon_core.package_identification:_identify(src/my_cpp_pkg) by extension 'colcon_meta'
[0.403s] Level 1:colcon.colcon_core.package_identification:_identify(src/my_cpp_pkg) by extensions ['ros']
[0.403s] Level 1:colcon.colcon_core.package_identification:_identify(src/my_cpp_pkg) by extension 'ros'
[0.404s] DEBUG:colcon.colcon_core.package_identification:Package 'src/my_cpp_pkg' with type 'ros.ament_cmake' and name 'my_cpp_pkg'
[0.404s] Level 1:colcon.colcon_core.package_identification:_identify(src/my_py_pkg) by extensions ['ignore', 'ignore_ament_install']
[0.404s] Level 1:colcon.colcon_core.package_identification:_identify(src/my_py_pkg) by extension 'ignore'
[0.404s] Level 1:colcon.colcon_core.package_identification:_identify(src/my_py_pkg) by extension 'ignore_ament_install'
[0.404s] Level 1:colcon.colcon_core.package_identification:_identify(src/my_py_pkg) by extensions ['colcon_pkg']
[0.404s] Level 1:colcon.colcon_core.package_identification:_identify(src/my_py_pkg) by extension 'colcon_pkg'
[0.404s] Level 1:colcon.colcon_core.package_identification:_identify(src/my_py_pkg) by extensions ['colcon_meta']
[0.404s] Level 1:colcon.colcon_core.package_identification:_identify(src/my_py_pkg) by extension 'colcon_meta'
[0.404s] Level 1:colcon.colcon_core.package_identification:_identify(src/my_py_pkg) by extensions ['ros']
[0.404s] Level 1:colcon.colcon_core.package_identification:_identify(src/my_py_pkg) by extension 'ros'
[0.404s] DEBUG:colcon.colcon_core.package_identification:Package 'src/my_py_pkg' with type 'ros.ament_python' and name 'my_py_pkg'
[0.404s] Level 1:colcon.colcon_core.package_identification:_identify(src/my_robot_bringup) by extensions ['ignore', 'ignore_ament_install']
[0.404s] Level 1:colcon.colcon_core.package_identification:_identify(src/my_robot_bringup) by extension 'ignore'
[0.404s] Level 1:colcon.colcon_core.package_identification:_identify(src/my_robot_bringup) by extension 'ignore_ament_install'
[0.404s] Level 1:colcon.colcon_core.package_identification:_identify(src/my_robot_bringup) by extensions ['colcon_pkg']
[0.404s] Level 1:colcon.colcon_core.package_identification:_identify(src/my_robot_bringup) by extension 'colcon_pkg'
[0.404s] Level 1:colcon.colcon_core.package_identification:_identify(src/my_robot_bringup) by extensions ['colcon_meta']
[0.404s] Level 1:colcon.colcon_core.package_identification:_identify(src/my_robot_bringup) by extension 'colcon_meta'
[0.404s] Level 1:colcon.colcon_core.package_identification:_identify(src/my_robot_bringup) by extensions ['ros']
[0.404s] Level 1:colcon.colcon_core.package_identification:_identify(src/my_robot_bringup) by extension 'ros'
[0.404s] DEBUG:colcon.colcon_core.package_identification:Package 'src/my_robot_bringup' with type 'ros.ament_cmake' and name 'my_robot_bringup'
[0.404s] Level 1:colcon.colcon_core.package_identification:_identify(src/my_robot_description) by extensions ['ignore', 'ignore_ament_install']
[0.405s] Level 1:colcon.colcon_core.package_identification:_identify(src/my_robot_description) by extension 'ignore'
[0.405s] Level 1:colcon.colcon_core.package_identification:_identify(src/my_robot_description) by extension 'ignore_ament_install'
[0.405s] Level 1:colcon.colcon_core.package_identification:_identify(src/my_robot_description) by extensions ['colcon_pkg']
[0.405s] Level 1:colcon.colcon_core.package_identification:_identify(src/my_robot_description) by extension 'colcon_pkg'
[0.405s] Level 1:colcon.colcon_core.package_identification:_identify(src/my_robot_description) by extensions ['colcon_meta']
[0.405s] Level 1:colcon.colcon_core.package_identification:_identify(src/my_robot_description) by extension 'colcon_meta'
[0.405s] Level 1:colcon.colcon_core.package_identification:_identify(src/my_robot_description) by extensions ['ros']
[0.405s] Level 1:colcon.colcon_core.package_identification:_identify(src/my_robot_description) by extension 'ros'
[0.405s] DEBUG:colcon.colcon_core.package_identification:Package 'src/my_robot_description' with type 'ros.ament_cmake' and name 'my_robot_description'
[0.405s] Level 1:colcon.colcon_core.package_identification:_identify(src/my_robot_interfaces) by extensions ['ignore', 'ignore_ament_install']
[0.405s] Level 1:colcon.colcon_core.package_identification:_identify(src/my_robot_interfaces) by extension 'ignore'
[0.405s] Level 1:colcon.colcon_core.package_identification:_identify(src/my_robot_interfaces) by extension 'ignore_ament_install'
[0.405s] Level 1:colcon.colcon_core.package_identification:_identify(src/my_robot_interfaces) by extensions ['colcon_pkg']
[0.405s] Level 1:colcon.colcon_core.package_identification:_identify(src/my_robot_interfaces) by extension 'colcon_pkg'
[0.405s] Level 1:colcon.colcon_core.package_identification:_identify(src/my_robot_interfaces) by extensions ['colcon_meta']
[0.405s] Level 1:colcon.colcon_core.package_identification:_identify(src/my_robot_interfaces) by extension 'colcon_meta'
[0.405s] Level 1:colcon.colcon_core.package_identification:_identify(src/my_robot_interfaces) by extensions ['ros']
[0.405s] Level 1:colcon.colcon_core.package_identification:_identify(src/my_robot_interfaces) by extension 'ros'
[0.405s] DEBUG:colcon.colcon_core.package_identification:Package 'src/my_robot_interfaces' with type 'ros.ament_cmake' and name 'my_robot_interfaces'
[0.405s] Level 1:colcon.colcon_core.package_identification:_identify(src/turtlesim_catch_them_all) by extensions ['ignore', 'ignore_ament_install']
[0.405s] Level 1:colcon.colcon_core.package_identification:_identify(src/turtlesim_catch_them_all) by extension 'ignore'
[0.405s] Level 1:colcon.colcon_core.package_identification:_identify(src/turtlesim_catch_them_all) by extension 'ignore_ament_install'
[0.405s] Level 1:colcon.colcon_core.package_identification:_identify(src/turtlesim_catch_them_all) by extensions ['colcon_pkg']
[0.405s] Level 1:colcon.colcon_core.package_identification:_identify(src/turtlesim_catch_them_all) by extension 'colcon_pkg'
[0.405s] Level 1:colcon.colcon_core.package_identification:_identify(src/turtlesim_catch_them_all) by extensions ['colcon_meta']
[0.405s] Level 1:colcon.colcon_core.package_identification:_identify(src/turtlesim_catch_them_all) by extension 'colcon_meta'
[0.405s] Level 1:colcon.colcon_core.package_identification:_identify(src/turtlesim_catch_them_all) by extensions ['ros']
[0.405s] Level 1:colcon.colcon_core.package_identification:_identify(src/turtlesim_catch_them_all) by extension 'ros'
[0.406s] DEBUG:colcon.colcon_core.package_identification:Package 'src/turtlesim_catch_them_all' with type 'ros.ament_cmake' and name 'turtlesim_catch_them_all'
[0.406s] Level 1:colcon.colcon_core.package_discovery:discover_packages(recursive) using defaults
[0.406s] Level 1:colcon.colcon_core.package_discovery:discover_packages(ignore) discover
[0.406s] Level 1:colcon.colcon_core.package_discovery:discover_packages(ignore) using defaults
[0.406s] Level 1:colcon.colcon_core.package_discovery:discover_packages(path) discover
[0.406s] Level 1:colcon.colcon_core.package_discovery:discover_packages(path) using defaults
[0.445s] Level 1:colcon.colcon_core.package_discovery:discover_packages(prefix_path) check parameters
[0.446s] Level 1:colcon.colcon_core.package_discovery:discover_packages(prefix_path) discover
[0.457s] DEBUG:colcon.colcon_installed_package_information.package_discovery:Found 8 installed packages in /home/sven/ros2_ws/install
[0.462s] DEBUG:colcon.colcon_installed_package_information.package_discovery:Found 1 installed packages in /home/sven/install
[0.469s] DEBUG:colcon.colcon_installed_package_information.package_discovery:Found 328 installed packages in /opt/ros/humble
[0.471s] Level 1:colcon.colcon_core.package_discovery:discover_packages(prefix_path) using defaults
[0.511s] Level 5:colcon.colcon_core.verb:set package 'my_robot_description' build argument 'cmake_args' from command line to 'None'
[0.511s] Level 5:colcon.colcon_core.verb:set package 'my_robot_description' build argument 'cmake_target' from command line to 'None'
[0.511s] Level 5:colcon.colcon_core.verb:set package 'my_robot_description' build argument 'cmake_target_skip_unavailable' from command line to 'False'
[0.511s] Level 5:colcon.colcon_core.verb:set package 'my_robot_description' build argument 'cmake_clean_cache' from command line to 'False'
[0.511s] Level 5:colcon.colcon_core.verb:set package 'my_robot_description' build argument 'cmake_clean_first' from command line to 'False'
[0.511s] Level 5:colcon.colcon_core.verb:set package 'my_robot_description' build argument 'cmake_force_configure' from command line to 'False'
[0.511s] Level 5:colcon.colcon_core.verb:set package 'my_robot_description' build argument 'ament_cmake_args' from command line to 'None'
[0.511s] Level 5:colcon.colcon_core.verb:set package 'my_robot_description' build argument 'catkin_cmake_args' from command line to 'None'
[0.511s] Level 5:colcon.colcon_core.verb:set package 'my_robot_description' build argument 'catkin_skip_building_tests' from command line to 'False'
[0.511s] DEBUG:colcon.colcon_core.verb:Building package 'my_robot_description' with the following arguments: {'ament_cmake_args': None, 'build_base': '/home/sven/ros2_ws/build/my_robot_description', 'catkin_cmake_args': None, 'catkin_skip_building_tests': False, 'cmake_args': None, 'cmake_clean_cache': False, 'cmake_clean_first': False, 'cmake_force_configure': False, 'cmake_target': None, 'cmake_target_skip_unavailable': False, 'install_base': '/home/sven/ros2_ws/install/my_robot_description', 'merge_install': False, 'path': '/home/sven/ros2_ws/src/my_robot_description', 'symlink_install': False, 'test_result_base': None}
[0.516s] Level 5:colcon.colcon_core.verb:set package 'my_robot_interfaces' build argument 'cmake_args' from command line to 'None'
[0.516s] Level 5:colcon.colcon_core.verb:set package 'my_robot_interfaces' build argument 'cmake_target' from command line to 'None'
[0.516s] Level 5:colcon.colcon_core.verb:set package 'my_robot_interfaces' build argument 'cmake_target_skip_unavailable' from command line to 'False'
[0.516s] Level 5:colcon.colcon_core.verb:set package 'my_robot_interfaces' build argument 'cmake_clean_cache' from command line to 'False'
[0.516s] Level 5:colcon.colcon_core.verb:set package 'my_robot_interfaces' build argument 'cmake_clean_first' from command line to 'False'
[0.516s] Level 5:colcon.colcon_core.verb:set package 'my_robot_interfaces' build argument 'cmake_force_configure' from command line to 'False'
[0.516s] Level 5:colcon.colcon_core.verb:set package 'my_robot_interfaces' build argument 'ament_cmake_args' from command line to 'None'
[0.516s] Level 5:colcon.colcon_core.verb:set package 'my_robot_interfaces' build argument 'catkin_cmake_args' from command line to 'None'
[0.516s] Level 5:colcon.colcon_core.verb:set package 'my_robot_interfaces' build argument 'catkin_skip_building_tests' from command line to 'False'
[0.516s] DEBUG:colcon.colcon_core.verb:Building package 'my_robot_interfaces' with the following arguments: {'ament_cmake_args': None, 'build_base': '/home/sven/ros2_ws/build/my_robot_interfaces', 'catkin_cmake_args': None, 'catkin_skip_building_tests': False, 'cmake_args': None, 'cmake_clean_cache': False, 'cmake_clean_first': False, 'cmake_force_configure': False, 'cmake_target': None, 'cmake_target_skip_unavailable': False, 'install_base': '/home/sven/ros2_ws/install/my_robot_interfaces', 'merge_install': False, 'path': '/home/sven/ros2_ws/src/my_robot_interfaces', 'symlink_install': False, 'test_result_base': None}
[0.521s] Level 5:colcon.colcon_core.verb:set package 'actions_cpp' build argument 'cmake_args' from command line to 'None'
[0.521s] Level 5:colcon.colcon_core.verb:set package 'actions_cpp' build argument 'cmake_target' from command line to 'None'
[0.521s] Level 5:colcon.colcon_core.verb:set package 'actions_cpp' build argument 'cmake_target_skip_unavailable' from command line to 'False'
[0.521s] Level 5:colcon.colcon_core.verb:set package 'actions_cpp' build argument 'cmake_clean_cache' from command line to 'False'
[0.521s] Level 5:colcon.colcon_core.verb:set package 'actions_cpp' build argument 'cmake_clean_first' from command line to 'False'
[0.521s] Level 5:colcon.colcon_core.verb:set package 'actions_cpp' build argument 'cmake_force_configure' from command line to 'False'
[0.521s] Level 5:colcon.colcon_core.verb:set package 'actions_cpp' build argument 'ament_cmake_args' from command line to 'None'
[0.521s] Level 5:colcon.colcon_core.verb:set package 'actions_cpp' build argument 'catkin_cmake_args' from command line to 'None'
[0.521s] Level 5:colcon.colcon_core.verb:set package 'actions_cpp' build argument 'catkin_skip_building_tests' from command line to 'False'
[0.521s] DEBUG:colcon.colcon_core.verb:Building package 'actions_cpp' with the following arguments: {'ament_cmake_args': None, 'build_base': '/home/sven/ros2_ws/build/actions_cpp', 'catkin_cmake_args': None, 'catkin_skip_building_tests': False, 'cmake_args': None, 'cmake_clean_cache': False, 'cmake_clean_first': False, 'cmake_force_configure': False, 'cmake_target': None, 'cmake_target_skip_unavailable': False, 'install_base': '/home/sven/ros2_ws/install/actions_cpp', 'merge_install': False, 'path': '/home/sven/ros2_ws/src/actions_cpp', 'symlink_install': False, 'test_result_base': None}
[0.526s] Level 5:colcon.colcon_core.verb:set package 'actions_py' build argument 'cmake_args' from command line to 'None'
[0.526s] Level 5:colcon.colcon_core.verb:set package 'actions_py' build argument 'cmake_target' from command line to 'None'
[0.526s] Level 5:colcon.colcon_core.verb:set package 'actions_py' build argument 'cmake_target_skip_unavailable' from command line to 'False'
[0.526s] Level 5:colcon.colcon_core.verb:set package 'actions_py' build argument 'cmake_clean_cache' from command line to 'False'
[0.526s] Level 5:colcon.colcon_core.verb:set package 'actions_py' build argument 'cmake_clean_first' from command line to 'False'
[0.526s] Level 5:colcon.colcon_core.verb:set package 'actions_py' build argument 'cmake_force_configure' from command line to 'False'
[0.526s] Level 5:colcon.colcon_core.verb:set package 'actions_py' build argument 'ament_cmake_args' from command line to 'None'
[0.526s] Level 5:colcon.colcon_core.verb:set package 'actions_py' build argument 'catkin_cmake_args' from command line to 'None'
[0.526s] Level 5:colcon.colcon_core.verb:set package 'actions_py' build argument 'catkin_skip_building_tests' from command line to 'False'
[0.526s] DEBUG:colcon.colcon_core.verb:Building package 'actions_py' with the following arguments: {'ament_cmake_args': None, 'build_base': '/home/sven/ros2_ws/build/actions_py', 'catkin_cmake_args': None, 'catkin_skip_building_tests': False, 'cmake_args': None, 'cmake_clean_cache': False, 'cmake_clean_first': False, 'cmake_force_configure': False, 'cmake_target': None, 'cmake_target_skip_unavailable': False, 'install_base': '/home/sven/ros2_ws/install/actions_py', 'merge_install': False, 'path': '/home/sven/ros2_ws/src/actions_py', 'symlink_install': False, 'test_result_base': None}
[0.531s] Level 5:colcon.colcon_core.verb:set package 'my_cpp_pkg' build argument 'cmake_args' from command line to 'None'
[0.531s] Level 5:colcon.colcon_core.verb:set package 'my_cpp_pkg' build argument 'cmake_target' from command line to 'None'
[0.531s] Level 5:colcon.colcon_core.verb:set package 'my_cpp_pkg' build argument 'cmake_target_skip_unavailable' from command line to 'False'
[0.531s] Level 5:colcon.colcon_core.verb:set package 'my_cpp_pkg' build argument 'cmake_clean_cache' from command line to 'False'
[0.531s] Level 5:colcon.colcon_core.verb:set package 'my_cpp_pkg' build argument 'cmake_clean_first' from command line to 'False'
[0.531s] Level 5:colcon.colcon_core.verb:set package 'my_cpp_pkg' build argument 'cmake_force_configure' from command line to 'False'
[0.531s] Level 5:colcon.colcon_core.verb:set package 'my_cpp_pkg' build argument 'ament_cmake_args' from command line to 'None'
[0.531s] Level 5:colcon.colcon_core.verb:set package 'my_cpp_pkg' build argument 'catkin_cmake_args' from command line to 'None'
[0.531s] Level 5:colcon.colcon_core.verb:set package 'my_cpp_pkg' build argument 'catkin_skip_building_tests' from command line to 'False'
[0.531s] DEBUG:colcon.colcon_core.verb:Building package 'my_cpp_pkg' with the following arguments: {'ament_cmake_args': None, 'build_base': '/home/sven/ros2_ws/build/my_cpp_pkg', 'catkin_cmake_args': None, 'catkin_skip_building_tests': False, 'cmake_args': None, 'cmake_clean_cache': False, 'cmake_clean_first': False, 'cmake_force_configure': False, 'cmake_target': None, 'cmake_target_skip_unavailable': False, 'install_base': '/home/sven/ros2_ws/install/my_cpp_pkg', 'merge_install': False, 'path': '/home/sven/ros2_ws/src/my_cpp_pkg', 'symlink_install': False, 'test_result_base': None}
[0.536s] Level 5:colcon.colcon_core.verb:set package 'my_py_pkg' build argument 'cmake_args' from command line to 'None'
[0.536s] Level 5:colcon.colcon_core.verb:set package 'my_py_pkg' build argument 'cmake_target' from command line to 'None'
[0.536s] Level 5:colcon.colcon_core.verb:set package 'my_py_pkg' build argument 'cmake_target_skip_unavailable' from command line to 'False'
[0.536s] Level 5:colcon.colcon_core.verb:set package 'my_py_pkg' build argument 'cmake_clean_cache' from command line to 'False'
[0.536s] Level 5:colcon.colcon_core.verb:set package 'my_py_pkg' build argument 'cmake_clean_first' from command line to 'False'
[0.536s] Level 5:colcon.colcon_core.verb:set package 'my_py_pkg' build argument 'cmake_force_configure' from command line to 'False'
[0.537s] Level 5:colcon.colcon_core.verb:set package 'my_py_pkg' build argument 'ament_cmake_args' from command line to 'None'
[0.537s] Level 5:colcon.colcon_core.verb:set package 'my_py_pkg' build argument 'catkin_cmake_args' from command line to 'None'
[0.537s] Level 5:colcon.colcon_core.verb:set package 'my_py_pkg' build argument 'catkin_skip_building_tests' from command line to 'False'
[0.537s] DEBUG:colcon.colcon_core.verb:Building package 'my_py_pkg' with the following arguments: {'ament_cmake_args': None, 'build_base': '/home/sven/ros2_ws/build/my_py_pkg', 'catkin_cmake_args': None, 'catkin_skip_building_tests': False, 'cmake_args': None, 'cmake_clean_cache': False, 'cmake_clean_first': False, 'cmake_force_configure': False, 'cmake_target': None, 'cmake_target_skip_unavailable': False, 'install_base': '/home/sven/ros2_ws/install/my_py_pkg', 'merge_install': False, 'path': '/home/sven/ros2_ws/src/my_py_pkg', 'symlink_install': False, 'test_result_base': None}
[0.542s] Level 5:colcon.colcon_core.verb:set package 'turtlesim_catch_them_all' build argument 'cmake_args' from command line to 'None'
[0.542s] Level 5:colcon.colcon_core.verb:set package 'turtlesim_catch_them_all' build argument 'cmake_target' from command line to 'None'
[0.542s] Level 5:colcon.colcon_core.verb:set package 'turtlesim_catch_them_all' build argument 'cmake_target_skip_unavailable' from command line to 'False'
[0.542s] Level 5:colcon.colcon_core.verb:set package 'turtlesim_catch_them_all' build argument 'cmake_clean_cache' from command line to 'False'
[0.542s] Level 5:colcon.colcon_core.verb:set package 'turtlesim_catch_them_all' build argument 'cmake_clean_first' from command line to 'False'
[0.542s] Level 5:colcon.colcon_core.verb:set package 'turtlesim_catch_them_all' build argument 'cmake_force_configure' from command line to 'False'
[0.542s] Level 5:colcon.colcon_core.verb:set package 'turtlesim_catch_them_all' build argument 'ament_cmake_args' from command line to 'None'
[0.542s] Level 5:colcon.colcon_core.verb:set package 'turtlesim_catch_them_all' build argument 'catkin_cmake_args' from command line to 'None'
[0.542s] Level 5:colcon.colcon_core.verb:set package 'turtlesim_catch_them_all' build argument 'catkin_skip_building_tests' from command line to 'False'
[0.542s] DEBUG:colcon.colcon_core.verb:Building package 'turtlesim_catch_them_all' with the following arguments: {'ament_cmake_args': None, 'build_base': '/home/sven/ros2_ws/build/turtlesim_catch_them_all', 'catkin_cmake_args': None, 'catkin_skip_building_tests': False, 'cmake_args': None, 'cmake_clean_cache': False, 'cmake_clean_first': False, 'cmake_force_configure': False, 'cmake_target': None, 'cmake_target_skip_unavailable': False, 'install_base': '/home/sven/ros2_ws/install/turtlesim_catch_them_all', 'merge_install': False, 'path': '/home/sven/ros2_ws/src/turtlesim_catch_them_all', 'symlink_install': False, 'test_result_base': None}
[0.547s] Level 5:colcon.colcon_core.verb:set package 'my_robot_bringup' build argument 'cmake_args' from command line to 'None'
[0.547s] Level 5:colcon.colcon_core.verb:set package 'my_robot_bringup' build argument 'cmake_target' from command line to 'None'
[0.547s] Level 5:colcon.colcon_core.verb:set package 'my_robot_bringup' build argument 'cmake_target_skip_unavailable' from command line to 'False'
[0.547s] Level 5:colcon.colcon_core.verb:set package 'my_robot_bringup' build argument 'cmake_clean_cache' from command line to 'False'
[0.547s] Level 5:colcon.colcon_core.verb:set package 'my_robot_bringup' build argument 'cmake_clean_first' from command line to 'False'
[0.547s] Level 5:colcon.colcon_core.verb:set package 'my_robot_bringup' build argument 'cmake_force_configure' from command line to 'False'
[0.547s] Level 5:colcon.colcon_core.verb:set package 'my_robot_bringup' build argument 'ament_cmake_args' from command line to 'None'
[0.547s] Level 5:colcon.colcon_core.verb:set package 'my_robot_bringup' build argument 'catkin_cmake_args' from command line to 'None'
[0.547s] Level 5:colcon.colcon_core.verb:set package 'my_robot_bringup' build argument 'catkin_skip_building_tests' from command line to 'False'
[0.547s] DEBUG:colcon.colcon_core.verb:Building package 'my_robot_bringup' with the following arguments: {'ament_cmake_args': None, 'build_base': '/home/sven/ros2_ws/build/my_robot_bringup', 'catkin_cmake_args': None, 'catkin_skip_building_tests': False, 'cmake_args': None, 'cmake_clean_cache': False, 'cmake_clean_first': False, 'cmake_force_configure': False, 'cmake_target': None, 'cmake_target_skip_unavailable': False, 'install_base': '/home/sven/ros2_ws/install/my_robot_bringup', 'merge_install': False, 'path': '/home/sven/ros2_ws/src/my_robot_bringup', 'symlink_install': False, 'test_result_base': None}
[0.552s] INFO:colcon.colcon_core.executor:Executing jobs using 'parallel' executor
[0.559s] DEBUG:colcon.colcon_parallel_executor.executor.parallel:run_until_complete
[0.559s] INFO:colcon.colcon_ros.task.ament_cmake.build:Building ROS package in '/home/sven/ros2_ws/src/my_robot_interfaces' with build type 'ament_cmake'
[0.559s] INFO:colcon.colcon_cmake.task.cmake.build:Building CMake package in '/home/sven/ros2_ws/src/my_robot_interfaces'
[0.572s] INFO:colcon.colcon_core.plugin_system:Skipping extension 'colcon_core.shell.bat': Not used on non-Windows systems
[0.572s] INFO:colcon.colcon_core.shell:Skip shell extension 'powershell' for command environment: Not usable outside of PowerShell
[0.572s] DEBUG:colcon.colcon_core.shell:Skip shell extension 'dsv' for command environment
[0.595s] INFO:colcon.colcon_ros.task.ament_cmake.build:Building ROS package in '/home/sven/ros2_ws/src/my_robot_description' with build type 'ament_cmake'
[0.595s] INFO:colcon.colcon_cmake.task.cmake.build:Building CMake package in '/home/sven/ros2_ws/src/my_robot_description'
[0.601s] INFO:colcon.colcon_core.shell:Skip shell extension 'powershell' for command environment: Not usable outside of PowerShell
[0.601s] DEBUG:colcon.colcon_core.shell:Skip shell extension 'dsv' for command environment
[0.626s] DEBUG:colcon.colcon_core.event_handler.log_command:Invoking command in '/home/sven/ros2_ws/build/my_robot_interfaces': CMAKE_PREFIX_PATH=${CMAKE_PREFIX_PATH}:/home/sven/ros2_ws/install/my_py_pkg:/home/sven/ros2_ws/install/actions_py:/opt/ros/humble /usr/bin/cmake --build /home/sven/ros2_ws/build/my_robot_interfaces -- -j20 -l20
[0.629s] DEBUG:colcon.colcon_core.event_handler.log_command:Invoking command in '/home/sven/ros2_ws/build/my_robot_description': CMAKE_PREFIX_PATH=${CMAKE_PREFIX_PATH}:/home/sven/ros2_ws/install/my_py_pkg:/home/sven/ros2_ws/install/actions_py:/opt/ros/humble /usr/bin/cmake --build /home/sven/ros2_ws/build/my_robot_description -- -j20 -l20
[0.650s] DEBUG:colcon.colcon_core.event_handler.log_command:Invoked command in '/home/sven/ros2_ws/build/my_robot_description' returned '0': CMAKE_PREFIX_PATH=${CMAKE_PREFIX_PATH}:/home/sven/ros2_ws/install/my_py_pkg:/home/sven/ros2_ws/install/actions_py:/opt/ros/humble /usr/bin/cmake --build /home/sven/ros2_ws/build/my_robot_description -- -j20 -l20
[0.668s] DEBUG:colcon.colcon_core.event_handler.log_command:Invoking command in '/home/sven/ros2_ws/build/my_robot_description': CMAKE_PREFIX_PATH=${CMAKE_PREFIX_PATH}:/home/sven/ros2_ws/install/my_py_pkg:/home/sven/ros2_ws/install/actions_py:/opt/ros/humble /usr/bin/cmake --install /home/sven/ros2_ws/build/my_robot_description
[0.680s] Level 1:colcon.colcon_core.environment:create_environment_scripts_only(my_robot_description)
[0.681s] DEBUG:colcon.colcon_core.event_handler.log_command:Invoked command in '/home/sven/ros2_ws/build/my_robot_description' returned '0': CMAKE_PREFIX_PATH=${CMAKE_PREFIX_PATH}:/home/sven/ros2_ws/install/my_py_pkg:/home/sven/ros2_ws/install/actions_py:/opt/ros/humble /usr/bin/cmake --install /home/sven/ros2_ws/build/my_robot_description
[0.692s] Level 1:colcon.colcon_core.environment:checking '/home/sven/ros2_ws/install/my_robot_description' for CMake module files
[0.692s] Level 1:colcon.colcon_core.environment:checking '/home/sven/ros2_ws/install/my_robot_description' for CMake config files
[0.692s] Level 1:colcon.colcon_core.shell:create_environment_hook('my_robot_description', 'cmake_prefix_path')
[0.698s] INFO:colcon.colcon_core.shell:Creating environment hook '/home/sven/ros2_ws/install/my_robot_description/share/my_robot_description/hook/cmake_prefix_path.ps1'
[0.699s] INFO:colcon.colcon_core.shell:Creating environment descriptor '/home/sven/ros2_ws/install/my_robot_description/share/my_robot_description/hook/cmake_prefix_path.dsv'
[0.700s] INFO:colcon.colcon_core.shell:Creating environment hook '/home/sven/ros2_ws/install/my_robot_description/share/my_robot_description/hook/cmake_prefix_path.sh'
[0.701s] Level 1:colcon.colcon_core.environment:checking '/home/sven/ros2_ws/install/my_robot_description/bin'
[0.701s] Level 1:colcon.colcon_core.environment:checking '/home/sven/ros2_ws/install/my_robot_description/lib/pkgconfig/my_robot_description.pc'
[0.701s] Level 1:colcon.colcon_core.environment:checking '/home/sven/ros2_ws/install/my_robot_description/lib/python3.10/site-packages'
[0.701s] Level 1:colcon.colcon_core.environment:checking '/home/sven/ros2_ws/install/my_robot_description/bin'
[0.707s] INFO:colcon.colcon_core.shell:Creating package script '/home/sven/ros2_ws/install/my_robot_description/share/my_robot_description/package.ps1'
[0.707s] INFO:colcon.colcon_core.shell:Creating package descriptor '/home/sven/ros2_ws/install/my_robot_description/share/my_robot_description/package.dsv'
[0.708s] INFO:colcon.colcon_core.shell:Creating package script '/home/sven/ros2_ws/install/my_robot_description/share/my_robot_description/package.sh'
[0.708s] INFO:colcon.colcon_core.shell:Creating package script '/home/sven/ros2_ws/install/my_robot_description/share/my_robot_description/package.bash'
[0.708s] INFO:colcon.colcon_core.shell:Creating package script '/home/sven/ros2_ws/install/my_robot_description/share/my_robot_description/package.zsh'
[0.708s] Level 1:colcon.colcon_core.environment:create_file_with_runtime_dependencies(/home/sven/ros2_ws/install/my_robot_description/share/colcon-core/packages/my_robot_description)
[0.730s] Level 1:colcon.colcon_core.environment:create_environment_scripts_only(my_robot_description)
[0.736s] Level 1:colcon.colcon_core.environment:checking '/home/sven/ros2_ws/install/my_robot_description' for CMake module files
[0.736s] Level 1:colcon.colcon_core.environment:checking '/home/sven/ros2_ws/install/my_robot_description' for CMake config files
[0.736s] Level 1:colcon.colcon_core.shell:create_environment_hook('my_robot_description', 'cmake_prefix_path')
[0.742s] INFO:colcon.colcon_core.shell:Creating environment hook '/home/sven/ros2_ws/install/my_robot_description/share/my_robot_description/hook/cmake_prefix_path.ps1'
[0.742s] INFO:colcon.colcon_core.shell:Creating environment descriptor '/home/sven/ros2_ws/install/my_robot_description/share/my_robot_description/hook/cmake_prefix_path.dsv'
[0.742s] INFO:colcon.colcon_core.shell:Creating environment hook '/home/sven/ros2_ws/install/my_robot_description/share/my_robot_description/hook/cmake_prefix_path.sh'
[0.742s] Level 1:colcon.colcon_core.environment:checking '/home/sven/ros2_ws/install/my_robot_description/bin'
[0.742s] Level 1:colcon.colcon_core.environment:checking '/home/sven/ros2_ws/install/my_robot_description/lib/pkgconfig/my_robot_description.pc'
[0.742s] Level 1:colcon.colcon_core.environment:checking '/home/sven/ros2_ws/install/my_robot_description/lib/python3.10/site-packages'
[0.743s] Level 1:colcon.colcon_core.environment:checking '/home/sven/ros2_ws/install/my_robot_description/bin'
[0.748s] INFO:colcon.colcon_core.shell:Creating package script '/home/sven/ros2_ws/install/my_robot_description/share/my_robot_description/package.ps1'
[0.748s] INFO:colcon.colcon_core.shell:Creating package descriptor '/home/sven/ros2_ws/install/my_robot_description/share/my_robot_description/package.dsv'
[0.749s] INFO:colcon.colcon_core.shell:Creating package script '/home/sven/ros2_ws/install/my_robot_description/share/my_robot_description/package.sh'
[0.749s] INFO:colcon.colcon_core.shell:Creating package script '/home/sven/ros2_ws/install/my_robot_description/share/my_robot_description/package.bash'
[0.749s] INFO:colcon.colcon_core.shell:Creating package script '/home/sven/ros2_ws/install/my_robot_description/share/my_robot_description/package.zsh'
[0.749s] Level 1:colcon.colcon_core.environment:create_file_with_runtime_dependencies(/home/sven/ros2_ws/install/my_robot_description/share/colcon-core/packages/my_robot_description)
[0.807s] DEBUG:colcon.colcon_core.event_handler.log_command:Invoked command in '/home/sven/ros2_ws/build/my_robot_interfaces' returned '0': CMAKE_PREFIX_PATH=${CMAKE_PREFIX_PATH}:/home/sven/ros2_ws/install/my_py_pkg:/home/sven/ros2_ws/install/actions_py:/opt/ros/humble /usr/bin/cmake --build /home/sven/ros2_ws/build/my_robot_interfaces -- -j20 -l20
[0.889s] DEBUG:colcon.colcon_core.event_handler.log_command:Invoking command in '/home/sven/ros2_ws/build/my_robot_interfaces': CMAKE_PREFIX_PATH=${CMAKE_PREFIX_PATH}:/home/sven/ros2_ws/install/my_py_pkg:/home/sven/ros2_ws/install/actions_py:/opt/ros/humble /usr/bin/cmake --install /home/sven/ros2_ws/build/my_robot_interfaces
[0.918s] Level 1:colcon.colcon_core.environment:create_environment_scripts_only(my_robot_interfaces)
[0.919s] DEBUG:colcon.colcon_core.event_handler.log_command:Invoked command in '/home/sven/ros2_ws/build/my_robot_interfaces' returned '0': CMAKE_PREFIX_PATH=${CMAKE_PREFIX_PATH}:/home/sven/ros2_ws/install/my_py_pkg:/home/sven/ros2_ws/install/actions_py:/opt/ros/humble /usr/bin/cmake --install /home/sven/ros2_ws/build/my_robot_interfaces
[0.924s] Level 1:colcon.colcon_core.environment:checking '/home/sven/ros2_ws/install/my_robot_interfaces' for CMake module files
[0.924s] Level 1:colcon.colcon_core.environment:checking '/home/sven/ros2_ws/install/my_robot_interfaces' for CMake config files
[0.925s] Level 1:colcon.colcon_core.shell:create_environment_hook('my_robot_interfaces', 'cmake_prefix_path')
[0.930s] INFO:colcon.colcon_core.shell:Creating environment hook '/home/sven/ros2_ws/install/my_robot_interfaces/share/my_robot_interfaces/hook/cmake_prefix_path.ps1'
[0.930s] INFO:colcon.colcon_core.shell:Creating environment descriptor '/home/sven/ros2_ws/install/my_robot_interfaces/share/my_robot_interfaces/hook/cmake_prefix_path.dsv'
[0.930s] INFO:colcon.colcon_core.shell:Creating environment hook '/home/sven/ros2_ws/install/my_robot_interfaces/share/my_robot_interfaces/hook/cmake_prefix_path.sh'
[0.931s] Level 1:colcon.colcon_core.environment:checking '/home/sven/ros2_ws/install/my_robot_interfaces/lib'
[0.931s] Level 1:colcon.colcon_core.shell:create_environment_hook('my_robot_interfaces', 'ld_library_path_lib')
[0.937s] INFO:colcon.colcon_core.shell:Creating environment hook '/home/sven/ros2_ws/install/my_robot_interfaces/share/my_robot_interfaces/hook/ld_library_path_lib.ps1'
[0.937s] INFO:colcon.colcon_core.shell:Creating environment descriptor '/home/sven/ros2_ws/install/my_robot_interfaces/share/my_robot_interfaces/hook/ld_library_path_lib.dsv'
[0.937s] INFO:colcon.colcon_core.shell:Creating environment hook '/home/sven/ros2_ws/install/my_robot_interfaces/share/my_robot_interfaces/hook/ld_library_path_lib.sh'
[0.937s] Level 1:colcon.colcon_core.environment:checking '/home/sven/ros2_ws/install/my_robot_interfaces/bin'
[0.937s] Level 1:colcon.colcon_core.environment:checking '/home/sven/ros2_ws/install/my_robot_interfaces/lib/pkgconfig/my_robot_interfaces.pc'
[0.938s] Level 1:colcon.colcon_core.environment:checking '/home/sven/ros2_ws/install/my_robot_interfaces/lib/python3.10/site-packages'
[0.938s] Level 1:colcon.colcon_core.environment:checking '/home/sven/ros2_ws/install/my_robot_interfaces/bin'
[0.943s] INFO:colcon.colcon_core.shell:Creating package script '/home/sven/ros2_ws/install/my_robot_interfaces/share/my_robot_interfaces/package.ps1'
[0.943s] INFO:colcon.colcon_core.shell:Creating package descriptor '/home/sven/ros2_ws/install/my_robot_interfaces/share/my_robot_interfaces/package.dsv'
[0.943s] INFO:colcon.colcon_core.shell:Creating package script '/home/sven/ros2_ws/install/my_robot_interfaces/share/my_robot_interfaces/package.sh'
[0.943s] INFO:colcon.colcon_core.shell:Creating package script '/home/sven/ros2_ws/install/my_robot_interfaces/share/my_robot_interfaces/package.bash'
[0.944s] INFO:colcon.colcon_core.shell:Creating package script '/home/sven/ros2_ws/install/my_robot_interfaces/share/my_robot_interfaces/package.zsh'
[0.944s] Level 1:colcon.colcon_core.environment:create_file_with_runtime_dependencies(/home/sven/ros2_ws/install/my_robot_interfaces/share/colcon-core/packages/my_robot_interfaces)
[1.034s] Level 1:colcon.colcon_core.environment:create_environment_scripts_only(my_robot_interfaces)
[1.040s] Level 1:colcon.colcon_core.environment:checking '/home/sven/ros2_ws/install/my_robot_interfaces' for CMake module files
[1.040s] Level 1:colcon.colcon_core.environment:checking '/home/sven/ros2_ws/install/my_robot_interfaces' for CMake config files
[1.040s] Level 1:colcon.colcon_core.shell:create_environment_hook('my_robot_interfaces', 'cmake_prefix_path')
[1.046s] INFO:colcon.colcon_core.shell:Creating environment hook '/home/sven/ros2_ws/install/my_robot_interfaces/share/my_robot_interfaces/hook/cmake_prefix_path.ps1'
[1.046s] INFO:colcon.colcon_core.shell:Creating environment descriptor '/home/sven/ros2_ws/install/my_robot_interfaces/share/my_robot_interfaces/hook/cmake_prefix_path.dsv'
[1.046s] INFO:colcon.colcon_core.shell:Creating environment hook '/home/sven/ros2_ws/install/my_robot_interfaces/share/my_robot_interfaces/hook/cmake_prefix_path.sh'
[1.047s] Level 1:colcon.colcon_core.environment:checking '/home/sven/ros2_ws/install/my_robot_interfaces/lib'
[1.047s] Level 1:colcon.colcon_core.shell:create_environment_hook('my_robot_interfaces', 'ld_library_path_lib')
[1.052s] INFO:colcon.colcon_core.shell:Creating environment hook '/home/sven/ros2_ws/install/my_robot_interfaces/share/my_robot_interfaces/hook/ld_library_path_lib.ps1'
[1.052s] INFO:colcon.colcon_core.shell:Creating environment descriptor '/home/sven/ros2_ws/install/my_robot_interfaces/share/my_robot_interfaces/hook/ld_library_path_lib.dsv'
[1.052s] INFO:colcon.colcon_core.shell:Creating environment hook '/home/sven/ros2_ws/install/my_robot_interfaces/share/my_robot_interfaces/hook/ld_library_path_lib.sh'
[1.052s] Level 1:colcon.colcon_core.environment:checking '/home/sven/ros2_ws/install/my_robot_interfaces/bin'
[1.052s] Level 1:colcon.colcon_core.environment:checking '/home/sven/ros2_ws/install/my_robot_interfaces/lib/pkgconfig/my_robot_interfaces.pc'
[1.052s] Level 1:colcon.colcon_core.environment:checking '/home/sven/ros2_ws/install/my_robot_interfaces/lib/python3.10/site-packages'
[1.053s] Level 1:colcon.colcon_core.environment:checking '/home/sven/ros2_ws/install/my_robot_interfaces/bin'
[1.058s] INFO:colcon.colcon_core.shell:Creating package script '/home/sven/ros2_ws/install/my_robot_interfaces/share/my_robot_interfaces/package.ps1'
[1.058s] INFO:colcon.colcon_core.shell:Creating package descriptor '/home/sven/ros2_ws/install/my_robot_interfaces/share/my_robot_interfaces/package.dsv'
[1.058s] INFO:colcon.colcon_core.shell:Creating package script '/home/sven/ros2_ws/install/my_robot_interfaces/share/my_robot_interfaces/package.sh'
[1.058s] INFO:colcon.colcon_core.shell:Creating package script '/home/sven/ros2_ws/install/my_robot_interfaces/share/my_robot_interfaces/package.bash'
[1.058s] INFO:colcon.colcon_core.shell:Creating package script '/home/sven/ros2_ws/install/my_robot_interfaces/share/my_robot_interfaces/package.zsh'
[1.059s] Level 1:colcon.colcon_core.environment:create_file_with_runtime_dependencies(/home/sven/ros2_ws/install/my_robot_interfaces/share/colcon-core/packages/my_robot_interfaces)
[1.059s] INFO:colcon.colcon_ros.task.ament_cmake.build:Building ROS package in '/home/sven/ros2_ws/src/my_cpp_pkg' with build type 'ament_cmake'
[1.059s] INFO:colcon.colcon_cmake.task.cmake.build:Building CMake package in '/home/sven/ros2_ws/src/my_cpp_pkg'
[1.066s] INFO:colcon.colcon_core.shell:Skip shell extension 'powershell' for command environment: Not usable outside of PowerShell
[1.066s] DEBUG:colcon.colcon_core.shell:Skip shell extension 'dsv' for command environment
[1.089s] INFO:colcon.colcon_ros.task.ament_python.build:Building ROS package in '/home/sven/ros2_ws/src/my_py_pkg' with build type 'ament_python'
[1.089s] Level 1:colcon.colcon_core.shell:create_environment_hook('my_py_pkg', 'ament_prefix_path')
[1.095s] INFO:colcon.colcon_core.shell:Creating environment hook '/home/sven/ros2_ws/install/my_py_pkg/share/my_py_pkg/hook/ament_prefix_path.ps1'
[1.095s] INFO:colcon.colcon_core.shell:Creating environment descriptor '/home/sven/ros2_ws/install/my_py_pkg/share/my_py_pkg/hook/ament_prefix_path.dsv'
[1.096s] INFO:colcon.colcon_core.shell:Creating environment hook '/home/sven/ros2_ws/install/my_py_pkg/share/my_py_pkg/hook/ament_prefix_path.sh'
[1.102s] INFO:colcon.colcon_core.shell:Skip shell extension 'powershell' for command environment: Not usable outside of PowerShell
[1.102s] DEBUG:colcon.colcon_core.shell:Skip shell extension 'dsv' for command environment
[1.126s] INFO:colcon.colcon_ros.task.ament_cmake.build:Building ROS package in '/home/sven/ros2_ws/src/actions_cpp' with build type 'ament_cmake'
[1.126s] INFO:colcon.colcon_cmake.task.cmake.build:Building CMake package in '/home/sven/ros2_ws/src/actions_cpp'
[1.132s] INFO:colcon.colcon_core.shell:Skip shell extension 'powershell' for command environment: Not usable outside of PowerShell
[1.132s] DEBUG:colcon.colcon_core.shell:Skip shell extension 'dsv' for command environment
[1.155s] INFO:colcon.colcon_ros.task.ament_python.build:Building ROS package in '/home/sven/ros2_ws/src/actions_py' with build type 'ament_python'
[1.155s] Level 1:colcon.colcon_core.shell:create_environment_hook('actions_py', 'ament_prefix_path')
[1.161s] INFO:colcon.colcon_core.shell:Creating environment hook '/home/sven/ros2_ws/install/actions_py/share/actions_py/hook/ament_prefix_path.ps1'
[1.162s] INFO:colcon.colcon_core.shell:Creating environment descriptor '/home/sven/ros2_ws/install/actions_py/share/actions_py/hook/ament_prefix_path.dsv'
[1.162s] INFO:colcon.colcon_core.shell:Creating environment hook '/home/sven/ros2_ws/install/actions_py/share/actions_py/hook/ament_prefix_path.sh'
[1.168s] INFO:colcon.colcon_core.shell:Skip shell extension 'powershell' for command environment: Not usable outside of PowerShell
[1.168s] DEBUG:colcon.colcon_core.shell:Skip shell extension 'dsv' for command environment
[1.191s] INFO:colcon.colcon_ros.task.ament_cmake.build:Building ROS package in '/home/sven/ros2_ws/src/turtlesim_catch_them_all' with build type 'ament_cmake'
[1.191s] INFO:colcon.colcon_cmake.task.cmake.build:Building CMake package in '/home/sven/ros2_ws/src/turtlesim_catch_them_all'
[1.198s] INFO:colcon.colcon_core.shell:Skip shell extension 'powershell' for command environment: Not usable outside of PowerShell
[1.198s] DEBUG:colcon.colcon_core.shell:Skip shell extension 'dsv' for command environment
[1.223s] DEBUG:colcon.colcon_core.event_handler.log_command:Invoking command in '/home/sven/ros2_ws/build/my_cpp_pkg': CMAKE_PREFIX_PATH=/home/sven/ros2_ws/install/my_robot_interfaces:/home/sven/ros2_ws/install/turtlesim_catch_them_all:/home/sven/ros2_ws/install/my_robot_bringup:/home/sven/ros2_ws/install/my_cpp_pkg:/home/sven/ros2_ws/install/actions_cpp:/home/sven/ros2_ws/install/my_robot_description:/home/sven/install/my_robot_description:/home/sven/ros2_ws/install/my_py_pkg:/home/sven/ros2_ws/install/actions_py:/opt/ros/humble LD_LIBRARY_PATH=/home/sven/ros2_ws/install/my_robot_interfaces/lib:/usr/lib/x86_64-linux-gnu/gazebo-11/plugins:/opt/ros/humble/opt/rviz_ogre_vendor/lib:/opt/ros/humble/lib/x86_64-linux-gnu:/opt/ros/humble/lib:/usr/share/gazebo/../../lib/x86_64-linux-gnu/gazebo-11/plugins /usr/bin/cmake --build /home/sven/ros2_ws/build/my_cpp_pkg -- -j20 -l20
[1.342s] INFO:colcon.colcon_core.task.python.build:Building Python package in '/home/sven/ros2_ws/src/my_py_pkg'
[1.348s] INFO:colcon.colcon_core.shell:Skip shell extension 'powershell' for command environment: Not usable outside of PowerShell
[1.349s] DEBUG:colcon.colcon_core.shell:Skip shell extension 'dsv' for command environment
[1.374s] DEBUG:colcon.colcon_core.event_handler.log_command:Invoking command in '/home/sven/ros2_ws/build/actions_cpp': CMAKE_PREFIX_PATH=/home/sven/ros2_ws/install/my_robot_interfaces:/home/sven/ros2_ws/install/turtlesim_catch_them_all:/home/sven/ros2_ws/install/my_robot_bringup:/home/sven/ros2_ws/install/my_cpp_pkg:/home/sven/ros2_ws/install/actions_cpp:/home/sven/ros2_ws/install/my_robot_description:/home/sven/install/my_robot_description:/home/sven/ros2_ws/install/my_py_pkg:/home/sven/ros2_ws/install/actions_py:/opt/ros/humble LD_LIBRARY_PATH=/home/sven/ros2_ws/install/my_robot_interfaces/lib:/usr/lib/x86_64-linux-gnu/gazebo-11/plugins:/opt/ros/humble/opt/rviz_ogre_vendor/lib:/opt/ros/humble/lib/x86_64-linux-gnu:/opt/ros/humble/lib:/usr/share/gazebo/../../lib/x86_64-linux-gnu/gazebo-11/plugins /usr/bin/cmake --build /home/sven/ros2_ws/build/actions_cpp -- -j20 -l20
[1.491s] INFO:colcon.colcon_core.task.python.build:Building Python package in '/home/sven/ros2_ws/src/actions_py'
[1.497s] INFO:colcon.colcon_core.shell:Skip shell extension 'powershell' for command environment: Not usable outside of PowerShell
[1.497s] DEBUG:colcon.colcon_core.shell:Skip shell extension 'dsv' for command environment
[1.525s] DEBUG:colcon.colcon_core.event_handler.log_command:Invoking command in '/home/sven/ros2_ws/build/turtlesim_catch_them_all': CMAKE_PREFIX_PATH=/home/sven/ros2_ws/install/my_robot_interfaces:/home/sven/ros2_ws/install/turtlesim_catch_them_all:/home/sven/ros2_ws/install/my_robot_bringup:/home/sven/ros2_ws/install/my_cpp_pkg:/home/sven/ros2_ws/install/actions_cpp:/home/sven/ros2_ws/install/my_robot_description:/home/sven/install/my_robot_description:/home/sven/ros2_ws/install/my_py_pkg:/home/sven/ros2_ws/install/actions_py:/opt/ros/humble LD_LIBRARY_PATH=/home/sven/ros2_ws/install/my_robot_interfaces/lib:/usr/lib/x86_64-linux-gnu/gazebo-11/plugins:/opt/ros/humble/opt/rviz_ogre_vendor/lib:/opt/ros/humble/lib/x86_64-linux-gnu:/opt/ros/humble/lib:/usr/share/gazebo/../../lib/x86_64-linux-gnu/gazebo-11/plugins /usr/bin/cmake --build /home/sven/ros2_ws/build/turtlesim_catch_them_all -- -j20 -l20
[1.526s] DEBUG:colcon.colcon_core.event_handler.log_command:Invoked command in '/home/sven/ros2_ws/build/my_cpp_pkg' returned '0': CMAKE_PREFIX_PATH=/home/sven/ros2_ws/install/my_robot_interfaces:/home/sven/ros2_ws/install/turtlesim_catch_them_all:/home/sven/ros2_ws/install/my_robot_bringup:/home/sven/ros2_ws/install/my_cpp_pkg:/home/sven/ros2_ws/install/actions_cpp:/home/sven/ros2_ws/install/my_robot_description:/home/sven/install/my_robot_description:/home/sven/ros2_ws/install/my_py_pkg:/home/sven/ros2_ws/install/actions_py:/opt/ros/humble LD_LIBRARY_PATH=/home/sven/ros2_ws/install/my_robot_interfaces/lib:/usr/lib/x86_64-linux-gnu/gazebo-11/plugins:/opt/ros/humble/opt/rviz_ogre_vendor/lib:/opt/ros/humble/lib/x86_64-linux-gnu:/opt/ros/humble/lib:/usr/share/gazebo/../../lib/x86_64-linux-gnu/gazebo-11/plugins /usr/bin/cmake --build /home/sven/ros2_ws/build/my_cpp_pkg -- -j20 -l20
[1.552s] DEBUG:colcon.colcon_core.event_handler.log_command:Invoking command in '/home/sven/ros2_ws/build/my_cpp_pkg': CMAKE_PREFIX_PATH=/home/sven/ros2_ws/install/my_robot_interfaces:/home/sven/ros2_ws/install/turtlesim_catch_them_all:/home/sven/ros2_ws/install/my_robot_bringup:/home/sven/ros2_ws/install/my_cpp_pkg:/home/sven/ros2_ws/install/actions_cpp:/home/sven/ros2_ws/install/my_robot_description:/home/sven/install/my_robot_description:/home/sven/ros2_ws/install/my_py_pkg:/home/sven/ros2_ws/install/actions_py:/opt/ros/humble LD_LIBRARY_PATH=/home/sven/ros2_ws/install/my_robot_interfaces/lib:/usr/lib/x86_64-linux-gnu/gazebo-11/plugins:/opt/ros/humble/opt/rviz_ogre_vendor/lib:/opt/ros/humble/lib/x86_64-linux-gnu:/opt/ros/humble/lib:/usr/share/gazebo/../../lib/x86_64-linux-gnu/gazebo-11/plugins /usr/bin/cmake --install /home/sven/ros2_ws/build/my_cpp_pkg
[1.559s] Level 1:colcon.colcon_core.environment:create_environment_scripts_only(my_cpp_pkg)
[1.560s] DEBUG:colcon.colcon_core.event_handler.log_command:Invoked command in '/home/sven/ros2_ws/build/my_cpp_pkg' returned '0': CMAKE_PREFIX_PATH=/home/sven/ros2_ws/install/my_robot_interfaces:/home/sven/ros2_ws/install/turtlesim_catch_them_all:/home/sven/ros2_ws/install/my_robot_bringup:/home/sven/ros2_ws/install/my_cpp_pkg:/home/sven/ros2_ws/install/actions_cpp:/home/sven/ros2_ws/install/my_robot_description:/home/sven/install/my_robot_description:/home/sven/ros2_ws/install/my_py_pkg:/home/sven/ros2_ws/install/actions_py:/opt/ros/humble LD_LIBRARY_PATH=/home/sven/ros2_ws/install/my_robot_interfaces/lib:/usr/lib/x86_64-linux-gnu/gazebo-11/plugins:/opt/ros/humble/opt/rviz_ogre_vendor/lib:/opt/ros/humble/lib/x86_64-linux-gnu:/opt/ros/humble/lib:/usr/share/gazebo/../../lib/x86_64-linux-gnu/gazebo-11/plugins /usr/bin/cmake --install /home/sven/ros2_ws/build/my_cpp_pkg
[1.569s] Level 1:colcon.colcon_core.environment:checking '/home/sven/ros2_ws/install/my_cpp_pkg' for CMake module files
[1.569s] Level 1:colcon.colcon_core.environment:checking '/home/sven/ros2_ws/install/my_cpp_pkg' for CMake config files
[1.569s] Level 1:colcon.colcon_core.shell:create_environment_hook('my_cpp_pkg', 'cmake_prefix_path')
[1.575s] INFO:colcon.colcon_core.shell:Creating environment hook '/home/sven/ros2_ws/install/my_cpp_pkg/share/my_cpp_pkg/hook/cmake_prefix_path.ps1'
[1.575s] INFO:colcon.colcon_core.shell:Creating environment descriptor '/home/sven/ros2_ws/install/my_cpp_pkg/share/my_cpp_pkg/hook/cmake_prefix_path.dsv'
[1.575s] INFO:colcon.colcon_core.shell:Creating environment hook '/home/sven/ros2_ws/install/my_cpp_pkg/share/my_cpp_pkg/hook/cmake_prefix_path.sh'
[1.575s] Level 1:colcon.colcon_core.environment:checking '/home/sven/ros2_ws/install/my_cpp_pkg/lib'
[1.575s] Level 1:colcon.colcon_core.environment:checking '/home/sven/ros2_ws/install/my_cpp_pkg/bin'
[1.575s] Level 1:colcon.colcon_core.environment:checking '/home/sven/ros2_ws/install/my_cpp_pkg/lib/pkgconfig/my_cpp_pkg.pc'
[1.576s] Level 1:colcon.colcon_core.environment:checking '/home/sven/ros2_ws/install/my_cpp_pkg/lib/python3.10/site-packages'
[1.576s] Level 1:colcon.colcon_core.environment:checking '/home/sven/ros2_ws/install/my_cpp_pkg/bin'
[1.582s] INFO:colcon.colcon_core.shell:Creating package script '/home/sven/ros2_ws/install/my_cpp_pkg/share/my_cpp_pkg/package.ps1'
[1.582s] INFO:colcon.colcon_core.shell:Creating package descriptor '/home/sven/ros2_ws/install/my_cpp_pkg/share/my_cpp_pkg/package.dsv'
[1.582s] INFO:colcon.colcon_core.shell:Creating package script '/home/sven/ros2_ws/install/my_cpp_pkg/share/my_cpp_pkg/package.sh'
[1.582s] INFO:colcon.colcon_core.shell:Creating package script '/home/sven/ros2_ws/install/my_cpp_pkg/share/my_cpp_pkg/package.bash'
[1.582s] INFO:colcon.colcon_core.shell:Creating package script '/home/sven/ros2_ws/install/my_cpp_pkg/share/my_cpp_pkg/package.zsh'
[1.582s] Level 1:colcon.colcon_core.environment:create_file_with_runtime_dependencies(/home/sven/ros2_ws/install/my_cpp_pkg/share/colcon-core/packages/my_cpp_pkg)
[1.585s] DEBUG:colcon.colcon_core.event_handler.log_command:Invoked command in '/home/sven/ros2_ws/build/turtlesim_catch_them_all' returned '0': CMAKE_PREFIX_PATH=/home/sven/ros2_ws/install/my_robot_interfaces:/home/sven/ros2_ws/install/turtlesim_catch_them_all:/home/sven/ros2_ws/install/my_robot_bringup:/home/sven/ros2_ws/install/my_cpp_pkg:/home/sven/ros2_ws/install/actions_cpp:/home/sven/ros2_ws/install/my_robot_description:/home/sven/install/my_robot_description:/home/sven/ros2_ws/install/my_py_pkg:/home/sven/ros2_ws/install/actions_py:/opt/ros/humble LD_LIBRARY_PATH=/home/sven/ros2_ws/install/my_robot_interfaces/lib:/usr/lib/x86_64-linux-gnu/gazebo-11/plugins:/opt/ros/humble/opt/rviz_ogre_vendor/lib:/opt/ros/humble/lib/x86_64-linux-gnu:/opt/ros/humble/lib:/usr/share/gazebo/../../lib/x86_64-linux-gnu/gazebo-11/plugins /usr/bin/cmake --build /home/sven/ros2_ws/build/turtlesim_catch_them_all -- -j20 -l20
[1.600s] DEBUG:colcon.colcon_core.event_handler.log_command:Invoking command in '/home/sven/ros2_ws/build/turtlesim_catch_them_all': CMAKE_PREFIX_PATH=/home/sven/ros2_ws/install/my_robot_interfaces:/home/sven/ros2_ws/install/turtlesim_catch_them_all:/home/sven/ros2_ws/install/my_robot_bringup:/home/sven/ros2_ws/install/my_cpp_pkg:/home/sven/ros2_ws/install/actions_cpp:/home/sven/ros2_ws/install/my_robot_description:/home/sven/install/my_robot_description:/home/sven/ros2_ws/install/my_py_pkg:/home/sven/ros2_ws/install/actions_py:/opt/ros/humble LD_LIBRARY_PATH=/home/sven/ros2_ws/install/my_robot_interfaces/lib:/usr/lib/x86_64-linux-gnu/gazebo-11/plugins:/opt/ros/humble/opt/rviz_ogre_vendor/lib:/opt/ros/humble/lib/x86_64-linux-gnu:/opt/ros/humble/lib:/usr/share/gazebo/../../lib/x86_64-linux-gnu/gazebo-11/plugins /usr/bin/cmake --install /home/sven/ros2_ws/build/turtlesim_catch_them_all
[1.607s] Level 1:colcon.colcon_core.environment:create_environment_scripts_only(turtlesim_catch_them_all)
[1.608s] DEBUG:colcon.colcon_core.event_handler.log_command:Invoked command in '/home/sven/ros2_ws/build/turtlesim_catch_them_all' returned '0': CMAKE_PREFIX_PATH=/home/sven/ros2_ws/install/my_robot_interfaces:/home/sven/ros2_ws/install/turtlesim_catch_them_all:/home/sven/ros2_ws/install/my_robot_bringup:/home/sven/ros2_ws/install/my_cpp_pkg:/home/sven/ros2_ws/install/actions_cpp:/home/sven/ros2_ws/install/my_robot_description:/home/sven/install/my_robot_description:/home/sven/ros2_ws/install/my_py_pkg:/home/sven/ros2_ws/install/actions_py:/opt/ros/humble LD_LIBRARY_PATH=/home/sven/ros2_ws/install/my_robot_interfaces/lib:/usr/lib/x86_64-linux-gnu/gazebo-11/plugins:/opt/ros/humble/opt/rviz_ogre_vendor/lib:/opt/ros/humble/lib/x86_64-linux-gnu:/opt/ros/humble/lib:/usr/share/gazebo/../../lib/x86_64-linux-gnu/gazebo-11/plugins /usr/bin/cmake --install /home/sven/ros2_ws/build/turtlesim_catch_them_all
[1.618s] Level 1:colcon.colcon_core.environment:checking '/home/sven/ros2_ws/install/turtlesim_catch_them_all' for CMake module files
[1.619s] Level 1:colcon.colcon_core.environment:checking '/home/sven/ros2_ws/install/turtlesim_catch_them_all' for CMake config files
[1.619s] Level 1:colcon.colcon_core.shell:create_environment_hook('turtlesim_catch_them_all', 'cmake_prefix_path')
[1.624s] INFO:colcon.colcon_core.shell:Creating environment hook '/home/sven/ros2_ws/install/turtlesim_catch_them_all/share/turtlesim_catch_them_all/hook/cmake_prefix_path.ps1'
[1.624s] INFO:colcon.colcon_core.shell:Creating environment descriptor '/home/sven/ros2_ws/install/turtlesim_catch_them_all/share/turtlesim_catch_them_all/hook/cmake_prefix_path.dsv'
[1.625s] INFO:colcon.colcon_core.shell:Creating environment hook '/home/sven/ros2_ws/install/turtlesim_catch_them_all/share/turtlesim_catch_them_all/hook/cmake_prefix_path.sh'
[1.625s] Level 1:colcon.colcon_core.environment:checking '/home/sven/ros2_ws/install/turtlesim_catch_them_all/lib'
[1.625s] Level 1:colcon.colcon_core.environment:checking '/home/sven/ros2_ws/install/turtlesim_catch_them_all/bin'
[1.625s] Level 1:colcon.colcon_core.environment:checking '/home/sven/ros2_ws/install/turtlesim_catch_them_all/lib/pkgconfig/turtlesim_catch_them_all.pc'
[1.625s] Level 1:colcon.colcon_core.environment:checking '/home/sven/ros2_ws/install/turtlesim_catch_them_all/lib/python3.10/site-packages'
[1.625s] Level 1:colcon.colcon_core.environment:checking '/home/sven/ros2_ws/install/turtlesim_catch_them_all/bin'
[1.632s] INFO:colcon.colcon_core.shell:Creating package script '/home/sven/ros2_ws/install/turtlesim_catch_them_all/share/turtlesim_catch_them_all/package.ps1'
[1.633s] INFO:colcon.colcon_core.shell:Creating package descriptor '/home/sven/ros2_ws/install/turtlesim_catch_them_all/share/turtlesim_catch_them_all/package.dsv'
[1.633s] INFO:colcon.colcon_core.shell:Creating package script '/home/sven/ros2_ws/install/turtlesim_catch_them_all/share/turtlesim_catch_them_all/package.sh'
[1.633s] INFO:colcon.colcon_core.shell:Creating package script '/home/sven/ros2_ws/install/turtlesim_catch_them_all/share/turtlesim_catch_them_all/package.bash'
[1.633s] INFO:colcon.colcon_core.shell:Creating package script '/home/sven/ros2_ws/install/turtlesim_catch_them_all/share/turtlesim_catch_them_all/package.zsh'
[1.633s] Level 1:colcon.colcon_core.environment:create_file_with_runtime_dependencies(/home/sven/ros2_ws/install/turtlesim_catch_them_all/share/colcon-core/packages/turtlesim_catch_them_all)
[1.640s] Level 1:colcon.colcon_core.environment:create_environment_scripts_only(my_cpp_pkg)
[1.646s] Level 1:colcon.colcon_core.environment:checking '/home/sven/ros2_ws/install/my_cpp_pkg' for CMake module files
[1.646s] Level 1:colcon.colcon_core.environment:checking '/home/sven/ros2_ws/install/my_cpp_pkg' for CMake config files
[1.647s] Level 1:colcon.colcon_core.shell:create_environment_hook('my_cpp_pkg', 'cmake_prefix_path')
[1.653s] INFO:colcon.colcon_core.shell:Creating environment hook '/home/sven/ros2_ws/install/my_cpp_pkg/share/my_cpp_pkg/hook/cmake_prefix_path.ps1'
[1.653s] INFO:colcon.colcon_core.shell:Creating environment descriptor '/home/sven/ros2_ws/install/my_cpp_pkg/share/my_cpp_pkg/hook/cmake_prefix_path.dsv'
[1.653s] INFO:colcon.colcon_core.shell:Creating environment hook '/home/sven/ros2_ws/install/my_cpp_pkg/share/my_cpp_pkg/hook/cmake_prefix_path.sh'
[1.653s] Level 1:colcon.colcon_core.environment:checking '/home/sven/ros2_ws/install/my_cpp_pkg/lib'
[1.653s] Level 1:colcon.colcon_core.environment:checking '/home/sven/ros2_ws/install/my_cpp_pkg/bin'
[1.654s] Level 1:colcon.colcon_core.environment:checking '/home/sven/ros2_ws/install/my_cpp_pkg/lib/pkgconfig/my_cpp_pkg.pc'
[1.654s] Level 1:colcon.colcon_core.environment:checking '/home/sven/ros2_ws/install/my_cpp_pkg/lib/python3.10/site-packages'
[1.654s] Level 1:colcon.colcon_core.environment:checking '/home/sven/ros2_ws/install/my_cpp_pkg/bin'
[1.659s] INFO:colcon.colcon_core.shell:Creating package script '/home/sven/ros2_ws/install/my_cpp_pkg/share/my_cpp_pkg/package.ps1'
[1.659s] INFO:colcon.colcon_core.shell:Creating package descriptor '/home/sven/ros2_ws/install/my_cpp_pkg/share/my_cpp_pkg/package.dsv'
[1.660s] INFO:colcon.colcon_core.shell:Creating package script '/home/sven/ros2_ws/install/my_cpp_pkg/share/my_cpp_pkg/package.sh'
[1.660s] INFO:colcon.colcon_core.shell:Creating package script '/home/sven/ros2_ws/install/my_cpp_pkg/share/my_cpp_pkg/package.bash'
[1.660s] INFO:colcon.colcon_core.shell:Creating package script '/home/sven/ros2_ws/install/my_cpp_pkg/share/my_cpp_pkg/package.zsh'
[1.660s] Level 1:colcon.colcon_core.environment:create_file_with_runtime_dependencies(/home/sven/ros2_ws/install/my_cpp_pkg/share/colcon-core/packages/my_cpp_pkg)
[1.667s] Level 1:colcon.colcon_core.environment:create_environment_scripts_only(turtlesim_catch_them_all)
[1.673s] Level 1:colcon.colcon_core.environment:checking '/home/sven/ros2_ws/install/turtlesim_catch_them_all' for CMake module files
[1.673s] Level 1:colcon.colcon_core.environment:checking '/home/sven/ros2_ws/install/turtlesim_catch_them_all' for CMake config files
[1.673s] Level 1:colcon.colcon_core.shell:create_environment_hook('turtlesim_catch_them_all', 'cmake_prefix_path')
[1.679s] INFO:colcon.colcon_core.shell:Creating environment hook '/home/sven/ros2_ws/install/turtlesim_catch_them_all/share/turtlesim_catch_them_all/hook/cmake_prefix_path.ps1'
[1.680s] INFO:colcon.colcon_core.shell:Creating environment descriptor '/home/sven/ros2_ws/install/turtlesim_catch_them_all/share/turtlesim_catch_them_all/hook/cmake_prefix_path.dsv'
[1.680s] INFO:colcon.colcon_core.shell:Creating environment hook '/home/sven/ros2_ws/install/turtlesim_catch_them_all/share/turtlesim_catch_them_all/hook/cmake_prefix_path.sh'
[1.680s] Level 1:colcon.colcon_core.environment:checking '/home/sven/ros2_ws/install/turtlesim_catch_them_all/lib'
[1.680s] Level 1:colcon.colcon_core.environment:checking '/home/sven/ros2_ws/install/turtlesim_catch_them_all/bin'
[1.680s] Level 1:colcon.colcon_core.environment:checking '/home/sven/ros2_ws/install/turtlesim_catch_them_all/lib/pkgconfig/turtlesim_catch_them_all.pc'
[1.680s] Level 1:colcon.colcon_core.environment:checking '/home/sven/ros2_ws/install/turtlesim_catch_them_all/lib/python3.10/site-packages'
[1.681s] Level 1:colcon.colcon_core.environment:checking '/home/sven/ros2_ws/install/turtlesim_catch_them_all/bin'
[1.687s] INFO:colcon.colcon_core.shell:Creating package script '/home/sven/ros2_ws/install/turtlesim_catch_them_all/share/turtlesim_catch_them_all/package.ps1'
[1.687s] INFO:colcon.colcon_core.shell:Creating package descriptor '/home/sven/ros2_ws/install/turtlesim_catch_them_all/share/turtlesim_catch_them_all/package.dsv'
[1.687s] INFO:colcon.colcon_core.shell:Creating package script '/home/sven/ros2_ws/install/turtlesim_catch_them_all/share/turtlesim_catch_them_all/package.sh'
[1.688s] INFO:colcon.colcon_core.shell:Creating package script '/home/sven/ros2_ws/install/turtlesim_catch_them_all/share/turtlesim_catch_them_all/package.bash'
[1.688s] INFO:colcon.colcon_core.shell:Creating package script '/home/sven/ros2_ws/install/turtlesim_catch_them_all/share/turtlesim_catch_them_all/package.zsh'
[1.688s] Level 1:colcon.colcon_core.environment:create_file_with_runtime_dependencies(/home/sven/ros2_ws/install/turtlesim_catch_them_all/share/colcon-core/packages/turtlesim_catch_them_all)
[1.707s] DEBUG:colcon.colcon_core.event_handler.log_command:Invoking command in '/home/sven/ros2_ws/src/actions_py': CMAKE_PREFIX_PATH=/home/sven/ros2_ws/install/my_robot_interfaces:/home/sven/ros2_ws/install/turtlesim_catch_them_all:/home/sven/ros2_ws/install/my_robot_bringup:/home/sven/ros2_ws/install/my_cpp_pkg:/home/sven/ros2_ws/install/actions_cpp:/home/sven/ros2_ws/install/my_robot_description:/home/sven/install/my_robot_description LD_LIBRARY_PATH=/home/sven/ros2_ws/install/my_robot_interfaces/lib:/usr/lib/x86_64-linux-gnu/gazebo-11/plugins:/opt/ros/humble/opt/rviz_ogre_vendor/lib:/opt/ros/humble/lib/x86_64-linux-gnu:/opt/ros/humble/lib:/usr/share/gazebo/../../lib/x86_64-linux-gnu/gazebo-11/plugins PYTHONPATH=/home/sven/ros2_ws/build/actions_py/prefix_override:/home/sven/ros2_ws/install/actions_py/lib/python3.10/site-packages:${PYTHONPATH} /usr/bin/python3 setup.py egg_info --egg-base ../../build/actions_py build --build-base /home/sven/ros2_ws/build/actions_py/build install --record /home/sven/ros2_ws/build/actions_py/install.log --single-version-externally-managed
[1.710s] DEBUG:colcon.colcon_core.event_handler.log_command:Invoking command in '/home/sven/ros2_ws/src/my_py_pkg': CMAKE_PREFIX_PATH=/home/sven/ros2_ws/install/my_robot_interfaces:/home/sven/ros2_ws/install/turtlesim_catch_them_all:/home/sven/ros2_ws/install/my_robot_bringup:/home/sven/ros2_ws/install/my_cpp_pkg:/home/sven/ros2_ws/install/actions_cpp:/home/sven/ros2_ws/install/my_robot_description:/home/sven/install/my_robot_description LD_LIBRARY_PATH=/home/sven/ros2_ws/install/my_robot_interfaces/lib:/usr/lib/x86_64-linux-gnu/gazebo-11/plugins:/opt/ros/humble/opt/rviz_ogre_vendor/lib:/opt/ros/humble/lib/x86_64-linux-gnu:/opt/ros/humble/lib:/usr/share/gazebo/../../lib/x86_64-linux-gnu/gazebo-11/plugins PYTHONPATH=/home/sven/ros2_ws/build/my_py_pkg/prefix_override:/home/sven/ros2_ws/install/my_py_pkg/lib/python3.10/site-packages:${PYTHONPATH} /usr/bin/python3 setup.py egg_info --egg-base ../../build/my_py_pkg build --build-base /home/sven/ros2_ws/build/my_py_pkg/build install --record /home/sven/ros2_ws/build/my_py_pkg/install.log --single-version-externally-managed
[1.851s] DEBUG:colcon.colcon_core.event_handler.log_command:Invoked command in '/home/sven/ros2_ws/src/my_py_pkg' returned '0': CMAKE_PREFIX_PATH=/home/sven/ros2_ws/install/my_robot_interfaces:/home/sven/ros2_ws/install/turtlesim_catch_them_all:/home/sven/ros2_ws/install/my_robot_bringup:/home/sven/ros2_ws/install/my_cpp_pkg:/home/sven/ros2_ws/install/actions_cpp:/home/sven/ros2_ws/install/my_robot_description:/home/sven/install/my_robot_description LD_LIBRARY_PATH=/home/sven/ros2_ws/install/my_robot_interfaces/lib:/usr/lib/x86_64-linux-gnu/gazebo-11/plugins:/opt/ros/humble/opt/rviz_ogre_vendor/lib:/opt/ros/humble/lib/x86_64-linux-gnu:/opt/ros/humble/lib:/usr/share/gazebo/../../lib/x86_64-linux-gnu/gazebo-11/plugins PYTHONPATH=/home/sven/ros2_ws/build/my_py_pkg/prefix_override:/home/sven/ros2_ws/install/my_py_pkg/lib/python3.10/site-packages:${PYTHONPATH} /usr/bin/python3 setup.py egg_info --egg-base ../../build/my_py_pkg build --build-base /home/sven/ros2_ws/build/my_py_pkg/build install --record /home/sven/ros2_ws/build/my_py_pkg/install.log --single-version-externally-managed
[1.859s] Level 1:colcon.colcon_core.environment:checking '/home/sven/ros2_ws/install/my_py_pkg' for CMake module files
[1.859s] Level 1:colcon.colcon_core.environment:checking '/home/sven/ros2_ws/install/my_py_pkg' for CMake config files
[1.859s] Level 1:colcon.colcon_core.environment:checking '/home/sven/ros2_ws/install/my_py_pkg/lib'
[1.859s] Level 1:colcon.colcon_core.environment:checking '/home/sven/ros2_ws/install/my_py_pkg/bin'
[1.859s] Level 1:colcon.colcon_core.environment:checking '/home/sven/ros2_ws/install/my_py_pkg/lib/pkgconfig/my_py_pkg.pc'
[1.859s] Level 1:colcon.colcon_core.environment:checking '/home/sven/ros2_ws/install/my_py_pkg/lib/python3.10/site-packages'
[1.859s] Level 1:colcon.colcon_core.shell:create_environment_hook('my_py_pkg', 'pythonpath')
[1.866s] INFO:colcon.colcon_core.shell:Creating environment hook '/home/sven/ros2_ws/install/my_py_pkg/share/my_py_pkg/hook/pythonpath.ps1'
[1.866s] INFO:colcon.colcon_core.shell:Creating environment descriptor '/home/sven/ros2_ws/install/my_py_pkg/share/my_py_pkg/hook/pythonpath.dsv'
[1.866s] INFO:colcon.colcon_core.shell:Creating environment hook '/home/sven/ros2_ws/install/my_py_pkg/share/my_py_pkg/hook/pythonpath.sh'
[1.867s] Level 1:colcon.colcon_core.environment:checking '/home/sven/ros2_ws/install/my_py_pkg/bin'
[1.867s] Level 1:colcon.colcon_core.environment:create_environment_scripts_only(my_py_pkg)
[1.872s] INFO:colcon.colcon_core.shell:Creating package script '/home/sven/ros2_ws/install/my_py_pkg/share/my_py_pkg/package.ps1'
[1.873s] INFO:colcon.colcon_core.shell:Creating package descriptor '/home/sven/ros2_ws/install/my_py_pkg/share/my_py_pkg/package.dsv'
[1.873s] INFO:colcon.colcon_core.shell:Creating package script '/home/sven/ros2_ws/install/my_py_pkg/share/my_py_pkg/package.sh'
[1.873s] INFO:colcon.colcon_core.shell:Creating package script '/home/sven/ros2_ws/install/my_py_pkg/share/my_py_pkg/package.bash'
[1.873s] INFO:colcon.colcon_core.shell:Creating package script '/home/sven/ros2_ws/install/my_py_pkg/share/my_py_pkg/package.zsh'
[1.874s] Level 1:colcon.colcon_core.environment:create_file_with_runtime_dependencies(/home/sven/ros2_ws/install/my_py_pkg/share/colcon-core/packages/my_py_pkg)
[1.874s] INFO:colcon.colcon_ros.task.ament_cmake.build:Building ROS package in '/home/sven/ros2_ws/src/my_robot_bringup' with build type 'ament_cmake'
[1.874s] INFO:colcon.colcon_cmake.task.cmake.build:Building CMake package in '/home/sven/ros2_ws/src/my_robot_bringup'
[1.880s] INFO:colcon.colcon_core.shell:Skip shell extension 'powershell' for command environment: Not usable outside of PowerShell
[1.880s] DEBUG:colcon.colcon_core.shell:Skip shell extension 'dsv' for command environment
[1.905s] DEBUG:colcon.colcon_core.event_handler.log_command:Invoked command in '/home/sven/ros2_ws/src/actions_py' returned '0': CMAKE_PREFIX_PATH=/home/sven/ros2_ws/install/my_robot_interfaces:/home/sven/ros2_ws/install/turtlesim_catch_them_all:/home/sven/ros2_ws/install/my_robot_bringup:/home/sven/ros2_ws/install/my_cpp_pkg:/home/sven/ros2_ws/install/actions_cpp:/home/sven/ros2_ws/install/my_robot_description:/home/sven/install/my_robot_description LD_LIBRARY_PATH=/home/sven/ros2_ws/install/my_robot_interfaces/lib:/usr/lib/x86_64-linux-gnu/gazebo-11/plugins:/opt/ros/humble/opt/rviz_ogre_vendor/lib:/opt/ros/humble/lib/x86_64-linux-gnu:/opt/ros/humble/lib:/usr/share/gazebo/../../lib/x86_64-linux-gnu/gazebo-11/plugins PYTHONPATH=/home/sven/ros2_ws/build/actions_py/prefix_override:/home/sven/ros2_ws/install/actions_py/lib/python3.10/site-packages:${PYTHONPATH} /usr/bin/python3 setup.py egg_info --egg-base ../../build/actions_py build --build-base /home/sven/ros2_ws/build/actions_py/build install --record /home/sven/ros2_ws/build/actions_py/install.log --single-version-externally-managed
[1.911s] Level 1:colcon.colcon_core.environment:checking '/home/sven/ros2_ws/install/actions_py' for CMake module files
[1.911s] Level 1:colcon.colcon_core.environment:checking '/home/sven/ros2_ws/install/actions_py' for CMake config files
[1.911s] Level 1:colcon.colcon_core.environment:checking '/home/sven/ros2_ws/install/actions_py/lib'
[1.911s] Level 1:colcon.colcon_core.environment:checking '/home/sven/ros2_ws/install/actions_py/bin'
[1.911s] Level 1:colcon.colcon_core.environment:checking '/home/sven/ros2_ws/install/actions_py/lib/pkgconfig/actions_py.pc'
[1.912s] Level 1:colcon.colcon_core.environment:checking '/home/sven/ros2_ws/install/actions_py/lib/python3.10/site-packages'
[1.912s] Level 1:colcon.colcon_core.shell:create_environment_hook('actions_py', 'pythonpath')
[1.918s] INFO:colcon.colcon_core.shell:Creating environment hook '/home/sven/ros2_ws/install/actions_py/share/actions_py/hook/pythonpath.ps1'
[1.918s] INFO:colcon.colcon_core.shell:Creating environment descriptor '/home/sven/ros2_ws/install/actions_py/share/actions_py/hook/pythonpath.dsv'
[1.918s] INFO:colcon.colcon_core.shell:Creating environment hook '/home/sven/ros2_ws/install/actions_py/share/actions_py/hook/pythonpath.sh'
[1.918s] Level 1:colcon.colcon_core.environment:checking '/home/sven/ros2_ws/install/actions_py/bin'
[1.918s] Level 1:colcon.colcon_core.environment:create_environment_scripts_only(actions_py)
[1.924s] INFO:colcon.colcon_core.shell:Creating package script '/home/sven/ros2_ws/install/actions_py/share/actions_py/package.ps1'
[1.924s] INFO:colcon.colcon_core.shell:Creating package descriptor '/home/sven/ros2_ws/install/actions_py/share/actions_py/package.dsv'
[1.925s] INFO:colcon.colcon_core.shell:Creating package script '/home/sven/ros2_ws/install/actions_py/share/actions_py/package.sh'
[1.925s] INFO:colcon.colcon_core.shell:Creating package script '/home/sven/ros2_ws/install/actions_py/share/actions_py/package.bash'
[1.925s] INFO:colcon.colcon_core.shell:Creating package script '/home/sven/ros2_ws/install/actions_py/share/actions_py/package.zsh'
[1.925s] Level 1:colcon.colcon_core.environment:create_file_with_runtime_dependencies(/home/sven/ros2_ws/install/actions_py/share/colcon-core/packages/actions_py)
[1.927s] DEBUG:colcon.colcon_core.event_handler.log_command:Invoking command in '/home/sven/ros2_ws/build/my_robot_bringup': AMENT_PREFIX_PATH=/home/sven/ros2_ws/install/my_py_pkg:/home/sven/ros2_ws/install/turtlesim_catch_them_all:/home/sven/ros2_ws/install/my_robot_bringup:/home/sven/ros2_ws/install/my_cpp_pkg:/home/sven/ros2_ws/install/actions_py:/home/sven/ros2_ws/install/actions_cpp:/home/sven/ros2_ws/install/my_robot_interfaces:/home/sven/ros2_ws/install/my_robot_description:/home/sven/install/my_robot_description:/opt/ros/humble CMAKE_PREFIX_PATH=/home/sven/ros2_ws/install/my_cpp_pkg:/home/sven/ros2_ws/install/my_robot_interfaces:/home/sven/ros2_ws/install/my_robot_description:/home/sven/ros2_ws/install/turtlesim_catch_them_all:/home/sven/ros2_ws/install/my_robot_bringup:/home/sven/ros2_ws/install/actions_cpp:/home/sven/install/my_robot_description:/home/sven/ros2_ws/install/my_py_pkg:/home/sven/ros2_ws/install/actions_py:/opt/ros/humble LD_LIBRARY_PATH=/home/sven/ros2_ws/install/my_robot_interfaces/lib:/usr/lib/x86_64-linux-gnu/gazebo-11/plugins:/opt/ros/humble/opt/rviz_ogre_vendor/lib:/opt/ros/humble/lib/x86_64-linux-gnu:/opt/ros/humble/lib:/usr/share/gazebo/../../lib/x86_64-linux-gnu/gazebo-11/plugins /usr/bin/cmake --build /home/sven/ros2_ws/build/my_robot_bringup -- -j20 -l20
[1.949s] DEBUG:colcon.colcon_core.event_handler.log_command:Invoked command in '/home/sven/ros2_ws/build/my_robot_bringup' returned '0': AMENT_PREFIX_PATH=/home/sven/ros2_ws/install/my_py_pkg:/home/sven/ros2_ws/install/turtlesim_catch_them_all:/home/sven/ros2_ws/install/my_robot_bringup:/home/sven/ros2_ws/install/my_cpp_pkg:/home/sven/ros2_ws/install/actions_py:/home/sven/ros2_ws/install/actions_cpp:/home/sven/ros2_ws/install/my_robot_interfaces:/home/sven/ros2_ws/install/my_robot_description:/home/sven/install/my_robot_description:/opt/ros/humble CMAKE_PREFIX_PATH=/home/sven/ros2_ws/install/my_cpp_pkg:/home/sven/ros2_ws/install/my_robot_interfaces:/home/sven/ros2_ws/install/my_robot_description:/home/sven/ros2_ws/install/turtlesim_catch_them_all:/home/sven/ros2_ws/install/my_robot_bringup:/home/sven/ros2_ws/install/actions_cpp:/home/sven/install/my_robot_description:/home/sven/ros2_ws/install/my_py_pkg:/home/sven/ros2_ws/install/actions_py:/opt/ros/humble LD_LIBRARY_PATH=/home/sven/ros2_ws/install/my_robot_interfaces/lib:/usr/lib/x86_64-linux-gnu/gazebo-11/plugins:/opt/ros/humble/opt/rviz_ogre_vendor/lib:/opt/ros/humble/lib/x86_64-linux-gnu:/opt/ros/humble/lib:/usr/share/gazebo/../../lib/x86_64-linux-gnu/gazebo-11/plugins /usr/bin/cmake --build /home/sven/ros2_ws/build/my_robot_bringup -- -j20 -l20
[1.960s] DEBUG:colcon.colcon_core.event_handler.log_command:Invoking command in '/home/sven/ros2_ws/build/my_robot_bringup': AMENT_PREFIX_PATH=/home/sven/ros2_ws/install/my_py_pkg:/home/sven/ros2_ws/install/turtlesim_catch_them_all:/home/sven/ros2_ws/install/my_robot_bringup:/home/sven/ros2_ws/install/my_cpp_pkg:/home/sven/ros2_ws/install/actions_py:/home/sven/ros2_ws/install/actions_cpp:/home/sven/ros2_ws/install/my_robot_interfaces:/home/sven/ros2_ws/install/my_robot_description:/home/sven/install/my_robot_description:/opt/ros/humble CMAKE_PREFIX_PATH=/home/sven/ros2_ws/install/my_cpp_pkg:/home/sven/ros2_ws/install/my_robot_interfaces:/home/sven/ros2_ws/install/my_robot_description:/home/sven/ros2_ws/install/turtlesim_catch_them_all:/home/sven/ros2_ws/install/my_robot_bringup:/home/sven/ros2_ws/install/actions_cpp:/home/sven/install/my_robot_description:/home/sven/ros2_ws/install/my_py_pkg:/home/sven/ros2_ws/install/actions_py:/opt/ros/humble LD_LIBRARY_PATH=/home/sven/ros2_ws/install/my_robot_interfaces/lib:/usr/lib/x86_64-linux-gnu/gazebo-11/plugins:/opt/ros/humble/opt/rviz_ogre_vendor/lib:/opt/ros/humble/lib/x86_64-linux-gnu:/opt/ros/humble/lib:/usr/share/gazebo/../../lib/x86_64-linux-gnu/gazebo-11/plugins /usr/bin/cmake --install /home/sven/ros2_ws/build/my_robot_bringup
[1.974s] Level 1:colcon.colcon_core.environment:create_environment_scripts_only(my_robot_bringup)
[1.975s] DEBUG:colcon.colcon_core.event_handler.log_command:Invoked command in '/home/sven/ros2_ws/build/my_robot_bringup' returned '0': AMENT_PREFIX_PATH=/home/sven/ros2_ws/install/my_py_pkg:/home/sven/ros2_ws/install/turtlesim_catch_them_all:/home/sven/ros2_ws/install/my_robot_bringup:/home/sven/ros2_ws/install/my_cpp_pkg:/home/sven/ros2_ws/install/actions_py:/home/sven/ros2_ws/install/actions_cpp:/home/sven/ros2_ws/install/my_robot_interfaces:/home/sven/ros2_ws/install/my_robot_description:/home/sven/install/my_robot_description:/opt/ros/humble CMAKE_PREFIX_PATH=/home/sven/ros2_ws/install/my_cpp_pkg:/home/sven/ros2_ws/install/my_robot_interfaces:/home/sven/ros2_ws/install/my_robot_description:/home/sven/ros2_ws/install/turtlesim_catch_them_all:/home/sven/ros2_ws/install/my_robot_bringup:/home/sven/ros2_ws/install/actions_cpp:/home/sven/install/my_robot_description:/home/sven/ros2_ws/install/my_py_pkg:/home/sven/ros2_ws/install/actions_py:/opt/ros/humble LD_LIBRARY_PATH=/home/sven/ros2_ws/install/my_robot_interfaces/lib:/usr/lib/x86_64-linux-gnu/gazebo-11/plugins:/opt/ros/humble/opt/rviz_ogre_vendor/lib:/opt/ros/humble/lib/x86_64-linux-gnu:/opt/ros/humble/lib:/usr/share/gazebo/../../lib/x86_64-linux-gnu/gazebo-11/plugins /usr/bin/cmake --install /home/sven/ros2_ws/build/my_robot_bringup
[1.981s] Level 1:colcon.colcon_core.environment:checking '/home/sven/ros2_ws/install/my_robot_bringup' for CMake module files
[1.981s] Level 1:colcon.colcon_core.environment:checking '/home/sven/ros2_ws/install/my_robot_bringup' for CMake config files
[1.981s] Level 1:colcon.colcon_core.shell:create_environment_hook('my_robot_bringup', 'cmake_prefix_path')
[1.987s] INFO:colcon.colcon_core.shell:Creating environment hook '/home/sven/ros2_ws/install/my_robot_bringup/share/my_robot_bringup/hook/cmake_prefix_path.ps1'
[1.988s] INFO:colcon.colcon_core.shell:Creating environment descriptor '/home/sven/ros2_ws/install/my_robot_bringup/share/my_robot_bringup/hook/cmake_prefix_path.dsv'
[1.988s] INFO:colcon.colcon_core.shell:Creating environment hook '/home/sven/ros2_ws/install/my_robot_bringup/share/my_robot_bringup/hook/cmake_prefix_path.sh'
[1.988s] Level 1:colcon.colcon_core.environment:checking '/home/sven/ros2_ws/install/my_robot_bringup/bin'
[1.988s] Level 1:colcon.colcon_core.environment:checking '/home/sven/ros2_ws/install/my_robot_bringup/lib/pkgconfig/my_robot_bringup.pc'
[1.988s] Level 1:colcon.colcon_core.environment:checking '/home/sven/ros2_ws/install/my_robot_bringup/lib/python3.10/site-packages'
[1.988s] Level 1:colcon.colcon_core.environment:checking '/home/sven/ros2_ws/install/my_robot_bringup/bin'
[1.993s] INFO:colcon.colcon_core.shell:Creating package script '/home/sven/ros2_ws/install/my_robot_bringup/share/my_robot_bringup/package.ps1'
[1.994s] INFO:colcon.colcon_core.shell:Creating package descriptor '/home/sven/ros2_ws/install/my_robot_bringup/share/my_robot_bringup/package.dsv'
[1.994s] INFO:colcon.colcon_core.shell:Creating package script '/home/sven/ros2_ws/install/my_robot_bringup/share/my_robot_bringup/package.sh'
[1.994s] INFO:colcon.colcon_core.shell:Creating package script '/home/sven/ros2_ws/install/my_robot_bringup/share/my_robot_bringup/package.bash'
[1.994s] INFO:colcon.colcon_core.shell:Creating package script '/home/sven/ros2_ws/install/my_robot_bringup/share/my_robot_bringup/package.zsh'
[1.994s] Level 1:colcon.colcon_core.environment:create_file_with_runtime_dependencies(/home/sven/ros2_ws/install/my_robot_bringup/share/colcon-core/packages/my_robot_bringup)
[2.014s] Level 1:colcon.colcon_core.environment:create_environment_scripts_only(my_robot_bringup)
[2.020s] Level 1:colcon.colcon_core.environment:checking '/home/sven/ros2_ws/install/my_robot_bringup' for CMake module files
[2.020s] Level 1:colcon.colcon_core.environment:checking '/home/sven/ros2_ws/install/my_robot_bringup' for CMake config files
[2.020s] Level 1:colcon.colcon_core.shell:create_environment_hook('my_robot_bringup', 'cmake_prefix_path')
[2.025s] INFO:colcon.colcon_core.shell:Creating environment hook '/home/sven/ros2_ws/install/my_robot_bringup/share/my_robot_bringup/hook/cmake_prefix_path.ps1'
[2.026s] INFO:colcon.colcon_core.shell:Creating environment descriptor '/home/sven/ros2_ws/install/my_robot_bringup/share/my_robot_bringup/hook/cmake_prefix_path.dsv'
[2.026s] INFO:colcon.colcon_core.shell:Creating environment hook '/home/sven/ros2_ws/install/my_robot_bringup/share/my_robot_bringup/hook/cmake_prefix_path.sh'
[2.026s] Level 1:colcon.colcon_core.environment:checking '/home/sven/ros2_ws/install/my_robot_bringup/bin'
[2.026s] Level 1:colcon.colcon_core.environment:checking '/home/sven/ros2_ws/install/my_robot_bringup/lib/pkgconfig/my_robot_bringup.pc'
[2.026s] Level 1:colcon.colcon_core.environment:checking '/home/sven/ros2_ws/install/my_robot_bringup/lib/python3.10/site-packages'
[2.026s] Level 1:colcon.colcon_core.environment:checking '/home/sven/ros2_ws/install/my_robot_bringup/bin'
[2.032s] INFO:colcon.colcon_core.shell:Creating package script '/home/sven/ros2_ws/install/my_robot_bringup/share/my_robot_bringup/package.ps1'
[2.032s] INFO:colcon.colcon_core.shell:Creating package descriptor '/home/sven/ros2_ws/install/my_robot_bringup/share/my_robot_bringup/package.dsv'
[2.033s] INFO:colcon.colcon_core.shell:Creating package script '/home/sven/ros2_ws/install/my_robot_bringup/share/my_robot_bringup/package.sh'
[2.033s] INFO:colcon.colcon_core.shell:Creating package script '/home/sven/ros2_ws/install/my_robot_bringup/share/my_robot_bringup/package.bash'
[2.033s] INFO:colcon.colcon_core.shell:Creating package script '/home/sven/ros2_ws/install/my_robot_bringup/share/my_robot_bringup/package.zsh'
[2.033s] Level 1:colcon.colcon_core.environment:create_file_with_runtime_dependencies(/home/sven/ros2_ws/install/my_robot_bringup/share/colcon-core/packages/my_robot_bringup)
[3.349s] DEBUG:colcon.colcon_core.event_handler.log_command:Invoked command in '/home/sven/ros2_ws/build/actions_cpp' returned '0': CMAKE_PREFIX_PATH=/home/sven/ros2_ws/install/my_robot_interfaces:/home/sven/ros2_ws/install/turtlesim_catch_them_all:/home/sven/ros2_ws/install/my_robot_bringup:/home/sven/ros2_ws/install/my_cpp_pkg:/home/sven/ros2_ws/install/actions_cpp:/home/sven/ros2_ws/install/my_robot_description:/home/sven/install/my_robot_description:/home/sven/ros2_ws/install/my_py_pkg:/home/sven/ros2_ws/install/actions_py:/opt/ros/humble LD_LIBRARY_PATH=/home/sven/ros2_ws/install/my_robot_interfaces/lib:/usr/lib/x86_64-linux-gnu/gazebo-11/plugins:/opt/ros/humble/opt/rviz_ogre_vendor/lib:/opt/ros/humble/lib/x86_64-linux-gnu:/opt/ros/humble/lib:/usr/share/gazebo/../../lib/x86_64-linux-gnu/gazebo-11/plugins /usr/bin/cmake --build /home/sven/ros2_ws/build/actions_cpp -- -j20 -l20
[3.363s] DEBUG:colcon.colcon_core.event_handler.log_command:Invoking command in '/home/sven/ros2_ws/build/actions_cpp': CMAKE_PREFIX_PATH=/home/sven/ros2_ws/install/my_robot_interfaces:/home/sven/ros2_ws/install/turtlesim_catch_them_all:/home/sven/ros2_ws/install/my_robot_bringup:/home/sven/ros2_ws/install/my_cpp_pkg:/home/sven/ros2_ws/install/actions_cpp:/home/sven/ros2_ws/install/my_robot_description:/home/sven/install/my_robot_description:/home/sven/ros2_ws/install/my_py_pkg:/home/sven/ros2_ws/install/actions_py:/opt/ros/humble LD_LIBRARY_PATH=/home/sven/ros2_ws/install/my_robot_interfaces/lib:/usr/lib/x86_64-linux-gnu/gazebo-11/plugins:/opt/ros/humble/opt/rviz_ogre_vendor/lib:/opt/ros/humble/lib/x86_64-linux-gnu:/opt/ros/humble/lib:/usr/share/gazebo/../../lib/x86_64-linux-gnu/gazebo-11/plugins /usr/bin/cmake --install /home/sven/ros2_ws/build/actions_cpp
[3.369s] Level 1:colcon.colcon_core.environment:create_environment_scripts_only(actions_cpp)
[3.369s] DEBUG:colcon.colcon_core.event_handler.log_command:Invoked command in '/home/sven/ros2_ws/build/actions_cpp' returned '0': CMAKE_PREFIX_PATH=/home/sven/ros2_ws/install/my_robot_interfaces:/home/sven/ros2_ws/install/turtlesim_catch_them_all:/home/sven/ros2_ws/install/my_robot_bringup:/home/sven/ros2_ws/install/my_cpp_pkg:/home/sven/ros2_ws/install/actions_cpp:/home/sven/ros2_ws/install/my_robot_description:/home/sven/install/my_robot_description:/home/sven/ros2_ws/install/my_py_pkg:/home/sven/ros2_ws/install/actions_py:/opt/ros/humble LD_LIBRARY_PATH=/home/sven/ros2_ws/install/my_robot_interfaces/lib:/usr/lib/x86_64-linux-gnu/gazebo-11/plugins:/opt/ros/humble/opt/rviz_ogre_vendor/lib:/opt/ros/humble/lib/x86_64-linux-gnu:/opt/ros/humble/lib:/usr/share/gazebo/../../lib/x86_64-linux-gnu/gazebo-11/plugins /usr/bin/cmake --install /home/sven/ros2_ws/build/actions_cpp
[3.375s] Level 1:colcon.colcon_core.environment:checking '/home/sven/ros2_ws/install/actions_cpp' for CMake module files
[3.375s] Level 1:colcon.colcon_core.environment:checking '/home/sven/ros2_ws/install/actions_cpp' for CMake config files
[3.375s] Level 1:colcon.colcon_core.shell:create_environment_hook('actions_cpp', 'cmake_prefix_path')
[3.381s] INFO:colcon.colcon_core.shell:Creating environment hook '/home/sven/ros2_ws/install/actions_cpp/share/actions_cpp/hook/cmake_prefix_path.ps1'
[3.381s] INFO:colcon.colcon_core.shell:Creating environment descriptor '/home/sven/ros2_ws/install/actions_cpp/share/actions_cpp/hook/cmake_prefix_path.dsv'
[3.381s] INFO:colcon.colcon_core.shell:Creating environment hook '/home/sven/ros2_ws/install/actions_cpp/share/actions_cpp/hook/cmake_prefix_path.sh'
[3.382s] Level 1:colcon.colcon_core.environment:checking '/home/sven/ros2_ws/install/actions_cpp/lib'
[3.382s] Level 1:colcon.colcon_core.environment:checking '/home/sven/ros2_ws/install/actions_cpp/bin'
[3.382s] Level 1:colcon.colcon_core.environment:checking '/home/sven/ros2_ws/install/actions_cpp/lib/pkgconfig/actions_cpp.pc'
[3.382s] Level 1:colcon.colcon_core.environment:checking '/home/sven/ros2_ws/install/actions_cpp/lib/python3.10/site-packages'
[3.382s] Level 1:colcon.colcon_core.environment:checking '/home/sven/ros2_ws/install/actions_cpp/bin'
[3.388s] INFO:colcon.colcon_core.shell:Creating package script '/home/sven/ros2_ws/install/actions_cpp/share/actions_cpp/package.ps1'
[3.388s] INFO:colcon.colcon_core.shell:Creating package descriptor '/home/sven/ros2_ws/install/actions_cpp/share/actions_cpp/package.dsv'
[3.388s] INFO:colcon.colcon_core.shell:Creating package script '/home/sven/ros2_ws/install/actions_cpp/share/actions_cpp/package.sh'
[3.388s] INFO:colcon.colcon_core.shell:Creating package script '/home/sven/ros2_ws/install/actions_cpp/share/actions_cpp/package.bash'
[3.389s] INFO:colcon.colcon_core.shell:Creating package script '/home/sven/ros2_ws/install/actions_cpp/share/actions_cpp/package.zsh'
[3.389s] Level 1:colcon.colcon_core.environment:create_file_with_runtime_dependencies(/home/sven/ros2_ws/install/actions_cpp/share/colcon-core/packages/actions_cpp)
[3.413s] Level 1:colcon.colcon_core.environment:create_environment_scripts_only(actions_cpp)
[3.419s] Level 1:colcon.colcon_core.environment:checking '/home/sven/ros2_ws/install/actions_cpp' for CMake module files
[3.419s] Level 1:colcon.colcon_core.environment:checking '/home/sven/ros2_ws/install/actions_cpp' for CMake config files
[3.419s] Level 1:colcon.colcon_core.shell:create_environment_hook('actions_cpp', 'cmake_prefix_path')
[3.424s] INFO:colcon.colcon_core.shell:Creating environment hook '/home/sven/ros2_ws/install/actions_cpp/share/actions_cpp/hook/cmake_prefix_path.ps1'
[3.424s] INFO:colcon.colcon_core.shell:Creating environment descriptor '/home/sven/ros2_ws/install/actions_cpp/share/actions_cpp/hook/cmake_prefix_path.dsv'
[3.425s] INFO:colcon.colcon_core.shell:Creating environment hook '/home/sven/ros2_ws/install/actions_cpp/share/actions_cpp/hook/cmake_prefix_path.sh'
[3.425s] Level 1:colcon.colcon_core.environment:checking '/home/sven/ros2_ws/install/actions_cpp/lib'
[3.425s] Level 1:colcon.colcon_core.environment:checking '/home/sven/ros2_ws/install/actions_cpp/bin'
[3.425s] Level 1:colcon.colcon_core.environment:checking '/home/sven/ros2_ws/install/actions_cpp/lib/pkgconfig/actions_cpp.pc'
[3.425s] Level 1:colcon.colcon_core.environment:checking '/home/sven/ros2_ws/install/actions_cpp/lib/python3.10/site-packages'
[3.425s] Level 1:colcon.colcon_core.environment:checking '/home/sven/ros2_ws/install/actions_cpp/bin'
[3.435s] INFO:colcon.colcon_core.shell:Creating package script '/home/sven/ros2_ws/install/actions_cpp/share/actions_cpp/package.ps1'
[3.436s] INFO:colcon.colcon_core.shell:Creating package descriptor '/home/sven/ros2_ws/install/actions_cpp/share/actions_cpp/package.dsv'
[3.436s] INFO:colcon.colcon_core.shell:Creating package script '/home/sven/ros2_ws/install/actions_cpp/share/actions_cpp/package.sh'
[3.436s] INFO:colcon.colcon_core.shell:Creating package script '/home/sven/ros2_ws/install/actions_cpp/share/actions_cpp/package.bash'
[3.436s] INFO:colcon.colcon_core.shell:Creating package script '/home/sven/ros2_ws/install/actions_cpp/share/actions_cpp/package.zsh'
[3.436s] Level 1:colcon.colcon_core.environment:create_file_with_runtime_dependencies(/home/sven/ros2_ws/install/actions_cpp/share/colcon-core/packages/actions_cpp)
[3.436s] DEBUG:colcon.colcon_parallel_executor.executor.parallel:closing loop
[3.437s] DEBUG:colcon.colcon_parallel_executor.executor.parallel:loop closed
[3.437s] DEBUG:colcon.colcon_parallel_executor.executor.parallel:run_until_complete finished with '0'
[3.437s] DEBUG:colcon.colcon_core.event_reactor:joining thread
[3.447s] INFO:colcon.colcon_core.plugin_system:Skipping extension 'colcon_notification.desktop_notification.terminal_notifier': Not used on non-Darwin systems
[3.447s] INFO:colcon.colcon_core.plugin_system:Skipping extension 'colcon_notification.desktop_notification.win32': Not used on non-Windows systems
[3.447s] INFO:colcon.colcon_notification.desktop_notification:Sending desktop notification using 'notify2'
[3.453s] DEBUG:colcon.colcon_core.event_reactor:joined thread
[3.459s] INFO:colcon.colcon_core.shell:Creating prefix script '/home/sven/ros2_ws/install/local_setup.ps1'
[3.459s] INFO:colcon.colcon_core.shell:Creating prefix util module '/home/sven/ros2_ws/install/_local_setup_util_ps1.py'
[3.460s] INFO:colcon.colcon_core.shell:Creating prefix chain script '/home/sven/ros2_ws/install/setup.ps1'
[3.466s] INFO:colcon.colcon_core.shell:Creating prefix script '/home/sven/ros2_ws/install/local_setup.sh'
[3.466s] INFO:colcon.colcon_core.shell:Creating prefix util module '/home/sven/ros2_ws/install/_local_setup_util_sh.py'
[3.466s] INFO:colcon.colcon_core.shell:Creating prefix chain script '/home/sven/ros2_ws/install/setup.sh'
[3.472s] INFO:colcon.colcon_core.shell:Creating prefix script '/home/sven/ros2_ws/install/local_setup.bash'
[3.472s] INFO:colcon.colcon_core.shell:Creating prefix chain script '/home/sven/ros2_ws/install/setup.bash'
[3.478s] INFO:colcon.colcon_core.shell:Creating prefix script '/home/sven/ros2_ws/install/local_setup.zsh'
[3.478s] INFO:colcon.colcon_core.shell:Creating prefix chain script '/home/sven/ros2_ws/install/setup.zsh'
