[0.341s] Invoking command in '/home/cleanseasolutions/ros2_ws/src/my_py_pkg': PYTHONPATH=/home/cleanseasolutions/ros2_ws/build/my_py_pkg/prefix_override:/home/cleanseasolutions/ros2_ws/install/my_py_pkg/lib/python3.10/site-packages:${PYTHONPATH} /usr/bin/python3 setup.py egg_info --egg-base ../../build/my_py_pkg build --build-base /home/cleanseasolutions/ros2_ws/build/my_py_pkg/build install --record /home/cleanseasolutions/ros2_ws/build/my_py_pkg/install.log --single-version-externally-managed
[0.451s] running egg_info
[0.451s] creating ../../build/my_py_pkg/my_py_pkg.egg-info
[0.452s] writing ../../build/my_py_pkg/my_py_pkg.egg-info/PKG-INFO
[0.452s] writing dependency_links to ../../build/my_py_pkg/my_py_pkg.egg-info/dependency_links.txt
[0.452s] writing entry points to ../../build/my_py_pkg/my_py_pkg.egg-info/entry_points.txt
[0.452s] writing requirements to ../../build/my_py_pkg/my_py_pkg.egg-info/requires.txt
[0.452s] writing top-level names to ../../build/my_py_pkg/my_py_pkg.egg-info/top_level.txt
[0.452s] writing manifest file '../../build/my_py_pkg/my_py_pkg.egg-info/SOURCES.txt'
[0.453s] reading manifest file '../../build/my_py_pkg/my_py_pkg.egg-info/SOURCES.txt'
[0.453s] writing manifest file '../../build/my_py_pkg/my_py_pkg.egg-info/SOURCES.txt'
[0.453s] running build
[0.453s] running build_py
[0.453s] creating /home/cleanseasolutions/ros2_ws/build/my_py_pkg/build
[0.454s] creating /home/cleanseasolutions/ros2_ws/build/my_py_pkg/build/lib
[0.454s] creating /home/cleanseasolutions/ros2_ws/build/my_py_pkg/build/lib/my_py_pkg
[0.454s] /usr/lib/python3/dist-packages/setuptools/command/install.py:34: SetuptoolsDeprecationWarning: setup.py install is deprecated. Use build and pip and other standards-based tools.
[0.454s]   warnings.warn(
[0.454s] copying my_py_pkg/__init__.py -> /home/cleanseasolutions/ros2_ws/build/my_py_pkg/build/lib/my_py_pkg
[0.454s] running install
[0.454s] running install_lib
[0.454s] creating /home/cleanseasolutions/ros2_ws/install/my_py_pkg/lib/python3.10/site-packages/my_py_pkg
[0.454s] copying /home/cleanseasolutions/ros2_ws/build/my_py_pkg/build/lib/my_py_pkg/__init__.py -> /home/cleanseasolutions/ros2_ws/install/my_py_pkg/lib/python3.10/site-packages/my_py_pkg
[0.454s] byte-compiling /home/cleanseasolutions/ros2_ws/install/my_py_pkg/lib/python3.10/site-packages/my_py_pkg/__init__.py to __init__.cpython-310.pyc
[0.454s] running install_data
[0.455s] creating /home/cleanseasolutions/ros2_ws/install/my_py_pkg/share/ament_index
[0.455s] creating /home/cleanseasolutions/ros2_ws/install/my_py_pkg/share/ament_index/resource_index
[0.455s] creating /home/cleanseasolutions/ros2_ws/install/my_py_pkg/share/ament_index/resource_index/packages
[0.455s] copying resource/my_py_pkg -> /home/cleanseasolutions/ros2_ws/install/my_py_pkg/share/ament_index/resource_index/packages
[0.455s] copying package.xml -> /home/cleanseasolutions/ros2_ws/install/my_py_pkg/share/my_py_pkg
[0.455s] running install_egg_info
[0.456s] Copying ../../build/my_py_pkg/my_py_pkg.egg-info to /home/cleanseasolutions/ros2_ws/install/my_py_pkg/lib/python3.10/site-packages/my_py_pkg-0.0.0-py3.10.egg-info
[0.456s] running install_scripts
[0.468s] writing list of installed files to '/home/cleanseasolutions/ros2_ws/build/my_py_pkg/install.log'
[0.481s] Invoked command in '/home/cleanseasolutions/ros2_ws/src/my_py_pkg' returned '0': PYTHONPATH=/home/cleanseasolutions/ros2_ws/build/my_py_pkg/prefix_override:/home/cleanseasolutions/ros2_ws/install/my_py_pkg/lib/python3.10/site-packages:${PYTHONPATH} /usr/bin/python3 setup.py egg_info --egg-base ../../build/my_py_pkg build --build-base /home/cleanseasolutions/ros2_ws/build/my_py_pkg/build install --record /home/cleanseasolutions/ros2_ws/build/my_py_pkg/install.log --single-version-externally-managed
