[0.029s] Invoking command in '/home/cleanseasolutions/ros2_ws/build/my_cpp_pkg': CMAKE_PREFIX_PATH=${CMAKE_PREFIX_PATH}:/home/cleanseasolutions/ros2_ws/install/my_py_pkg:/opt/ros/humble /usr/bin/cmake --build /home/cleanseasolutions/ros2_ws/build/my_cpp_pkg -- -j16 -l16
[0.061s] [35m[1mConsolidate compiler generated dependencies of target led_panel_status_publisher[0m
[0.065s] [ 30%] Built target robot_news_station
[0.065s] [ 30%] Built target smartphone
[0.065s] [ 30%] Built target cpp_node
[0.065s] [ 40%] Built target number_publisher
[0.070s] [ 70%] Built target number_counter
[0.070s] [ 70%] Built target add_two_ints_server
[0.070s] [ 70%] Built target add_two_ints_client
[0.072s] [ 80%] Built target add_two_ints_client_no_oop
[0.072s] [ 85%] [32mBuilding CXX object CMakeFiles/led_panel_status_publisher.dir/src/led_panel_node.cpp.o[0m
[0.073s] [ 95%] Built target hardware_status_publisher
[1.220s] [01m[K/home/cleanseasolutions/ros2_ws/src/my_cpp_pkg/src/led_panel_node.cpp:[m[K In member function ‘[01m[Kvoid LEDPanelPublisherNode::publishLedPanelStatus()[m[K’:
[1.220s] [01m[K/home/cleanseasolutions/ros2_ws/src/my_cpp_pkg/src/led_panel_node.cpp:25:26:[m[K [01;31m[Kerror: [m[Kno match for ‘[01m[Koperator=[m[K’ (operand types are ‘[01m[Kmy_robot_interfaces::msg::LedStatus_<std::allocator<void> >::_led_status_type[m[K’ {aka ‘[01m[Kstd::vector<signed char, std::allocator<signed char> >[m[K’} and ‘[01m[Kstd::vector<long int, std::allocator<long int> >[m[K’)
[1.220s]    25 |         msg.led_status = [01;31m[Kled_states_[m[K;
[1.220s]       |                          [01;31m[K^~~~~~~~~~~[m[K
[1.220s] In file included from [01m[K/usr/include/c++/11/vector:72[m[K,
[1.220s]                  from [01m[K/usr/include/c++/11/functional:62[m[K,
[1.220s]                  from [01m[K/usr/include/c++/11/pstl/glue_algorithm_defs.h:13[m[K,
[1.220s]                  from [01m[K/usr/include/c++/11/algorithm:74[m[K,
[1.220s]                  from [01m[K/opt/ros/humble/include/rclcpp/rclcpp/executor.hpp:18[m[K,
[1.220s]                  from [01m[K/opt/ros/humble/include/rclcpp/rclcpp/executors/multi_threaded_executor.hpp:25[m[K,
[1.220s]                  from [01m[K/opt/ros/humble/include/rclcpp/rclcpp/executors.hpp:21[m[K,
[1.220s]                  from [01m[K/opt/ros/humble/include/rclcpp/rclcpp/rclcpp.hpp:155[m[K,
[1.221s]                  from [01m[K/home/cleanseasolutions/ros2_ws/src/my_cpp_pkg/src/led_panel_node.cpp:1[m[K:
[1.221s] [01m[K/usr/include/c++/11/bits/vector.tcc:198:5:[m[K [01;36m[Knote: [m[Kcandidate: ‘[01m[Kstd::vector<_Tp, _Alloc>& std::vector<_Tp, _Alloc>::operator=(const std::vector<_Tp, _Alloc>&) [with _Tp = signed char; _Alloc = std::allocator<signed char>][m[K’
[1.221s]   198 |     [01;36m[Kvector<_Tp, _Alloc>[m[K::
[1.221s]       |     [01;36m[K^~~~~~~~~~~~~~~~~~~[m[K
[1.221s] [01m[K/usr/include/c++/11/bits/vector.tcc:199:42:[m[K [01;36m[Knote: [m[K  no known conversion for argument 1 from ‘[01m[Kstd::vector<long int, std::allocator<long int> >[m[K’ to ‘[01m[Kconst std::vector<signed char, std::allocator<signed char> >&[m[K’
[1.221s]   199 |     operator=([01;36m[Kconst vector<_Tp, _Alloc>& __x[m[K)
[1.221s]       |               [01;36m[K~~~~~~~~~~~~~~~~~~~~~~~~~~~^~~[m[K
[1.221s] In file included from [01m[K/usr/include/c++/11/vector:67[m[K,
[1.221s]                  from [01m[K/usr/include/c++/11/functional:62[m[K,
[1.221s]                  from [01m[K/usr/include/c++/11/pstl/glue_algorithm_defs.h:13[m[K,
[1.221s]                  from [01m[K/usr/include/c++/11/algorithm:74[m[K,
[1.221s]                  from [01m[K/opt/ros/humble/include/rclcpp/rclcpp/executor.hpp:18[m[K,
[1.221s]                  from [01m[K/opt/ros/humble/include/rclcpp/rclcpp/executors/multi_threaded_executor.hpp:25[m[K,
[1.221s]                  from [01m[K/opt/ros/humble/include/rclcpp/rclcpp/executors.hpp:21[m[K,
[1.221s]                  from [01m[K/opt/ros/humble/include/rclcpp/rclcpp/rclcpp.hpp:155[m[K,
[1.221s]                  from [01m[K/home/cleanseasolutions/ros2_ws/src/my_cpp_pkg/src/led_panel_node.cpp:1[m[K:
[1.221s] [01m[K/usr/include/c++/11/bits/stl_vector.h:709:7:[m[K [01;36m[Knote: [m[Kcandidate: ‘[01m[Kstd::vector<_Tp, _Alloc>& std::vector<_Tp, _Alloc>::operator=(std::vector<_Tp, _Alloc>&&) [with _Tp = signed char; _Alloc = std::allocator<signed char>][m[K’
[1.221s]   709 |       [01;36m[Koperator[m[K=(vector&& __x) noexcept(_Alloc_traits::_S_nothrow_move())
[1.222s]       |       [01;36m[K^~~~~~~~[m[K
[1.222s] [01m[K/usr/include/c++/11/bits/stl_vector.h:709:26:[m[K [01;36m[Knote: [m[K  no known conversion for argument 1 from ‘[01m[Kstd::vector<long int, std::allocator<long int> >[m[K’ to ‘[01m[Kstd::vector<signed char, std::allocator<signed char> >&&[m[K’
[1.222s]   709 |       operator=([01;36m[Kvector&& __x[m[K) noexcept(_Alloc_traits::_S_nothrow_move())
[1.222s]       |                 [01;36m[K~~~~~~~~~^~~[m[K
[1.222s] [01m[K/usr/include/c++/11/bits/stl_vector.h:730:7:[m[K [01;36m[Knote: [m[Kcandidate: ‘[01m[Kstd::vector<_Tp, _Alloc>& std::vector<_Tp, _Alloc>::operator=(std::initializer_list<_Tp>) [with _Tp = signed char; _Alloc = std::allocator<signed char>][m[K’
[1.222s]   730 |       [01;36m[Koperator[m[K=(initializer_list<value_type> __l)
[1.222s]       |       [01;36m[K^~~~~~~~[m[K
[1.222s] [01m[K/usr/include/c++/11/bits/stl_vector.h:730:46:[m[K [01;36m[Knote: [m[K  no known conversion for argument 1 from ‘[01m[Kstd::vector<long int, std::allocator<long int> >[m[K’ to ‘[01m[Kstd::initializer_list<signed char>[m[K’
[1.222s]   730 |       operator=([01;36m[Kinitializer_list<value_type> __l[m[K)
[1.222s]       |                 [01;36m[K~~~~~~~~~~~~~~~~~~~~~~~~~~~~~^~~[m[K
[1.644s] gmake[2]: *** [CMakeFiles/led_panel_status_publisher.dir/build.make:76: CMakeFiles/led_panel_status_publisher.dir/src/led_panel_node.cpp.o] Error 1
[1.644s] gmake[1]: *** [CMakeFiles/Makefile2:389: CMakeFiles/led_panel_status_publisher.dir/all] Error 2
[1.644s] gmake: *** [Makefile:146: all] Error 2
[1.646s] Invoked command in '/home/cleanseasolutions/ros2_ws/build/my_cpp_pkg' returned '2': CMAKE_PREFIX_PATH=${CMAKE_PREFIX_PATH}:/home/cleanseasolutions/ros2_ws/install/my_py_pkg:/opt/ros/humble /usr/bin/cmake --build /home/cleanseasolutions/ros2_ws/build/my_cpp_pkg -- -j16 -l16
