[0.029s] Invoking command in '/home/cleanseasolutions/ros2_ws/build/my_cpp_pkg': CMAKE_PREFIX_PATH=${CMAKE_PREFIX_PATH}:/home/cleanseasolutions/ros2_ws/install/my_py_pkg:/opt/ros/humble /usr/bin/cmake --build /home/cleanseasolutions/ros2_ws/build/my_cpp_pkg -- -j16 -l16
[0.057s] [35m[1mConsolidate compiler generated dependencies of target add_two_ints_client_no_oop[0m
[0.060s] [ 80%] Built target smartphone
[0.061s] [ 80%] Built target cpp_node
[0.061s] [ 80%] Built target add_two_ints_server
[0.061s] [ 80%] Built target robot_news_station
[0.067s] [ 90%] [32mBuilding CXX object CMakeFiles/add_two_ints_client_no_oop.dir/src/add_two_ints_client_no_oop.cpp.o[0m
[1.871s] [100%] [32m[1mLinking CXX executable add_two_ints_client_no_oop[0m
[1.954s] [100%] Built target add_two_ints_client_no_oop
[1.963s] Invoked command in '/home/cleanseasolutions/ros2_ws/build/my_cpp_pkg' returned '0': CMAKE_PREFIX_PATH=${CMAKE_PREFIX_PATH}:/home/cleanseasolutions/ros2_ws/install/my_py_pkg:/opt/ros/humble /usr/bin/cmake --build /home/cleanseasolutions/ros2_ws/build/my_cpp_pkg -- -j16 -l16
[1.988s] Invoking command in '/home/cleanseasolutions/ros2_ws/build/my_cpp_pkg': CMAKE_PREFIX_PATH=${CMAKE_PREFIX_PATH}:/home/cleanseasolutions/ros2_ws/install/my_py_pkg:/opt/ros/humble /usr/bin/cmake --install /home/cleanseasolutions/ros2_ws/build/my_cpp_pkg
[1.991s] -- Install configuration: ""
[1.992s] -- Up-to-date: /home/cleanseasolutions/ros2_ws/install/my_cpp_pkg/lib/my_cpp_pkg/cpp_node
[1.992s] -- Up-to-date: /home/cleanseasolutions/ros2_ws/install/my_cpp_pkg/lib/my_cpp_pkg/robot_news_station
[1.992s] -- Up-to-date: /home/cleanseasolutions/ros2_ws/install/my_cpp_pkg/lib/my_cpp_pkg/smartphone
[1.992s] -- Up-to-date: /home/cleanseasolutions/ros2_ws/install/my_cpp_pkg/lib/my_cpp_pkg/add_two_ints_server
[1.992s] -- Installing: /home/cleanseasolutions/ros2_ws/install/my_cpp_pkg/lib/my_cpp_pkg/add_two_ints_client_no_oop
[1.993s] -- Set runtime path of "/home/cleanseasolutions/ros2_ws/install/my_cpp_pkg/lib/my_cpp_pkg/add_two_ints_client_no_oop" to ""
[1.993s] -- Up-to-date: /home/cleanseasolutions/ros2_ws/install/my_cpp_pkg/share/ament_index/resource_index/package_run_dependencies/my_cpp_pkg
[1.993s] -- Up-to-date: /home/cleanseasolutions/ros2_ws/install/my_cpp_pkg/share/ament_index/resource_index/parent_prefix_path/my_cpp_pkg
[1.993s] -- Up-to-date: /home/cleanseasolutions/ros2_ws/install/my_cpp_pkg/share/my_cpp_pkg/environment/ament_prefix_path.sh
[1.993s] -- Installing: /home/cleanseasolutions/ros2_ws/install/my_cpp_pkg/share/my_cpp_pkg/environment/ament_prefix_path.dsv
[1.993s] -- Up-to-date: /home/cleanseasolutions/ros2_ws/install/my_cpp_pkg/share/my_cpp_pkg/environment/path.sh
[1.993s] -- Installing: /home/cleanseasolutions/ros2_ws/install/my_cpp_pkg/share/my_cpp_pkg/environment/path.dsv
[1.993s] -- Up-to-date: /home/cleanseasolutions/ros2_ws/install/my_cpp_pkg/share/my_cpp_pkg/local_setup.bash
[1.993s] -- Up-to-date: /home/cleanseasolutions/ros2_ws/install/my_cpp_pkg/share/my_cpp_pkg/local_setup.sh
[1.993s] -- Up-to-date: /home/cleanseasolutions/ros2_ws/install/my_cpp_pkg/share/my_cpp_pkg/local_setup.zsh
[1.993s] -- Installing: /home/cleanseasolutions/ros2_ws/install/my_cpp_pkg/share/my_cpp_pkg/local_setup.dsv
[1.993s] -- Installing: /home/cleanseasolutions/ros2_ws/install/my_cpp_pkg/share/my_cpp_pkg/package.dsv
[1.993s] -- Up-to-date: /home/cleanseasolutions/ros2_ws/install/my_cpp_pkg/share/ament_index/resource_index/packages/my_cpp_pkg
[1.993s] -- Up-to-date: /home/cleanseasolutions/ros2_ws/install/my_cpp_pkg/share/my_cpp_pkg/cmake/my_cpp_pkgConfig.cmake
[1.993s] -- Up-to-date: /home/cleanseasolutions/ros2_ws/install/my_cpp_pkg/share/my_cpp_pkg/cmake/my_cpp_pkgConfig-version.cmake
[1.993s] -- Up-to-date: /home/cleanseasolutions/ros2_ws/install/my_cpp_pkg/share/my_cpp_pkg/package.xml
[1.994s] Invoked command in '/home/cleanseasolutions/ros2_ws/build/my_cpp_pkg' returned '0': CMAKE_PREFIX_PATH=${CMAKE_PREFIX_PATH}:/home/cleanseasolutions/ros2_ws/install/my_py_pkg:/opt/ros/humble /usr/bin/cmake --install /home/cleanseasolutions/ros2_ws/build/my_cpp_pkg
