[0.046s] Invoking command in '/home/cleanseasolutions/ros2_ws/build/my_cpp_pkg': CMAKE_PREFIX_PATH=${CMAKE_PREFIX_PATH}:/home/cleanseasolutions/ros2_ws/install/my_py_pkg:/opt/ros/humble /usr/bin/cmake --build /home/cleanseasolutions/ros2_ws/build/my_cpp_pkg -- -j16 -l16
[0.075s] [35m[1mConsolidate compiler generated dependencies of target battery[0m
[0.083s] [  9%] Built target led_panel_status_publisher
[0.084s] [ 18%] Built target smartphone
[0.086s] [ 54%] Built target number_counter
[0.086s] [ 54%] Built target add_two_ints_client_no_oop
[0.087s] [ 54%] Built target number_publisher
[0.087s] [ 54%] Built target cpp_node
[0.087s] [ 63%] Built target hardware_status_publisher
[0.087s] [ 72%] Built target add_two_ints_server
[0.088s] [ 77%] [32mBuilding CXX object CMakeFiles/battery.dir/src/battery_node.cpp.o[0m
[0.089s] [ 86%] Built target robot_news_station
[0.089s] [ 95%] Built target add_two_ints_client
[2.476s] [100%] [32m[1mLinking CXX executable battery[0m
[2.573s] [100%] Built target battery
[2.582s] Invoked command in '/home/cleanseasolutions/ros2_ws/build/my_cpp_pkg' returned '0': CMAKE_PREFIX_PATH=${CMAKE_PREFIX_PATH}:/home/cleanseasolutions/ros2_ws/install/my_py_pkg:/opt/ros/humble /usr/bin/cmake --build /home/cleanseasolutions/ros2_ws/build/my_cpp_pkg -- -j16 -l16
[2.620s] Invoking command in '/home/cleanseasolutions/ros2_ws/build/my_cpp_pkg': CMAKE_PREFIX_PATH=${CMAKE_PREFIX_PATH}:/home/cleanseasolutions/ros2_ws/install/my_py_pkg:/opt/ros/humble /usr/bin/cmake --install /home/cleanseasolutions/ros2_ws/build/my_cpp_pkg
[2.624s] -- Install configuration: ""
[2.625s] -- Up-to-date: /home/cleanseasolutions/ros2_ws/install/my_cpp_pkg/lib/my_cpp_pkg/cpp_node
[2.625s] -- Up-to-date: /home/cleanseasolutions/ros2_ws/install/my_cpp_pkg/lib/my_cpp_pkg/robot_news_station
[2.625s] -- Up-to-date: /home/cleanseasolutions/ros2_ws/install/my_cpp_pkg/lib/my_cpp_pkg/smartphone
[2.625s] -- Up-to-date: /home/cleanseasolutions/ros2_ws/install/my_cpp_pkg/lib/my_cpp_pkg/number_publisher
[2.625s] -- Up-to-date: /home/cleanseasolutions/ros2_ws/install/my_cpp_pkg/lib/my_cpp_pkg/number_counter
[2.625s] -- Up-to-date: /home/cleanseasolutions/ros2_ws/install/my_cpp_pkg/lib/my_cpp_pkg/add_two_ints_server
[2.625s] -- Up-to-date: /home/cleanseasolutions/ros2_ws/install/my_cpp_pkg/lib/my_cpp_pkg/add_two_ints_client
[2.625s] -- Up-to-date: /home/cleanseasolutions/ros2_ws/install/my_cpp_pkg/lib/my_cpp_pkg/add_two_ints_client_no_oop
[2.625s] -- Up-to-date: /home/cleanseasolutions/ros2_ws/install/my_cpp_pkg/lib/my_cpp_pkg/hardware_status_publisher
[2.626s] -- Up-to-date: /home/cleanseasolutions/ros2_ws/install/my_cpp_pkg/lib/my_cpp_pkg/led_panel_status_publisher
[2.626s] -- Installing: /home/cleanseasolutions/ros2_ws/install/my_cpp_pkg/lib/my_cpp_pkg/battery
[2.626s] -- Set runtime path of "/home/cleanseasolutions/ros2_ws/install/my_cpp_pkg/lib/my_cpp_pkg/battery" to ""
[2.627s] -- Up-to-date: /home/cleanseasolutions/ros2_ws/install/my_cpp_pkg/share/ament_index/resource_index/package_run_dependencies/my_cpp_pkg
[2.627s] -- Up-to-date: /home/cleanseasolutions/ros2_ws/install/my_cpp_pkg/share/ament_index/resource_index/parent_prefix_path/my_cpp_pkg
[2.627s] -- Up-to-date: /home/cleanseasolutions/ros2_ws/install/my_cpp_pkg/share/my_cpp_pkg/environment/ament_prefix_path.sh
[2.627s] -- Up-to-date: /home/cleanseasolutions/ros2_ws/install/my_cpp_pkg/share/my_cpp_pkg/environment/ament_prefix_path.dsv
[2.627s] -- Up-to-date: /home/cleanseasolutions/ros2_ws/install/my_cpp_pkg/share/my_cpp_pkg/environment/path.sh
[2.627s] -- Up-to-date: /home/cleanseasolutions/ros2_ws/install/my_cpp_pkg/share/my_cpp_pkg/environment/path.dsv
[2.627s] -- Up-to-date: /home/cleanseasolutions/ros2_ws/install/my_cpp_pkg/share/my_cpp_pkg/local_setup.bash
[2.627s] -- Up-to-date: /home/cleanseasolutions/ros2_ws/install/my_cpp_pkg/share/my_cpp_pkg/local_setup.sh
[2.627s] -- Up-to-date: /home/cleanseasolutions/ros2_ws/install/my_cpp_pkg/share/my_cpp_pkg/local_setup.zsh
[2.627s] -- Up-to-date: /home/cleanseasolutions/ros2_ws/install/my_cpp_pkg/share/my_cpp_pkg/local_setup.dsv
[2.627s] -- Installing: /home/cleanseasolutions/ros2_ws/install/my_cpp_pkg/share/my_cpp_pkg/package.dsv
[2.627s] -- Up-to-date: /home/cleanseasolutions/ros2_ws/install/my_cpp_pkg/share/ament_index/resource_index/packages/my_cpp_pkg
[2.627s] -- Up-to-date: /home/cleanseasolutions/ros2_ws/install/my_cpp_pkg/share/my_cpp_pkg/cmake/my_cpp_pkgConfig.cmake
[2.627s] -- Up-to-date: /home/cleanseasolutions/ros2_ws/install/my_cpp_pkg/share/my_cpp_pkg/cmake/my_cpp_pkgConfig-version.cmake
[2.627s] -- Up-to-date: /home/cleanseasolutions/ros2_ws/install/my_cpp_pkg/share/my_cpp_pkg/package.xml
[2.628s] Invoked command in '/home/cleanseasolutions/ros2_ws/build/my_cpp_pkg' returned '0': CMAKE_PREFIX_PATH=${CMAKE_PREFIX_PATH}:/home/cleanseasolutions/ros2_ws/install/my_py_pkg:/opt/ros/humble /usr/bin/cmake --install /home/cleanseasolutions/ros2_ws/build/my_cpp_pkg
