[0.021s] Invoking command in '/home/sven/ros2_ws/build/my_robot_bringup': AMENT_PREFIX_PATH=/home/sven/ros2_ws/install/my_py_pkg:/home/sven/ros2_ws/install/my_cpp_pkg:/home/sven/ros2_ws/install/my_robot_interfaces:${AMENT_PREFIX_PATH} CMAKE_PREFIX_PATH=/home/sven/ros2_ws/install/my_cpp_pkg:/home/sven/ros2_ws/install/my_robot_interfaces:/opt/ros/humble LD_LIBRARY_PATH=/home/sven/ros2_ws/install/my_robot_interfaces/lib:${LD_LIBRARY_PATH} PYTHONPATH=/home/sven/ros2_ws/install/my_py_pkg/lib/python3.10/site-packages:/home/sven/ros2_ws/install/my_robot_interfaces/local/lib/python3.10/dist-packages:${PYTHONPATH} /usr/bin/cmake /home/sven/ros2_ws/src/my_robot_bringup -DCMAKE_INSTALL_PREFIX=/home/sven/ros2_ws/install/my_robot_bringup
[0.047s] -- The C compiler identification is GNU 11.4.0
[0.076s] -- The CXX compiler identification is GNU 11.4.0
[0.080s] -- Detecting C compiler ABI info
[0.115s] -- Detecting C compiler ABI info - done
[0.119s] -- Check for working C compiler: /usr/bin/cc - skipped
[0.119s] -- Detecting C compile features
[0.119s] -- Detecting C compile features - done
[0.120s] -- Detecting CXX compiler ABI info
[0.161s] -- Detecting CXX compiler ABI info - done
[0.165s] -- Check for working CXX compiler: /usr/bin/c++ - skipped
[0.165s] -- Detecting CXX compile features
[0.165s] -- Detecting CXX compile features - done
[0.166s] -- Found ament_cmake: 1.3.7 (/opt/ros/humble/share/ament_cmake/cmake)
[0.259s] -- Found Python3: /usr/bin/python3.10 (found version "3.10.12") found components: Interpreter 
[0.330s] -- Configuring done
[0.331s] -- Generating done
[0.331s] -- Build files have been written to: /home/sven/ros2_ws/build/my_robot_bringup
[0.334s] Invoked command in '/home/sven/ros2_ws/build/my_robot_bringup' returned '0': AMENT_PREFIX_PATH=/home/sven/ros2_ws/install/my_py_pkg:/home/sven/ros2_ws/install/my_cpp_pkg:/home/sven/ros2_ws/install/my_robot_interfaces:${AMENT_PREFIX_PATH} CMAKE_PREFIX_PATH=/home/sven/ros2_ws/install/my_cpp_pkg:/home/sven/ros2_ws/install/my_robot_interfaces:/opt/ros/humble LD_LIBRARY_PATH=/home/sven/ros2_ws/install/my_robot_interfaces/lib:${LD_LIBRARY_PATH} PYTHONPATH=/home/sven/ros2_ws/install/my_py_pkg/lib/python3.10/site-packages:/home/sven/ros2_ws/install/my_robot_interfaces/local/lib/python3.10/dist-packages:${PYTHONPATH} /usr/bin/cmake /home/sven/ros2_ws/src/my_robot_bringup -DCMAKE_INSTALL_PREFIX=/home/sven/ros2_ws/install/my_robot_bringup
[0.335s] Invoking command in '/home/sven/ros2_ws/build/my_robot_bringup': AMENT_PREFIX_PATH=/home/sven/ros2_ws/install/my_py_pkg:/home/sven/ros2_ws/install/my_cpp_pkg:/home/sven/ros2_ws/install/my_robot_interfaces:${AMENT_PREFIX_PATH} CMAKE_PREFIX_PATH=/home/sven/ros2_ws/install/my_cpp_pkg:/home/sven/ros2_ws/install/my_robot_interfaces:/opt/ros/humble LD_LIBRARY_PATH=/home/sven/ros2_ws/install/my_robot_interfaces/lib:${LD_LIBRARY_PATH} PYTHONPATH=/home/sven/ros2_ws/install/my_py_pkg/lib/python3.10/site-packages:/home/sven/ros2_ws/install/my_robot_interfaces/local/lib/python3.10/dist-packages:${PYTHONPATH} /usr/bin/cmake --build /home/sven/ros2_ws/build/my_robot_bringup -- -j20 -l20
[0.356s] Invoked command in '/home/sven/ros2_ws/build/my_robot_bringup' returned '0': AMENT_PREFIX_PATH=/home/sven/ros2_ws/install/my_py_pkg:/home/sven/ros2_ws/install/my_cpp_pkg:/home/sven/ros2_ws/install/my_robot_interfaces:${AMENT_PREFIX_PATH} CMAKE_PREFIX_PATH=/home/sven/ros2_ws/install/my_cpp_pkg:/home/sven/ros2_ws/install/my_robot_interfaces:/opt/ros/humble LD_LIBRARY_PATH=/home/sven/ros2_ws/install/my_robot_interfaces/lib:${LD_LIBRARY_PATH} PYTHONPATH=/home/sven/ros2_ws/install/my_py_pkg/lib/python3.10/site-packages:/home/sven/ros2_ws/install/my_robot_interfaces/local/lib/python3.10/dist-packages:${PYTHONPATH} /usr/bin/cmake --build /home/sven/ros2_ws/build/my_robot_bringup -- -j20 -l20
[0.365s] Invoking command in '/home/sven/ros2_ws/build/my_robot_bringup': AMENT_PREFIX_PATH=/home/sven/ros2_ws/install/my_py_pkg:/home/sven/ros2_ws/install/my_cpp_pkg:/home/sven/ros2_ws/install/my_robot_interfaces:${AMENT_PREFIX_PATH} CMAKE_PREFIX_PATH=/home/sven/ros2_ws/install/my_cpp_pkg:/home/sven/ros2_ws/install/my_robot_interfaces:/opt/ros/humble LD_LIBRARY_PATH=/home/sven/ros2_ws/install/my_robot_interfaces/lib:${LD_LIBRARY_PATH} PYTHONPATH=/home/sven/ros2_ws/install/my_py_pkg/lib/python3.10/site-packages:/home/sven/ros2_ws/install/my_robot_interfaces/local/lib/python3.10/dist-packages:${PYTHONPATH} /usr/bin/cmake --install /home/sven/ros2_ws/build/my_robot_bringup
[0.369s] -- Install configuration: ""
[0.369s] -- Installing: /home/sven/ros2_ws/install/my_robot_bringup/share/my_robot_bringup/launch
[0.369s] -- Installing: /home/sven/ros2_ws/install/my_robot_bringup/share/my_robot_bringup/launch/turtlesim_catch_them_all.launch.py
[0.369s] -- Installing: /home/sven/ros2_ws/install/my_robot_bringup/share/my_robot_bringup/launch/number_app.launch.py
[0.369s] -- Installing: /home/sven/ros2_ws/install/my_robot_bringup/share/my_robot_bringup/launch/robot_news_app.launch.py
[0.370s] -- Installing: /home/sven/ros2_ws/install/my_robot_bringup/share/ament_index/resource_index/package_run_dependencies/my_robot_bringup
[0.370s] -- Installing: /home/sven/ros2_ws/install/my_robot_bringup/share/ament_index/resource_index/parent_prefix_path/my_robot_bringup
[0.370s] -- Installing: /home/sven/ros2_ws/install/my_robot_bringup/share/my_robot_bringup/environment/ament_prefix_path.sh
[0.370s] -- Installing: /home/sven/ros2_ws/install/my_robot_bringup/share/my_robot_bringup/environment/ament_prefix_path.dsv
[0.370s] -- Installing: /home/sven/ros2_ws/install/my_robot_bringup/share/my_robot_bringup/environment/path.sh
[0.370s] -- Installing: /home/sven/ros2_ws/install/my_robot_bringup/share/my_robot_bringup/environment/path.dsv
[0.370s] -- Installing: /home/sven/ros2_ws/install/my_robot_bringup/share/my_robot_bringup/local_setup.bash
[0.370s] -- Installing: /home/sven/ros2_ws/install/my_robot_bringup/share/my_robot_bringup/local_setup.sh
[0.370s] -- Installing: /home/sven/ros2_ws/install/my_robot_bringup/share/my_robot_bringup/local_setup.zsh
[0.370s] -- Installing: /home/sven/ros2_ws/install/my_robot_bringup/share/my_robot_bringup/local_setup.dsv
[0.370s] -- Installing: /home/sven/ros2_ws/install/my_robot_bringup/share/my_robot_bringup/package.dsv
[0.370s] -- Installing: /home/sven/ros2_ws/install/my_robot_bringup/share/ament_index/resource_index/packages/my_robot_bringup
[0.370s] -- Installing: /home/sven/ros2_ws/install/my_robot_bringup/share/my_robot_bringup/cmake/my_robot_bringupConfig.cmake
[0.370s] -- Installing: /home/sven/ros2_ws/install/my_robot_bringup/share/my_robot_bringup/cmake/my_robot_bringupConfig-version.cmake
[0.370s] -- Installing: /home/sven/ros2_ws/install/my_robot_bringup/share/my_robot_bringup/package.xml
[0.371s] Invoked command in '/home/sven/ros2_ws/build/my_robot_bringup' returned '0': AMENT_PREFIX_PATH=/home/sven/ros2_ws/install/my_py_pkg:/home/sven/ros2_ws/install/my_cpp_pkg:/home/sven/ros2_ws/install/my_robot_interfaces:${AMENT_PREFIX_PATH} CMAKE_PREFIX_PATH=/home/sven/ros2_ws/install/my_cpp_pkg:/home/sven/ros2_ws/install/my_robot_interfaces:/opt/ros/humble LD_LIBRARY_PATH=/home/sven/ros2_ws/install/my_robot_interfaces/lib:${LD_LIBRARY_PATH} PYTHONPATH=/home/sven/ros2_ws/install/my_py_pkg/lib/python3.10/site-packages:/home/sven/ros2_ws/install/my_robot_interfaces/local/lib/python3.10/dist-packages:${PYTHONPATH} /usr/bin/cmake --install /home/sven/ros2_ws/build/my_robot_bringup
