[0.538s] Invoking command in '/home/sven/ros2_ws/src/actions_py': CMAKE_PREFIX_PATH=/home/sven/ros2_ws/install/my_robot_interfaces:/home/sven/ros2_ws/install/turtlesim_catch_them_all:/home/sven/ros2_ws/install/my_robot_bringup:/home/sven/ros2_ws/install/my_cpp_pkg:/home/sven/ros2_ws/install/actions_cpp:/home/sven/ros2_ws/install/my_robot_description:/home/sven/install/my_robot_description LD_LIBRARY_PATH=/home/sven/ros2_ws/install/my_robot_interfaces/lib:/usr/lib/x86_64-linux-gnu/gazebo-11/plugins:/opt/ros/humble/opt/rviz_ogre_vendor/lib:/opt/ros/humble/lib/x86_64-linux-gnu:/opt/ros/humble/lib:/usr/share/gazebo/../../lib/x86_64-linux-gnu/gazebo-11/plugins PYTHONPATH=/home/sven/ros2_ws/build/actions_py/prefix_override:/home/sven/ros2_ws/install/actions_py/lib/python3.10/site-packages:${PYTHONPATH} /usr/bin/python3 setup.py egg_info --egg-base ../../build/actions_py build --build-base /home/sven/ros2_ws/build/actions_py/build install --record /home/sven/ros2_ws/build/actions_py/install.log --single-version-externally-managed
[0.644s] running egg_info
[0.644s] writing ../../build/actions_py/actions_py.egg-info/PKG-INFO
[0.644s] writing dependency_links to ../../build/actions_py/actions_py.egg-info/dependency_links.txt
[0.644s] writing entry points to ../../build/actions_py/actions_py.egg-info/entry_points.txt
[0.644s] writing requirements to ../../build/actions_py/actions_py.egg-info/requires.txt
[0.644s] writing top-level names to ../../build/actions_py/actions_py.egg-info/top_level.txt
[0.645s] reading manifest file '../../build/actions_py/actions_py.egg-info/SOURCES.txt'
[0.645s] writing manifest file '../../build/actions_py/actions_py.egg-info/SOURCES.txt'
[0.645s] running build
[0.646s] running build_py
[0.646s] running install
[0.646s] /usr/lib/python3/dist-packages/setuptools/command/install.py:34: SetuptoolsDeprecationWarning: setup.py install is deprecated. Use build and pip and other standards-based tools.
[0.646s]   warnings.warn(
[0.646s] running install_lib
[0.646s] running install_data
[0.647s] running install_egg_info
[0.647s] removing '/home/sven/ros2_ws/install/actions_py/lib/python3.10/site-packages/actions_py-0.0.0-py3.10.egg-info' (and everything under it)
[0.647s] Copying ../../build/actions_py/actions_py.egg-info to /home/sven/ros2_ws/install/actions_py/lib/python3.10/site-packages/actions_py-0.0.0-py3.10.egg-info
[0.648s] running install_scripts
[0.658s] Installing count_until_client script to /home/sven/ros2_ws/install/actions_py/lib/actions_py
[0.658s] Installing count_until_server script to /home/sven/ros2_ws/install/actions_py/lib/actions_py
[0.659s] writing list of installed files to '/home/sven/ros2_ws/build/actions_py/install.log'
[0.722s] Invoked command in '/home/sven/ros2_ws/src/actions_py' returned '0': CMAKE_PREFIX_PATH=/home/sven/ros2_ws/install/my_robot_interfaces:/home/sven/ros2_ws/install/turtlesim_catch_them_all:/home/sven/ros2_ws/install/my_robot_bringup:/home/sven/ros2_ws/install/my_cpp_pkg:/home/sven/ros2_ws/install/actions_cpp:/home/sven/ros2_ws/install/my_robot_description:/home/sven/install/my_robot_description LD_LIBRARY_PATH=/home/sven/ros2_ws/install/my_robot_interfaces/lib:/usr/lib/x86_64-linux-gnu/gazebo-11/plugins:/opt/ros/humble/opt/rviz_ogre_vendor/lib:/opt/ros/humble/lib/x86_64-linux-gnu:/opt/ros/humble/lib:/usr/share/gazebo/../../lib/x86_64-linux-gnu/gazebo-11/plugins PYTHONPATH=/home/sven/ros2_ws/build/actions_py/prefix_override:/home/sven/ros2_ws/install/actions_py/lib/python3.10/site-packages:${PYTHONPATH} /usr/bin/python3 setup.py egg_info --egg-base ../../build/actions_py build --build-base /home/sven/ros2_ws/build/actions_py/build install --record /home/sven/ros2_ws/build/actions_py/install.log --single-version-externally-managed
