[0.245s] Invoking command in '/home/sven/ros2_ws/build/actions_cpp': CMAKE_PREFIX_PATH=/home/sven/ros2_ws/install/my_robot_interfaces:/home/sven/ros2_ws/install/turtlesim_catch_them_all:/home/sven/ros2_ws/install/my_robot_bringup:/home/sven/ros2_ws/install/my_cpp_pkg:/home/sven/ros2_ws/install/actions_cpp:/home/sven/ros2_ws/install/my_robot_description:/home/sven/install/my_robot_description:/home/sven/ros2_ws/install/my_py_pkg:/home/sven/ros2_ws/install/actions_py:/opt/ros/humble LD_LIBRARY_PATH=/home/sven/ros2_ws/install/my_robot_interfaces/lib:/usr/lib/x86_64-linux-gnu/gazebo-11/plugins:/opt/ros/humble/opt/rviz_ogre_vendor/lib:/opt/ros/humble/lib/x86_64-linux-gnu:/opt/ros/humble/lib:/usr/share/gazebo/../../lib/x86_64-linux-gnu/gazebo-11/plugins /usr/bin/cmake --build /home/sven/ros2_ws/build/actions_cpp -- -j20 -l20
[0.391s] [35m[1mConsolidate compiler generated dependencies of target move_robot_server[0m
[0.391s] [ 40%] Built target count_until_server_queue_goals
[0.391s] [ 40%] Built target count_until_server
[0.391s] [ 60%] Built target count_until_client
[0.391s] [ 80%] Built target move_robot_client
[0.391s] [ 90%] [32mBuilding CXX object CMakeFiles/move_robot_server.dir/src/move_robot_server.cpp.o[0m
[1.405s] [01m[K/home/sven/ros2_ws/src/actions_cpp/src/move_robot_server.cpp:[m[K In member function ‘[01m[Kvoid MoveRobotServerNode::execute_goal(std::shared_ptr<rclcpp_action::ServerGoalHandle<my_robot_interfaces::action::MoveRobot> >)[m[K’:
[1.405s] [01m[K/home/sven/ros2_ws/src/actions_cpp/src/move_robot_server.cpp:69:13:[m[K [01;35m[Kwarning: [m[Kunused variable ‘[01m[Kdistance_to_target[m[K’ [[01;35m[K]8;;https://gcc.gnu.org/onlinedocs/gcc/Warning-Options.html#index-Wunused-variable-Wunused-variable]8;;[m[K]
[1.405s]    69 |         int [01;35m[Kdistance_to_target[m[K = target_position - current_position;
[1.405s]       |             [01;35m[K^~~~~~~~~~~~~~~~~~[m[K
[1.946s] [100%] [32m[1mLinking CXX executable move_robot_server[0m
[2.019s] [100%] Built target move_robot_server
[2.030s] Invoked command in '/home/sven/ros2_ws/build/actions_cpp' returned '0': CMAKE_PREFIX_PATH=/home/sven/ros2_ws/install/my_robot_interfaces:/home/sven/ros2_ws/install/turtlesim_catch_them_all:/home/sven/ros2_ws/install/my_robot_bringup:/home/sven/ros2_ws/install/my_cpp_pkg:/home/sven/ros2_ws/install/actions_cpp:/home/sven/ros2_ws/install/my_robot_description:/home/sven/install/my_robot_description:/home/sven/ros2_ws/install/my_py_pkg:/home/sven/ros2_ws/install/actions_py:/opt/ros/humble LD_LIBRARY_PATH=/home/sven/ros2_ws/install/my_robot_interfaces/lib:/usr/lib/x86_64-linux-gnu/gazebo-11/plugins:/opt/ros/humble/opt/rviz_ogre_vendor/lib:/opt/ros/humble/lib/x86_64-linux-gnu:/opt/ros/humble/lib:/usr/share/gazebo/../../lib/x86_64-linux-gnu/gazebo-11/plugins /usr/bin/cmake --build /home/sven/ros2_ws/build/actions_cpp -- -j20 -l20
[2.047s] Invoking command in '/home/sven/ros2_ws/build/actions_cpp': CMAKE_PREFIX_PATH=/home/sven/ros2_ws/install/my_robot_interfaces:/home/sven/ros2_ws/install/turtlesim_catch_them_all:/home/sven/ros2_ws/install/my_robot_bringup:/home/sven/ros2_ws/install/my_cpp_pkg:/home/sven/ros2_ws/install/actions_cpp:/home/sven/ros2_ws/install/my_robot_description:/home/sven/install/my_robot_description:/home/sven/ros2_ws/install/my_py_pkg:/home/sven/ros2_ws/install/actions_py:/opt/ros/humble LD_LIBRARY_PATH=/home/sven/ros2_ws/install/my_robot_interfaces/lib:/usr/lib/x86_64-linux-gnu/gazebo-11/plugins:/opt/ros/humble/opt/rviz_ogre_vendor/lib:/opt/ros/humble/lib/x86_64-linux-gnu:/opt/ros/humble/lib:/usr/share/gazebo/../../lib/x86_64-linux-gnu/gazebo-11/plugins /usr/bin/cmake --install /home/sven/ros2_ws/build/actions_cpp
[2.051s] -- Install configuration: ""
[2.051s] -- Up-to-date: /home/sven/ros2_ws/install/actions_cpp/lib/actions_cpp/count_until_server
[2.051s] -- Up-to-date: /home/sven/ros2_ws/install/actions_cpp/lib/actions_cpp/count_until_server_queue_goals
[2.051s] -- Up-to-date: /home/sven/ros2_ws/install/actions_cpp/lib/actions_cpp/count_until_client
[2.051s] -- Installing: /home/sven/ros2_ws/install/actions_cpp/lib/actions_cpp/move_robot_server
[2.052s] -- Set runtime path of "/home/sven/ros2_ws/install/actions_cpp/lib/actions_cpp/move_robot_server" to ""
[2.052s] -- Up-to-date: /home/sven/ros2_ws/install/actions_cpp/lib/actions_cpp/move_robot_client
[2.052s] -- Up-to-date: /home/sven/ros2_ws/install/actions_cpp/share/ament_index/resource_index/package_run_dependencies/actions_cpp
[2.052s] -- Up-to-date: /home/sven/ros2_ws/install/actions_cpp/share/ament_index/resource_index/parent_prefix_path/actions_cpp
[2.052s] -- Up-to-date: /home/sven/ros2_ws/install/actions_cpp/share/actions_cpp/environment/ament_prefix_path.sh
[2.052s] -- Up-to-date: /home/sven/ros2_ws/install/actions_cpp/share/actions_cpp/environment/ament_prefix_path.dsv
[2.052s] -- Up-to-date: /home/sven/ros2_ws/install/actions_cpp/share/actions_cpp/environment/path.sh
[2.052s] -- Up-to-date: /home/sven/ros2_ws/install/actions_cpp/share/actions_cpp/environment/path.dsv
[2.052s] -- Up-to-date: /home/sven/ros2_ws/install/actions_cpp/share/actions_cpp/local_setup.bash
[2.052s] -- Up-to-date: /home/sven/ros2_ws/install/actions_cpp/share/actions_cpp/local_setup.sh
[2.052s] -- Up-to-date: /home/sven/ros2_ws/install/actions_cpp/share/actions_cpp/local_setup.zsh
[2.052s] -- Up-to-date: /home/sven/ros2_ws/install/actions_cpp/share/actions_cpp/local_setup.dsv
[2.052s] -- Installing: /home/sven/ros2_ws/install/actions_cpp/share/actions_cpp/package.dsv
[2.052s] -- Up-to-date: /home/sven/ros2_ws/install/actions_cpp/share/ament_index/resource_index/packages/actions_cpp
[2.052s] -- Up-to-date: /home/sven/ros2_ws/install/actions_cpp/share/actions_cpp/cmake/actions_cppConfig.cmake
[2.052s] -- Up-to-date: /home/sven/ros2_ws/install/actions_cpp/share/actions_cpp/cmake/actions_cppConfig-version.cmake
[2.052s] -- Up-to-date: /home/sven/ros2_ws/install/actions_cpp/share/actions_cpp/package.xml
[2.053s] Invoked command in '/home/sven/ros2_ws/build/actions_cpp' returned '0': CMAKE_PREFIX_PATH=/home/sven/ros2_ws/install/my_robot_interfaces:/home/sven/ros2_ws/install/turtlesim_catch_them_all:/home/sven/ros2_ws/install/my_robot_bringup:/home/sven/ros2_ws/install/my_cpp_pkg:/home/sven/ros2_ws/install/actions_cpp:/home/sven/ros2_ws/install/my_robot_description:/home/sven/install/my_robot_description:/home/sven/ros2_ws/install/my_py_pkg:/home/sven/ros2_ws/install/actions_py:/opt/ros/humble LD_LIBRARY_PATH=/home/sven/ros2_ws/install/my_robot_interfaces/lib:/usr/lib/x86_64-linux-gnu/gazebo-11/plugins:/opt/ros/humble/opt/rviz_ogre_vendor/lib:/opt/ros/humble/lib/x86_64-linux-gnu:/opt/ros/humble/lib:/usr/share/gazebo/../../lib/x86_64-linux-gnu/gazebo-11/plugins /usr/bin/cmake --install /home/sven/ros2_ws/build/actions_cpp
