[0.030s] Invoking command in '/home/cleanseasolutions/ros2_ws/build/turtlesim_catch_them_all': CMAKE_PREFIX_PATH=/home/cleanseasolutions/ros2_ws/install/my_robot_interfaces:/home/cleanseasolutions/ros2_ws/install/turtlesim_catch_them_all:/home/cleanseasolutions/ros2_ws/install/my_robot_bringup:/home/cleanseasolutions/ros2_ws/install/my_cpp_pkg:/home/cleanseasolutions/ros2_ws/install/my_py_pkg:/opt/ros/humble /usr/bin/cmake --build /home/cleanseasolutions/ros2_ws/build/turtlesim_catch_them_all -- -j16 -l16
[0.045s] -- Found ament_cmake: 1.3.7 (/opt/ros/humble/share/ament_cmake/cmake)
[0.132s] -- Found geometry_msgs: 4.2.3 (/opt/ros/humble/share/geometry_msgs/cmake)
[0.149s] -- Found rosidl_generator_c: 3.1.5 (/opt/ros/humble/share/rosidl_generator_c/cmake)
[0.151s] -- Found rosidl_adapter: 3.1.5 (/opt/ros/humble/share/rosidl_adapter/cmake)
[0.155s] -- Found rosidl_generator_cpp: 3.1.5 (/opt/ros/humble/share/rosidl_generator_cpp/cmake)
[0.162s] -- Using all available rosidl_typesupport_c: rosidl_typesupport_fastrtps_c;rosidl_typesupport_introspection_c
[0.171s] -- Using all available rosidl_typesupport_cpp: rosidl_typesupport_fastrtps_cpp;rosidl_typesupport_introspection_cpp
[0.240s] -- Found my_robot_interfaces: 0.0.0 (/home/cleanseasolutions/ros2_ws/install/my_robot_interfaces/share/my_robot_interfaces/cmake)
[0.250s] -- Found rclcpp: 16.0.8 (/opt/ros/humble/share/rclcpp/cmake)
[0.281s] -- Found rmw_implementation_cmake: 6.1.1 (/opt/ros/humble/share/rmw_implementation_cmake/cmake)
[0.282s] -- Found rmw_fastrtps_cpp: 6.2.6 (/opt/ros/humble/share/rmw_fastrtps_cpp/cmake)
[0.351s] -- Using RMW implementation 'rmw_fastrtps_cpp' as default
[0.428s] -- Found turtlesim: 1.4.2 (/opt/ros/humble/share/turtlesim/cmake)
[0.546s] -- Configuring done
[0.554s] -- Generating done
[0.554s] -- Build files have been written to: /home/cleanseasolutions/ros2_ws/build/turtlesim_catch_them_all
[0.569s] [35m[1mConsolidate compiler generated dependencies of target turtle_controller[0m
[0.569s] [35m[1mConsolidate compiler generated dependencies of target turtle_spawner[0m
[0.578s] [ 50%] [32mBuilding CXX object CMakeFiles/turtle_controller.dir/src/turtle_controller_node.cpp.o[0m
[0.578s] [ 75%] Built target turtle_spawner
[6.675s] [100%] [32m[1mLinking CXX executable turtle_controller[0m
[7.000s] [100%] Built target turtle_controller
[7.008s] Invoked command in '/home/cleanseasolutions/ros2_ws/build/turtlesim_catch_them_all' returned '0': CMAKE_PREFIX_PATH=/home/cleanseasolutions/ros2_ws/install/my_robot_interfaces:/home/cleanseasolutions/ros2_ws/install/turtlesim_catch_them_all:/home/cleanseasolutions/ros2_ws/install/my_robot_bringup:/home/cleanseasolutions/ros2_ws/install/my_cpp_pkg:/home/cleanseasolutions/ros2_ws/install/my_py_pkg:/opt/ros/humble /usr/bin/cmake --build /home/cleanseasolutions/ros2_ws/build/turtlesim_catch_them_all -- -j16 -l16
[7.028s] Invoking command in '/home/cleanseasolutions/ros2_ws/build/turtlesim_catch_them_all': CMAKE_PREFIX_PATH=/home/cleanseasolutions/ros2_ws/install/my_robot_interfaces:/home/cleanseasolutions/ros2_ws/install/turtlesim_catch_them_all:/home/cleanseasolutions/ros2_ws/install/my_robot_bringup:/home/cleanseasolutions/ros2_ws/install/my_cpp_pkg:/home/cleanseasolutions/ros2_ws/install/my_py_pkg:/opt/ros/humble /usr/bin/cmake --install /home/cleanseasolutions/ros2_ws/build/turtlesim_catch_them_all
[7.032s] -- Install configuration: ""
[7.032s] -- Installing: /home/cleanseasolutions/ros2_ws/install/turtlesim_catch_them_all/lib/turtlesim_catch_them_all/turtle_controller
[7.035s] -- Set runtime path of "/home/cleanseasolutions/ros2_ws/install/turtlesim_catch_them_all/lib/turtlesim_catch_them_all/turtle_controller" to ""
[7.035s] -- Up-to-date: /home/cleanseasolutions/ros2_ws/install/turtlesim_catch_them_all/lib/turtlesim_catch_them_all/turtle_spawner
[7.035s] -- Installing: /home/cleanseasolutions/ros2_ws/install/turtlesim_catch_them_all/share/ament_index/resource_index/package_run_dependencies/turtlesim_catch_them_all
[7.035s] -- Up-to-date: /home/cleanseasolutions/ros2_ws/install/turtlesim_catch_them_all/share/ament_index/resource_index/parent_prefix_path/turtlesim_catch_them_all
[7.035s] -- Up-to-date: /home/cleanseasolutions/ros2_ws/install/turtlesim_catch_them_all/share/turtlesim_catch_them_all/environment/ament_prefix_path.sh
[7.035s] -- Installing: /home/cleanseasolutions/ros2_ws/install/turtlesim_catch_them_all/share/turtlesim_catch_them_all/environment/ament_prefix_path.dsv
[7.035s] -- Up-to-date: /home/cleanseasolutions/ros2_ws/install/turtlesim_catch_them_all/share/turtlesim_catch_them_all/environment/path.sh
[7.036s] -- Installing: /home/cleanseasolutions/ros2_ws/install/turtlesim_catch_them_all/share/turtlesim_catch_them_all/environment/path.dsv
[7.036s] -- Up-to-date: /home/cleanseasolutions/ros2_ws/install/turtlesim_catch_them_all/share/turtlesim_catch_them_all/local_setup.bash
[7.036s] -- Up-to-date: /home/cleanseasolutions/ros2_ws/install/turtlesim_catch_them_all/share/turtlesim_catch_them_all/local_setup.sh
[7.036s] -- Up-to-date: /home/cleanseasolutions/ros2_ws/install/turtlesim_catch_them_all/share/turtlesim_catch_them_all/local_setup.zsh
[7.036s] -- Installing: /home/cleanseasolutions/ros2_ws/install/turtlesim_catch_them_all/share/turtlesim_catch_them_all/local_setup.dsv
[7.036s] -- Installing: /home/cleanseasolutions/ros2_ws/install/turtlesim_catch_them_all/share/turtlesim_catch_them_all/package.dsv
[7.036s] -- Up-to-date: /home/cleanseasolutions/ros2_ws/install/turtlesim_catch_them_all/share/ament_index/resource_index/packages/turtlesim_catch_them_all
[7.036s] -- Up-to-date: /home/cleanseasolutions/ros2_ws/install/turtlesim_catch_them_all/share/turtlesim_catch_them_all/cmake/turtlesim_catch_them_allConfig.cmake
[7.036s] -- Up-to-date: /home/cleanseasolutions/ros2_ws/install/turtlesim_catch_them_all/share/turtlesim_catch_them_all/cmake/turtlesim_catch_them_allConfig-version.cmake
[7.036s] -- Installing: /home/cleanseasolutions/ros2_ws/install/turtlesim_catch_them_all/share/turtlesim_catch_them_all/package.xml
[7.037s] Invoked command in '/home/cleanseasolutions/ros2_ws/build/turtlesim_catch_them_all' returned '0': CMAKE_PREFIX_PATH=/home/cleanseasolutions/ros2_ws/install/my_robot_interfaces:/home/cleanseasolutions/ros2_ws/install/turtlesim_catch_them_all:/home/cleanseasolutions/ros2_ws/install/my_robot_bringup:/home/cleanseasolutions/ros2_ws/install/my_cpp_pkg:/home/cleanseasolutions/ros2_ws/install/my_py_pkg:/opt/ros/humble /usr/bin/cmake --install /home/cleanseasolutions/ros2_ws/build/turtlesim_catch_them_all
