[0.031s] Invoking command in '/home/sven/ros2_ws/build/executors_cpp': CMAKE_PREFIX_PATH=${CMAKE_PREFIX_PATH}:/home/sven/ros2_ws/install/executors_py:/home/sven/ros2_ws/install/my_py_pkg:/home/sven/ros2_ws/install/actions_py:/home/sven/ros2_ws/install/lifecycle_py:/opt/ros/humble /usr/bin/cmake --build /home/sven/ros2_ws/build/executors_cpp -- -j20 -l20
[0.052s] [35m[1mConsolidate compiler generated dependencies of target single_threaded_executor[0m
[0.052s] [35m[1mConsolidate compiler generated dependencies of target multi_threaded_executor[0m
[0.059s] [100%] Built target multi_threaded_executor
[0.059s] [100%] Built target single_threaded_executor
[0.065s] Invoked command in '/home/sven/ros2_ws/build/executors_cpp' returned '0': CMAKE_PREFIX_PATH=${CMAKE_PREFIX_PATH}:/home/sven/ros2_ws/install/executors_py:/home/sven/ros2_ws/install/my_py_pkg:/home/sven/ros2_ws/install/actions_py:/home/sven/ros2_ws/install/lifecycle_py:/opt/ros/humble /usr/bin/cmake --build /home/sven/ros2_ws/build/executors_cpp -- -j20 -l20
[0.083s] Invoking command in '/home/sven/ros2_ws/build/executors_cpp': CMAKE_PREFIX_PATH=${CMAKE_PREFIX_PATH}:/home/sven/ros2_ws/install/executors_py:/home/sven/ros2_ws/install/my_py_pkg:/home/sven/ros2_ws/install/actions_py:/home/sven/ros2_ws/install/lifecycle_py:/opt/ros/humble /usr/bin/cmake --install /home/sven/ros2_ws/build/executors_cpp
[0.087s] -- Install configuration: ""
[0.087s] -- Up-to-date: /home/sven/ros2_ws/install/executors_cpp/lib/executors_cpp/single_threaded_executor
[0.087s] -- Up-to-date: /home/sven/ros2_ws/install/executors_cpp/lib/executors_cpp/multi_threaded_executor
[0.087s] -- Up-to-date: /home/sven/ros2_ws/install/executors_cpp/share/ament_index/resource_index/package_run_dependencies/executors_cpp
[0.087s] -- Up-to-date: /home/sven/ros2_ws/install/executors_cpp/share/ament_index/resource_index/parent_prefix_path/executors_cpp
[0.087s] -- Up-to-date: /home/sven/ros2_ws/install/executors_cpp/share/executors_cpp/environment/ament_prefix_path.sh
[0.087s] -- Up-to-date: /home/sven/ros2_ws/install/executors_cpp/share/executors_cpp/environment/ament_prefix_path.dsv
[0.087s] -- Up-to-date: /home/sven/ros2_ws/install/executors_cpp/share/executors_cpp/environment/path.sh
[0.087s] -- Up-to-date: /home/sven/ros2_ws/install/executors_cpp/share/executors_cpp/environment/path.dsv
[0.087s] -- Up-to-date: /home/sven/ros2_ws/install/executors_cpp/share/executors_cpp/local_setup.bash
[0.087s] -- Up-to-date: /home/sven/ros2_ws/install/executors_cpp/share/executors_cpp/local_setup.sh
[0.087s] -- Up-to-date: /home/sven/ros2_ws/install/executors_cpp/share/executors_cpp/local_setup.zsh
[0.087s] -- Up-to-date: /home/sven/ros2_ws/install/executors_cpp/share/executors_cpp/local_setup.dsv
[0.087s] -- Installing: /home/sven/ros2_ws/install/executors_cpp/share/executors_cpp/package.dsv
[0.087s] -- Up-to-date: /home/sven/ros2_ws/install/executors_cpp/share/ament_index/resource_index/packages/executors_cpp
[0.087s] -- Up-to-date: /home/sven/ros2_ws/install/executors_cpp/share/executors_cpp/cmake/executors_cppConfig.cmake
[0.087s] -- Up-to-date: /home/sven/ros2_ws/install/executors_cpp/share/executors_cpp/cmake/executors_cppConfig-version.cmake
[0.087s] -- Up-to-date: /home/sven/ros2_ws/install/executors_cpp/share/executors_cpp/package.xml
[0.088s] Invoked command in '/home/sven/ros2_ws/build/executors_cpp' returned '0': CMAKE_PREFIX_PATH=${CMAKE_PREFIX_PATH}:/home/sven/ros2_ws/install/executors_py:/home/sven/ros2_ws/install/my_py_pkg:/home/sven/ros2_ws/install/actions_py:/home/sven/ros2_ws/install/lifecycle_py:/opt/ros/humble /usr/bin/cmake --install /home/sven/ros2_ws/build/executors_cpp
