[0.033s] Invoking command in '/home/cleanseasolutions/ros2_ws/build/my_cpp_pkg': CMAKE_PREFIX_PATH=${CMAKE_PREFIX_PATH}:/home/cleanseasolutions/ros2_ws/install/my_py_pkg:/opt/ros/humble /usr/bin/cmake --build /home/cleanseasolutions/ros2_ws/build/my_cpp_pkg -- -j16 -l16
[0.068s] [100%] Built target smartphone
[0.068s] [100%] Built target add_two_ints_server
[0.068s] [100%] Built target cpp_node
[0.068s] [100%] Built target robot_news_station
[0.076s] Invoked command in '/home/cleanseasolutions/ros2_ws/build/my_cpp_pkg' returned '0': CMAKE_PREFIX_PATH=${CMAKE_PREFIX_PATH}:/home/cleanseasolutions/ros2_ws/install/my_py_pkg:/opt/ros/humble /usr/bin/cmake --build /home/cleanseasolutions/ros2_ws/build/my_cpp_pkg -- -j16 -l16
[0.100s] Invoking command in '/home/cleanseasolutions/ros2_ws/build/my_cpp_pkg': CMAKE_PREFIX_PATH=${CMAKE_PREFIX_PATH}:/home/cleanseasolutions/ros2_ws/install/my_py_pkg:/opt/ros/humble /usr/bin/cmake --install /home/cleanseasolutions/ros2_ws/build/my_cpp_pkg
[0.105s] -- Install configuration: ""
[0.105s] -- Up-to-date: /home/cleanseasolutions/ros2_ws/install/my_cpp_pkg/lib/my_cpp_pkg/cpp_node
[0.105s] -- Up-to-date: /home/cleanseasolutions/ros2_ws/install/my_cpp_pkg/lib/my_cpp_pkg/robot_news_station
[0.105s] -- Up-to-date: /home/cleanseasolutions/ros2_ws/install/my_cpp_pkg/lib/my_cpp_pkg/smartphone
[0.105s] -- Up-to-date: /home/cleanseasolutions/ros2_ws/install/my_cpp_pkg/lib/my_cpp_pkg/add_two_ints_server
[0.105s] -- Up-to-date: /home/cleanseasolutions/ros2_ws/install/my_cpp_pkg/share/ament_index/resource_index/package_run_dependencies/my_cpp_pkg
[0.105s] -- Up-to-date: /home/cleanseasolutions/ros2_ws/install/my_cpp_pkg/share/ament_index/resource_index/parent_prefix_path/my_cpp_pkg
[0.105s] -- Up-to-date: /home/cleanseasolutions/ros2_ws/install/my_cpp_pkg/share/my_cpp_pkg/environment/ament_prefix_path.sh
[0.105s] -- Up-to-date: /home/cleanseasolutions/ros2_ws/install/my_cpp_pkg/share/my_cpp_pkg/environment/ament_prefix_path.dsv
[0.105s] -- Up-to-date: /home/cleanseasolutions/ros2_ws/install/my_cpp_pkg/share/my_cpp_pkg/environment/path.sh
[0.106s] -- Up-to-date: /home/cleanseasolutions/ros2_ws/install/my_cpp_pkg/share/my_cpp_pkg/environment/path.dsv
[0.106s] -- Up-to-date: /home/cleanseasolutions/ros2_ws/install/my_cpp_pkg/share/my_cpp_pkg/local_setup.bash
[0.106s] -- Up-to-date: /home/cleanseasolutions/ros2_ws/install/my_cpp_pkg/share/my_cpp_pkg/local_setup.sh
[0.106s] -- Up-to-date: /home/cleanseasolutions/ros2_ws/install/my_cpp_pkg/share/my_cpp_pkg/local_setup.zsh
[0.106s] -- Up-to-date: /home/cleanseasolutions/ros2_ws/install/my_cpp_pkg/share/my_cpp_pkg/local_setup.dsv
[0.106s] -- Installing: /home/cleanseasolutions/ros2_ws/install/my_cpp_pkg/share/my_cpp_pkg/package.dsv
[0.106s] -- Up-to-date: /home/cleanseasolutions/ros2_ws/install/my_cpp_pkg/share/ament_index/resource_index/packages/my_cpp_pkg
[0.107s] -- Up-to-date: /home/cleanseasolutions/ros2_ws/install/my_cpp_pkg/share/my_cpp_pkg/cmake/my_cpp_pkgConfig.cmake
[0.108s] -- Up-to-date: /home/cleanseasolutions/ros2_ws/install/my_cpp_pkg/share/my_cpp_pkg/cmake/my_cpp_pkgConfig-version.cmake
[0.108s] -- Up-to-date: /home/cleanseasolutions/ros2_ws/install/my_cpp_pkg/share/my_cpp_pkg/package.xml
[0.108s] Invoked command in '/home/cleanseasolutions/ros2_ws/build/my_cpp_pkg' returned '0': CMAKE_PREFIX_PATH=${CMAKE_PREFIX_PATH}:/home/cleanseasolutions/ros2_ws/install/my_py_pkg:/opt/ros/humble /usr/bin/cmake --install /home/cleanseasolutions/ros2_ws/build/my_cpp_pkg
