[0.380s] DEBUG:colcon:Command line arguments: ['/usr/bin/colcon', 'build', '--packages-select', 'actions_cpp']
[0.380s] DEBUG:colcon:Parsed command line arguments: Namespace(log_base=None, log_level=None, verb_name='build', build_base='build', install_base='install', merge_install=False, symlink_install=False, test_result_base=None, continue_on_error=False, executor='parallel', parallel_workers=20, event_handlers=None, ignore_user_meta=False, metas=['./colcon.meta'], base_paths=['.'], packages_ignore=None, packages_ignore_regex=None, paths=None, packages_up_to=None, packages_up_to_regex=None, packages_above=None, packages_above_and_dependencies=None, packages_above_depth=None, packages_select_by_dep=None, packages_skip_by_dep=None, packages_skip_up_to=None, packages_select_build_failed=False, packages_skip_build_finished=False, packages_select_test_failures=False, packages_skip_test_passed=False, packages_select=['actions_cpp'], packages_skip=None, packages_select_regex=None, packages_skip_regex=None, packages_start=None, packages_end=None, allow_overriding=[], cmake_args=None, cmake_target=None, cmake_target_skip_unavailable=False, cmake_clean_cache=False, cmake_clean_first=False, cmake_force_configure=False, ament_cmake_args=None, catkin_cmake_args=None, catkin_skip_building_tests=False, verb_parser=<colcon_defaults.argument_parser.defaults.DefaultArgumentsDecorator object at 0x7fdcabc92830>, verb_extension=<colcon_core.verb.build.BuildVerb object at 0x7fdcac0c7c10>, main=<bound method BuildVerb.main of <colcon_core.verb.build.BuildVerb object at 0x7fdcac0c7c10>>)
[0.398s] Level 1:colcon.colcon_core.package_discovery:discover_packages(colcon_meta) check parameters
[0.398s] Level 1:colcon.colcon_core.package_discovery:discover_packages(recursive) check parameters
[0.398s] Level 1:colcon.colcon_core.package_discovery:discover_packages(ignore) check parameters
[0.398s] Level 1:colcon.colcon_core.package_discovery:discover_packages(path) check parameters
[0.398s] Level 1:colcon.colcon_core.package_discovery:discover_packages(colcon_meta) discover
[0.398s] Level 1:colcon.colcon_core.package_discovery:discover_packages(recursive) discover
[0.398s] INFO:colcon.colcon_core.package_discovery:Crawling recursively for packages in '/home/sven/ros2_ws/src'
[0.398s] Level 1:colcon.colcon_core.package_identification:_identify(.) by extensions ['ignore', 'ignore_ament_install']
[0.398s] Level 1:colcon.colcon_core.package_identification:_identify(.) by extension 'ignore'
[0.398s] Level 1:colcon.colcon_core.package_identification:_identify(.) by extension 'ignore_ament_install'
[0.398s] Level 1:colcon.colcon_core.package_identification:_identify(.) by extensions ['colcon_pkg']
[0.398s] Level 1:colcon.colcon_core.package_identification:_identify(.) by extension 'colcon_pkg'
[0.399s] Level 1:colcon.colcon_core.package_identification:_identify(.) by extensions ['colcon_meta']
[0.399s] Level 1:colcon.colcon_core.package_identification:_identify(.) by extension 'colcon_meta'
[0.399s] Level 1:colcon.colcon_core.package_identification:_identify(.) by extensions ['ros']
[0.399s] Level 1:colcon.colcon_core.package_identification:_identify(.) by extension 'ros'
[0.404s] Level 1:colcon.colcon_core.package_identification:_identify(.) by extensions ['cmake', 'python']
[0.404s] Level 1:colcon.colcon_core.package_identification:_identify(.) by extension 'cmake'
[0.404s] Level 1:colcon.colcon_core.package_identification:_identify(.) by extension 'python'
[0.404s] Level 1:colcon.colcon_core.package_identification:_identify(.) by extensions ['python_setup_py']
[0.404s] Level 1:colcon.colcon_core.package_identification:_identify(.) by extension 'python_setup_py'
[0.404s] Level 1:colcon.colcon_core.package_identification:_identify(actions_cpp) by extensions ['ignore', 'ignore_ament_install']
[0.404s] Level 1:colcon.colcon_core.package_identification:_identify(actions_cpp) by extension 'ignore'
[0.404s] Level 1:colcon.colcon_core.package_identification:_identify(actions_cpp) by extension 'ignore_ament_install'
[0.404s] Level 1:colcon.colcon_core.package_identification:_identify(actions_cpp) by extensions ['colcon_pkg']
[0.404s] Level 1:colcon.colcon_core.package_identification:_identify(actions_cpp) by extension 'colcon_pkg'
[0.404s] Level 1:colcon.colcon_core.package_identification:_identify(actions_cpp) by extensions ['colcon_meta']
[0.404s] Level 1:colcon.colcon_core.package_identification:_identify(actions_cpp) by extension 'colcon_meta'
[0.404s] Level 1:colcon.colcon_core.package_identification:_identify(actions_cpp) by extensions ['ros']
[0.404s] Level 1:colcon.colcon_core.package_identification:_identify(actions_cpp) by extension 'ros'
[0.405s] DEBUG:colcon.colcon_core.package_identification:Package 'actions_cpp' with type 'ros.ament_cmake' and name 'actions_cpp'
[0.405s] Level 1:colcon.colcon_core.package_identification:_identify(actions_py) by extensions ['ignore', 'ignore_ament_install']
[0.405s] Level 1:colcon.colcon_core.package_identification:_identify(actions_py) by extension 'ignore'
[0.405s] Level 1:colcon.colcon_core.package_identification:_identify(actions_py) by extension 'ignore_ament_install'
[0.405s] Level 1:colcon.colcon_core.package_identification:_identify(actions_py) by extensions ['colcon_pkg']
[0.405s] Level 1:colcon.colcon_core.package_identification:_identify(actions_py) by extension 'colcon_pkg'
[0.406s] Level 1:colcon.colcon_core.package_identification:_identify(actions_py) by extensions ['colcon_meta']
[0.406s] Level 1:colcon.colcon_core.package_identification:_identify(actions_py) by extension 'colcon_meta'
[0.406s] Level 1:colcon.colcon_core.package_identification:_identify(actions_py) by extensions ['ros']
[0.406s] Level 1:colcon.colcon_core.package_identification:_identify(actions_py) by extension 'ros'
[0.406s] DEBUG:colcon.colcon_core.package_identification:Package 'actions_py' with type 'ros.ament_python' and name 'actions_py'
[0.406s] Level 1:colcon.colcon_core.package_identification:_identify(build) by extensions ['ignore', 'ignore_ament_install']
[0.406s] Level 1:colcon.colcon_core.package_identification:_identify(build) by extension 'ignore'
[0.406s] Level 1:colcon.colcon_core.package_identification:_identify(build) ignored
[0.406s] Level 1:colcon.colcon_core.package_identification:_identify(install) by extensions ['ignore', 'ignore_ament_install']
[0.406s] Level 1:colcon.colcon_core.package_identification:_identify(install) by extension 'ignore'
[0.406s] Level 1:colcon.colcon_core.package_identification:_identify(install) ignored
[0.406s] Level 1:colcon.colcon_core.package_identification:_identify(log) by extensions ['ignore', 'ignore_ament_install']
[0.406s] Level 1:colcon.colcon_core.package_identification:_identify(log) by extension 'ignore'
[0.406s] Level 1:colcon.colcon_core.package_identification:_identify(log) ignored
[0.406s] Level 1:colcon.colcon_core.package_identification:_identify(my_cpp_pkg) by extensions ['ignore', 'ignore_ament_install']
[0.406s] Level 1:colcon.colcon_core.package_identification:_identify(my_cpp_pkg) by extension 'ignore'
[0.406s] Level 1:colcon.colcon_core.package_identification:_identify(my_cpp_pkg) by extension 'ignore_ament_install'
[0.406s] Level 1:colcon.colcon_core.package_identification:_identify(my_cpp_pkg) by extensions ['colcon_pkg']
[0.406s] Level 1:colcon.colcon_core.package_identification:_identify(my_cpp_pkg) by extension 'colcon_pkg'
[0.406s] Level 1:colcon.colcon_core.package_identification:_identify(my_cpp_pkg) by extensions ['colcon_meta']
[0.406s] Level 1:colcon.colcon_core.package_identification:_identify(my_cpp_pkg) by extension 'colcon_meta'
[0.406s] Level 1:colcon.colcon_core.package_identification:_identify(my_cpp_pkg) by extensions ['ros']
[0.406s] Level 1:colcon.colcon_core.package_identification:_identify(my_cpp_pkg) by extension 'ros'
[0.407s] DEBUG:colcon.colcon_core.package_identification:Package 'my_cpp_pkg' with type 'ros.ament_cmake' and name 'my_cpp_pkg'
[0.407s] Level 1:colcon.colcon_core.package_identification:_identify(my_py_pkg) by extensions ['ignore', 'ignore_ament_install']
[0.407s] Level 1:colcon.colcon_core.package_identification:_identify(my_py_pkg) by extension 'ignore'
[0.407s] Level 1:colcon.colcon_core.package_identification:_identify(my_py_pkg) by extension 'ignore_ament_install'
[0.407s] Level 1:colcon.colcon_core.package_identification:_identify(my_py_pkg) by extensions ['colcon_pkg']
[0.407s] Level 1:colcon.colcon_core.package_identification:_identify(my_py_pkg) by extension 'colcon_pkg'
[0.407s] Level 1:colcon.colcon_core.package_identification:_identify(my_py_pkg) by extensions ['colcon_meta']
[0.407s] Level 1:colcon.colcon_core.package_identification:_identify(my_py_pkg) by extension 'colcon_meta'
[0.407s] Level 1:colcon.colcon_core.package_identification:_identify(my_py_pkg) by extensions ['ros']
[0.407s] Level 1:colcon.colcon_core.package_identification:_identify(my_py_pkg) by extension 'ros'
[0.407s] DEBUG:colcon.colcon_core.package_identification:Package 'my_py_pkg' with type 'ros.ament_python' and name 'my_py_pkg'
[0.407s] Level 1:colcon.colcon_core.package_identification:_identify(my_robot_bringup) by extensions ['ignore', 'ignore_ament_install']
[0.407s] Level 1:colcon.colcon_core.package_identification:_identify(my_robot_bringup) by extension 'ignore'
[0.407s] Level 1:colcon.colcon_core.package_identification:_identify(my_robot_bringup) by extension 'ignore_ament_install'
[0.407s] Level 1:colcon.colcon_core.package_identification:_identify(my_robot_bringup) by extensions ['colcon_pkg']
[0.407s] Level 1:colcon.colcon_core.package_identification:_identify(my_robot_bringup) by extension 'colcon_pkg'
[0.407s] Level 1:colcon.colcon_core.package_identification:_identify(my_robot_bringup) by extensions ['colcon_meta']
[0.407s] Level 1:colcon.colcon_core.package_identification:_identify(my_robot_bringup) by extension 'colcon_meta'
[0.407s] Level 1:colcon.colcon_core.package_identification:_identify(my_robot_bringup) by extensions ['ros']
[0.407s] Level 1:colcon.colcon_core.package_identification:_identify(my_robot_bringup) by extension 'ros'
[0.408s] DEBUG:colcon.colcon_core.package_identification:Package 'my_robot_bringup' with type 'ros.ament_cmake' and name 'my_robot_bringup'
[0.408s] Level 1:colcon.colcon_core.package_identification:_identify(my_robot_description) by extensions ['ignore', 'ignore_ament_install']
[0.408s] Level 1:colcon.colcon_core.package_identification:_identify(my_robot_description) by extension 'ignore'
[0.408s] Level 1:colcon.colcon_core.package_identification:_identify(my_robot_description) by extension 'ignore_ament_install'
[0.408s] Level 1:colcon.colcon_core.package_identification:_identify(my_robot_description) by extensions ['colcon_pkg']
[0.408s] Level 1:colcon.colcon_core.package_identification:_identify(my_robot_description) by extension 'colcon_pkg'
[0.408s] Level 1:colcon.colcon_core.package_identification:_identify(my_robot_description) by extensions ['colcon_meta']
[0.408s] Level 1:colcon.colcon_core.package_identification:_identify(my_robot_description) by extension 'colcon_meta'
[0.408s] Level 1:colcon.colcon_core.package_identification:_identify(my_robot_description) by extensions ['ros']
[0.408s] Level 1:colcon.colcon_core.package_identification:_identify(my_robot_description) by extension 'ros'
[0.408s] DEBUG:colcon.colcon_core.package_identification:Package 'my_robot_description' with type 'ros.ament_cmake' and name 'my_robot_description'
[0.408s] Level 1:colcon.colcon_core.package_identification:_identify(my_robot_interfaces) by extensions ['ignore', 'ignore_ament_install']
[0.408s] Level 1:colcon.colcon_core.package_identification:_identify(my_robot_interfaces) by extension 'ignore'
[0.408s] Level 1:colcon.colcon_core.package_identification:_identify(my_robot_interfaces) by extension 'ignore_ament_install'
[0.408s] Level 1:colcon.colcon_core.package_identification:_identify(my_robot_interfaces) by extensions ['colcon_pkg']
[0.408s] Level 1:colcon.colcon_core.package_identification:_identify(my_robot_interfaces) by extension 'colcon_pkg'
[0.408s] Level 1:colcon.colcon_core.package_identification:_identify(my_robot_interfaces) by extensions ['colcon_meta']
[0.408s] Level 1:colcon.colcon_core.package_identification:_identify(my_robot_interfaces) by extension 'colcon_meta'
[0.408s] Level 1:colcon.colcon_core.package_identification:_identify(my_robot_interfaces) by extensions ['ros']
[0.408s] Level 1:colcon.colcon_core.package_identification:_identify(my_robot_interfaces) by extension 'ros'
[0.408s] DEBUG:colcon.colcon_core.package_identification:Package 'my_robot_interfaces' with type 'ros.ament_cmake' and name 'my_robot_interfaces'
[0.408s] Level 1:colcon.colcon_core.package_identification:_identify(turtlesim_catch_them_all) by extensions ['ignore', 'ignore_ament_install']
[0.408s] Level 1:colcon.colcon_core.package_identification:_identify(turtlesim_catch_them_all) by extension 'ignore'
[0.408s] Level 1:colcon.colcon_core.package_identification:_identify(turtlesim_catch_them_all) by extension 'ignore_ament_install'
[0.408s] Level 1:colcon.colcon_core.package_identification:_identify(turtlesim_catch_them_all) by extensions ['colcon_pkg']
[0.408s] Level 1:colcon.colcon_core.package_identification:_identify(turtlesim_catch_them_all) by extension 'colcon_pkg'
[0.408s] Level 1:colcon.colcon_core.package_identification:_identify(turtlesim_catch_them_all) by extensions ['colcon_meta']
[0.409s] Level 1:colcon.colcon_core.package_identification:_identify(turtlesim_catch_them_all) by extension 'colcon_meta'
[0.409s] Level 1:colcon.colcon_core.package_identification:_identify(turtlesim_catch_them_all) by extensions ['ros']
[0.409s] Level 1:colcon.colcon_core.package_identification:_identify(turtlesim_catch_them_all) by extension 'ros'
[0.409s] DEBUG:colcon.colcon_core.package_identification:Package 'turtlesim_catch_them_all' with type 'ros.ament_cmake' and name 'turtlesim_catch_them_all'
[0.409s] Level 1:colcon.colcon_core.package_discovery:discover_packages(recursive) using defaults
[0.409s] Level 1:colcon.colcon_core.package_discovery:discover_packages(ignore) discover
[0.409s] Level 1:colcon.colcon_core.package_discovery:discover_packages(ignore) using defaults
[0.409s] Level 1:colcon.colcon_core.package_discovery:discover_packages(path) discover
[0.409s] Level 1:colcon.colcon_core.package_discovery:discover_packages(path) using defaults
[0.435s] INFO:colcon.colcon_core.package_selection:Skipping not selected package 'my_robot_description' in 'my_robot_description'
[0.435s] INFO:colcon.colcon_core.package_selection:Skipping not selected package 'my_robot_interfaces' in 'my_robot_interfaces'
[0.435s] INFO:colcon.colcon_core.package_selection:Skipping not selected package 'actions_py' in 'actions_py'
[0.435s] INFO:colcon.colcon_core.package_selection:Skipping not selected package 'my_cpp_pkg' in 'my_cpp_pkg'
[0.435s] INFO:colcon.colcon_core.package_selection:Skipping not selected package 'my_py_pkg' in 'my_py_pkg'
[0.435s] INFO:colcon.colcon_core.package_selection:Skipping not selected package 'turtlesim_catch_them_all' in 'turtlesim_catch_them_all'
[0.435s] INFO:colcon.colcon_core.package_selection:Skipping not selected package 'my_robot_bringup' in 'my_robot_bringup'
[0.446s] Level 1:colcon.colcon_core.package_discovery:discover_packages(prefix_path) check parameters
[0.446s] Level 1:colcon.colcon_core.package_discovery:discover_packages(prefix_path) discover
[0.457s] DEBUG:colcon.colcon_installed_package_information.package_discovery:Found 8 installed packages in /home/sven/ros2_ws/install
[0.463s] DEBUG:colcon.colcon_installed_package_information.package_discovery:Found 1 installed packages in /home/sven/install
[0.468s] DEBUG:colcon.colcon_installed_package_information.package_discovery:Found 328 installed packages in /opt/ros/humble
[0.469s] Level 1:colcon.colcon_core.package_discovery:discover_packages(prefix_path) using defaults
[0.509s] Level 5:colcon.colcon_core.verb:set package 'actions_cpp' build argument 'cmake_args' from command line to 'None'
[0.509s] Level 5:colcon.colcon_core.verb:set package 'actions_cpp' build argument 'cmake_target' from command line to 'None'
[0.509s] Level 5:colcon.colcon_core.verb:set package 'actions_cpp' build argument 'cmake_target_skip_unavailable' from command line to 'False'
[0.509s] Level 5:colcon.colcon_core.verb:set package 'actions_cpp' build argument 'cmake_clean_cache' from command line to 'False'
[0.509s] Level 5:colcon.colcon_core.verb:set package 'actions_cpp' build argument 'cmake_clean_first' from command line to 'False'
[0.509s] Level 5:colcon.colcon_core.verb:set package 'actions_cpp' build argument 'cmake_force_configure' from command line to 'False'
[0.509s] Level 5:colcon.colcon_core.verb:set package 'actions_cpp' build argument 'ament_cmake_args' from command line to 'None'
[0.509s] Level 5:colcon.colcon_core.verb:set package 'actions_cpp' build argument 'catkin_cmake_args' from command line to 'None'
[0.509s] Level 5:colcon.colcon_core.verb:set package 'actions_cpp' build argument 'catkin_skip_building_tests' from command line to 'False'
[0.509s] DEBUG:colcon.colcon_core.verb:Building package 'actions_cpp' with the following arguments: {'ament_cmake_args': None, 'build_base': '/home/sven/ros2_ws/src/build/actions_cpp', 'catkin_cmake_args': None, 'catkin_skip_building_tests': False, 'cmake_args': None, 'cmake_clean_cache': False, 'cmake_clean_first': False, 'cmake_force_configure': False, 'cmake_target': None, 'cmake_target_skip_unavailable': False, 'install_base': '/home/sven/ros2_ws/src/install/actions_cpp', 'merge_install': False, 'path': '/home/sven/ros2_ws/src/actions_cpp', 'symlink_install': False, 'test_result_base': None}
[0.514s] INFO:colcon.colcon_core.executor:Executing jobs using 'parallel' executor
[0.520s] DEBUG:colcon.colcon_parallel_executor.executor.parallel:run_until_complete
[0.520s] INFO:colcon.colcon_ros.task.ament_cmake.build:Building ROS package in '/home/sven/ros2_ws/src/actions_cpp' with build type 'ament_cmake'
[0.520s] INFO:colcon.colcon_cmake.task.cmake.build:Building CMake package in '/home/sven/ros2_ws/src/actions_cpp'
[0.527s] INFO:colcon.colcon_core.plugin_system:Skipping extension 'colcon_core.shell.bat': Not used on non-Windows systems
[0.527s] INFO:colcon.colcon_core.shell:Skip shell extension 'powershell' for command environment: Not usable outside of PowerShell
[0.527s] DEBUG:colcon.colcon_core.shell:Skip shell extension 'dsv' for command environment
[0.555s] DEBUG:colcon.colcon_core.event_handler.log_command:Invoking command in '/home/sven/ros2_ws/src/build/actions_cpp': AMENT_PREFIX_PATH=/home/sven/ros2_ws/src/install/my_robot_interfaces:${AMENT_PREFIX_PATH} CMAKE_PREFIX_PATH=/home/sven/ros2_ws/src/install/my_robot_interfaces:/home/sven/ros2_ws/install/turtlesim_catch_them_all:/home/sven/ros2_ws/install/my_robot_bringup:/home/sven/ros2_ws/install/my_cpp_pkg:/home/sven/ros2_ws/install/actions_cpp:/home/sven/ros2_ws/install/my_robot_interfaces:/home/sven/ros2_ws/install/my_robot_description:/home/sven/install/my_robot_description:/home/sven/ros2_ws/install/my_py_pkg:/home/sven/ros2_ws/install/actions_py:/opt/ros/humble LD_LIBRARY_PATH=/home/sven/ros2_ws/src/install/my_robot_interfaces/lib:/home/sven/ros2_ws/install/my_robot_interfaces/lib:/usr/lib/x86_64-linux-gnu/gazebo-11/plugins:/opt/ros/humble/opt/rviz_ogre_vendor/lib:/opt/ros/humble/lib/x86_64-linux-gnu:/opt/ros/humble/lib:/usr/share/gazebo/../../lib/x86_64-linux-gnu/gazebo-11/plugins PYTHONPATH=/home/sven/ros2_ws/src/install/my_robot_interfaces/local/lib/python3.10/dist-packages:${PYTHONPATH} /usr/bin/cmake --build /home/sven/ros2_ws/src/build/actions_cpp -- -j20 -l20
[0.591s] DEBUG:colcon.colcon_core.event_handler.log_command:Invoked command in '/home/sven/ros2_ws/src/build/actions_cpp' returned '0': AMENT_PREFIX_PATH=/home/sven/ros2_ws/src/install/my_robot_interfaces:${AMENT_PREFIX_PATH} CMAKE_PREFIX_PATH=/home/sven/ros2_ws/src/install/my_robot_interfaces:/home/sven/ros2_ws/install/turtlesim_catch_them_all:/home/sven/ros2_ws/install/my_robot_bringup:/home/sven/ros2_ws/install/my_cpp_pkg:/home/sven/ros2_ws/install/actions_cpp:/home/sven/ros2_ws/install/my_robot_interfaces:/home/sven/ros2_ws/install/my_robot_description:/home/sven/install/my_robot_description:/home/sven/ros2_ws/install/my_py_pkg:/home/sven/ros2_ws/install/actions_py:/opt/ros/humble LD_LIBRARY_PATH=/home/sven/ros2_ws/src/install/my_robot_interfaces/lib:/home/sven/ros2_ws/install/my_robot_interfaces/lib:/usr/lib/x86_64-linux-gnu/gazebo-11/plugins:/opt/ros/humble/opt/rviz_ogre_vendor/lib:/opt/ros/humble/lib/x86_64-linux-gnu:/opt/ros/humble/lib:/usr/share/gazebo/../../lib/x86_64-linux-gnu/gazebo-11/plugins PYTHONPATH=/home/sven/ros2_ws/src/install/my_robot_interfaces/local/lib/python3.10/dist-packages:${PYTHONPATH} /usr/bin/cmake --build /home/sven/ros2_ws/src/build/actions_cpp -- -j20 -l20
[0.609s] DEBUG:colcon.colcon_core.event_handler.log_command:Invoking command in '/home/sven/ros2_ws/src/build/actions_cpp': AMENT_PREFIX_PATH=/home/sven/ros2_ws/src/install/my_robot_interfaces:${AMENT_PREFIX_PATH} CMAKE_PREFIX_PATH=/home/sven/ros2_ws/src/install/my_robot_interfaces:/home/sven/ros2_ws/install/turtlesim_catch_them_all:/home/sven/ros2_ws/install/my_robot_bringup:/home/sven/ros2_ws/install/my_cpp_pkg:/home/sven/ros2_ws/install/actions_cpp:/home/sven/ros2_ws/install/my_robot_interfaces:/home/sven/ros2_ws/install/my_robot_description:/home/sven/install/my_robot_description:/home/sven/ros2_ws/install/my_py_pkg:/home/sven/ros2_ws/install/actions_py:/opt/ros/humble LD_LIBRARY_PATH=/home/sven/ros2_ws/src/install/my_robot_interfaces/lib:/home/sven/ros2_ws/install/my_robot_interfaces/lib:/usr/lib/x86_64-linux-gnu/gazebo-11/plugins:/opt/ros/humble/opt/rviz_ogre_vendor/lib:/opt/ros/humble/lib/x86_64-linux-gnu:/opt/ros/humble/lib:/usr/share/gazebo/../../lib/x86_64-linux-gnu/gazebo-11/plugins PYTHONPATH=/home/sven/ros2_ws/src/install/my_robot_interfaces/local/lib/python3.10/dist-packages:${PYTHONPATH} /usr/bin/cmake --install /home/sven/ros2_ws/src/build/actions_cpp
[0.614s] Level 1:colcon.colcon_core.environment:create_environment_scripts_only(actions_cpp)
[0.614s] DEBUG:colcon.colcon_core.event_handler.log_command:Invoked command in '/home/sven/ros2_ws/src/build/actions_cpp' returned '0': AMENT_PREFIX_PATH=/home/sven/ros2_ws/src/install/my_robot_interfaces:${AMENT_PREFIX_PATH} CMAKE_PREFIX_PATH=/home/sven/ros2_ws/src/install/my_robot_interfaces:/home/sven/ros2_ws/install/turtlesim_catch_them_all:/home/sven/ros2_ws/install/my_robot_bringup:/home/sven/ros2_ws/install/my_cpp_pkg:/home/sven/ros2_ws/install/actions_cpp:/home/sven/ros2_ws/install/my_robot_interfaces:/home/sven/ros2_ws/install/my_robot_description:/home/sven/install/my_robot_description:/home/sven/ros2_ws/install/my_py_pkg:/home/sven/ros2_ws/install/actions_py:/opt/ros/humble LD_LIBRARY_PATH=/home/sven/ros2_ws/src/install/my_robot_interfaces/lib:/home/sven/ros2_ws/install/my_robot_interfaces/lib:/usr/lib/x86_64-linux-gnu/gazebo-11/plugins:/opt/ros/humble/opt/rviz_ogre_vendor/lib:/opt/ros/humble/lib/x86_64-linux-gnu:/opt/ros/humble/lib:/usr/share/gazebo/../../lib/x86_64-linux-gnu/gazebo-11/plugins PYTHONPATH=/home/sven/ros2_ws/src/install/my_robot_interfaces/local/lib/python3.10/dist-packages:${PYTHONPATH} /usr/bin/cmake --install /home/sven/ros2_ws/src/build/actions_cpp
[0.627s] Level 1:colcon.colcon_core.environment:checking '/home/sven/ros2_ws/src/install/actions_cpp' for CMake module files
[0.627s] Level 1:colcon.colcon_core.environment:checking '/home/sven/ros2_ws/src/install/actions_cpp' for CMake config files
[0.627s] Level 1:colcon.colcon_core.shell:create_environment_hook('actions_cpp', 'cmake_prefix_path')
[0.634s] INFO:colcon.colcon_core.shell:Creating environment hook '/home/sven/ros2_ws/src/install/actions_cpp/share/actions_cpp/hook/cmake_prefix_path.ps1'
[0.634s] INFO:colcon.colcon_core.shell:Creating environment descriptor '/home/sven/ros2_ws/src/install/actions_cpp/share/actions_cpp/hook/cmake_prefix_path.dsv'
[0.634s] INFO:colcon.colcon_core.shell:Creating environment hook '/home/sven/ros2_ws/src/install/actions_cpp/share/actions_cpp/hook/cmake_prefix_path.sh'
[0.635s] Level 1:colcon.colcon_core.environment:checking '/home/sven/ros2_ws/src/install/actions_cpp/lib'
[0.635s] Level 1:colcon.colcon_core.environment:checking '/home/sven/ros2_ws/src/install/actions_cpp/bin'
[0.635s] Level 1:colcon.colcon_core.environment:checking '/home/sven/ros2_ws/src/install/actions_cpp/lib/pkgconfig/actions_cpp.pc'
[0.635s] Level 1:colcon.colcon_core.environment:checking '/home/sven/ros2_ws/src/install/actions_cpp/lib/python3.10/site-packages'
[0.635s] Level 1:colcon.colcon_core.environment:checking '/home/sven/ros2_ws/src/install/actions_cpp/bin'
[0.641s] INFO:colcon.colcon_core.shell:Creating package script '/home/sven/ros2_ws/src/install/actions_cpp/share/actions_cpp/package.ps1'
[0.642s] INFO:colcon.colcon_core.shell:Creating package descriptor '/home/sven/ros2_ws/src/install/actions_cpp/share/actions_cpp/package.dsv'
[0.642s] INFO:colcon.colcon_core.shell:Creating package script '/home/sven/ros2_ws/src/install/actions_cpp/share/actions_cpp/package.sh'
[0.642s] INFO:colcon.colcon_core.shell:Creating package script '/home/sven/ros2_ws/src/install/actions_cpp/share/actions_cpp/package.bash'
[0.643s] INFO:colcon.colcon_core.shell:Creating package script '/home/sven/ros2_ws/src/install/actions_cpp/share/actions_cpp/package.zsh'
[0.643s] Level 1:colcon.colcon_core.environment:create_file_with_runtime_dependencies(/home/sven/ros2_ws/src/install/actions_cpp/share/colcon-core/packages/actions_cpp)
[0.666s] Level 1:colcon.colcon_core.environment:create_environment_scripts_only(actions_cpp)
[0.671s] Level 1:colcon.colcon_core.environment:checking '/home/sven/ros2_ws/src/install/actions_cpp' for CMake module files
[0.672s] Level 1:colcon.colcon_core.environment:checking '/home/sven/ros2_ws/src/install/actions_cpp' for CMake config files
[0.672s] Level 1:colcon.colcon_core.shell:create_environment_hook('actions_cpp', 'cmake_prefix_path')
[0.678s] INFO:colcon.colcon_core.shell:Creating environment hook '/home/sven/ros2_ws/src/install/actions_cpp/share/actions_cpp/hook/cmake_prefix_path.ps1'
[0.678s] INFO:colcon.colcon_core.shell:Creating environment descriptor '/home/sven/ros2_ws/src/install/actions_cpp/share/actions_cpp/hook/cmake_prefix_path.dsv'
[0.678s] INFO:colcon.colcon_core.shell:Creating environment hook '/home/sven/ros2_ws/src/install/actions_cpp/share/actions_cpp/hook/cmake_prefix_path.sh'
[0.678s] Level 1:colcon.colcon_core.environment:checking '/home/sven/ros2_ws/src/install/actions_cpp/lib'
[0.678s] Level 1:colcon.colcon_core.environment:checking '/home/sven/ros2_ws/src/install/actions_cpp/bin'
[0.678s] Level 1:colcon.colcon_core.environment:checking '/home/sven/ros2_ws/src/install/actions_cpp/lib/pkgconfig/actions_cpp.pc'
[0.678s] Level 1:colcon.colcon_core.environment:checking '/home/sven/ros2_ws/src/install/actions_cpp/lib/python3.10/site-packages'
[0.678s] Level 1:colcon.colcon_core.environment:checking '/home/sven/ros2_ws/src/install/actions_cpp/bin'
[0.686s] INFO:colcon.colcon_core.shell:Creating package script '/home/sven/ros2_ws/src/install/actions_cpp/share/actions_cpp/package.ps1'
[0.686s] INFO:colcon.colcon_core.shell:Creating package descriptor '/home/sven/ros2_ws/src/install/actions_cpp/share/actions_cpp/package.dsv'
[0.687s] INFO:colcon.colcon_core.shell:Creating package script '/home/sven/ros2_ws/src/install/actions_cpp/share/actions_cpp/package.sh'
[0.687s] INFO:colcon.colcon_core.shell:Creating package script '/home/sven/ros2_ws/src/install/actions_cpp/share/actions_cpp/package.bash'
[0.687s] INFO:colcon.colcon_core.shell:Creating package script '/home/sven/ros2_ws/src/install/actions_cpp/share/actions_cpp/package.zsh'
[0.687s] Level 1:colcon.colcon_core.environment:create_file_with_runtime_dependencies(/home/sven/ros2_ws/src/install/actions_cpp/share/colcon-core/packages/actions_cpp)
[0.687s] DEBUG:colcon.colcon_parallel_executor.executor.parallel:closing loop
[0.688s] DEBUG:colcon.colcon_parallel_executor.executor.parallel:loop closed
[0.688s] DEBUG:colcon.colcon_parallel_executor.executor.parallel:run_until_complete finished with '0'
[0.688s] DEBUG:colcon.colcon_core.event_reactor:joining thread
[0.696s] INFO:colcon.colcon_core.plugin_system:Skipping extension 'colcon_notification.desktop_notification.terminal_notifier': Not used on non-Darwin systems
[0.696s] INFO:colcon.colcon_core.plugin_system:Skipping extension 'colcon_notification.desktop_notification.win32': Not used on non-Windows systems
[0.696s] INFO:colcon.colcon_notification.desktop_notification:Sending desktop notification using 'notify2'
[0.703s] DEBUG:colcon.colcon_core.event_reactor:joined thread
[0.710s] INFO:colcon.colcon_core.shell:Creating prefix script '/home/sven/ros2_ws/src/install/local_setup.ps1'
[0.710s] INFO:colcon.colcon_core.shell:Creating prefix util module '/home/sven/ros2_ws/src/install/_local_setup_util_ps1.py'
[0.711s] INFO:colcon.colcon_core.shell:Creating prefix chain script '/home/sven/ros2_ws/src/install/setup.ps1'
[0.717s] INFO:colcon.colcon_core.shell:Creating prefix script '/home/sven/ros2_ws/src/install/local_setup.sh'
[0.717s] INFO:colcon.colcon_core.shell:Creating prefix util module '/home/sven/ros2_ws/src/install/_local_setup_util_sh.py'
[0.718s] INFO:colcon.colcon_core.shell:Creating prefix chain script '/home/sven/ros2_ws/src/install/setup.sh'
[0.724s] INFO:colcon.colcon_core.shell:Creating prefix script '/home/sven/ros2_ws/src/install/local_setup.bash'
[0.724s] INFO:colcon.colcon_core.shell:Creating prefix chain script '/home/sven/ros2_ws/src/install/setup.bash'
[0.733s] INFO:colcon.colcon_core.shell:Creating prefix script '/home/sven/ros2_ws/src/install/local_setup.zsh'
[0.733s] INFO:colcon.colcon_core.shell:Creating prefix chain script '/home/sven/ros2_ws/src/install/setup.zsh'
