[0.372s] DEBUG:colcon:Command line arguments: ['/usr/bin/colcon', 'build']
[0.372s] DEBUG:colcon:Parsed command line arguments: Namespace(log_base=None, log_level=None, verb_name='build', build_base='build', install_base='install', merge_install=False, symlink_install=False, test_result_base=None, continue_on_error=False, executor='parallel', parallel_workers=20, event_handlers=None, ignore_user_meta=False, metas=['./colcon.meta'], base_paths=['.'], packages_ignore=None, packages_ignore_regex=None, paths=None, packages_up_to=None, packages_up_to_regex=None, packages_above=None, packages_above_and_dependencies=None, packages_above_depth=None, packages_select_by_dep=None, packages_skip_by_dep=None, packages_skip_up_to=None, packages_select_build_failed=False, packages_skip_build_finished=False, packages_select_test_failures=False, packages_skip_test_passed=False, packages_select=None, packages_skip=None, packages_select_regex=None, packages_skip_regex=None, packages_start=None, packages_end=None, allow_overriding=[], cmake_args=None, cmake_target=None, cmake_target_skip_unavailable=False, cmake_clean_cache=False, cmake_clean_first=False, cmake_force_configure=False, ament_cmake_args=None, catkin_cmake_args=None, catkin_skip_building_tests=False, verb_parser=<colcon_defaults.argument_parser.defaults.DefaultArgumentsDecorator object at 0x7fcf92af70d0>, verb_extension=<colcon_core.verb.build.BuildVerb object at 0x7fcf92edbaf0>, main=<bound method BuildVerb.main of <colcon_core.verb.build.BuildVerb object at 0x7fcf92edbaf0>>)
[0.391s] Level 1:colcon.colcon_core.package_discovery:discover_packages(colcon_meta) check parameters
[0.391s] Level 1:colcon.colcon_core.package_discovery:discover_packages(recursive) check parameters
[0.391s] Level 1:colcon.colcon_core.package_discovery:discover_packages(ignore) check parameters
[0.391s] Level 1:colcon.colcon_core.package_discovery:discover_packages(path) check parameters
[0.391s] Level 1:colcon.colcon_core.package_discovery:discover_packages(colcon_meta) discover
[0.391s] Level 1:colcon.colcon_core.package_discovery:discover_packages(recursive) discover
[0.391s] INFO:colcon.colcon_core.package_discovery:Crawling recursively for packages in '/home/sven/ros2_ws'
[0.391s] Level 1:colcon.colcon_core.package_identification:_identify(.) by extensions ['ignore', 'ignore_ament_install']
[0.391s] Level 1:colcon.colcon_core.package_identification:_identify(.) by extension 'ignore'
[0.391s] Level 1:colcon.colcon_core.package_identification:_identify(.) by extension 'ignore_ament_install'
[0.391s] Level 1:colcon.colcon_core.package_identification:_identify(.) by extensions ['colcon_pkg']
[0.391s] Level 1:colcon.colcon_core.package_identification:_identify(.) by extension 'colcon_pkg'
[0.391s] Level 1:colcon.colcon_core.package_identification:_identify(.) by extensions ['colcon_meta']
[0.391s] Level 1:colcon.colcon_core.package_identification:_identify(.) by extension 'colcon_meta'
[0.391s] Level 1:colcon.colcon_core.package_identification:_identify(.) by extensions ['ros']
[0.391s] Level 1:colcon.colcon_core.package_identification:_identify(.) by extension 'ros'
[0.396s] Level 1:colcon.colcon_core.package_identification:_identify(.) by extensions ['cmake', 'python']
[0.396s] Level 1:colcon.colcon_core.package_identification:_identify(.) by extension 'cmake'
[0.397s] Level 1:colcon.colcon_core.package_identification:_identify(.) by extension 'python'
[0.397s] Level 1:colcon.colcon_core.package_identification:_identify(.) by extensions ['python_setup_py']
[0.397s] Level 1:colcon.colcon_core.package_identification:_identify(.) by extension 'python_setup_py'
[0.397s] Level 1:colcon.colcon_core.package_identification:_identify(build) by extensions ['ignore', 'ignore_ament_install']
[0.397s] Level 1:colcon.colcon_core.package_identification:_identify(build) by extension 'ignore'
[0.397s] Level 1:colcon.colcon_core.package_identification:_identify(build) ignored
[0.397s] Level 1:colcon.colcon_core.package_identification:_identify(install) by extensions ['ignore', 'ignore_ament_install']
[0.397s] Level 1:colcon.colcon_core.package_identification:_identify(install) by extension 'ignore'
[0.397s] Level 1:colcon.colcon_core.package_identification:_identify(install) ignored
[0.397s] Level 1:colcon.colcon_core.package_identification:_identify(log) by extensions ['ignore', 'ignore_ament_install']
[0.397s] Level 1:colcon.colcon_core.package_identification:_identify(log) by extension 'ignore'
[0.397s] Level 1:colcon.colcon_core.package_identification:_identify(log) ignored
[0.397s] Level 1:colcon.colcon_core.package_identification:_identify(src) by extensions ['ignore', 'ignore_ament_install']
[0.397s] Level 1:colcon.colcon_core.package_identification:_identify(src) by extension 'ignore'
[0.397s] Level 1:colcon.colcon_core.package_identification:_identify(src) by extension 'ignore_ament_install'
[0.397s] Level 1:colcon.colcon_core.package_identification:_identify(src) by extensions ['colcon_pkg']
[0.397s] Level 1:colcon.colcon_core.package_identification:_identify(src) by extension 'colcon_pkg'
[0.397s] Level 1:colcon.colcon_core.package_identification:_identify(src) by extensions ['colcon_meta']
[0.397s] Level 1:colcon.colcon_core.package_identification:_identify(src) by extension 'colcon_meta'
[0.397s] Level 1:colcon.colcon_core.package_identification:_identify(src) by extensions ['ros']
[0.397s] Level 1:colcon.colcon_core.package_identification:_identify(src) by extension 'ros'
[0.397s] Level 1:colcon.colcon_core.package_identification:_identify(src) by extensions ['cmake', 'python']
[0.397s] Level 1:colcon.colcon_core.package_identification:_identify(src) by extension 'cmake'
[0.397s] Level 1:colcon.colcon_core.package_identification:_identify(src) by extension 'python'
[0.397s] Level 1:colcon.colcon_core.package_identification:_identify(src) by extensions ['python_setup_py']
[0.397s] Level 1:colcon.colcon_core.package_identification:_identify(src) by extension 'python_setup_py'
[0.397s] Level 1:colcon.colcon_core.package_identification:_identify(src/build) by extensions ['ignore', 'ignore_ament_install']
[0.397s] Level 1:colcon.colcon_core.package_identification:_identify(src/build) by extension 'ignore'
[0.397s] Level 1:colcon.colcon_core.package_identification:_identify(src/build) ignored
[0.397s] Level 1:colcon.colcon_core.package_identification:_identify(src/install) by extensions ['ignore', 'ignore_ament_install']
[0.397s] Level 1:colcon.colcon_core.package_identification:_identify(src/install) by extension 'ignore'
[0.397s] Level 1:colcon.colcon_core.package_identification:_identify(src/install) ignored
[0.397s] Level 1:colcon.colcon_core.package_identification:_identify(src/log) by extensions ['ignore', 'ignore_ament_install']
[0.397s] Level 1:colcon.colcon_core.package_identification:_identify(src/log) by extension 'ignore'
[0.397s] Level 1:colcon.colcon_core.package_identification:_identify(src/log) ignored
[0.397s] Level 1:colcon.colcon_core.package_identification:_identify(src/my_cpp_pkg) by extensions ['ignore', 'ignore_ament_install']
[0.397s] Level 1:colcon.colcon_core.package_identification:_identify(src/my_cpp_pkg) by extension 'ignore'
[0.397s] Level 1:colcon.colcon_core.package_identification:_identify(src/my_cpp_pkg) by extension 'ignore_ament_install'
[0.398s] Level 1:colcon.colcon_core.package_identification:_identify(src/my_cpp_pkg) by extensions ['colcon_pkg']
[0.398s] Level 1:colcon.colcon_core.package_identification:_identify(src/my_cpp_pkg) by extension 'colcon_pkg'
[0.398s] Level 1:colcon.colcon_core.package_identification:_identify(src/my_cpp_pkg) by extensions ['colcon_meta']
[0.398s] Level 1:colcon.colcon_core.package_identification:_identify(src/my_cpp_pkg) by extension 'colcon_meta'
[0.398s] Level 1:colcon.colcon_core.package_identification:_identify(src/my_cpp_pkg) by extensions ['ros']
[0.398s] Level 1:colcon.colcon_core.package_identification:_identify(src/my_cpp_pkg) by extension 'ros'
[0.399s] DEBUG:colcon.colcon_core.package_identification:Package 'src/my_cpp_pkg' with type 'ros.ament_cmake' and name 'my_cpp_pkg'
[0.399s] Level 1:colcon.colcon_core.package_identification:_identify(src/my_py_pkg) by extensions ['ignore', 'ignore_ament_install']
[0.399s] Level 1:colcon.colcon_core.package_identification:_identify(src/my_py_pkg) by extension 'ignore'
[0.399s] Level 1:colcon.colcon_core.package_identification:_identify(src/my_py_pkg) by extension 'ignore_ament_install'
[0.399s] Level 1:colcon.colcon_core.package_identification:_identify(src/my_py_pkg) by extensions ['colcon_pkg']
[0.399s] Level 1:colcon.colcon_core.package_identification:_identify(src/my_py_pkg) by extension 'colcon_pkg'
[0.399s] Level 1:colcon.colcon_core.package_identification:_identify(src/my_py_pkg) by extensions ['colcon_meta']
[0.399s] Level 1:colcon.colcon_core.package_identification:_identify(src/my_py_pkg) by extension 'colcon_meta'
[0.399s] Level 1:colcon.colcon_core.package_identification:_identify(src/my_py_pkg) by extensions ['ros']
[0.399s] Level 1:colcon.colcon_core.package_identification:_identify(src/my_py_pkg) by extension 'ros'
[0.399s] DEBUG:colcon.colcon_core.package_identification:Package 'src/my_py_pkg' with type 'ros.ament_python' and name 'my_py_pkg'
[0.399s] Level 1:colcon.colcon_core.package_identification:_identify(src/my_robot_bringup) by extensions ['ignore', 'ignore_ament_install']
[0.399s] Level 1:colcon.colcon_core.package_identification:_identify(src/my_robot_bringup) by extension 'ignore'
[0.399s] Level 1:colcon.colcon_core.package_identification:_identify(src/my_robot_bringup) by extension 'ignore_ament_install'
[0.399s] Level 1:colcon.colcon_core.package_identification:_identify(src/my_robot_bringup) by extensions ['colcon_pkg']
[0.399s] Level 1:colcon.colcon_core.package_identification:_identify(src/my_robot_bringup) by extension 'colcon_pkg'
[0.399s] Level 1:colcon.colcon_core.package_identification:_identify(src/my_robot_bringup) by extensions ['colcon_meta']
[0.399s] Level 1:colcon.colcon_core.package_identification:_identify(src/my_robot_bringup) by extension 'colcon_meta'
[0.399s] Level 1:colcon.colcon_core.package_identification:_identify(src/my_robot_bringup) by extensions ['ros']
[0.399s] Level 1:colcon.colcon_core.package_identification:_identify(src/my_robot_bringup) by extension 'ros'
[0.400s] DEBUG:colcon.colcon_core.package_identification:Package 'src/my_robot_bringup' with type 'ros.ament_cmake' and name 'my_robot_bringup'
[0.400s] Level 1:colcon.colcon_core.package_identification:_identify(src/my_robot_description) by extensions ['ignore', 'ignore_ament_install']
[0.400s] Level 1:colcon.colcon_core.package_identification:_identify(src/my_robot_description) by extension 'ignore'
[0.400s] Level 1:colcon.colcon_core.package_identification:_identify(src/my_robot_description) by extension 'ignore_ament_install'
[0.400s] Level 1:colcon.colcon_core.package_identification:_identify(src/my_robot_description) by extensions ['colcon_pkg']
[0.400s] Level 1:colcon.colcon_core.package_identification:_identify(src/my_robot_description) by extension 'colcon_pkg'
[0.400s] Level 1:colcon.colcon_core.package_identification:_identify(src/my_robot_description) by extensions ['colcon_meta']
[0.400s] Level 1:colcon.colcon_core.package_identification:_identify(src/my_robot_description) by extension 'colcon_meta'
[0.400s] Level 1:colcon.colcon_core.package_identification:_identify(src/my_robot_description) by extensions ['ros']
[0.400s] Level 1:colcon.colcon_core.package_identification:_identify(src/my_robot_description) by extension 'ros'
[0.400s] DEBUG:colcon.colcon_core.package_identification:Package 'src/my_robot_description' with type 'ros.ament_cmake' and name 'my_robot_description'
[0.400s] Level 1:colcon.colcon_core.package_identification:_identify(src/my_robot_interfaces) by extensions ['ignore', 'ignore_ament_install']
[0.400s] Level 1:colcon.colcon_core.package_identification:_identify(src/my_robot_interfaces) by extension 'ignore'
[0.400s] Level 1:colcon.colcon_core.package_identification:_identify(src/my_robot_interfaces) by extension 'ignore_ament_install'
[0.400s] Level 1:colcon.colcon_core.package_identification:_identify(src/my_robot_interfaces) by extensions ['colcon_pkg']
[0.400s] Level 1:colcon.colcon_core.package_identification:_identify(src/my_robot_interfaces) by extension 'colcon_pkg'
[0.400s] Level 1:colcon.colcon_core.package_identification:_identify(src/my_robot_interfaces) by extensions ['colcon_meta']
[0.400s] Level 1:colcon.colcon_core.package_identification:_identify(src/my_robot_interfaces) by extension 'colcon_meta'
[0.400s] Level 1:colcon.colcon_core.package_identification:_identify(src/my_robot_interfaces) by extensions ['ros']
[0.400s] Level 1:colcon.colcon_core.package_identification:_identify(src/my_robot_interfaces) by extension 'ros'
[0.400s] DEBUG:colcon.colcon_core.package_identification:Package 'src/my_robot_interfaces' with type 'ros.ament_cmake' and name 'my_robot_interfaces'
[0.400s] Level 1:colcon.colcon_core.package_identification:_identify(src/turtlesim_catch_them_all) by extensions ['ignore', 'ignore_ament_install']
[0.400s] Level 1:colcon.colcon_core.package_identification:_identify(src/turtlesim_catch_them_all) by extension 'ignore'
[0.401s] Level 1:colcon.colcon_core.package_identification:_identify(src/turtlesim_catch_them_all) by extension 'ignore_ament_install'
[0.401s] Level 1:colcon.colcon_core.package_identification:_identify(src/turtlesim_catch_them_all) by extensions ['colcon_pkg']
[0.401s] Level 1:colcon.colcon_core.package_identification:_identify(src/turtlesim_catch_them_all) by extension 'colcon_pkg'
[0.401s] Level 1:colcon.colcon_core.package_identification:_identify(src/turtlesim_catch_them_all) by extensions ['colcon_meta']
[0.401s] Level 1:colcon.colcon_core.package_identification:_identify(src/turtlesim_catch_them_all) by extension 'colcon_meta'
[0.401s] Level 1:colcon.colcon_core.package_identification:_identify(src/turtlesim_catch_them_all) by extensions ['ros']
[0.401s] Level 1:colcon.colcon_core.package_identification:_identify(src/turtlesim_catch_them_all) by extension 'ros'
[0.401s] DEBUG:colcon.colcon_core.package_identification:Package 'src/turtlesim_catch_them_all' with type 'ros.ament_cmake' and name 'turtlesim_catch_them_all'
[0.401s] Level 1:colcon.colcon_core.package_discovery:discover_packages(recursive) using defaults
[0.401s] Level 1:colcon.colcon_core.package_discovery:discover_packages(ignore) discover
[0.401s] Level 1:colcon.colcon_core.package_discovery:discover_packages(ignore) using defaults
[0.401s] Level 1:colcon.colcon_core.package_discovery:discover_packages(path) discover
[0.401s] Level 1:colcon.colcon_core.package_discovery:discover_packages(path) using defaults
[0.437s] Level 1:colcon.colcon_core.package_discovery:discover_packages(prefix_path) check parameters
[0.437s] Level 1:colcon.colcon_core.package_discovery:discover_packages(prefix_path) discover
[0.447s] DEBUG:colcon.colcon_installed_package_information.package_discovery:Found 6 installed packages in /home/sven/ros2_ws/install
[0.453s] DEBUG:colcon.colcon_installed_package_information.package_discovery:Found 328 installed packages in /opt/ros/humble
[0.454s] Level 1:colcon.colcon_core.package_discovery:discover_packages(prefix_path) using defaults
[0.493s] Level 5:colcon.colcon_core.verb:set package 'my_robot_description' build argument 'cmake_args' from command line to 'None'
[0.493s] Level 5:colcon.colcon_core.verb:set package 'my_robot_description' build argument 'cmake_target' from command line to 'None'
[0.493s] Level 5:colcon.colcon_core.verb:set package 'my_robot_description' build argument 'cmake_target_skip_unavailable' from command line to 'False'
[0.493s] Level 5:colcon.colcon_core.verb:set package 'my_robot_description' build argument 'cmake_clean_cache' from command line to 'False'
[0.493s] Level 5:colcon.colcon_core.verb:set package 'my_robot_description' build argument 'cmake_clean_first' from command line to 'False'
[0.493s] Level 5:colcon.colcon_core.verb:set package 'my_robot_description' build argument 'cmake_force_configure' from command line to 'False'
[0.493s] Level 5:colcon.colcon_core.verb:set package 'my_robot_description' build argument 'ament_cmake_args' from command line to 'None'
[0.493s] Level 5:colcon.colcon_core.verb:set package 'my_robot_description' build argument 'catkin_cmake_args' from command line to 'None'
[0.493s] Level 5:colcon.colcon_core.verb:set package 'my_robot_description' build argument 'catkin_skip_building_tests' from command line to 'False'
[0.493s] DEBUG:colcon.colcon_core.verb:Building package 'my_robot_description' with the following arguments: {'ament_cmake_args': None, 'build_base': '/home/sven/ros2_ws/build/my_robot_description', 'catkin_cmake_args': None, 'catkin_skip_building_tests': False, 'cmake_args': None, 'cmake_clean_cache': False, 'cmake_clean_first': False, 'cmake_force_configure': False, 'cmake_target': None, 'cmake_target_skip_unavailable': False, 'install_base': '/home/sven/ros2_ws/install/my_robot_description', 'merge_install': False, 'path': '/home/sven/ros2_ws/src/my_robot_description', 'symlink_install': False, 'test_result_base': None}
[0.498s] Level 5:colcon.colcon_core.verb:set package 'my_robot_interfaces' build argument 'cmake_args' from command line to 'None'
[0.498s] Level 5:colcon.colcon_core.verb:set package 'my_robot_interfaces' build argument 'cmake_target' from command line to 'None'
[0.498s] Level 5:colcon.colcon_core.verb:set package 'my_robot_interfaces' build argument 'cmake_target_skip_unavailable' from command line to 'False'
[0.498s] Level 5:colcon.colcon_core.verb:set package 'my_robot_interfaces' build argument 'cmake_clean_cache' from command line to 'False'
[0.498s] Level 5:colcon.colcon_core.verb:set package 'my_robot_interfaces' build argument 'cmake_clean_first' from command line to 'False'
[0.498s] Level 5:colcon.colcon_core.verb:set package 'my_robot_interfaces' build argument 'cmake_force_configure' from command line to 'False'
[0.498s] Level 5:colcon.colcon_core.verb:set package 'my_robot_interfaces' build argument 'ament_cmake_args' from command line to 'None'
[0.498s] Level 5:colcon.colcon_core.verb:set package 'my_robot_interfaces' build argument 'catkin_cmake_args' from command line to 'None'
[0.498s] Level 5:colcon.colcon_core.verb:set package 'my_robot_interfaces' build argument 'catkin_skip_building_tests' from command line to 'False'
[0.498s] DEBUG:colcon.colcon_core.verb:Building package 'my_robot_interfaces' with the following arguments: {'ament_cmake_args': None, 'build_base': '/home/sven/ros2_ws/build/my_robot_interfaces', 'catkin_cmake_args': None, 'catkin_skip_building_tests': False, 'cmake_args': None, 'cmake_clean_cache': False, 'cmake_clean_first': False, 'cmake_force_configure': False, 'cmake_target': None, 'cmake_target_skip_unavailable': False, 'install_base': '/home/sven/ros2_ws/install/my_robot_interfaces', 'merge_install': False, 'path': '/home/sven/ros2_ws/src/my_robot_interfaces', 'symlink_install': False, 'test_result_base': None}
[0.504s] Level 5:colcon.colcon_core.verb:set package 'my_cpp_pkg' build argument 'cmake_args' from command line to 'None'
[0.504s] Level 5:colcon.colcon_core.verb:set package 'my_cpp_pkg' build argument 'cmake_target' from command line to 'None'
[0.504s] Level 5:colcon.colcon_core.verb:set package 'my_cpp_pkg' build argument 'cmake_target_skip_unavailable' from command line to 'False'
[0.504s] Level 5:colcon.colcon_core.verb:set package 'my_cpp_pkg' build argument 'cmake_clean_cache' from command line to 'False'
[0.504s] Level 5:colcon.colcon_core.verb:set package 'my_cpp_pkg' build argument 'cmake_clean_first' from command line to 'False'
[0.504s] Level 5:colcon.colcon_core.verb:set package 'my_cpp_pkg' build argument 'cmake_force_configure' from command line to 'False'
[0.504s] Level 5:colcon.colcon_core.verb:set package 'my_cpp_pkg' build argument 'ament_cmake_args' from command line to 'None'
[0.504s] Level 5:colcon.colcon_core.verb:set package 'my_cpp_pkg' build argument 'catkin_cmake_args' from command line to 'None'
[0.504s] Level 5:colcon.colcon_core.verb:set package 'my_cpp_pkg' build argument 'catkin_skip_building_tests' from command line to 'False'
[0.504s] DEBUG:colcon.colcon_core.verb:Building package 'my_cpp_pkg' with the following arguments: {'ament_cmake_args': None, 'build_base': '/home/sven/ros2_ws/build/my_cpp_pkg', 'catkin_cmake_args': None, 'catkin_skip_building_tests': False, 'cmake_args': None, 'cmake_clean_cache': False, 'cmake_clean_first': False, 'cmake_force_configure': False, 'cmake_target': None, 'cmake_target_skip_unavailable': False, 'install_base': '/home/sven/ros2_ws/install/my_cpp_pkg', 'merge_install': False, 'path': '/home/sven/ros2_ws/src/my_cpp_pkg', 'symlink_install': False, 'test_result_base': None}
[0.509s] Level 5:colcon.colcon_core.verb:set package 'my_py_pkg' build argument 'cmake_args' from command line to 'None'
[0.509s] Level 5:colcon.colcon_core.verb:set package 'my_py_pkg' build argument 'cmake_target' from command line to 'None'
[0.509s] Level 5:colcon.colcon_core.verb:set package 'my_py_pkg' build argument 'cmake_target_skip_unavailable' from command line to 'False'
[0.509s] Level 5:colcon.colcon_core.verb:set package 'my_py_pkg' build argument 'cmake_clean_cache' from command line to 'False'
[0.509s] Level 5:colcon.colcon_core.verb:set package 'my_py_pkg' build argument 'cmake_clean_first' from command line to 'False'
[0.509s] Level 5:colcon.colcon_core.verb:set package 'my_py_pkg' build argument 'cmake_force_configure' from command line to 'False'
[0.509s] Level 5:colcon.colcon_core.verb:set package 'my_py_pkg' build argument 'ament_cmake_args' from command line to 'None'
[0.509s] Level 5:colcon.colcon_core.verb:set package 'my_py_pkg' build argument 'catkin_cmake_args' from command line to 'None'
[0.509s] Level 5:colcon.colcon_core.verb:set package 'my_py_pkg' build argument 'catkin_skip_building_tests' from command line to 'False'
[0.509s] DEBUG:colcon.colcon_core.verb:Building package 'my_py_pkg' with the following arguments: {'ament_cmake_args': None, 'build_base': '/home/sven/ros2_ws/build/my_py_pkg', 'catkin_cmake_args': None, 'catkin_skip_building_tests': False, 'cmake_args': None, 'cmake_clean_cache': False, 'cmake_clean_first': False, 'cmake_force_configure': False, 'cmake_target': None, 'cmake_target_skip_unavailable': False, 'install_base': '/home/sven/ros2_ws/install/my_py_pkg', 'merge_install': False, 'path': '/home/sven/ros2_ws/src/my_py_pkg', 'symlink_install': False, 'test_result_base': None}
[0.514s] Level 5:colcon.colcon_core.verb:set package 'turtlesim_catch_them_all' build argument 'cmake_args' from command line to 'None'
[0.514s] Level 5:colcon.colcon_core.verb:set package 'turtlesim_catch_them_all' build argument 'cmake_target' from command line to 'None'
[0.514s] Level 5:colcon.colcon_core.verb:set package 'turtlesim_catch_them_all' build argument 'cmake_target_skip_unavailable' from command line to 'False'
[0.514s] Level 5:colcon.colcon_core.verb:set package 'turtlesim_catch_them_all' build argument 'cmake_clean_cache' from command line to 'False'
[0.514s] Level 5:colcon.colcon_core.verb:set package 'turtlesim_catch_them_all' build argument 'cmake_clean_first' from command line to 'False'
[0.514s] Level 5:colcon.colcon_core.verb:set package 'turtlesim_catch_them_all' build argument 'cmake_force_configure' from command line to 'False'
[0.514s] Level 5:colcon.colcon_core.verb:set package 'turtlesim_catch_them_all' build argument 'ament_cmake_args' from command line to 'None'
[0.514s] Level 5:colcon.colcon_core.verb:set package 'turtlesim_catch_them_all' build argument 'catkin_cmake_args' from command line to 'None'
[0.514s] Level 5:colcon.colcon_core.verb:set package 'turtlesim_catch_them_all' build argument 'catkin_skip_building_tests' from command line to 'False'
[0.514s] DEBUG:colcon.colcon_core.verb:Building package 'turtlesim_catch_them_all' with the following arguments: {'ament_cmake_args': None, 'build_base': '/home/sven/ros2_ws/build/turtlesim_catch_them_all', 'catkin_cmake_args': None, 'catkin_skip_building_tests': False, 'cmake_args': None, 'cmake_clean_cache': False, 'cmake_clean_first': False, 'cmake_force_configure': False, 'cmake_target': None, 'cmake_target_skip_unavailable': False, 'install_base': '/home/sven/ros2_ws/install/turtlesim_catch_them_all', 'merge_install': False, 'path': '/home/sven/ros2_ws/src/turtlesim_catch_them_all', 'symlink_install': False, 'test_result_base': None}
[0.519s] Level 5:colcon.colcon_core.verb:set package 'my_robot_bringup' build argument 'cmake_args' from command line to 'None'
[0.519s] Level 5:colcon.colcon_core.verb:set package 'my_robot_bringup' build argument 'cmake_target' from command line to 'None'
[0.519s] Level 5:colcon.colcon_core.verb:set package 'my_robot_bringup' build argument 'cmake_target_skip_unavailable' from command line to 'False'
[0.519s] Level 5:colcon.colcon_core.verb:set package 'my_robot_bringup' build argument 'cmake_clean_cache' from command line to 'False'
[0.519s] Level 5:colcon.colcon_core.verb:set package 'my_robot_bringup' build argument 'cmake_clean_first' from command line to 'False'
[0.519s] Level 5:colcon.colcon_core.verb:set package 'my_robot_bringup' build argument 'cmake_force_configure' from command line to 'False'
[0.519s] Level 5:colcon.colcon_core.verb:set package 'my_robot_bringup' build argument 'ament_cmake_args' from command line to 'None'
[0.519s] Level 5:colcon.colcon_core.verb:set package 'my_robot_bringup' build argument 'catkin_cmake_args' from command line to 'None'
[0.519s] Level 5:colcon.colcon_core.verb:set package 'my_robot_bringup' build argument 'catkin_skip_building_tests' from command line to 'False'
[0.519s] DEBUG:colcon.colcon_core.verb:Building package 'my_robot_bringup' with the following arguments: {'ament_cmake_args': None, 'build_base': '/home/sven/ros2_ws/build/my_robot_bringup', 'catkin_cmake_args': None, 'catkin_skip_building_tests': False, 'cmake_args': None, 'cmake_clean_cache': False, 'cmake_clean_first': False, 'cmake_force_configure': False, 'cmake_target': None, 'cmake_target_skip_unavailable': False, 'install_base': '/home/sven/ros2_ws/install/my_robot_bringup', 'merge_install': False, 'path': '/home/sven/ros2_ws/src/my_robot_bringup', 'symlink_install': False, 'test_result_base': None}
[0.524s] INFO:colcon.colcon_core.executor:Executing jobs using 'parallel' executor
[0.529s] DEBUG:colcon.colcon_parallel_executor.executor.parallel:run_until_complete
[0.530s] INFO:colcon.colcon_ros.task.ament_cmake.build:Building ROS package in '/home/sven/ros2_ws/src/my_robot_interfaces' with build type 'ament_cmake'
[0.530s] INFO:colcon.colcon_cmake.task.cmake.build:Building CMake package in '/home/sven/ros2_ws/src/my_robot_interfaces'
[0.536s] INFO:colcon.colcon_core.plugin_system:Skipping extension 'colcon_core.shell.bat': Not used on non-Windows systems
[0.536s] INFO:colcon.colcon_core.shell:Skip shell extension 'powershell' for command environment: Not usable outside of PowerShell
[0.536s] DEBUG:colcon.colcon_core.shell:Skip shell extension 'dsv' for command environment
[0.553s] INFO:colcon.colcon_ros.task.ament_cmake.build:Building ROS package in '/home/sven/ros2_ws/src/my_robot_description' with build type 'ament_cmake'
[0.553s] INFO:colcon.colcon_cmake.task.cmake.build:Building CMake package in '/home/sven/ros2_ws/src/my_robot_description'
[0.559s] INFO:colcon.colcon_core.shell:Skip shell extension 'powershell' for command environment: Not usable outside of PowerShell
[0.559s] DEBUG:colcon.colcon_core.shell:Skip shell extension 'dsv' for command environment
[0.579s] DEBUG:colcon.colcon_core.event_handler.log_command:Invoking command in '/home/sven/ros2_ws/build/my_robot_interfaces': CMAKE_PREFIX_PATH=${CMAKE_PREFIX_PATH}:/home/sven/ros2_ws/install/my_py_pkg:/opt/ros/humble /usr/bin/cmake --build /home/sven/ros2_ws/build/my_robot_interfaces -- -j20 -l20
[0.580s] DEBUG:colcon.colcon_core.event_handler.log_command:Invoking command in '/home/sven/ros2_ws/build/my_robot_description': CMAKE_PREFIX_PATH=${CMAKE_PREFIX_PATH}:/home/sven/ros2_ws/install/my_py_pkg:/opt/ros/humble /usr/bin/cmake --build /home/sven/ros2_ws/build/my_robot_description -- -j20 -l20
[0.696s] DEBUG:colcon.colcon_core.event_handler.log_command:Invoked command in '/home/sven/ros2_ws/build/my_robot_description' returned '0': CMAKE_PREFIX_PATH=${CMAKE_PREFIX_PATH}:/home/sven/ros2_ws/install/my_py_pkg:/opt/ros/humble /usr/bin/cmake --build /home/sven/ros2_ws/build/my_robot_description -- -j20 -l20
[0.712s] DEBUG:colcon.colcon_core.event_handler.log_command:Invoking command in '/home/sven/ros2_ws/build/my_robot_description': CMAKE_PREFIX_PATH=${CMAKE_PREFIX_PATH}:/home/sven/ros2_ws/install/my_py_pkg:/opt/ros/humble /usr/bin/cmake --install /home/sven/ros2_ws/build/my_robot_description
[0.717s] Level 1:colcon.colcon_core.environment:create_environment_scripts_only(my_robot_description)
[0.717s] DEBUG:colcon.colcon_core.event_handler.log_command:Invoked command in '/home/sven/ros2_ws/build/my_robot_description' returned '0': CMAKE_PREFIX_PATH=${CMAKE_PREFIX_PATH}:/home/sven/ros2_ws/install/my_py_pkg:/opt/ros/humble /usr/bin/cmake --install /home/sven/ros2_ws/build/my_robot_description
[0.723s] Level 1:colcon.colcon_core.environment:checking '/home/sven/ros2_ws/install/my_robot_description' for CMake module files
[0.723s] Level 1:colcon.colcon_core.environment:checking '/home/sven/ros2_ws/install/my_robot_description' for CMake config files
[0.724s] Level 1:colcon.colcon_core.shell:create_environment_hook('my_robot_description', 'cmake_prefix_path')
[0.735s] INFO:colcon.colcon_core.shell:Creating environment hook '/home/sven/ros2_ws/install/my_robot_description/share/my_robot_description/hook/cmake_prefix_path.ps1'
[0.735s] INFO:colcon.colcon_core.shell:Creating environment descriptor '/home/sven/ros2_ws/install/my_robot_description/share/my_robot_description/hook/cmake_prefix_path.dsv'
[0.736s] INFO:colcon.colcon_core.shell:Creating environment hook '/home/sven/ros2_ws/install/my_robot_description/share/my_robot_description/hook/cmake_prefix_path.sh'
[0.736s] Level 1:colcon.colcon_core.environment:checking '/home/sven/ros2_ws/install/my_robot_description/bin'
[0.736s] Level 1:colcon.colcon_core.environment:checking '/home/sven/ros2_ws/install/my_robot_description/lib/pkgconfig/my_robot_description.pc'
[0.736s] Level 1:colcon.colcon_core.environment:checking '/home/sven/ros2_ws/install/my_robot_description/lib/python3.10/site-packages'
[0.736s] Level 1:colcon.colcon_core.environment:checking '/home/sven/ros2_ws/install/my_robot_description/bin'
[0.742s] INFO:colcon.colcon_core.shell:Creating package script '/home/sven/ros2_ws/install/my_robot_description/share/my_robot_description/package.ps1'
[0.742s] INFO:colcon.colcon_core.shell:Creating package descriptor '/home/sven/ros2_ws/install/my_robot_description/share/my_robot_description/package.dsv'
[0.742s] INFO:colcon.colcon_core.shell:Creating package script '/home/sven/ros2_ws/install/my_robot_description/share/my_robot_description/package.sh'
[0.743s] INFO:colcon.colcon_core.shell:Creating package script '/home/sven/ros2_ws/install/my_robot_description/share/my_robot_description/package.bash'
[0.743s] INFO:colcon.colcon_core.shell:Creating package script '/home/sven/ros2_ws/install/my_robot_description/share/my_robot_description/package.zsh'
[0.743s] Level 1:colcon.colcon_core.environment:create_file_with_runtime_dependencies(/home/sven/ros2_ws/install/my_robot_description/share/colcon-core/packages/my_robot_description)
[0.760s] Level 1:colcon.colcon_core.environment:create_environment_scripts_only(my_robot_description)
[0.765s] Level 1:colcon.colcon_core.environment:checking '/home/sven/ros2_ws/install/my_robot_description' for CMake module files
[0.765s] Level 1:colcon.colcon_core.environment:checking '/home/sven/ros2_ws/install/my_robot_description' for CMake config files
[0.765s] Level 1:colcon.colcon_core.shell:create_environment_hook('my_robot_description', 'cmake_prefix_path')
[0.771s] INFO:colcon.colcon_core.shell:Creating environment hook '/home/sven/ros2_ws/install/my_robot_description/share/my_robot_description/hook/cmake_prefix_path.ps1'
[0.771s] INFO:colcon.colcon_core.shell:Creating environment descriptor '/home/sven/ros2_ws/install/my_robot_description/share/my_robot_description/hook/cmake_prefix_path.dsv'
[0.771s] INFO:colcon.colcon_core.shell:Creating environment hook '/home/sven/ros2_ws/install/my_robot_description/share/my_robot_description/hook/cmake_prefix_path.sh'
[0.771s] Level 1:colcon.colcon_core.environment:checking '/home/sven/ros2_ws/install/my_robot_description/bin'
[0.771s] Level 1:colcon.colcon_core.environment:checking '/home/sven/ros2_ws/install/my_robot_description/lib/pkgconfig/my_robot_description.pc'
[0.771s] Level 1:colcon.colcon_core.environment:checking '/home/sven/ros2_ws/install/my_robot_description/lib/python3.10/site-packages'
[0.771s] Level 1:colcon.colcon_core.environment:checking '/home/sven/ros2_ws/install/my_robot_description/bin'
[0.777s] INFO:colcon.colcon_core.shell:Creating package script '/home/sven/ros2_ws/install/my_robot_description/share/my_robot_description/package.ps1'
[0.777s] INFO:colcon.colcon_core.shell:Creating package descriptor '/home/sven/ros2_ws/install/my_robot_description/share/my_robot_description/package.dsv'
[0.777s] INFO:colcon.colcon_core.shell:Creating package script '/home/sven/ros2_ws/install/my_robot_description/share/my_robot_description/package.sh'
[0.777s] INFO:colcon.colcon_core.shell:Creating package script '/home/sven/ros2_ws/install/my_robot_description/share/my_robot_description/package.bash'
[0.778s] INFO:colcon.colcon_core.shell:Creating package script '/home/sven/ros2_ws/install/my_robot_description/share/my_robot_description/package.zsh'
[0.778s] Level 1:colcon.colcon_core.environment:create_file_with_runtime_dependencies(/home/sven/ros2_ws/install/my_robot_description/share/colcon-core/packages/my_robot_description)
[2.543s] DEBUG:colcon.colcon_core.event_handler.log_command:Invoked command in '/home/sven/ros2_ws/build/my_robot_interfaces' returned '0': CMAKE_PREFIX_PATH=${CMAKE_PREFIX_PATH}:/home/sven/ros2_ws/install/my_py_pkg:/opt/ros/humble /usr/bin/cmake --build /home/sven/ros2_ws/build/my_robot_interfaces -- -j20 -l20
[2.616s] DEBUG:colcon.colcon_core.event_handler.log_command:Invoking command in '/home/sven/ros2_ws/build/my_robot_interfaces': CMAKE_PREFIX_PATH=${CMAKE_PREFIX_PATH}:/home/sven/ros2_ws/install/my_py_pkg:/opt/ros/humble /usr/bin/cmake --install /home/sven/ros2_ws/build/my_robot_interfaces
[2.651s] Level 1:colcon.colcon_core.environment:create_environment_scripts_only(my_robot_interfaces)
[2.651s] DEBUG:colcon.colcon_core.event_handler.log_command:Invoked command in '/home/sven/ros2_ws/build/my_robot_interfaces' returned '0': CMAKE_PREFIX_PATH=${CMAKE_PREFIX_PATH}:/home/sven/ros2_ws/install/my_py_pkg:/opt/ros/humble /usr/bin/cmake --install /home/sven/ros2_ws/build/my_robot_interfaces
[2.657s] Level 1:colcon.colcon_core.environment:checking '/home/sven/ros2_ws/install/my_robot_interfaces' for CMake module files
[2.657s] Level 1:colcon.colcon_core.environment:checking '/home/sven/ros2_ws/install/my_robot_interfaces' for CMake config files
[2.657s] Level 1:colcon.colcon_core.shell:create_environment_hook('my_robot_interfaces', 'cmake_prefix_path')
[2.662s] INFO:colcon.colcon_core.shell:Creating environment hook '/home/sven/ros2_ws/install/my_robot_interfaces/share/my_robot_interfaces/hook/cmake_prefix_path.ps1'
[2.663s] INFO:colcon.colcon_core.shell:Creating environment descriptor '/home/sven/ros2_ws/install/my_robot_interfaces/share/my_robot_interfaces/hook/cmake_prefix_path.dsv'
[2.663s] INFO:colcon.colcon_core.shell:Creating environment hook '/home/sven/ros2_ws/install/my_robot_interfaces/share/my_robot_interfaces/hook/cmake_prefix_path.sh'
[2.663s] Level 1:colcon.colcon_core.environment:checking '/home/sven/ros2_ws/install/my_robot_interfaces/lib'
[2.663s] Level 1:colcon.colcon_core.shell:create_environment_hook('my_robot_interfaces', 'ld_library_path_lib')
[2.668s] INFO:colcon.colcon_core.shell:Creating environment hook '/home/sven/ros2_ws/install/my_robot_interfaces/share/my_robot_interfaces/hook/ld_library_path_lib.ps1'
[2.668s] INFO:colcon.colcon_core.shell:Creating environment descriptor '/home/sven/ros2_ws/install/my_robot_interfaces/share/my_robot_interfaces/hook/ld_library_path_lib.dsv'
[2.669s] INFO:colcon.colcon_core.shell:Creating environment hook '/home/sven/ros2_ws/install/my_robot_interfaces/share/my_robot_interfaces/hook/ld_library_path_lib.sh'
[2.669s] Level 1:colcon.colcon_core.environment:checking '/home/sven/ros2_ws/install/my_robot_interfaces/bin'
[2.669s] Level 1:colcon.colcon_core.environment:checking '/home/sven/ros2_ws/install/my_robot_interfaces/lib/pkgconfig/my_robot_interfaces.pc'
[2.669s] Level 1:colcon.colcon_core.environment:checking '/home/sven/ros2_ws/install/my_robot_interfaces/lib/python3.10/site-packages'
[2.669s] Level 1:colcon.colcon_core.environment:checking '/home/sven/ros2_ws/install/my_robot_interfaces/bin'
[2.674s] INFO:colcon.colcon_core.shell:Creating package script '/home/sven/ros2_ws/install/my_robot_interfaces/share/my_robot_interfaces/package.ps1'
[2.675s] INFO:colcon.colcon_core.shell:Creating package descriptor '/home/sven/ros2_ws/install/my_robot_interfaces/share/my_robot_interfaces/package.dsv'
[2.675s] INFO:colcon.colcon_core.shell:Creating package script '/home/sven/ros2_ws/install/my_robot_interfaces/share/my_robot_interfaces/package.sh'
[2.675s] INFO:colcon.colcon_core.shell:Creating package script '/home/sven/ros2_ws/install/my_robot_interfaces/share/my_robot_interfaces/package.bash'
[2.675s] INFO:colcon.colcon_core.shell:Creating package script '/home/sven/ros2_ws/install/my_robot_interfaces/share/my_robot_interfaces/package.zsh'
[2.675s] Level 1:colcon.colcon_core.environment:create_file_with_runtime_dependencies(/home/sven/ros2_ws/install/my_robot_interfaces/share/colcon-core/packages/my_robot_interfaces)
[2.753s] Level 1:colcon.colcon_core.environment:create_environment_scripts_only(my_robot_interfaces)
[2.758s] Level 1:colcon.colcon_core.environment:checking '/home/sven/ros2_ws/install/my_robot_interfaces' for CMake module files
[2.758s] Level 1:colcon.colcon_core.environment:checking '/home/sven/ros2_ws/install/my_robot_interfaces' for CMake config files
[2.759s] Level 1:colcon.colcon_core.shell:create_environment_hook('my_robot_interfaces', 'cmake_prefix_path')
[2.764s] INFO:colcon.colcon_core.shell:Creating environment hook '/home/sven/ros2_ws/install/my_robot_interfaces/share/my_robot_interfaces/hook/cmake_prefix_path.ps1'
[2.764s] INFO:colcon.colcon_core.shell:Creating environment descriptor '/home/sven/ros2_ws/install/my_robot_interfaces/share/my_robot_interfaces/hook/cmake_prefix_path.dsv'
[2.764s] INFO:colcon.colcon_core.shell:Creating environment hook '/home/sven/ros2_ws/install/my_robot_interfaces/share/my_robot_interfaces/hook/cmake_prefix_path.sh'
[2.764s] Level 1:colcon.colcon_core.environment:checking '/home/sven/ros2_ws/install/my_robot_interfaces/lib'
[2.764s] Level 1:colcon.colcon_core.shell:create_environment_hook('my_robot_interfaces', 'ld_library_path_lib')
[2.770s] INFO:colcon.colcon_core.shell:Creating environment hook '/home/sven/ros2_ws/install/my_robot_interfaces/share/my_robot_interfaces/hook/ld_library_path_lib.ps1'
[2.770s] INFO:colcon.colcon_core.shell:Creating environment descriptor '/home/sven/ros2_ws/install/my_robot_interfaces/share/my_robot_interfaces/hook/ld_library_path_lib.dsv'
[2.771s] INFO:colcon.colcon_core.shell:Creating environment hook '/home/sven/ros2_ws/install/my_robot_interfaces/share/my_robot_interfaces/hook/ld_library_path_lib.sh'
[2.771s] Level 1:colcon.colcon_core.environment:checking '/home/sven/ros2_ws/install/my_robot_interfaces/bin'
[2.771s] Level 1:colcon.colcon_core.environment:checking '/home/sven/ros2_ws/install/my_robot_interfaces/lib/pkgconfig/my_robot_interfaces.pc'
[2.771s] Level 1:colcon.colcon_core.environment:checking '/home/sven/ros2_ws/install/my_robot_interfaces/lib/python3.10/site-packages'
[2.771s] Level 1:colcon.colcon_core.environment:checking '/home/sven/ros2_ws/install/my_robot_interfaces/bin'
[2.776s] INFO:colcon.colcon_core.shell:Creating package script '/home/sven/ros2_ws/install/my_robot_interfaces/share/my_robot_interfaces/package.ps1'
[2.777s] INFO:colcon.colcon_core.shell:Creating package descriptor '/home/sven/ros2_ws/install/my_robot_interfaces/share/my_robot_interfaces/package.dsv'
[2.777s] INFO:colcon.colcon_core.shell:Creating package script '/home/sven/ros2_ws/install/my_robot_interfaces/share/my_robot_interfaces/package.sh'
[2.777s] INFO:colcon.colcon_core.shell:Creating package script '/home/sven/ros2_ws/install/my_robot_interfaces/share/my_robot_interfaces/package.bash'
[2.777s] INFO:colcon.colcon_core.shell:Creating package script '/home/sven/ros2_ws/install/my_robot_interfaces/share/my_robot_interfaces/package.zsh'
[2.777s] Level 1:colcon.colcon_core.environment:create_file_with_runtime_dependencies(/home/sven/ros2_ws/install/my_robot_interfaces/share/colcon-core/packages/my_robot_interfaces)
[2.777s] INFO:colcon.colcon_ros.task.ament_cmake.build:Building ROS package in '/home/sven/ros2_ws/src/my_cpp_pkg' with build type 'ament_cmake'
[2.777s] INFO:colcon.colcon_cmake.task.cmake.build:Building CMake package in '/home/sven/ros2_ws/src/my_cpp_pkg'
[2.783s] INFO:colcon.colcon_core.shell:Skip shell extension 'powershell' for command environment: Not usable outside of PowerShell
[2.783s] DEBUG:colcon.colcon_core.shell:Skip shell extension 'dsv' for command environment
[2.801s] INFO:colcon.colcon_ros.task.ament_python.build:Building ROS package in '/home/sven/ros2_ws/src/my_py_pkg' with build type 'ament_python'
[2.801s] Level 1:colcon.colcon_core.shell:create_environment_hook('my_py_pkg', 'ament_prefix_path')
[2.807s] INFO:colcon.colcon_core.shell:Creating environment hook '/home/sven/ros2_ws/install/my_py_pkg/share/my_py_pkg/hook/ament_prefix_path.ps1'
[2.807s] INFO:colcon.colcon_core.shell:Creating environment descriptor '/home/sven/ros2_ws/install/my_py_pkg/share/my_py_pkg/hook/ament_prefix_path.dsv'
[2.807s] INFO:colcon.colcon_core.shell:Creating environment hook '/home/sven/ros2_ws/install/my_py_pkg/share/my_py_pkg/hook/ament_prefix_path.sh'
[2.812s] INFO:colcon.colcon_core.shell:Skip shell extension 'powershell' for command environment: Not usable outside of PowerShell
[2.812s] DEBUG:colcon.colcon_core.shell:Skip shell extension 'dsv' for command environment
[2.830s] INFO:colcon.colcon_ros.task.ament_cmake.build:Building ROS package in '/home/sven/ros2_ws/src/turtlesim_catch_them_all' with build type 'ament_cmake'
[2.830s] INFO:colcon.colcon_cmake.task.cmake.build:Building CMake package in '/home/sven/ros2_ws/src/turtlesim_catch_them_all'
[2.835s] INFO:colcon.colcon_core.shell:Skip shell extension 'powershell' for command environment: Not usable outside of PowerShell
[2.835s] DEBUG:colcon.colcon_core.shell:Skip shell extension 'dsv' for command environment
[2.855s] DEBUG:colcon.colcon_core.event_handler.log_command:Invoking command in '/home/sven/ros2_ws/build/my_cpp_pkg': CMAKE_PREFIX_PATH=/home/sven/ros2_ws/install/my_robot_interfaces:/home/sven/ros2_ws/install/turtlesim_catch_them_all:/home/sven/ros2_ws/install/my_robot_bringup:/home/sven/ros2_ws/install/my_cpp_pkg:/home/sven/ros2_ws/install/my_py_pkg:/opt/ros/humble LD_LIBRARY_PATH=/home/sven/ros2_ws/install/my_robot_interfaces/lib:/usr/lib/x86_64-linux-gnu/gazebo-11/plugins:/opt/ros/humble/opt/rviz_ogre_vendor/lib:/opt/ros/humble/lib/x86_64-linux-gnu:/opt/ros/humble/lib:/usr/share/gazebo/../../lib/x86_64-linux-gnu/gazebo-11/plugins /usr/bin/cmake --build /home/sven/ros2_ws/build/my_cpp_pkg -- -j20 -l20
[2.971s] INFO:colcon.colcon_core.task.python.build:Building Python package in '/home/sven/ros2_ws/src/my_py_pkg'
[2.981s] INFO:colcon.colcon_core.shell:Skip shell extension 'powershell' for command environment: Not usable outside of PowerShell
[2.981s] DEBUG:colcon.colcon_core.shell:Skip shell extension 'dsv' for command environment
[3.015s] DEBUG:colcon.colcon_core.event_handler.log_command:Invoking command in '/home/sven/ros2_ws/build/turtlesim_catch_them_all': CMAKE_PREFIX_PATH=/home/sven/ros2_ws/install/my_robot_interfaces:/home/sven/ros2_ws/install/turtlesim_catch_them_all:/home/sven/ros2_ws/install/my_robot_bringup:/home/sven/ros2_ws/install/my_cpp_pkg:/home/sven/ros2_ws/install/my_py_pkg:/opt/ros/humble LD_LIBRARY_PATH=/home/sven/ros2_ws/install/my_robot_interfaces/lib:/usr/lib/x86_64-linux-gnu/gazebo-11/plugins:/opt/ros/humble/opt/rviz_ogre_vendor/lib:/opt/ros/humble/lib/x86_64-linux-gnu:/opt/ros/humble/lib:/usr/share/gazebo/../../lib/x86_64-linux-gnu/gazebo-11/plugins /usr/bin/cmake --build /home/sven/ros2_ws/build/turtlesim_catch_them_all -- -j20 -l20
[3.188s] DEBUG:colcon.colcon_core.event_handler.log_command:Invoking command in '/home/sven/ros2_ws/src/my_py_pkg': CMAKE_PREFIX_PATH=/home/sven/ros2_ws/install/my_robot_interfaces:/home/sven/ros2_ws/install/turtlesim_catch_them_all:/home/sven/ros2_ws/install/my_robot_bringup:/home/sven/ros2_ws/install/my_cpp_pkg LD_LIBRARY_PATH=/home/sven/ros2_ws/install/my_robot_interfaces/lib:/usr/lib/x86_64-linux-gnu/gazebo-11/plugins:/opt/ros/humble/opt/rviz_ogre_vendor/lib:/opt/ros/humble/lib/x86_64-linux-gnu:/opt/ros/humble/lib:/usr/share/gazebo/../../lib/x86_64-linux-gnu/gazebo-11/plugins PYTHONPATH=/home/sven/ros2_ws/build/my_py_pkg/prefix_override:/home/sven/ros2_ws/install/my_py_pkg/lib/python3.10/site-packages:${PYTHONPATH} /usr/bin/python3 setup.py egg_info --egg-base ../../build/my_py_pkg build --build-base /home/sven/ros2_ws/build/my_py_pkg/build install --record /home/sven/ros2_ws/build/my_py_pkg/install.log --single-version-externally-managed
[3.338s] DEBUG:colcon.colcon_core.event_handler.log_command:Invoked command in '/home/sven/ros2_ws/src/my_py_pkg' returned '0': CMAKE_PREFIX_PATH=/home/sven/ros2_ws/install/my_robot_interfaces:/home/sven/ros2_ws/install/turtlesim_catch_them_all:/home/sven/ros2_ws/install/my_robot_bringup:/home/sven/ros2_ws/install/my_cpp_pkg LD_LIBRARY_PATH=/home/sven/ros2_ws/install/my_robot_interfaces/lib:/usr/lib/x86_64-linux-gnu/gazebo-11/plugins:/opt/ros/humble/opt/rviz_ogre_vendor/lib:/opt/ros/humble/lib/x86_64-linux-gnu:/opt/ros/humble/lib:/usr/share/gazebo/../../lib/x86_64-linux-gnu/gazebo-11/plugins PYTHONPATH=/home/sven/ros2_ws/build/my_py_pkg/prefix_override:/home/sven/ros2_ws/install/my_py_pkg/lib/python3.10/site-packages:${PYTHONPATH} /usr/bin/python3 setup.py egg_info --egg-base ../../build/my_py_pkg build --build-base /home/sven/ros2_ws/build/my_py_pkg/build install --record /home/sven/ros2_ws/build/my_py_pkg/install.log --single-version-externally-managed
[3.346s] Level 1:colcon.colcon_core.environment:checking '/home/sven/ros2_ws/install/my_py_pkg' for CMake module files
[3.346s] Level 1:colcon.colcon_core.environment:checking '/home/sven/ros2_ws/install/my_py_pkg' for CMake config files
[3.346s] Level 1:colcon.colcon_core.environment:checking '/home/sven/ros2_ws/install/my_py_pkg/lib'
[3.346s] Level 1:colcon.colcon_core.environment:checking '/home/sven/ros2_ws/install/my_py_pkg/bin'
[3.346s] Level 1:colcon.colcon_core.environment:checking '/home/sven/ros2_ws/install/my_py_pkg/lib/pkgconfig/my_py_pkg.pc'
[3.346s] Level 1:colcon.colcon_core.environment:checking '/home/sven/ros2_ws/install/my_py_pkg/lib/python3.10/site-packages'
[3.346s] Level 1:colcon.colcon_core.shell:create_environment_hook('my_py_pkg', 'pythonpath')
[3.352s] INFO:colcon.colcon_core.shell:Creating environment hook '/home/sven/ros2_ws/install/my_py_pkg/share/my_py_pkg/hook/pythonpath.ps1'
[3.353s] INFO:colcon.colcon_core.shell:Creating environment descriptor '/home/sven/ros2_ws/install/my_py_pkg/share/my_py_pkg/hook/pythonpath.dsv'
[3.353s] INFO:colcon.colcon_core.shell:Creating environment hook '/home/sven/ros2_ws/install/my_py_pkg/share/my_py_pkg/hook/pythonpath.sh'
[3.353s] Level 1:colcon.colcon_core.environment:checking '/home/sven/ros2_ws/install/my_py_pkg/bin'
[3.353s] Level 1:colcon.colcon_core.environment:create_environment_scripts_only(my_py_pkg)
[3.359s] INFO:colcon.colcon_core.shell:Creating package script '/home/sven/ros2_ws/install/my_py_pkg/share/my_py_pkg/package.ps1'
[3.359s] INFO:colcon.colcon_core.shell:Creating package descriptor '/home/sven/ros2_ws/install/my_py_pkg/share/my_py_pkg/package.dsv'
[3.360s] INFO:colcon.colcon_core.shell:Creating package script '/home/sven/ros2_ws/install/my_py_pkg/share/my_py_pkg/package.sh'
[3.360s] INFO:colcon.colcon_core.shell:Creating package script '/home/sven/ros2_ws/install/my_py_pkg/share/my_py_pkg/package.bash'
[3.360s] INFO:colcon.colcon_core.shell:Creating package script '/home/sven/ros2_ws/install/my_py_pkg/share/my_py_pkg/package.zsh'
[3.360s] Level 1:colcon.colcon_core.environment:create_file_with_runtime_dependencies(/home/sven/ros2_ws/install/my_py_pkg/share/colcon-core/packages/my_py_pkg)
[5.509s] DEBUG:colcon.colcon_core.event_handler.log_command:Invoked command in '/home/sven/ros2_ws/build/my_cpp_pkg' returned '0': CMAKE_PREFIX_PATH=/home/sven/ros2_ws/install/my_robot_interfaces:/home/sven/ros2_ws/install/turtlesim_catch_them_all:/home/sven/ros2_ws/install/my_robot_bringup:/home/sven/ros2_ws/install/my_cpp_pkg:/home/sven/ros2_ws/install/my_py_pkg:/opt/ros/humble LD_LIBRARY_PATH=/home/sven/ros2_ws/install/my_robot_interfaces/lib:/usr/lib/x86_64-linux-gnu/gazebo-11/plugins:/opt/ros/humble/opt/rviz_ogre_vendor/lib:/opt/ros/humble/lib/x86_64-linux-gnu:/opt/ros/humble/lib:/usr/share/gazebo/../../lib/x86_64-linux-gnu/gazebo-11/plugins /usr/bin/cmake --build /home/sven/ros2_ws/build/my_cpp_pkg -- -j20 -l20
[5.537s] DEBUG:colcon.colcon_core.event_handler.log_command:Invoking command in '/home/sven/ros2_ws/build/my_cpp_pkg': CMAKE_PREFIX_PATH=/home/sven/ros2_ws/install/my_robot_interfaces:/home/sven/ros2_ws/install/turtlesim_catch_them_all:/home/sven/ros2_ws/install/my_robot_bringup:/home/sven/ros2_ws/install/my_cpp_pkg:/home/sven/ros2_ws/install/my_py_pkg:/opt/ros/humble LD_LIBRARY_PATH=/home/sven/ros2_ws/install/my_robot_interfaces/lib:/usr/lib/x86_64-linux-gnu/gazebo-11/plugins:/opt/ros/humble/opt/rviz_ogre_vendor/lib:/opt/ros/humble/lib/x86_64-linux-gnu:/opt/ros/humble/lib:/usr/share/gazebo/../../lib/x86_64-linux-gnu/gazebo-11/plugins /usr/bin/cmake --install /home/sven/ros2_ws/build/my_cpp_pkg
[5.547s] Level 1:colcon.colcon_core.environment:create_environment_scripts_only(my_cpp_pkg)
[5.548s] DEBUG:colcon.colcon_core.event_handler.log_command:Invoked command in '/home/sven/ros2_ws/build/my_cpp_pkg' returned '0': CMAKE_PREFIX_PATH=/home/sven/ros2_ws/install/my_robot_interfaces:/home/sven/ros2_ws/install/turtlesim_catch_them_all:/home/sven/ros2_ws/install/my_robot_bringup:/home/sven/ros2_ws/install/my_cpp_pkg:/home/sven/ros2_ws/install/my_py_pkg:/opt/ros/humble LD_LIBRARY_PATH=/home/sven/ros2_ws/install/my_robot_interfaces/lib:/usr/lib/x86_64-linux-gnu/gazebo-11/plugins:/opt/ros/humble/opt/rviz_ogre_vendor/lib:/opt/ros/humble/lib/x86_64-linux-gnu:/opt/ros/humble/lib:/usr/share/gazebo/../../lib/x86_64-linux-gnu/gazebo-11/plugins /usr/bin/cmake --install /home/sven/ros2_ws/build/my_cpp_pkg
[5.553s] Level 1:colcon.colcon_core.environment:checking '/home/sven/ros2_ws/install/my_cpp_pkg' for CMake module files
[5.554s] Level 1:colcon.colcon_core.environment:checking '/home/sven/ros2_ws/install/my_cpp_pkg' for CMake config files
[5.554s] Level 1:colcon.colcon_core.shell:create_environment_hook('my_cpp_pkg', 'cmake_prefix_path')
[5.559s] INFO:colcon.colcon_core.shell:Creating environment hook '/home/sven/ros2_ws/install/my_cpp_pkg/share/my_cpp_pkg/hook/cmake_prefix_path.ps1'
[5.559s] INFO:colcon.colcon_core.shell:Creating environment descriptor '/home/sven/ros2_ws/install/my_cpp_pkg/share/my_cpp_pkg/hook/cmake_prefix_path.dsv'
[5.560s] INFO:colcon.colcon_core.shell:Creating environment hook '/home/sven/ros2_ws/install/my_cpp_pkg/share/my_cpp_pkg/hook/cmake_prefix_path.sh'
[5.560s] Level 1:colcon.colcon_core.environment:checking '/home/sven/ros2_ws/install/my_cpp_pkg/lib'
[5.560s] Level 1:colcon.colcon_core.environment:checking '/home/sven/ros2_ws/install/my_cpp_pkg/bin'
[5.560s] Level 1:colcon.colcon_core.environment:checking '/home/sven/ros2_ws/install/my_cpp_pkg/lib/pkgconfig/my_cpp_pkg.pc'
[5.560s] Level 1:colcon.colcon_core.environment:checking '/home/sven/ros2_ws/install/my_cpp_pkg/lib/python3.10/site-packages'
[5.560s] Level 1:colcon.colcon_core.environment:checking '/home/sven/ros2_ws/install/my_cpp_pkg/bin'
[5.565s] INFO:colcon.colcon_core.shell:Creating package script '/home/sven/ros2_ws/install/my_cpp_pkg/share/my_cpp_pkg/package.ps1'
[5.566s] INFO:colcon.colcon_core.shell:Creating package descriptor '/home/sven/ros2_ws/install/my_cpp_pkg/share/my_cpp_pkg/package.dsv'
[5.566s] INFO:colcon.colcon_core.shell:Creating package script '/home/sven/ros2_ws/install/my_cpp_pkg/share/my_cpp_pkg/package.sh'
[5.566s] INFO:colcon.colcon_core.shell:Creating package script '/home/sven/ros2_ws/install/my_cpp_pkg/share/my_cpp_pkg/package.bash'
[5.566s] INFO:colcon.colcon_core.shell:Creating package script '/home/sven/ros2_ws/install/my_cpp_pkg/share/my_cpp_pkg/package.zsh'
[5.566s] Level 1:colcon.colcon_core.environment:create_file_with_runtime_dependencies(/home/sven/ros2_ws/install/my_cpp_pkg/share/colcon-core/packages/my_cpp_pkg)
[5.598s] Level 1:colcon.colcon_core.environment:create_environment_scripts_only(my_cpp_pkg)
[5.604s] Level 1:colcon.colcon_core.environment:checking '/home/sven/ros2_ws/install/my_cpp_pkg' for CMake module files
[5.604s] Level 1:colcon.colcon_core.environment:checking '/home/sven/ros2_ws/install/my_cpp_pkg' for CMake config files
[5.604s] Level 1:colcon.colcon_core.shell:create_environment_hook('my_cpp_pkg', 'cmake_prefix_path')
[5.610s] INFO:colcon.colcon_core.shell:Creating environment hook '/home/sven/ros2_ws/install/my_cpp_pkg/share/my_cpp_pkg/hook/cmake_prefix_path.ps1'
[5.610s] INFO:colcon.colcon_core.shell:Creating environment descriptor '/home/sven/ros2_ws/install/my_cpp_pkg/share/my_cpp_pkg/hook/cmake_prefix_path.dsv'
[5.610s] INFO:colcon.colcon_core.shell:Creating environment hook '/home/sven/ros2_ws/install/my_cpp_pkg/share/my_cpp_pkg/hook/cmake_prefix_path.sh'
[5.610s] Level 1:colcon.colcon_core.environment:checking '/home/sven/ros2_ws/install/my_cpp_pkg/lib'
[5.610s] Level 1:colcon.colcon_core.environment:checking '/home/sven/ros2_ws/install/my_cpp_pkg/bin'
[5.610s] Level 1:colcon.colcon_core.environment:checking '/home/sven/ros2_ws/install/my_cpp_pkg/lib/pkgconfig/my_cpp_pkg.pc'
[5.610s] Level 1:colcon.colcon_core.environment:checking '/home/sven/ros2_ws/install/my_cpp_pkg/lib/python3.10/site-packages'
[5.611s] Level 1:colcon.colcon_core.environment:checking '/home/sven/ros2_ws/install/my_cpp_pkg/bin'
[5.616s] INFO:colcon.colcon_core.shell:Creating package script '/home/sven/ros2_ws/install/my_cpp_pkg/share/my_cpp_pkg/package.ps1'
[5.617s] INFO:colcon.colcon_core.shell:Creating package descriptor '/home/sven/ros2_ws/install/my_cpp_pkg/share/my_cpp_pkg/package.dsv'
[5.617s] INFO:colcon.colcon_core.shell:Creating package script '/home/sven/ros2_ws/install/my_cpp_pkg/share/my_cpp_pkg/package.sh'
[5.617s] INFO:colcon.colcon_core.shell:Creating package script '/home/sven/ros2_ws/install/my_cpp_pkg/share/my_cpp_pkg/package.bash'
[5.617s] INFO:colcon.colcon_core.shell:Creating package script '/home/sven/ros2_ws/install/my_cpp_pkg/share/my_cpp_pkg/package.zsh'
[5.617s] Level 1:colcon.colcon_core.environment:create_file_with_runtime_dependencies(/home/sven/ros2_ws/install/my_cpp_pkg/share/colcon-core/packages/my_cpp_pkg)
[5.617s] INFO:colcon.colcon_ros.task.ament_cmake.build:Building ROS package in '/home/sven/ros2_ws/src/my_robot_bringup' with build type 'ament_cmake'
[5.617s] INFO:colcon.colcon_cmake.task.cmake.build:Building CMake package in '/home/sven/ros2_ws/src/my_robot_bringup'
[5.623s] INFO:colcon.colcon_core.shell:Skip shell extension 'powershell' for command environment: Not usable outside of PowerShell
[5.623s] DEBUG:colcon.colcon_core.shell:Skip shell extension 'dsv' for command environment
[5.646s] DEBUG:colcon.colcon_core.event_handler.log_command:Invoking command in '/home/sven/ros2_ws/build/my_robot_bringup': AMENT_PREFIX_PATH=/home/sven/ros2_ws/install/my_py_pkg:/home/sven/ros2_ws/install/turtlesim_catch_them_all:/home/sven/ros2_ws/install/my_robot_bringup:/home/sven/ros2_ws/install/my_cpp_pkg:/home/sven/ros2_ws/install/my_robot_interfaces:/opt/ros/humble CMAKE_PREFIX_PATH=/home/sven/ros2_ws/install/my_cpp_pkg:/home/sven/ros2_ws/install/my_robot_interfaces:/home/sven/ros2_ws/install/turtlesim_catch_them_all:/home/sven/ros2_ws/install/my_robot_bringup:/home/sven/ros2_ws/install/my_py_pkg:/opt/ros/humble LD_LIBRARY_PATH=/home/sven/ros2_ws/install/my_robot_interfaces/lib:/usr/lib/x86_64-linux-gnu/gazebo-11/plugins:/opt/ros/humble/opt/rviz_ogre_vendor/lib:/opt/ros/humble/lib/x86_64-linux-gnu:/opt/ros/humble/lib:/usr/share/gazebo/../../lib/x86_64-linux-gnu/gazebo-11/plugins /usr/bin/cmake --build /home/sven/ros2_ws/build/my_robot_bringup -- -j20 -l20
[5.666s] DEBUG:colcon.colcon_core.event_handler.log_command:Invoked command in '/home/sven/ros2_ws/build/my_robot_bringup' returned '0': AMENT_PREFIX_PATH=/home/sven/ros2_ws/install/my_py_pkg:/home/sven/ros2_ws/install/turtlesim_catch_them_all:/home/sven/ros2_ws/install/my_robot_bringup:/home/sven/ros2_ws/install/my_cpp_pkg:/home/sven/ros2_ws/install/my_robot_interfaces:/opt/ros/humble CMAKE_PREFIX_PATH=/home/sven/ros2_ws/install/my_cpp_pkg:/home/sven/ros2_ws/install/my_robot_interfaces:/home/sven/ros2_ws/install/turtlesim_catch_them_all:/home/sven/ros2_ws/install/my_robot_bringup:/home/sven/ros2_ws/install/my_py_pkg:/opt/ros/humble LD_LIBRARY_PATH=/home/sven/ros2_ws/install/my_robot_interfaces/lib:/usr/lib/x86_64-linux-gnu/gazebo-11/plugins:/opt/ros/humble/opt/rviz_ogre_vendor/lib:/opt/ros/humble/lib/x86_64-linux-gnu:/opt/ros/humble/lib:/usr/share/gazebo/../../lib/x86_64-linux-gnu/gazebo-11/plugins /usr/bin/cmake --build /home/sven/ros2_ws/build/my_robot_bringup -- -j20 -l20
[5.678s] DEBUG:colcon.colcon_core.event_handler.log_command:Invoking command in '/home/sven/ros2_ws/build/my_robot_bringup': AMENT_PREFIX_PATH=/home/sven/ros2_ws/install/my_py_pkg:/home/sven/ros2_ws/install/turtlesim_catch_them_all:/home/sven/ros2_ws/install/my_robot_bringup:/home/sven/ros2_ws/install/my_cpp_pkg:/home/sven/ros2_ws/install/my_robot_interfaces:/opt/ros/humble CMAKE_PREFIX_PATH=/home/sven/ros2_ws/install/my_cpp_pkg:/home/sven/ros2_ws/install/my_robot_interfaces:/home/sven/ros2_ws/install/turtlesim_catch_them_all:/home/sven/ros2_ws/install/my_robot_bringup:/home/sven/ros2_ws/install/my_py_pkg:/opt/ros/humble LD_LIBRARY_PATH=/home/sven/ros2_ws/install/my_robot_interfaces/lib:/usr/lib/x86_64-linux-gnu/gazebo-11/plugins:/opt/ros/humble/opt/rviz_ogre_vendor/lib:/opt/ros/humble/lib/x86_64-linux-gnu:/opt/ros/humble/lib:/usr/share/gazebo/../../lib/x86_64-linux-gnu/gazebo-11/plugins /usr/bin/cmake --install /home/sven/ros2_ws/build/my_robot_bringup
[5.683s] Level 1:colcon.colcon_core.environment:create_environment_scripts_only(my_robot_bringup)
[5.683s] DEBUG:colcon.colcon_core.event_handler.log_command:Invoked command in '/home/sven/ros2_ws/build/my_robot_bringup' returned '0': AMENT_PREFIX_PATH=/home/sven/ros2_ws/install/my_py_pkg:/home/sven/ros2_ws/install/turtlesim_catch_them_all:/home/sven/ros2_ws/install/my_robot_bringup:/home/sven/ros2_ws/install/my_cpp_pkg:/home/sven/ros2_ws/install/my_robot_interfaces:/opt/ros/humble CMAKE_PREFIX_PATH=/home/sven/ros2_ws/install/my_cpp_pkg:/home/sven/ros2_ws/install/my_robot_interfaces:/home/sven/ros2_ws/install/turtlesim_catch_them_all:/home/sven/ros2_ws/install/my_robot_bringup:/home/sven/ros2_ws/install/my_py_pkg:/opt/ros/humble LD_LIBRARY_PATH=/home/sven/ros2_ws/install/my_robot_interfaces/lib:/usr/lib/x86_64-linux-gnu/gazebo-11/plugins:/opt/ros/humble/opt/rviz_ogre_vendor/lib:/opt/ros/humble/lib/x86_64-linux-gnu:/opt/ros/humble/lib:/usr/share/gazebo/../../lib/x86_64-linux-gnu/gazebo-11/plugins /usr/bin/cmake --install /home/sven/ros2_ws/build/my_robot_bringup
[5.689s] Level 1:colcon.colcon_core.environment:checking '/home/sven/ros2_ws/install/my_robot_bringup' for CMake module files
[5.689s] Level 1:colcon.colcon_core.environment:checking '/home/sven/ros2_ws/install/my_robot_bringup' for CMake config files
[5.689s] Level 1:colcon.colcon_core.shell:create_environment_hook('my_robot_bringup', 'cmake_prefix_path')
[5.694s] INFO:colcon.colcon_core.shell:Creating environment hook '/home/sven/ros2_ws/install/my_robot_bringup/share/my_robot_bringup/hook/cmake_prefix_path.ps1'
[5.695s] INFO:colcon.colcon_core.shell:Creating environment descriptor '/home/sven/ros2_ws/install/my_robot_bringup/share/my_robot_bringup/hook/cmake_prefix_path.dsv'
[5.695s] INFO:colcon.colcon_core.shell:Creating environment hook '/home/sven/ros2_ws/install/my_robot_bringup/share/my_robot_bringup/hook/cmake_prefix_path.sh'
[5.695s] Level 1:colcon.colcon_core.environment:checking '/home/sven/ros2_ws/install/my_robot_bringup/bin'
[5.695s] Level 1:colcon.colcon_core.environment:checking '/home/sven/ros2_ws/install/my_robot_bringup/lib/pkgconfig/my_robot_bringup.pc'
[5.695s] Level 1:colcon.colcon_core.environment:checking '/home/sven/ros2_ws/install/my_robot_bringup/lib/python3.10/site-packages'
[5.695s] Level 1:colcon.colcon_core.environment:checking '/home/sven/ros2_ws/install/my_robot_bringup/bin'
[5.701s] INFO:colcon.colcon_core.shell:Creating package script '/home/sven/ros2_ws/install/my_robot_bringup/share/my_robot_bringup/package.ps1'
[5.701s] INFO:colcon.colcon_core.shell:Creating package descriptor '/home/sven/ros2_ws/install/my_robot_bringup/share/my_robot_bringup/package.dsv'
[5.701s] INFO:colcon.colcon_core.shell:Creating package script '/home/sven/ros2_ws/install/my_robot_bringup/share/my_robot_bringup/package.sh'
[5.701s] INFO:colcon.colcon_core.shell:Creating package script '/home/sven/ros2_ws/install/my_robot_bringup/share/my_robot_bringup/package.bash'
[5.701s] INFO:colcon.colcon_core.shell:Creating package script '/home/sven/ros2_ws/install/my_robot_bringup/share/my_robot_bringup/package.zsh'
[5.701s] Level 1:colcon.colcon_core.environment:create_file_with_runtime_dependencies(/home/sven/ros2_ws/install/my_robot_bringup/share/colcon-core/packages/my_robot_bringup)
[5.718s] Level 1:colcon.colcon_core.environment:create_environment_scripts_only(my_robot_bringup)
[5.724s] Level 1:colcon.colcon_core.environment:checking '/home/sven/ros2_ws/install/my_robot_bringup' for CMake module files
[5.724s] Level 1:colcon.colcon_core.environment:checking '/home/sven/ros2_ws/install/my_robot_bringup' for CMake config files
[5.724s] Level 1:colcon.colcon_core.shell:create_environment_hook('my_robot_bringup', 'cmake_prefix_path')
[5.729s] INFO:colcon.colcon_core.shell:Creating environment hook '/home/sven/ros2_ws/install/my_robot_bringup/share/my_robot_bringup/hook/cmake_prefix_path.ps1'
[5.730s] INFO:colcon.colcon_core.shell:Creating environment descriptor '/home/sven/ros2_ws/install/my_robot_bringup/share/my_robot_bringup/hook/cmake_prefix_path.dsv'
[5.730s] INFO:colcon.colcon_core.shell:Creating environment hook '/home/sven/ros2_ws/install/my_robot_bringup/share/my_robot_bringup/hook/cmake_prefix_path.sh'
[5.730s] Level 1:colcon.colcon_core.environment:checking '/home/sven/ros2_ws/install/my_robot_bringup/bin'
[5.730s] Level 1:colcon.colcon_core.environment:checking '/home/sven/ros2_ws/install/my_robot_bringup/lib/pkgconfig/my_robot_bringup.pc'
[5.730s] Level 1:colcon.colcon_core.environment:checking '/home/sven/ros2_ws/install/my_robot_bringup/lib/python3.10/site-packages'
[5.730s] Level 1:colcon.colcon_core.environment:checking '/home/sven/ros2_ws/install/my_robot_bringup/bin'
[5.736s] INFO:colcon.colcon_core.shell:Creating package script '/home/sven/ros2_ws/install/my_robot_bringup/share/my_robot_bringup/package.ps1'
[5.736s] INFO:colcon.colcon_core.shell:Creating package descriptor '/home/sven/ros2_ws/install/my_robot_bringup/share/my_robot_bringup/package.dsv'
[5.736s] INFO:colcon.colcon_core.shell:Creating package script '/home/sven/ros2_ws/install/my_robot_bringup/share/my_robot_bringup/package.sh'
[5.736s] INFO:colcon.colcon_core.shell:Creating package script '/home/sven/ros2_ws/install/my_robot_bringup/share/my_robot_bringup/package.bash'
[5.736s] INFO:colcon.colcon_core.shell:Creating package script '/home/sven/ros2_ws/install/my_robot_bringup/share/my_robot_bringup/package.zsh'
[5.737s] Level 1:colcon.colcon_core.environment:create_file_with_runtime_dependencies(/home/sven/ros2_ws/install/my_robot_bringup/share/colcon-core/packages/my_robot_bringup)
[9.270s] DEBUG:colcon.colcon_core.event_handler.log_command:Invoked command in '/home/sven/ros2_ws/build/turtlesim_catch_them_all' returned '0': CMAKE_PREFIX_PATH=/home/sven/ros2_ws/install/my_robot_interfaces:/home/sven/ros2_ws/install/turtlesim_catch_them_all:/home/sven/ros2_ws/install/my_robot_bringup:/home/sven/ros2_ws/install/my_cpp_pkg:/home/sven/ros2_ws/install/my_py_pkg:/opt/ros/humble LD_LIBRARY_PATH=/home/sven/ros2_ws/install/my_robot_interfaces/lib:/usr/lib/x86_64-linux-gnu/gazebo-11/plugins:/opt/ros/humble/opt/rviz_ogre_vendor/lib:/opt/ros/humble/lib/x86_64-linux-gnu:/opt/ros/humble/lib:/usr/share/gazebo/../../lib/x86_64-linux-gnu/gazebo-11/plugins /usr/bin/cmake --build /home/sven/ros2_ws/build/turtlesim_catch_them_all -- -j20 -l20
[9.285s] DEBUG:colcon.colcon_core.event_handler.log_command:Invoking command in '/home/sven/ros2_ws/build/turtlesim_catch_them_all': CMAKE_PREFIX_PATH=/home/sven/ros2_ws/install/my_robot_interfaces:/home/sven/ros2_ws/install/turtlesim_catch_them_all:/home/sven/ros2_ws/install/my_robot_bringup:/home/sven/ros2_ws/install/my_cpp_pkg:/home/sven/ros2_ws/install/my_py_pkg:/opt/ros/humble LD_LIBRARY_PATH=/home/sven/ros2_ws/install/my_robot_interfaces/lib:/usr/lib/x86_64-linux-gnu/gazebo-11/plugins:/opt/ros/humble/opt/rviz_ogre_vendor/lib:/opt/ros/humble/lib/x86_64-linux-gnu:/opt/ros/humble/lib:/usr/share/gazebo/../../lib/x86_64-linux-gnu/gazebo-11/plugins /usr/bin/cmake --install /home/sven/ros2_ws/build/turtlesim_catch_them_all
[9.294s] Level 1:colcon.colcon_core.environment:create_environment_scripts_only(turtlesim_catch_them_all)
[9.294s] DEBUG:colcon.colcon_core.event_handler.log_command:Invoked command in '/home/sven/ros2_ws/build/turtlesim_catch_them_all' returned '0': CMAKE_PREFIX_PATH=/home/sven/ros2_ws/install/my_robot_interfaces:/home/sven/ros2_ws/install/turtlesim_catch_them_all:/home/sven/ros2_ws/install/my_robot_bringup:/home/sven/ros2_ws/install/my_cpp_pkg:/home/sven/ros2_ws/install/my_py_pkg:/opt/ros/humble LD_LIBRARY_PATH=/home/sven/ros2_ws/install/my_robot_interfaces/lib:/usr/lib/x86_64-linux-gnu/gazebo-11/plugins:/opt/ros/humble/opt/rviz_ogre_vendor/lib:/opt/ros/humble/lib/x86_64-linux-gnu:/opt/ros/humble/lib:/usr/share/gazebo/../../lib/x86_64-linux-gnu/gazebo-11/plugins /usr/bin/cmake --install /home/sven/ros2_ws/build/turtlesim_catch_them_all
[9.300s] Level 1:colcon.colcon_core.environment:checking '/home/sven/ros2_ws/install/turtlesim_catch_them_all' for CMake module files
[9.300s] Level 1:colcon.colcon_core.environment:checking '/home/sven/ros2_ws/install/turtlesim_catch_them_all' for CMake config files
[9.300s] Level 1:colcon.colcon_core.shell:create_environment_hook('turtlesim_catch_them_all', 'cmake_prefix_path')
[9.306s] INFO:colcon.colcon_core.shell:Creating environment hook '/home/sven/ros2_ws/install/turtlesim_catch_them_all/share/turtlesim_catch_them_all/hook/cmake_prefix_path.ps1'
[9.306s] INFO:colcon.colcon_core.shell:Creating environment descriptor '/home/sven/ros2_ws/install/turtlesim_catch_them_all/share/turtlesim_catch_them_all/hook/cmake_prefix_path.dsv'
[9.306s] INFO:colcon.colcon_core.shell:Creating environment hook '/home/sven/ros2_ws/install/turtlesim_catch_them_all/share/turtlesim_catch_them_all/hook/cmake_prefix_path.sh'
[9.306s] Level 1:colcon.colcon_core.environment:checking '/home/sven/ros2_ws/install/turtlesim_catch_them_all/lib'
[9.306s] Level 1:colcon.colcon_core.environment:checking '/home/sven/ros2_ws/install/turtlesim_catch_them_all/bin'
[9.306s] Level 1:colcon.colcon_core.environment:checking '/home/sven/ros2_ws/install/turtlesim_catch_them_all/lib/pkgconfig/turtlesim_catch_them_all.pc'
[9.306s] Level 1:colcon.colcon_core.environment:checking '/home/sven/ros2_ws/install/turtlesim_catch_them_all/lib/python3.10/site-packages'
[9.306s] Level 1:colcon.colcon_core.environment:checking '/home/sven/ros2_ws/install/turtlesim_catch_them_all/bin'
[9.311s] INFO:colcon.colcon_core.shell:Creating package script '/home/sven/ros2_ws/install/turtlesim_catch_them_all/share/turtlesim_catch_them_all/package.ps1'
[9.312s] INFO:colcon.colcon_core.shell:Creating package descriptor '/home/sven/ros2_ws/install/turtlesim_catch_them_all/share/turtlesim_catch_them_all/package.dsv'
[9.312s] INFO:colcon.colcon_core.shell:Creating package script '/home/sven/ros2_ws/install/turtlesim_catch_them_all/share/turtlesim_catch_them_all/package.sh'
[9.312s] INFO:colcon.colcon_core.shell:Creating package script '/home/sven/ros2_ws/install/turtlesim_catch_them_all/share/turtlesim_catch_them_all/package.bash'
[9.312s] INFO:colcon.colcon_core.shell:Creating package script '/home/sven/ros2_ws/install/turtlesim_catch_them_all/share/turtlesim_catch_them_all/package.zsh'
[9.312s] Level 1:colcon.colcon_core.environment:create_file_with_runtime_dependencies(/home/sven/ros2_ws/install/turtlesim_catch_them_all/share/colcon-core/packages/turtlesim_catch_them_all)
[9.334s] Level 1:colcon.colcon_core.environment:create_environment_scripts_only(turtlesim_catch_them_all)
[9.339s] Level 1:colcon.colcon_core.environment:checking '/home/sven/ros2_ws/install/turtlesim_catch_them_all' for CMake module files
[9.340s] Level 1:colcon.colcon_core.environment:checking '/home/sven/ros2_ws/install/turtlesim_catch_them_all' for CMake config files
[9.340s] Level 1:colcon.colcon_core.shell:create_environment_hook('turtlesim_catch_them_all', 'cmake_prefix_path')
[9.345s] INFO:colcon.colcon_core.shell:Creating environment hook '/home/sven/ros2_ws/install/turtlesim_catch_them_all/share/turtlesim_catch_them_all/hook/cmake_prefix_path.ps1'
[9.345s] INFO:colcon.colcon_core.shell:Creating environment descriptor '/home/sven/ros2_ws/install/turtlesim_catch_them_all/share/turtlesim_catch_them_all/hook/cmake_prefix_path.dsv'
[9.346s] INFO:colcon.colcon_core.shell:Creating environment hook '/home/sven/ros2_ws/install/turtlesim_catch_them_all/share/turtlesim_catch_them_all/hook/cmake_prefix_path.sh'
[9.346s] Level 1:colcon.colcon_core.environment:checking '/home/sven/ros2_ws/install/turtlesim_catch_them_all/lib'
[9.346s] Level 1:colcon.colcon_core.environment:checking '/home/sven/ros2_ws/install/turtlesim_catch_them_all/bin'
[9.346s] Level 1:colcon.colcon_core.environment:checking '/home/sven/ros2_ws/install/turtlesim_catch_them_all/lib/pkgconfig/turtlesim_catch_them_all.pc'
[9.346s] Level 1:colcon.colcon_core.environment:checking '/home/sven/ros2_ws/install/turtlesim_catch_them_all/lib/python3.10/site-packages'
[9.346s] Level 1:colcon.colcon_core.environment:checking '/home/sven/ros2_ws/install/turtlesim_catch_them_all/bin'
[9.352s] INFO:colcon.colcon_core.shell:Creating package script '/home/sven/ros2_ws/install/turtlesim_catch_them_all/share/turtlesim_catch_them_all/package.ps1'
[9.352s] INFO:colcon.colcon_core.shell:Creating package descriptor '/home/sven/ros2_ws/install/turtlesim_catch_them_all/share/turtlesim_catch_them_all/package.dsv'
[9.352s] INFO:colcon.colcon_core.shell:Creating package script '/home/sven/ros2_ws/install/turtlesim_catch_them_all/share/turtlesim_catch_them_all/package.sh'
[9.352s] INFO:colcon.colcon_core.shell:Creating package script '/home/sven/ros2_ws/install/turtlesim_catch_them_all/share/turtlesim_catch_them_all/package.bash'
[9.352s] INFO:colcon.colcon_core.shell:Creating package script '/home/sven/ros2_ws/install/turtlesim_catch_them_all/share/turtlesim_catch_them_all/package.zsh'
[9.352s] Level 1:colcon.colcon_core.environment:create_file_with_runtime_dependencies(/home/sven/ros2_ws/install/turtlesim_catch_them_all/share/colcon-core/packages/turtlesim_catch_them_all)
[9.353s] DEBUG:colcon.colcon_parallel_executor.executor.parallel:closing loop
[9.353s] DEBUG:colcon.colcon_parallel_executor.executor.parallel:loop closed
[9.353s] DEBUG:colcon.colcon_parallel_executor.executor.parallel:run_until_complete finished with '0'
[9.353s] DEBUG:colcon.colcon_core.event_reactor:joining thread
[9.361s] INFO:colcon.colcon_core.plugin_system:Skipping extension 'colcon_notification.desktop_notification.terminal_notifier': Not used on non-Darwin systems
[9.361s] INFO:colcon.colcon_core.plugin_system:Skipping extension 'colcon_notification.desktop_notification.win32': Not used on non-Windows systems
[9.361s] INFO:colcon.colcon_notification.desktop_notification:Sending desktop notification using 'notify2'
[9.369s] DEBUG:colcon.colcon_core.event_reactor:joined thread
[9.375s] INFO:colcon.colcon_core.shell:Creating prefix script '/home/sven/ros2_ws/install/local_setup.ps1'
[9.375s] INFO:colcon.colcon_core.shell:Creating prefix util module '/home/sven/ros2_ws/install/_local_setup_util_ps1.py'
[9.376s] INFO:colcon.colcon_core.shell:Creating prefix chain script '/home/sven/ros2_ws/install/setup.ps1'
[9.381s] INFO:colcon.colcon_core.shell:Creating prefix script '/home/sven/ros2_ws/install/local_setup.sh'
[9.382s] INFO:colcon.colcon_core.shell:Creating prefix util module '/home/sven/ros2_ws/install/_local_setup_util_sh.py'
[9.382s] INFO:colcon.colcon_core.shell:Creating prefix chain script '/home/sven/ros2_ws/install/setup.sh'
[9.387s] INFO:colcon.colcon_core.shell:Creating prefix script '/home/sven/ros2_ws/install/local_setup.bash'
[9.387s] INFO:colcon.colcon_core.shell:Creating prefix chain script '/home/sven/ros2_ws/install/setup.bash'
[9.393s] INFO:colcon.colcon_core.shell:Creating prefix script '/home/sven/ros2_ws/install/local_setup.zsh'
[9.393s] INFO:colcon.colcon_core.shell:Creating prefix chain script '/home/sven/ros2_ws/install/setup.zsh'
