[0.024s] Invoking command in '/home/sven/ros2_ws/build/turtlesim_catch_them_all': CMAKE_PREFIX_PATH=/home/sven/ros2_ws/install/my_robot_interfaces:/home/sven/ros2_ws/install/turtlesim_catch_them_all:/home/sven/ros2_ws/install/my_robot_bringup:/home/sven/ros2_ws/install/my_cpp_pkg:/home/sven/ros2_ws/install/my_py_pkg:/opt/ros/humble /usr/bin/cmake --build /home/sven/ros2_ws/build/turtlesim_catch_them_all -- -j20 -l20
[0.044s] [35m[1mConsolidate compiler generated dependencies of target turtle_spawner[0m
[0.049s] [ 50%] Built target turtle_controller
[0.052s] [ 75%] [32mBuilding CXX object CMakeFiles/turtle_spawner.dir/src/turtle_spawner_node.cpp.o[0m
[1.105s] [01m[K/home/sven/ros2_ws/src/turtlesim_catch_them_all/src/turtle_spawner_node.cpp:[m[K In member function ‘[01m[Kvoid TurtleSpawnerNode::removeTurtleByName(std::vector<my_robot_interfaces::msg::Turtle_<std::allocator<void> >, std::allocator<my_robot_interfaces::msg::Turtle_<std::allocator<void> > > >, std::string)[m[K’:
[1.105s] [01m[K/home/sven/ros2_ws/src/turtlesim_catch_them_all/src/turtle_spawner_node.cpp:156:66:[m[K [01;31m[Kerror: [m[K‘[01m[KTurtle[m[K’ does not name a type
[1.105s]   156 |                                             [&turtle_name](const [01;31m[KTurtle[m[K& turtle){return std::get<0>(turtle) == turtle_name;}),
[1.105s]       |                                                                  [01;31m[K^~~~~~[m[K
[1.105s] [01m[K/home/sven/ros2_ws/src/turtlesim_catch_them_all/src/turtle_spawner_node.cpp:[m[K In lambda function:
[1.105s] [01m[K/home/sven/ros2_ws/src/turtlesim_catch_them_all/src/turtle_spawner_node.cpp:156:126:[m[K [01;31m[Kerror: [m[Kexpected ‘[01m[K{[m[K’ before ‘[01m[K,[m[K’ token
[1.105s]   156 |                                             [&turtle_name](const Turtle& turtle){return std::get<0>(turtle) == turtle_name;})[01;31m[K,[m[K
[1.105s]       |                                                                                                                              [01;31m[K^[m[K
[1.105s] [01m[K/home/sven/ros2_ws/src/turtlesim_catch_them_all/src/turtle_spawner_node.cpp:[m[K In member function ‘[01m[Kvoid TurtleSpawnerNode::removeTurtleByName(std::vector<my_robot_interfaces::msg::Turtle_<std::allocator<void> >, std::allocator<my_robot_interfaces::msg::Turtle_<std::allocator<void> > > >, std::string)[m[K’:
[1.105s] [01m[K/home/sven/ros2_ws/src/turtlesim_catch_them_all/src/turtle_spawner_node.cpp:154:44:[m[K [01;31m[Kerror: [m[Kno matching function for call to ‘[01m[Kremove_if(std::vector<my_robot_interfaces::msg::Turtle_<std::allocator<void> >, std::allocator<my_robot_interfaces::msg::Turtle_<std::allocator<void> > > >::iterator, std::vector<my_robot_interfaces::msg::Turtle_<std::allocator<void> >, std::allocator<my_robot_interfaces::msg::Turtle_<std::allocator<void> > > >::iterator, TurtleSpawnerNode::removeTurtleByName(std::vector<my_robot_interfaces::msg::Turtle_<std::allocator<void> >, std::allocator<my_robot_interfaces::msg::Turtle_<std::allocator<void> > > >, std::string)::<lambda(int)>, std::vector<my_robot_interfaces::msg::Turtle_<std::allocator<void> >, std::allocator<my_robot_interfaces::msg::Turtle_<std::allocator<void> > > >::iterator)[m[K’
[1.105s]   154 |         alive_turtles_.erase([01;31m[Kstd::remove_if(alive_turtles_.begin(),[m[K
[1.105s]       |                              [01;31m[K~~~~~~~~~~~~~~^~~~~~~~~~~~~~~~~~~~~~~~[m[K
[1.105s]   155 | [01;31m[K                                            alive_turtles_.end(),[m[K
[1.105s]       |                                             [01;31m[K~~~~~~~~~~~~~~~~~~~~~[m[K
[1.105s]   156 | [01;31m[K                                            [&turtle_name](const Turtle& turtle){return std::get<0>(turtle) == turtle_name;}),[m[K
[1.105s]       |                                             [01;31m[K~~~~~~~~~~~~~~~~~~~~~~~~~~~~~~~~~~~~~~~~~~~~~~~~~~~~~~~~~~~~~~~~~~~~~~~~~~~~~~~~~~[m[K
[1.105s]   157 | [01;31m[K                                            alive_turtles_.end())[m[K;
[1.105s]       |                                             [01;31m[K~~~~~~~~~~~~~~~~~~~~~[m[K
[1.105s] In file included from [01m[K/usr/include/c++/11/algorithm:62[m[K,
[1.105s]                  from [01m[K/opt/ros/humble/include/rclcpp/rclcpp/executor.hpp:18[m[K,
[1.105s]                  from [01m[K/opt/ros/humble/include/rclcpp/rclcpp/executors/multi_threaded_executor.hpp:25[m[K,
[1.105s]                  from [01m[K/opt/ros/humble/include/rclcpp/rclcpp/executors.hpp:21[m[K,
[1.105s]                  from [01m[K/opt/ros/humble/include/rclcpp/rclcpp/rclcpp.hpp:155[m[K,
[1.105s]                  from [01m[K/home/sven/ros2_ws/src/turtlesim_catch_them_all/src/turtle_spawner_node.cpp:1[m[K:
[1.105s] [01m[K/usr/include/c++/11/bits/stl_algo.h:884:5:[m[K [01;36m[Knote: [m[Kcandidate: ‘[01m[Ktemplate<class _FIter, class _Predicate> _FIter std::remove_if(_FIter, _FIter, _Predicate)[m[K’
[1.105s]   884 |     [01;36m[Kremove_if[m[K(_ForwardIterator __first, _ForwardIterator __last,
[1.105s]       |     [01;36m[K^~~~~~~~~[m[K
[1.105s] [01m[K/usr/include/c++/11/bits/stl_algo.h:884:5:[m[K [01;36m[Knote: [m[K  template argument deduction/substitution failed:
[1.105s] [01m[K/home/sven/ros2_ws/src/turtlesim_catch_them_all/src/turtle_spawner_node.cpp:154:44:[m[K [01;36m[Knote: [m[K  candidate expects 3 arguments, 4 provided
[1.105s]   154 |         alive_turtles_.erase([01;36m[Kstd::remove_if(alive_turtles_.begin(),[m[K
[1.105s]       |                              [01;36m[K~~~~~~~~~~~~~~^~~~~~~~~~~~~~~~~~~~~~~~[m[K
[1.105s]   155 | [01;36m[K                                            alive_turtles_.end(),[m[K
[1.105s]       |                                             [01;36m[K~~~~~~~~~~~~~~~~~~~~~[m[K
[1.105s]   156 | [01;36m[K                                            [&turtle_name](const Turtle& turtle){return std::get<0>(turtle) == turtle_name;}),[m[K
[1.105s]       |                                             [01;36m[K~~~~~~~~~~~~~~~~~~~~~~~~~~~~~~~~~~~~~~~~~~~~~~~~~~~~~~~~~~~~~~~~~~~~~~~~~~~~~~~~~~[m[K
[1.105s]   157 | [01;36m[K                                            alive_turtles_.end())[m[K;
[1.105s]       |                                             [01;36m[K~~~~~~~~~~~~~~~~~~~~~[m[K
[1.105s] In file included from [01m[K/usr/include/c++/11/algorithm:74[m[K,
[1.105s]                  from [01m[K/opt/ros/humble/include/rclcpp/rclcpp/executor.hpp:18[m[K,
[1.106s]                  from [01m[K/opt/ros/humble/include/rclcpp/rclcpp/executors/multi_threaded_executor.hpp:25[m[K,
[1.106s]                  from [01m[K/opt/ros/humble/include/rclcpp/rclcpp/executors.hpp:21[m[K,
[1.106s]                  from [01m[K/opt/ros/humble/include/rclcpp/rclcpp/rclcpp.hpp:155[m[K,
[1.106s]                  from [01m[K/home/sven/ros2_ws/src/turtlesim_catch_them_all/src/turtle_spawner_node.cpp:1[m[K:
[1.106s] [01m[K/usr/include/c++/11/pstl/glue_algorithm_defs.h:220:1:[m[K [01;36m[Knote: [m[Kcandidate: ‘[01m[Ktemplate<class _ExecutionPolicy, class _ForwardIterator, class _UnaryPredicate> __pstl::__internal::__enable_if_execution_policy<_ExecutionPolicy, _ForwardIterator> std::remove_if(_ExecutionPolicy&&, _ForwardIterator, _ForwardIterator, _UnaryPredicate)[m[K’
[1.106s]   220 | [01;36m[Kremove_if[m[K(_ExecutionPolicy&& __exec, _ForwardIterator __first, _ForwardIterator __last, _UnaryPredicate __pred);
[1.106s]       | [01;36m[K^~~~~~~~~[m[K
[1.106s] [01m[K/usr/include/c++/11/pstl/glue_algorithm_defs.h:220:1:[m[K [01;36m[Knote: [m[K  template argument deduction/substitution failed:
[1.106s] [01m[K/home/sven/ros2_ws/src/turtlesim_catch_them_all/src/turtle_spawner_node.cpp:154:44:[m[K [01;36m[Knote: [m[K  deduced conflicting types for parameter ‘[01m[K_ForwardIterator[m[K’ (‘[01m[K__gnu_cxx::__normal_iterator<my_robot_interfaces::msg::Turtle_<std::allocator<void> >*, std::vector<my_robot_interfaces::msg::Turtle_<std::allocator<void> >, std::allocator<my_robot_interfaces::msg::Turtle_<std::allocator<void> > > > >[m[K’ and ‘[01m[KTurtleSpawnerNode::removeTurtleByName(std::vector<my_robot_interfaces::msg::Turtle_<std::allocator<void> >, std::allocator<my_robot_interfaces::msg::Turtle_<std::allocator<void> > > >, std::string)::<lambda(int)>[m[K’)
[1.106s]   154 |         alive_turtles_.erase([01;36m[Kstd::remove_if(alive_turtles_.begin(),[m[K
[1.106s]       |                              [01;36m[K~~~~~~~~~~~~~~^~~~~~~~~~~~~~~~~~~~~~~~[m[K
[1.106s]   155 | [01;36m[K                                            alive_turtles_.end(),[m[K
[1.106s]       |                                             [01;36m[K~~~~~~~~~~~~~~~~~~~~~[m[K
[1.106s]   156 | [01;36m[K                                            [&turtle_name](const Turtle& turtle){return std::get<0>(turtle) == turtle_name;}),[m[K
[1.106s]       |                                             [01;36m[K~~~~~~~~~~~~~~~~~~~~~~~~~~~~~~~~~~~~~~~~~~~~~~~~~~~~~~~~~~~~~~~~~~~~~~~~~~~~~~~~~~[m[K
[1.106s]   157 | [01;36m[K                                            alive_turtles_.end())[m[K;
[1.106s]       |                                             [01;36m[K~~~~~~~~~~~~~~~~~~~~~[m[K
[1.925s] gmake[2]: *** [CMakeFiles/turtle_spawner.dir/build.make:76: CMakeFiles/turtle_spawner.dir/src/turtle_spawner_node.cpp.o] Error 1
[1.925s] gmake[1]: *** [CMakeFiles/Makefile2:165: CMakeFiles/turtle_spawner.dir/all] Error 2
[1.926s] gmake: *** [Makefile:146: all] Error 2
[1.927s] Invoked command in '/home/sven/ros2_ws/build/turtlesim_catch_them_all' returned '2': CMAKE_PREFIX_PATH=/home/sven/ros2_ws/install/my_robot_interfaces:/home/sven/ros2_ws/install/turtlesim_catch_them_all:/home/sven/ros2_ws/install/my_robot_bringup:/home/sven/ros2_ws/install/my_cpp_pkg:/home/sven/ros2_ws/install/my_py_pkg:/opt/ros/humble /usr/bin/cmake --build /home/sven/ros2_ws/build/turtlesim_catch_them_all -- -j20 -l20
