[0.030s] Invoking command in '/home/cleanseasolutions/ros2_ws/build/my_cpp_pkg': CMAKE_PREFIX_PATH=${CMAKE_PREFIX_PATH}:/home/cleanseasolutions/ros2_ws/install/my_py_pkg:/opt/ros/humble /usr/bin/cmake --build /home/cleanseasolutions/ros2_ws/build/my_cpp_pkg -- -j16 -l16
[0.045s] -- Found ament_cmake: 1.3.7 (/opt/ros/humble/share/ament_cmake/cmake)
[0.123s] -- Found rclcpp: 16.0.8 (/opt/ros/humble/share/rclcpp/cmake)
[0.138s] -- Found rosidl_generator_c: 3.1.5 (/opt/ros/humble/share/rosidl_generator_c/cmake)
[0.139s] -- Found rosidl_adapter: 3.1.5 (/opt/ros/humble/share/rosidl_adapter/cmake)
[0.142s] -- Found rosidl_generator_cpp: 3.1.5 (/opt/ros/humble/share/rosidl_generator_cpp/cmake)
[0.148s] -- Using all available rosidl_typesupport_c: rosidl_typesupport_fastrtps_c;rosidl_typesupport_introspection_c
[0.156s] -- Using all available rosidl_typesupport_cpp: rosidl_typesupport_fastrtps_cpp;rosidl_typesupport_introspection_cpp
[0.189s] -- Found rmw_implementation_cmake: 6.1.1 (/opt/ros/humble/share/rmw_implementation_cmake/cmake)
[0.190s] -- Found rmw_fastrtps_cpp: 6.2.6 (/opt/ros/humble/share/rmw_fastrtps_cpp/cmake)
[0.254s] -- Using RMW implementation 'rmw_fastrtps_cpp' as default
[0.345s] -- Found example_interfaces: 0.9.3 (/opt/ros/humble/share/example_interfaces/cmake)
[0.461s] -- Configuring done
[0.463s] [31mCMake Error at CMakeLists.txt:27 (add_executable):
[0.463s]   Cannot find source file:
[0.463s] 
[0.463s]     src/add:add_two_ints_client.cpp
[0.463s] 
[0.463s]   Tried extensions .c .C .c++ .cc .cpp .cxx .cu .mpp .m .M .mm .ixx .cppm .h
[0.463s]   .hh .h++ .hm .hpp .hxx .in .txx .f .F .for .f77 .f90 .f95 .f03 .hip .ispc
[0.463s] 
[0.463s] [0m
[0.463s] [31mCMake Error at CMakeLists.txt:30 (add_executable):
[0.463s]   Cannot find source file:
[0.463s] 
[0.463s]     src/add:add_two_ints_client_no_oop.cpp
[0.463s] 
[0.463s]   Tried extensions .c .C .c++ .cc .cpp .cxx .cu .mpp .m .M .mm .ixx .cppm .h
[0.463s]   .hh .h++ .hm .hpp .hxx .in .txx .f .F .for .f77 .f90 .f95 .f03 .hip .ispc
[0.463s] 
[0.463s] [0m
[0.463s] [31mCMake Error at CMakeLists.txt:27 (add_executable):
[0.463s]   No SOURCES given to target: add_two_ints_client
[0.463s] 
[0.463s] [0m
[0.463s] [31mCMake Error at CMakeLists.txt:30 (add_executable):
[0.463s]   No SOURCES given to target: add_two_ints_client_no_oop
[0.463s] 
[0.463s] [0m
[0.463s] [0mCMake Generate step failed.  Build files cannot be regenerated correctly.[0m
[0.467s] gmake: *** [Makefile:390: cmake_check_build_system] Error 1
[0.469s] Invoked command in '/home/cleanseasolutions/ros2_ws/build/my_cpp_pkg' returned '2': CMAKE_PREFIX_PATH=${CMAKE_PREFIX_PATH}:/home/cleanseasolutions/ros2_ws/install/my_py_pkg:/opt/ros/humble /usr/bin/cmake --build /home/cleanseasolutions/ros2_ws/build/my_cpp_pkg -- -j16 -l16
