[0.036s] Invoking command in '/home/sven/ros2_ws/build/components_cpp': CMAKE_PREFIX_PATH=${CMAKE_PREFIX_PATH}:/home/sven/ros2_ws/install/components_py:/home/sven/ros2_ws/install/executors_py:/home/sven/ros2_ws/install/my_py_pkg:/home/sven/ros2_ws/install/actions_py:/home/sven/ros2_ws/install/lifecycle_py:/opt/ros/humble /usr/bin/cmake --build /home/sven/ros2_ws/build/components_cpp -- -j20 -l20
[0.061s] [ 25%] [32mBuilding CXX object CMakeFiles/manual_composition.dir/src/manual_composition.cpp.o[0m
[0.061s] [ 50%] [32mBuilding CXX object CMakeFiles/manual_composition.dir/src/node1.cpp.o[0m
[0.061s] [ 75%] [32mBuilding CXX object CMakeFiles/manual_composition.dir/src/node2.cpp.o[0m
[1.416s] [100%] [32m[1mLinking CXX executable manual_composition[0m
[1.473s] [100%] Built target manual_composition
[1.478s] Invoked command in '/home/sven/ros2_ws/build/components_cpp' returned '0': CMAKE_PREFIX_PATH=${CMAKE_PREFIX_PATH}:/home/sven/ros2_ws/install/components_py:/home/sven/ros2_ws/install/executors_py:/home/sven/ros2_ws/install/my_py_pkg:/home/sven/ros2_ws/install/actions_py:/home/sven/ros2_ws/install/lifecycle_py:/opt/ros/humble /usr/bin/cmake --build /home/sven/ros2_ws/build/components_cpp -- -j20 -l20
[1.497s] Invoking command in '/home/sven/ros2_ws/build/components_cpp': CMAKE_PREFIX_PATH=${CMAKE_PREFIX_PATH}:/home/sven/ros2_ws/install/components_py:/home/sven/ros2_ws/install/executors_py:/home/sven/ros2_ws/install/my_py_pkg:/home/sven/ros2_ws/install/actions_py:/home/sven/ros2_ws/install/lifecycle_py:/opt/ros/humble /usr/bin/cmake --install /home/sven/ros2_ws/build/components_cpp
[1.501s] -- Install configuration: ""
[1.501s] -- Installing: /home/sven/ros2_ws/install/components_cpp/lib/components_cpp/manual_composition
[1.501s] -- Set runtime path of "/home/sven/ros2_ws/install/components_cpp/lib/components_cpp/manual_composition" to ""
[1.501s] -- Up-to-date: /home/sven/ros2_ws/install/components_cpp/share/ament_index/resource_index/package_run_dependencies/components_cpp
[1.501s] -- Installing: /home/sven/ros2_ws/install/components_cpp/share/ament_index/resource_index/parent_prefix_path/components_cpp
[1.501s] -- Up-to-date: /home/sven/ros2_ws/install/components_cpp/share/components_cpp/environment/ament_prefix_path.sh
[1.501s] -- Installing: /home/sven/ros2_ws/install/components_cpp/share/components_cpp/environment/ament_prefix_path.dsv
[1.501s] -- Up-to-date: /home/sven/ros2_ws/install/components_cpp/share/components_cpp/environment/path.sh
[1.501s] -- Installing: /home/sven/ros2_ws/install/components_cpp/share/components_cpp/environment/path.dsv
[1.501s] -- Up-to-date: /home/sven/ros2_ws/install/components_cpp/share/components_cpp/local_setup.bash
[1.501s] -- Up-to-date: /home/sven/ros2_ws/install/components_cpp/share/components_cpp/local_setup.sh
[1.501s] -- Up-to-date: /home/sven/ros2_ws/install/components_cpp/share/components_cpp/local_setup.zsh
[1.501s] -- Installing: /home/sven/ros2_ws/install/components_cpp/share/components_cpp/local_setup.dsv
[1.501s] -- Installing: /home/sven/ros2_ws/install/components_cpp/share/components_cpp/package.dsv
[1.501s] -- Up-to-date: /home/sven/ros2_ws/install/components_cpp/share/ament_index/resource_index/packages/components_cpp
[1.502s] -- Up-to-date: /home/sven/ros2_ws/install/components_cpp/share/components_cpp/cmake/components_cppConfig.cmake
[1.502s] -- Up-to-date: /home/sven/ros2_ws/install/components_cpp/share/components_cpp/cmake/components_cppConfig-version.cmake
[1.502s] -- Up-to-date: /home/sven/ros2_ws/install/components_cpp/share/components_cpp/package.xml
[1.502s] Invoked command in '/home/sven/ros2_ws/build/components_cpp' returned '0': CMAKE_PREFIX_PATH=${CMAKE_PREFIX_PATH}:/home/sven/ros2_ws/install/components_py:/home/sven/ros2_ws/install/executors_py:/home/sven/ros2_ws/install/my_py_pkg:/home/sven/ros2_ws/install/actions_py:/home/sven/ros2_ws/install/lifecycle_py:/opt/ros/humble /usr/bin/cmake --install /home/sven/ros2_ws/build/components_cpp
