[35m[1mConsolidate compiler generated dependencies of target move_robot_server[0m
[35m[1mConsolidate compiler generated dependencies of target move_robot_client[0m
[ 60%] Built target count_until_client
[ 60%] Built target count_until_server
[ 60%] Built target count_until_server_queue_goals
[ 80%] Built target move_robot_server
[ 90%] [32mBuilding CXX object CMakeFiles/move_robot_client.dir/src/move_robot_client.cpp.o[0m
[01m[K/home/sven/ros2_ws/src/actions_cpp/src/move_robot_client.cpp:48:39:[m[K [01;31m[Kerror: [m[K‘[01m[KCountUntilGoalHandle[m[K’ does not name a type
   48 |     void goal_feedback_callback(const [01;31m[KCountUntilGoalHandle[m[K::SharedPtr &goal_handle,
      |                                       [01;31m[K^~~~~~~~~~~~~~~~~~~~[m[K
[01m[K/home/sven/ros2_ws/src/actions_cpp/src/move_robot_client.cpp:48:71:[m[K [01;31m[Kerror: [m[Kexpected unqualified-id before ‘[01m[K&[m[K’ token
   48 |     void goal_feedback_callback(const CountUntilGoalHandle::SharedPtr [01;31m[K&[m[Kgoal_handle,
      |                                                                       [01;31m[K^[m[K
[01m[K/home/sven/ros2_ws/src/actions_cpp/src/move_robot_client.cpp:48:70:[m[K [01;31m[Kerror: [m[Kexpected ‘[01m[K)[m[K’ before ‘[01m[K&[m[K’ token
   48 |     void goal_feedback_callback[34m[K([m[Kconst CountUntilGoalHandle::SharedPtr[01;31m[K [m[K[32m[K&[m[Kgoal_handle,
      |                                [34m[K~[m[K                                     [01;31m[K^[m[K[32m[K~[m[K
      |                                                                      [32m[K)[m[K
[01m[K/home/sven/ros2_ws/src/actions_cpp/src/move_robot_client.cpp:48:71:[m[K [01;31m[Kerror: [m[Kexpected ‘[01m[K;[m[K’ at end of member declaration
   48 |     void goal_feedback_callback(const CountUntilGoalHandle::SharedPtr [01;31m[K&[m[Kgoal_handle,
      |                                                                       [01;31m[K^[m[K
      |                                                                        [32m[K;[m[K
[01m[K/home/sven/ros2_ws/src/actions_cpp/src/move_robot_client.cpp:48:72:[m[K [01;31m[Kerror: [m[K‘[01m[Kgoal_handle[m[K’ does not name a type
   48 |     void goal_feedback_callback(const CountUntilGoalHandle::SharedPtr &[01;31m[Kgoal_handle[m[K,
      |                                                                        [01;31m[K^~~~~~~~~~~[m[K
[01m[K/home/sven/ros2_ws/src/actions_cpp/src/move_robot_client.cpp:[m[K In member function ‘[01m[Kvoid MoveRobotClientNode::send_goal(int, int)[m[K’:
[01m[K/home/sven/ros2_ws/src/actions_cpp/src/move_robot_client.cpp:38:81:[m[K [01;31m[Kerror: [m[Kno match for ‘[01m[Koperator=[m[K’ (operand types are ‘[01m[Krclcpp_action::Client<my_robot_interfaces::action::MoveRobot>::ResultCallback[m[K’ {aka ‘[01m[Kstd::function<void(const rclcpp_action::ClientGoalHandle<my_robot_interfaces::action::MoveRobot>::WrappedResult&)>[m[K’} and ‘[01m[Kstd::function<void(std::shared_ptr<rclcpp_action::ClientGoalHandle<my_robot_interfaces::action::MoveRobot> >, std::shared_ptr<const my_robot_interfaces::action::MoveRobot_Feedback_<std::allocator<void> > >)>[m[K’)
   38 |             std::bind(&MoveRobotClientNode::goal_feedback_callback, this, _1, _2[01;31m[K)[m[K;
      |                                                                                 [01;31m[K^[m[K
In file included from [01m[K/usr/include/c++/11/future:47[m[K,
                 from [01m[K/opt/ros/humble/include/rclcpp/rclcpp/executors.hpp:18[m[K,
                 from [01m[K/opt/ros/humble/include/rclcpp/rclcpp/rclcpp.hpp:155[m[K,
                 from [01m[K/home/sven/ros2_ws/src/actions_cpp/src/move_robot_client.cpp:1[m[K:
[01m[K/usr/include/c++/11/bits/std_function.h:530:9:[m[K [01;36m[Knote: [m[Kcandidate: ‘[01m[Ktemplate<class _Functor> std::function<_Res(_ArgTypes ...)>::_Requires<std::function<_Res(_ArgTypes ...)>::_Callable<_Functor>, std::function<_Res(_ArgTypes ...)>&> std::function<_Res(_ArgTypes ...)>::operator=(_Functor&&) [with _Functor = _Functor; _Res = void; _ArgTypes = {const rclcpp_action::ClientGoalHandle<my_robot_interfaces::action::MoveRobot>::WrappedResult&}][m[K’
  530 |         [01;36m[Koperator[m[K=(_Functor&& __f)
      |         [01;36m[K^~~~~~~~[m[K
[01m[K/usr/include/c++/11/bits/std_function.h:530:9:[m[K [01;36m[Knote: [m[K  template argument deduction/substitution failed:
In file included from [01m[K/usr/include/c++/11/bits/move.h:57[m[K,
                 from [01m[K/usr/include/c++/11/bits/stl_pair.h:59[m[K,
                 from [01m[K/usr/include/c++/11/bits/stl_algobase.h:64[m[K,
                 from [01m[K/usr/include/c++/11/memory:63[m[K,
                 from [01m[K/opt/ros/humble/include/rclcpp/rclcpp/rclcpp.hpp:153[m[K,
                 from [01m[K/home/sven/ros2_ws/src/actions_cpp/src/move_robot_client.cpp:1[m[K:
/usr/include/c++/11/type_traits: In substitution of ‘[01m[Ktemplate<bool _Cond, class _Tp> using __enable_if_t = typename std::enable_if::type [with bool _Cond = false; _Tp = std::function<void(const rclcpp_action::ClientGoalHandle<my_robot_interfaces::action::MoveRobot>::WrappedResult&)>&][m[K’:
[01m[K/usr/include/c++/11/bits/std_function.h:353:8:[m[K   required by substitution of ‘[01m[Ktemplate<class _Res, class ... _ArgTypes> template<class _Cond, class _Tp> using _Requires = std::__enable_if_t<_Cond::value, _Tp> [with _Cond = std::function<void(const rclcpp_action::ClientGoalHandle<my_robot_interfaces::action::MoveRobot>::WrappedResult&)>::_Callable<std::function<void(std::shared_ptr<rclcpp_action::ClientGoalHandle<my_robot_interfaces::action::MoveRobot> >, std::shared_ptr<const my_robot_interfaces::action::MoveRobot_Feedback_<std::allocator<void> > >)>&, std::function<void(std::shared_ptr<rclcpp_action::ClientGoalHandle<my_robot_interfaces::action::MoveRobot> >, std::shared_ptr<const my_robot_interfaces::action::MoveRobot_Feedback_<std::allocator<void> > >)>, std::__invoke_result<std::function<void(std::shared_ptr<rclcpp_action::ClientGoalHandle<my_robot_interfaces::action::MoveRobot> >, std::shared_ptr<const my_robot_interfaces::action::MoveRobot_Feedback_<std::allocator<void> > >)>&, const rclcpp_action::ClientGoalHandle<my_robot_interfaces::action::MoveRobot>::WrappedResult&> >; _Tp = std::function<void(const rclcpp_action::ClientGoalHandle<my_robot_interfaces::action::MoveRobot>::WrappedResult&)>&; _Res = void; _ArgTypes = {const rclcpp_action::ClientGoalHandle<my_robot_interfaces::action::MoveRobot>::WrappedResult&}][m[K’
[01m[K/usr/include/c++/11/bits/std_function.h:530:2:[m[K   required by substitution of ‘[01m[Ktemplate<class _Functor> std::function<void(const rclcpp_action::ClientGoalHandle<my_robot_interfaces::action::MoveRobot>::WrappedResult&)>::_Requires<std::function<void(const rclcpp_action::ClientGoalHandle<my_robot_interfaces::action::MoveRobot>::WrappedResult&)>::_Callable<_Functor, typename std::enable_if<(! std::is_same<typename std::remove_cv<typename std::remove_reference<_Tp>::type>::type, std::function<void(const rclcpp_action::ClientGoalHandle<my_robot_interfaces::action::MoveRobot>::WrappedResult&)> >::value), std::decay<_Tp> >::type::type, std::__invoke_result<typename std::enable_if<(! std::is_same<typename std::remove_cv<typename std::remove_reference<_Tp>::type>::type, std::function<void(const rclcpp_action::ClientGoalHandle<my_robot_interfaces::action::MoveRobot>::WrappedResult&)> >::value), std::decay<_Tp> >::type::type&, const rclcpp_action::ClientGoalHandle<my_robot_interfaces::action::MoveRobot>::WrappedResult&> >, std::function<void(const rclcpp_action::ClientGoalHandle<my_robot_interfaces::action::MoveRobot>::WrappedResult&)>&> std::function<void(const rclcpp_action::ClientGoalHandle<my_robot_interfaces::action::MoveRobot>::WrappedResult&)>::operator=<_Functor>(_Functor&&) [with _Functor = std::function<void(std::shared_ptr<rclcpp_action::ClientGoalHandle<my_robot_interfaces::action::MoveRobot> >, std::shared_ptr<const my_robot_interfaces::action::MoveRobot_Feedback_<std::allocator<void> > >)>&][m[K’
[01m[K/home/sven/ros2_ws/src/actions_cpp/src/move_robot_client.cpp:38:81:[m[K   required from here
[01m[K/usr/include/c++/11/type_traits:2205:11:[m[K [01;31m[Kerror: [m[Kno type named ‘[01m[Ktype[m[K’ in ‘[01m[Kstruct std::enable_if<false, std::function<void(const rclcpp_action::ClientGoalHandle<my_robot_interfaces::action::MoveRobot>::WrappedResult&)>&>[m[K’
 2205 |     using [01;31m[K__enable_if_t[m[K = typename enable_if<_Cond, _Tp>::type;
      |           [01;31m[K^~~~~~~~~~~~~[m[K
In file included from [01m[K/usr/include/c++/11/future:47[m[K,
                 from [01m[K/opt/ros/humble/include/rclcpp/rclcpp/executors.hpp:18[m[K,
                 from [01m[K/opt/ros/humble/include/rclcpp/rclcpp/rclcpp.hpp:155[m[K,
                 from [01m[K/home/sven/ros2_ws/src/actions_cpp/src/move_robot_client.cpp:1[m[K:
[01m[K/usr/include/c++/11/bits/std_function.h:540:9:[m[K [01;36m[Knote: [m[Kcandidate: ‘[01m[Ktemplate<class _Functor> std::function<_Res(_ArgTypes ...)>& std::function<_Res(_ArgTypes ...)>::operator=(std::reference_wrapper<_Functor>) [with _Functor = _Functor; _Res = void; _ArgTypes = {const rclcpp_action::ClientGoalHandle<my_robot_interfaces::action::MoveRobot>::WrappedResult&}][m[K’
  540 |         [01;36m[Koperator[m[K=(reference_wrapper<_Functor> __f) noexcept
      |         [01;36m[K^~~~~~~~[m[K
[01m[K/usr/include/c++/11/bits/std_function.h:540:9:[m[K [01;36m[Knote: [m[K  template argument deduction/substitution failed:
[01m[K/home/sven/ros2_ws/src/actions_cpp/src/move_robot_client.cpp:38:81:[m[K [01;36m[Knote: [m[K  ‘[01m[Kstd::function<void(std::shared_ptr<rclcpp_action::ClientGoalHandle<my_robot_interfaces::action::MoveRobot> >, std::shared_ptr<const my_robot_interfaces::action::MoveRobot_Feedback_<std::allocator<void> > >)>[m[K’ is not derived from ‘[01m[Kstd::reference_wrapper<_Tp>[m[K’
   38 |             std::bind(&MoveRobotClientNode::goal_feedback_callback, this, _1, _2[01;36m[K)[m[K;
      |                                                                                 [01;36m[K^[m[K
In file included from [01m[K/usr/include/c++/11/future:47[m[K,
                 from [01m[K/opt/ros/humble/include/rclcpp/rclcpp/executors.hpp:18[m[K,
                 from [01m[K/opt/ros/humble/include/rclcpp/rclcpp/rclcpp.hpp:155[m[K,
                 from [01m[K/home/sven/ros2_ws/src/actions_cpp/src/move_robot_client.cpp:1[m[K:
[01m[K/usr/include/c++/11/bits/std_function.h:469:7:[m[K [01;36m[Knote: [m[Kcandidate: ‘[01m[Kstd::function<_Res(_ArgTypes ...)>& std::function<_Res(_ArgTypes ...)>::operator=(const std::function<_Res(_ArgTypes ...)>&) [with _Res = void; _ArgTypes = {const rclcpp_action::ClientGoalHandle<my_robot_interfaces::action::MoveRobot>::WrappedResult&}][m[K’
  469 |       [01;36m[Koperator[m[K=(const function& __x)
      |       [01;36m[K^~~~~~~~[m[K
[01m[K/usr/include/c++/11/bits/std_function.h:469:33:[m[K [01;36m[Knote: [m[K  no known conversion for argument 1 from ‘[01m[Kstd::function<void(std::shared_ptr<rclcpp_action::ClientGoalHandle<my_robot_interfaces::action::MoveRobot> >, std::shared_ptr<const my_robot_interfaces::action::MoveRobot_Feedback_<std::allocator<void> > >)>[m[K’ to ‘[01m[Kconst std::function<void(const rclcpp_action::ClientGoalHandle<my_robot_interfaces::action::MoveRobot>::WrappedResult&)>&[m[K’
  469 |       operator=([01;36m[Kconst function& __x[m[K)
      |                 [01;36m[K~~~~~~~~~~~~~~~~^~~[m[K
[01m[K/usr/include/c++/11/bits/std_function.h:487:7:[m[K [01;36m[Knote: [m[Kcandidate: ‘[01m[Kstd::function<_Res(_ArgTypes ...)>& std::function<_Res(_ArgTypes ...)>::operator=(std::function<_Res(_ArgTypes ...)>&&) [with _Res = void; _ArgTypes = {const rclcpp_action::ClientGoalHandle<my_robot_interfaces::action::MoveRobot>::WrappedResult&}][m[K’
  487 |       [01;36m[Koperator[m[K=(function&& __x) noexcept
      |       [01;36m[K^~~~~~~~[m[K
[01m[K/usr/include/c++/11/bits/std_function.h:487:28:[m[K [01;36m[Knote: [m[K  no known conversion for argument 1 from ‘[01m[Kstd::function<void(std::shared_ptr<rclcpp_action::ClientGoalHandle<my_robot_interfaces::action::MoveRobot> >, std::shared_ptr<const my_robot_interfaces::action::MoveRobot_Feedback_<std::allocator<void> > >)>[m[K’ to ‘[01m[Kstd::function<void(const rclcpp_action::ClientGoalHandle<my_robot_interfaces::action::MoveRobot>::WrappedResult&)>&&[m[K’
  487 |       operator=([01;36m[Kfunction&& __x[m[K) noexcept
      |                 [01;36m[K~~~~~~~~~~~^~~[m[K
[01m[K/usr/include/c++/11/bits/std_function.h:501:7:[m[K [01;36m[Knote: [m[Kcandidate: ‘[01m[Kstd::function<_Res(_ArgTypes ...)>& std::function<_Res(_ArgTypes ...)>::operator=(std::nullptr_t) [with _Res = void; _ArgTypes = {const rclcpp_action::ClientGoalHandle<my_robot_interfaces::action::MoveRobot>::WrappedResult&}; std::nullptr_t = std::nullptr_t][m[K’
  501 |       [01;36m[Koperator[m[K=(nullptr_t) noexcept
      |       [01;36m[K^~~~~~~~[m[K
[01m[K/usr/include/c++/11/bits/std_function.h:501:17:[m[K [01;36m[Knote: [m[K  no known conversion for argument 1 from ‘[01m[Kstd::function<void(std::shared_ptr<rclcpp_action::ClientGoalHandle<my_robot_interfaces::action::MoveRobot> >, std::shared_ptr<const my_robot_interfaces::action::MoveRobot_Feedback_<std::allocator<void> > >)>[m[K’ to ‘[01m[Kstd::nullptr_t[m[K’
  501 |       operator=([01;36m[Knullptr_t[m[K) noexcept
      |                 [01;36m[K^~~~~~~~~[m[K
gmake[2]: *** [CMakeFiles/move_robot_client.dir/build.make:76: CMakeFiles/move_robot_client.dir/src/move_robot_client.cpp.o] Error 1
gmake[1]: *** [CMakeFiles/Makefile2:249: CMakeFiles/move_robot_client.dir/all] Error 2
gmake: *** [Makefile:146: all] Error 2
