[0.032s] Invoking command in '/home/sven/ros2_ws/build/actions_cpp': CMAKE_PREFIX_PATH=/home/sven/ros2_ws/install/my_robot_interfaces:/home/sven/ros2_ws/install/turtlesim_catch_them_all:/home/sven/ros2_ws/install/my_robot_bringup:/home/sven/ros2_ws/install/my_cpp_pkg:/home/sven/ros2_ws/install/actions_cpp:/home/sven/ros2_ws/install/my_robot_description:/home/sven/install/my_robot_description:/home/sven/ros2_ws/install/my_py_pkg:/home/sven/ros2_ws/install/actions_py:/opt/ros/humble LD_LIBRARY_PATH=/home/sven/ros2_ws/install/my_robot_interfaces/lib:/usr/lib/x86_64-linux-gnu/gazebo-11/plugins:/opt/ros/humble/opt/rviz_ogre_vendor/lib:/opt/ros/humble/lib/x86_64-linux-gnu:/opt/ros/humble/lib:/usr/share/gazebo/../../lib/x86_64-linux-gnu/gazebo-11/plugins /usr/bin/cmake --build /home/sven/ros2_ws/build/actions_cpp -- -j20 -l20
[0.054s] [35m[1mConsolidate compiler generated dependencies of target move_robot_server[0m
[0.054s] [35m[1mConsolidate compiler generated dependencies of target move_robot_client[0m
[0.061s] [ 60%] Built target count_until_client
[0.062s] [ 60%] Built target count_until_server
[0.062s] [ 60%] Built target count_until_server_queue_goals
[0.062s] [ 80%] Built target move_robot_server
[0.062s] [ 90%] [32mBuilding CXX object CMakeFiles/move_robot_client.dir/src/move_robot_client.cpp.o[0m
[1.138s] [01m[K/home/sven/ros2_ws/src/actions_cpp/src/move_robot_client.cpp:48:39:[m[K [01;31m[Kerror: [m[K‘[01m[KCountUntilGoalHandle[m[K’ does not name a type
[1.138s]    48 |     void goal_feedback_callback(const [01;31m[KCountUntilGoalHandle[m[K::SharedPtr &goal_handle,
[1.138s]       |                                       [01;31m[K^~~~~~~~~~~~~~~~~~~~[m[K
[1.138s] [01m[K/home/sven/ros2_ws/src/actions_cpp/src/move_robot_client.cpp:48:71:[m[K [01;31m[Kerror: [m[Kexpected unqualified-id before ‘[01m[K&[m[K’ token
[1.138s]    48 |     void goal_feedback_callback(const CountUntilGoalHandle::SharedPtr [01;31m[K&[m[Kgoal_handle,
[1.138s]       |                                                                       [01;31m[K^[m[K
[1.138s] [01m[K/home/sven/ros2_ws/src/actions_cpp/src/move_robot_client.cpp:48:70:[m[K [01;31m[Kerror: [m[Kexpected ‘[01m[K)[m[K’ before ‘[01m[K&[m[K’ token
[1.138s]    48 |     void goal_feedback_callback[34m[K([m[Kconst CountUntilGoalHandle::SharedPtr[01;31m[K [m[K[32m[K&[m[Kgoal_handle,
[1.138s]       |                                [34m[K~[m[K                                     [01;31m[K^[m[K[32m[K~[m[K
[1.139s]       |                                                                      [32m[K)[m[K
[1.139s] [01m[K/home/sven/ros2_ws/src/actions_cpp/src/move_robot_client.cpp:48:71:[m[K [01;31m[Kerror: [m[Kexpected ‘[01m[K;[m[K’ at end of member declaration
[1.139s]    48 |     void goal_feedback_callback(const CountUntilGoalHandle::SharedPtr [01;31m[K&[m[Kgoal_handle,
[1.139s]       |                                                                       [01;31m[K^[m[K
[1.139s]       |                                                                        [32m[K;[m[K
[1.139s] [01m[K/home/sven/ros2_ws/src/actions_cpp/src/move_robot_client.cpp:48:72:[m[K [01;31m[Kerror: [m[K‘[01m[Kgoal_handle[m[K’ does not name a type
[1.139s]    48 |     void goal_feedback_callback(const CountUntilGoalHandle::SharedPtr &[01;31m[Kgoal_handle[m[K,
[1.139s]       |                                                                        [01;31m[K^~~~~~~~~~~[m[K
[1.156s] [01m[K/home/sven/ros2_ws/src/actions_cpp/src/move_robot_client.cpp:[m[K In member function ‘[01m[Kvoid MoveRobotClientNode::send_goal(int, int)[m[K’:
[1.156s] [01m[K/home/sven/ros2_ws/src/actions_cpp/src/move_robot_client.cpp:38:81:[m[K [01;31m[Kerror: [m[Kno match for ‘[01m[Koperator=[m[K’ (operand types are ‘[01m[Krclcpp_action::Client<my_robot_interfaces::action::MoveRobot>::ResultCallback[m[K’ {aka ‘[01m[Kstd::function<void(const rclcpp_action::ClientGoalHandle<my_robot_interfaces::action::MoveRobot>::WrappedResult&)>[m[K’} and ‘[01m[Kstd::function<void(std::shared_ptr<rclcpp_action::ClientGoalHandle<my_robot_interfaces::action::MoveRobot> >, std::shared_ptr<const my_robot_interfaces::action::MoveRobot_Feedback_<std::allocator<void> > >)>[m[K’)
[1.157s]    38 |             std::bind(&MoveRobotClientNode::goal_feedback_callback, this, _1, _2[01;31m[K)[m[K;
[1.157s]       |                                                                                 [01;31m[K^[m[K
[1.157s] In file included from [01m[K/usr/include/c++/11/future:47[m[K,
[1.157s]                  from [01m[K/opt/ros/humble/include/rclcpp/rclcpp/executors.hpp:18[m[K,
[1.157s]                  from [01m[K/opt/ros/humble/include/rclcpp/rclcpp/rclcpp.hpp:155[m[K,
[1.157s]                  from [01m[K/home/sven/ros2_ws/src/actions_cpp/src/move_robot_client.cpp:1[m[K:
[1.157s] [01m[K/usr/include/c++/11/bits/std_function.h:530:9:[m[K [01;36m[Knote: [m[Kcandidate: ‘[01m[Ktemplate<class _Functor> std::function<_Res(_ArgTypes ...)>::_Requires<std::function<_Res(_ArgTypes ...)>::_Callable<_Functor>, std::function<_Res(_ArgTypes ...)>&> std::function<_Res(_ArgTypes ...)>::operator=(_Functor&&) [with _Functor = _Functor; _Res = void; _ArgTypes = {const rclcpp_action::ClientGoalHandle<my_robot_interfaces::action::MoveRobot>::WrappedResult&}][m[K’
[1.157s]   530 |         [01;36m[Koperator[m[K=(_Functor&& __f)
[1.157s]       |         [01;36m[K^~~~~~~~[m[K
[1.157s] [01m[K/usr/include/c++/11/bits/std_function.h:530:9:[m[K [01;36m[Knote: [m[K  template argument deduction/substitution failed:
[1.157s] In file included from [01m[K/usr/include/c++/11/bits/move.h:57[m[K,
[1.157s]                  from [01m[K/usr/include/c++/11/bits/stl_pair.h:59[m[K,
[1.157s]                  from [01m[K/usr/include/c++/11/bits/stl_algobase.h:64[m[K,
[1.157s]                  from [01m[K/usr/include/c++/11/memory:63[m[K,
[1.157s]                  from [01m[K/opt/ros/humble/include/rclcpp/rclcpp/rclcpp.hpp:153[m[K,
[1.157s]                  from [01m[K/home/sven/ros2_ws/src/actions_cpp/src/move_robot_client.cpp:1[m[K:
[1.157s] /usr/include/c++/11/type_traits: In substitution of ‘[01m[Ktemplate<bool _Cond, class _Tp> using __enable_if_t = typename std::enable_if::type [with bool _Cond = false; _Tp = std::function<void(const rclcpp_action::ClientGoalHandle<my_robot_interfaces::action::MoveRobot>::WrappedResult&)>&][m[K’:
[1.157s] [01m[K/usr/include/c++/11/bits/std_function.h:353:8:[m[K   required by substitution of ‘[01m[Ktemplate<class _Res, class ... _ArgTypes> template<class _Cond, class _Tp> using _Requires = std::__enable_if_t<_Cond::value, _Tp> [with _Cond = std::function<void(const rclcpp_action::ClientGoalHandle<my_robot_interfaces::action::MoveRobot>::WrappedResult&)>::_Callable<std::function<void(std::shared_ptr<rclcpp_action::ClientGoalHandle<my_robot_interfaces::action::MoveRobot> >, std::shared_ptr<const my_robot_interfaces::action::MoveRobot_Feedback_<std::allocator<void> > >)>&, std::function<void(std::shared_ptr<rclcpp_action::ClientGoalHandle<my_robot_interfaces::action::MoveRobot> >, std::shared_ptr<const my_robot_interfaces::action::MoveRobot_Feedback_<std::allocator<void> > >)>, std::__invoke_result<std::function<void(std::shared_ptr<rclcpp_action::ClientGoalHandle<my_robot_interfaces::action::MoveRobot> >, std::shared_ptr<const my_robot_interfaces::action::MoveRobot_Feedback_<std::allocator<void> > >)>&, const rclcpp_action::ClientGoalHandle<my_robot_interfaces::action::MoveRobot>::WrappedResult&> >; _Tp = std::function<void(const rclcpp_action::ClientGoalHandle<my_robot_interfaces::action::MoveRobot>::WrappedResult&)>&; _Res = void; _ArgTypes = {const rclcpp_action::ClientGoalHandle<my_robot_interfaces::action::MoveRobot>::WrappedResult&}][m[K’
[1.157s] [01m[K/usr/include/c++/11/bits/std_function.h:530:2:[m[K   required by substitution of ‘[01m[Ktemplate<class _Functor> std::function<void(const rclcpp_action::ClientGoalHandle<my_robot_interfaces::action::MoveRobot>::WrappedResult&)>::_Requires<std::function<void(const rclcpp_action::ClientGoalHandle<my_robot_interfaces::action::MoveRobot>::WrappedResult&)>::_Callable<_Functor, typename std::enable_if<(! std::is_same<typename std::remove_cv<typename std::remove_reference<_Tp>::type>::type, std::function<void(const rclcpp_action::ClientGoalHandle<my_robot_interfaces::action::MoveRobot>::WrappedResult&)> >::value), std::decay<_Tp> >::type::type, std::__invoke_result<typename std::enable_if<(! std::is_same<typename std::remove_cv<typename std::remove_reference<_Tp>::type>::type, std::function<void(const rclcpp_action::ClientGoalHandle<my_robot_interfaces::action::MoveRobot>::WrappedResult&)> >::value), std::decay<_Tp> >::type::type&, const rclcpp_action::ClientGoalHandle<my_robot_interfaces::action::MoveRobot>::WrappedResult&> >, std::function<void(const rclcpp_action::ClientGoalHandle<my_robot_interfaces::action::MoveRobot>::WrappedResult&)>&> std::function<void(const rclcpp_action::ClientGoalHandle<my_robot_interfaces::action::MoveRobot>::WrappedResult&)>::operator=<_Functor>(_Functor&&) [with _Functor = std::function<void(std::shared_ptr<rclcpp_action::ClientGoalHandle<my_robot_interfaces::action::MoveRobot> >, std::shared_ptr<const my_robot_interfaces::action::MoveRobot_Feedback_<std::allocator<void> > >)>&][m[K’
[1.157s] [01m[K/home/sven/ros2_ws/src/actions_cpp/src/move_robot_client.cpp:38:81:[m[K   required from here
[1.157s] [01m[K/usr/include/c++/11/type_traits:2205:11:[m[K [01;31m[Kerror: [m[Kno type named ‘[01m[Ktype[m[K’ in ‘[01m[Kstruct std::enable_if<false, std::function<void(const rclcpp_action::ClientGoalHandle<my_robot_interfaces::action::MoveRobot>::WrappedResult&)>&>[m[K’
[1.158s]  2205 |     using [01;31m[K__enable_if_t[m[K = typename enable_if<_Cond, _Tp>::type;
[1.158s]       |           [01;31m[K^~~~~~~~~~~~~[m[K
[1.158s] In file included from [01m[K/usr/include/c++/11/future:47[m[K,
[1.158s]                  from [01m[K/opt/ros/humble/include/rclcpp/rclcpp/executors.hpp:18[m[K,
[1.158s]                  from [01m[K/opt/ros/humble/include/rclcpp/rclcpp/rclcpp.hpp:155[m[K,
[1.158s]                  from [01m[K/home/sven/ros2_ws/src/actions_cpp/src/move_robot_client.cpp:1[m[K:
[1.158s] [01m[K/usr/include/c++/11/bits/std_function.h:540:9:[m[K [01;36m[Knote: [m[Kcandidate: ‘[01m[Ktemplate<class _Functor> std::function<_Res(_ArgTypes ...)>& std::function<_Res(_ArgTypes ...)>::operator=(std::reference_wrapper<_Functor>) [with _Functor = _Functor; _Res = void; _ArgTypes = {const rclcpp_action::ClientGoalHandle<my_robot_interfaces::action::MoveRobot>::WrappedResult&}][m[K’
[1.158s]   540 |         [01;36m[Koperator[m[K=(reference_wrapper<_Functor> __f) noexcept
[1.158s]       |         [01;36m[K^~~~~~~~[m[K
[1.158s] [01m[K/usr/include/c++/11/bits/std_function.h:540:9:[m[K [01;36m[Knote: [m[K  template argument deduction/substitution failed:
[1.158s] [01m[K/home/sven/ros2_ws/src/actions_cpp/src/move_robot_client.cpp:38:81:[m[K [01;36m[Knote: [m[K  ‘[01m[Kstd::function<void(std::shared_ptr<rclcpp_action::ClientGoalHandle<my_robot_interfaces::action::MoveRobot> >, std::shared_ptr<const my_robot_interfaces::action::MoveRobot_Feedback_<std::allocator<void> > >)>[m[K’ is not derived from ‘[01m[Kstd::reference_wrapper<_Tp>[m[K’
[1.158s]    38 |             std::bind(&MoveRobotClientNode::goal_feedback_callback, this, _1, _2[01;36m[K)[m[K;
[1.158s]       |                                                                                 [01;36m[K^[m[K
[1.158s] In file included from [01m[K/usr/include/c++/11/future:47[m[K,
[1.158s]                  from [01m[K/opt/ros/humble/include/rclcpp/rclcpp/executors.hpp:18[m[K,
[1.158s]                  from [01m[K/opt/ros/humble/include/rclcpp/rclcpp/rclcpp.hpp:155[m[K,
[1.158s]                  from [01m[K/home/sven/ros2_ws/src/actions_cpp/src/move_robot_client.cpp:1[m[K:
[1.158s] [01m[K/usr/include/c++/11/bits/std_function.h:469:7:[m[K [01;36m[Knote: [m[Kcandidate: ‘[01m[Kstd::function<_Res(_ArgTypes ...)>& std::function<_Res(_ArgTypes ...)>::operator=(const std::function<_Res(_ArgTypes ...)>&) [with _Res = void; _ArgTypes = {const rclcpp_action::ClientGoalHandle<my_robot_interfaces::action::MoveRobot>::WrappedResult&}][m[K’
[1.158s]   469 |       [01;36m[Koperator[m[K=(const function& __x)
[1.158s]       |       [01;36m[K^~~~~~~~[m[K
[1.158s] [01m[K/usr/include/c++/11/bits/std_function.h:469:33:[m[K [01;36m[Knote: [m[K  no known conversion for argument 1 from ‘[01m[Kstd::function<void(std::shared_ptr<rclcpp_action::ClientGoalHandle<my_robot_interfaces::action::MoveRobot> >, std::shared_ptr<const my_robot_interfaces::action::MoveRobot_Feedback_<std::allocator<void> > >)>[m[K’ to ‘[01m[Kconst std::function<void(const rclcpp_action::ClientGoalHandle<my_robot_interfaces::action::MoveRobot>::WrappedResult&)>&[m[K’
[1.158s]   469 |       operator=([01;36m[Kconst function& __x[m[K)
[1.159s]       |                 [01;36m[K~~~~~~~~~~~~~~~~^~~[m[K
[1.159s] [01m[K/usr/include/c++/11/bits/std_function.h:487:7:[m[K [01;36m[Knote: [m[Kcandidate: ‘[01m[Kstd::function<_Res(_ArgTypes ...)>& std::function<_Res(_ArgTypes ...)>::operator=(std::function<_Res(_ArgTypes ...)>&&) [with _Res = void; _ArgTypes = {const rclcpp_action::ClientGoalHandle<my_robot_interfaces::action::MoveRobot>::WrappedResult&}][m[K’
[1.159s]   487 |       [01;36m[Koperator[m[K=(function&& __x) noexcept
[1.159s]       |       [01;36m[K^~~~~~~~[m[K
[1.159s] [01m[K/usr/include/c++/11/bits/std_function.h:487:28:[m[K [01;36m[Knote: [m[K  no known conversion for argument 1 from ‘[01m[Kstd::function<void(std::shared_ptr<rclcpp_action::ClientGoalHandle<my_robot_interfaces::action::MoveRobot> >, std::shared_ptr<const my_robot_interfaces::action::MoveRobot_Feedback_<std::allocator<void> > >)>[m[K’ to ‘[01m[Kstd::function<void(const rclcpp_action::ClientGoalHandle<my_robot_interfaces::action::MoveRobot>::WrappedResult&)>&&[m[K’
[1.159s]   487 |       operator=([01;36m[Kfunction&& __x[m[K) noexcept
[1.159s]       |                 [01;36m[K~~~~~~~~~~~^~~[m[K
[1.159s] [01m[K/usr/include/c++/11/bits/std_function.h:501:7:[m[K [01;36m[Knote: [m[Kcandidate: ‘[01m[Kstd::function<_Res(_ArgTypes ...)>& std::function<_Res(_ArgTypes ...)>::operator=(std::nullptr_t) [with _Res = void; _ArgTypes = {const rclcpp_action::ClientGoalHandle<my_robot_interfaces::action::MoveRobot>::WrappedResult&}; std::nullptr_t = std::nullptr_t][m[K’
[1.159s]   501 |       [01;36m[Koperator[m[K=(nullptr_t) noexcept
[1.159s]       |       [01;36m[K^~~~~~~~[m[K
[1.159s] [01m[K/usr/include/c++/11/bits/std_function.h:501:17:[m[K [01;36m[Knote: [m[K  no known conversion for argument 1 from ‘[01m[Kstd::function<void(std::shared_ptr<rclcpp_action::ClientGoalHandle<my_robot_interfaces::action::MoveRobot> >, std::shared_ptr<const my_robot_interfaces::action::MoveRobot_Feedback_<std::allocator<void> > >)>[m[K’ to ‘[01m[Kstd::nullptr_t[m[K’
[1.159s]   501 |       operator=([01;36m[Knullptr_t[m[K) noexcept
[1.159s]       |                 [01;36m[K^~~~~~~~~[m[K
[1.477s] gmake[2]: *** [CMakeFiles/move_robot_client.dir/build.make:76: CMakeFiles/move_robot_client.dir/src/move_robot_client.cpp.o] Error 1
[1.477s] gmake[1]: *** [CMakeFiles/Makefile2:249: CMakeFiles/move_robot_client.dir/all] Error 2
[1.477s] gmake: *** [Makefile:146: all] Error 2
[1.479s] Invoked command in '/home/sven/ros2_ws/build/actions_cpp' returned '2': CMAKE_PREFIX_PATH=/home/sven/ros2_ws/install/my_robot_interfaces:/home/sven/ros2_ws/install/turtlesim_catch_them_all:/home/sven/ros2_ws/install/my_robot_bringup:/home/sven/ros2_ws/install/my_cpp_pkg:/home/sven/ros2_ws/install/actions_cpp:/home/sven/ros2_ws/install/my_robot_description:/home/sven/install/my_robot_description:/home/sven/ros2_ws/install/my_py_pkg:/home/sven/ros2_ws/install/actions_py:/opt/ros/humble LD_LIBRARY_PATH=/home/sven/ros2_ws/install/my_robot_interfaces/lib:/usr/lib/x86_64-linux-gnu/gazebo-11/plugins:/opt/ros/humble/opt/rviz_ogre_vendor/lib:/opt/ros/humble/lib/x86_64-linux-gnu:/opt/ros/humble/lib:/usr/share/gazebo/../../lib/x86_64-linux-gnu/gazebo-11/plugins /usr/bin/cmake --build /home/sven/ros2_ws/build/actions_cpp -- -j20 -l20
