[35m[1mConsolidate compiler generated dependencies of target robot_news_station[0m
[35m[1mConsolidate compiler generated dependencies of target number_counter[0m
[35m[1mConsolidate compiler generated dependencies of target number_publisher[0m
[ 12%] Built target cpp_node
[ 25%] Built target robot_news_station
[ 31%] [32mBuilding CXX object CMakeFiles/number_counter.dir/src/number_counter.cpp.o[0m
[ 43%] Built target add_two_ints_server
[ 56%] Built target add_two_ints_client
[ 68%] Built target add_two_ints_client_no_oop
[ 75%] [32mBuilding CXX object CMakeFiles/smartphone.dir/src/smartphone.cpp.o[0m
[ 87%] Built target number_publisher
In file included from [01m[K/opt/ros/humble/include/rclcpp/rclcpp/logging.hpp:24[m[K,
                 from [01m[K/opt/ros/humble/include/rclcpp/rclcpp/client.hpp:40[m[K,
                 from [01m[K/opt/ros/humble/include/rclcpp/rclcpp/callback_group.hpp:24[m[K,
                 from [01m[K/opt/ros/humble/include/rclcpp/rclcpp/any_executable.hpp:20[m[K,
                 from [01m[K/opt/ros/humble/include/rclcpp/rclcpp/memory_strategy.hpp:25[m[K,
                 from [01m[K/opt/ros/humble/include/rclcpp/rclcpp/memory_strategies.hpp:18[m[K,
                 from [01m[K/opt/ros/humble/include/rclcpp/rclcpp/executor_options.hpp:20[m[K,
                 from [01m[K/opt/ros/humble/include/rclcpp/rclcpp/executor.hpp:37[m[K,
                 from [01m[K/opt/ros/humble/include/rclcpp/rclcpp/executors/multi_threaded_executor.hpp:25[m[K,
                 from [01m[K/opt/ros/humble/include/rclcpp/rclcpp/executors.hpp:21[m[K,
                 from [01m[K/opt/ros/humble/include/rclcpp/rclcpp/rclcpp.hpp:155[m[K,
                 from [01m[K/home/cleanseasolutions/ros2_ws/src/my_cpp_pkg/src/number_counter.cpp:1[m[K:
[01m[K/home/cleanseasolutions/ros2_ws/src/my_cpp_pkg/src/number_counter.cpp:[m[K In member function ‘[01m[Kvoid NumberCounterNode::callbackNumber(example_interfaces::msg::Int64_<std::allocator<void> >::SharedPtr)[m[K’:
[01m[K/home/cleanseasolutions/ros2_ws/src/my_cpp_pkg/src/number_counter.cpp:19:41:[m[K [01;35m[Kwarning: [m[Kformat ‘[01m[K%d[m[K’ expects argument of type ‘[01m[Kint[m[K’, but argument 5 has type ‘[01m[Kexample_interfaces::msg::Int64_<std::allocator<void> >::_data_type[m[K’ {aka ‘[01m[Klong int[m[K’} [[01;35m[K]8;;https://gcc.gnu.org/onlinedocs/gcc/Warning-Options.html#index-Wformat=-Wformat=]8;;[m[K]
   19 |         RCLCPP_INFO(this->get_logger(), [01;35m[K"%d"[m[K, [32m[Kmsg->data[m[K); //TODO: Implement proper syntax for printing an int
      |                                         [01;35m[K^~~~[m[K  [32m[K~~~~~~~~~[m[K
      |                                                    [32m[K|[m[K
      |                                                    [32m[Kexample_interfaces::msg::Int64_<std::allocator<void> >::_data_type {aka long int}[m[K
[01m[K/home/cleanseasolutions/ros2_ws/src/my_cpp_pkg/src/number_counter.cpp:19:43:[m[K [01;36m[Knote: [m[Kformat string is defined here
   19 |         RCLCPP_INFO(this->get_logger(), "[01;36m[K%d[m[K", msg->data); //TODO: Implement proper syntax for printing an int
      |                                          [01;36m[K~^[m[K
      |                                           [01;36m[K|[m[K
      |                                           [01;36m[Kint[m[K
      |                                          [32m[K%ld[m[K
[ 93%] [32m[1mLinking CXX executable number_counter[0m
[100%] [32m[1mLinking CXX executable smartphone[0m
[100%] Built target number_counter
[100%] Built target smartphone
-- Install configuration: ""
-- Up-to-date: /home/cleanseasolutions/ros2_ws/install/my_cpp_pkg/lib/my_cpp_pkg/cpp_node
-- Installing: /home/cleanseasolutions/ros2_ws/install/my_cpp_pkg/lib/my_cpp_pkg/robot_news_station
-- Set runtime path of "/home/cleanseasolutions/ros2_ws/install/my_cpp_pkg/lib/my_cpp_pkg/robot_news_station" to ""
-- Installing: /home/cleanseasolutions/ros2_ws/install/my_cpp_pkg/lib/my_cpp_pkg/smartphone
-- Set runtime path of "/home/cleanseasolutions/ros2_ws/install/my_cpp_pkg/lib/my_cpp_pkg/smartphone" to ""
-- Installing: /home/cleanseasolutions/ros2_ws/install/my_cpp_pkg/lib/my_cpp_pkg/number_publisher
-- Set runtime path of "/home/cleanseasolutions/ros2_ws/install/my_cpp_pkg/lib/my_cpp_pkg/number_publisher" to ""
-- Installing: /home/cleanseasolutions/ros2_ws/install/my_cpp_pkg/lib/my_cpp_pkg/number_counter
-- Set runtime path of "/home/cleanseasolutions/ros2_ws/install/my_cpp_pkg/lib/my_cpp_pkg/number_counter" to ""
-- Up-to-date: /home/cleanseasolutions/ros2_ws/install/my_cpp_pkg/lib/my_cpp_pkg/add_two_ints_server
-- Up-to-date: /home/cleanseasolutions/ros2_ws/install/my_cpp_pkg/lib/my_cpp_pkg/add_two_ints_client
-- Up-to-date: /home/cleanseasolutions/ros2_ws/install/my_cpp_pkg/lib/my_cpp_pkg/add_two_ints_client_no_oop
-- Up-to-date: /home/cleanseasolutions/ros2_ws/install/my_cpp_pkg/share/ament_index/resource_index/package_run_dependencies/my_cpp_pkg
-- Up-to-date: /home/cleanseasolutions/ros2_ws/install/my_cpp_pkg/share/ament_index/resource_index/parent_prefix_path/my_cpp_pkg
-- Up-to-date: /home/cleanseasolutions/ros2_ws/install/my_cpp_pkg/share/my_cpp_pkg/environment/ament_prefix_path.sh
-- Installing: /home/cleanseasolutions/ros2_ws/install/my_cpp_pkg/share/my_cpp_pkg/environment/ament_prefix_path.dsv
-- Up-to-date: /home/cleanseasolutions/ros2_ws/install/my_cpp_pkg/share/my_cpp_pkg/environment/path.sh
-- Installing: /home/cleanseasolutions/ros2_ws/install/my_cpp_pkg/share/my_cpp_pkg/environment/path.dsv
-- Up-to-date: /home/cleanseasolutions/ros2_ws/install/my_cpp_pkg/share/my_cpp_pkg/local_setup.bash
-- Up-to-date: /home/cleanseasolutions/ros2_ws/install/my_cpp_pkg/share/my_cpp_pkg/local_setup.sh
-- Up-to-date: /home/cleanseasolutions/ros2_ws/install/my_cpp_pkg/share/my_cpp_pkg/local_setup.zsh
-- Installing: /home/cleanseasolutions/ros2_ws/install/my_cpp_pkg/share/my_cpp_pkg/local_setup.dsv
-- Installing: /home/cleanseasolutions/ros2_ws/install/my_cpp_pkg/share/my_cpp_pkg/package.dsv
-- Up-to-date: /home/cleanseasolutions/ros2_ws/install/my_cpp_pkg/share/ament_index/resource_index/packages/my_cpp_pkg
-- Up-to-date: /home/cleanseasolutions/ros2_ws/install/my_cpp_pkg/share/my_cpp_pkg/cmake/my_cpp_pkgConfig.cmake
-- Up-to-date: /home/cleanseasolutions/ros2_ws/install/my_cpp_pkg/share/my_cpp_pkg/cmake/my_cpp_pkgConfig-version.cmake
-- Up-to-date: /home/cleanseasolutions/ros2_ws/install/my_cpp_pkg/share/my_cpp_pkg/package.xml
