[0.029s] Invoking command in '/home/cleanseasolutions/ros2_ws/build/my_robot_interfaces': CMAKE_PREFIX_PATH=${CMAKE_PREFIX_PATH}:/home/cleanseasolutions/ros2_ws/install/my_py_pkg:/opt/ros/humble /usr/bin/cmake --build /home/cleanseasolutions/ros2_ws/build/my_robot_interfaces -- -j16 -l16
[0.046s] -- Found ament_cmake: 1.3.7 (/opt/ros/humble/share/ament_cmake/cmake)
[0.129s] -- Found rosidl_default_generators: 1.2.0 (/opt/ros/humble/share/rosidl_default_generators/cmake)
[0.130s] -- Using all available rosidl_typesupport_c: rosidl_typesupport_fastrtps_c;rosidl_typesupport_introspection_c
[0.131s] -- Found rosidl_adapter: 3.1.5 (/opt/ros/humble/share/rosidl_adapter/cmake)
[0.147s] -- Using all available rosidl_typesupport_cpp: rosidl_typesupport_fastrtps_cpp;rosidl_typesupport_introspection_cpp
[0.313s] -- Found ament_cmake_ros: 0.10.0 (/opt/ros/humble/share/ament_cmake_ros/cmake)
[0.414s] -- Using all available rosidl_typesupport_c: rosidl_typesupport_fastrtps_c;rosidl_typesupport_introspection_c
[0.548s] -- Using all available rosidl_typesupport_cpp: rosidl_typesupport_fastrtps_cpp;rosidl_typesupport_introspection_cpp
[0.561s] -- Found python_cmake_module: 0.10.0 (/opt/ros/humble/share/python_cmake_module/cmake)
[0.574s] -- Using PYTHON_EXECUTABLE: /usr/bin/python3
[0.574s] -- Using PYTHON_INCLUDE_DIRS: /usr/include/python3.10
[0.574s] -- Using PYTHON_LIBRARIES: /usr/lib/x86_64-linux-gnu/libpython3.10.so
[0.584s] -- Configuring done
[0.602s] -- Generating done
[0.604s] -- Build files have been written to: /home/cleanseasolutions/ros2_ws/build/my_robot_interfaces
[0.619s] [  1%] [34m[1mGenerating C code for ROS interfaces[0m
[0.626s] [  2%] [34m[1mGenerating C++ code for ROS interfaces[0m
[0.631s] [  2%] Built target ament_cmake_python_copy_my_robot_interfaces
[0.775s] running egg_info
[0.775s] writing my_robot_interfaces.egg-info/PKG-INFO
[0.775s] writing dependency_links to my_robot_interfaces.egg-info/dependency_links.txt
[0.775s] writing top-level names to my_robot_interfaces.egg-info/top_level.txt
[0.777s] reading manifest file 'my_robot_interfaces.egg-info/SOURCES.txt'
[0.777s] writing manifest file 'my_robot_interfaces.egg-info/SOURCES.txt'
[0.793s] [  2%] Built target ament_cmake_python_build_my_robot_interfaces_egg
[0.905s] [  2%] Built target my_robot_interfaces__cpp
[0.914s] [  4%] [34m[1mGenerating C++ type support for eProsima Fast-RTPS[0m
[0.916s] [  5%] [34m[1mGenerating C++ introspection for ROS interfaces[0m
[0.917s] [  7%] [34m[1mGenerating C++ type support dispatch for ROS interfaces[0m
[0.925s] [35m[1mConsolidate compiler generated dependencies of target my_robot_interfaces__rosidl_generator_c[0m
[0.933s] [  8%] [32mBuilding C object CMakeFiles/my_robot_interfaces__rosidl_generator_c.dir/rosidl_generator_c/my_robot_interfaces/msg/detail/hardware_status__functions.c.o[0m
[0.935s] [ 11%] [32mBuilding C object CMakeFiles/my_robot_interfaces__rosidl_generator_c.dir/rosidl_generator_c/my_robot_interfaces/msg/detail/led_status__functions.c.o[0m
[0.935s] [ 11%] [32mBuilding C object CMakeFiles/my_robot_interfaces__rosidl_generator_c.dir/rosidl_generator_c/my_robot_interfaces/msg/detail/turtle__functions.c.o[0m
[0.935s] [ 14%] [32mBuilding C object CMakeFiles/my_robot_interfaces__rosidl_generator_c.dir/rosidl_generator_c/my_robot_interfaces/msg/detail/turtle_array__functions.c.o[0m
[0.935s] [ 14%] [32mBuilding C object CMakeFiles/my_robot_interfaces__rosidl_generator_c.dir/rosidl_generator_c/my_robot_interfaces/srv/detail/compute_rectangle_area__functions.c.o[0m
[0.935s] [ 15%] [32mBuilding C object CMakeFiles/my_robot_interfaces__rosidl_generator_c.dir/rosidl_generator_c/my_robot_interfaces/srv/detail/set_led__functions.c.o[0m
[0.986s] [ 16%] [32m[1mLinking C shared library libmy_robot_interfaces__rosidl_generator_c.so[0m
[1.010s] [ 16%] Built target my_robot_interfaces__rosidl_generator_c
[1.016s] [ 18%] [34m[1mGenerating C type support for eProsima Fast-RTPS[0m
[1.018s] [ 21%] [34m[1mGenerating C introspection for ROS interfaces[0m
[1.019s] [ 21%] [34m[1mGenerating C type support dispatch for ROS interfaces[0m
[1.128s] [35m[1mConsolidate compiler generated dependencies of target my_robot_interfaces__rosidl_typesupport_cpp[0m
[1.138s] [ 22%] [32mBuilding CXX object CMakeFiles/my_robot_interfaces__rosidl_typesupport_cpp.dir/rosidl_typesupport_cpp/my_robot_interfaces/msg/turtle__type_support.cpp.o[0m
[1.140s] [ 25%] [32mBuilding CXX object CMakeFiles/my_robot_interfaces__rosidl_typesupport_cpp.dir/rosidl_typesupport_cpp/my_robot_interfaces/msg/hardware_status__type_support.cpp.o[0m
[1.140s] [ 25%] [32mBuilding CXX object CMakeFiles/my_robot_interfaces__rosidl_typesupport_cpp.dir/rosidl_typesupport_cpp/my_robot_interfaces/msg/led_status__type_support.cpp.o[0m
[1.140s] [ 26%] [32mBuilding CXX object CMakeFiles/my_robot_interfaces__rosidl_typesupport_cpp.dir/rosidl_typesupport_cpp/my_robot_interfaces/msg/turtle_array__type_support.cpp.o[0m
[1.141s] [ 28%] [32mBuilding CXX object CMakeFiles/my_robot_interfaces__rosidl_typesupport_cpp.dir/rosidl_typesupport_cpp/my_robot_interfaces/srv/compute_rectangle_area__type_support.cpp.o[0m
[1.141s] [ 29%] [32mBuilding CXX object CMakeFiles/my_robot_interfaces__rosidl_typesupport_cpp.dir/rosidl_typesupport_cpp/my_robot_interfaces/srv/set_led__type_support.cpp.o[0m
[1.172s] [35m[1mConsolidate compiler generated dependencies of target my_robot_interfaces__rosidl_typesupport_introspection_cpp[0m
[1.186s] [ 35%] [32mBuilding CXX object CMakeFiles/my_robot_interfaces__rosidl_typesupport_introspection_cpp.dir/rosidl_typesupport_introspection_cpp/my_robot_interfaces/msg/detail/hardware_status__type_support.cpp.o[0m
[1.186s] [ 35%] [32mBuilding CXX object CMakeFiles/my_robot_interfaces__rosidl_typesupport_introspection_cpp.dir/rosidl_typesupport_introspection_cpp/my_robot_interfaces/msg/detail/turtle_array__type_support.cpp.o[0m
[1.186s] [ 35%] [32mBuilding CXX object CMakeFiles/my_robot_interfaces__rosidl_typesupport_introspection_cpp.dir/rosidl_typesupport_introspection_cpp/my_robot_interfaces/msg/detail/led_status__type_support.cpp.o[0m
[1.186s] [ 35%] [32mBuilding CXX object CMakeFiles/my_robot_interfaces__rosidl_typesupport_introspection_cpp.dir/rosidl_typesupport_introspection_cpp/my_robot_interfaces/msg/detail/turtle__type_support.cpp.o[0m
[1.187s] [ 36%] [32mBuilding CXX object CMakeFiles/my_robot_interfaces__rosidl_typesupport_introspection_cpp.dir/rosidl_typesupport_introspection_cpp/my_robot_interfaces/srv/detail/compute_rectangle_area__type_support.cpp.o[0m
[1.196s] [ 38%] [32mBuilding CXX object CMakeFiles/my_robot_interfaces__rosidl_typesupport_introspection_cpp.dir/rosidl_typesupport_introspection_cpp/my_robot_interfaces/srv/detail/set_led__type_support.cpp.o[0m
[1.321s] [35m[1mConsolidate compiler generated dependencies of target my_robot_interfaces__rosidl_typesupport_fastrtps_cpp[0m
[1.340s] [ 39%] [32mBuilding CXX object CMakeFiles/my_robot_interfaces__rosidl_typesupport_fastrtps_cpp.dir/rosidl_typesupport_fastrtps_cpp/my_robot_interfaces/msg/detail/dds_fastrtps/hardware_status__type_support.cpp.o[0m
[1.393s] [ 40%] [32mBuilding CXX object CMakeFiles/my_robot_interfaces__rosidl_typesupport_fastrtps_cpp.dir/rosidl_typesupport_fastrtps_cpp/my_robot_interfaces/msg/detail/dds_fastrtps/led_status__type_support.cpp.o[0m
[1.397s] [ 42%] [32mBuilding CXX object CMakeFiles/my_robot_interfaces__rosidl_typesupport_fastrtps_cpp.dir/rosidl_typesupport_fastrtps_cpp/my_robot_interfaces/msg/detail/dds_fastrtps/turtle__type_support.cpp.o[0m
[1.399s] [35m[1mConsolidate compiler generated dependencies of target my_robot_interfaces__rosidl_typesupport_c[0m
[1.423s] [ 43%] [32mBuilding CXX object CMakeFiles/my_robot_interfaces__rosidl_typesupport_c.dir/rosidl_typesupport_c/my_robot_interfaces/msg/led_status__type_support.cpp.o[0m
[1.435s] [ 45%] [32mBuilding CXX object CMakeFiles/my_robot_interfaces__rosidl_typesupport_c.dir/rosidl_typesupport_c/my_robot_interfaces/msg/hardware_status__type_support.cpp.o[0m
[1.445s] [ 47%] [32mBuilding CXX object CMakeFiles/my_robot_interfaces__rosidl_typesupport_c.dir/rosidl_typesupport_c/my_robot_interfaces/msg/turtle__type_support.cpp.o[0m
[1.445s] [ 47%] [32mBuilding CXX object CMakeFiles/my_robot_interfaces__rosidl_typesupport_fastrtps_cpp.dir/rosidl_typesupport_fastrtps_cpp/my_robot_interfaces/msg/detail/dds_fastrtps/turtle_array__type_support.cpp.o[0m
[1.457s] [ 49%] [32mBuilding CXX object CMakeFiles/my_robot_interfaces__rosidl_typesupport_c.dir/rosidl_typesupport_c/my_robot_interfaces/msg/turtle_array__type_support.cpp.o[0m
[1.464s] [ 50%] [32m[1mLinking CXX shared library libmy_robot_interfaces__rosidl_typesupport_cpp.so[0m
[1.469s] [ 52%] [32mBuilding CXX object CMakeFiles/my_robot_interfaces__rosidl_typesupport_c.dir/rosidl_typesupport_c/my_robot_interfaces/srv/compute_rectangle_area__type_support.cpp.o[0m
[1.477s] [ 53%] [32mBuilding CXX object CMakeFiles/my_robot_interfaces__rosidl_typesupport_c.dir/rosidl_typesupport_c/my_robot_interfaces/srv/set_led__type_support.cpp.o[0m
[1.508s] [ 54%] [32mBuilding CXX object CMakeFiles/my_robot_interfaces__rosidl_typesupport_fastrtps_cpp.dir/rosidl_typesupport_fastrtps_cpp/my_robot_interfaces/srv/detail/dds_fastrtps/compute_rectangle_area__type_support.cpp.o[0m
[1.515s] [ 54%] Built target my_robot_interfaces__rosidl_typesupport_cpp
[1.526s] [ 56%] [32m[1mLinking CXX shared library libmy_robot_interfaces__rosidl_typesupport_c.so[0m
[1.537s] [35m[1mConsolidate compiler generated dependencies of target my_robot_interfaces__rosidl_typesupport_introspection_c[0m
[1.541s] [ 57%] [32mBuilding CXX object CMakeFiles/my_robot_interfaces__rosidl_typesupport_fastrtps_cpp.dir/rosidl_typesupport_fastrtps_cpp/my_robot_interfaces/srv/detail/dds_fastrtps/set_led__type_support.cpp.o[0m
[1.550s] [ 60%] [32mBuilding C object CMakeFiles/my_robot_interfaces__rosidl_typesupport_introspection_c.dir/rosidl_typesupport_introspection_c/my_robot_interfaces/msg/detail/led_status__type_support.c.o[0m
[1.550s] [ 60%] [32mBuilding C object CMakeFiles/my_robot_interfaces__rosidl_typesupport_introspection_c.dir/rosidl_typesupport_introspection_c/my_robot_interfaces/msg/detail/hardware_status__type_support.c.o[0m
[1.551s] [ 61%] [32mBuilding C object CMakeFiles/my_robot_interfaces__rosidl_typesupport_introspection_c.dir/rosidl_typesupport_introspection_c/my_robot_interfaces/msg/detail/turtle__type_support.c.o[0m
[1.553s] [ 63%] [32mBuilding C object CMakeFiles/my_robot_interfaces__rosidl_typesupport_introspection_c.dir/rosidl_typesupport_introspection_c/my_robot_interfaces/msg/detail/turtle_array__type_support.c.o[0m
[1.560s] [35m[1mConsolidate compiler generated dependencies of target my_robot_interfaces__rosidl_typesupport_fastrtps_c[0m
[1.574s] [ 63%] Built target my_robot_interfaces__rosidl_typesupport_c
[1.577s] [ 64%] [32mBuilding CXX object CMakeFiles/my_robot_interfaces__rosidl_typesupport_fastrtps_c.dir/rosidl_typesupport_fastrtps_c/my_robot_interfaces/msg/detail/hardware_status__type_support_c.cpp.o[0m
[1.585s] [ 67%] [32mBuilding C object CMakeFiles/my_robot_interfaces__rosidl_typesupport_introspection_c.dir/rosidl_typesupport_introspection_c/my_robot_interfaces/srv/detail/compute_rectangle_area__type_support.c.o[0m
[1.585s] [ 67%] [32mBuilding C object CMakeFiles/my_robot_interfaces__rosidl_typesupport_introspection_c.dir/rosidl_typesupport_introspection_c/my_robot_interfaces/srv/detail/set_led__type_support.c.o[0m
[1.589s] [ 69%] [32mBuilding CXX object CMakeFiles/my_robot_interfaces__rosidl_typesupport_fastrtps_c.dir/rosidl_typesupport_fastrtps_c/my_robot_interfaces/msg/detail/turtle__type_support_c.cpp.o[0m
[1.594s] [ 70%] [32mBuilding CXX object CMakeFiles/my_robot_interfaces__rosidl_typesupport_fastrtps_c.dir/rosidl_typesupport_fastrtps_c/my_robot_interfaces/msg/detail/led_status__type_support_c.cpp.o[0m
[1.603s] [ 71%] [32mBuilding CXX object CMakeFiles/my_robot_interfaces__rosidl_typesupport_fastrtps_c.dir/rosidl_typesupport_fastrtps_c/my_robot_interfaces/msg/detail/turtle_array__type_support_c.cpp.o[0m
[1.617s] [ 73%] [32mBuilding CXX object CMakeFiles/my_robot_interfaces__rosidl_typesupport_fastrtps_c.dir/rosidl_typesupport_fastrtps_c/my_robot_interfaces/srv/detail/compute_rectangle_area__type_support_c.cpp.o[0m
[1.619s] [ 74%] [32mBuilding CXX object CMakeFiles/my_robot_interfaces__rosidl_typesupport_fastrtps_c.dir/rosidl_typesupport_fastrtps_c/my_robot_interfaces/srv/detail/set_led__type_support_c.cpp.o[0m
[1.622s] [ 76%] [32m[1mLinking C shared library libmy_robot_interfaces__rosidl_typesupport_introspection_c.so[0m
[1.668s] [ 76%] Built target my_robot_interfaces__rosidl_typesupport_introspection_c
[1.707s] [ 77%] [32m[1mLinking CXX shared library libmy_robot_interfaces__rosidl_typesupport_introspection_cpp.so[0m
[1.796s] [ 77%] Built target my_robot_interfaces__rosidl_typesupport_introspection_cpp
[1.919s] [ 78%] [32m[1mLinking CXX shared library libmy_robot_interfaces__rosidl_typesupport_fastrtps_cpp.so[0m
[1.956s] [ 80%] [32m[1mLinking CXX shared library libmy_robot_interfaces__rosidl_typesupport_fastrtps_c.so[0m
[1.965s] [ 80%] Built target my_robot_interfaces__rosidl_typesupport_fastrtps_cpp
[1.998s] [ 80%] Built target my_robot_interfaces__rosidl_typesupport_fastrtps_c
[2.010s] [ 80%] Built target my_robot_interfaces
[2.021s] [ 81%] [34m[1mGenerating Python code for ROS interfaces[0m
[2.447s] [ 81%] Built target my_robot_interfaces__py
[2.453s] [35m[1mConsolidate compiler generated dependencies of target my_robot_interfaces__rosidl_generator_py[0m
[2.462s] [ 83%] [32mBuilding C object CMakeFiles/my_robot_interfaces__rosidl_generator_py.dir/rosidl_generator_py/my_robot_interfaces/msg/_hardware_status_s.c.o[0m
[2.462s] [ 84%] [32mBuilding C object CMakeFiles/my_robot_interfaces__rosidl_generator_py.dir/rosidl_generator_py/my_robot_interfaces/msg/_led_status_s.c.o[0m
[2.462s] [ 87%] [32mBuilding C object CMakeFiles/my_robot_interfaces__rosidl_generator_py.dir/rosidl_generator_py/my_robot_interfaces/msg/_turtle_array_s.c.o[0m
[2.462s] [ 87%] [32mBuilding C object CMakeFiles/my_robot_interfaces__rosidl_generator_py.dir/rosidl_generator_py/my_robot_interfaces/msg/_turtle_s.c.o[0m
[2.464s] [ 88%] [32mBuilding C object CMakeFiles/my_robot_interfaces__rosidl_generator_py.dir/rosidl_generator_py/my_robot_interfaces/srv/_compute_rectangle_area_s.c.o[0m
[2.464s] [ 90%] [32mBuilding C object CMakeFiles/my_robot_interfaces__rosidl_generator_py.dir/rosidl_generator_py/my_robot_interfaces/srv/_set_led_s.c.o[0m
[2.540s] [ 91%] [32m[1mLinking C shared library rosidl_generator_py/my_robot_interfaces/libmy_robot_interfaces__rosidl_generator_py.so[0m
[2.563s] [ 91%] Built target my_robot_interfaces__rosidl_generator_py
[2.570s] [35m[1mConsolidate compiler generated dependencies of target my_robot_interfaces__rosidl_typesupport_introspection_c__pyext[0m
[2.570s] [35m[1mConsolidate compiler generated dependencies of target my_robot_interfaces__rosidl_typesupport_fastrtps_c__pyext[0m
[2.570s] [35m[1mConsolidate compiler generated dependencies of target my_robot_interfaces__rosidl_typesupport_c__pyext[0m
[2.578s] [ 95%] [32mBuilding C object CMakeFiles/my_robot_interfaces__rosidl_typesupport_fastrtps_c__pyext.dir/rosidl_generator_py/my_robot_interfaces/_my_robot_interfaces_s.ep.rosidl_typesupport_fastrtps_c.c.o[0m
[2.578s] [ 95%] [32mBuilding C object CMakeFiles/my_robot_interfaces__rosidl_typesupport_c__pyext.dir/rosidl_generator_py/my_robot_interfaces/_my_robot_interfaces_s.ep.rosidl_typesupport_c.c.o[0m
[2.578s] [ 95%] [32mBuilding C object CMakeFiles/my_robot_interfaces__rosidl_typesupport_introspection_c__pyext.dir/rosidl_generator_py/my_robot_interfaces/_my_robot_interfaces_s.ep.rosidl_typesupport_introspection_c.c.o[0m
[2.645s] [ 98%] [32m[1mLinking C shared library rosidl_generator_py/my_robot_interfaces/my_robot_interfaces_s__rosidl_typesupport_introspection_c.cpython-310-x86_64-linux-gnu.so[0m
[2.645s] [ 98%] [32m[1mLinking C shared library rosidl_generator_py/my_robot_interfaces/my_robot_interfaces_s__rosidl_typesupport_c.cpython-310-x86_64-linux-gnu.so[0m
[2.645s] [100%] [32m[1mLinking C shared library rosidl_generator_py/my_robot_interfaces/my_robot_interfaces_s__rosidl_typesupport_fastrtps_c.cpython-310-x86_64-linux-gnu.so[0m
[2.665s] [100%] Built target my_robot_interfaces__rosidl_typesupport_introspection_c__pyext
[2.666s] [100%] Built target my_robot_interfaces__rosidl_typesupport_c__pyext
[2.666s] [100%] Built target my_robot_interfaces__rosidl_typesupport_fastrtps_c__pyext
[2.673s] Invoked command in '/home/cleanseasolutions/ros2_ws/build/my_robot_interfaces' returned '0': CMAKE_PREFIX_PATH=${CMAKE_PREFIX_PATH}:/home/cleanseasolutions/ros2_ws/install/my_py_pkg:/opt/ros/humble /usr/bin/cmake --build /home/cleanseasolutions/ros2_ws/build/my_robot_interfaces -- -j16 -l16
[2.758s] Invoking command in '/home/cleanseasolutions/ros2_ws/build/my_robot_interfaces': CMAKE_PREFIX_PATH=${CMAKE_PREFIX_PATH}:/home/cleanseasolutions/ros2_ws/install/my_py_pkg:/opt/ros/humble /usr/bin/cmake --install /home/cleanseasolutions/ros2_ws/build/my_robot_interfaces
[2.763s] -- Install configuration: ""
[2.763s] -- Installing: /home/cleanseasolutions/ros2_ws/install/my_robot_interfaces/share/ament_index/resource_index/rosidl_interfaces/my_robot_interfaces
[2.763s] -- Up-to-date: /home/cleanseasolutions/ros2_ws/install/my_robot_interfaces/include/my_robot_interfaces/my_robot_interfaces
[2.763s] -- Up-to-date: /home/cleanseasolutions/ros2_ws/install/my_robot_interfaces/include/my_robot_interfaces/my_robot_interfaces/msg
[2.763s] -- Installing: /home/cleanseasolutions/ros2_ws/install/my_robot_interfaces/include/my_robot_interfaces/my_robot_interfaces/msg/turtle.h
[2.763s] -- Installing: /home/cleanseasolutions/ros2_ws/install/my_robot_interfaces/include/my_robot_interfaces/my_robot_interfaces/msg/turtle_array.h
[2.764s] -- Up-to-date: /home/cleanseasolutions/ros2_ws/install/my_robot_interfaces/include/my_robot_interfaces/my_robot_interfaces/msg/detail
[2.764s] -- Installing: /home/cleanseasolutions/ros2_ws/install/my_robot_interfaces/include/my_robot_interfaces/my_robot_interfaces/msg/detail/turtle__functions.h
[2.764s] -- Installing: /home/cleanseasolutions/ros2_ws/install/my_robot_interfaces/include/my_robot_interfaces/my_robot_interfaces/msg/detail/turtle__struct.h
[2.764s] -- Installing: /home/cleanseasolutions/ros2_ws/install/my_robot_interfaces/include/my_robot_interfaces/my_robot_interfaces/msg/detail/led_status__struct.h
[2.764s] -- Installing: /home/cleanseasolutions/ros2_ws/install/my_robot_interfaces/include/my_robot_interfaces/my_robot_interfaces/msg/detail/led_status__functions.h
[2.764s] -- Installing: /home/cleanseasolutions/ros2_ws/install/my_robot_interfaces/include/my_robot_interfaces/my_robot_interfaces/msg/detail/turtle_array__type_support.h
[2.764s] -- Installing: /home/cleanseasolutions/ros2_ws/install/my_robot_interfaces/include/my_robot_interfaces/my_robot_interfaces/msg/detail/hardware_status__struct.h
[2.764s] -- Installing: /home/cleanseasolutions/ros2_ws/install/my_robot_interfaces/include/my_robot_interfaces/my_robot_interfaces/msg/detail/led_status__type_support.h
[2.764s] -- Installing: /home/cleanseasolutions/ros2_ws/install/my_robot_interfaces/include/my_robot_interfaces/my_robot_interfaces/msg/detail/turtle__functions.c
[2.764s] -- Installing: /home/cleanseasolutions/ros2_ws/install/my_robot_interfaces/include/my_robot_interfaces/my_robot_interfaces/msg/detail/turtle_array__functions.c
[2.764s] -- Installing: /home/cleanseasolutions/ros2_ws/install/my_robot_interfaces/include/my_robot_interfaces/my_robot_interfaces/msg/detail/turtle_array__functions.h
[2.764s] -- Installing: /home/cleanseasolutions/ros2_ws/install/my_robot_interfaces/include/my_robot_interfaces/my_robot_interfaces/msg/detail/led_status__functions.c
[2.764s] -- Installing: /home/cleanseasolutions/ros2_ws/install/my_robot_interfaces/include/my_robot_interfaces/my_robot_interfaces/msg/detail/hardware_status__functions.c
[2.765s] -- Installing: /home/cleanseasolutions/ros2_ws/install/my_robot_interfaces/include/my_robot_interfaces/my_robot_interfaces/msg/detail/turtle_array__struct.h
[2.765s] -- Installing: /home/cleanseasolutions/ros2_ws/install/my_robot_interfaces/include/my_robot_interfaces/my_robot_interfaces/msg/detail/hardware_status__type_support.h
[2.765s] -- Installing: /home/cleanseasolutions/ros2_ws/install/my_robot_interfaces/include/my_robot_interfaces/my_robot_interfaces/msg/detail/turtle__type_support.h
[2.765s] -- Installing: /home/cleanseasolutions/ros2_ws/install/my_robot_interfaces/include/my_robot_interfaces/my_robot_interfaces/msg/detail/hardware_status__functions.h
[2.765s] -- Up-to-date: /home/cleanseasolutions/ros2_ws/install/my_robot_interfaces/include/my_robot_interfaces/my_robot_interfaces/msg/rosidl_generator_c__visibility_control.h
[2.765s] -- Installing: /home/cleanseasolutions/ros2_ws/install/my_robot_interfaces/include/my_robot_interfaces/my_robot_interfaces/msg/led_status.h
[2.765s] -- Installing: /home/cleanseasolutions/ros2_ws/install/my_robot_interfaces/include/my_robot_interfaces/my_robot_interfaces/msg/hardware_status.h
[2.765s] -- Up-to-date: /home/cleanseasolutions/ros2_ws/install/my_robot_interfaces/include/my_robot_interfaces/my_robot_interfaces/srv
[2.765s] -- Up-to-date: /home/cleanseasolutions/ros2_ws/install/my_robot_interfaces/include/my_robot_interfaces/my_robot_interfaces/srv/detail
[2.765s] -- Installing: /home/cleanseasolutions/ros2_ws/install/my_robot_interfaces/include/my_robot_interfaces/my_robot_interfaces/srv/detail/set_led__functions.c
[2.765s] -- Installing: /home/cleanseasolutions/ros2_ws/install/my_robot_interfaces/include/my_robot_interfaces/my_robot_interfaces/srv/detail/compute_rectangle_area__functions.h
[2.765s] -- Installing: /home/cleanseasolutions/ros2_ws/install/my_robot_interfaces/include/my_robot_interfaces/my_robot_interfaces/srv/detail/compute_rectangle_area__functions.c
[2.765s] -- Installing: /home/cleanseasolutions/ros2_ws/install/my_robot_interfaces/include/my_robot_interfaces/my_robot_interfaces/srv/detail/compute_rectangle_area__type_support.h
[2.765s] -- Installing: /home/cleanseasolutions/ros2_ws/install/my_robot_interfaces/include/my_robot_interfaces/my_robot_interfaces/srv/detail/compute_rectangle_area__struct.h
[2.765s] -- Installing: /home/cleanseasolutions/ros2_ws/install/my_robot_interfaces/include/my_robot_interfaces/my_robot_interfaces/srv/detail/set_led__struct.h
[2.765s] -- Installing: /home/cleanseasolutions/ros2_ws/install/my_robot_interfaces/include/my_robot_interfaces/my_robot_interfaces/srv/detail/set_led__functions.h
[2.766s] -- Installing: /home/cleanseasolutions/ros2_ws/install/my_robot_interfaces/include/my_robot_interfaces/my_robot_interfaces/srv/detail/set_led__type_support.h
[2.766s] -- Installing: /home/cleanseasolutions/ros2_ws/install/my_robot_interfaces/include/my_robot_interfaces/my_robot_interfaces/srv/set_led.h
[2.766s] -- Installing: /home/cleanseasolutions/ros2_ws/install/my_robot_interfaces/include/my_robot_interfaces/my_robot_interfaces/srv/compute_rectangle_area.h
[2.766s] -- Up-to-date: /home/cleanseasolutions/ros2_ws/install/my_robot_interfaces/share/my_robot_interfaces/environment/library_path.sh
[2.766s] -- Installing: /home/cleanseasolutions/ros2_ws/install/my_robot_interfaces/share/my_robot_interfaces/environment/library_path.dsv
[2.766s] -- Installing: /home/cleanseasolutions/ros2_ws/install/my_robot_interfaces/lib/libmy_robot_interfaces__rosidl_generator_c.so
[2.766s] -- Set runtime path of "/home/cleanseasolutions/ros2_ws/install/my_robot_interfaces/lib/libmy_robot_interfaces__rosidl_generator_c.so" to ""
[2.766s] -- Up-to-date: /home/cleanseasolutions/ros2_ws/install/my_robot_interfaces/include/my_robot_interfaces/my_robot_interfaces
[2.766s] -- Up-to-date: /home/cleanseasolutions/ros2_ws/install/my_robot_interfaces/include/my_robot_interfaces/my_robot_interfaces/msg
[2.766s] -- Up-to-date: /home/cleanseasolutions/ros2_ws/install/my_robot_interfaces/include/my_robot_interfaces/my_robot_interfaces/msg/detail
[2.766s] -- Installing: /home/cleanseasolutions/ros2_ws/install/my_robot_interfaces/include/my_robot_interfaces/my_robot_interfaces/msg/detail/hardware_status__rosidl_typesupport_fastrtps_c.h
[2.766s] -- Installing: /home/cleanseasolutions/ros2_ws/install/my_robot_interfaces/include/my_robot_interfaces/my_robot_interfaces/msg/detail/turtle_array__rosidl_typesupport_fastrtps_c.h
[2.766s] -- Installing: /home/cleanseasolutions/ros2_ws/install/my_robot_interfaces/include/my_robot_interfaces/my_robot_interfaces/msg/detail/turtle__rosidl_typesupport_fastrtps_c.h
[2.766s] -- Installing: /home/cleanseasolutions/ros2_ws/install/my_robot_interfaces/include/my_robot_interfaces/my_robot_interfaces/msg/detail/led_status__rosidl_typesupport_fastrtps_c.h
[2.767s] -- Up-to-date: /home/cleanseasolutions/ros2_ws/install/my_robot_interfaces/include/my_robot_interfaces/my_robot_interfaces/msg/rosidl_typesupport_fastrtps_c__visibility_control.h
[2.767s] -- Up-to-date: /home/cleanseasolutions/ros2_ws/install/my_robot_interfaces/include/my_robot_interfaces/my_robot_interfaces/srv
[2.767s] -- Up-to-date: /home/cleanseasolutions/ros2_ws/install/my_robot_interfaces/include/my_robot_interfaces/my_robot_interfaces/srv/detail
[2.767s] -- Installing: /home/cleanseasolutions/ros2_ws/install/my_robot_interfaces/include/my_robot_interfaces/my_robot_interfaces/srv/detail/set_led__rosidl_typesupport_fastrtps_c.h
[2.767s] -- Installing: /home/cleanseasolutions/ros2_ws/install/my_robot_interfaces/include/my_robot_interfaces/my_robot_interfaces/srv/detail/compute_rectangle_area__rosidl_typesupport_fastrtps_c.h
[2.767s] -- Installing: /home/cleanseasolutions/ros2_ws/install/my_robot_interfaces/lib/libmy_robot_interfaces__rosidl_typesupport_fastrtps_c.so
[2.767s] -- Set runtime path of "/home/cleanseasolutions/ros2_ws/install/my_robot_interfaces/lib/libmy_robot_interfaces__rosidl_typesupport_fastrtps_c.so" to ""
[2.767s] -- Up-to-date: /home/cleanseasolutions/ros2_ws/install/my_robot_interfaces/include/my_robot_interfaces/my_robot_interfaces
[2.767s] -- Up-to-date: /home/cleanseasolutions/ros2_ws/install/my_robot_interfaces/include/my_robot_interfaces/my_robot_interfaces/msg
[2.767s] -- Up-to-date: /home/cleanseasolutions/ros2_ws/install/my_robot_interfaces/include/my_robot_interfaces/my_robot_interfaces/msg/detail
[2.767s] -- Installing: /home/cleanseasolutions/ros2_ws/install/my_robot_interfaces/include/my_robot_interfaces/my_robot_interfaces/msg/detail/led_status__rosidl_typesupport_introspection_c.h
[2.767s] -- Installing: /home/cleanseasolutions/ros2_ws/install/my_robot_interfaces/include/my_robot_interfaces/my_robot_interfaces/msg/detail/hardware_status__rosidl_typesupport_introspection_c.h
[2.767s] -- Installing: /home/cleanseasolutions/ros2_ws/install/my_robot_interfaces/include/my_robot_interfaces/my_robot_interfaces/msg/detail/turtle__rosidl_typesupport_introspection_c.h
[2.767s] -- Installing: /home/cleanseasolutions/ros2_ws/install/my_robot_interfaces/include/my_robot_interfaces/my_robot_interfaces/msg/detail/turtle__type_support.c
[2.768s] -- Installing: /home/cleanseasolutions/ros2_ws/install/my_robot_interfaces/include/my_robot_interfaces/my_robot_interfaces/msg/detail/hardware_status__type_support.c
[2.768s] -- Installing: /home/cleanseasolutions/ros2_ws/install/my_robot_interfaces/include/my_robot_interfaces/my_robot_interfaces/msg/detail/turtle_array__type_support.c
[2.768s] -- Installing: /home/cleanseasolutions/ros2_ws/install/my_robot_interfaces/include/my_robot_interfaces/my_robot_interfaces/msg/detail/turtle_array__rosidl_typesupport_introspection_c.h
[2.768s] -- Installing: /home/cleanseasolutions/ros2_ws/install/my_robot_interfaces/include/my_robot_interfaces/my_robot_interfaces/msg/detail/led_status__type_support.c
[2.768s] -- Up-to-date: /home/cleanseasolutions/ros2_ws/install/my_robot_interfaces/include/my_robot_interfaces/my_robot_interfaces/msg/rosidl_typesupport_introspection_c__visibility_control.h
[2.768s] -- Up-to-date: /home/cleanseasolutions/ros2_ws/install/my_robot_interfaces/include/my_robot_interfaces/my_robot_interfaces/srv
[2.768s] -- Up-to-date: /home/cleanseasolutions/ros2_ws/install/my_robot_interfaces/include/my_robot_interfaces/my_robot_interfaces/srv/detail
[2.768s] -- Installing: /home/cleanseasolutions/ros2_ws/install/my_robot_interfaces/include/my_robot_interfaces/my_robot_interfaces/srv/detail/compute_rectangle_area__rosidl_typesupport_introspection_c.h
[2.768s] -- Installing: /home/cleanseasolutions/ros2_ws/install/my_robot_interfaces/include/my_robot_interfaces/my_robot_interfaces/srv/detail/compute_rectangle_area__type_support.c
[2.768s] -- Installing: /home/cleanseasolutions/ros2_ws/install/my_robot_interfaces/include/my_robot_interfaces/my_robot_interfaces/srv/detail/set_led__rosidl_typesupport_introspection_c.h
[2.768s] -- Installing: /home/cleanseasolutions/ros2_ws/install/my_robot_interfaces/include/my_robot_interfaces/my_robot_interfaces/srv/detail/set_led__type_support.c
[2.768s] -- Installing: /home/cleanseasolutions/ros2_ws/install/my_robot_interfaces/lib/libmy_robot_interfaces__rosidl_typesupport_introspection_c.so
[2.768s] -- Set runtime path of "/home/cleanseasolutions/ros2_ws/install/my_robot_interfaces/lib/libmy_robot_interfaces__rosidl_typesupport_introspection_c.so" to ""
[2.768s] -- Installing: /home/cleanseasolutions/ros2_ws/install/my_robot_interfaces/lib/libmy_robot_interfaces__rosidl_typesupport_c.so
[2.768s] -- Set runtime path of "/home/cleanseasolutions/ros2_ws/install/my_robot_interfaces/lib/libmy_robot_interfaces__rosidl_typesupport_c.so" to ""
[2.768s] -- Up-to-date: /home/cleanseasolutions/ros2_ws/install/my_robot_interfaces/include/my_robot_interfaces/my_robot_interfaces
[2.768s] -- Up-to-date: /home/cleanseasolutions/ros2_ws/install/my_robot_interfaces/include/my_robot_interfaces/my_robot_interfaces/msg
[2.769s] -- Installing: /home/cleanseasolutions/ros2_ws/install/my_robot_interfaces/include/my_robot_interfaces/my_robot_interfaces/msg/led_status.hpp
[2.769s] -- Up-to-date: /home/cleanseasolutions/ros2_ws/install/my_robot_interfaces/include/my_robot_interfaces/my_robot_interfaces/msg/detail
[2.769s] -- Installing: /home/cleanseasolutions/ros2_ws/install/my_robot_interfaces/include/my_robot_interfaces/my_robot_interfaces/msg/detail/turtle_array__traits.hpp
[2.769s] -- Installing: /home/cleanseasolutions/ros2_ws/install/my_robot_interfaces/include/my_robot_interfaces/my_robot_interfaces/msg/detail/led_status__struct.hpp
[2.769s] -- Installing: /home/cleanseasolutions/ros2_ws/install/my_robot_interfaces/include/my_robot_interfaces/my_robot_interfaces/msg/detail/turtle_array__builder.hpp
[2.769s] -- Installing: /home/cleanseasolutions/ros2_ws/install/my_robot_interfaces/include/my_robot_interfaces/my_robot_interfaces/msg/detail/turtle__struct.hpp
[2.769s] -- Installing: /home/cleanseasolutions/ros2_ws/install/my_robot_interfaces/include/my_robot_interfaces/my_robot_interfaces/msg/detail/hardware_status__struct.hpp
[2.769s] -- Installing: /home/cleanseasolutions/ros2_ws/install/my_robot_interfaces/include/my_robot_interfaces/my_robot_interfaces/msg/detail/turtle_array__struct.hpp
[2.769s] -- Installing: /home/cleanseasolutions/ros2_ws/install/my_robot_interfaces/include/my_robot_interfaces/my_robot_interfaces/msg/detail/turtle__traits.hpp
[2.769s] -- Installing: /home/cleanseasolutions/ros2_ws/install/my_robot_interfaces/include/my_robot_interfaces/my_robot_interfaces/msg/detail/hardware_status__builder.hpp
[2.769s] -- Installing: /home/cleanseasolutions/ros2_ws/install/my_robot_interfaces/include/my_robot_interfaces/my_robot_interfaces/msg/detail/led_status__traits.hpp
[2.769s] -- Installing: /home/cleanseasolutions/ros2_ws/install/my_robot_interfaces/include/my_robot_interfaces/my_robot_interfaces/msg/detail/hardware_status__traits.hpp
[2.769s] -- Installing: /home/cleanseasolutions/ros2_ws/install/my_robot_interfaces/include/my_robot_interfaces/my_robot_interfaces/msg/detail/led_status__builder.hpp
[2.769s] -- Installing: /home/cleanseasolutions/ros2_ws/install/my_robot_interfaces/include/my_robot_interfaces/my_robot_interfaces/msg/detail/turtle__builder.hpp
[2.770s] -- Installing: /home/cleanseasolutions/ros2_ws/install/my_robot_interfaces/include/my_robot_interfaces/my_robot_interfaces/msg/turtle.hpp
[2.770s] -- Installing: /home/cleanseasolutions/ros2_ws/install/my_robot_interfaces/include/my_robot_interfaces/my_robot_interfaces/msg/hardware_status.hpp
[2.770s] -- Installing: /home/cleanseasolutions/ros2_ws/install/my_robot_interfaces/include/my_robot_interfaces/my_robot_interfaces/msg/turtle_array.hpp
[2.770s] -- Up-to-date: /home/cleanseasolutions/ros2_ws/install/my_robot_interfaces/include/my_robot_interfaces/my_robot_interfaces/srv
[2.770s] -- Up-to-date: /home/cleanseasolutions/ros2_ws/install/my_robot_interfaces/include/my_robot_interfaces/my_robot_interfaces/srv/detail
[2.770s] -- Installing: /home/cleanseasolutions/ros2_ws/install/my_robot_interfaces/include/my_robot_interfaces/my_robot_interfaces/srv/detail/compute_rectangle_area__struct.hpp
[2.770s] -- Installing: /home/cleanseasolutions/ros2_ws/install/my_robot_interfaces/include/my_robot_interfaces/my_robot_interfaces/srv/detail/set_led__struct.hpp
[2.770s] -- Installing: /home/cleanseasolutions/ros2_ws/install/my_robot_interfaces/include/my_robot_interfaces/my_robot_interfaces/srv/detail/compute_rectangle_area__builder.hpp
[2.770s] -- Installing: /home/cleanseasolutions/ros2_ws/install/my_robot_interfaces/include/my_robot_interfaces/my_robot_interfaces/srv/detail/set_led__traits.hpp
[2.770s] -- Installing: /home/cleanseasolutions/ros2_ws/install/my_robot_interfaces/include/my_robot_interfaces/my_robot_interfaces/srv/detail/set_led__builder.hpp
[2.770s] -- Installing: /home/cleanseasolutions/ros2_ws/install/my_robot_interfaces/include/my_robot_interfaces/my_robot_interfaces/srv/detail/compute_rectangle_area__traits.hpp
[2.770s] -- Installing: /home/cleanseasolutions/ros2_ws/install/my_robot_interfaces/include/my_robot_interfaces/my_robot_interfaces/srv/compute_rectangle_area.hpp
[2.770s] -- Installing: /home/cleanseasolutions/ros2_ws/install/my_robot_interfaces/include/my_robot_interfaces/my_robot_interfaces/srv/set_led.hpp
[2.770s] -- Up-to-date: /home/cleanseasolutions/ros2_ws/install/my_robot_interfaces/include/my_robot_interfaces/my_robot_interfaces
[2.770s] -- Up-to-date: /home/cleanseasolutions/ros2_ws/install/my_robot_interfaces/include/my_robot_interfaces/my_robot_interfaces/msg
[2.770s] -- Up-to-date: /home/cleanseasolutions/ros2_ws/install/my_robot_interfaces/include/my_robot_interfaces/my_robot_interfaces/msg/detail
[2.771s] -- Installing: /home/cleanseasolutions/ros2_ws/install/my_robot_interfaces/include/my_robot_interfaces/my_robot_interfaces/msg/detail/turtle_array__rosidl_typesupport_fastrtps_cpp.hpp
[2.771s] -- Installing: /home/cleanseasolutions/ros2_ws/install/my_robot_interfaces/include/my_robot_interfaces/my_robot_interfaces/msg/detail/turtle__rosidl_typesupport_fastrtps_cpp.hpp
[2.771s] -- Installing: /home/cleanseasolutions/ros2_ws/install/my_robot_interfaces/include/my_robot_interfaces/my_robot_interfaces/msg/detail/led_status__rosidl_typesupport_fastrtps_cpp.hpp
[2.771s] -- Up-to-date: /home/cleanseasolutions/ros2_ws/install/my_robot_interfaces/include/my_robot_interfaces/my_robot_interfaces/msg/detail/dds_fastrtps
[2.771s] -- Installing: /home/cleanseasolutions/ros2_ws/install/my_robot_interfaces/include/my_robot_interfaces/my_robot_interfaces/msg/detail/hardware_status__rosidl_typesupport_fastrtps_cpp.hpp
[2.771s] -- Up-to-date: /home/cleanseasolutions/ros2_ws/install/my_robot_interfaces/include/my_robot_interfaces/my_robot_interfaces/msg/rosidl_typesupport_fastrtps_cpp__visibility_control.h
[2.771s] -- Up-to-date: /home/cleanseasolutions/ros2_ws/install/my_robot_interfaces/include/my_robot_interfaces/my_robot_interfaces/srv
[2.771s] -- Up-to-date: /home/cleanseasolutions/ros2_ws/install/my_robot_interfaces/include/my_robot_interfaces/my_robot_interfaces/srv/detail
[2.771s] -- Installing: /home/cleanseasolutions/ros2_ws/install/my_robot_interfaces/include/my_robot_interfaces/my_robot_interfaces/srv/detail/compute_rectangle_area__rosidl_typesupport_fastrtps_cpp.hpp
[2.771s] -- Up-to-date: /home/cleanseasolutions/ros2_ws/install/my_robot_interfaces/include/my_robot_interfaces/my_robot_interfaces/srv/detail/dds_fastrtps
[2.771s] -- Installing: /home/cleanseasolutions/ros2_ws/install/my_robot_interfaces/include/my_robot_interfaces/my_robot_interfaces/srv/detail/set_led__rosidl_typesupport_fastrtps_cpp.hpp
[2.772s] -- Installing: /home/cleanseasolutions/ros2_ws/install/my_robot_interfaces/lib/libmy_robot_interfaces__rosidl_typesupport_fastrtps_cpp.so
[2.772s] -- Set runtime path of "/home/cleanseasolutions/ros2_ws/install/my_robot_interfaces/lib/libmy_robot_interfaces__rosidl_typesupport_fastrtps_cpp.so" to ""
[2.772s] -- Up-to-date: /home/cleanseasolutions/ros2_ws/install/my_robot_interfaces/include/my_robot_interfaces/my_robot_interfaces
[2.772s] -- Up-to-date: /home/cleanseasolutions/ros2_ws/install/my_robot_interfaces/include/my_robot_interfaces/my_robot_interfaces/msg
[2.772s] -- Up-to-date: /home/cleanseasolutions/ros2_ws/install/my_robot_interfaces/include/my_robot_interfaces/my_robot_interfaces/msg/detail
[2.772s] -- Installing: /home/cleanseasolutions/ros2_ws/install/my_robot_interfaces/include/my_robot_interfaces/my_robot_interfaces/msg/detail/led_status__type_support.cpp
[2.772s] -- Installing: /home/cleanseasolutions/ros2_ws/install/my_robot_interfaces/include/my_robot_interfaces/my_robot_interfaces/msg/detail/hardware_status__type_support.cpp
[2.772s] -- Installing: /home/cleanseasolutions/ros2_ws/install/my_robot_interfaces/include/my_robot_interfaces/my_robot_interfaces/msg/detail/hardware_status__rosidl_typesupport_introspection_cpp.hpp
[2.772s] -- Installing: /home/cleanseasolutions/ros2_ws/install/my_robot_interfaces/include/my_robot_interfaces/my_robot_interfaces/msg/detail/turtle_array__type_support.cpp
[2.772s] -- Installing: /home/cleanseasolutions/ros2_ws/install/my_robot_interfaces/include/my_robot_interfaces/my_robot_interfaces/msg/detail/turtle__rosidl_typesupport_introspection_cpp.hpp
[2.772s] -- Installing: /home/cleanseasolutions/ros2_ws/install/my_robot_interfaces/include/my_robot_interfaces/my_robot_interfaces/msg/detail/turtle__type_support.cpp
[2.772s] -- Installing: /home/cleanseasolutions/ros2_ws/install/my_robot_interfaces/include/my_robot_interfaces/my_robot_interfaces/msg/detail/turtle_array__rosidl_typesupport_introspection_cpp.hpp
[2.772s] -- Installing: /home/cleanseasolutions/ros2_ws/install/my_robot_interfaces/include/my_robot_interfaces/my_robot_interfaces/msg/detail/led_status__rosidl_typesupport_introspection_cpp.hpp
[2.772s] -- Up-to-date: /home/cleanseasolutions/ros2_ws/install/my_robot_interfaces/include/my_robot_interfaces/my_robot_interfaces/srv
[2.772s] -- Up-to-date: /home/cleanseasolutions/ros2_ws/install/my_robot_interfaces/include/my_robot_interfaces/my_robot_interfaces/srv/detail
[2.772s] -- Installing: /home/cleanseasolutions/ros2_ws/install/my_robot_interfaces/include/my_robot_interfaces/my_robot_interfaces/srv/detail/set_led__type_support.cpp
[2.772s] -- Installing: /home/cleanseasolutions/ros2_ws/install/my_robot_interfaces/include/my_robot_interfaces/my_robot_interfaces/srv/detail/set_led__rosidl_typesupport_introspection_cpp.hpp
[2.772s] -- Installing: /home/cleanseasolutions/ros2_ws/install/my_robot_interfaces/include/my_robot_interfaces/my_robot_interfaces/srv/detail/compute_rectangle_area__rosidl_typesupport_introspection_cpp.hpp
[2.772s] -- Installing: /home/cleanseasolutions/ros2_ws/install/my_robot_interfaces/include/my_robot_interfaces/my_robot_interfaces/srv/detail/compute_rectangle_area__type_support.cpp
[2.772s] -- Installing: /home/cleanseasolutions/ros2_ws/install/my_robot_interfaces/lib/libmy_robot_interfaces__rosidl_typesupport_introspection_cpp.so
[2.772s] -- Set runtime path of "/home/cleanseasolutions/ros2_ws/install/my_robot_interfaces/lib/libmy_robot_interfaces__rosidl_typesupport_introspection_cpp.so" to ""
[2.772s] -- Installing: /home/cleanseasolutions/ros2_ws/install/my_robot_interfaces/lib/libmy_robot_interfaces__rosidl_typesupport_cpp.so
[2.772s] -- Set runtime path of "/home/cleanseasolutions/ros2_ws/install/my_robot_interfaces/lib/libmy_robot_interfaces__rosidl_typesupport_cpp.so" to ""
[2.772s] -- Up-to-date: /home/cleanseasolutions/ros2_ws/install/my_robot_interfaces/share/my_robot_interfaces/environment/pythonpath.sh
[2.772s] -- Installing: /home/cleanseasolutions/ros2_ws/install/my_robot_interfaces/share/my_robot_interfaces/environment/pythonpath.dsv
[2.772s] -- Up-to-date: /home/cleanseasolutions/ros2_ws/install/my_robot_interfaces/local/lib/python3.10/dist-packages/my_robot_interfaces-0.0.0-py3.10.egg-info
[2.772s] -- Installing: /home/cleanseasolutions/ros2_ws/install/my_robot_interfaces/local/lib/python3.10/dist-packages/my_robot_interfaces-0.0.0-py3.10.egg-info/PKG-INFO
[2.772s] -- Installing: /home/cleanseasolutions/ros2_ws/install/my_robot_interfaces/local/lib/python3.10/dist-packages/my_robot_interfaces-0.0.0-py3.10.egg-info/top_level.txt
[2.772s] -- Installing: /home/cleanseasolutions/ros2_ws/install/my_robot_interfaces/local/lib/python3.10/dist-packages/my_robot_interfaces-0.0.0-py3.10.egg-info/SOURCES.txt
[2.772s] -- Installing: /home/cleanseasolutions/ros2_ws/install/my_robot_interfaces/local/lib/python3.10/dist-packages/my_robot_interfaces-0.0.0-py3.10.egg-info/dependency_links.txt
[2.772s] -- Up-to-date: /home/cleanseasolutions/ros2_ws/install/my_robot_interfaces/local/lib/python3.10/dist-packages/my_robot_interfaces
[2.772s] -- Installing: /home/cleanseasolutions/ros2_ws/install/my_robot_interfaces/local/lib/python3.10/dist-packages/my_robot_interfaces/my_robot_interfaces_s__rosidl_typesupport_fastrtps_c.cpython-310-x86_64-linux-gnu.so
[2.772s] -- Up-to-date: /home/cleanseasolutions/ros2_ws/install/my_robot_interfaces/local/lib/python3.10/dist-packages/my_robot_interfaces/msg
[2.772s] -- Installing: /home/cleanseasolutions/ros2_ws/install/my_robot_interfaces/local/lib/python3.10/dist-packages/my_robot_interfaces/msg/_turtle_array_s.c
[2.772s] -- Installing: /home/cleanseasolutions/ros2_ws/install/my_robot_interfaces/local/lib/python3.10/dist-packages/my_robot_interfaces/msg/_hardware_status.py
[2.773s] -- Installing: /home/cleanseasolutions/ros2_ws/install/my_robot_interfaces/local/lib/python3.10/dist-packages/my_robot_interfaces/msg/_led_status.py
[2.773s] -- Installing: /home/cleanseasolutions/ros2_ws/install/my_robot_interfaces/local/lib/python3.10/dist-packages/my_robot_interfaces/msg/_turtle_array.py
[2.773s] -- Installing: /home/cleanseasolutions/ros2_ws/install/my_robot_interfaces/local/lib/python3.10/dist-packages/my_robot_interfaces/msg/__init__.py
[2.773s] -- Installing: /home/cleanseasolutions/ros2_ws/install/my_robot_interfaces/local/lib/python3.10/dist-packages/my_robot_interfaces/msg/_led_status_s.c
[2.773s] -- Installing: /home/cleanseasolutions/ros2_ws/install/my_robot_interfaces/local/lib/python3.10/dist-packages/my_robot_interfaces/msg/_hardware_status_s.c
[2.773s] -- Installing: /home/cleanseasolutions/ros2_ws/install/my_robot_interfaces/local/lib/python3.10/dist-packages/my_robot_interfaces/msg/_turtle.py
[2.773s] -- Installing: /home/cleanseasolutions/ros2_ws/install/my_robot_interfaces/local/lib/python3.10/dist-packages/my_robot_interfaces/msg/_turtle_s.c
[2.773s] -- Installing: /home/cleanseasolutions/ros2_ws/install/my_robot_interfaces/local/lib/python3.10/dist-packages/my_robot_interfaces/_my_robot_interfaces_s.ep.rosidl_typesupport_fastrtps_c.c
[2.773s] -- Installing: /home/cleanseasolutions/ros2_ws/install/my_robot_interfaces/local/lib/python3.10/dist-packages/my_robot_interfaces/my_robot_interfaces_s__rosidl_typesupport_c.cpython-310-x86_64-linux-gnu.so
[2.773s] -- Installing: /home/cleanseasolutions/ros2_ws/install/my_robot_interfaces/local/lib/python3.10/dist-packages/my_robot_interfaces/__init__.py
[2.773s] -- Installing: /home/cleanseasolutions/ros2_ws/install/my_robot_interfaces/local/lib/python3.10/dist-packages/my_robot_interfaces/_my_robot_interfaces_s.ep.rosidl_typesupport_c.c
[2.773s] -- Installing: /home/cleanseasolutions/ros2_ws/install/my_robot_interfaces/local/lib/python3.10/dist-packages/my_robot_interfaces/my_robot_interfaces_s__rosidl_typesupport_introspection_c.cpython-310-x86_64-linux-gnu.so
[2.773s] -- Installing: /home/cleanseasolutions/ros2_ws/install/my_robot_interfaces/local/lib/python3.10/dist-packages/my_robot_interfaces/_my_robot_interfaces_s.ep.rosidl_typesupport_introspection_c.c
[2.773s] -- Installing: /home/cleanseasolutions/ros2_ws/install/my_robot_interfaces/local/lib/python3.10/dist-packages/my_robot_interfaces/libmy_robot_interfaces__rosidl_generator_py.so
[2.773s] -- Up-to-date: /home/cleanseasolutions/ros2_ws/install/my_robot_interfaces/local/lib/python3.10/dist-packages/my_robot_interfaces/srv
[2.773s] -- Installing: /home/cleanseasolutions/ros2_ws/install/my_robot_interfaces/local/lib/python3.10/dist-packages/my_robot_interfaces/srv/__init__.py
[2.773s] -- Installing: /home/cleanseasolutions/ros2_ws/install/my_robot_interfaces/local/lib/python3.10/dist-packages/my_robot_interfaces/srv/_set_led_s.c
[2.773s] -- Installing: /home/cleanseasolutions/ros2_ws/install/my_robot_interfaces/local/lib/python3.10/dist-packages/my_robot_interfaces/srv/_set_led.py
[2.773s] -- Installing: /home/cleanseasolutions/ros2_ws/install/my_robot_interfaces/local/lib/python3.10/dist-packages/my_robot_interfaces/srv/_compute_rectangle_area_s.c
[2.773s] -- Installing: /home/cleanseasolutions/ros2_ws/install/my_robot_interfaces/local/lib/python3.10/dist-packages/my_robot_interfaces/srv/_compute_rectangle_area.py
[2.794s] Listing '/home/cleanseasolutions/ros2_ws/install/my_robot_interfaces/local/lib/python3.10/dist-packages/my_robot_interfaces'...
[2.794s] Compiling '/home/cleanseasolutions/ros2_ws/install/my_robot_interfaces/local/lib/python3.10/dist-packages/my_robot_interfaces/__init__.py'...
[2.794s] Listing '/home/cleanseasolutions/ros2_ws/install/my_robot_interfaces/local/lib/python3.10/dist-packages/my_robot_interfaces/msg'...
[2.794s] Compiling '/home/cleanseasolutions/ros2_ws/install/my_robot_interfaces/local/lib/python3.10/dist-packages/my_robot_interfaces/msg/__init__.py'...
[2.794s] Compiling '/home/cleanseasolutions/ros2_ws/install/my_robot_interfaces/local/lib/python3.10/dist-packages/my_robot_interfaces/msg/_hardware_status.py'...
[2.794s] Compiling '/home/cleanseasolutions/ros2_ws/install/my_robot_interfaces/local/lib/python3.10/dist-packages/my_robot_interfaces/msg/_led_status.py'...
[2.794s] Compiling '/home/cleanseasolutions/ros2_ws/install/my_robot_interfaces/local/lib/python3.10/dist-packages/my_robot_interfaces/msg/_turtle.py'...
[2.794s] Compiling '/home/cleanseasolutions/ros2_ws/install/my_robot_interfaces/local/lib/python3.10/dist-packages/my_robot_interfaces/msg/_turtle_array.py'...
[2.794s] Listing '/home/cleanseasolutions/ros2_ws/install/my_robot_interfaces/local/lib/python3.10/dist-packages/my_robot_interfaces/srv'...
[2.794s] Compiling '/home/cleanseasolutions/ros2_ws/install/my_robot_interfaces/local/lib/python3.10/dist-packages/my_robot_interfaces/srv/__init__.py'...
[2.794s] Compiling '/home/cleanseasolutions/ros2_ws/install/my_robot_interfaces/local/lib/python3.10/dist-packages/my_robot_interfaces/srv/_compute_rectangle_area.py'...
[2.794s] Compiling '/home/cleanseasolutions/ros2_ws/install/my_robot_interfaces/local/lib/python3.10/dist-packages/my_robot_interfaces/srv/_set_led.py'...
[2.797s] -- Installing: /home/cleanseasolutions/ros2_ws/install/my_robot_interfaces/local/lib/python3.10/dist-packages/my_robot_interfaces/my_robot_interfaces_s__rosidl_typesupport_fastrtps_c.cpython-310-x86_64-linux-gnu.so
[2.797s] -- Set runtime path of "/home/cleanseasolutions/ros2_ws/install/my_robot_interfaces/local/lib/python3.10/dist-packages/my_robot_interfaces/my_robot_interfaces_s__rosidl_typesupport_fastrtps_c.cpython-310-x86_64-linux-gnu.so" to ""
[2.797s] -- Installing: /home/cleanseasolutions/ros2_ws/install/my_robot_interfaces/local/lib/python3.10/dist-packages/my_robot_interfaces/my_robot_interfaces_s__rosidl_typesupport_introspection_c.cpython-310-x86_64-linux-gnu.so
[2.797s] -- Set runtime path of "/home/cleanseasolutions/ros2_ws/install/my_robot_interfaces/local/lib/python3.10/dist-packages/my_robot_interfaces/my_robot_interfaces_s__rosidl_typesupport_introspection_c.cpython-310-x86_64-linux-gnu.so" to ""
[2.797s] -- Installing: /home/cleanseasolutions/ros2_ws/install/my_robot_interfaces/local/lib/python3.10/dist-packages/my_robot_interfaces/my_robot_interfaces_s__rosidl_typesupport_c.cpython-310-x86_64-linux-gnu.so
[2.797s] -- Set runtime path of "/home/cleanseasolutions/ros2_ws/install/my_robot_interfaces/local/lib/python3.10/dist-packages/my_robot_interfaces/my_robot_interfaces_s__rosidl_typesupport_c.cpython-310-x86_64-linux-gnu.so" to ""
[2.798s] -- Installing: /home/cleanseasolutions/ros2_ws/install/my_robot_interfaces/lib/libmy_robot_interfaces__rosidl_generator_py.so
[2.798s] -- Set runtime path of "/home/cleanseasolutions/ros2_ws/install/my_robot_interfaces/lib/libmy_robot_interfaces__rosidl_generator_py.so" to ""
[2.798s] -- Up-to-date: /home/cleanseasolutions/ros2_ws/install/my_robot_interfaces/share/my_robot_interfaces/msg/HardwareStatus.idl
[2.798s] -- Up-to-date: /home/cleanseasolutions/ros2_ws/install/my_robot_interfaces/share/my_robot_interfaces/msg/LedStatus.idl
[2.798s] -- Installing: /home/cleanseasolutions/ros2_ws/install/my_robot_interfaces/share/my_robot_interfaces/msg/Turtle.idl
[2.798s] -- Installing: /home/cleanseasolutions/ros2_ws/install/my_robot_interfaces/share/my_robot_interfaces/msg/TurtleArray.idl
[2.798s] -- Up-to-date: /home/cleanseasolutions/ros2_ws/install/my_robot_interfaces/share/my_robot_interfaces/srv/ComputeRectangleArea.idl
[2.798s] -- Up-to-date: /home/cleanseasolutions/ros2_ws/install/my_robot_interfaces/share/my_robot_interfaces/srv/SetLed.idl
[2.798s] -- Up-to-date: /home/cleanseasolutions/ros2_ws/install/my_robot_interfaces/share/my_robot_interfaces/msg/HardwareStatus.msg
[2.798s] -- Up-to-date: /home/cleanseasolutions/ros2_ws/install/my_robot_interfaces/share/my_robot_interfaces/msg/LedStatus.msg
[2.798s] -- Installing: /home/cleanseasolutions/ros2_ws/install/my_robot_interfaces/share/my_robot_interfaces/msg/Turtle.msg
[2.798s] -- Installing: /home/cleanseasolutions/ros2_ws/install/my_robot_interfaces/share/my_robot_interfaces/msg/TurtleArray.msg
[2.798s] -- Up-to-date: /home/cleanseasolutions/ros2_ws/install/my_robot_interfaces/share/my_robot_interfaces/srv/ComputeRectangleArea.srv
[2.798s] -- Up-to-date: /home/cleanseasolutions/ros2_ws/install/my_robot_interfaces/share/my_robot_interfaces/srv/ComputeRectangleArea_Request.msg
[2.798s] -- Up-to-date: /home/cleanseasolutions/ros2_ws/install/my_robot_interfaces/share/my_robot_interfaces/srv/ComputeRectangleArea_Response.msg
[2.798s] -- Up-to-date: /home/cleanseasolutions/ros2_ws/install/my_robot_interfaces/share/my_robot_interfaces/srv/SetLed.srv
[2.798s] -- Up-to-date: /home/cleanseasolutions/ros2_ws/install/my_robot_interfaces/share/my_robot_interfaces/srv/SetLed_Request.msg
[2.798s] -- Up-to-date: /home/cleanseasolutions/ros2_ws/install/my_robot_interfaces/share/my_robot_interfaces/srv/SetLed_Response.msg
[2.798s] -- Up-to-date: /home/cleanseasolutions/ros2_ws/install/my_robot_interfaces/share/ament_index/resource_index/package_run_dependencies/my_robot_interfaces
[2.798s] -- Installing: /home/cleanseasolutions/ros2_ws/install/my_robot_interfaces/share/ament_index/resource_index/parent_prefix_path/my_robot_interfaces
[2.799s] -- Up-to-date: /home/cleanseasolutions/ros2_ws/install/my_robot_interfaces/share/my_robot_interfaces/environment/ament_prefix_path.sh
[2.799s] -- Installing: /home/cleanseasolutions/ros2_ws/install/my_robot_interfaces/share/my_robot_interfaces/environment/ament_prefix_path.dsv
[2.799s] -- Up-to-date: /home/cleanseasolutions/ros2_ws/install/my_robot_interfaces/share/my_robot_interfaces/environment/path.sh
[2.799s] -- Installing: /home/cleanseasolutions/ros2_ws/install/my_robot_interfaces/share/my_robot_interfaces/environment/path.dsv
[2.799s] -- Up-to-date: /home/cleanseasolutions/ros2_ws/install/my_robot_interfaces/share/my_robot_interfaces/local_setup.bash
[2.799s] -- Up-to-date: /home/cleanseasolutions/ros2_ws/install/my_robot_interfaces/share/my_robot_interfaces/local_setup.sh
[2.799s] -- Up-to-date: /home/cleanseasolutions/ros2_ws/install/my_robot_interfaces/share/my_robot_interfaces/local_setup.zsh
[2.799s] -- Installing: /home/cleanseasolutions/ros2_ws/install/my_robot_interfaces/share/my_robot_interfaces/local_setup.dsv
[2.799s] -- Installing: /home/cleanseasolutions/ros2_ws/install/my_robot_interfaces/share/my_robot_interfaces/package.dsv
[2.799s] -- Up-to-date: /home/cleanseasolutions/ros2_ws/install/my_robot_interfaces/share/ament_index/resource_index/packages/my_robot_interfaces
[2.799s] -- Up-to-date: /home/cleanseasolutions/ros2_ws/install/my_robot_interfaces/share/my_robot_interfaces/cmake/export_my_robot_interfaces__rosidl_generator_cExport.cmake
[2.799s] -- Up-to-date: /home/cleanseasolutions/ros2_ws/install/my_robot_interfaces/share/my_robot_interfaces/cmake/export_my_robot_interfaces__rosidl_generator_cExport-noconfig.cmake
[2.799s] -- Up-to-date: /home/cleanseasolutions/ros2_ws/install/my_robot_interfaces/share/my_robot_interfaces/cmake/export_my_robot_interfaces__rosidl_typesupport_fastrtps_cExport.cmake
[2.799s] -- Up-to-date: /home/cleanseasolutions/ros2_ws/install/my_robot_interfaces/share/my_robot_interfaces/cmake/export_my_robot_interfaces__rosidl_typesupport_fastrtps_cExport-noconfig.cmake
[2.799s] -- Up-to-date: /home/cleanseasolutions/ros2_ws/install/my_robot_interfaces/share/my_robot_interfaces/cmake/my_robot_interfaces__rosidl_typesupport_introspection_cExport.cmake
[2.799s] -- Up-to-date: /home/cleanseasolutions/ros2_ws/install/my_robot_interfaces/share/my_robot_interfaces/cmake/my_robot_interfaces__rosidl_typesupport_introspection_cExport-noconfig.cmake
[2.799s] -- Up-to-date: /home/cleanseasolutions/ros2_ws/install/my_robot_interfaces/share/my_robot_interfaces/cmake/my_robot_interfaces__rosidl_typesupport_cExport.cmake
[2.799s] -- Up-to-date: /home/cleanseasolutions/ros2_ws/install/my_robot_interfaces/share/my_robot_interfaces/cmake/my_robot_interfaces__rosidl_typesupport_cExport-noconfig.cmake
[2.799s] -- Up-to-date: /home/cleanseasolutions/ros2_ws/install/my_robot_interfaces/share/my_robot_interfaces/cmake/export_my_robot_interfaces__rosidl_generator_cppExport.cmake
[2.799s] -- Up-to-date: /home/cleanseasolutions/ros2_ws/install/my_robot_interfaces/share/my_robot_interfaces/cmake/export_my_robot_interfaces__rosidl_typesupport_fastrtps_cppExport.cmake
[2.800s] -- Up-to-date: /home/cleanseasolutions/ros2_ws/install/my_robot_interfaces/share/my_robot_interfaces/cmake/export_my_robot_interfaces__rosidl_typesupport_fastrtps_cppExport-noconfig.cmake
[2.800s] -- Up-to-date: /home/cleanseasolutions/ros2_ws/install/my_robot_interfaces/share/my_robot_interfaces/cmake/my_robot_interfaces__rosidl_typesupport_introspection_cppExport.cmake
[2.800s] -- Up-to-date: /home/cleanseasolutions/ros2_ws/install/my_robot_interfaces/share/my_robot_interfaces/cmake/my_robot_interfaces__rosidl_typesupport_introspection_cppExport-noconfig.cmake
[2.800s] -- Up-to-date: /home/cleanseasolutions/ros2_ws/install/my_robot_interfaces/share/my_robot_interfaces/cmake/my_robot_interfaces__rosidl_typesupport_cppExport.cmake
[2.800s] -- Up-to-date: /home/cleanseasolutions/ros2_ws/install/my_robot_interfaces/share/my_robot_interfaces/cmake/my_robot_interfaces__rosidl_typesupport_cppExport-noconfig.cmake
[2.800s] -- Up-to-date: /home/cleanseasolutions/ros2_ws/install/my_robot_interfaces/share/my_robot_interfaces/cmake/export_my_robot_interfaces__rosidl_generator_pyExport.cmake
[2.800s] -- Up-to-date: /home/cleanseasolutions/ros2_ws/install/my_robot_interfaces/share/my_robot_interfaces/cmake/export_my_robot_interfaces__rosidl_generator_pyExport-noconfig.cmake
[2.800s] -- Installing: /home/cleanseasolutions/ros2_ws/install/my_robot_interfaces/share/my_robot_interfaces/cmake/rosidl_cmake-extras.cmake
[2.800s] -- Up-to-date: /home/cleanseasolutions/ros2_ws/install/my_robot_interfaces/share/my_robot_interfaces/cmake/ament_cmake_export_include_directories-extras.cmake
[2.800s] -- Up-to-date: /home/cleanseasolutions/ros2_ws/install/my_robot_interfaces/share/my_robot_interfaces/cmake/ament_cmake_export_libraries-extras.cmake
[2.800s] -- Up-to-date: /home/cleanseasolutions/ros2_ws/install/my_robot_interfaces/share/my_robot_interfaces/cmake/ament_cmake_export_targets-extras.cmake
[2.800s] -- Up-to-date: /home/cleanseasolutions/ros2_ws/install/my_robot_interfaces/share/my_robot_interfaces/cmake/rosidl_cmake_export_typesupport_targets-extras.cmake
[2.800s] -- Up-to-date: /home/cleanseasolutions/ros2_ws/install/my_robot_interfaces/share/my_robot_interfaces/cmake/ament_cmake_export_dependencies-extras.cmake
[2.800s] -- Up-to-date: /home/cleanseasolutions/ros2_ws/install/my_robot_interfaces/share/my_robot_interfaces/cmake/rosidl_cmake_export_typesupport_libraries-extras.cmake
[2.800s] -- Up-to-date: /home/cleanseasolutions/ros2_ws/install/my_robot_interfaces/share/my_robot_interfaces/cmake/my_robot_interfacesConfig.cmake
[2.800s] -- Up-to-date: /home/cleanseasolutions/ros2_ws/install/my_robot_interfaces/share/my_robot_interfaces/cmake/my_robot_interfacesConfig-version.cmake
[2.800s] -- Up-to-date: /home/cleanseasolutions/ros2_ws/install/my_robot_interfaces/share/my_robot_interfaces/package.xml
[2.802s] Invoked command in '/home/cleanseasolutions/ros2_ws/build/my_robot_interfaces' returned '0': CMAKE_PREFIX_PATH=${CMAKE_PREFIX_PATH}:/home/cleanseasolutions/ros2_ws/install/my_py_pkg:/opt/ros/humble /usr/bin/cmake --install /home/cleanseasolutions/ros2_ws/build/my_robot_interfaces
