[0.027s] Invoking command in '/home/sven/ros2_ws/build/my_robot_description': CMAKE_PREFIX_PATH=${CMAKE_PREFIX_PATH}:/home/sven/ros2_ws/install/my_py_pkg:/opt/ros/humble /usr/bin/cmake --build /home/sven/ros2_ws/build/my_robot_description -- -j20 -l20
[0.046s] Invoked command in '/home/sven/ros2_ws/build/my_robot_description' returned '0': CMAKE_PREFIX_PATH=${CMAKE_PREFIX_PATH}:/home/sven/ros2_ws/install/my_py_pkg:/opt/ros/humble /usr/bin/cmake --build /home/sven/ros2_ws/build/my_robot_description -- -j20 -l20
[0.061s] Invoking command in '/home/sven/ros2_ws/build/my_robot_description': CMAKE_PREFIX_PATH=${CMAKE_PREFIX_PATH}:/home/sven/ros2_ws/install/my_py_pkg:/opt/ros/humble /usr/bin/cmake --install /home/sven/ros2_ws/build/my_robot_description
[0.064s] -- Install configuration: ""
[0.064s] -- Up-to-date: /home/sven/ros2_ws/install/my_robot_description/share/my_robot_description//urdf
[0.064s] -- Up-to-date: /home/sven/ros2_ws/install/my_robot_description/share/my_robot_description//urdf/my_robot.urdf
[0.064s] -- Up-to-date: /home/sven/ros2_ws/install/my_robot_description/share/my_robot_description//launch
[0.064s] -- Up-to-date: /home/sven/ros2_ws/install/my_robot_description/share/my_robot_description//launch/display.launch.py
[0.064s] -- Up-to-date: /home/sven/ros2_ws/install/my_robot_description/share/my_robot_description//launch/display.launch.xml
[0.064s] -- Up-to-date: /home/sven/ros2_ws/install/my_robot_description/share/ament_index/resource_index/package_run_dependencies/my_robot_description
[0.064s] -- Up-to-date: /home/sven/ros2_ws/install/my_robot_description/share/ament_index/resource_index/parent_prefix_path/my_robot_description
[0.064s] -- Up-to-date: /home/sven/ros2_ws/install/my_robot_description/share/my_robot_description/environment/ament_prefix_path.sh
[0.064s] -- Up-to-date: /home/sven/ros2_ws/install/my_robot_description/share/my_robot_description/environment/ament_prefix_path.dsv
[0.064s] -- Up-to-date: /home/sven/ros2_ws/install/my_robot_description/share/my_robot_description/environment/path.sh
[0.064s] -- Up-to-date: /home/sven/ros2_ws/install/my_robot_description/share/my_robot_description/environment/path.dsv
[0.064s] -- Up-to-date: /home/sven/ros2_ws/install/my_robot_description/share/my_robot_description/local_setup.bash
[0.064s] -- Up-to-date: /home/sven/ros2_ws/install/my_robot_description/share/my_robot_description/local_setup.sh
[0.064s] -- Up-to-date: /home/sven/ros2_ws/install/my_robot_description/share/my_robot_description/local_setup.zsh
[0.064s] -- Up-to-date: /home/sven/ros2_ws/install/my_robot_description/share/my_robot_description/local_setup.dsv
[0.064s] -- Installing: /home/sven/ros2_ws/install/my_robot_description/share/my_robot_description/package.dsv
[0.064s] -- Up-to-date: /home/sven/ros2_ws/install/my_robot_description/share/ament_index/resource_index/packages/my_robot_description
[0.064s] -- Up-to-date: /home/sven/ros2_ws/install/my_robot_description/share/my_robot_description/cmake/my_robot_descriptionConfig.cmake
[0.064s] -- Up-to-date: /home/sven/ros2_ws/install/my_robot_description/share/my_robot_description/cmake/my_robot_descriptionConfig-version.cmake
[0.064s] -- Up-to-date: /home/sven/ros2_ws/install/my_robot_description/share/my_robot_description/package.xml
[0.065s] Invoked command in '/home/sven/ros2_ws/build/my_robot_description' returned '0': CMAKE_PREFIX_PATH=${CMAKE_PREFIX_PATH}:/home/sven/ros2_ws/install/my_py_pkg:/opt/ros/humble /usr/bin/cmake --install /home/sven/ros2_ws/build/my_robot_description
