[0.030s] Invoking command in '/home/cleanseasolutions/ros2_ws/build/turtlesim_catch_them_all': CMAKE_PREFIX_PATH=/home/cleanseasolutions/ros2_ws/install/my_robot_interfaces:/home/cleanseasolutions/ros2_ws/install/turtlesim_catch_them_all:/home/cleanseasolutions/ros2_ws/install/my_robot_bringup:/home/cleanseasolutions/ros2_ws/install/my_cpp_pkg:/home/cleanseasolutions/ros2_ws/install/my_py_pkg:/opt/ros/humble /usr/bin/cmake --build /home/cleanseasolutions/ros2_ws/build/turtlesim_catch_them_all -- -j16 -l16
[0.044s] -- Found ament_cmake: 1.3.7 (/opt/ros/humble/share/ament_cmake/cmake)
[0.125s] -- Found rclcpp: 16.0.8 (/opt/ros/humble/share/rclcpp/cmake)
[0.141s] -- Found rosidl_generator_c: 3.1.5 (/opt/ros/humble/share/rosidl_generator_c/cmake)
[0.143s] -- Found rosidl_adapter: 3.1.5 (/opt/ros/humble/share/rosidl_adapter/cmake)
[0.146s] -- Found rosidl_generator_cpp: 3.1.5 (/opt/ros/humble/share/rosidl_generator_cpp/cmake)
[0.152s] -- Using all available rosidl_typesupport_c: rosidl_typesupport_fastrtps_c;rosidl_typesupport_introspection_c
[0.160s] -- Using all available rosidl_typesupport_cpp: rosidl_typesupport_fastrtps_cpp;rosidl_typesupport_introspection_cpp
[0.190s] -- Found rmw_implementation_cmake: 6.1.1 (/opt/ros/humble/share/rmw_implementation_cmake/cmake)
[0.191s] -- Found rmw_fastrtps_cpp: 6.2.6 (/opt/ros/humble/share/rmw_fastrtps_cpp/cmake)
[0.253s] -- Using RMW implementation 'rmw_fastrtps_cpp' as default
[0.339s] -- Found turtlesim: 1.4.2 (/opt/ros/humble/share/turtlesim/cmake)
[0.410s] -- Found my_robot_interfaces: 0.0.0 (/home/cleanseasolutions/ros2_ws/install/my_robot_interfaces/share/my_robot_interfaces/cmake)
[0.457s] -- Configuring done
[0.463s] -- Generating done
[0.464s] -- Build files have been written to: /home/cleanseasolutions/ros2_ws/build/turtlesim_catch_them_all
[0.480s] [35m[1mConsolidate compiler generated dependencies of target turtle_controller[0m
[0.480s] [35m[1mConsolidate compiler generated dependencies of target turtle_spawner[0m
[0.490s] [ 75%] [32mBuilding CXX object CMakeFiles/turtle_spawner.dir/src/turtle_spawner_node.cpp.o[0m
[0.490s] [ 75%] Built target turtle_controller
[1.793s] [01m[K/home/cleanseasolutions/ros2_ws/src/turtlesim_catch_them_all/src/turtle_spawner_node.cpp:99:5:[m[K [01;31m[Kerror: [m[K‘[01m[Kdefault_turtle[m[K’ does not name a type
[1.793s]    99 |     [01;31m[Kdefault_turtle[m[K.name = "default_name";
[1.793s]       |     [01;31m[K^~~~~~~~~~~~~~[m[K
[1.795s] [01m[K/home/cleanseasolutions/ros2_ws/src/turtlesim_catch_them_all/src/turtle_spawner_node.cpp:100:5:[m[K [01;31m[Kerror: [m[K‘[01m[Kdefault_turtle[m[K’ does not name a type
[1.795s]   100 |     [01;31m[Kdefault_turtle[m[K.pos_x = 6.7;
[1.795s]       |     [01;31m[K^~~~~~~~~~~~~~[m[K
[1.796s] [01m[K/home/cleanseasolutions/ros2_ws/src/turtlesim_catch_them_all/src/turtle_spawner_node.cpp:101:5:[m[K [01;31m[Kerror: [m[K‘[01m[Kdefault_turtle[m[K’ does not name a type
[1.796s]   101 |     [01;31m[Kdefault_turtle[m[K.pos_y = 7.8;
[1.796s]       |     [01;31m[K^~~~~~~~~~~~~~[m[K
[1.797s] [01m[K/home/cleanseasolutions/ros2_ws/src/turtlesim_catch_them_all/src/turtle_spawner_node.cpp:104:5:[m[K [01;31m[Kerror: [m[K‘[01m[Kturtles_[m[K’ does not name a type
[1.797s]   104 |     [01;31m[Kturtles_[m[K.turtles.push_back(default_turtle);
[1.797s]       |     [01;31m[K^~~~~~~~[m[K
[1.804s] [01m[K/home/cleanseasolutions/ros2_ws/src/turtlesim_catch_them_all/src/turtle_spawner_node.cpp:[m[K In member function ‘[01m[Kvoid TurtleSpawnerNode::publishTurtleArray()[m[K’:
[1.804s] [01m[K/home/cleanseasolutions/ros2_ws/src/turtlesim_catch_them_all/src/turtle_spawner_node.cpp:34:23:[m[K [01;31m[Kerror: [m[Kno match for ‘[01m[Koperator=[m[K’ (operand types are ‘[01m[Kmy_robot_interfaces::msg::TurtleArray_<std::allocator<void> >::_turtles_type[m[K’ {aka ‘[01m[Kstd::vector<my_robot_interfaces::msg::Turtle_<std::allocator<void> >, std::allocator<my_robot_interfaces::msg::Turtle_<std::allocator<void> > > >[m[K’} and ‘[01m[Kmy_robot_interfaces::msg::TurtleArray[m[K’ {aka ‘[01m[Kmy_robot_interfaces::msg::TurtleArray_<std::allocator<void> >[m[K’})
[1.804s]    34 |         msg.turtles = [01;31m[Kturtles_[m[K; // TODO: Replace with turtles_[] (list of alive turtles)
[1.804s]       |                       [01;31m[K^~~~~~~~[m[K
[1.804s] In file included from [01m[K/usr/include/c++/11/vector:72[m[K,
[1.804s]                  from [01m[K/usr/include/c++/11/functional:62[m[K,
[1.804s]                  from [01m[K/usr/include/c++/11/pstl/glue_algorithm_defs.h:13[m[K,
[1.804s]                  from [01m[K/usr/include/c++/11/algorithm:74[m[K,
[1.805s]                  from [01m[K/opt/ros/humble/include/rclcpp/rclcpp/executor.hpp:18[m[K,
[1.805s]                  from [01m[K/opt/ros/humble/include/rclcpp/rclcpp/executors/multi_threaded_executor.hpp:25[m[K,
[1.805s]                  from [01m[K/opt/ros/humble/include/rclcpp/rclcpp/executors.hpp:21[m[K,
[1.805s]                  from [01m[K/opt/ros/humble/include/rclcpp/rclcpp/rclcpp.hpp:155[m[K,
[1.805s]                  from [01m[K/home/cleanseasolutions/ros2_ws/src/turtlesim_catch_them_all/src/turtle_spawner_node.cpp:1[m[K:
[1.805s] [01m[K/usr/include/c++/11/bits/vector.tcc:198:5:[m[K [01;36m[Knote: [m[Kcandidate: ‘[01m[Kstd::vector<_Tp, _Alloc>& std::vector<_Tp, _Alloc>::operator=(const std::vector<_Tp, _Alloc>&) [with _Tp = my_robot_interfaces::msg::Turtle_<std::allocator<void> >; _Alloc = std::allocator<my_robot_interfaces::msg::Turtle_<std::allocator<void> > >][m[K’
[1.805s]   198 |     [01;36m[Kvector<_Tp, _Alloc>[m[K::
[1.805s]       |     [01;36m[K^~~~~~~~~~~~~~~~~~~[m[K
[1.805s] [01m[K/usr/include/c++/11/bits/vector.tcc:199:42:[m[K [01;36m[Knote: [m[K  no known conversion for argument 1 from ‘[01m[Kmy_robot_interfaces::msg::TurtleArray[m[K’ {aka ‘[01m[Kmy_robot_interfaces::msg::TurtleArray_<std::allocator<void> >[m[K’} to ‘[01m[Kconst std::vector<my_robot_interfaces::msg::Turtle_<std::allocator<void> >, std::allocator<my_robot_interfaces::msg::Turtle_<std::allocator<void> > > >&[m[K’
[1.805s]   199 |     operator=([01;36m[Kconst vector<_Tp, _Alloc>& __x[m[K)
[1.805s]       |               [01;36m[K~~~~~~~~~~~~~~~~~~~~~~~~~~~^~~[m[K
[1.805s] In file included from [01m[K/usr/include/c++/11/vector:67[m[K,
[1.805s]                  from [01m[K/usr/include/c++/11/functional:62[m[K,
[1.805s]                  from [01m[K/usr/include/c++/11/pstl/glue_algorithm_defs.h:13[m[K,
[1.805s]                  from [01m[K/usr/include/c++/11/algorithm:74[m[K,
[1.805s]                  from [01m[K/opt/ros/humble/include/rclcpp/rclcpp/executor.hpp:18[m[K,
[1.805s]                  from [01m[K/opt/ros/humble/include/rclcpp/rclcpp/executors/multi_threaded_executor.hpp:25[m[K,
[1.805s]                  from [01m[K/opt/ros/humble/include/rclcpp/rclcpp/executors.hpp:21[m[K,
[1.806s]                  from [01m[K/opt/ros/humble/include/rclcpp/rclcpp/rclcpp.hpp:155[m[K,
[1.806s]                  from [01m[K/home/cleanseasolutions/ros2_ws/src/turtlesim_catch_them_all/src/turtle_spawner_node.cpp:1[m[K:
[1.806s] [01m[K/usr/include/c++/11/bits/stl_vector.h:709:7:[m[K [01;36m[Knote: [m[Kcandidate: ‘[01m[Kstd::vector<_Tp, _Alloc>& std::vector<_Tp, _Alloc>::operator=(std::vector<_Tp, _Alloc>&&) [with _Tp = my_robot_interfaces::msg::Turtle_<std::allocator<void> >; _Alloc = std::allocator<my_robot_interfaces::msg::Turtle_<std::allocator<void> > >][m[K’
[1.806s]   709 |       [01;36m[Koperator[m[K=(vector&& __x) noexcept(_Alloc_traits::_S_nothrow_move())
[1.806s]       |       [01;36m[K^~~~~~~~[m[K
[1.806s] [01m[K/usr/include/c++/11/bits/stl_vector.h:709:26:[m[K [01;36m[Knote: [m[K  no known conversion for argument 1 from ‘[01m[Kmy_robot_interfaces::msg::TurtleArray[m[K’ {aka ‘[01m[Kmy_robot_interfaces::msg::TurtleArray_<std::allocator<void> >[m[K’} to ‘[01m[Kstd::vector<my_robot_interfaces::msg::Turtle_<std::allocator<void> >, std::allocator<my_robot_interfaces::msg::Turtle_<std::allocator<void> > > >&&[m[K’
[1.806s]   709 |       operator=([01;36m[Kvector&& __x[m[K) noexcept(_Alloc_traits::_S_nothrow_move())
[1.806s]       |                 [01;36m[K~~~~~~~~~^~~[m[K
[1.806s] [01m[K/usr/include/c++/11/bits/stl_vector.h:730:7:[m[K [01;36m[Knote: [m[Kcandidate: ‘[01m[Kstd::vector<_Tp, _Alloc>& std::vector<_Tp, _Alloc>::operator=(std::initializer_list<_Tp>) [with _Tp = my_robot_interfaces::msg::Turtle_<std::allocator<void> >; _Alloc = std::allocator<my_robot_interfaces::msg::Turtle_<std::allocator<void> > >][m[K’
[1.806s]   730 |       [01;36m[Koperator[m[K=(initializer_list<value_type> __l)
[1.806s]       |       [01;36m[K^~~~~~~~[m[K
[1.806s] [01m[K/usr/include/c++/11/bits/stl_vector.h:730:46:[m[K [01;36m[Knote: [m[K  no known conversion for argument 1 from ‘[01m[Kmy_robot_interfaces::msg::TurtleArray[m[K’ {aka ‘[01m[Kmy_robot_interfaces::msg::TurtleArray_<std::allocator<void> >[m[K’} to ‘[01m[Kstd::initializer_list<my_robot_interfaces::msg::Turtle_<std::allocator<void> > >[m[K’
[1.806s]   730 |       operator=([01;36m[Kinitializer_list<value_type> __l[m[K)
[1.806s]       |                 [01;36m[K~~~~~~~~~~~~~~~~~~~~~~~~~~~~~^~~[m[K
[2.340s] gmake[2]: *** [CMakeFiles/turtle_spawner.dir/build.make:76: CMakeFiles/turtle_spawner.dir/src/turtle_spawner_node.cpp.o] Error 1
[2.340s] gmake[1]: *** [CMakeFiles/Makefile2:165: CMakeFiles/turtle_spawner.dir/all] Error 2
[2.341s] gmake: *** [Makefile:146: all] Error 2
[2.343s] Invoked command in '/home/cleanseasolutions/ros2_ws/build/turtlesim_catch_them_all' returned '2': CMAKE_PREFIX_PATH=/home/cleanseasolutions/ros2_ws/install/my_robot_interfaces:/home/cleanseasolutions/ros2_ws/install/turtlesim_catch_them_all:/home/cleanseasolutions/ros2_ws/install/my_robot_bringup:/home/cleanseasolutions/ros2_ws/install/my_cpp_pkg:/home/cleanseasolutions/ros2_ws/install/my_py_pkg:/opt/ros/humble /usr/bin/cmake --build /home/cleanseasolutions/ros2_ws/build/turtlesim_catch_them_all -- -j16 -l16
