[0.034s] Invoking command in '/home/sven/ros2_ws/build/lifecycle_cpp': CMAKE_PREFIX_PATH=${CMAKE_PREFIX_PATH}:/home/sven/ros2_ws/install/my_py_pkg:/home/sven/ros2_ws/install/actions_py:/home/sven/ros2_ws/install/lifecycle_py:/opt/ros/humble /usr/bin/cmake --build /home/sven/ros2_ws/build/lifecycle_cpp -- -j20 -l20
[0.046s] -- Found ament_cmake: 1.3.8 (/opt/ros/humble/share/ament_cmake/cmake)
[0.109s] -- Found rclcpp: 16.0.8 (/opt/ros/humble/share/rclcpp/cmake)
[0.126s] -- Found rosidl_generator_c: 3.1.5 (/opt/ros/humble/share/rosidl_generator_c/cmake)
[0.127s] -- Found rosidl_adapter: 3.1.5 (/opt/ros/humble/share/rosidl_adapter/cmake)
[0.130s] -- Found rosidl_generator_cpp: 3.1.5 (/opt/ros/humble/share/rosidl_generator_cpp/cmake)
[0.136s] -- Using all available rosidl_typesupport_c: rosidl_typesupport_fastrtps_c;rosidl_typesupport_introspection_c
[0.144s] -- Using all available rosidl_typesupport_cpp: rosidl_typesupport_fastrtps_cpp;rosidl_typesupport_introspection_cpp
[0.171s] -- Found rmw_implementation_cmake: 6.1.1 (/opt/ros/humble/share/rmw_implementation_cmake/cmake)
[0.172s] -- Found rmw_fastrtps_cpp: 6.2.6 (/opt/ros/humble/share/rmw_fastrtps_cpp/cmake)
[0.229s] -- Using RMW implementation 'rmw_fastrtps_cpp' as default
[0.303s] [31mCMake Error at CMakeLists.txt:11 (find_package):
[0.303s]   find_package called with invalid argument "REQUIRE|D"
[0.303s] 
[0.303s] [0m
[0.303s] -- Found example_interfaces: 0.9.3 (/opt/ros/humble/share/example_interfaces/cmake)
[0.367s] [31mCMake Error at /opt/ros/humble/share/ament_cmake_target_dependencies/cmake/ament_target_dependencies.cmake:77 (message):
[0.367s]   ament_target_dependencies() the passed package name 'rclcpp_lifecycle' was
[0.367s]   not found before
[0.367s] Call Stack (most recent call first):
[0.367s]   CMakeLists.txt:15 (ament_target_dependencies)
[0.367s] 
[0.367s] [0m
[0.368s] -- Configuring incomplete, errors occurred!
[0.368s] See also "/home/sven/ros2_ws/build/lifecycle_cpp/CMakeFiles/CMakeOutput.log".
[0.370s] gmake: *** [Makefile:267: cmake_check_build_system] Error 1
[0.372s] Invoked command in '/home/sven/ros2_ws/build/lifecycle_cpp' returned '2': CMAKE_PREFIX_PATH=${CMAKE_PREFIX_PATH}:/home/sven/ros2_ws/install/my_py_pkg:/home/sven/ros2_ws/install/actions_py:/home/sven/ros2_ws/install/lifecycle_py:/opt/ros/humble /usr/bin/cmake --build /home/sven/ros2_ws/build/lifecycle_cpp -- -j20 -l20
