[0.032s] Invoking command in '/home/sven/ros2_ws/build/actions_cpp': CMAKE_PREFIX_PATH=/home/sven/ros2_ws/install/my_robot_interfaces:/home/sven/ros2_ws/install/turtlesim_catch_them_all:/home/sven/ros2_ws/install/my_robot_bringup:/home/sven/ros2_ws/install/my_cpp_pkg:/home/sven/ros2_ws/install/actions_cpp:/home/sven/ros2_ws/install/my_robot_description:/home/sven/install/my_robot_description:/home/sven/ros2_ws/install/my_py_pkg:/home/sven/ros2_ws/install/actions_py:/opt/ros/humble LD_LIBRARY_PATH=/home/sven/ros2_ws/install/my_robot_interfaces/lib:/usr/lib/x86_64-linux-gnu/gazebo-11/plugins:/opt/ros/humble/opt/rviz_ogre_vendor/lib:/opt/ros/humble/lib/x86_64-linux-gnu:/opt/ros/humble/lib:/usr/share/gazebo/../../lib/x86_64-linux-gnu/gazebo-11/plugins /usr/bin/cmake --build /home/sven/ros2_ws/build/actions_cpp -- -j20 -l20
[0.054s] [35m[1mConsolidate compiler generated dependencies of target move_robot_server[0m
[0.060s] [ 80%] Built target count_until_client
[0.060s] [ 80%] Built target count_until_server
[0.060s] [ 80%] Built target count_until_server_queue_goals
[0.060s] [ 80%] Built target move_robot_client
[0.063s] [ 90%] [32mBuilding CXX object CMakeFiles/move_robot_server.dir/src/move_robot_server.cpp.o[0m
[1.117s] [01m[K/home/sven/ros2_ws/src/actions_cpp/src/move_robot_server.cpp:[m[K In member function ‘[01m[Kvoid MoveRobotServerNode::execute_goal(std::shared_ptr<rclcpp_action::ServerGoalHandle<my_robot_interfaces::action::MoveRobot> >)[m[K’:
[1.117s] [01m[K/home/sven/ros2_ws/src/actions_cpp/src/move_robot_server.cpp:53:66:[m[K [01;35m[Kwarning: [m[Kunused parameter ‘[01m[Kgoal_handle[m[K’ [[01;35m[K]8;;https://gcc.gnu.org/onlinedocs/gcc/Warning-Options.html#index-Wunused-parameter-Wunused-parameter]8;;[m[K]
[1.117s]    53 |     void execute_goal([01;35m[Kconst std::shared_ptr<MoveRobotGoalHandle> goal_handle[m[K)
[1.117s]       |                       [01;35m[K~~~~~~~~~~~~~~~~~~~~~~~~~~~~~~~~~~~~~~~~~~~^~~~~~~~~~~[m[K
[1.624s] [100%] [32m[1mLinking CXX executable move_robot_server[0m
[1.691s] [100%] Built target move_robot_server
[1.702s] Invoked command in '/home/sven/ros2_ws/build/actions_cpp' returned '0': CMAKE_PREFIX_PATH=/home/sven/ros2_ws/install/my_robot_interfaces:/home/sven/ros2_ws/install/turtlesim_catch_them_all:/home/sven/ros2_ws/install/my_robot_bringup:/home/sven/ros2_ws/install/my_cpp_pkg:/home/sven/ros2_ws/install/actions_cpp:/home/sven/ros2_ws/install/my_robot_description:/home/sven/install/my_robot_description:/home/sven/ros2_ws/install/my_py_pkg:/home/sven/ros2_ws/install/actions_py:/opt/ros/humble LD_LIBRARY_PATH=/home/sven/ros2_ws/install/my_robot_interfaces/lib:/usr/lib/x86_64-linux-gnu/gazebo-11/plugins:/opt/ros/humble/opt/rviz_ogre_vendor/lib:/opt/ros/humble/lib/x86_64-linux-gnu:/opt/ros/humble/lib:/usr/share/gazebo/../../lib/x86_64-linux-gnu/gazebo-11/plugins /usr/bin/cmake --build /home/sven/ros2_ws/build/actions_cpp -- -j20 -l20
[1.723s] Invoking command in '/home/sven/ros2_ws/build/actions_cpp': CMAKE_PREFIX_PATH=/home/sven/ros2_ws/install/my_robot_interfaces:/home/sven/ros2_ws/install/turtlesim_catch_them_all:/home/sven/ros2_ws/install/my_robot_bringup:/home/sven/ros2_ws/install/my_cpp_pkg:/home/sven/ros2_ws/install/actions_cpp:/home/sven/ros2_ws/install/my_robot_description:/home/sven/install/my_robot_description:/home/sven/ros2_ws/install/my_py_pkg:/home/sven/ros2_ws/install/actions_py:/opt/ros/humble LD_LIBRARY_PATH=/home/sven/ros2_ws/install/my_robot_interfaces/lib:/usr/lib/x86_64-linux-gnu/gazebo-11/plugins:/opt/ros/humble/opt/rviz_ogre_vendor/lib:/opt/ros/humble/lib/x86_64-linux-gnu:/opt/ros/humble/lib:/usr/share/gazebo/../../lib/x86_64-linux-gnu/gazebo-11/plugins /usr/bin/cmake --install /home/sven/ros2_ws/build/actions_cpp
[1.727s] -- Install configuration: ""
[1.727s] -- Up-to-date: /home/sven/ros2_ws/install/actions_cpp/lib/actions_cpp/count_until_server
[1.727s] -- Up-to-date: /home/sven/ros2_ws/install/actions_cpp/lib/actions_cpp/count_until_server_queue_goals
[1.727s] -- Up-to-date: /home/sven/ros2_ws/install/actions_cpp/lib/actions_cpp/count_until_client
[1.727s] -- Installing: /home/sven/ros2_ws/install/actions_cpp/lib/actions_cpp/move_robot_server
[1.728s] -- Set runtime path of "/home/sven/ros2_ws/install/actions_cpp/lib/actions_cpp/move_robot_server" to ""
[1.728s] -- Up-to-date: /home/sven/ros2_ws/install/actions_cpp/lib/actions_cpp/move_robot_client
[1.728s] -- Up-to-date: /home/sven/ros2_ws/install/actions_cpp/share/ament_index/resource_index/package_run_dependencies/actions_cpp
[1.728s] -- Up-to-date: /home/sven/ros2_ws/install/actions_cpp/share/ament_index/resource_index/parent_prefix_path/actions_cpp
[1.728s] -- Up-to-date: /home/sven/ros2_ws/install/actions_cpp/share/actions_cpp/environment/ament_prefix_path.sh
[1.728s] -- Up-to-date: /home/sven/ros2_ws/install/actions_cpp/share/actions_cpp/environment/ament_prefix_path.dsv
[1.728s] -- Up-to-date: /home/sven/ros2_ws/install/actions_cpp/share/actions_cpp/environment/path.sh
[1.728s] -- Up-to-date: /home/sven/ros2_ws/install/actions_cpp/share/actions_cpp/environment/path.dsv
[1.728s] -- Up-to-date: /home/sven/ros2_ws/install/actions_cpp/share/actions_cpp/local_setup.bash
[1.728s] -- Up-to-date: /home/sven/ros2_ws/install/actions_cpp/share/actions_cpp/local_setup.sh
[1.728s] -- Up-to-date: /home/sven/ros2_ws/install/actions_cpp/share/actions_cpp/local_setup.zsh
[1.728s] -- Up-to-date: /home/sven/ros2_ws/install/actions_cpp/share/actions_cpp/local_setup.dsv
[1.728s] -- Installing: /home/sven/ros2_ws/install/actions_cpp/share/actions_cpp/package.dsv
[1.728s] -- Up-to-date: /home/sven/ros2_ws/install/actions_cpp/share/ament_index/resource_index/packages/actions_cpp
[1.728s] -- Up-to-date: /home/sven/ros2_ws/install/actions_cpp/share/actions_cpp/cmake/actions_cppConfig.cmake
[1.728s] -- Up-to-date: /home/sven/ros2_ws/install/actions_cpp/share/actions_cpp/cmake/actions_cppConfig-version.cmake
[1.728s] -- Up-to-date: /home/sven/ros2_ws/install/actions_cpp/share/actions_cpp/package.xml
[1.729s] Invoked command in '/home/sven/ros2_ws/build/actions_cpp' returned '0': CMAKE_PREFIX_PATH=/home/sven/ros2_ws/install/my_robot_interfaces:/home/sven/ros2_ws/install/turtlesim_catch_them_all:/home/sven/ros2_ws/install/my_robot_bringup:/home/sven/ros2_ws/install/my_cpp_pkg:/home/sven/ros2_ws/install/actions_cpp:/home/sven/ros2_ws/install/my_robot_description:/home/sven/install/my_robot_description:/home/sven/ros2_ws/install/my_py_pkg:/home/sven/ros2_ws/install/actions_py:/opt/ros/humble LD_LIBRARY_PATH=/home/sven/ros2_ws/install/my_robot_interfaces/lib:/usr/lib/x86_64-linux-gnu/gazebo-11/plugins:/opt/ros/humble/opt/rviz_ogre_vendor/lib:/opt/ros/humble/lib/x86_64-linux-gnu:/opt/ros/humble/lib:/usr/share/gazebo/../../lib/x86_64-linux-gnu/gazebo-11/plugins /usr/bin/cmake --install /home/sven/ros2_ws/build/actions_cpp
