[0.033s] Invoking command in '/home/sven/ros2_ws/build/executors_cpp': CMAKE_PREFIX_PATH=${CMAKE_PREFIX_PATH}:/home/sven/ros2_ws/install/executors_py:/home/sven/ros2_ws/install/my_py_pkg:/home/sven/ros2_ws/install/actions_py:/home/sven/ros2_ws/install/lifecycle_py:/opt/ros/humble /usr/bin/cmake --build /home/sven/ros2_ws/build/executors_cpp -- -j20 -l20
[0.063s] [ 25%] [32mBuilding CXX object CMakeFiles/multi_threaded_executor.dir/src/multi_threaded_executor.cpp.o[0m
[0.063s] [ 50%] [32mBuilding CXX object CMakeFiles/single_threaded_executor.dir/src/single_threaded_executor.cpp.o[0m
[1.565s] [100%] [32m[1mLinking CXX executable multi_threaded_executor[0m
[1.565s] [100%] [32m[1mLinking CXX executable single_threaded_executor[0m
[1.626s] [100%] Built target single_threaded_executor
[1.627s] [100%] Built target multi_threaded_executor
[1.633s] Invoked command in '/home/sven/ros2_ws/build/executors_cpp' returned '0': CMAKE_PREFIX_PATH=${CMAKE_PREFIX_PATH}:/home/sven/ros2_ws/install/executors_py:/home/sven/ros2_ws/install/my_py_pkg:/home/sven/ros2_ws/install/actions_py:/home/sven/ros2_ws/install/lifecycle_py:/opt/ros/humble /usr/bin/cmake --build /home/sven/ros2_ws/build/executors_cpp -- -j20 -l20
[1.651s] Invoking command in '/home/sven/ros2_ws/build/executors_cpp': CMAKE_PREFIX_PATH=${CMAKE_PREFIX_PATH}:/home/sven/ros2_ws/install/executors_py:/home/sven/ros2_ws/install/my_py_pkg:/home/sven/ros2_ws/install/actions_py:/home/sven/ros2_ws/install/lifecycle_py:/opt/ros/humble /usr/bin/cmake --install /home/sven/ros2_ws/build/executors_cpp
[1.655s] -- Install configuration: ""
[1.656s] -- Installing: /home/sven/ros2_ws/install/executors_cpp/lib/executors_cpp/single_threaded_executor
[1.656s] -- Set runtime path of "/home/sven/ros2_ws/install/executors_cpp/lib/executors_cpp/single_threaded_executor" to ""
[1.656s] -- Installing: /home/sven/ros2_ws/install/executors_cpp/lib/executors_cpp/multi_threaded_executor
[1.656s] -- Set runtime path of "/home/sven/ros2_ws/install/executors_cpp/lib/executors_cpp/multi_threaded_executor" to ""
[1.656s] -- Up-to-date: /home/sven/ros2_ws/install/executors_cpp/share/ament_index/resource_index/package_run_dependencies/executors_cpp
[1.656s] -- Up-to-date: /home/sven/ros2_ws/install/executors_cpp/share/ament_index/resource_index/parent_prefix_path/executors_cpp
[1.656s] -- Up-to-date: /home/sven/ros2_ws/install/executors_cpp/share/executors_cpp/environment/ament_prefix_path.sh
[1.656s] -- Up-to-date: /home/sven/ros2_ws/install/executors_cpp/share/executors_cpp/environment/ament_prefix_path.dsv
[1.656s] -- Up-to-date: /home/sven/ros2_ws/install/executors_cpp/share/executors_cpp/environment/path.sh
[1.656s] -- Up-to-date: /home/sven/ros2_ws/install/executors_cpp/share/executors_cpp/environment/path.dsv
[1.656s] -- Up-to-date: /home/sven/ros2_ws/install/executors_cpp/share/executors_cpp/local_setup.bash
[1.656s] -- Up-to-date: /home/sven/ros2_ws/install/executors_cpp/share/executors_cpp/local_setup.sh
[1.657s] -- Up-to-date: /home/sven/ros2_ws/install/executors_cpp/share/executors_cpp/local_setup.zsh
[1.657s] -- Up-to-date: /home/sven/ros2_ws/install/executors_cpp/share/executors_cpp/local_setup.dsv
[1.657s] -- Installing: /home/sven/ros2_ws/install/executors_cpp/share/executors_cpp/package.dsv
[1.657s] -- Up-to-date: /home/sven/ros2_ws/install/executors_cpp/share/ament_index/resource_index/packages/executors_cpp
[1.657s] -- Up-to-date: /home/sven/ros2_ws/install/executors_cpp/share/executors_cpp/cmake/executors_cppConfig.cmake
[1.657s] -- Up-to-date: /home/sven/ros2_ws/install/executors_cpp/share/executors_cpp/cmake/executors_cppConfig-version.cmake
[1.657s] -- Up-to-date: /home/sven/ros2_ws/install/executors_cpp/share/executors_cpp/package.xml
[1.658s] Invoked command in '/home/sven/ros2_ws/build/executors_cpp' returned '0': CMAKE_PREFIX_PATH=${CMAKE_PREFIX_PATH}:/home/sven/ros2_ws/install/executors_py:/home/sven/ros2_ws/install/my_py_pkg:/home/sven/ros2_ws/install/actions_py:/home/sven/ros2_ws/install/lifecycle_py:/opt/ros/humble /usr/bin/cmake --install /home/sven/ros2_ws/build/executors_cpp
