[01m[K/home/cleanseasolutions/ros2_ws/src/my_cpp_pkg/src/led_panel_node.cpp:33:49:[m[K [01;31m[Kerror: [m[K‘[01m[KLEDStatus[m[K’ is not a member of ‘[01m[Kmy_robot_interfaces::msg[m[K’; did you mean ‘[01m[KLedStatus[m[K’?
   33 |     rclcpp::Publisher<my_robot_interfaces::msg::[01;31m[KLEDStatus[m[K::SharedPtr publisher_;
      |                                                 [01;31m[K^~~~~~~~~[m[K
      |                                                 [32m[KLedStatus[m[K
[01m[K/home/cleanseasolutions/ros2_ws/src/my_cpp_pkg/src/led_panel_node.cpp:33:70:[m[K [01;31m[Kerror: [m[Ktemplate argument 1 is invalid
   33 |     rclcpp::Publisher<my_robot_interfaces::msg::LEDStatus::SharedPtr [01;31m[Kpublisher_[m[K;
      |                                                                      [01;31m[K^~~~~~~~~~[m[K
[01m[K/home/cleanseasolutions/ros2_ws/src/my_cpp_pkg/src/led_panel_node.cpp:[m[K In constructor ‘[01m[KLEDPanelPublisherNode::LEDPanelPublisherNode()[m[K’:
[01m[K/home/cleanseasolutions/ros2_ws/src/my_cpp_pkg/src/led_panel_node.cpp:12:9:[m[K [01;31m[Kerror: [m[K‘[01m[Kpublisher_[m[K’ was not declared in this scope; did you mean ‘[01m[Krmw_publisher_t[m[K’?
   12 |         [01;31m[Kpublisher_[m[K = this->create_publisher<my_robot_interfaces::msg::LedStatus>("led_panel_status", 10);
      |         [01;31m[K^~~~~~~~~~[m[K
      |         [32m[Krmw_publisher_t[m[K
[01m[K/home/cleanseasolutions/ros2_ws/src/my_cpp_pkg/src/led_panel_node.cpp:[m[K In member function ‘[01m[Kvoid LEDPanelPublisherNode::publishLedPanelStatus()[m[K’:
[01m[K/home/cleanseasolutions/ros2_ws/src/my_cpp_pkg/src/led_panel_node.cpp:25:13:[m[K [01;31m[Kerror: [m[K‘[01m[Kstruct my_robot_interfaces::msg::LedStatus_<std::allocator<void> >[m[K’ has no member named ‘[01m[Kdata[m[K’
   25 |         msg.[01;31m[Kdata[m[K = [0, 0, 0];
      |             [01;31m[K^~~~[m[K
[01m[K/home/cleanseasolutions/ros2_ws/src/my_cpp_pkg/src/led_panel_node.cpp:25:21:[m[K [01;31m[Kerror: [m[Kexpected identifier before numeric constant
   25 |         msg.data = [[01;31m[K0[m[K, 0, 0];
      |                     [01;31m[K^[m[K
[01m[K/home/cleanseasolutions/ros2_ws/src/my_cpp_pkg/src/led_panel_node.cpp:25:22:[m[K [01;31m[Kerror: [m[Kexpected ‘[01m[K][m[K’ before ‘[01m[K,[m[K’ token
   25 |         msg.data = [0[01;31m[K,[m[K 0, 0];
      |                      [01;31m[K^[m[K
[01m[K/home/cleanseasolutions/ros2_ws/src/my_cpp_pkg/src/led_panel_node.cpp:[m[K In lambda function:
[01m[K/home/cleanseasolutions/ros2_ws/src/my_cpp_pkg/src/led_panel_node.cpp:25:22:[m[K [01;31m[Kerror: [m[Kexpected ‘[01m[K{[m[K’ before ‘[01m[K,[m[K’ token
[01m[K/home/cleanseasolutions/ros2_ws/src/my_cpp_pkg/src/led_panel_node.cpp:[m[K In member function ‘[01m[Kvoid LEDPanelPublisherNode::publishLedPanelStatus()[m[K’:
[01m[K/home/cleanseasolutions/ros2_ws/src/my_cpp_pkg/src/led_panel_node.cpp:30:9:[m[K [01;31m[Kerror: [m[K‘[01m[Kpublisher_[m[K’ was not declared in this scope; did you mean ‘[01m[Krmw_publisher_t[m[K’?
   30 |         [01;31m[Kpublisher_[m[K->publish(msg);
      |         [01;31m[K^~~~~~~~~~[m[K
      |         [32m[Krmw_publisher_t[m[K
gmake[2]: *** [CMakeFiles/led_panel_status_publisher.dir/build.make:76: CMakeFiles/led_panel_status_publisher.dir/src/led_panel_node.cpp.o] Error 1
gmake[1]: *** [CMakeFiles/Makefile2:389: CMakeFiles/led_panel_status_publisher.dir/all] Error 2
gmake: *** [Makefile:146: all] Error 2
