[0.397s] Invoking command in '/home/cleanseasolutions/ros2_ws/build/my_py_pkg': CMAKE_PREFIX_PATH=/home/cleanseasolutions/ros2_ws/install/my_robot_interfaces:/home/cleanseasolutions/ros2_ws/install/my_cpp_pkg PYTHONPATH=/home/cleanseasolutions/ros2_ws/build/my_py_pkg/prefix_override:/home/cleanseasolutions/ros2_ws/install/my_py_pkg/lib/python3.10/site-packages:${PYTHONPATH} /usr/bin/python3 setup.py develop --uninstall --editable --build-directory /home/cleanseasolutions/ros2_ws/build/my_py_pkg/build
[0.534s] running develop
[0.604s] Removing /home/cleanseasolutions/ros2_ws/install/my_py_pkg/lib/python3.10/site-packages/my-py-pkg.egg-link (link to .)
[0.625s] Invoked command in '/home/cleanseasolutions/ros2_ws/build/my_py_pkg' returned '0': CMAKE_PREFIX_PATH=/home/cleanseasolutions/ros2_ws/install/my_robot_interfaces:/home/cleanseasolutions/ros2_ws/install/my_cpp_pkg PYTHONPATH=/home/cleanseasolutions/ros2_ws/build/my_py_pkg/prefix_override:/home/cleanseasolutions/ros2_ws/install/my_py_pkg/lib/python3.10/site-packages:${PYTHONPATH} /usr/bin/python3 setup.py develop --uninstall --editable --build-directory /home/cleanseasolutions/ros2_ws/build/my_py_pkg/build
[0.625s] Invoking command in '/home/cleanseasolutions/ros2_ws/src/my_py_pkg': CMAKE_PREFIX_PATH=/home/cleanseasolutions/ros2_ws/install/my_robot_interfaces:/home/cleanseasolutions/ros2_ws/install/my_cpp_pkg PYTHONPATH=/home/cleanseasolutions/ros2_ws/build/my_py_pkg/prefix_override:/home/cleanseasolutions/ros2_ws/install/my_py_pkg/lib/python3.10/site-packages:${PYTHONPATH} /usr/bin/python3 setup.py egg_info --egg-base ../../build/my_py_pkg build --build-base /home/cleanseasolutions/ros2_ws/build/my_py_pkg/build install --record /home/cleanseasolutions/ros2_ws/build/my_py_pkg/install.log --single-version-externally-managed
[0.756s] running egg_info
[0.756s] writing ../../build/my_py_pkg/my_py_pkg.egg-info/PKG-INFO
[0.757s] writing dependency_links to ../../build/my_py_pkg/my_py_pkg.egg-info/dependency_links.txt
[0.757s] writing entry points to ../../build/my_py_pkg/my_py_pkg.egg-info/entry_points.txt
[0.757s] writing requirements to ../../build/my_py_pkg/my_py_pkg.egg-info/requires.txt
[0.757s] writing top-level names to ../../build/my_py_pkg/my_py_pkg.egg-info/top_level.txt
[0.758s] reading manifest file '../../build/my_py_pkg/my_py_pkg.egg-info/SOURCES.txt'
[0.759s] writing manifest file '../../build/my_py_pkg/my_py_pkg.egg-info/SOURCES.txt'
[0.759s] running build
[0.759s] running build_py
[0.759s] copying my_py_pkg/number_publisher.py -> /home/cleanseasolutions/ros2_ws/build/my_py_pkg/build/lib/my_py_pkg
[0.759s] copying my_py_pkg/robot_news_station.py -> /home/cleanseasolutions/ros2_ws/build/my_py_pkg/build/lib/my_py_pkg
[0.759s] running install
[0.759s] running install_lib
[0.760s] creating /home/cleanseasolutions/ros2_ws/install/my_py_pkg/lib/python3.10/site-packages/my_py_pkg
[0.760s] copying /home/cleanseasolutions/ros2_ws/build/my_py_pkg/build/lib/my_py_pkg/hw_status_publisher.py -> /home/cleanseasolutions/ros2_ws/install/my_py_pkg/lib/python3.10/site-packages/my_py_pkg
[0.764s] copying /home/cleanseasolutions/ros2_ws/build/my_py_pkg/build/lib/my_py_pkg/add_two_ints_server.py -> /home/cleanseasolutions/ros2_ws/install/my_py_pkg/lib/python3.10/site-packages/my_py_pkg
[0.764s] copying /home/cleanseasolutions/ros2_ws/build/my_py_pkg/build/lib/my_py_pkg/my_first_node.py -> /home/cleanseasolutions/ros2_ws/install/my_py_pkg/lib/python3.10/site-packages/my_py_pkg
[0.764s] copying /home/cleanseasolutions/ros2_ws/build/my_py_pkg/build/lib/my_py_pkg/__init__.py -> /home/cleanseasolutions/ros2_ws/install/my_py_pkg/lib/python3.10/site-packages/my_py_pkg
[0.764s] copying /home/cleanseasolutions/ros2_ws/build/my_py_pkg/build/lib/my_py_pkg/number_publisher.py -> /home/cleanseasolutions/ros2_ws/install/my_py_pkg/lib/python3.10/site-packages/my_py_pkg
[0.764s] copying /home/cleanseasolutions/ros2_ws/build/my_py_pkg/build/lib/my_py_pkg/add_two_ints_client.py -> /home/cleanseasolutions/ros2_ws/install/my_py_pkg/lib/python3.10/site-packages/my_py_pkg
[0.764s] copying /home/cleanseasolutions/ros2_ws/build/my_py_pkg/build/lib/my_py_pkg/number_counter.py -> /home/cleanseasolutions/ros2_ws/install/my_py_pkg/lib/python3.10/site-packages/my_py_pkg
[0.764s] copying /home/cleanseasolutions/ros2_ws/build/my_py_pkg/build/lib/my_py_pkg/add_two_ints_client_no_oop.py -> /home/cleanseasolutions/ros2_ws/install/my_py_pkg/lib/python3.10/site-packages/my_py_pkg
[0.765s] copying /home/cleanseasolutions/ros2_ws/build/my_py_pkg/build/lib/my_py_pkg/robot_news_station.py -> /home/cleanseasolutions/ros2_ws/install/my_py_pkg/lib/python3.10/site-packages/my_py_pkg
[0.765s] copying /home/cleanseasolutions/ros2_ws/build/my_py_pkg/build/lib/my_py_pkg/smartphone.py -> /home/cleanseasolutions/ros2_ws/install/my_py_pkg/lib/python3.10/site-packages/my_py_pkg
[0.765s] byte-compiling /home/cleanseasolutions/ros2_ws/install/my_py_pkg/lib/python3.10/site-packages/my_py_pkg/hw_status_publisher.py to hw_status_publisher.cpython-310.pyc
[0.765s] byte-compiling /home/cleanseasolutions/ros2_ws/install/my_py_pkg/lib/python3.10/site-packages/my_py_pkg/add_two_ints_server.py to add_two_ints_server.cpython-310.pyc
[0.765s] byte-compiling /home/cleanseasolutions/ros2_ws/install/my_py_pkg/lib/python3.10/site-packages/my_py_pkg/my_first_node.py to my_first_node.cpython-310.pyc
[0.766s] byte-compiling /home/cleanseasolutions/ros2_ws/install/my_py_pkg/lib/python3.10/site-packages/my_py_pkg/__init__.py to __init__.cpython-310.pyc
[0.766s] byte-compiling /home/cleanseasolutions/ros2_ws/install/my_py_pkg/lib/python3.10/site-packages/my_py_pkg/number_publisher.py to number_publisher.cpython-310.pyc
[0.766s] byte-compiling /home/cleanseasolutions/ros2_ws/install/my_py_pkg/lib/python3.10/site-packages/my_py_pkg/add_two_ints_client.py to add_two_ints_client.cpython-310.pyc
[0.766s] byte-compiling /home/cleanseasolutions/ros2_ws/install/my_py_pkg/lib/python3.10/site-packages/my_py_pkg/number_counter.py to number_counter.cpython-310.pyc
[0.766s] byte-compiling /home/cleanseasolutions/ros2_ws/install/my_py_pkg/lib/python3.10/site-packages/my_py_pkg/add_two_ints_client_no_oop.py to add_two_ints_client_no_oop.cpython-310.pyc
[0.766s] byte-compiling /home/cleanseasolutions/ros2_ws/install/my_py_pkg/lib/python3.10/site-packages/my_py_pkg/robot_news_station.py to robot_news_station.cpython-310.pyc
[0.767s] byte-compiling /home/cleanseasolutions/ros2_ws/install/my_py_pkg/lib/python3.10/site-packages/my_py_pkg/smartphone.py to smartphone.cpython-310.pyc
[0.767s] running install_data
[0.767s] running install_egg_info
[0.768s] Copying ../../build/my_py_pkg/my_py_pkg.egg-info to /home/cleanseasolutions/ros2_ws/install/my_py_pkg/lib/python3.10/site-packages/my_py_pkg-0.0.0-py3.10.egg-info
[0.769s] running install_scripts
[0.782s] Installing add_two_ints_client script to /home/cleanseasolutions/ros2_ws/install/my_py_pkg/lib/my_py_pkg
[0.782s] Installing add_two_ints_client_no_oop script to /home/cleanseasolutions/ros2_ws/install/my_py_pkg/lib/my_py_pkg
[0.782s] Installing add_two_ints_server script to /home/cleanseasolutions/ros2_ws/install/my_py_pkg/lib/my_py_pkg
[0.782s] Installing hw_status_publisher script to /home/cleanseasolutions/ros2_ws/install/my_py_pkg/lib/my_py_pkg
[0.782s] Installing number_counter script to /home/cleanseasolutions/ros2_ws/install/my_py_pkg/lib/my_py_pkg
[0.782s] Installing number_publisher script to /home/cleanseasolutions/ros2_ws/install/my_py_pkg/lib/my_py_pkg
[0.782s] Installing py_node script to /home/cleanseasolutions/ros2_ws/install/my_py_pkg/lib/my_py_pkg
[0.782s] Installing robot_news_station script to /home/cleanseasolutions/ros2_ws/install/my_py_pkg/lib/my_py_pkg
[0.782s] Installing smartphone script to /home/cleanseasolutions/ros2_ws/install/my_py_pkg/lib/my_py_pkg
[0.782s] writing list of installed files to '/home/cleanseasolutions/ros2_ws/build/my_py_pkg/install.log'
[0.799s] Invoked command in '/home/cleanseasolutions/ros2_ws/src/my_py_pkg' returned '0': CMAKE_PREFIX_PATH=/home/cleanseasolutions/ros2_ws/install/my_robot_interfaces:/home/cleanseasolutions/ros2_ws/install/my_cpp_pkg PYTHONPATH=/home/cleanseasolutions/ros2_ws/build/my_py_pkg/prefix_override:/home/cleanseasolutions/ros2_ws/install/my_py_pkg/lib/python3.10/site-packages:${PYTHONPATH} /usr/bin/python3 setup.py egg_info --egg-base ../../build/my_py_pkg build --build-base /home/cleanseasolutions/ros2_ws/build/my_py_pkg/build install --record /home/cleanseasolutions/ros2_ws/build/my_py_pkg/install.log --single-version-externally-managed
