[0.032s] Invoking command in '/home/sven/ros2_ws/build/components_cpp': CMAKE_PREFIX_PATH=${CMAKE_PREFIX_PATH}:/home/sven/ros2_ws/install/components_py:/home/sven/ros2_ws/install/executors_py:/home/sven/ros2_ws/install/my_py_pkg:/home/sven/ros2_ws/install/actions_py:/home/sven/ros2_ws/install/lifecycle_py:/opt/ros/humble /usr/bin/cmake /home/sven/ros2_ws/src/components_cpp -DCMAKE_INSTALL_PREFIX=/home/sven/ros2_ws/install/components_cpp
[0.059s] -- The C compiler identification is GNU 11.4.0
[0.086s] -- The CXX compiler identification is GNU 11.4.0
[0.089s] -- Detecting C compiler ABI info
[0.123s] -- Detecting C compiler ABI info - done
[0.126s] -- Check for working C compiler: /usr/bin/cc - skipped
[0.126s] -- Detecting C compile features
[0.127s] -- Detecting C compile features - done
[0.128s] -- Detecting CXX compiler ABI info
[0.168s] -- Detecting CXX compiler ABI info - done
[0.171s] -- Check for working CXX compiler: /usr/bin/c++ - skipped
[0.171s] -- Detecting CXX compile features
[0.171s] -- Detecting CXX compile features - done
[0.173s] -- Found ament_cmake: 1.3.8 (/opt/ros/humble/share/ament_cmake/cmake)
[0.255s] -- Found Python3: /usr/bin/python3 (found version "3.10.12") found components: Interpreter 
[0.303s] -- Found rclcpp: 16.0.8 (/opt/ros/humble/share/rclcpp/cmake)
[0.326s] -- Found rosidl_generator_c: 3.1.5 (/opt/ros/humble/share/rosidl_generator_c/cmake)
[0.330s] -- Found rosidl_adapter: 3.1.5 (/opt/ros/humble/share/rosidl_adapter/cmake)
[0.334s] -- Found rosidl_generator_cpp: 3.1.5 (/opt/ros/humble/share/rosidl_generator_cpp/cmake)
[0.342s] -- Using all available rosidl_typesupport_c: rosidl_typesupport_fastrtps_c;rosidl_typesupport_introspection_c
[0.352s] -- Using all available rosidl_typesupport_cpp: rosidl_typesupport_fastrtps_cpp;rosidl_typesupport_introspection_cpp
[0.388s] -- Found rmw_implementation_cmake: 6.1.1 (/opt/ros/humble/share/rmw_implementation_cmake/cmake)
[0.390s] -- Found rmw_fastrtps_cpp: 6.2.6 (/opt/ros/humble/share/rmw_fastrtps_cpp/cmake)
[0.438s] -- Found OpenSSL: /usr/lib/x86_64-linux-gnu/libcrypto.so (found version "3.0.2")  
[0.452s] -- Found FastRTPS: /opt/ros/humble/include  
[0.475s] -- Using RMW implementation 'rmw_fastrtps_cpp' as default
[0.481s] -- Looking for pthread.h
[0.515s] -- Looking for pthread.h - found
[0.515s] -- Performing Test CMAKE_HAVE_LIBC_PTHREAD
[0.551s] -- Performing Test CMAKE_HAVE_LIBC_PTHREAD - Success
[0.552s] -- Found Threads: TRUE  
[0.629s] -- Found ament_lint_auto: 0.12.10 (/opt/ros/humble/share/ament_lint_auto/cmake)
[0.673s] -- Added test 'cppcheck' to perform static code analysis on C / C++ code
[0.673s] -- Configured cppcheck include dirs: 
[0.673s] -- Configured cppcheck exclude dirs and/or files: 
[0.673s] -- Added test 'lint_cmake' to check CMake code style
[0.674s] -- Added test 'uncrustify' to check C / C++ code style
[0.674s] -- Configured uncrustify additional arguments: 
[0.674s] -- Added test 'xmllint' to check XML markup files
[0.675s] -- Configuring done
[0.677s] -- Generating done
[0.678s] -- Build files have been written to: /home/sven/ros2_ws/build/components_cpp
[0.683s] Invoked command in '/home/sven/ros2_ws/build/components_cpp' returned '0': CMAKE_PREFIX_PATH=${CMAKE_PREFIX_PATH}:/home/sven/ros2_ws/install/components_py:/home/sven/ros2_ws/install/executors_py:/home/sven/ros2_ws/install/my_py_pkg:/home/sven/ros2_ws/install/actions_py:/home/sven/ros2_ws/install/lifecycle_py:/opt/ros/humble /usr/bin/cmake /home/sven/ros2_ws/src/components_cpp -DCMAKE_INSTALL_PREFIX=/home/sven/ros2_ws/install/components_cpp
[0.684s] Invoking command in '/home/sven/ros2_ws/build/components_cpp': CMAKE_PREFIX_PATH=${CMAKE_PREFIX_PATH}:/home/sven/ros2_ws/install/components_py:/home/sven/ros2_ws/install/executors_py:/home/sven/ros2_ws/install/my_py_pkg:/home/sven/ros2_ws/install/actions_py:/home/sven/ros2_ws/install/lifecycle_py:/opt/ros/humble /usr/bin/cmake --build /home/sven/ros2_ws/build/components_cpp -- -j20 -l20
[0.703s] Invoked command in '/home/sven/ros2_ws/build/components_cpp' returned '0': CMAKE_PREFIX_PATH=${CMAKE_PREFIX_PATH}:/home/sven/ros2_ws/install/components_py:/home/sven/ros2_ws/install/executors_py:/home/sven/ros2_ws/install/my_py_pkg:/home/sven/ros2_ws/install/actions_py:/home/sven/ros2_ws/install/lifecycle_py:/opt/ros/humble /usr/bin/cmake --build /home/sven/ros2_ws/build/components_cpp -- -j20 -l20
[0.718s] Invoking command in '/home/sven/ros2_ws/build/components_cpp': CMAKE_PREFIX_PATH=${CMAKE_PREFIX_PATH}:/home/sven/ros2_ws/install/components_py:/home/sven/ros2_ws/install/executors_py:/home/sven/ros2_ws/install/my_py_pkg:/home/sven/ros2_ws/install/actions_py:/home/sven/ros2_ws/install/lifecycle_py:/opt/ros/humble /usr/bin/cmake --install /home/sven/ros2_ws/build/components_cpp
[0.722s] -- Install configuration: ""
[0.722s] -- Installing: /home/sven/ros2_ws/install/components_cpp/share/ament_index/resource_index/package_run_dependencies/components_cpp
[0.722s] -- Installing: /home/sven/ros2_ws/install/components_cpp/share/ament_index/resource_index/parent_prefix_path/components_cpp
[0.722s] -- Installing: /home/sven/ros2_ws/install/components_cpp/share/components_cpp/environment/ament_prefix_path.sh
[0.722s] -- Installing: /home/sven/ros2_ws/install/components_cpp/share/components_cpp/environment/ament_prefix_path.dsv
[0.722s] -- Installing: /home/sven/ros2_ws/install/components_cpp/share/components_cpp/environment/path.sh
[0.722s] -- Installing: /home/sven/ros2_ws/install/components_cpp/share/components_cpp/environment/path.dsv
[0.722s] -- Installing: /home/sven/ros2_ws/install/components_cpp/share/components_cpp/local_setup.bash
[0.722s] -- Installing: /home/sven/ros2_ws/install/components_cpp/share/components_cpp/local_setup.sh
[0.722s] -- Installing: /home/sven/ros2_ws/install/components_cpp/share/components_cpp/local_setup.zsh
[0.722s] -- Installing: /home/sven/ros2_ws/install/components_cpp/share/components_cpp/local_setup.dsv
[0.722s] -- Installing: /home/sven/ros2_ws/install/components_cpp/share/components_cpp/package.dsv
[0.722s] -- Installing: /home/sven/ros2_ws/install/components_cpp/share/ament_index/resource_index/packages/components_cpp
[0.722s] -- Installing: /home/sven/ros2_ws/install/components_cpp/share/components_cpp/cmake/components_cppConfig.cmake
[0.722s] -- Installing: /home/sven/ros2_ws/install/components_cpp/share/components_cpp/cmake/components_cppConfig-version.cmake
[0.722s] -- Installing: /home/sven/ros2_ws/install/components_cpp/share/components_cpp/package.xml
[0.724s] Invoked command in '/home/sven/ros2_ws/build/components_cpp' returned '0': CMAKE_PREFIX_PATH=${CMAKE_PREFIX_PATH}:/home/sven/ros2_ws/install/components_py:/home/sven/ros2_ws/install/executors_py:/home/sven/ros2_ws/install/my_py_pkg:/home/sven/ros2_ws/install/actions_py:/home/sven/ros2_ws/install/lifecycle_py:/opt/ros/humble /usr/bin/cmake --install /home/sven/ros2_ws/build/components_cpp
