[0.227s] Invoking command in '/home/sven/ros2_ws/build/actions_cpp': CMAKE_PREFIX_PATH=/home/sven/ros2_ws/install/my_robot_interfaces:/home/sven/ros2_ws/install/turtlesim_catch_them_all:/home/sven/ros2_ws/install/my_robot_bringup:/home/sven/ros2_ws/install/my_cpp_pkg:/home/sven/ros2_ws/install/actions_cpp:/home/sven/ros2_ws/install/my_robot_description:/home/sven/install/my_robot_description:/home/sven/ros2_ws/install/my_py_pkg:/home/sven/ros2_ws/install/actions_py:/opt/ros/humble LD_LIBRARY_PATH=/home/sven/ros2_ws/install/my_robot_interfaces/lib:/usr/lib/x86_64-linux-gnu/gazebo-11/plugins:/opt/ros/humble/opt/rviz_ogre_vendor/lib:/opt/ros/humble/lib/x86_64-linux-gnu:/opt/ros/humble/lib:/usr/share/gazebo/../../lib/x86_64-linux-gnu/gazebo-11/plugins /usr/bin/cmake --build /home/sven/ros2_ws/build/actions_cpp -- -j20 -l20
[0.366s] -- Found ament_cmake: 1.3.8 (/opt/ros/humble/share/ament_cmake/cmake)
[0.366s] -- Found rclcpp: 16.0.8 (/opt/ros/humble/share/rclcpp/cmake)
[0.367s] -- Found rosidl_generator_c: 3.1.5 (/opt/ros/humble/share/rosidl_generator_c/cmake)
[0.367s] -- Found rosidl_adapter: 3.1.5 (/opt/ros/humble/share/rosidl_adapter/cmake)
[0.367s] -- Found rosidl_generator_cpp: 3.1.5 (/opt/ros/humble/share/rosidl_generator_cpp/cmake)
[0.367s] -- Using all available rosidl_typesupport_c: rosidl_typesupport_fastrtps_c;rosidl_typesupport_introspection_c
[0.367s] -- Using all available rosidl_typesupport_cpp: rosidl_typesupport_fastrtps_cpp;rosidl_typesupport_introspection_cpp
[0.367s] -- Found rmw_implementation_cmake: 6.1.1 (/opt/ros/humble/share/rmw_implementation_cmake/cmake)
[0.367s] -- Found rmw_fastrtps_cpp: 6.2.6 (/opt/ros/humble/share/rmw_fastrtps_cpp/cmake)
[0.423s] -- Using RMW implementation 'rmw_fastrtps_cpp' as default
[0.502s] -- Found rclcpp_action: 16.0.8 (/opt/ros/humble/share/rclcpp_action/cmake)
[0.550s] -- Found my_robot_interfaces: 0.0.0 (/home/sven/ros2_ws/install/my_robot_interfaces/share/my_robot_interfaces/cmake)
[0.624s] -- Configuring done
[0.638s] -- Generating done
[0.640s] -- Build files have been written to: /home/sven/ros2_ws/build/actions_cpp
[0.659s] [35m[1mConsolidate compiler generated dependencies of target count_until_server_queue_goals[0m
[0.659s] [35m[1mConsolidate compiler generated dependencies of target count_until_client[0m
[0.660s] [35m[1mConsolidate compiler generated dependencies of target count_until_server[0m
[0.669s] [ 33%] [32mBuilding CXX object CMakeFiles/count_until_client.dir/src/count_until_client.cpp.o[0m
[0.669s] [ 33%] [32mBuilding CXX object CMakeFiles/count_until_server_queue_goals.dir/src/count_until_server_queue_goals.cpp.o[0m
[0.670s] [ 50%] [32mBuilding CXX object CMakeFiles/count_until_server.dir/src/count_until_server.cpp.o[0m
[2.006s] [01m[K/home/sven/ros2_ws/src/actions_cpp/src/count_until_server_queue_goals.cpp:[m[K In member function ‘[01m[Kvoid CountUntilServerQueueGoalsNode::run_goal_queue_thread()[m[K’:
[2.006s] [01m[K/home/sven/ros2_ws/src/actions_cpp/src/count_until_server_queue_goals.cpp:76:24:[m[K [01;35m[Kwarning: [m[Kthe address of ‘[01m[Kbool rclcpp::ok(rclcpp::Context::SharedPtr)[m[K’ will never be NULL [[01;35m[K]8;;https://gcc.gnu.org/onlinedocs/gcc/Warning-Options.html#index-Waddress-Waddress]8;;[m[K]
[2.006s]    76 |         while ([01;35m[Krclcpp::ok[m[K)
[2.006s]       |                [01;35m[K~~~~~~~~^~[m[K
[2.722s] [ 66%] [32m[1mLinking CXX executable count_until_server[0m
[2.766s] [ 83%] [32m[1mLinking CXX executable count_until_server_queue_goals[0m
[2.819s] [ 83%] Built target count_until_server
[2.843s] [100%] [32m[1mLinking CXX executable count_until_client[0m
[2.880s] [100%] Built target count_until_server_queue_goals
[2.933s] [100%] Built target count_until_client
[2.940s] Invoked command in '/home/sven/ros2_ws/build/actions_cpp' returned '0': CMAKE_PREFIX_PATH=/home/sven/ros2_ws/install/my_robot_interfaces:/home/sven/ros2_ws/install/turtlesim_catch_them_all:/home/sven/ros2_ws/install/my_robot_bringup:/home/sven/ros2_ws/install/my_cpp_pkg:/home/sven/ros2_ws/install/actions_cpp:/home/sven/ros2_ws/install/my_robot_description:/home/sven/install/my_robot_description:/home/sven/ros2_ws/install/my_py_pkg:/home/sven/ros2_ws/install/actions_py:/opt/ros/humble LD_LIBRARY_PATH=/home/sven/ros2_ws/install/my_robot_interfaces/lib:/usr/lib/x86_64-linux-gnu/gazebo-11/plugins:/opt/ros/humble/opt/rviz_ogre_vendor/lib:/opt/ros/humble/lib/x86_64-linux-gnu:/opt/ros/humble/lib:/usr/share/gazebo/../../lib/x86_64-linux-gnu/gazebo-11/plugins /usr/bin/cmake --build /home/sven/ros2_ws/build/actions_cpp -- -j20 -l20
[2.955s] Invoking command in '/home/sven/ros2_ws/build/actions_cpp': CMAKE_PREFIX_PATH=/home/sven/ros2_ws/install/my_robot_interfaces:/home/sven/ros2_ws/install/turtlesim_catch_them_all:/home/sven/ros2_ws/install/my_robot_bringup:/home/sven/ros2_ws/install/my_cpp_pkg:/home/sven/ros2_ws/install/actions_cpp:/home/sven/ros2_ws/install/my_robot_description:/home/sven/install/my_robot_description:/home/sven/ros2_ws/install/my_py_pkg:/home/sven/ros2_ws/install/actions_py:/opt/ros/humble LD_LIBRARY_PATH=/home/sven/ros2_ws/install/my_robot_interfaces/lib:/usr/lib/x86_64-linux-gnu/gazebo-11/plugins:/opt/ros/humble/opt/rviz_ogre_vendor/lib:/opt/ros/humble/lib/x86_64-linux-gnu:/opt/ros/humble/lib:/usr/share/gazebo/../../lib/x86_64-linux-gnu/gazebo-11/plugins /usr/bin/cmake --install /home/sven/ros2_ws/build/actions_cpp
[2.959s] -- Install configuration: ""
[2.959s] -- Installing: /home/sven/ros2_ws/install/actions_cpp/lib/actions_cpp/count_until_server
[2.960s] -- Set runtime path of "/home/sven/ros2_ws/install/actions_cpp/lib/actions_cpp/count_until_server" to ""
[2.960s] -- Installing: /home/sven/ros2_ws/install/actions_cpp/lib/actions_cpp/count_until_server_queue_goals
[2.960s] -- Set runtime path of "/home/sven/ros2_ws/install/actions_cpp/lib/actions_cpp/count_until_server_queue_goals" to ""
[2.960s] -- Installing: /home/sven/ros2_ws/install/actions_cpp/lib/actions_cpp/count_until_client
[2.961s] -- Set runtime path of "/home/sven/ros2_ws/install/actions_cpp/lib/actions_cpp/count_until_client" to ""
[2.961s] -- Up-to-date: /home/sven/ros2_ws/install/actions_cpp/share/ament_index/resource_index/package_run_dependencies/actions_cpp
[2.961s] -- Up-to-date: /home/sven/ros2_ws/install/actions_cpp/share/ament_index/resource_index/parent_prefix_path/actions_cpp
[2.961s] -- Up-to-date: /home/sven/ros2_ws/install/actions_cpp/share/actions_cpp/environment/ament_prefix_path.sh
[2.961s] -- Installing: /home/sven/ros2_ws/install/actions_cpp/share/actions_cpp/environment/ament_prefix_path.dsv
[2.961s] -- Up-to-date: /home/sven/ros2_ws/install/actions_cpp/share/actions_cpp/environment/path.sh
[2.961s] -- Installing: /home/sven/ros2_ws/install/actions_cpp/share/actions_cpp/environment/path.dsv
[2.961s] -- Up-to-date: /home/sven/ros2_ws/install/actions_cpp/share/actions_cpp/local_setup.bash
[2.962s] -- Up-to-date: /home/sven/ros2_ws/install/actions_cpp/share/actions_cpp/local_setup.sh
[2.962s] -- Up-to-date: /home/sven/ros2_ws/install/actions_cpp/share/actions_cpp/local_setup.zsh
[2.962s] -- Installing: /home/sven/ros2_ws/install/actions_cpp/share/actions_cpp/local_setup.dsv
[2.962s] -- Installing: /home/sven/ros2_ws/install/actions_cpp/share/actions_cpp/package.dsv
[2.962s] -- Up-to-date: /home/sven/ros2_ws/install/actions_cpp/share/ament_index/resource_index/packages/actions_cpp
[2.962s] -- Up-to-date: /home/sven/ros2_ws/install/actions_cpp/share/actions_cpp/cmake/actions_cppConfig.cmake
[2.962s] -- Up-to-date: /home/sven/ros2_ws/install/actions_cpp/share/actions_cpp/cmake/actions_cppConfig-version.cmake
[2.962s] -- Up-to-date: /home/sven/ros2_ws/install/actions_cpp/share/actions_cpp/package.xml
[2.963s] Invoked command in '/home/sven/ros2_ws/build/actions_cpp' returned '0': CMAKE_PREFIX_PATH=/home/sven/ros2_ws/install/my_robot_interfaces:/home/sven/ros2_ws/install/turtlesim_catch_them_all:/home/sven/ros2_ws/install/my_robot_bringup:/home/sven/ros2_ws/install/my_cpp_pkg:/home/sven/ros2_ws/install/actions_cpp:/home/sven/ros2_ws/install/my_robot_description:/home/sven/install/my_robot_description:/home/sven/ros2_ws/install/my_py_pkg:/home/sven/ros2_ws/install/actions_py:/opt/ros/humble LD_LIBRARY_PATH=/home/sven/ros2_ws/install/my_robot_interfaces/lib:/usr/lib/x86_64-linux-gnu/gazebo-11/plugins:/opt/ros/humble/opt/rviz_ogre_vendor/lib:/opt/ros/humble/lib/x86_64-linux-gnu:/opt/ros/humble/lib:/usr/share/gazebo/../../lib/x86_64-linux-gnu/gazebo-11/plugins /usr/bin/cmake --install /home/sven/ros2_ws/build/actions_cpp
