[0.052s] Invoking command in '/home/sven/ros2_ws/build/my_cpp_pkg': AMENT_PREFIX_PATH=/home/sven/ros2_ws/install/my_robot_interfaces:${AMENT_PREFIX_PATH} CMAKE_PREFIX_PATH=/home/sven/ros2_ws/install/my_robot_interfaces:/opt/ros/humble LD_LIBRARY_PATH=/home/sven/ros2_ws/install/my_robot_interfaces/lib:${LD_LIBRARY_PATH} PYTHONPATH=/home/sven/ros2_ws/install/my_robot_interfaces/local/lib/python3.10/dist-packages:${PYTHONPATH} /usr/bin/cmake --build /home/sven/ros2_ws/build/my_cpp_pkg -- -j20 -l20
[0.178s] [35m[1mConsolidate compiler generated dependencies of target robot_news_station[0m
[0.178s] [35m[1mConsolidate compiler generated dependencies of target cpp_node[0m
[0.178s] [35m[1mConsolidate compiler generated dependencies of target number_publisher[0m
[0.178s] [35m[1mConsolidate compiler generated dependencies of target smartphone[0m
[0.178s] [35m[1mConsolidate compiler generated dependencies of target number_counter[0m
[0.178s] [35m[1mConsolidate compiler generated dependencies of target add_two_ints_client_no_oop[0m
[0.178s] [35m[1mConsolidate compiler generated dependencies of target add_two_ints_server[0m
[0.178s] [35m[1mConsolidate compiler generated dependencies of target add_two_ints_client[0m
[0.178s] [35m[1mConsolidate compiler generated dependencies of target hardware_status_publisher[0m
[0.178s] [35m[1mConsolidate compiler generated dependencies of target led_panel_status_publisher[0m
[0.178s] [35m[1mConsolidate compiler generated dependencies of target battery[0m
[0.178s] [  9%] Built target cpp_node
[0.178s] [ 40%] Built target number_counter
[0.178s] [ 40%] Built target smartphone
[0.178s] [ 40%] Built target number_publisher
[0.178s] [ 45%] Built target robot_news_station
[0.178s] [ 54%] Built target add_two_ints_server
[0.179s] [ 63%] Built target add_two_ints_client
[0.179s] [ 72%] Built target hardware_status_publisher
[0.179s] [ 81%] Built target led_panel_status_publisher
[0.179s] [ 90%] Built target battery
[0.179s] [100%] Built target add_two_ints_client_no_oop
[0.180s] Invoked command in '/home/sven/ros2_ws/build/my_cpp_pkg' returned '0': AMENT_PREFIX_PATH=/home/sven/ros2_ws/install/my_robot_interfaces:${AMENT_PREFIX_PATH} CMAKE_PREFIX_PATH=/home/sven/ros2_ws/install/my_robot_interfaces:/opt/ros/humble LD_LIBRARY_PATH=/home/sven/ros2_ws/install/my_robot_interfaces/lib:${LD_LIBRARY_PATH} PYTHONPATH=/home/sven/ros2_ws/install/my_robot_interfaces/local/lib/python3.10/dist-packages:${PYTHONPATH} /usr/bin/cmake --build /home/sven/ros2_ws/build/my_cpp_pkg -- -j20 -l20
[0.202s] Invoking command in '/home/sven/ros2_ws/build/my_cpp_pkg': AMENT_PREFIX_PATH=/home/sven/ros2_ws/install/my_robot_interfaces:${AMENT_PREFIX_PATH} CMAKE_PREFIX_PATH=/home/sven/ros2_ws/install/my_robot_interfaces:/opt/ros/humble LD_LIBRARY_PATH=/home/sven/ros2_ws/install/my_robot_interfaces/lib:${LD_LIBRARY_PATH} PYTHONPATH=/home/sven/ros2_ws/install/my_robot_interfaces/local/lib/python3.10/dist-packages:${PYTHONPATH} /usr/bin/cmake --install /home/sven/ros2_ws/build/my_cpp_pkg
[0.205s] -- Install configuration: ""
[0.205s] -- Up-to-date: /home/sven/ros2_ws/install/my_cpp_pkg/lib/my_cpp_pkg/cpp_node
[0.205s] -- Up-to-date: /home/sven/ros2_ws/install/my_cpp_pkg/lib/my_cpp_pkg/robot_news_station
[0.205s] -- Up-to-date: /home/sven/ros2_ws/install/my_cpp_pkg/lib/my_cpp_pkg/smartphone
[0.205s] -- Up-to-date: /home/sven/ros2_ws/install/my_cpp_pkg/lib/my_cpp_pkg/number_publisher
[0.205s] -- Up-to-date: /home/sven/ros2_ws/install/my_cpp_pkg/lib/my_cpp_pkg/number_counter
[0.205s] -- Up-to-date: /home/sven/ros2_ws/install/my_cpp_pkg/lib/my_cpp_pkg/add_two_ints_server
[0.205s] -- Up-to-date: /home/sven/ros2_ws/install/my_cpp_pkg/lib/my_cpp_pkg/add_two_ints_client
[0.206s] -- Up-to-date: /home/sven/ros2_ws/install/my_cpp_pkg/lib/my_cpp_pkg/add_two_ints_client_no_oop
[0.206s] -- Up-to-date: /home/sven/ros2_ws/install/my_cpp_pkg/lib/my_cpp_pkg/hardware_status_publisher
[0.206s] -- Up-to-date: /home/sven/ros2_ws/install/my_cpp_pkg/lib/my_cpp_pkg/led_panel_status_publisher
[0.206s] -- Up-to-date: /home/sven/ros2_ws/install/my_cpp_pkg/lib/my_cpp_pkg/battery
[0.206s] -- Up-to-date: /home/sven/ros2_ws/install/my_cpp_pkg/share/ament_index/resource_index/package_run_dependencies/my_cpp_pkg
[0.206s] -- Up-to-date: /home/sven/ros2_ws/install/my_cpp_pkg/share/ament_index/resource_index/parent_prefix_path/my_cpp_pkg
[0.206s] -- Up-to-date: /home/sven/ros2_ws/install/my_cpp_pkg/share/my_cpp_pkg/environment/ament_prefix_path.sh
[0.206s] -- Up-to-date: /home/sven/ros2_ws/install/my_cpp_pkg/share/my_cpp_pkg/environment/ament_prefix_path.dsv
[0.206s] -- Up-to-date: /home/sven/ros2_ws/install/my_cpp_pkg/share/my_cpp_pkg/environment/path.sh
[0.206s] -- Up-to-date: /home/sven/ros2_ws/install/my_cpp_pkg/share/my_cpp_pkg/environment/path.dsv
[0.206s] -- Up-to-date: /home/sven/ros2_ws/install/my_cpp_pkg/share/my_cpp_pkg/local_setup.bash
[0.206s] -- Up-to-date: /home/sven/ros2_ws/install/my_cpp_pkg/share/my_cpp_pkg/local_setup.sh
[0.207s] -- Up-to-date: /home/sven/ros2_ws/install/my_cpp_pkg/share/my_cpp_pkg/local_setup.zsh
[0.207s] -- Up-to-date: /home/sven/ros2_ws/install/my_cpp_pkg/share/my_cpp_pkg/local_setup.dsv
[0.207s] -- Installing: /home/sven/ros2_ws/install/my_cpp_pkg/share/my_cpp_pkg/package.dsv
[0.207s] -- Up-to-date: /home/sven/ros2_ws/install/my_cpp_pkg/share/ament_index/resource_index/packages/my_cpp_pkg
[0.207s] -- Up-to-date: /home/sven/ros2_ws/install/my_cpp_pkg/share/my_cpp_pkg/cmake/my_cpp_pkgConfig.cmake
[0.207s] -- Up-to-date: /home/sven/ros2_ws/install/my_cpp_pkg/share/my_cpp_pkg/cmake/my_cpp_pkgConfig-version.cmake
[0.207s] -- Up-to-date: /home/sven/ros2_ws/install/my_cpp_pkg/share/my_cpp_pkg/package.xml
[0.207s] Invoked command in '/home/sven/ros2_ws/build/my_cpp_pkg' returned '0': AMENT_PREFIX_PATH=/home/sven/ros2_ws/install/my_robot_interfaces:${AMENT_PREFIX_PATH} CMAKE_PREFIX_PATH=/home/sven/ros2_ws/install/my_robot_interfaces:/opt/ros/humble LD_LIBRARY_PATH=/home/sven/ros2_ws/install/my_robot_interfaces/lib:${LD_LIBRARY_PATH} PYTHONPATH=/home/sven/ros2_ws/install/my_robot_interfaces/local/lib/python3.10/dist-packages:${PYTHONPATH} /usr/bin/cmake --install /home/sven/ros2_ws/build/my_cpp_pkg
