[0.026s] Invoking command in '/home/sven/ros2_ws/build/turtlesim_catch_them_all': CMAKE_PREFIX_PATH=/home/sven/ros2_ws/install/my_robot_interfaces:/home/sven/ros2_ws/install/turtlesim_catch_them_all:/home/sven/ros2_ws/install/my_robot_bringup:/home/sven/ros2_ws/install/my_cpp_pkg:/home/sven/ros2_ws/install/my_py_pkg:/opt/ros/humble /usr/bin/cmake --build /home/sven/ros2_ws/build/turtlesim_catch_them_all -- -j20 -l20
[0.046s] [35m[1mConsolidate compiler generated dependencies of target turtle_spawner[0m
[0.051s] [ 50%] Built target turtle_controller
[0.054s] [ 75%] [32mBuilding CXX object CMakeFiles/turtle_spawner.dir/src/turtle_spawner_node.cpp.o[0m
[1.137s] In file included from [01m[K/opt/ros/humble/include/rclcpp/rclcpp/logging.hpp:24[m[K,
[1.137s]                  from [01m[K/opt/ros/humble/include/rclcpp/rclcpp/client.hpp:40[m[K,
[1.137s]                  from [01m[K/opt/ros/humble/include/rclcpp/rclcpp/callback_group.hpp:24[m[K,
[1.137s]                  from [01m[K/opt/ros/humble/include/rclcpp/rclcpp/any_executable.hpp:20[m[K,
[1.137s]                  from [01m[K/opt/ros/humble/include/rclcpp/rclcpp/memory_strategy.hpp:25[m[K,
[1.137s]                  from [01m[K/opt/ros/humble/include/rclcpp/rclcpp/memory_strategies.hpp:18[m[K,
[1.137s]                  from [01m[K/opt/ros/humble/include/rclcpp/rclcpp/executor_options.hpp:20[m[K,
[1.137s]                  from [01m[K/opt/ros/humble/include/rclcpp/rclcpp/executor.hpp:37[m[K,
[1.137s]                  from [01m[K/opt/ros/humble/include/rclcpp/rclcpp/executors/multi_threaded_executor.hpp:25[m[K,
[1.137s]                  from [01m[K/opt/ros/humble/include/rclcpp/rclcpp/executors.hpp:21[m[K,
[1.137s]                  from [01m[K/opt/ros/humble/include/rclcpp/rclcpp/rclcpp.hpp:155[m[K,
[1.137s]                  from [01m[K/home/sven/ros2_ws/src/turtlesim_catch_them_all/src/turtle_spawner_node.cpp:1[m[K:
[1.137s] [01m[K/home/sven/ros2_ws/src/turtlesim_catch_them_all/src/turtle_spawner_node.cpp:[m[K In member function ‘[01m[Kvoid TurtleSpawnerNode::callKillTurtleService(std::string)[m[K’:
[1.137s] [01m[K/home/sven/ros2_ws/src/turtlesim_catch_them_all/src/turtle_spawner_node.cpp:163:57:[m[K [01;35m[Kwarning: [m[Kformat ‘[01m[K%d[m[K’ expects argument of type ‘[01m[Kint[m[K’, but argument 5 has type ‘[01m[K__gnu_cxx::__alloc_traits<std::allocator<my_robot_interfaces::msg::Turtle_<std::allocator<void> > >, my_robot_interfaces::msg::Turtle_<std::allocator<void> > >::value_type[m[K’ {aka ‘[01m[Kmy_robot_interfaces::msg::Turtle_<std::allocator<void> >[m[K’} [[01;35m[K]8;;https://gcc.gnu.org/onlinedocs/gcc/Warning-Options.html#index-Wformat=-Wformat=]8;;[m[K]
[1.137s]   163 |                         RCLCPP_INFO(this->get_logger(), [01;35m[K"%d "[m[K, alive_turtles_[i]);
[1.137s]       |                                                         [01;35m[K^~~~~[m[K
[1.137s] [01m[K/home/sven/ros2_ws/src/turtlesim_catch_them_all/src/turtle_spawner_node.cpp:163:59:[m[K [01;36m[Knote: [m[Kformat string is defined here
[1.137s]   163 |                         RCLCPP_INFO(this->get_logger(), "[01;36m[K%d[m[K ", alive_turtles_[i]);
[1.137s]       |                                                          [01;36m[K~^[m[K
[1.137s]       |                                                           [01;36m[K|[m[K
[1.137s]       |                                                           [01;36m[Kint[m[K
[3.087s] [100%] [32m[1mLinking CXX executable turtle_spawner[0m
[3.224s] [100%] Built target turtle_spawner
[3.236s] Invoked command in '/home/sven/ros2_ws/build/turtlesim_catch_them_all' returned '0': CMAKE_PREFIX_PATH=/home/sven/ros2_ws/install/my_robot_interfaces:/home/sven/ros2_ws/install/turtlesim_catch_them_all:/home/sven/ros2_ws/install/my_robot_bringup:/home/sven/ros2_ws/install/my_cpp_pkg:/home/sven/ros2_ws/install/my_py_pkg:/opt/ros/humble /usr/bin/cmake --build /home/sven/ros2_ws/build/turtlesim_catch_them_all -- -j20 -l20
[3.254s] Invoking command in '/home/sven/ros2_ws/build/turtlesim_catch_them_all': CMAKE_PREFIX_PATH=/home/sven/ros2_ws/install/my_robot_interfaces:/home/sven/ros2_ws/install/turtlesim_catch_them_all:/home/sven/ros2_ws/install/my_robot_bringup:/home/sven/ros2_ws/install/my_cpp_pkg:/home/sven/ros2_ws/install/my_py_pkg:/opt/ros/humble /usr/bin/cmake --install /home/sven/ros2_ws/build/turtlesim_catch_them_all
[3.258s] -- Install configuration: ""
[3.258s] -- Up-to-date: /home/sven/ros2_ws/install/turtlesim_catch_them_all/lib/turtlesim_catch_them_all/turtle_controller
[3.258s] -- Installing: /home/sven/ros2_ws/install/turtlesim_catch_them_all/lib/turtlesim_catch_them_all/turtle_spawner
[3.260s] -- Set runtime path of "/home/sven/ros2_ws/install/turtlesim_catch_them_all/lib/turtlesim_catch_them_all/turtle_spawner" to ""
[3.260s] -- Up-to-date: /home/sven/ros2_ws/install/turtlesim_catch_them_all/share/ament_index/resource_index/package_run_dependencies/turtlesim_catch_them_all
[3.260s] -- Up-to-date: /home/sven/ros2_ws/install/turtlesim_catch_them_all/share/ament_index/resource_index/parent_prefix_path/turtlesim_catch_them_all
[3.260s] -- Up-to-date: /home/sven/ros2_ws/install/turtlesim_catch_them_all/share/turtlesim_catch_them_all/environment/ament_prefix_path.sh
[3.260s] -- Up-to-date: /home/sven/ros2_ws/install/turtlesim_catch_them_all/share/turtlesim_catch_them_all/environment/ament_prefix_path.dsv
[3.260s] -- Up-to-date: /home/sven/ros2_ws/install/turtlesim_catch_them_all/share/turtlesim_catch_them_all/environment/path.sh
[3.260s] -- Up-to-date: /home/sven/ros2_ws/install/turtlesim_catch_them_all/share/turtlesim_catch_them_all/environment/path.dsv
[3.260s] -- Up-to-date: /home/sven/ros2_ws/install/turtlesim_catch_them_all/share/turtlesim_catch_them_all/local_setup.bash
[3.260s] -- Up-to-date: /home/sven/ros2_ws/install/turtlesim_catch_them_all/share/turtlesim_catch_them_all/local_setup.sh
[3.260s] -- Up-to-date: /home/sven/ros2_ws/install/turtlesim_catch_them_all/share/turtlesim_catch_them_all/local_setup.zsh
[3.260s] -- Up-to-date: /home/sven/ros2_ws/install/turtlesim_catch_them_all/share/turtlesim_catch_them_all/local_setup.dsv
[3.260s] -- Installing: /home/sven/ros2_ws/install/turtlesim_catch_them_all/share/turtlesim_catch_them_all/package.dsv
[3.260s] -- Up-to-date: /home/sven/ros2_ws/install/turtlesim_catch_them_all/share/ament_index/resource_index/packages/turtlesim_catch_them_all
[3.260s] -- Up-to-date: /home/sven/ros2_ws/install/turtlesim_catch_them_all/share/turtlesim_catch_them_all/cmake/turtlesim_catch_them_allConfig.cmake
[3.260s] -- Up-to-date: /home/sven/ros2_ws/install/turtlesim_catch_them_all/share/turtlesim_catch_them_all/cmake/turtlesim_catch_them_allConfig-version.cmake
[3.261s] -- Up-to-date: /home/sven/ros2_ws/install/turtlesim_catch_them_all/share/turtlesim_catch_them_all/package.xml
[3.261s] Invoked command in '/home/sven/ros2_ws/build/turtlesim_catch_them_all' returned '0': CMAKE_PREFIX_PATH=/home/sven/ros2_ws/install/my_robot_interfaces:/home/sven/ros2_ws/install/turtlesim_catch_them_all:/home/sven/ros2_ws/install/my_robot_bringup:/home/sven/ros2_ws/install/my_cpp_pkg:/home/sven/ros2_ws/install/my_py_pkg:/opt/ros/humble /usr/bin/cmake --install /home/sven/ros2_ws/build/turtlesim_catch_them_all
