[0.077s] Invoking command in '/home/cleanseasolutions/ros2_ws/build/my_cpp_pkg': CMAKE_PREFIX_PATH=/opt/ros/humble /usr/bin/cmake /home/cleanseasolutions/ros2_ws/src/my_cpp_pkg -DCMAKE_INSTALL_PREFIX=/home/cleanseasolutions/ros2_ws/install/my_cpp_pkg
[0.118s] -- The C compiler identification is GNU 11.4.0
[0.152s] -- The CXX compiler identification is GNU 11.4.0
[0.158s] -- Detecting C compiler ABI info
[0.200s] -- Detecting C compiler ABI info - done
[0.205s] -- Check for working C compiler: /usr/bin/cc - skipped
[0.205s] -- Detecting C compile features
[0.205s] -- Detecting C compile features - done
[0.208s] -- Detecting CXX compiler ABI info
[0.257s] -- Detecting CXX compiler ABI info - done
[0.261s] -- Check for working CXX compiler: /usr/bin/c++ - skipped
[0.262s] -- Detecting CXX compile features
[0.262s] -- Detecting CXX compile features - done
[0.263s] -- Found ament_cmake: 1.3.7 (/opt/ros/humble/share/ament_cmake/cmake)
[0.368s] -- Found Python3: /usr/bin/python3.10 (found version "3.10.12") found components: Interpreter 
[0.424s] -- Found rclcpp: 16.0.8 (/opt/ros/humble/share/rclcpp/cmake)
[0.448s] -- Found rosidl_generator_c: 3.1.5 (/opt/ros/humble/share/rosidl_generator_c/cmake)
[0.451s] -- Found rosidl_adapter: 3.1.5 (/opt/ros/humble/share/rosidl_adapter/cmake)
[0.455s] -- Found rosidl_generator_cpp: 3.1.5 (/opt/ros/humble/share/rosidl_generator_cpp/cmake)
[0.462s] -- Using all available rosidl_typesupport_c: rosidl_typesupport_fastrtps_c;rosidl_typesupport_introspection_c
[0.472s] -- Using all available rosidl_typesupport_cpp: rosidl_typesupport_fastrtps_cpp;rosidl_typesupport_introspection_cpp
[0.515s] -- Found rmw_implementation_cmake: 6.1.1 (/opt/ros/humble/share/rmw_implementation_cmake/cmake)
[0.516s] -- Found rmw_fastrtps_cpp: 6.2.6 (/opt/ros/humble/share/rmw_fastrtps_cpp/cmake)
[0.576s] -- Found OpenSSL: /usr/lib/x86_64-linux-gnu/libcrypto.so (found version "3.0.2")  
[0.592s] -- Found FastRTPS: /opt/ros/humble/include  
[0.620s] -- Using RMW implementation 'rmw_fastrtps_cpp' as default
[0.625s] -- Looking for pthread.h
[0.669s] -- Looking for pthread.h - found
[0.669s] -- Performing Test CMAKE_HAVE_LIBC_PTHREAD
[0.714s] -- Performing Test CMAKE_HAVE_LIBC_PTHREAD - Success
[0.715s] -- Found Threads: TRUE  
[0.816s] -- Found ament_lint_auto: 0.12.10 (/opt/ros/humble/share/ament_lint_auto/cmake)
[0.860s] -- Added test 'lint_cmake' to check CMake code style
[0.861s] -- Added test 'xmllint' to check XML markup files
[0.861s] -- Configuring done
[0.863s] -- Generating done
[0.864s] -- Build files have been written to: /home/cleanseasolutions/ros2_ws/build/my_cpp_pkg
[0.871s] Invoked command in '/home/cleanseasolutions/ros2_ws/build/my_cpp_pkg' returned '0': CMAKE_PREFIX_PATH=/opt/ros/humble /usr/bin/cmake /home/cleanseasolutions/ros2_ws/src/my_cpp_pkg -DCMAKE_INSTALL_PREFIX=/home/cleanseasolutions/ros2_ws/install/my_cpp_pkg
[0.872s] Invoking command in '/home/cleanseasolutions/ros2_ws/build/my_cpp_pkg': CMAKE_PREFIX_PATH=/opt/ros/humble /usr/bin/cmake --build /home/cleanseasolutions/ros2_ws/build/my_cpp_pkg -- -j16 -l16
[0.895s] Invoked command in '/home/cleanseasolutions/ros2_ws/build/my_cpp_pkg' returned '0': CMAKE_PREFIX_PATH=/opt/ros/humble /usr/bin/cmake --build /home/cleanseasolutions/ros2_ws/build/my_cpp_pkg -- -j16 -l16
[0.915s] Invoking command in '/home/cleanseasolutions/ros2_ws/build/my_cpp_pkg': CMAKE_PREFIX_PATH=/opt/ros/humble /usr/bin/cmake --install /home/cleanseasolutions/ros2_ws/build/my_cpp_pkg
[0.919s] -- Install configuration: ""
[0.919s] -- Installing: /home/cleanseasolutions/ros2_ws/install/my_cpp_pkg/share/ament_index/resource_index/package_run_dependencies/my_cpp_pkg
[0.919s] -- Installing: /home/cleanseasolutions/ros2_ws/install/my_cpp_pkg/share/ament_index/resource_index/parent_prefix_path/my_cpp_pkg
[0.919s] -- Installing: /home/cleanseasolutions/ros2_ws/install/my_cpp_pkg/share/my_cpp_pkg/environment/ament_prefix_path.sh
[0.919s] -- Installing: /home/cleanseasolutions/ros2_ws/install/my_cpp_pkg/share/my_cpp_pkg/environment/ament_prefix_path.dsv
[0.919s] -- Installing: /home/cleanseasolutions/ros2_ws/install/my_cpp_pkg/share/my_cpp_pkg/environment/path.sh
[0.919s] -- Installing: /home/cleanseasolutions/ros2_ws/install/my_cpp_pkg/share/my_cpp_pkg/environment/path.dsv
[0.919s] -- Installing: /home/cleanseasolutions/ros2_ws/install/my_cpp_pkg/share/my_cpp_pkg/local_setup.bash
[0.919s] -- Installing: /home/cleanseasolutions/ros2_ws/install/my_cpp_pkg/share/my_cpp_pkg/local_setup.sh
[0.919s] -- Installing: /home/cleanseasolutions/ros2_ws/install/my_cpp_pkg/share/my_cpp_pkg/local_setup.zsh
[0.919s] -- Installing: /home/cleanseasolutions/ros2_ws/install/my_cpp_pkg/share/my_cpp_pkg/local_setup.dsv
[0.919s] -- Installing: /home/cleanseasolutions/ros2_ws/install/my_cpp_pkg/share/my_cpp_pkg/package.dsv
[0.919s] -- Installing: /home/cleanseasolutions/ros2_ws/install/my_cpp_pkg/share/ament_index/resource_index/packages/my_cpp_pkg
[0.919s] -- Installing: /home/cleanseasolutions/ros2_ws/install/my_cpp_pkg/share/my_cpp_pkg/cmake/my_cpp_pkgConfig.cmake
[0.919s] -- Installing: /home/cleanseasolutions/ros2_ws/install/my_cpp_pkg/share/my_cpp_pkg/cmake/my_cpp_pkgConfig-version.cmake
[0.919s] -- Installing: /home/cleanseasolutions/ros2_ws/install/my_cpp_pkg/share/my_cpp_pkg/package.xml
[0.921s] Invoked command in '/home/cleanseasolutions/ros2_ws/build/my_cpp_pkg' returned '0': CMAKE_PREFIX_PATH=/opt/ros/humble /usr/bin/cmake --install /home/cleanseasolutions/ros2_ws/build/my_cpp_pkg
