[0.533s] Invoking command in '/home/sven/ros2_ws/build/actions_py': CMAKE_PREFIX_PATH=/home/sven/ros2_ws/install/my_robot_interfaces:/home/sven/ros2_ws/install/turtlesim_catch_them_all:/home/sven/ros2_ws/install/my_robot_bringup:/home/sven/ros2_ws/install/my_cpp_pkg:/home/sven/ros2_ws/install/actions_cpp:/home/sven/ros2_ws/install/my_robot_description:/home/sven/install/my_robot_description LD_LIBRARY_PATH=/home/sven/ros2_ws/install/my_robot_interfaces/lib:/usr/lib/x86_64-linux-gnu/gazebo-11/plugins:/opt/ros/humble/opt/rviz_ogre_vendor/lib:/opt/ros/humble/lib/x86_64-linux-gnu:/opt/ros/humble/lib:/usr/share/gazebo/../../lib/x86_64-linux-gnu/gazebo-11/plugins PYTHONPATH=/home/sven/ros2_ws/build/actions_py/prefix_override:/home/sven/ros2_ws/install/actions_py/lib/python3.10/site-packages:${PYTHONPATH} /usr/bin/python3 setup.py develop --uninstall --editable --build-directory /home/sven/ros2_ws/build/actions_py/build
[0.646s] running develop
[0.647s] /usr/lib/python3/dist-packages/setuptools/command/easy_install.py:158: EasyInstallDeprecationWarning: easy_install command is deprecated. Use build and pip and other standards-based tools.
[0.647s]   warnings.warn(
[0.648s] /usr/lib/python3/dist-packages/setuptools/command/install.py:34: SetuptoolsDeprecationWarning: setup.py install is deprecated. Use build and pip and other standards-based tools.
[0.648s]   warnings.warn(
[0.711s] Removing /home/sven/ros2_ws/install/actions_py/lib/python3.10/site-packages/actions-py.egg-link (link to .)
[0.727s] Invoked command in '/home/sven/ros2_ws/build/actions_py' returned '0': CMAKE_PREFIX_PATH=/home/sven/ros2_ws/install/my_robot_interfaces:/home/sven/ros2_ws/install/turtlesim_catch_them_all:/home/sven/ros2_ws/install/my_robot_bringup:/home/sven/ros2_ws/install/my_cpp_pkg:/home/sven/ros2_ws/install/actions_cpp:/home/sven/ros2_ws/install/my_robot_description:/home/sven/install/my_robot_description LD_LIBRARY_PATH=/home/sven/ros2_ws/install/my_robot_interfaces/lib:/usr/lib/x86_64-linux-gnu/gazebo-11/plugins:/opt/ros/humble/opt/rviz_ogre_vendor/lib:/opt/ros/humble/lib/x86_64-linux-gnu:/opt/ros/humble/lib:/usr/share/gazebo/../../lib/x86_64-linux-gnu/gazebo-11/plugins PYTHONPATH=/home/sven/ros2_ws/build/actions_py/prefix_override:/home/sven/ros2_ws/install/actions_py/lib/python3.10/site-packages:${PYTHONPATH} /usr/bin/python3 setup.py develop --uninstall --editable --build-directory /home/sven/ros2_ws/build/actions_py/build
[0.728s] Invoking command in '/home/sven/ros2_ws/src/actions_py': CMAKE_PREFIX_PATH=/home/sven/ros2_ws/install/my_robot_interfaces:/home/sven/ros2_ws/install/turtlesim_catch_them_all:/home/sven/ros2_ws/install/my_robot_bringup:/home/sven/ros2_ws/install/my_cpp_pkg:/home/sven/ros2_ws/install/actions_cpp:/home/sven/ros2_ws/install/my_robot_description:/home/sven/install/my_robot_description LD_LIBRARY_PATH=/home/sven/ros2_ws/install/my_robot_interfaces/lib:/usr/lib/x86_64-linux-gnu/gazebo-11/plugins:/opt/ros/humble/opt/rviz_ogre_vendor/lib:/opt/ros/humble/lib/x86_64-linux-gnu:/opt/ros/humble/lib:/usr/share/gazebo/../../lib/x86_64-linux-gnu/gazebo-11/plugins PYTHONPATH=/home/sven/ros2_ws/build/actions_py/prefix_override:/home/sven/ros2_ws/install/actions_py/lib/python3.10/site-packages:${PYTHONPATH} /usr/bin/python3 setup.py egg_info --egg-base ../../build/actions_py build --build-base /home/sven/ros2_ws/build/actions_py/build install --record /home/sven/ros2_ws/build/actions_py/install.log --single-version-externally-managed
[0.834s] running egg_info
[0.834s] writing ../../build/actions_py/actions_py.egg-info/PKG-INFO
[0.834s] writing dependency_links to ../../build/actions_py/actions_py.egg-info/dependency_links.txt
[0.834s] writing entry points to ../../build/actions_py/actions_py.egg-info/entry_points.txt
[0.834s] writing requirements to ../../build/actions_py/actions_py.egg-info/requires.txt
[0.835s] writing top-level names to ../../build/actions_py/actions_py.egg-info/top_level.txt
[0.835s] reading manifest file '../../build/actions_py/actions_py.egg-info/SOURCES.txt'
[0.836s] writing manifest file '../../build/actions_py/actions_py.egg-info/SOURCES.txt'
[0.836s] running build
[0.836s] running build_py
[0.836s] copying actions_py/count_until_server.py -> /home/sven/ros2_ws/build/actions_py/build/lib/actions_py
[0.836s] copying actions_py/count_until_client.py -> /home/sven/ros2_ws/build/actions_py/build/lib/actions_py
[0.836s] running install
[0.836s] /usr/lib/python3/dist-packages/setuptools/command/install.py:34: SetuptoolsDeprecationWarning: setup.py install is deprecated. Use build and pip and other standards-based tools.
[0.836s]   warnings.warn(
[0.836s] running install_lib
[0.837s] creating /home/sven/ros2_ws/install/actions_py/lib/python3.10/site-packages/actions_py
[0.837s] copying /home/sven/ros2_ws/build/actions_py/build/lib/actions_py/count_until_server.py -> /home/sven/ros2_ws/install/actions_py/lib/python3.10/site-packages/actions_py
[0.837s] copying /home/sven/ros2_ws/build/actions_py/build/lib/actions_py/count_until_client.py -> /home/sven/ros2_ws/install/actions_py/lib/python3.10/site-packages/actions_py
[0.837s] copying /home/sven/ros2_ws/build/actions_py/build/lib/actions_py/__init__.py -> /home/sven/ros2_ws/install/actions_py/lib/python3.10/site-packages/actions_py
[0.837s] byte-compiling /home/sven/ros2_ws/install/actions_py/lib/python3.10/site-packages/actions_py/count_until_server.py to count_until_server.cpython-310.pyc
[0.837s] byte-compiling /home/sven/ros2_ws/install/actions_py/lib/python3.10/site-packages/actions_py/count_until_client.py to count_until_client.cpython-310.pyc
[0.838s] byte-compiling /home/sven/ros2_ws/install/actions_py/lib/python3.10/site-packages/actions_py/__init__.py to __init__.cpython-310.pyc
[0.838s] running install_data
[0.838s] running install_egg_info
[0.839s] Copying ../../build/actions_py/actions_py.egg-info to /home/sven/ros2_ws/install/actions_py/lib/python3.10/site-packages/actions_py-0.0.0-py3.10.egg-info
[0.839s] running install_scripts
[0.849s] Installing count_until_client script to /home/sven/ros2_ws/install/actions_py/lib/actions_py
[0.849s] Installing count_until_server script to /home/sven/ros2_ws/install/actions_py/lib/actions_py
[0.850s] writing list of installed files to '/home/sven/ros2_ws/build/actions_py/install.log'
[0.861s] Invoked command in '/home/sven/ros2_ws/src/actions_py' returned '0': CMAKE_PREFIX_PATH=/home/sven/ros2_ws/install/my_robot_interfaces:/home/sven/ros2_ws/install/turtlesim_catch_them_all:/home/sven/ros2_ws/install/my_robot_bringup:/home/sven/ros2_ws/install/my_cpp_pkg:/home/sven/ros2_ws/install/actions_cpp:/home/sven/ros2_ws/install/my_robot_description:/home/sven/install/my_robot_description LD_LIBRARY_PATH=/home/sven/ros2_ws/install/my_robot_interfaces/lib:/usr/lib/x86_64-linux-gnu/gazebo-11/plugins:/opt/ros/humble/opt/rviz_ogre_vendor/lib:/opt/ros/humble/lib/x86_64-linux-gnu:/opt/ros/humble/lib:/usr/share/gazebo/../../lib/x86_64-linux-gnu/gazebo-11/plugins PYTHONPATH=/home/sven/ros2_ws/build/actions_py/prefix_override:/home/sven/ros2_ws/install/actions_py/lib/python3.10/site-packages:${PYTHONPATH} /usr/bin/python3 setup.py egg_info --egg-base ../../build/actions_py build --build-base /home/sven/ros2_ws/build/actions_py/build install --record /home/sven/ros2_ws/build/actions_py/install.log --single-version-externally-managed
