[01m[K/home/sven/ros2_ws/src/actions_cpp/src/move_robot_client.cpp:48:39:[m[K [01;31m[Kerror: [m[K‘[01m[KCountUntilGoalHandle[m[K’ does not name a type
   48 |     void goal_response_callback(const [01;31m[KCountUntilGoalHandle[m[K::SharedPtr &goal_handle)
      |                                       [01;31m[K^~~~~~~~~~~~~~~~~~~~[m[K
[01m[K/home/sven/ros2_ws/src/actions_cpp/src/move_robot_client.cpp:48:71:[m[K [01;31m[Kerror: [m[Kexpected unqualified-id before ‘[01m[K&[m[K’ token
   48 |     void goal_response_callback(const CountUntilGoalHandle::SharedPtr [01;31m[K&[m[Kgoal_handle)
      |                                                                       [01;31m[K^[m[K
[01m[K/home/sven/ros2_ws/src/actions_cpp/src/move_robot_client.cpp:48:70:[m[K [01;31m[Kerror: [m[Kexpected ‘[01m[K)[m[K’ before ‘[01m[K&[m[K’ token
   48 |     void goal_response_callback[34m[K([m[Kconst CountUntilGoalHandle::SharedPtr[01;31m[K [m[K[32m[K&[m[Kgoal_handle)
      |                                [34m[K~[m[K                                     [01;31m[K^[m[K[32m[K~[m[K
      |                                                                      [32m[K)[m[K
[01m[K/home/sven/ros2_ws/src/actions_cpp/src/move_robot_client.cpp:48:71:[m[K [01;31m[Kerror: [m[Kexpected ‘[01m[K;[m[K’ at end of member declaration
   48 |     void goal_response_callback(const CountUntilGoalHandle::SharedPtr [01;31m[K&[m[Kgoal_handle)
      |                                                                       [01;31m[K^[m[K
      |                                                                        [32m[K;[m[K
[01m[K/home/sven/ros2_ws/src/actions_cpp/src/move_robot_client.cpp:48:72:[m[K [01;31m[Kerror: [m[K‘[01m[Kgoal_handle[m[K’ does not name a type
   48 |     void goal_response_callback(const CountUntilGoalHandle::SharedPtr &[01;31m[Kgoal_handle[m[K)
      |                                                                        [01;31m[K^~~~~~~~~~~[m[K
[01m[K/home/sven/ros2_ws/src/actions_cpp/src/move_robot_client.cpp:63:37:[m[K [01;31m[Kerror: [m[K‘[01m[KCountUntilGoalHandle[m[K’ does not name a type
   63 |     void goal_result_callback(const [01;31m[KCountUntilGoalHandle[m[K::WrappedResult &result)
      |                                     [01;31m[K^~~~~~~~~~~~~~~~~~~~[m[K
[01m[K/home/sven/ros2_ws/src/actions_cpp/src/move_robot_client.cpp:63:73:[m[K [01;31m[Kerror: [m[Kexpected unqualified-id before ‘[01m[K&[m[K’ token
   63 |     void goal_result_callback(const CountUntilGoalHandle::WrappedResult [01;31m[K&[m[Kresult)
      |                                                                         [01;31m[K^[m[K
[01m[K/home/sven/ros2_ws/src/actions_cpp/src/move_robot_client.cpp:63:72:[m[K [01;31m[Kerror: [m[Kexpected ‘[01m[K)[m[K’ before ‘[01m[K&[m[K’ token
   63 |     void goal_result_callback[34m[K([m[Kconst CountUntilGoalHandle::WrappedResult[01;31m[K [m[K[32m[K&[m[Kresult)
      |                              [34m[K~[m[K                                         [01;31m[K^[m[K[32m[K~[m[K
      |                                                                        [32m[K)[m[K
[01m[K/home/sven/ros2_ws/src/actions_cpp/src/move_robot_client.cpp:63:73:[m[K [01;31m[Kerror: [m[Kexpected ‘[01m[K;[m[K’ at end of member declaration
   63 |     void goal_result_callback(const CountUntilGoalHandle::WrappedResult [01;31m[K&[m[Kresult)
      |                                                                         [01;31m[K^[m[K
      |                                                                          [32m[K;[m[K
[01m[K/home/sven/ros2_ws/src/actions_cpp/src/move_robot_client.cpp:63:74:[m[K [01;31m[Kerror: [m[K‘[01m[Kresult[m[K’ does not name a type
   63 |     void goal_result_callback(const CountUntilGoalHandle::WrappedResult &[01;31m[Kresult[m[K)
      |                                                                          [01;31m[K^~~~~~[m[K
gmake[2]: *** [CMakeFiles/move_robot_client.dir/build.make:76: CMakeFiles/move_robot_client.dir/src/move_robot_client.cpp.o] Error 1
gmake[1]: *** [CMakeFiles/Makefile2:249: CMakeFiles/move_robot_client.dir/all] Error 2
gmake: *** [Makefile:146: all] Error 2
