-- The C compiler identification is GNU 11.4.0
-- The CXX compiler identification is GNU 11.4.0
-- Detecting C compiler ABI info
-- Detecting C compiler ABI info - done
-- Check for working C compiler: /usr/bin/cc - skipped
-- Detecting C compile features
-- Detecting C compile features - done
-- Detecting CXX compiler ABI info
-- Detecting CXX compiler ABI info - done
-- Check for working CXX compiler: /usr/bin/c++ - skipped
-- Detecting CXX compile features
-- Detecting CXX compile features - done
-- Found ament_cmake: 1.3.8 (/opt/ros/humble/share/ament_cmake/cmake)
-- Found Python3: /usr/bin/python3 (found version "3.10.12") found components: Interpreter 
[31mCMake Error at CMakeLists.txt:10 (find_package):
  By not providing "Findmy_robot_bringup.cmake" in CMAKE_MODULE_PATH this
  project has asked CMake to find a package configuration file provided by
  "my_robot_bringup", but CMake did not find one.

  Could not find a package configuration file provided by "my_robot_bringup"
  with any of the following names:

    my_robot_bringupConfig.cmake
    my_robot_bringup-config.cmake

  Add the installation prefix of "my_robot_bringup" to CMAKE_PREFIX_PATH or
  set "my_robot_bringup_DIR" to a directory containing one of the above
  files.  If "my_robot_bringup" provides a separate development package or
  SDK, be sure it has been installed.

[0m
-- Configuring incomplete, errors occurred!
See also "/home/sven/ros2_ws/build/my_robot_description/CMakeFiles/CMakeOutput.log".
