[0.024s] Invoking command in '/home/sven/ros2_ws/build/my_robot_description': CMAKE_PREFIX_PATH=${CMAKE_PREFIX_PATH}:/home/sven/ros2_ws/install/my_py_pkg:/opt/ros/humble /usr/bin/cmake /home/sven/ros2_ws/src/my_robot_description -DCMAKE_INSTALL_PREFIX=/home/sven/ros2_ws/install/my_robot_description
[0.050s] -- The C compiler identification is GNU 11.4.0
[0.076s] -- The CXX compiler identification is GNU 11.4.0
[0.080s] -- Detecting C compiler ABI info
[0.113s] -- Detecting C compiler ABI info - done
[0.118s] -- Check for working C compiler: /usr/bin/cc - skipped
[0.118s] -- Detecting C compile features
[0.118s] -- Detecting C compile features - done
[0.120s] -- Detecting CXX compiler ABI info
[0.159s] -- Detecting CXX compiler ABI info - done
[0.162s] -- Check for working CXX compiler: /usr/bin/c++ - skipped
[0.162s] -- Detecting CXX compile features
[0.162s] -- Detecting CXX compile features - done
[0.164s] -- Found ament_cmake: 1.3.8 (/opt/ros/humble/share/ament_cmake/cmake)
[0.235s] -- Found Python3: /usr/bin/python3 (found version "3.10.12") found components: Interpreter 
[0.304s] -- Configuring done
[0.305s] -- Generating done
[0.305s] -- Build files have been written to: /home/sven/ros2_ws/build/my_robot_description
[0.307s] Invoked command in '/home/sven/ros2_ws/build/my_robot_description' returned '0': CMAKE_PREFIX_PATH=${CMAKE_PREFIX_PATH}:/home/sven/ros2_ws/install/my_py_pkg:/opt/ros/humble /usr/bin/cmake /home/sven/ros2_ws/src/my_robot_description -DCMAKE_INSTALL_PREFIX=/home/sven/ros2_ws/install/my_robot_description
[0.309s] Invoking command in '/home/sven/ros2_ws/build/my_robot_description': CMAKE_PREFIX_PATH=${CMAKE_PREFIX_PATH}:/home/sven/ros2_ws/install/my_py_pkg:/opt/ros/humble /usr/bin/cmake --build /home/sven/ros2_ws/build/my_robot_description -- -j20 -l20
[0.327s] Invoked command in '/home/sven/ros2_ws/build/my_robot_description' returned '0': CMAKE_PREFIX_PATH=${CMAKE_PREFIX_PATH}:/home/sven/ros2_ws/install/my_py_pkg:/opt/ros/humble /usr/bin/cmake --build /home/sven/ros2_ws/build/my_robot_description -- -j20 -l20
[0.343s] Invoking command in '/home/sven/ros2_ws/build/my_robot_description': CMAKE_PREFIX_PATH=${CMAKE_PREFIX_PATH}:/home/sven/ros2_ws/install/my_py_pkg:/opt/ros/humble /usr/bin/cmake --install /home/sven/ros2_ws/build/my_robot_description
[0.346s] -- Install configuration: ""
[0.346s] -- Installing: /home/sven/ros2_ws/install/my_robot_description/share/my_robot_description//urdf
[0.346s] -- Installing: /home/sven/ros2_ws/install/my_robot_description/share/my_robot_description//urdf/my_robot.urdf
[0.346s] -- Installing: /home/sven/ros2_ws/install/my_robot_description/share/ament_index/resource_index/package_run_dependencies/my_robot_description
[0.346s] -- Installing: /home/sven/ros2_ws/install/my_robot_description/share/ament_index/resource_index/parent_prefix_path/my_robot_description
[0.346s] -- Installing: /home/sven/ros2_ws/install/my_robot_description/share/my_robot_description/environment/ament_prefix_path.sh
[0.346s] -- Installing: /home/sven/ros2_ws/install/my_robot_description/share/my_robot_description/environment/ament_prefix_path.dsv
[0.346s] -- Installing: /home/sven/ros2_ws/install/my_robot_description/share/my_robot_description/environment/path.sh
[0.346s] -- Installing: /home/sven/ros2_ws/install/my_robot_description/share/my_robot_description/environment/path.dsv
[0.346s] -- Installing: /home/sven/ros2_ws/install/my_robot_description/share/my_robot_description/local_setup.bash
[0.346s] -- Installing: /home/sven/ros2_ws/install/my_robot_description/share/my_robot_description/local_setup.sh
[0.346s] -- Installing: /home/sven/ros2_ws/install/my_robot_description/share/my_robot_description/local_setup.zsh
[0.346s] -- Installing: /home/sven/ros2_ws/install/my_robot_description/share/my_robot_description/local_setup.dsv
[0.346s] -- Installing: /home/sven/ros2_ws/install/my_robot_description/share/my_robot_description/package.dsv
[0.346s] -- Installing: /home/sven/ros2_ws/install/my_robot_description/share/ament_index/resource_index/packages/my_robot_description
[0.346s] -- Installing: /home/sven/ros2_ws/install/my_robot_description/share/my_robot_description/cmake/my_robot_descriptionConfig.cmake
[0.347s] -- Installing: /home/sven/ros2_ws/install/my_robot_description/share/my_robot_description/cmake/my_robot_descriptionConfig-version.cmake
[0.347s] -- Installing: /home/sven/ros2_ws/install/my_robot_description/share/my_robot_description/package.xml
[0.347s] Invoked command in '/home/sven/ros2_ws/build/my_robot_description' returned '0': CMAKE_PREFIX_PATH=${CMAKE_PREFIX_PATH}:/home/sven/ros2_ws/install/my_py_pkg:/opt/ros/humble /usr/bin/cmake --install /home/sven/ros2_ws/build/my_robot_description
