[0.122s] Invoking command in '/home/sven/ros2_ws/build/my_cpp_pkg': CMAKE_PREFIX_PATH=/home/sven/ros2_ws/install/my_robot_interfaces:/home/sven/ros2_ws/install/turtlesim_catch_them_all:/home/sven/ros2_ws/install/my_robot_bringup:/home/sven/ros2_ws/install/my_cpp_pkg:/home/sven/ros2_ws/install/my_robot_description:/home/sven/install/my_robot_description:/home/sven/ros2_ws/install/my_py_pkg:/home/sven/ros2_ws/install/actions_py:/opt/ros/humble LD_LIBRARY_PATH=/home/sven/ros2_ws/install/my_robot_interfaces/lib:/usr/lib/x86_64-linux-gnu/gazebo-11/plugins:/opt/ros/humble/opt/rviz_ogre_vendor/lib:/opt/ros/humble/lib/x86_64-linux-gnu:/opt/ros/humble/lib:/usr/share/gazebo/../../lib/x86_64-linux-gnu/gazebo-11/plugins /usr/bin/cmake --build /home/sven/ros2_ws/build/my_cpp_pkg -- -j20 -l20
[0.397s] [35m[1mConsolidate compiler generated dependencies of target hardware_status_publisher[0m
[0.397s] [35m[1mConsolidate compiler generated dependencies of target led_panel_status_publisher[0m
[0.398s] [35m[1mConsolidate compiler generated dependencies of target battery[0m
[0.398s] [ 45%] Built target number_publisher
[0.398s] [ 45%] Built target smartphone
[0.398s] [ 45%] Built target number_counter
[0.399s] [ 45%] Built target robot_news_station
[0.399s] [ 45%] Built target cpp_node
[0.399s] [ 72%] Built target add_two_ints_server
[0.399s] [ 72%] Built target add_two_ints_client_no_oop
[0.399s] [ 72%] Built target add_two_ints_client
[0.399s] [ 86%] Built target battery
[0.400s] [ 90%] Built target hardware_status_publisher
[0.400s] [100%] Built target led_panel_status_publisher
[0.401s] Invoked command in '/home/sven/ros2_ws/build/my_cpp_pkg' returned '0': CMAKE_PREFIX_PATH=/home/sven/ros2_ws/install/my_robot_interfaces:/home/sven/ros2_ws/install/turtlesim_catch_them_all:/home/sven/ros2_ws/install/my_robot_bringup:/home/sven/ros2_ws/install/my_cpp_pkg:/home/sven/ros2_ws/install/my_robot_description:/home/sven/install/my_robot_description:/home/sven/ros2_ws/install/my_py_pkg:/home/sven/ros2_ws/install/actions_py:/opt/ros/humble LD_LIBRARY_PATH=/home/sven/ros2_ws/install/my_robot_interfaces/lib:/usr/lib/x86_64-linux-gnu/gazebo-11/plugins:/opt/ros/humble/opt/rviz_ogre_vendor/lib:/opt/ros/humble/lib/x86_64-linux-gnu:/opt/ros/humble/lib:/usr/share/gazebo/../../lib/x86_64-linux-gnu/gazebo-11/plugins /usr/bin/cmake --build /home/sven/ros2_ws/build/my_cpp_pkg -- -j20 -l20
[0.424s] Invoking command in '/home/sven/ros2_ws/build/my_cpp_pkg': CMAKE_PREFIX_PATH=/home/sven/ros2_ws/install/my_robot_interfaces:/home/sven/ros2_ws/install/turtlesim_catch_them_all:/home/sven/ros2_ws/install/my_robot_bringup:/home/sven/ros2_ws/install/my_cpp_pkg:/home/sven/ros2_ws/install/my_robot_description:/home/sven/install/my_robot_description:/home/sven/ros2_ws/install/my_py_pkg:/home/sven/ros2_ws/install/actions_py:/opt/ros/humble LD_LIBRARY_PATH=/home/sven/ros2_ws/install/my_robot_interfaces/lib:/usr/lib/x86_64-linux-gnu/gazebo-11/plugins:/opt/ros/humble/opt/rviz_ogre_vendor/lib:/opt/ros/humble/lib/x86_64-linux-gnu:/opt/ros/humble/lib:/usr/share/gazebo/../../lib/x86_64-linux-gnu/gazebo-11/plugins /usr/bin/cmake --install /home/sven/ros2_ws/build/my_cpp_pkg
[0.427s] -- Install configuration: ""
[0.427s] -- Up-to-date: /home/sven/ros2_ws/install/my_cpp_pkg/lib/my_cpp_pkg/cpp_node
[0.428s] -- Up-to-date: /home/sven/ros2_ws/install/my_cpp_pkg/lib/my_cpp_pkg/robot_news_station
[0.428s] -- Up-to-date: /home/sven/ros2_ws/install/my_cpp_pkg/lib/my_cpp_pkg/smartphone
[0.428s] -- Up-to-date: /home/sven/ros2_ws/install/my_cpp_pkg/lib/my_cpp_pkg/number_publisher
[0.428s] -- Up-to-date: /home/sven/ros2_ws/install/my_cpp_pkg/lib/my_cpp_pkg/number_counter
[0.428s] -- Up-to-date: /home/sven/ros2_ws/install/my_cpp_pkg/lib/my_cpp_pkg/add_two_ints_server
[0.428s] -- Up-to-date: /home/sven/ros2_ws/install/my_cpp_pkg/lib/my_cpp_pkg/add_two_ints_client
[0.428s] -- Up-to-date: /home/sven/ros2_ws/install/my_cpp_pkg/lib/my_cpp_pkg/add_two_ints_client_no_oop
[0.428s] -- Up-to-date: /home/sven/ros2_ws/install/my_cpp_pkg/lib/my_cpp_pkg/hardware_status_publisher
[0.428s] -- Up-to-date: /home/sven/ros2_ws/install/my_cpp_pkg/lib/my_cpp_pkg/led_panel_status_publisher
[0.428s] -- Up-to-date: /home/sven/ros2_ws/install/my_cpp_pkg/lib/my_cpp_pkg/battery
[0.428s] -- Up-to-date: /home/sven/ros2_ws/install/my_cpp_pkg/share/ament_index/resource_index/package_run_dependencies/my_cpp_pkg
[0.428s] -- Up-to-date: /home/sven/ros2_ws/install/my_cpp_pkg/share/ament_index/resource_index/parent_prefix_path/my_cpp_pkg
[0.428s] -- Up-to-date: /home/sven/ros2_ws/install/my_cpp_pkg/share/my_cpp_pkg/environment/ament_prefix_path.sh
[0.428s] -- Up-to-date: /home/sven/ros2_ws/install/my_cpp_pkg/share/my_cpp_pkg/environment/ament_prefix_path.dsv
[0.429s] -- Up-to-date: /home/sven/ros2_ws/install/my_cpp_pkg/share/my_cpp_pkg/environment/path.sh
[0.429s] -- Up-to-date: /home/sven/ros2_ws/install/my_cpp_pkg/share/my_cpp_pkg/environment/path.dsv
[0.429s] -- Up-to-date: /home/sven/ros2_ws/install/my_cpp_pkg/share/my_cpp_pkg/local_setup.bash
[0.429s] -- Up-to-date: /home/sven/ros2_ws/install/my_cpp_pkg/share/my_cpp_pkg/local_setup.sh
[0.429s] -- Up-to-date: /home/sven/ros2_ws/install/my_cpp_pkg/share/my_cpp_pkg/local_setup.zsh
[0.429s] -- Up-to-date: /home/sven/ros2_ws/install/my_cpp_pkg/share/my_cpp_pkg/local_setup.dsv
[0.429s] -- Installing: /home/sven/ros2_ws/install/my_cpp_pkg/share/my_cpp_pkg/package.dsv
[0.429s] -- Up-to-date: /home/sven/ros2_ws/install/my_cpp_pkg/share/ament_index/resource_index/packages/my_cpp_pkg
[0.429s] -- Up-to-date: /home/sven/ros2_ws/install/my_cpp_pkg/share/my_cpp_pkg/cmake/my_cpp_pkgConfig.cmake
[0.429s] -- Up-to-date: /home/sven/ros2_ws/install/my_cpp_pkg/share/my_cpp_pkg/cmake/my_cpp_pkgConfig-version.cmake
[0.429s] -- Up-to-date: /home/sven/ros2_ws/install/my_cpp_pkg/share/my_cpp_pkg/package.xml
[0.430s] Invoked command in '/home/sven/ros2_ws/build/my_cpp_pkg' returned '0': CMAKE_PREFIX_PATH=/home/sven/ros2_ws/install/my_robot_interfaces:/home/sven/ros2_ws/install/turtlesim_catch_them_all:/home/sven/ros2_ws/install/my_robot_bringup:/home/sven/ros2_ws/install/my_cpp_pkg:/home/sven/ros2_ws/install/my_robot_description:/home/sven/install/my_robot_description:/home/sven/ros2_ws/install/my_py_pkg:/home/sven/ros2_ws/install/actions_py:/opt/ros/humble LD_LIBRARY_PATH=/home/sven/ros2_ws/install/my_robot_interfaces/lib:/usr/lib/x86_64-linux-gnu/gazebo-11/plugins:/opt/ros/humble/opt/rviz_ogre_vendor/lib:/opt/ros/humble/lib/x86_64-linux-gnu:/opt/ros/humble/lib:/usr/share/gazebo/../../lib/x86_64-linux-gnu/gazebo-11/plugins /usr/bin/cmake --install /home/sven/ros2_ws/build/my_cpp_pkg
