[0.409s] DEBUG:colcon:Command line arguments: ['/usr/bin/colcon', 'build', '--packages-select', 'my_cpp_pkg']
[0.409s] DEBUG:colcon:Parsed command line arguments: Namespace(log_base=None, log_level=None, verb_name='build', build_base='build', install_base='install', merge_install=False, symlink_install=False, test_result_base=None, continue_on_error=False, executor='parallel', parallel_workers=16, event_handlers=None, ignore_user_meta=False, metas=['./colcon.meta'], base_paths=['.'], packages_ignore=None, packages_ignore_regex=None, paths=None, packages_up_to=None, packages_up_to_regex=None, packages_above=None, packages_above_and_dependencies=None, packages_above_depth=None, packages_select_by_dep=None, packages_skip_by_dep=None, packages_skip_up_to=None, packages_select_build_failed=False, packages_skip_build_finished=False, packages_select_test_failures=False, packages_skip_test_passed=False, packages_select=['my_cpp_pkg'], packages_skip=None, packages_select_regex=None, packages_skip_regex=None, packages_start=None, packages_end=None, allow_overriding=[], cmake_args=None, cmake_target=None, cmake_target_skip_unavailable=False, cmake_clean_cache=False, cmake_clean_first=False, cmake_force_configure=False, ament_cmake_args=None, catkin_cmake_args=None, catkin_skip_building_tests=False, verb_parser=<colcon_defaults.argument_parser.defaults.DefaultArgumentsDecorator object at 0x7f24fef7c3d0>, verb_extension=<colcon_core.verb.build.BuildVerb object at 0x7f24fef7f700>, main=<bound method BuildVerb.main of <colcon_core.verb.build.BuildVerb object at 0x7f24fef7f700>>)
[0.428s] Level 1:colcon.colcon_core.package_discovery:discover_packages(colcon_meta) check parameters
[0.428s] Level 1:colcon.colcon_core.package_discovery:discover_packages(recursive) check parameters
[0.429s] Level 1:colcon.colcon_core.package_discovery:discover_packages(ignore) check parameters
[0.429s] Level 1:colcon.colcon_core.package_discovery:discover_packages(path) check parameters
[0.429s] Level 1:colcon.colcon_core.package_discovery:discover_packages(colcon_meta) discover
[0.429s] Level 1:colcon.colcon_core.package_discovery:discover_packages(recursive) discover
[0.429s] INFO:colcon.colcon_core.package_discovery:Crawling recursively for packages in '/home/cleanseasolutions/ros2_ws'
[0.429s] Level 1:colcon.colcon_core.package_identification:_identify(.) by extensions ['ignore', 'ignore_ament_install']
[0.429s] Level 1:colcon.colcon_core.package_identification:_identify(.) by extension 'ignore'
[0.429s] Level 1:colcon.colcon_core.package_identification:_identify(.) by extension 'ignore_ament_install'
[0.429s] Level 1:colcon.colcon_core.package_identification:_identify(.) by extensions ['colcon_pkg']
[0.429s] Level 1:colcon.colcon_core.package_identification:_identify(.) by extension 'colcon_pkg'
[0.429s] Level 1:colcon.colcon_core.package_identification:_identify(.) by extensions ['colcon_meta']
[0.429s] Level 1:colcon.colcon_core.package_identification:_identify(.) by extension 'colcon_meta'
[0.429s] Level 1:colcon.colcon_core.package_identification:_identify(.) by extensions ['ros']
[0.429s] Level 1:colcon.colcon_core.package_identification:_identify(.) by extension 'ros'
[0.435s] Level 1:colcon.colcon_core.package_identification:_identify(.) by extensions ['cmake', 'python']
[0.435s] Level 1:colcon.colcon_core.package_identification:_identify(.) by extension 'cmake'
[0.435s] Level 1:colcon.colcon_core.package_identification:_identify(.) by extension 'python'
[0.435s] Level 1:colcon.colcon_core.package_identification:_identify(.) by extensions ['python_setup_py']
[0.435s] Level 1:colcon.colcon_core.package_identification:_identify(.) by extension 'python_setup_py'
[0.435s] Level 1:colcon.colcon_core.package_identification:_identify(build) by extensions ['ignore', 'ignore_ament_install']
[0.435s] Level 1:colcon.colcon_core.package_identification:_identify(build) by extension 'ignore'
[0.435s] Level 1:colcon.colcon_core.package_identification:_identify(build) ignored
[0.435s] Level 1:colcon.colcon_core.package_identification:_identify(install) by extensions ['ignore', 'ignore_ament_install']
[0.435s] Level 1:colcon.colcon_core.package_identification:_identify(install) by extension 'ignore'
[0.435s] Level 1:colcon.colcon_core.package_identification:_identify(install) ignored
[0.435s] Level 1:colcon.colcon_core.package_identification:_identify(log) by extensions ['ignore', 'ignore_ament_install']
[0.435s] Level 1:colcon.colcon_core.package_identification:_identify(log) by extension 'ignore'
[0.435s] Level 1:colcon.colcon_core.package_identification:_identify(log) ignored
[0.435s] Level 1:colcon.colcon_core.package_identification:_identify(src) by extensions ['ignore', 'ignore_ament_install']
[0.435s] Level 1:colcon.colcon_core.package_identification:_identify(src) by extension 'ignore'
[0.435s] Level 1:colcon.colcon_core.package_identification:_identify(src) by extension 'ignore_ament_install'
[0.435s] Level 1:colcon.colcon_core.package_identification:_identify(src) by extensions ['colcon_pkg']
[0.435s] Level 1:colcon.colcon_core.package_identification:_identify(src) by extension 'colcon_pkg'
[0.435s] Level 1:colcon.colcon_core.package_identification:_identify(src) by extensions ['colcon_meta']
[0.435s] Level 1:colcon.colcon_core.package_identification:_identify(src) by extension 'colcon_meta'
[0.435s] Level 1:colcon.colcon_core.package_identification:_identify(src) by extensions ['ros']
[0.435s] Level 1:colcon.colcon_core.package_identification:_identify(src) by extension 'ros'
[0.435s] Level 1:colcon.colcon_core.package_identification:_identify(src) by extensions ['cmake', 'python']
[0.435s] Level 1:colcon.colcon_core.package_identification:_identify(src) by extension 'cmake'
[0.435s] Level 1:colcon.colcon_core.package_identification:_identify(src) by extension 'python'
[0.435s] Level 1:colcon.colcon_core.package_identification:_identify(src) by extensions ['python_setup_py']
[0.435s] Level 1:colcon.colcon_core.package_identification:_identify(src) by extension 'python_setup_py'
[0.435s] Level 1:colcon.colcon_core.package_identification:_identify(src/my_cpp_pkg) by extensions ['ignore', 'ignore_ament_install']
[0.435s] Level 1:colcon.colcon_core.package_identification:_identify(src/my_cpp_pkg) by extension 'ignore'
[0.435s] Level 1:colcon.colcon_core.package_identification:_identify(src/my_cpp_pkg) by extension 'ignore_ament_install'
[0.435s] Level 1:colcon.colcon_core.package_identification:_identify(src/my_cpp_pkg) by extensions ['colcon_pkg']
[0.435s] Level 1:colcon.colcon_core.package_identification:_identify(src/my_cpp_pkg) by extension 'colcon_pkg'
[0.435s] Level 1:colcon.colcon_core.package_identification:_identify(src/my_cpp_pkg) by extensions ['colcon_meta']
[0.435s] Level 1:colcon.colcon_core.package_identification:_identify(src/my_cpp_pkg) by extension 'colcon_meta'
[0.435s] Level 1:colcon.colcon_core.package_identification:_identify(src/my_cpp_pkg) by extensions ['ros']
[0.435s] Level 1:colcon.colcon_core.package_identification:_identify(src/my_cpp_pkg) by extension 'ros'
[0.437s] DEBUG:colcon.colcon_core.package_identification:Package 'src/my_cpp_pkg' with type 'ros.ament_cmake' and name 'my_cpp_pkg'
[0.437s] Level 1:colcon.colcon_core.package_identification:_identify(src/my_py_pkg) by extensions ['ignore', 'ignore_ament_install']
[0.437s] Level 1:colcon.colcon_core.package_identification:_identify(src/my_py_pkg) by extension 'ignore'
[0.437s] Level 1:colcon.colcon_core.package_identification:_identify(src/my_py_pkg) by extension 'ignore_ament_install'
[0.437s] Level 1:colcon.colcon_core.package_identification:_identify(src/my_py_pkg) by extensions ['colcon_pkg']
[0.437s] Level 1:colcon.colcon_core.package_identification:_identify(src/my_py_pkg) by extension 'colcon_pkg'
[0.437s] Level 1:colcon.colcon_core.package_identification:_identify(src/my_py_pkg) by extensions ['colcon_meta']
[0.437s] Level 1:colcon.colcon_core.package_identification:_identify(src/my_py_pkg) by extension 'colcon_meta'
[0.437s] Level 1:colcon.colcon_core.package_identification:_identify(src/my_py_pkg) by extensions ['ros']
[0.437s] Level 1:colcon.colcon_core.package_identification:_identify(src/my_py_pkg) by extension 'ros'
[0.438s] DEBUG:colcon.colcon_core.package_identification:Package 'src/my_py_pkg' with type 'ros.ament_python' and name 'my_py_pkg'
[0.438s] Level 1:colcon.colcon_core.package_identification:_identify(src/my_robot_interfaces) by extensions ['ignore', 'ignore_ament_install']
[0.438s] Level 1:colcon.colcon_core.package_identification:_identify(src/my_robot_interfaces) by extension 'ignore'
[0.438s] Level 1:colcon.colcon_core.package_identification:_identify(src/my_robot_interfaces) by extension 'ignore_ament_install'
[0.438s] Level 1:colcon.colcon_core.package_identification:_identify(src/my_robot_interfaces) by extensions ['colcon_pkg']
[0.438s] Level 1:colcon.colcon_core.package_identification:_identify(src/my_robot_interfaces) by extension 'colcon_pkg'
[0.438s] Level 1:colcon.colcon_core.package_identification:_identify(src/my_robot_interfaces) by extensions ['colcon_meta']
[0.438s] Level 1:colcon.colcon_core.package_identification:_identify(src/my_robot_interfaces) by extension 'colcon_meta'
[0.438s] Level 1:colcon.colcon_core.package_identification:_identify(src/my_robot_interfaces) by extensions ['ros']
[0.438s] Level 1:colcon.colcon_core.package_identification:_identify(src/my_robot_interfaces) by extension 'ros'
[0.438s] DEBUG:colcon.colcon_core.package_identification:Package 'src/my_robot_interfaces' with type 'ros.ament_cmake' and name 'my_robot_interfaces'
[0.438s] Level 1:colcon.colcon_core.package_discovery:discover_packages(recursive) using defaults
[0.438s] Level 1:colcon.colcon_core.package_discovery:discover_packages(ignore) discover
[0.438s] Level 1:colcon.colcon_core.package_discovery:discover_packages(ignore) using defaults
[0.438s] Level 1:colcon.colcon_core.package_discovery:discover_packages(path) discover
[0.438s] Level 1:colcon.colcon_core.package_discovery:discover_packages(path) using defaults
[0.465s] INFO:colcon.colcon_core.package_selection:Skipping not selected package 'my_robot_interfaces' in 'src/my_robot_interfaces'
[0.465s] INFO:colcon.colcon_core.package_selection:Skipping not selected package 'my_py_pkg' in 'src/my_py_pkg'
[0.475s] Level 1:colcon.colcon_core.package_discovery:discover_packages(prefix_path) check parameters
[0.475s] Level 1:colcon.colcon_core.package_discovery:discover_packages(prefix_path) discover
[0.486s] DEBUG:colcon.colcon_installed_package_information.package_discovery:Found 3 installed packages in /home/cleanseasolutions/ros2_ws/install
[0.492s] DEBUG:colcon.colcon_installed_package_information.package_discovery:Found 270 installed packages in /opt/ros/humble
[0.492s] Level 1:colcon.colcon_core.package_discovery:discover_packages(prefix_path) using defaults
[0.532s] Level 5:colcon.colcon_core.verb:set package 'my_cpp_pkg' build argument 'cmake_args' from command line to 'None'
[0.532s] Level 5:colcon.colcon_core.verb:set package 'my_cpp_pkg' build argument 'cmake_target' from command line to 'None'
[0.532s] Level 5:colcon.colcon_core.verb:set package 'my_cpp_pkg' build argument 'cmake_target_skip_unavailable' from command line to 'False'
[0.532s] Level 5:colcon.colcon_core.verb:set package 'my_cpp_pkg' build argument 'cmake_clean_cache' from command line to 'False'
[0.532s] Level 5:colcon.colcon_core.verb:set package 'my_cpp_pkg' build argument 'cmake_clean_first' from command line to 'False'
[0.532s] Level 5:colcon.colcon_core.verb:set package 'my_cpp_pkg' build argument 'cmake_force_configure' from command line to 'False'
[0.532s] Level 5:colcon.colcon_core.verb:set package 'my_cpp_pkg' build argument 'ament_cmake_args' from command line to 'None'
[0.532s] Level 5:colcon.colcon_core.verb:set package 'my_cpp_pkg' build argument 'catkin_cmake_args' from command line to 'None'
[0.532s] Level 5:colcon.colcon_core.verb:set package 'my_cpp_pkg' build argument 'catkin_skip_building_tests' from command line to 'False'
[0.532s] DEBUG:colcon.colcon_core.verb:Building package 'my_cpp_pkg' with the following arguments: {'ament_cmake_args': None, 'build_base': '/home/cleanseasolutions/ros2_ws/build/my_cpp_pkg', 'catkin_cmake_args': None, 'catkin_skip_building_tests': False, 'cmake_args': None, 'cmake_clean_cache': False, 'cmake_clean_first': False, 'cmake_force_configure': False, 'cmake_target': None, 'cmake_target_skip_unavailable': False, 'install_base': '/home/cleanseasolutions/ros2_ws/install/my_cpp_pkg', 'merge_install': False, 'path': '/home/cleanseasolutions/ros2_ws/src/my_cpp_pkg', 'symlink_install': False, 'test_result_base': None}
[0.537s] INFO:colcon.colcon_core.executor:Executing jobs using 'parallel' executor
[0.543s] DEBUG:colcon.colcon_parallel_executor.executor.parallel:run_until_complete
[0.543s] INFO:colcon.colcon_ros.task.ament_cmake.build:Building ROS package in '/home/cleanseasolutions/ros2_ws/src/my_cpp_pkg' with build type 'ament_cmake'
[0.543s] INFO:colcon.colcon_cmake.task.cmake.build:Building CMake package in '/home/cleanseasolutions/ros2_ws/src/my_cpp_pkg'
[0.550s] INFO:colcon.colcon_core.plugin_system:Skipping extension 'colcon_core.shell.bat': Not used on non-Windows systems
[0.550s] INFO:colcon.colcon_core.shell:Skip shell extension 'powershell' for command environment: Not usable outside of PowerShell
[0.550s] DEBUG:colcon.colcon_core.shell:Skip shell extension 'dsv' for command environment
[0.571s] DEBUG:colcon.colcon_core.event_handler.log_command:Invoking command in '/home/cleanseasolutions/ros2_ws/build/my_cpp_pkg': AMENT_PREFIX_PATH=/home/cleanseasolutions/ros2_ws/install/my_robot_interfaces:${AMENT_PREFIX_PATH} CMAKE_PREFIX_PATH=/home/cleanseasolutions/ros2_ws/install/my_robot_interfaces:/home/cleanseasolutions/ros2_ws/install/my_cpp_pkg:/home/cleanseasolutions/ros2_ws/install/my_py_pkg:/opt/ros/humble LD_LIBRARY_PATH=/home/cleanseasolutions/ros2_ws/install/my_robot_interfaces/lib:${LD_LIBRARY_PATH} PYTHONPATH=/home/cleanseasolutions/ros2_ws/install/my_robot_interfaces/local/lib/python3.10/dist-packages:${PYTHONPATH} /usr/bin/cmake --build /home/cleanseasolutions/ros2_ws/build/my_cpp_pkg -- -j16 -l16
[2.867s] DEBUG:colcon.colcon_core.event_handler.log_command:Invoked command in '/home/cleanseasolutions/ros2_ws/build/my_cpp_pkg' returned '0': AMENT_PREFIX_PATH=/home/cleanseasolutions/ros2_ws/install/my_robot_interfaces:${AMENT_PREFIX_PATH} CMAKE_PREFIX_PATH=/home/cleanseasolutions/ros2_ws/install/my_robot_interfaces:/home/cleanseasolutions/ros2_ws/install/my_cpp_pkg:/home/cleanseasolutions/ros2_ws/install/my_py_pkg:/opt/ros/humble LD_LIBRARY_PATH=/home/cleanseasolutions/ros2_ws/install/my_robot_interfaces/lib:${LD_LIBRARY_PATH} PYTHONPATH=/home/cleanseasolutions/ros2_ws/install/my_robot_interfaces/local/lib/python3.10/dist-packages:${PYTHONPATH} /usr/bin/cmake --build /home/cleanseasolutions/ros2_ws/build/my_cpp_pkg -- -j16 -l16
[2.899s] DEBUG:colcon.colcon_core.event_handler.log_command:Invoking command in '/home/cleanseasolutions/ros2_ws/build/my_cpp_pkg': AMENT_PREFIX_PATH=/home/cleanseasolutions/ros2_ws/install/my_robot_interfaces:${AMENT_PREFIX_PATH} CMAKE_PREFIX_PATH=/home/cleanseasolutions/ros2_ws/install/my_robot_interfaces:/home/cleanseasolutions/ros2_ws/install/my_cpp_pkg:/home/cleanseasolutions/ros2_ws/install/my_py_pkg:/opt/ros/humble LD_LIBRARY_PATH=/home/cleanseasolutions/ros2_ws/install/my_robot_interfaces/lib:${LD_LIBRARY_PATH} PYTHONPATH=/home/cleanseasolutions/ros2_ws/install/my_robot_interfaces/local/lib/python3.10/dist-packages:${PYTHONPATH} /usr/bin/cmake --install /home/cleanseasolutions/ros2_ws/build/my_cpp_pkg
[2.906s] Level 1:colcon.colcon_core.environment:create_environment_scripts_only(my_cpp_pkg)
[2.906s] DEBUG:colcon.colcon_core.event_handler.log_command:Invoked command in '/home/cleanseasolutions/ros2_ws/build/my_cpp_pkg' returned '0': AMENT_PREFIX_PATH=/home/cleanseasolutions/ros2_ws/install/my_robot_interfaces:${AMENT_PREFIX_PATH} CMAKE_PREFIX_PATH=/home/cleanseasolutions/ros2_ws/install/my_robot_interfaces:/home/cleanseasolutions/ros2_ws/install/my_cpp_pkg:/home/cleanseasolutions/ros2_ws/install/my_py_pkg:/opt/ros/humble LD_LIBRARY_PATH=/home/cleanseasolutions/ros2_ws/install/my_robot_interfaces/lib:${LD_LIBRARY_PATH} PYTHONPATH=/home/cleanseasolutions/ros2_ws/install/my_robot_interfaces/local/lib/python3.10/dist-packages:${PYTHONPATH} /usr/bin/cmake --install /home/cleanseasolutions/ros2_ws/build/my_cpp_pkg
[2.913s] Level 1:colcon.colcon_core.environment:checking '/home/cleanseasolutions/ros2_ws/install/my_cpp_pkg' for CMake module files
[2.913s] Level 1:colcon.colcon_core.environment:checking '/home/cleanseasolutions/ros2_ws/install/my_cpp_pkg' for CMake config files
[2.914s] Level 1:colcon.colcon_core.shell:create_environment_hook('my_cpp_pkg', 'cmake_prefix_path')
[2.919s] INFO:colcon.colcon_core.shell:Creating environment hook '/home/cleanseasolutions/ros2_ws/install/my_cpp_pkg/share/my_cpp_pkg/hook/cmake_prefix_path.ps1'
[2.919s] INFO:colcon.colcon_core.shell:Creating environment descriptor '/home/cleanseasolutions/ros2_ws/install/my_cpp_pkg/share/my_cpp_pkg/hook/cmake_prefix_path.dsv'
[2.920s] INFO:colcon.colcon_core.shell:Creating environment hook '/home/cleanseasolutions/ros2_ws/install/my_cpp_pkg/share/my_cpp_pkg/hook/cmake_prefix_path.sh'
[2.920s] Level 1:colcon.colcon_core.environment:checking '/home/cleanseasolutions/ros2_ws/install/my_cpp_pkg/lib'
[2.920s] Level 1:colcon.colcon_core.environment:checking '/home/cleanseasolutions/ros2_ws/install/my_cpp_pkg/bin'
[2.920s] Level 1:colcon.colcon_core.environment:checking '/home/cleanseasolutions/ros2_ws/install/my_cpp_pkg/lib/pkgconfig/my_cpp_pkg.pc'
[2.920s] Level 1:colcon.colcon_core.environment:checking '/home/cleanseasolutions/ros2_ws/install/my_cpp_pkg/lib/python3.10/site-packages'
[2.920s] Level 1:colcon.colcon_core.environment:checking '/home/cleanseasolutions/ros2_ws/install/my_cpp_pkg/bin'
[2.926s] INFO:colcon.colcon_core.shell:Creating package script '/home/cleanseasolutions/ros2_ws/install/my_cpp_pkg/share/my_cpp_pkg/package.ps1'
[2.926s] INFO:colcon.colcon_core.shell:Creating package descriptor '/home/cleanseasolutions/ros2_ws/install/my_cpp_pkg/share/my_cpp_pkg/package.dsv'
[2.927s] INFO:colcon.colcon_core.shell:Creating package script '/home/cleanseasolutions/ros2_ws/install/my_cpp_pkg/share/my_cpp_pkg/package.sh'
[2.927s] INFO:colcon.colcon_core.shell:Creating package script '/home/cleanseasolutions/ros2_ws/install/my_cpp_pkg/share/my_cpp_pkg/package.bash'
[2.927s] INFO:colcon.colcon_core.shell:Creating package script '/home/cleanseasolutions/ros2_ws/install/my_cpp_pkg/share/my_cpp_pkg/package.zsh'
[2.927s] Level 1:colcon.colcon_core.environment:create_file_with_runtime_dependencies(/home/cleanseasolutions/ros2_ws/install/my_cpp_pkg/share/colcon-core/packages/my_cpp_pkg)
[2.959s] Level 1:colcon.colcon_core.environment:create_environment_scripts_only(my_cpp_pkg)
[2.965s] Level 1:colcon.colcon_core.environment:checking '/home/cleanseasolutions/ros2_ws/install/my_cpp_pkg' for CMake module files
[2.965s] Level 1:colcon.colcon_core.environment:checking '/home/cleanseasolutions/ros2_ws/install/my_cpp_pkg' for CMake config files
[2.965s] Level 1:colcon.colcon_core.shell:create_environment_hook('my_cpp_pkg', 'cmake_prefix_path')
[2.970s] INFO:colcon.colcon_core.shell:Creating environment hook '/home/cleanseasolutions/ros2_ws/install/my_cpp_pkg/share/my_cpp_pkg/hook/cmake_prefix_path.ps1'
[2.971s] INFO:colcon.colcon_core.shell:Creating environment descriptor '/home/cleanseasolutions/ros2_ws/install/my_cpp_pkg/share/my_cpp_pkg/hook/cmake_prefix_path.dsv'
[2.971s] INFO:colcon.colcon_core.shell:Creating environment hook '/home/cleanseasolutions/ros2_ws/install/my_cpp_pkg/share/my_cpp_pkg/hook/cmake_prefix_path.sh'
[2.971s] Level 1:colcon.colcon_core.environment:checking '/home/cleanseasolutions/ros2_ws/install/my_cpp_pkg/lib'
[2.971s] Level 1:colcon.colcon_core.environment:checking '/home/cleanseasolutions/ros2_ws/install/my_cpp_pkg/bin'
[2.971s] Level 1:colcon.colcon_core.environment:checking '/home/cleanseasolutions/ros2_ws/install/my_cpp_pkg/lib/pkgconfig/my_cpp_pkg.pc'
[2.971s] Level 1:colcon.colcon_core.environment:checking '/home/cleanseasolutions/ros2_ws/install/my_cpp_pkg/lib/python3.10/site-packages'
[2.971s] Level 1:colcon.colcon_core.environment:checking '/home/cleanseasolutions/ros2_ws/install/my_cpp_pkg/bin'
[2.977s] INFO:colcon.colcon_core.shell:Creating package script '/home/cleanseasolutions/ros2_ws/install/my_cpp_pkg/share/my_cpp_pkg/package.ps1'
[2.977s] INFO:colcon.colcon_core.shell:Creating package descriptor '/home/cleanseasolutions/ros2_ws/install/my_cpp_pkg/share/my_cpp_pkg/package.dsv'
[2.978s] INFO:colcon.colcon_core.shell:Creating package script '/home/cleanseasolutions/ros2_ws/install/my_cpp_pkg/share/my_cpp_pkg/package.sh'
[2.978s] INFO:colcon.colcon_core.shell:Creating package script '/home/cleanseasolutions/ros2_ws/install/my_cpp_pkg/share/my_cpp_pkg/package.bash'
[2.978s] INFO:colcon.colcon_core.shell:Creating package script '/home/cleanseasolutions/ros2_ws/install/my_cpp_pkg/share/my_cpp_pkg/package.zsh'
[2.978s] Level 1:colcon.colcon_core.environment:create_file_with_runtime_dependencies(/home/cleanseasolutions/ros2_ws/install/my_cpp_pkg/share/colcon-core/packages/my_cpp_pkg)
[2.978s] DEBUG:colcon.colcon_parallel_executor.executor.parallel:closing loop
[2.978s] DEBUG:colcon.colcon_parallel_executor.executor.parallel:loop closed
[2.978s] DEBUG:colcon.colcon_parallel_executor.executor.parallel:run_until_complete finished with '0'
[2.979s] DEBUG:colcon.colcon_core.event_reactor:joining thread
[2.987s] INFO:colcon.colcon_core.plugin_system:Skipping extension 'colcon_notification.desktop_notification.terminal_notifier': Not used on non-Darwin systems
[2.987s] INFO:colcon.colcon_core.plugin_system:Skipping extension 'colcon_notification.desktop_notification.win32': Not used on non-Windows systems
[2.988s] INFO:colcon.colcon_notification.desktop_notification:Sending desktop notification using 'notify2'
[2.996s] DEBUG:colcon.colcon_core.event_reactor:joined thread
[3.002s] INFO:colcon.colcon_core.shell:Creating prefix script '/home/cleanseasolutions/ros2_ws/install/local_setup.ps1'
[3.002s] INFO:colcon.colcon_core.shell:Creating prefix util module '/home/cleanseasolutions/ros2_ws/install/_local_setup_util_ps1.py'
[3.003s] INFO:colcon.colcon_core.shell:Creating prefix chain script '/home/cleanseasolutions/ros2_ws/install/setup.ps1'
[3.009s] INFO:colcon.colcon_core.shell:Creating prefix script '/home/cleanseasolutions/ros2_ws/install/local_setup.sh'
[3.009s] INFO:colcon.colcon_core.shell:Creating prefix util module '/home/cleanseasolutions/ros2_ws/install/_local_setup_util_sh.py'
[3.009s] INFO:colcon.colcon_core.shell:Creating prefix chain script '/home/cleanseasolutions/ros2_ws/install/setup.sh'
[3.015s] INFO:colcon.colcon_core.shell:Creating prefix script '/home/cleanseasolutions/ros2_ws/install/local_setup.bash'
[3.016s] INFO:colcon.colcon_core.shell:Creating prefix chain script '/home/cleanseasolutions/ros2_ws/install/setup.bash'
[3.022s] INFO:colcon.colcon_core.shell:Creating prefix script '/home/cleanseasolutions/ros2_ws/install/local_setup.zsh'
[3.022s] INFO:colcon.colcon_core.shell:Creating prefix chain script '/home/cleanseasolutions/ros2_ws/install/setup.zsh'
