[0.039s] Invoking command in '/home/sven/ros2_ws/build/my_robot_description': CMAKE_PREFIX_PATH=${CMAKE_PREFIX_PATH}:/home/sven/ros2_ws/install/my_py_pkg:/opt/ros/humble /usr/bin/cmake /home/sven/ros2_ws/src/my_robot_description -DCMAKE_INSTALL_PREFIX=/home/sven/ros2_ws/install/my_robot_description
[0.045s] -- Found ament_cmake: 1.3.8 (/opt/ros/humble/share/ament_cmake/cmake)
[0.116s] [31mCMake Error at CMakeLists.txt:10 (find_package):
[0.116s]   By not providing "Findmy_robot_bringup.cmake" in CMAKE_MODULE_PATH this
[0.117s]   project has asked CMake to find a package configuration file provided by
[0.117s]   "my_robot_bringup", but CMake did not find one.
[0.117s] 
[0.117s]   Could not find a package configuration file provided by "my_robot_bringup"
[0.117s]   with any of the following names:
[0.117s] 
[0.117s]     my_robot_bringupConfig.cmake
[0.117s]     my_robot_bringup-config.cmake
[0.117s] 
[0.117s]   Add the installation prefix of "my_robot_bringup" to CMAKE_PREFIX_PATH or
[0.117s]   set "my_robot_bringup_DIR" to a directory containing one of the above
[0.117s]   files.  If "my_robot_bringup" provides a separate development package or
[0.117s]   SDK, be sure it has been installed.
[0.117s] 
[0.117s] [0m
[0.117s] -- Configuring incomplete, errors occurred!
[0.117s] See also "/home/sven/ros2_ws/build/my_robot_description/CMakeFiles/CMakeOutput.log".
[0.118s] Invoked command in '/home/sven/ros2_ws/build/my_robot_description' returned '1': CMAKE_PREFIX_PATH=${CMAKE_PREFIX_PATH}:/home/sven/ros2_ws/install/my_py_pkg:/opt/ros/humble /usr/bin/cmake /home/sven/ros2_ws/src/my_robot_description -DCMAKE_INSTALL_PREFIX=/home/sven/ros2_ws/install/my_robot_description
