[0.028s] Invoking command in '/home/cleanseasolutions/ros2_ws/build/turtlesim_catch_them_all': CMAKE_PREFIX_PATH=${CMAKE_PREFIX_PATH}:/home/cleanseasolutions/ros2_ws/install/my_py_pkg:/opt/ros/humble /usr/bin/cmake --build /home/cleanseasolutions/ros2_ws/build/turtlesim_catch_them_all -- -j16 -l16
[0.041s] -- Found ament_cmake: 1.3.7 (/opt/ros/humble/share/ament_cmake/cmake)
[0.121s] -- Found rclcpp: 16.0.8 (/opt/ros/humble/share/rclcpp/cmake)
[0.148s] -- Found rosidl_generator_c: 3.1.5 (/opt/ros/humble/share/rosidl_generator_c/cmake)
[0.151s] -- Found rosidl_adapter: 3.1.5 (/opt/ros/humble/share/rosidl_adapter/cmake)
[0.156s] -- Found rosidl_generator_cpp: 3.1.5 (/opt/ros/humble/share/rosidl_generator_cpp/cmake)
[0.165s] -- Using all available rosidl_typesupport_c: rosidl_typesupport_fastrtps_c;rosidl_typesupport_introspection_c
[0.177s] -- Using all available rosidl_typesupport_cpp: rosidl_typesupport_fastrtps_cpp;rosidl_typesupport_introspection_cpp
[0.218s] -- Found rmw_implementation_cmake: 6.1.1 (/opt/ros/humble/share/rmw_implementation_cmake/cmake)
[0.220s] -- Found rmw_fastrtps_cpp: 6.2.6 (/opt/ros/humble/share/rmw_fastrtps_cpp/cmake)
[0.274s] -- Found OpenSSL: /usr/lib/x86_64-linux-gnu/libcrypto.so (found version "3.0.2")  
[0.288s] -- Found FastRTPS: /opt/ros/humble/include  
[0.313s] -- Using RMW implementation 'rmw_fastrtps_cpp' as default
[0.318s] -- Looking for pthread.h
[0.358s] -- Looking for pthread.h - found
[0.358s] -- Performing Test CMAKE_HAVE_LIBC_PTHREAD
[0.398s] -- Performing Test CMAKE_HAVE_LIBC_PTHREAD - Success
[0.399s] -- Found Threads: TRUE  
[0.486s] -- Found geometry_msgs: 4.2.3 (/opt/ros/humble/share/geometry_msgs/cmake)
[0.546s] -- Configuring done
[0.547s] [31mCMake Error at CMakeLists.txt:14 (add_executable):
[0.548s]   Cannot find source file:
[0.548s] 
[0.548s]     src/turtle_controller.cpp
[0.548s] 
[0.548s]   Tried extensions .c .C .c++ .cc .cpp .cxx .cu .mpp .m .M .mm .ixx .cppm .h
[0.548s]   .hh .h++ .hm .hpp .hxx .in .txx .f .F .for .f77 .f90 .f95 .f03 .hip .ispc
[0.548s] 
[0.548s] [0m
[0.548s] [31mCMake Error at CMakeLists.txt:14 (add_executable):
[0.548s]   No SOURCES given to target: turtle_controller
[0.548s] 
[0.548s] [0m
[0.548s] [0mCMake Generate step failed.  Build files cannot be regenerated correctly.[0m
[0.552s] gmake: *** [Makefile:226: cmake_check_build_system] Error 1
[0.554s] Invoked command in '/home/cleanseasolutions/ros2_ws/build/turtlesim_catch_them_all' returned '2': CMAKE_PREFIX_PATH=${CMAKE_PREFIX_PATH}:/home/cleanseasolutions/ros2_ws/install/my_py_pkg:/opt/ros/humble /usr/bin/cmake --build /home/cleanseasolutions/ros2_ws/build/turtlesim_catch_them_all -- -j16 -l16
