[0.305s] Invoking command in '/home/sven/ros2_ws/src/my_py_pkg': AMENT_PREFIX_PATH=/home/sven/ros2_ws/install/my_robot_interfaces:${AMENT_PREFIX_PATH} CMAKE_PREFIX_PATH=/home/sven/ros2_ws/install/my_robot_interfaces LD_LIBRARY_PATH=/home/sven/ros2_ws/install/my_robot_interfaces/lib:${LD_LIBRARY_PATH} PYTHONPATH=/home/sven/ros2_ws/build/my_py_pkg/prefix_override:/home/sven/ros2_ws/install/my_py_pkg/lib/python3.10/site-packages:/home/sven/ros2_ws/install/my_robot_interfaces/local/lib/python3.10/dist-packages:${PYTHONPATH} /usr/bin/python3 setup.py egg_info --egg-base ../../build/my_py_pkg build --build-base /home/sven/ros2_ws/build/my_py_pkg/build install --record /home/sven/ros2_ws/build/my_py_pkg/install.log --single-version-externally-managed
[0.401s] running egg_info
[0.402s] creating ../../build/my_py_pkg/my_py_pkg.egg-info
[0.402s] writing ../../build/my_py_pkg/my_py_pkg.egg-info/PKG-INFO
[0.402s] writing dependency_links to ../../build/my_py_pkg/my_py_pkg.egg-info/dependency_links.txt
[0.402s] writing entry points to ../../build/my_py_pkg/my_py_pkg.egg-info/entry_points.txt
[0.402s] writing requirements to ../../build/my_py_pkg/my_py_pkg.egg-info/requires.txt
[0.402s] writing top-level names to ../../build/my_py_pkg/my_py_pkg.egg-info/top_level.txt
[0.402s] writing manifest file '../../build/my_py_pkg/my_py_pkg.egg-info/SOURCES.txt'
[0.403s] reading manifest file '../../build/my_py_pkg/my_py_pkg.egg-info/SOURCES.txt'
[0.403s] writing manifest file '../../build/my_py_pkg/my_py_pkg.egg-info/SOURCES.txt'
[0.403s] running build
[0.403s] running build_py
[0.403s] creating /home/sven/ros2_ws/build/my_py_pkg/build
[0.403s] creating /home/sven/ros2_ws/build/my_py_pkg/build/lib
[0.403s] creating /home/sven/ros2_ws/build/my_py_pkg/build/lib/my_py_pkg
[0.403s] copying my_py_pkg/robot_news_station.py -> /home/sven/ros2_ws/build/my_py_pkg/build/lib/my_py_pkg
[0.403s] copying my_py_pkg/__init__.py -> /home/sven/ros2_ws/build/my_py_pkg/build/lib/my_py_pkg
[0.403s] copying my_py_pkg/add_two_ints_client.py -> /home/sven/ros2_ws/build/my_py_pkg/build/lib/my_py_pkg
[0.403s] copying my_py_pkg/number_counter.py -> /home/sven/ros2_ws/build/my_py_pkg/build/lib/my_py_pkg
[0.404s] copying my_py_pkg/number_publisher.py -> /home/sven/ros2_ws/build/my_py_pkg/build/lib/my_py_pkg
[0.404s] copying my_py_pkg/my_first_node.py -> /home/sven/ros2_ws/build/my_py_pkg/build/lib/my_py_pkg
[0.404s] copying my_py_pkg/hw_status_publisher.py -> /home/sven/ros2_ws/build/my_py_pkg/build/lib/my_py_pkg
[0.404s] copying my_py_pkg/add_two_ints_client_no_oop.py -> /home/sven/ros2_ws/build/my_py_pkg/build/lib/my_py_pkg
[0.404s] copying my_py_pkg/add_two_ints_server.py -> /home/sven/ros2_ws/build/my_py_pkg/build/lib/my_py_pkg
[0.404s] copying my_py_pkg/smartphone.py -> /home/sven/ros2_ws/build/my_py_pkg/build/lib/my_py_pkg
[0.404s] running install
[0.404s] /usr/lib/python3/dist-packages/setuptools/command/install.py:34: SetuptoolsDeprecationWarning: setup.py install is deprecated. Use build and pip and other standards-based tools.
[0.404s]   warnings.warn(
[0.404s] running install_lib
[0.404s] creating /home/sven/ros2_ws/install/my_py_pkg/lib/python3.10/site-packages/my_py_pkg
[0.404s] copying /home/sven/ros2_ws/build/my_py_pkg/build/lib/my_py_pkg/robot_news_station.py -> /home/sven/ros2_ws/install/my_py_pkg/lib/python3.10/site-packages/my_py_pkg
[0.404s] copying /home/sven/ros2_ws/build/my_py_pkg/build/lib/my_py_pkg/__init__.py -> /home/sven/ros2_ws/install/my_py_pkg/lib/python3.10/site-packages/my_py_pkg
[0.404s] copying /home/sven/ros2_ws/build/my_py_pkg/build/lib/my_py_pkg/add_two_ints_client.py -> /home/sven/ros2_ws/install/my_py_pkg/lib/python3.10/site-packages/my_py_pkg
[0.404s] copying /home/sven/ros2_ws/build/my_py_pkg/build/lib/my_py_pkg/number_counter.py -> /home/sven/ros2_ws/install/my_py_pkg/lib/python3.10/site-packages/my_py_pkg
[0.404s] copying /home/sven/ros2_ws/build/my_py_pkg/build/lib/my_py_pkg/number_publisher.py -> /home/sven/ros2_ws/install/my_py_pkg/lib/python3.10/site-packages/my_py_pkg
[0.404s] copying /home/sven/ros2_ws/build/my_py_pkg/build/lib/my_py_pkg/my_first_node.py -> /home/sven/ros2_ws/install/my_py_pkg/lib/python3.10/site-packages/my_py_pkg
[0.404s] copying /home/sven/ros2_ws/build/my_py_pkg/build/lib/my_py_pkg/hw_status_publisher.py -> /home/sven/ros2_ws/install/my_py_pkg/lib/python3.10/site-packages/my_py_pkg
[0.404s] copying /home/sven/ros2_ws/build/my_py_pkg/build/lib/my_py_pkg/add_two_ints_client_no_oop.py -> /home/sven/ros2_ws/install/my_py_pkg/lib/python3.10/site-packages/my_py_pkg
[0.404s] copying /home/sven/ros2_ws/build/my_py_pkg/build/lib/my_py_pkg/add_two_ints_server.py -> /home/sven/ros2_ws/install/my_py_pkg/lib/python3.10/site-packages/my_py_pkg
[0.404s] copying /home/sven/ros2_ws/build/my_py_pkg/build/lib/my_py_pkg/smartphone.py -> /home/sven/ros2_ws/install/my_py_pkg/lib/python3.10/site-packages/my_py_pkg
[0.404s] byte-compiling /home/sven/ros2_ws/install/my_py_pkg/lib/python3.10/site-packages/my_py_pkg/robot_news_station.py to robot_news_station.cpython-310.pyc
[0.405s] byte-compiling /home/sven/ros2_ws/install/my_py_pkg/lib/python3.10/site-packages/my_py_pkg/__init__.py to __init__.cpython-310.pyc
[0.405s] byte-compiling /home/sven/ros2_ws/install/my_py_pkg/lib/python3.10/site-packages/my_py_pkg/add_two_ints_client.py to add_two_ints_client.cpython-310.pyc
[0.405s] byte-compiling /home/sven/ros2_ws/install/my_py_pkg/lib/python3.10/site-packages/my_py_pkg/number_counter.py to number_counter.cpython-310.pyc
[0.405s] byte-compiling /home/sven/ros2_ws/install/my_py_pkg/lib/python3.10/site-packages/my_py_pkg/number_publisher.py to number_publisher.cpython-310.pyc
[0.405s] byte-compiling /home/sven/ros2_ws/install/my_py_pkg/lib/python3.10/site-packages/my_py_pkg/my_first_node.py to my_first_node.cpython-310.pyc
[0.405s] byte-compiling /home/sven/ros2_ws/install/my_py_pkg/lib/python3.10/site-packages/my_py_pkg/hw_status_publisher.py to hw_status_publisher.cpython-310.pyc
[0.406s] byte-compiling /home/sven/ros2_ws/install/my_py_pkg/lib/python3.10/site-packages/my_py_pkg/add_two_ints_client_no_oop.py to add_two_ints_client_no_oop.cpython-310.pyc
[0.406s] byte-compiling /home/sven/ros2_ws/install/my_py_pkg/lib/python3.10/site-packages/my_py_pkg/add_two_ints_server.py to add_two_ints_server.cpython-310.pyc
[0.406s] byte-compiling /home/sven/ros2_ws/install/my_py_pkg/lib/python3.10/site-packages/my_py_pkg/smartphone.py to smartphone.cpython-310.pyc
[0.406s] running install_data
[0.406s] creating /home/sven/ros2_ws/install/my_py_pkg/share/ament_index
[0.406s] creating /home/sven/ros2_ws/install/my_py_pkg/share/ament_index/resource_index
[0.406s] creating /home/sven/ros2_ws/install/my_py_pkg/share/ament_index/resource_index/packages
[0.406s] copying resource/my_py_pkg -> /home/sven/ros2_ws/install/my_py_pkg/share/ament_index/resource_index/packages
[0.406s] copying package.xml -> /home/sven/ros2_ws/install/my_py_pkg/share/my_py_pkg
[0.406s] running install_egg_info
[0.407s] Copying ../../build/my_py_pkg/my_py_pkg.egg-info to /home/sven/ros2_ws/install/my_py_pkg/lib/python3.10/site-packages/my_py_pkg-0.0.0-py3.10.egg-info
[0.407s] running install_scripts
[0.418s] Installing add_two_ints_client script to /home/sven/ros2_ws/install/my_py_pkg/lib/my_py_pkg
[0.418s] Installing add_two_ints_client_no_oop script to /home/sven/ros2_ws/install/my_py_pkg/lib/my_py_pkg
[0.418s] Installing add_two_ints_server script to /home/sven/ros2_ws/install/my_py_pkg/lib/my_py_pkg
[0.418s] Installing hw_status_publisher script to /home/sven/ros2_ws/install/my_py_pkg/lib/my_py_pkg
[0.418s] Installing number_counter script to /home/sven/ros2_ws/install/my_py_pkg/lib/my_py_pkg
[0.418s] Installing number_publisher script to /home/sven/ros2_ws/install/my_py_pkg/lib/my_py_pkg
[0.418s] Installing py_node script to /home/sven/ros2_ws/install/my_py_pkg/lib/my_py_pkg
[0.418s] Installing robot_news_station script to /home/sven/ros2_ws/install/my_py_pkg/lib/my_py_pkg
[0.418s] Installing smartphone script to /home/sven/ros2_ws/install/my_py_pkg/lib/my_py_pkg
[0.418s] writing list of installed files to '/home/sven/ros2_ws/build/my_py_pkg/install.log'
[0.429s] Invoked command in '/home/sven/ros2_ws/src/my_py_pkg' returned '0': AMENT_PREFIX_PATH=/home/sven/ros2_ws/install/my_robot_interfaces:${AMENT_PREFIX_PATH} CMAKE_PREFIX_PATH=/home/sven/ros2_ws/install/my_robot_interfaces LD_LIBRARY_PATH=/home/sven/ros2_ws/install/my_robot_interfaces/lib:${LD_LIBRARY_PATH} PYTHONPATH=/home/sven/ros2_ws/build/my_py_pkg/prefix_override:/home/sven/ros2_ws/install/my_py_pkg/lib/python3.10/site-packages:/home/sven/ros2_ws/install/my_robot_interfaces/local/lib/python3.10/dist-packages:${PYTHONPATH} /usr/bin/python3 setup.py egg_info --egg-base ../../build/my_py_pkg build --build-base /home/sven/ros2_ws/build/my_py_pkg/build install --record /home/sven/ros2_ws/build/my_py_pkg/install.log --single-version-externally-managed
