[0.031s] Invoking command in '/home/cleanseasolutions/ros2_ws/build/my_robot_interfaces': CMAKE_PREFIX_PATH=${CMAKE_PREFIX_PATH}:/home/cleanseasolutions/ros2_ws/install/my_py_pkg:/opt/ros/humble /usr/bin/cmake --build /home/cleanseasolutions/ros2_ws/build/my_robot_interfaces -- -j16 -l16
[0.053s] [35m[1mConsolidate compiler generated dependencies of target my_robot_interfaces__rosidl_generator_c[0m
[0.059s] [  2%] Built target my_robot_interfaces__cpp
[0.060s] [ 12%] Built target my_robot_interfaces__rosidl_generator_c
[0.065s] [ 12%] Built target ament_cmake_python_copy_my_robot_interfaces
[0.066s] [35m[1mConsolidate compiler generated dependencies of target my_robot_interfaces__rosidl_typesupport_introspection_cpp[0m
[0.066s] [35m[1mConsolidate compiler generated dependencies of target my_robot_interfaces__rosidl_typesupport_fastrtps_cpp[0m
[0.067s] [35m[1mConsolidate compiler generated dependencies of target my_robot_interfaces__rosidl_typesupport_cpp[0m
[0.069s] [35m[1mConsolidate compiler generated dependencies of target my_robot_interfaces__rosidl_typesupport_introspection_c[0m
[0.069s] [35m[1mConsolidate compiler generated dependencies of target my_robot_interfaces__rosidl_typesupport_c[0m
[0.070s] [35m[1mConsolidate compiler generated dependencies of target my_robot_interfaces__rosidl_typesupport_fastrtps_c[0m
[0.075s] [ 23%] Built target my_robot_interfaces__rosidl_typesupport_introspection_cpp
[0.075s] [ 33%] Built target my_robot_interfaces__rosidl_typesupport_fastrtps_cpp
[0.076s] [ 43%] Built target my_robot_interfaces__rosidl_typesupport_introspection_c
[0.077s] [ 53%] Built target my_robot_interfaces__rosidl_typesupport_cpp
[0.078s] [ 64%] Built target my_robot_interfaces__rosidl_typesupport_c
[0.080s] [ 74%] Built target my_robot_interfaces__rosidl_typesupport_fastrtps_c
[0.092s] [ 74%] Built target my_robot_interfaces
[0.103s] [ 76%] Built target my_robot_interfaces__py
[0.109s] [35m[1mConsolidate compiler generated dependencies of target my_robot_interfaces__rosidl_generator_py[0m
[0.117s] [ 84%] Built target my_robot_interfaces__rosidl_generator_py
[0.124s] [35m[1mConsolidate compiler generated dependencies of target my_robot_interfaces__rosidl_typesupport_fastrtps_c__pyext[0m
[0.124s] [35m[1mConsolidate compiler generated dependencies of target my_robot_interfaces__rosidl_typesupport_introspection_c__pyext[0m
[0.124s] [35m[1mConsolidate compiler generated dependencies of target my_robot_interfaces__rosidl_typesupport_c__pyext[0m
[0.132s] [100%] Built target my_robot_interfaces__rosidl_typesupport_introspection_c__pyext
[0.133s] [100%] Built target my_robot_interfaces__rosidl_typesupport_c__pyext
[0.133s] [100%] Built target my_robot_interfaces__rosidl_typesupport_fastrtps_c__pyext
[0.196s] running egg_info
[0.196s] writing my_robot_interfaces.egg-info/PKG-INFO
[0.196s] writing dependency_links to my_robot_interfaces.egg-info/dependency_links.txt
[0.197s] writing top-level names to my_robot_interfaces.egg-info/top_level.txt
[0.198s] reading manifest file 'my_robot_interfaces.egg-info/SOURCES.txt'
[0.198s] writing manifest file 'my_robot_interfaces.egg-info/SOURCES.txt'
[0.212s] [100%] Built target ament_cmake_python_build_my_robot_interfaces_egg
[0.220s] Invoked command in '/home/cleanseasolutions/ros2_ws/build/my_robot_interfaces' returned '0': CMAKE_PREFIX_PATH=${CMAKE_PREFIX_PATH}:/home/cleanseasolutions/ros2_ws/install/my_py_pkg:/opt/ros/humble /usr/bin/cmake --build /home/cleanseasolutions/ros2_ws/build/my_robot_interfaces -- -j16 -l16
[0.264s] Invoking command in '/home/cleanseasolutions/ros2_ws/build/my_robot_interfaces': CMAKE_PREFIX_PATH=${CMAKE_PREFIX_PATH}:/home/cleanseasolutions/ros2_ws/install/my_py_pkg:/opt/ros/humble /usr/bin/cmake --install /home/cleanseasolutions/ros2_ws/build/my_robot_interfaces
[0.268s] -- Install configuration: ""
[0.269s] -- Up-to-date: /home/cleanseasolutions/ros2_ws/install/my_robot_interfaces/share/ament_index/resource_index/rosidl_interfaces/my_robot_interfaces
[0.269s] -- Up-to-date: /home/cleanseasolutions/ros2_ws/install/my_robot_interfaces/include/my_robot_interfaces/my_robot_interfaces
[0.269s] -- Up-to-date: /home/cleanseasolutions/ros2_ws/install/my_robot_interfaces/include/my_robot_interfaces/my_robot_interfaces/msg
[0.269s] -- Up-to-date: /home/cleanseasolutions/ros2_ws/install/my_robot_interfaces/include/my_robot_interfaces/my_robot_interfaces/msg/detail
[0.269s] -- Up-to-date: /home/cleanseasolutions/ros2_ws/install/my_robot_interfaces/include/my_robot_interfaces/my_robot_interfaces/msg/detail/hardware_status__struct.h
[0.269s] -- Up-to-date: /home/cleanseasolutions/ros2_ws/install/my_robot_interfaces/include/my_robot_interfaces/my_robot_interfaces/msg/detail/hardware_status__functions.c
[0.269s] -- Up-to-date: /home/cleanseasolutions/ros2_ws/install/my_robot_interfaces/include/my_robot_interfaces/my_robot_interfaces/msg/detail/hardware_status__type_support.h
[0.270s] -- Up-to-date: /home/cleanseasolutions/ros2_ws/install/my_robot_interfaces/include/my_robot_interfaces/my_robot_interfaces/msg/detail/hardware_status__functions.h
[0.270s] -- Up-to-date: /home/cleanseasolutions/ros2_ws/install/my_robot_interfaces/include/my_robot_interfaces/my_robot_interfaces/msg/rosidl_generator_c__visibility_control.h
[0.270s] -- Up-to-date: /home/cleanseasolutions/ros2_ws/install/my_robot_interfaces/include/my_robot_interfaces/my_robot_interfaces/msg/hardware_status.h
[0.270s] -- Up-to-date: /home/cleanseasolutions/ros2_ws/install/my_robot_interfaces/include/my_robot_interfaces/my_robot_interfaces/srv
[0.270s] -- Up-to-date: /home/cleanseasolutions/ros2_ws/install/my_robot_interfaces/include/my_robot_interfaces/my_robot_interfaces/srv/detail
[0.270s] -- Up-to-date: /home/cleanseasolutions/ros2_ws/install/my_robot_interfaces/include/my_robot_interfaces/my_robot_interfaces/srv/detail/compute_rectangle_area__functions.h
[0.270s] -- Up-to-date: /home/cleanseasolutions/ros2_ws/install/my_robot_interfaces/include/my_robot_interfaces/my_robot_interfaces/srv/detail/compute_rectangle_area__functions.c
[0.270s] -- Up-to-date: /home/cleanseasolutions/ros2_ws/install/my_robot_interfaces/include/my_robot_interfaces/my_robot_interfaces/srv/detail/compute_rectangle_area__type_support.h
[0.270s] -- Up-to-date: /home/cleanseasolutions/ros2_ws/install/my_robot_interfaces/include/my_robot_interfaces/my_robot_interfaces/srv/detail/compute_rectangle_area__struct.h
[0.270s] -- Up-to-date: /home/cleanseasolutions/ros2_ws/install/my_robot_interfaces/include/my_robot_interfaces/my_robot_interfaces/srv/compute_rectangle_area.h
[0.271s] -- Up-to-date: /home/cleanseasolutions/ros2_ws/install/my_robot_interfaces/share/my_robot_interfaces/environment/library_path.sh
[0.271s] -- Up-to-date: /home/cleanseasolutions/ros2_ws/install/my_robot_interfaces/share/my_robot_interfaces/environment/library_path.dsv
[0.271s] -- Up-to-date: /home/cleanseasolutions/ros2_ws/install/my_robot_interfaces/lib/libmy_robot_interfaces__rosidl_generator_c.so
[0.271s] -- Up-to-date: /home/cleanseasolutions/ros2_ws/install/my_robot_interfaces/include/my_robot_interfaces/my_robot_interfaces
[0.271s] -- Up-to-date: /home/cleanseasolutions/ros2_ws/install/my_robot_interfaces/include/my_robot_interfaces/my_robot_interfaces/msg
[0.271s] -- Up-to-date: /home/cleanseasolutions/ros2_ws/install/my_robot_interfaces/include/my_robot_interfaces/my_robot_interfaces/msg/detail
[0.271s] -- Up-to-date: /home/cleanseasolutions/ros2_ws/install/my_robot_interfaces/include/my_robot_interfaces/my_robot_interfaces/msg/detail/hardware_status__rosidl_typesupport_fastrtps_c.h
[0.271s] -- Up-to-date: /home/cleanseasolutions/ros2_ws/install/my_robot_interfaces/include/my_robot_interfaces/my_robot_interfaces/msg/rosidl_typesupport_fastrtps_c__visibility_control.h
[0.271s] -- Up-to-date: /home/cleanseasolutions/ros2_ws/install/my_robot_interfaces/include/my_robot_interfaces/my_robot_interfaces/srv
[0.271s] -- Up-to-date: /home/cleanseasolutions/ros2_ws/install/my_robot_interfaces/include/my_robot_interfaces/my_robot_interfaces/srv/detail
[0.271s] -- Up-to-date: /home/cleanseasolutions/ros2_ws/install/my_robot_interfaces/include/my_robot_interfaces/my_robot_interfaces/srv/detail/compute_rectangle_area__rosidl_typesupport_fastrtps_c.h
[0.271s] -- Up-to-date: /home/cleanseasolutions/ros2_ws/install/my_robot_interfaces/lib/libmy_robot_interfaces__rosidl_typesupport_fastrtps_c.so
[0.271s] -- Up-to-date: /home/cleanseasolutions/ros2_ws/install/my_robot_interfaces/include/my_robot_interfaces/my_robot_interfaces
[0.272s] -- Up-to-date: /home/cleanseasolutions/ros2_ws/install/my_robot_interfaces/include/my_robot_interfaces/my_robot_interfaces/msg
[0.272s] -- Up-to-date: /home/cleanseasolutions/ros2_ws/install/my_robot_interfaces/include/my_robot_interfaces/my_robot_interfaces/msg/detail
[0.272s] -- Up-to-date: /home/cleanseasolutions/ros2_ws/install/my_robot_interfaces/include/my_robot_interfaces/my_robot_interfaces/msg/detail/hardware_status__rosidl_typesupport_introspection_c.h
[0.272s] -- Up-to-date: /home/cleanseasolutions/ros2_ws/install/my_robot_interfaces/include/my_robot_interfaces/my_robot_interfaces/msg/detail/hardware_status__type_support.c
[0.272s] -- Up-to-date: /home/cleanseasolutions/ros2_ws/install/my_robot_interfaces/include/my_robot_interfaces/my_robot_interfaces/msg/rosidl_typesupport_introspection_c__visibility_control.h
[0.272s] -- Up-to-date: /home/cleanseasolutions/ros2_ws/install/my_robot_interfaces/include/my_robot_interfaces/my_robot_interfaces/srv
[0.272s] -- Up-to-date: /home/cleanseasolutions/ros2_ws/install/my_robot_interfaces/include/my_robot_interfaces/my_robot_interfaces/srv/detail
[0.272s] -- Up-to-date: /home/cleanseasolutions/ros2_ws/install/my_robot_interfaces/include/my_robot_interfaces/my_robot_interfaces/srv/detail/compute_rectangle_area__rosidl_typesupport_introspection_c.h
[0.272s] -- Up-to-date: /home/cleanseasolutions/ros2_ws/install/my_robot_interfaces/include/my_robot_interfaces/my_robot_interfaces/srv/detail/compute_rectangle_area__type_support.c
[0.272s] -- Up-to-date: /home/cleanseasolutions/ros2_ws/install/my_robot_interfaces/lib/libmy_robot_interfaces__rosidl_typesupport_introspection_c.so
[0.272s] -- Up-to-date: /home/cleanseasolutions/ros2_ws/install/my_robot_interfaces/lib/libmy_robot_interfaces__rosidl_typesupport_c.so
[0.273s] -- Up-to-date: /home/cleanseasolutions/ros2_ws/install/my_robot_interfaces/include/my_robot_interfaces/my_robot_interfaces
[0.273s] -- Up-to-date: /home/cleanseasolutions/ros2_ws/install/my_robot_interfaces/include/my_robot_interfaces/my_robot_interfaces/msg
[0.273s] -- Up-to-date: /home/cleanseasolutions/ros2_ws/install/my_robot_interfaces/include/my_robot_interfaces/my_robot_interfaces/msg/detail
[0.273s] -- Up-to-date: /home/cleanseasolutions/ros2_ws/install/my_robot_interfaces/include/my_robot_interfaces/my_robot_interfaces/msg/detail/hardware_status__struct.hpp
[0.273s] -- Up-to-date: /home/cleanseasolutions/ros2_ws/install/my_robot_interfaces/include/my_robot_interfaces/my_robot_interfaces/msg/detail/hardware_status__builder.hpp
[0.273s] -- Up-to-date: /home/cleanseasolutions/ros2_ws/install/my_robot_interfaces/include/my_robot_interfaces/my_robot_interfaces/msg/detail/hardware_status__traits.hpp
[0.273s] -- Up-to-date: /home/cleanseasolutions/ros2_ws/install/my_robot_interfaces/include/my_robot_interfaces/my_robot_interfaces/msg/hardware_status.hpp
[0.273s] -- Up-to-date: /home/cleanseasolutions/ros2_ws/install/my_robot_interfaces/include/my_robot_interfaces/my_robot_interfaces/srv
[0.273s] -- Up-to-date: /home/cleanseasolutions/ros2_ws/install/my_robot_interfaces/include/my_robot_interfaces/my_robot_interfaces/srv/detail
[0.273s] -- Up-to-date: /home/cleanseasolutions/ros2_ws/install/my_robot_interfaces/include/my_robot_interfaces/my_robot_interfaces/srv/detail/compute_rectangle_area__struct.hpp
[0.273s] -- Up-to-date: /home/cleanseasolutions/ros2_ws/install/my_robot_interfaces/include/my_robot_interfaces/my_robot_interfaces/srv/detail/compute_rectangle_area__builder.hpp
[0.273s] -- Up-to-date: /home/cleanseasolutions/ros2_ws/install/my_robot_interfaces/include/my_robot_interfaces/my_robot_interfaces/srv/detail/compute_rectangle_area__traits.hpp
[0.273s] -- Up-to-date: /home/cleanseasolutions/ros2_ws/install/my_robot_interfaces/include/my_robot_interfaces/my_robot_interfaces/srv/compute_rectangle_area.hpp
[0.273s] -- Up-to-date: /home/cleanseasolutions/ros2_ws/install/my_robot_interfaces/include/my_robot_interfaces/my_robot_interfaces
[0.273s] -- Up-to-date: /home/cleanseasolutions/ros2_ws/install/my_robot_interfaces/include/my_robot_interfaces/my_robot_interfaces/msg
[0.273s] -- Up-to-date: /home/cleanseasolutions/ros2_ws/install/my_robot_interfaces/include/my_robot_interfaces/my_robot_interfaces/msg/detail
[0.273s] -- Up-to-date: /home/cleanseasolutions/ros2_ws/install/my_robot_interfaces/include/my_robot_interfaces/my_robot_interfaces/msg/detail/dds_fastrtps
[0.273s] -- Up-to-date: /home/cleanseasolutions/ros2_ws/install/my_robot_interfaces/include/my_robot_interfaces/my_robot_interfaces/msg/detail/hardware_status__rosidl_typesupport_fastrtps_cpp.hpp
[0.273s] -- Up-to-date: /home/cleanseasolutions/ros2_ws/install/my_robot_interfaces/include/my_robot_interfaces/my_robot_interfaces/msg/rosidl_typesupport_fastrtps_cpp__visibility_control.h
[0.273s] -- Up-to-date: /home/cleanseasolutions/ros2_ws/install/my_robot_interfaces/include/my_robot_interfaces/my_robot_interfaces/srv
[0.273s] -- Up-to-date: /home/cleanseasolutions/ros2_ws/install/my_robot_interfaces/include/my_robot_interfaces/my_robot_interfaces/srv/detail
[0.273s] -- Up-to-date: /home/cleanseasolutions/ros2_ws/install/my_robot_interfaces/include/my_robot_interfaces/my_robot_interfaces/srv/detail/compute_rectangle_area__rosidl_typesupport_fastrtps_cpp.hpp
[0.273s] -- Up-to-date: /home/cleanseasolutions/ros2_ws/install/my_robot_interfaces/include/my_robot_interfaces/my_robot_interfaces/srv/detail/dds_fastrtps
[0.273s] -- Up-to-date: /home/cleanseasolutions/ros2_ws/install/my_robot_interfaces/lib/libmy_robot_interfaces__rosidl_typesupport_fastrtps_cpp.so
[0.273s] -- Up-to-date: /home/cleanseasolutions/ros2_ws/install/my_robot_interfaces/include/my_robot_interfaces/my_robot_interfaces
[0.273s] -- Up-to-date: /home/cleanseasolutions/ros2_ws/install/my_robot_interfaces/include/my_robot_interfaces/my_robot_interfaces/msg
[0.273s] -- Up-to-date: /home/cleanseasolutions/ros2_ws/install/my_robot_interfaces/include/my_robot_interfaces/my_robot_interfaces/msg/detail
[0.273s] -- Up-to-date: /home/cleanseasolutions/ros2_ws/install/my_robot_interfaces/include/my_robot_interfaces/my_robot_interfaces/msg/detail/hardware_status__type_support.cpp
[0.273s] -- Up-to-date: /home/cleanseasolutions/ros2_ws/install/my_robot_interfaces/include/my_robot_interfaces/my_robot_interfaces/msg/detail/hardware_status__rosidl_typesupport_introspection_cpp.hpp
[0.273s] -- Up-to-date: /home/cleanseasolutions/ros2_ws/install/my_robot_interfaces/include/my_robot_interfaces/my_robot_interfaces/srv
[0.273s] -- Up-to-date: /home/cleanseasolutions/ros2_ws/install/my_robot_interfaces/include/my_robot_interfaces/my_robot_interfaces/srv/detail
[0.273s] -- Up-to-date: /home/cleanseasolutions/ros2_ws/install/my_robot_interfaces/include/my_robot_interfaces/my_robot_interfaces/srv/detail/compute_rectangle_area__rosidl_typesupport_introspection_cpp.hpp
[0.273s] -- Up-to-date: /home/cleanseasolutions/ros2_ws/install/my_robot_interfaces/include/my_robot_interfaces/my_robot_interfaces/srv/detail/compute_rectangle_area__type_support.cpp
[0.273s] -- Up-to-date: /home/cleanseasolutions/ros2_ws/install/my_robot_interfaces/lib/libmy_robot_interfaces__rosidl_typesupport_introspection_cpp.so
[0.273s] -- Up-to-date: /home/cleanseasolutions/ros2_ws/install/my_robot_interfaces/lib/libmy_robot_interfaces__rosidl_typesupport_cpp.so
[0.273s] -- Up-to-date: /home/cleanseasolutions/ros2_ws/install/my_robot_interfaces/share/my_robot_interfaces/environment/pythonpath.sh
[0.273s] -- Up-to-date: /home/cleanseasolutions/ros2_ws/install/my_robot_interfaces/share/my_robot_interfaces/environment/pythonpath.dsv
[0.273s] -- Up-to-date: /home/cleanseasolutions/ros2_ws/install/my_robot_interfaces/local/lib/python3.10/dist-packages/my_robot_interfaces-0.0.0-py3.10.egg-info
[0.273s] -- Installing: /home/cleanseasolutions/ros2_ws/install/my_robot_interfaces/local/lib/python3.10/dist-packages/my_robot_interfaces-0.0.0-py3.10.egg-info/PKG-INFO
[0.273s] -- Installing: /home/cleanseasolutions/ros2_ws/install/my_robot_interfaces/local/lib/python3.10/dist-packages/my_robot_interfaces-0.0.0-py3.10.egg-info/top_level.txt
[0.273s] -- Installing: /home/cleanseasolutions/ros2_ws/install/my_robot_interfaces/local/lib/python3.10/dist-packages/my_robot_interfaces-0.0.0-py3.10.egg-info/SOURCES.txt
[0.273s] -- Installing: /home/cleanseasolutions/ros2_ws/install/my_robot_interfaces/local/lib/python3.10/dist-packages/my_robot_interfaces-0.0.0-py3.10.egg-info/dependency_links.txt
[0.273s] -- Up-to-date: /home/cleanseasolutions/ros2_ws/install/my_robot_interfaces/local/lib/python3.10/dist-packages/my_robot_interfaces
[0.273s] -- Up-to-date: /home/cleanseasolutions/ros2_ws/install/my_robot_interfaces/local/lib/python3.10/dist-packages/my_robot_interfaces/my_robot_interfaces_s__rosidl_typesupport_fastrtps_c.cpython-310-x86_64-linux-gnu.so
[0.274s] -- Up-to-date: /home/cleanseasolutions/ros2_ws/install/my_robot_interfaces/local/lib/python3.10/dist-packages/my_robot_interfaces/msg
[0.274s] -- Up-to-date: /home/cleanseasolutions/ros2_ws/install/my_robot_interfaces/local/lib/python3.10/dist-packages/my_robot_interfaces/msg/_hardware_status.py
[0.274s] -- Up-to-date: /home/cleanseasolutions/ros2_ws/install/my_robot_interfaces/local/lib/python3.10/dist-packages/my_robot_interfaces/msg/__init__.py
[0.274s] -- Up-to-date: /home/cleanseasolutions/ros2_ws/install/my_robot_interfaces/local/lib/python3.10/dist-packages/my_robot_interfaces/msg/_hardware_status_s.c
[0.274s] -- Up-to-date: /home/cleanseasolutions/ros2_ws/install/my_robot_interfaces/local/lib/python3.10/dist-packages/my_robot_interfaces/_my_robot_interfaces_s.ep.rosidl_typesupport_fastrtps_c.c
[0.274s] -- Up-to-date: /home/cleanseasolutions/ros2_ws/install/my_robot_interfaces/local/lib/python3.10/dist-packages/my_robot_interfaces/my_robot_interfaces_s__rosidl_typesupport_c.cpython-310-x86_64-linux-gnu.so
[0.274s] -- Up-to-date: /home/cleanseasolutions/ros2_ws/install/my_robot_interfaces/local/lib/python3.10/dist-packages/my_robot_interfaces/__init__.py
[0.274s] -- Up-to-date: /home/cleanseasolutions/ros2_ws/install/my_robot_interfaces/local/lib/python3.10/dist-packages/my_robot_interfaces/_my_robot_interfaces_s.ep.rosidl_typesupport_c.c
[0.274s] -- Up-to-date: /home/cleanseasolutions/ros2_ws/install/my_robot_interfaces/local/lib/python3.10/dist-packages/my_robot_interfaces/my_robot_interfaces_s__rosidl_typesupport_introspection_c.cpython-310-x86_64-linux-gnu.so
[0.274s] -- Up-to-date: /home/cleanseasolutions/ros2_ws/install/my_robot_interfaces/local/lib/python3.10/dist-packages/my_robot_interfaces/_my_robot_interfaces_s.ep.rosidl_typesupport_introspection_c.c
[0.274s] -- Up-to-date: /home/cleanseasolutions/ros2_ws/install/my_robot_interfaces/local/lib/python3.10/dist-packages/my_robot_interfaces/libmy_robot_interfaces__rosidl_generator_py.so
[0.274s] -- Up-to-date: /home/cleanseasolutions/ros2_ws/install/my_robot_interfaces/local/lib/python3.10/dist-packages/my_robot_interfaces/srv
[0.274s] -- Up-to-date: /home/cleanseasolutions/ros2_ws/install/my_robot_interfaces/local/lib/python3.10/dist-packages/my_robot_interfaces/srv/__init__.py
[0.274s] -- Up-to-date: /home/cleanseasolutions/ros2_ws/install/my_robot_interfaces/local/lib/python3.10/dist-packages/my_robot_interfaces/srv/_compute_rectangle_area_s.c
[0.274s] -- Up-to-date: /home/cleanseasolutions/ros2_ws/install/my_robot_interfaces/local/lib/python3.10/dist-packages/my_robot_interfaces/srv/_compute_rectangle_area.py
[0.287s] Listing '/home/cleanseasolutions/ros2_ws/install/my_robot_interfaces/local/lib/python3.10/dist-packages/my_robot_interfaces'...
[0.287s] Listing '/home/cleanseasolutions/ros2_ws/install/my_robot_interfaces/local/lib/python3.10/dist-packages/my_robot_interfaces/msg'...
[0.287s] Listing '/home/cleanseasolutions/ros2_ws/install/my_robot_interfaces/local/lib/python3.10/dist-packages/my_robot_interfaces/srv'...
[0.289s] -- Up-to-date: /home/cleanseasolutions/ros2_ws/install/my_robot_interfaces/local/lib/python3.10/dist-packages/my_robot_interfaces/my_robot_interfaces_s__rosidl_typesupport_fastrtps_c.cpython-310-x86_64-linux-gnu.so
[0.290s] -- Up-to-date: /home/cleanseasolutions/ros2_ws/install/my_robot_interfaces/local/lib/python3.10/dist-packages/my_robot_interfaces/my_robot_interfaces_s__rosidl_typesupport_introspection_c.cpython-310-x86_64-linux-gnu.so
[0.290s] -- Up-to-date: /home/cleanseasolutions/ros2_ws/install/my_robot_interfaces/local/lib/python3.10/dist-packages/my_robot_interfaces/my_robot_interfaces_s__rosidl_typesupport_c.cpython-310-x86_64-linux-gnu.so
[0.290s] -- Up-to-date: /home/cleanseasolutions/ros2_ws/install/my_robot_interfaces/lib/libmy_robot_interfaces__rosidl_generator_py.so
[0.290s] -- Up-to-date: /home/cleanseasolutions/ros2_ws/install/my_robot_interfaces/share/my_robot_interfaces/msg/HardwareStatus.idl
[0.290s] -- Up-to-date: /home/cleanseasolutions/ros2_ws/install/my_robot_interfaces/share/my_robot_interfaces/srv/ComputeRectangleArea.idl
[0.290s] -- Up-to-date: /home/cleanseasolutions/ros2_ws/install/my_robot_interfaces/share/my_robot_interfaces/msg/HardwareStatus.msg
[0.290s] -- Up-to-date: /home/cleanseasolutions/ros2_ws/install/my_robot_interfaces/share/my_robot_interfaces/srv/ComputeRectangleArea.srv
[0.290s] -- Up-to-date: /home/cleanseasolutions/ros2_ws/install/my_robot_interfaces/share/my_robot_interfaces/srv/ComputeRectangleArea_Request.msg
[0.291s] -- Up-to-date: /home/cleanseasolutions/ros2_ws/install/my_robot_interfaces/share/my_robot_interfaces/srv/ComputeRectangleArea_Response.msg
[0.291s] -- Up-to-date: /home/cleanseasolutions/ros2_ws/install/my_robot_interfaces/share/ament_index/resource_index/package_run_dependencies/my_robot_interfaces
[0.291s] -- Up-to-date: /home/cleanseasolutions/ros2_ws/install/my_robot_interfaces/share/ament_index/resource_index/parent_prefix_path/my_robot_interfaces
[0.291s] -- Up-to-date: /home/cleanseasolutions/ros2_ws/install/my_robot_interfaces/share/my_robot_interfaces/environment/ament_prefix_path.sh
[0.291s] -- Up-to-date: /home/cleanseasolutions/ros2_ws/install/my_robot_interfaces/share/my_robot_interfaces/environment/ament_prefix_path.dsv
[0.291s] -- Up-to-date: /home/cleanseasolutions/ros2_ws/install/my_robot_interfaces/share/my_robot_interfaces/environment/path.sh
[0.291s] -- Up-to-date: /home/cleanseasolutions/ros2_ws/install/my_robot_interfaces/share/my_robot_interfaces/environment/path.dsv
[0.291s] -- Up-to-date: /home/cleanseasolutions/ros2_ws/install/my_robot_interfaces/share/my_robot_interfaces/local_setup.bash
[0.291s] -- Up-to-date: /home/cleanseasolutions/ros2_ws/install/my_robot_interfaces/share/my_robot_interfaces/local_setup.sh
[0.291s] -- Up-to-date: /home/cleanseasolutions/ros2_ws/install/my_robot_interfaces/share/my_robot_interfaces/local_setup.zsh
[0.291s] -- Up-to-date: /home/cleanseasolutions/ros2_ws/install/my_robot_interfaces/share/my_robot_interfaces/local_setup.dsv
[0.291s] -- Installing: /home/cleanseasolutions/ros2_ws/install/my_robot_interfaces/share/my_robot_interfaces/package.dsv
[0.291s] -- Up-to-date: /home/cleanseasolutions/ros2_ws/install/my_robot_interfaces/share/ament_index/resource_index/packages/my_robot_interfaces
[0.291s] -- Up-to-date: /home/cleanseasolutions/ros2_ws/install/my_robot_interfaces/share/my_robot_interfaces/cmake/export_my_robot_interfaces__rosidl_generator_cExport.cmake
[0.291s] -- Up-to-date: /home/cleanseasolutions/ros2_ws/install/my_robot_interfaces/share/my_robot_interfaces/cmake/export_my_robot_interfaces__rosidl_generator_cExport-noconfig.cmake
[0.291s] -- Up-to-date: /home/cleanseasolutions/ros2_ws/install/my_robot_interfaces/share/my_robot_interfaces/cmake/export_my_robot_interfaces__rosidl_typesupport_fastrtps_cExport.cmake
[0.292s] -- Up-to-date: /home/cleanseasolutions/ros2_ws/install/my_robot_interfaces/share/my_robot_interfaces/cmake/export_my_robot_interfaces__rosidl_typesupport_fastrtps_cExport-noconfig.cmake
[0.292s] -- Up-to-date: /home/cleanseasolutions/ros2_ws/install/my_robot_interfaces/share/my_robot_interfaces/cmake/my_robot_interfaces__rosidl_typesupport_introspection_cExport.cmake
[0.292s] -- Up-to-date: /home/cleanseasolutions/ros2_ws/install/my_robot_interfaces/share/my_robot_interfaces/cmake/my_robot_interfaces__rosidl_typesupport_introspection_cExport-noconfig.cmake
[0.292s] -- Up-to-date: /home/cleanseasolutions/ros2_ws/install/my_robot_interfaces/share/my_robot_interfaces/cmake/my_robot_interfaces__rosidl_typesupport_cExport.cmake
[0.292s] -- Up-to-date: /home/cleanseasolutions/ros2_ws/install/my_robot_interfaces/share/my_robot_interfaces/cmake/my_robot_interfaces__rosidl_typesupport_cExport-noconfig.cmake
[0.292s] -- Up-to-date: /home/cleanseasolutions/ros2_ws/install/my_robot_interfaces/share/my_robot_interfaces/cmake/export_my_robot_interfaces__rosidl_generator_cppExport.cmake
[0.292s] -- Up-to-date: /home/cleanseasolutions/ros2_ws/install/my_robot_interfaces/share/my_robot_interfaces/cmake/export_my_robot_interfaces__rosidl_typesupport_fastrtps_cppExport.cmake
[0.292s] -- Up-to-date: /home/cleanseasolutions/ros2_ws/install/my_robot_interfaces/share/my_robot_interfaces/cmake/export_my_robot_interfaces__rosidl_typesupport_fastrtps_cppExport-noconfig.cmake
[0.292s] -- Up-to-date: /home/cleanseasolutions/ros2_ws/install/my_robot_interfaces/share/my_robot_interfaces/cmake/my_robot_interfaces__rosidl_typesupport_introspection_cppExport.cmake
[0.292s] -- Up-to-date: /home/cleanseasolutions/ros2_ws/install/my_robot_interfaces/share/my_robot_interfaces/cmake/my_robot_interfaces__rosidl_typesupport_introspection_cppExport-noconfig.cmake
[0.292s] -- Up-to-date: /home/cleanseasolutions/ros2_ws/install/my_robot_interfaces/share/my_robot_interfaces/cmake/my_robot_interfaces__rosidl_typesupport_cppExport.cmake
[0.292s] -- Up-to-date: /home/cleanseasolutions/ros2_ws/install/my_robot_interfaces/share/my_robot_interfaces/cmake/my_robot_interfaces__rosidl_typesupport_cppExport-noconfig.cmake
[0.292s] -- Up-to-date: /home/cleanseasolutions/ros2_ws/install/my_robot_interfaces/share/my_robot_interfaces/cmake/export_my_robot_interfaces__rosidl_generator_pyExport.cmake
[0.292s] -- Up-to-date: /home/cleanseasolutions/ros2_ws/install/my_robot_interfaces/share/my_robot_interfaces/cmake/export_my_robot_interfaces__rosidl_generator_pyExport-noconfig.cmake
[0.292s] -- Up-to-date: /home/cleanseasolutions/ros2_ws/install/my_robot_interfaces/share/my_robot_interfaces/cmake/rosidl_cmake-extras.cmake
[0.293s] -- Up-to-date: /home/cleanseasolutions/ros2_ws/install/my_robot_interfaces/share/my_robot_interfaces/cmake/ament_cmake_export_include_directories-extras.cmake
[0.293s] -- Up-to-date: /home/cleanseasolutions/ros2_ws/install/my_robot_interfaces/share/my_robot_interfaces/cmake/ament_cmake_export_libraries-extras.cmake
[0.293s] -- Up-to-date: /home/cleanseasolutions/ros2_ws/install/my_robot_interfaces/share/my_robot_interfaces/cmake/ament_cmake_export_targets-extras.cmake
[0.293s] -- Up-to-date: /home/cleanseasolutions/ros2_ws/install/my_robot_interfaces/share/my_robot_interfaces/cmake/rosidl_cmake_export_typesupport_targets-extras.cmake
[0.293s] -- Up-to-date: /home/cleanseasolutions/ros2_ws/install/my_robot_interfaces/share/my_robot_interfaces/cmake/ament_cmake_export_dependencies-extras.cmake
[0.293s] -- Up-to-date: /home/cleanseasolutions/ros2_ws/install/my_robot_interfaces/share/my_robot_interfaces/cmake/rosidl_cmake_export_typesupport_libraries-extras.cmake
[0.293s] -- Up-to-date: /home/cleanseasolutions/ros2_ws/install/my_robot_interfaces/share/my_robot_interfaces/cmake/my_robot_interfacesConfig.cmake
[0.293s] -- Up-to-date: /home/cleanseasolutions/ros2_ws/install/my_robot_interfaces/share/my_robot_interfaces/cmake/my_robot_interfacesConfig-version.cmake
[0.293s] -- Up-to-date: /home/cleanseasolutions/ros2_ws/install/my_robot_interfaces/share/my_robot_interfaces/package.xml
[0.293s] Invoked command in '/home/cleanseasolutions/ros2_ws/build/my_robot_interfaces' returned '0': CMAKE_PREFIX_PATH=${CMAKE_PREFIX_PATH}:/home/cleanseasolutions/ros2_ws/install/my_py_pkg:/opt/ros/humble /usr/bin/cmake --install /home/cleanseasolutions/ros2_ws/build/my_robot_interfaces
