[0.061s] Invoking command in '/home/cleanseasolutions/ros2_ws/build/my_cpp_pkg': CMAKE_PREFIX_PATH=${CMAKE_PREFIX_PATH}:/home/cleanseasolutions/ros2_ws/install/my_py_pkg:/opt/ros/humble /usr/bin/cmake --build /home/cleanseasolutions/ros2_ws/build/my_cpp_pkg -- -j16 -l16
[0.090s] [35m[1mConsolidate compiler generated dependencies of target number_counter[0m
[0.093s] [ 37%] Built target cpp_node
[0.093s] [ 37%] Built target smartphone
[0.093s] [ 37%] Built target robot_news_station
[0.099s] [ 62%] Built target add_two_ints_client
[0.099s] [ 62%] Built target number_publisher
[0.100s] [ 75%] Built target add_two_ints_server
[0.101s] [ 87%] Built target add_two_ints_client_no_oop
[0.103s] [ 93%] [32mBuilding CXX object CMakeFiles/number_counter.dir/src/number_counter.cpp.o[0m
[1.308s] [01m[K/home/cleanseasolutions/ros2_ws/src/my_cpp_pkg/src/number_counter.cpp:[m[K In constructor ‘[01m[KNumberCounterNode::NumberCounterNode()[m[K’:
[1.308s] [01m[K/home/cleanseasolutions/ros2_ws/src/my_cpp_pkg/src/number_counter.cpp:13:97:[m[K [01;31m[Kerror: [m[Kno match for ‘[01m[Koperator=[m[K’ (operand types are ‘[01m[Krclcpp::Subscription<example_interfaces::msg::Int64_<std::allocator<void> > >::SharedPtr[m[K’ {aka ‘[01m[Kstd::shared_ptr<rclcpp::Subscription<example_interfaces::msg::Int64_<std::allocator<void> > > >[m[K’} and ‘[01m[Kstd::shared_ptr<rclcpp::Publisher<example_interfaces::msg::Int64_<std::allocator<void> >, std::allocator<void> > >[m[K’)
[1.308s]    13 |   publisher_ = this->create_publisher<example_interfaces::msg::Int64>("number_counter", 10[01;31m[K)[m[K;
[1.308s]       |                                                                                           [01;31m[K^[m[K
[1.308s] 
[1.308s] In file included from [01m[K/usr/include/c++/11/memory:77[m[K,
[1.308s]                  from [01m[K/opt/ros/humble/include/rclcpp/rclcpp/rclcpp.hpp:153[m[K,
[1.309s]                  from [01m[K/home/cleanseasolutions/ros2_ws/src/my_cpp_pkg/src/number_counter.cpp:1[m[K:
[1.309s] [01m[K/usr/include/c++/11/bits/shared_ptr.h:363:9:[m[K [01;36m[Knote: [m[Kcandidate: ‘[01m[Ktemplate<class _Yp> std::shared_ptr<_Tp>::_Assignable<const std::shared_ptr<_Yp>&> std::shared_ptr<_Tp>::operator=(const std::shared_ptr<_Yp>&) [with _Yp = _Yp; _Tp = rclcpp::Subscription<example_interfaces::msg::Int64_<std::allocator<void> > >][m[K’
[1.309s]   363 |         [01;36m[Koperator[m[K=(const shared_ptr<_Yp>& __r) noexcept
[1.309s]       |         [01;36m[K^~~~~~~~[m[K
[1.309s] [01m[K/usr/include/c++/11/bits/shared_ptr.h:363:9:[m[K [01;36m[Knote: [m[K  template argument deduction/substitution failed:
[1.309s] /usr/include/c++/11/bits/shared_ptr.h: In substitution of ‘[01m[Ktemplate<class _Tp> template<class _Arg> using _Assignable = typename std::enable_if<std::is_assignable<std::__shared_ptr<_Tp>&, _Arg>::value, std::shared_ptr<_Tp>&>::type [with _Arg = const std::shared_ptr<rclcpp::Publisher<example_interfaces::msg::Int64_<std::allocator<void> >, std::allocator<void> > >&; _Tp = rclcpp::Subscription<example_interfaces::msg::Int64_<std::allocator<void> > >][m[K’:
[1.309s] [01m[K/usr/include/c++/11/bits/shared_ptr.h:363:2:[m[K   required by substitution of ‘[01m[Ktemplate<class _Yp> std::shared_ptr<rclcpp::Subscription<example_interfaces::msg::Int64_<std::allocator<void> > > >::_Assignable<const std::shared_ptr<_Tp>&> std::shared_ptr<rclcpp::Subscription<example_interfaces::msg::Int64_<std::allocator<void> > > >::operator=<_Yp>(const std::shared_ptr<_Tp>&) [with _Yp = rclcpp::Publisher<example_interfaces::msg::Int64_<std::allocator<void> >, std::allocator<void> >][m[K’
[1.309s] [01m[K/home/cleanseasolutions/ros2_ws/src/my_cpp_pkg/src/number_counter.cpp:13:97:[m[K   required from here
[1.309s] [01m[K/usr/include/c++/11/bits/shared_ptr.h:130:15:[m[K [01;31m[Kerror: [m[Kno type named ‘[01m[Ktype[m[K’ in ‘[01m[Kstruct std::enable_if<false, std::shared_ptr<rclcpp::Subscription<example_interfaces::msg::Int64_<std::allocator<void> > > >&>[m[K’
[1.309s]   130 |         using [01;31m[K_Assignable[m[K = typename enable_if<
[1.309s]       |               [01;31m[K^~~~~~~~~~~[m[K
[1.309s] [01m[K/usr/include/c++/11/bits/shared_ptr.h:374:9:[m[K [01;36m[Knote: [m[Kcandidate: ‘[01m[Ktemplate<class _Yp> std::shared_ptr<_Tp>::_Assignable<std::auto_ptr<_Up> > std::shared_ptr<_Tp>::operator=(std::auto_ptr<_Up>&&) [with _Yp = _Yp; _Tp = rclcpp::Subscription<example_interfaces::msg::Int64_<std::allocator<void> > >][m[K’
[1.309s]   374 |         [01;36m[Koperator[m[K=(auto_ptr<_Yp>&& __r)
[1.309s]       |         [01;36m[K^~~~~~~~[m[K
[1.309s] [01m[K/usr/include/c++/11/bits/shared_ptr.h:374:9:[m[K [01;36m[Knote: [m[K  template argument deduction/substitution failed:
[1.309s] [01m[K/home/cleanseasolutions/ros2_ws/src/my_cpp_pkg/src/number_counter.cpp:13:97:[m[K [01;36m[Knote: [m[K  ‘[01m[Kstd::shared_ptr<rclcpp::Publisher<example_interfaces::msg::Int64_<std::allocator<void> >, std::allocator<void> > >[m[K’ is not derived from ‘[01m[Kstd::auto_ptr<_Up>[m[K’
[1.310s]    13 |   publisher_ = this->create_publisher<example_interfaces::msg::Int64>("number_counter", 10[01;36m[K)[m[K;
[1.310s]       |                                                                                           [01;36m[K^[m[K
[1.310s] 
[1.310s] In file included from [01m[K/usr/include/c++/11/memory:77[m[K,
[1.310s]                  from [01m[K/opt/ros/humble/include/rclcpp/rclcpp/rclcpp.hpp:153[m[K,
[1.310s]                  from [01m[K/home/cleanseasolutions/ros2_ws/src/my_cpp_pkg/src/number_counter.cpp:1[m[K:
[1.310s] [01m[K/usr/include/c++/11/bits/shared_ptr.h:391:9:[m[K [01;36m[Knote: [m[Kcandidate: ‘[01m[Ktemplate<class _Yp> std::shared_ptr<_Tp>::_Assignable<std::shared_ptr<_Yp> > std::shared_ptr<_Tp>::operator=(std::shared_ptr<_Yp>&&) [with _Yp = _Yp; _Tp = rclcpp::Subscription<example_interfaces::msg::Int64_<std::allocator<void> > >][m[K’
[1.310s]   391 |         [01;36m[Koperator[m[K=(shared_ptr<_Yp>&& __r) noexcept
[1.310s]       |         [01;36m[K^~~~~~~~[m[K
[1.310s] [01m[K/usr/include/c++/11/bits/shared_ptr.h:391:9:[m[K [01;36m[Knote: [m[K  template argument deduction/substitution failed:
[1.310s] /usr/include/c++/11/bits/shared_ptr.h: In substitution of ‘[01m[Ktemplate<class _Tp> template<class _Arg> using _Assignable = typename std::enable_if<std::is_assignable<std::__shared_ptr<_Tp>&, _Arg>::value, std::shared_ptr<_Tp>&>::type [with _Arg = std::shared_ptr<rclcpp::Publisher<example_interfaces::msg::Int64_<std::allocator<void> >, std::allocator<void> > >; _Tp = rclcpp::Subscription<example_interfaces::msg::Int64_<std::allocator<void> > >][m[K’:
[1.310s] [01m[K/usr/include/c++/11/bits/shared_ptr.h:391:2:[m[K   required by substitution of ‘[01m[Ktemplate<class _Yp> std::shared_ptr<rclcpp::Subscription<example_interfaces::msg::Int64_<std::allocator<void> > > >::_Assignable<std::shared_ptr<_Tp> > std::shared_ptr<rclcpp::Subscription<example_interfaces::msg::Int64_<std::allocator<void> > > >::operator=<_Yp>(std::shared_ptr<_Tp>&&) [with _Yp = rclcpp::Publisher<example_interfaces::msg::Int64_<std::allocator<void> >, std::allocator<void> >][m[K’
[1.310s] [01m[K/home/cleanseasolutions/ros2_ws/src/my_cpp_pkg/src/number_counter.cpp:13:97:[m[K   required from here
[1.310s] [01m[K/usr/include/c++/11/bits/shared_ptr.h:130:15:[m[K [01;31m[Kerror: [m[Kno type named ‘[01m[Ktype[m[K’ in ‘[01m[Kstruct std::enable_if<false, std::shared_ptr<rclcpp::Subscription<example_interfaces::msg::Int64_<std::allocator<void> > > >&>[m[K’
[1.310s]   130 |         using [01;31m[K_Assignable[m[K = typename enable_if<
[1.311s]       |               [01;31m[K^~~~~~~~~~~[m[K
[1.311s] [01m[K/usr/include/c++/11/bits/shared_ptr.h:399:9:[m[K [01;36m[Knote: [m[Kcandidate: ‘[01m[Ktemplate<class _Yp, class _Del> std::shared_ptr<_Tp>::_Assignable<std::unique_ptr<_Up, _Ep> > std::shared_ptr<_Tp>::operator=(std::unique_ptr<_Up, _Ep>&&) [with _Yp = _Yp; _Del = _Del; _Tp = rclcpp::Subscription<example_interfaces::msg::Int64_<std::allocator<void> > >][m[K’
[1.311s]   399 |         [01;36m[Koperator[m[K=(unique_ptr<_Yp, _Del>&& __r)
[1.311s]       |         [01;36m[K^~~~~~~~[m[K
[1.311s] [01m[K/usr/include/c++/11/bits/shared_ptr.h:399:9:[m[K [01;36m[Knote: [m[K  template argument deduction/substitution failed:
[1.311s] [01m[K/home/cleanseasolutions/ros2_ws/src/my_cpp_pkg/src/number_counter.cpp:13:97:[m[K [01;36m[Knote: [m[K  ‘[01m[Kstd::shared_ptr<rclcpp::Publisher<example_interfaces::msg::Int64_<std::allocator<void> >, std::allocator<void> > >[m[K’ is not derived from ‘[01m[Kstd::unique_ptr<_Tp, _Dp>[m[K’
[1.311s]    13 |   publisher_ = this->create_publisher<example_interfaces::msg::Int64>("number_counter", 10[01;36m[K)[m[K;
[1.311s]       |                                                                                           [01;36m[K^[m[K
[1.311s] 
[1.311s] In file included from [01m[K/usr/include/c++/11/memory:77[m[K,
[1.311s]                  from [01m[K/opt/ros/humble/include/rclcpp/rclcpp/rclcpp.hpp:153[m[K,
[1.311s]                  from [01m[K/home/cleanseasolutions/ros2_ws/src/my_cpp_pkg/src/number_counter.cpp:1[m[K:
[1.311s] [01m[K/usr/include/c++/11/bits/shared_ptr.h:359:19:[m[K [01;36m[Knote: [m[Kcandidate: ‘[01m[Kstd::shared_ptr<_Tp>& std::shared_ptr<_Tp>::operator=(const std::shared_ptr<_Tp>&) [with _Tp = rclcpp::Subscription<example_interfaces::msg::Int64_<std::allocator<void> > >][m[K’
[1.311s]   359 |       shared_ptr& [01;36m[Koperator[m[K=(const shared_ptr&) noexcept = default;
[1.311s]       |                   [01;36m[K^~~~~~~~[m[K
[1.311s] [01m[K/usr/include/c++/11/bits/shared_ptr.h:359:29:[m[K [01;36m[Knote: [m[K  no known conversion for argument 1 from ‘[01m[Kstd::shared_ptr<rclcpp::Publisher<example_interfaces::msg::Int64_<std::allocator<void> >, std::allocator<void> > >[m[K’ to ‘[01m[Kconst std::shared_ptr<rclcpp::Subscription<example_interfaces::msg::Int64_<std::allocator<void> > > >&[m[K’
[1.311s]   359 |       shared_ptr& operator=([01;36m[Kconst shared_ptr&[m[K) noexcept = default;
[1.311s]       |                             [01;36m[K^~~~~~~~~~~~~~~~~[m[K
[1.312s] [01m[K/usr/include/c++/11/bits/shared_ptr.h:383:7:[m[K [01;36m[Knote: [m[Kcandidate: ‘[01m[Kstd::shared_ptr<_Tp>& std::shared_ptr<_Tp>::operator=(std::shared_ptr<_Tp>&&) [with _Tp = rclcpp::Subscription<example_interfaces::msg::Int64_<std::allocator<void> > >][m[K’
[1.312s]   383 |       [01;36m[Koperator[m[K=(shared_ptr&& __r) noexcept
[1.312s]       |       [01;36m[K^~~~~~~~[m[K
[1.312s] [01m[K/usr/include/c++/11/bits/shared_ptr.h:383:30:[m[K [01;36m[Knote: [m[K  no known conversion for argument 1 from ‘[01m[Kstd::shared_ptr<rclcpp::Publisher<example_interfaces::msg::Int64_<std::allocator<void> >, std::allocator<void> > >[m[K’ to ‘[01m[Kstd::shared_ptr<rclcpp::Subscription<example_interfaces::msg::Int64_<std::allocator<void> > > >&&[m[K’
[1.312s]   383 |       operator=([01;36m[Kshared_ptr&& __r[m[K) noexcept
[1.312s]       |                 [01;36m[K~~~~~~~~~~~~~^~~[m[K
[1.312s] In file included from [01m[K/opt/ros/humble/include/rclcpp/rclcpp/logging.hpp:24[m[K,
[1.312s]                  from [01m[K/opt/ros/humble/include/rclcpp/rclcpp/client.hpp:40[m[K,
[1.312s]                  from [01m[K/opt/ros/humble/include/rclcpp/rclcpp/callback_group.hpp:24[m[K,
[1.312s]                  from [01m[K/opt/ros/humble/include/rclcpp/rclcpp/any_executable.hpp:20[m[K,
[1.312s]                  from [01m[K/opt/ros/humble/include/rclcpp/rclcpp/memory_strategy.hpp:25[m[K,
[1.312s]                  from [01m[K/opt/ros/humble/include/rclcpp/rclcpp/memory_strategies.hpp:18[m[K,
[1.312s]                  from [01m[K/opt/ros/humble/include/rclcpp/rclcpp/executor_options.hpp:20[m[K,
[1.312s]                  from [01m[K/opt/ros/humble/include/rclcpp/rclcpp/executor.hpp:37[m[K,
[1.312s]                  from [01m[K/opt/ros/humble/include/rclcpp/rclcpp/executors/multi_threaded_executor.hpp:25[m[K,
[1.312s]                  from [01m[K/opt/ros/humble/include/rclcpp/rclcpp/executors.hpp:21[m[K,
[1.312s]                  from [01m[K/opt/ros/humble/include/rclcpp/rclcpp/rclcpp.hpp:155[m[K,
[1.312s]                  from [01m[K/home/cleanseasolutions/ros2_ws/src/my_cpp_pkg/src/number_counter.cpp:1[m[K:
[1.312s] [01m[K/home/cleanseasolutions/ros2_ws/src/my_cpp_pkg/src/number_counter.cpp:[m[K In member function ‘[01m[Kvoid NumberCounterNode::callbackNumber(example_interfaces::msg::Int64_<std::allocator<void> >::SharedPtr)[m[K’:
[1.313s] [01m[K/home/cleanseasolutions/ros2_ws/src/my_cpp_pkg/src/number_counter.cpp:23:41:[m[K [01;35m[Kwarning: [m[Kformat ‘[01m[K%d[m[K’ expects argument of type ‘[01m[Kint[m[K’, but argument 5 has type ‘[01m[Kint64_t[m[K’ {aka ‘[01m[Klong int[m[K’} [[01;35m[K]8;;https://gcc.gnu.org/onlinedocs/gcc/Warning-Options.html#index-Wformat=-Wformat=]8;;[m[K]
[1.313s]    23 |         RCLCPP_INFO(this->get_logger(), [01;35m[K"%d"[m[K, [32m[Kcounter_[m[K); //TODO: Implement proper syntax for printing an int
[1.313s]       |                                         [01;35m[K^~~~[m[K  [32m[K~~~~~~~~[m[K
[1.313s]       |                                               [32m[K|[m[K
[1.313s]       |                                               [32m[Kint64_t {aka long int}[m[K
[1.313s] [01m[K/home/cleanseasolutions/ros2_ws/src/my_cpp_pkg/src/number_counter.cpp:23:43:[m[K [01;36m[Knote: [m[Kformat string is defined here
[1.313s]    23 |         RCLCPP_INFO(this->get_logger(), "[01;36m[K%d[m[K", counter_); //TODO: Implement proper syntax for printing an int
[1.313s]       |                                          [01;36m[K~^[m[K
[1.313s]       |                                           [01;36m[K|[m[K
[1.313s]       |                                           [01;36m[Kint[m[K
[1.313s]       |                                          [32m[K%ld[m[K
[1.313s] [01m[K/home/cleanseasolutions/ros2_ws/src/my_cpp_pkg/src/number_counter.cpp:28:21:[m[K [01;31m[Kerror: [m[K‘[01m[Kusing element_type = class rclcpp::Subscription<example_interfaces::msg::Int64_<std::allocator<void> > >[m[K’ {aka ‘[01m[Kclass rclcpp::Subscription<example_interfaces::msg::Int64_<std::allocator<void> > >[m[K’} has no member named ‘[01m[Kpublish[m[K’
[1.313s]    28 |         publisher_->[01;31m[Kpublish[m[K(pub_msg);
[1.313s]       |                     [01;31m[K^~~~~~~[m[K
[2.595s] gmake[2]: *** [CMakeFiles/number_counter.dir/build.make:76: CMakeFiles/number_counter.dir/src/number_counter.cpp.o] Error 1
[2.595s] gmake[1]: *** [CMakeFiles/Makefile2:255: CMakeFiles/number_counter.dir/all] Error 2
[2.595s] gmake: *** [Makefile:146: all] Error 2
[2.597s] Invoked command in '/home/cleanseasolutions/ros2_ws/build/my_cpp_pkg' returned '2': CMAKE_PREFIX_PATH=${CMAKE_PREFIX_PATH}:/home/cleanseasolutions/ros2_ws/install/my_py_pkg:/opt/ros/humble /usr/bin/cmake --build /home/cleanseasolutions/ros2_ws/build/my_cpp_pkg -- -j16 -l16
