[0.036s] Invoking command in '/home/sven/ros2_ws/build/actions_cpp': CMAKE_PREFIX_PATH=/home/sven/ros2_ws/install/my_robot_interfaces:/home/sven/ros2_ws/install/turtlesim_catch_them_all:/home/sven/ros2_ws/install/my_robot_bringup:/home/sven/ros2_ws/install/my_cpp_pkg:/home/sven/ros2_ws/install/actions_cpp:/home/sven/ros2_ws/install/my_robot_description:/home/sven/install/my_robot_description:/home/sven/ros2_ws/install/my_py_pkg:/home/sven/ros2_ws/install/actions_py:/opt/ros/humble LD_LIBRARY_PATH=/home/sven/ros2_ws/install/my_robot_interfaces/lib:/usr/lib/x86_64-linux-gnu/gazebo-11/plugins:/opt/ros/humble/opt/rviz_ogre_vendor/lib:/opt/ros/humble/lib/x86_64-linux-gnu:/opt/ros/humble/lib:/usr/share/gazebo/../../lib/x86_64-linux-gnu/gazebo-11/plugins /usr/bin/cmake --build /home/sven/ros2_ws/build/actions_cpp -- -j20 -l20
[0.058s] [35m[1mConsolidate compiler generated dependencies of target count_until_client[0m
[0.066s] [ 25%] [32mBuilding CXX object CMakeFiles/count_until_server.dir/src/count_until_server.cpp.o[0m
[0.068s] [ 50%] [32mBuilding CXX object CMakeFiles/count_until_client.dir/src/count_until_client.cpp.o[0m
[1.925s] [ 75%] [32m[1mLinking CXX executable count_until_server[0m
[2.005s] [ 75%] Built target count_until_server
[2.213s] [100%] [32m[1mLinking CXX executable count_until_client[0m
[2.305s] [100%] Built target count_until_client
[2.316s] Invoked command in '/home/sven/ros2_ws/build/actions_cpp' returned '0': CMAKE_PREFIX_PATH=/home/sven/ros2_ws/install/my_robot_interfaces:/home/sven/ros2_ws/install/turtlesim_catch_them_all:/home/sven/ros2_ws/install/my_robot_bringup:/home/sven/ros2_ws/install/my_cpp_pkg:/home/sven/ros2_ws/install/actions_cpp:/home/sven/ros2_ws/install/my_robot_description:/home/sven/install/my_robot_description:/home/sven/ros2_ws/install/my_py_pkg:/home/sven/ros2_ws/install/actions_py:/opt/ros/humble LD_LIBRARY_PATH=/home/sven/ros2_ws/install/my_robot_interfaces/lib:/usr/lib/x86_64-linux-gnu/gazebo-11/plugins:/opt/ros/humble/opt/rviz_ogre_vendor/lib:/opt/ros/humble/lib/x86_64-linux-gnu:/opt/ros/humble/lib:/usr/share/gazebo/../../lib/x86_64-linux-gnu/gazebo-11/plugins /usr/bin/cmake --build /home/sven/ros2_ws/build/actions_cpp -- -j20 -l20
[2.335s] Invoking command in '/home/sven/ros2_ws/build/actions_cpp': CMAKE_PREFIX_PATH=/home/sven/ros2_ws/install/my_robot_interfaces:/home/sven/ros2_ws/install/turtlesim_catch_them_all:/home/sven/ros2_ws/install/my_robot_bringup:/home/sven/ros2_ws/install/my_cpp_pkg:/home/sven/ros2_ws/install/actions_cpp:/home/sven/ros2_ws/install/my_robot_description:/home/sven/install/my_robot_description:/home/sven/ros2_ws/install/my_py_pkg:/home/sven/ros2_ws/install/actions_py:/opt/ros/humble LD_LIBRARY_PATH=/home/sven/ros2_ws/install/my_robot_interfaces/lib:/usr/lib/x86_64-linux-gnu/gazebo-11/plugins:/opt/ros/humble/opt/rviz_ogre_vendor/lib:/opt/ros/humble/lib/x86_64-linux-gnu:/opt/ros/humble/lib:/usr/share/gazebo/../../lib/x86_64-linux-gnu/gazebo-11/plugins /usr/bin/cmake --install /home/sven/ros2_ws/build/actions_cpp
[2.339s] -- Install configuration: ""
[2.339s] -- Installing: /home/sven/ros2_ws/install/actions_cpp/lib/actions_cpp/count_until_server
[2.340s] -- Set runtime path of "/home/sven/ros2_ws/install/actions_cpp/lib/actions_cpp/count_until_server" to ""
[2.340s] -- Installing: /home/sven/ros2_ws/install/actions_cpp/lib/actions_cpp/count_until_client
[2.341s] -- Set runtime path of "/home/sven/ros2_ws/install/actions_cpp/lib/actions_cpp/count_until_client" to ""
[2.341s] -- Up-to-date: /home/sven/ros2_ws/install/actions_cpp/share/ament_index/resource_index/package_run_dependencies/actions_cpp
[2.341s] -- Up-to-date: /home/sven/ros2_ws/install/actions_cpp/share/ament_index/resource_index/parent_prefix_path/actions_cpp
[2.341s] -- Up-to-date: /home/sven/ros2_ws/install/actions_cpp/share/actions_cpp/environment/ament_prefix_path.sh
[2.341s] -- Up-to-date: /home/sven/ros2_ws/install/actions_cpp/share/actions_cpp/environment/ament_prefix_path.dsv
[2.341s] -- Up-to-date: /home/sven/ros2_ws/install/actions_cpp/share/actions_cpp/environment/path.sh
[2.341s] -- Up-to-date: /home/sven/ros2_ws/install/actions_cpp/share/actions_cpp/environment/path.dsv
[2.341s] -- Up-to-date: /home/sven/ros2_ws/install/actions_cpp/share/actions_cpp/local_setup.bash
[2.341s] -- Up-to-date: /home/sven/ros2_ws/install/actions_cpp/share/actions_cpp/local_setup.sh
[2.341s] -- Up-to-date: /home/sven/ros2_ws/install/actions_cpp/share/actions_cpp/local_setup.zsh
[2.341s] -- Up-to-date: /home/sven/ros2_ws/install/actions_cpp/share/actions_cpp/local_setup.dsv
[2.341s] -- Installing: /home/sven/ros2_ws/install/actions_cpp/share/actions_cpp/package.dsv
[2.341s] -- Up-to-date: /home/sven/ros2_ws/install/actions_cpp/share/ament_index/resource_index/packages/actions_cpp
[2.341s] -- Up-to-date: /home/sven/ros2_ws/install/actions_cpp/share/actions_cpp/cmake/actions_cppConfig.cmake
[2.341s] -- Up-to-date: /home/sven/ros2_ws/install/actions_cpp/share/actions_cpp/cmake/actions_cppConfig-version.cmake
[2.341s] -- Up-to-date: /home/sven/ros2_ws/install/actions_cpp/share/actions_cpp/package.xml
[2.342s] Invoked command in '/home/sven/ros2_ws/build/actions_cpp' returned '0': CMAKE_PREFIX_PATH=/home/sven/ros2_ws/install/my_robot_interfaces:/home/sven/ros2_ws/install/turtlesim_catch_them_all:/home/sven/ros2_ws/install/my_robot_bringup:/home/sven/ros2_ws/install/my_cpp_pkg:/home/sven/ros2_ws/install/actions_cpp:/home/sven/ros2_ws/install/my_robot_description:/home/sven/install/my_robot_description:/home/sven/ros2_ws/install/my_py_pkg:/home/sven/ros2_ws/install/actions_py:/opt/ros/humble LD_LIBRARY_PATH=/home/sven/ros2_ws/install/my_robot_interfaces/lib:/usr/lib/x86_64-linux-gnu/gazebo-11/plugins:/opt/ros/humble/opt/rviz_ogre_vendor/lib:/opt/ros/humble/lib/x86_64-linux-gnu:/opt/ros/humble/lib:/usr/share/gazebo/../../lib/x86_64-linux-gnu/gazebo-11/plugins /usr/bin/cmake --install /home/sven/ros2_ws/build/actions_cpp
