[0.360s] Invoking command in '/home/cleanseasolutions/ros2_ws/build/my_py_pkg': PYTHONPATH=/home/cleanseasolutions/ros2_ws/build/my_py_pkg/prefix_override:/home/cleanseasolutions/ros2_ws/install/my_py_pkg/lib/python3.10/site-packages:${PYTHONPATH} /usr/bin/python3 setup.py develop --editable --build-directory /home/cleanseasolutions/ros2_ws/build/my_py_pkg/build --no-deps install_data
[0.490s] running develop
[0.559s] running egg_info
[0.559s] writing my_py_pkg.egg-info/PKG-INFO
[0.559s] writing dependency_links to my_py_pkg.egg-info/dependency_links.txt
[0.559s] writing entry points to my_py_pkg.egg-info/entry_points.txt
[0.559s] writing requirements to my_py_pkg.egg-info/requires.txt
[0.559s] writing top-level names to my_py_pkg.egg-info/top_level.txt
[0.560s] reading manifest file 'my_py_pkg.egg-info/SOURCES.txt'
[0.560s] writing manifest file 'my_py_pkg.egg-info/SOURCES.txt'
[0.561s] running build_ext
[0.561s] Creating /home/cleanseasolutions/ros2_ws/install/my_py_pkg/lib/python3.10/site-packages/my-py-pkg.egg-link (link to .)
[0.561s] Installing number_counter script to /home/cleanseasolutions/ros2_ws/install/my_py_pkg/lib/my_py_pkg
[0.561s] Installing number_publisher script to /home/cleanseasolutions/ros2_ws/install/my_py_pkg/lib/my_py_pkg
[0.561s] Installing py_node script to /home/cleanseasolutions/ros2_ws/install/my_py_pkg/lib/my_py_pkg
[0.561s] Installing robot_news_station script to /home/cleanseasolutions/ros2_ws/install/my_py_pkg/lib/my_py_pkg
[0.562s] Installing smartphone script to /home/cleanseasolutions/ros2_ws/install/my_py_pkg/lib/my_py_pkg
[0.562s] 
[0.562s] Installed /home/cleanseasolutions/ros2_ws/build/my_py_pkg
[0.562s] running install_data
[0.577s] Invoked command in '/home/cleanseasolutions/ros2_ws/build/my_py_pkg' returned '0': PYTHONPATH=/home/cleanseasolutions/ros2_ws/build/my_py_pkg/prefix_override:/home/cleanseasolutions/ros2_ws/install/my_py_pkg/lib/python3.10/site-packages:${PYTHONPATH} /usr/bin/python3 setup.py develop --editable --build-directory /home/cleanseasolutions/ros2_ws/build/my_py_pkg/build --no-deps install_data
