[0.130s] Invoking command in '/home/sven/ros2_ws/build/my_cpp_pkg': CMAKE_PREFIX_PATH=/home/sven/ros2_ws/install/my_robot_interfaces:/home/sven/ros2_ws/install/turtlesim_catch_them_all:/home/sven/ros2_ws/install/my_robot_bringup:/home/sven/ros2_ws/install/my_cpp_pkg:/home/sven/ros2_ws/install/my_robot_description:/home/sven/install/my_robot_description:/home/sven/ros2_ws/install/my_py_pkg:/home/sven/ros2_ws/install/actions_py:/opt/ros/humble LD_LIBRARY_PATH=/home/sven/ros2_ws/install/my_robot_interfaces/lib:/usr/lib/x86_64-linux-gnu/gazebo-11/plugins:/opt/ros/humble/opt/rviz_ogre_vendor/lib:/opt/ros/humble/lib/x86_64-linux-gnu:/opt/ros/humble/lib:/usr/share/gazebo/../../lib/x86_64-linux-gnu/gazebo-11/plugins /usr/bin/cmake --build /home/sven/ros2_ws/build/my_cpp_pkg -- -j20 -l20
[0.407s] -- Found ament_cmake: 1.3.8 (/opt/ros/humble/share/ament_cmake/cmake)
[0.407s] -- Found rclcpp: 16.0.8 (/opt/ros/humble/share/rclcpp/cmake)
[0.407s] -- Found rosidl_generator_c: 3.1.5 (/opt/ros/humble/share/rosidl_generator_c/cmake)
[0.408s] -- Found rosidl_adapter: 3.1.5 (/opt/ros/humble/share/rosidl_adapter/cmake)
[0.408s] -- Found rosidl_generator_cpp: 3.1.5 (/opt/ros/humble/share/rosidl_generator_cpp/cmake)
[0.408s] -- Using all available rosidl_typesupport_c: rosidl_typesupport_fastrtps_c;rosidl_typesupport_introspection_c
[0.408s] -- Using all available rosidl_typesupport_cpp: rosidl_typesupport_fastrtps_cpp;rosidl_typesupport_introspection_cpp
[0.408s] -- Found rmw_implementation_cmake: 6.1.1 (/opt/ros/humble/share/rmw_implementation_cmake/cmake)
[0.409s] -- Found rmw_fastrtps_cpp: 6.2.6 (/opt/ros/humble/share/rmw_fastrtps_cpp/cmake)
[0.409s] -- Using RMW implementation 'rmw_fastrtps_cpp' as default
[0.409s] -- Found example_interfaces: 0.9.3 (/opt/ros/humble/share/example_interfaces/cmake)
[0.469s] -- Found my_robot_interfaces: 0.0.0 (/home/sven/ros2_ws/install/my_robot_interfaces/share/my_robot_interfaces/cmake)
[0.534s] -- Configuring done
[0.552s] -- Generating done
[0.553s] -- Build files have been written to: /home/sven/ros2_ws/build/my_cpp_pkg
[0.568s] [35m[1mConsolidate compiler generated dependencies of target robot_news_station[0m
[0.568s] [35m[1mConsolidate compiler generated dependencies of target cpp_node[0m
[0.568s] [35m[1mConsolidate compiler generated dependencies of target smartphone[0m
[0.570s] [35m[1mConsolidate compiler generated dependencies of target number_publisher[0m
[0.573s] [35m[1mConsolidate compiler generated dependencies of target number_counter[0m
[0.573s] [35m[1mConsolidate compiler generated dependencies of target add_two_ints_server[0m
[0.573s] [35m[1mConsolidate compiler generated dependencies of target hardware_status_publisher[0m
[0.573s] [35m[1mConsolidate compiler generated dependencies of target add_two_ints_client[0m
[0.574s] [35m[1mConsolidate compiler generated dependencies of target battery[0m
[0.574s] [35m[1mConsolidate compiler generated dependencies of target add_two_ints_client_no_oop[0m
[0.574s] [35m[1mConsolidate compiler generated dependencies of target led_panel_status_publisher[0m
[0.579s] [ 18%] Built target smartphone
[0.579s] [ 18%] Built target robot_news_station
[0.583s] [ 27%] Built target cpp_node
[0.583s] [ 36%] Built target number_counter
[0.584s] [ 45%] Built target number_publisher
[0.584s] [ 50%] [32mBuilding CXX object CMakeFiles/led_panel_status_publisher.dir/src/led_panel_node.cpp.o[0m
[0.585s] [ 54%] [32mBuilding CXX object CMakeFiles/hardware_status_publisher.dir/src/hw_status_publisher.cpp.o[0m
[0.586s] [ 59%] [32mBuilding CXX object CMakeFiles/battery.dir/src/battery_node.cpp.o[0m
[0.586s] [ 68%] Built target add_two_ints_server
[0.587s] [ 77%] Built target add_two_ints_client
[0.587s] [ 86%] Built target add_two_ints_client_no_oop
[2.454s] [ 90%] [32m[1mLinking CXX executable battery[0m
[2.540s] [ 90%] Built target battery
[2.758s] [ 95%] [32m[1mLinking CXX executable hardware_status_publisher[0m
[2.853s] [ 95%] Built target hardware_status_publisher
[3.066s] [100%] [32m[1mLinking CXX executable led_panel_status_publisher[0m
[3.179s] [100%] Built target led_panel_status_publisher
[3.191s] Invoked command in '/home/sven/ros2_ws/build/my_cpp_pkg' returned '0': CMAKE_PREFIX_PATH=/home/sven/ros2_ws/install/my_robot_interfaces:/home/sven/ros2_ws/install/turtlesim_catch_them_all:/home/sven/ros2_ws/install/my_robot_bringup:/home/sven/ros2_ws/install/my_cpp_pkg:/home/sven/ros2_ws/install/my_robot_description:/home/sven/install/my_robot_description:/home/sven/ros2_ws/install/my_py_pkg:/home/sven/ros2_ws/install/actions_py:/opt/ros/humble LD_LIBRARY_PATH=/home/sven/ros2_ws/install/my_robot_interfaces/lib:/usr/lib/x86_64-linux-gnu/gazebo-11/plugins:/opt/ros/humble/opt/rviz_ogre_vendor/lib:/opt/ros/humble/lib/x86_64-linux-gnu:/opt/ros/humble/lib:/usr/share/gazebo/../../lib/x86_64-linux-gnu/gazebo-11/plugins /usr/bin/cmake --build /home/sven/ros2_ws/build/my_cpp_pkg -- -j20 -l20
[3.219s] Invoking command in '/home/sven/ros2_ws/build/my_cpp_pkg': CMAKE_PREFIX_PATH=/home/sven/ros2_ws/install/my_robot_interfaces:/home/sven/ros2_ws/install/turtlesim_catch_them_all:/home/sven/ros2_ws/install/my_robot_bringup:/home/sven/ros2_ws/install/my_cpp_pkg:/home/sven/ros2_ws/install/my_robot_description:/home/sven/install/my_robot_description:/home/sven/ros2_ws/install/my_py_pkg:/home/sven/ros2_ws/install/actions_py:/opt/ros/humble LD_LIBRARY_PATH=/home/sven/ros2_ws/install/my_robot_interfaces/lib:/usr/lib/x86_64-linux-gnu/gazebo-11/plugins:/opt/ros/humble/opt/rviz_ogre_vendor/lib:/opt/ros/humble/lib/x86_64-linux-gnu:/opt/ros/humble/lib:/usr/share/gazebo/../../lib/x86_64-linux-gnu/gazebo-11/plugins /usr/bin/cmake --install /home/sven/ros2_ws/build/my_cpp_pkg
[3.222s] -- Install configuration: ""
[3.222s] -- Up-to-date: /home/sven/ros2_ws/install/my_cpp_pkg/lib/my_cpp_pkg/cpp_node
[3.222s] -- Up-to-date: /home/sven/ros2_ws/install/my_cpp_pkg/lib/my_cpp_pkg/robot_news_station
[3.223s] -- Up-to-date: /home/sven/ros2_ws/install/my_cpp_pkg/lib/my_cpp_pkg/smartphone
[3.223s] -- Up-to-date: /home/sven/ros2_ws/install/my_cpp_pkg/lib/my_cpp_pkg/number_publisher
[3.223s] -- Up-to-date: /home/sven/ros2_ws/install/my_cpp_pkg/lib/my_cpp_pkg/number_counter
[3.223s] -- Up-to-date: /home/sven/ros2_ws/install/my_cpp_pkg/lib/my_cpp_pkg/add_two_ints_server
[3.223s] -- Up-to-date: /home/sven/ros2_ws/install/my_cpp_pkg/lib/my_cpp_pkg/add_two_ints_client
[3.223s] -- Up-to-date: /home/sven/ros2_ws/install/my_cpp_pkg/lib/my_cpp_pkg/add_two_ints_client_no_oop
[3.223s] -- Installing: /home/sven/ros2_ws/install/my_cpp_pkg/lib/my_cpp_pkg/hardware_status_publisher
[3.224s] -- Set runtime path of "/home/sven/ros2_ws/install/my_cpp_pkg/lib/my_cpp_pkg/hardware_status_publisher" to ""
[3.224s] -- Installing: /home/sven/ros2_ws/install/my_cpp_pkg/lib/my_cpp_pkg/led_panel_status_publisher
[3.225s] -- Set runtime path of "/home/sven/ros2_ws/install/my_cpp_pkg/lib/my_cpp_pkg/led_panel_status_publisher" to ""
[3.225s] -- Installing: /home/sven/ros2_ws/install/my_cpp_pkg/lib/my_cpp_pkg/battery
[3.225s] -- Set runtime path of "/home/sven/ros2_ws/install/my_cpp_pkg/lib/my_cpp_pkg/battery" to ""
[3.225s] -- Up-to-date: /home/sven/ros2_ws/install/my_cpp_pkg/share/ament_index/resource_index/package_run_dependencies/my_cpp_pkg
[3.225s] -- Installing: /home/sven/ros2_ws/install/my_cpp_pkg/share/ament_index/resource_index/parent_prefix_path/my_cpp_pkg
[3.226s] -- Up-to-date: /home/sven/ros2_ws/install/my_cpp_pkg/share/my_cpp_pkg/environment/ament_prefix_path.sh
[3.226s] -- Installing: /home/sven/ros2_ws/install/my_cpp_pkg/share/my_cpp_pkg/environment/ament_prefix_path.dsv
[3.226s] -- Up-to-date: /home/sven/ros2_ws/install/my_cpp_pkg/share/my_cpp_pkg/environment/path.sh
[3.226s] -- Installing: /home/sven/ros2_ws/install/my_cpp_pkg/share/my_cpp_pkg/environment/path.dsv
[3.226s] -- Up-to-date: /home/sven/ros2_ws/install/my_cpp_pkg/share/my_cpp_pkg/local_setup.bash
[3.226s] -- Up-to-date: /home/sven/ros2_ws/install/my_cpp_pkg/share/my_cpp_pkg/local_setup.sh
[3.226s] -- Up-to-date: /home/sven/ros2_ws/install/my_cpp_pkg/share/my_cpp_pkg/local_setup.zsh
[3.226s] -- Installing: /home/sven/ros2_ws/install/my_cpp_pkg/share/my_cpp_pkg/local_setup.dsv
[3.226s] -- Installing: /home/sven/ros2_ws/install/my_cpp_pkg/share/my_cpp_pkg/package.dsv
[3.226s] -- Up-to-date: /home/sven/ros2_ws/install/my_cpp_pkg/share/ament_index/resource_index/packages/my_cpp_pkg
[3.226s] -- Up-to-date: /home/sven/ros2_ws/install/my_cpp_pkg/share/my_cpp_pkg/cmake/my_cpp_pkgConfig.cmake
[3.226s] -- Up-to-date: /home/sven/ros2_ws/install/my_cpp_pkg/share/my_cpp_pkg/cmake/my_cpp_pkgConfig-version.cmake
[3.226s] -- Up-to-date: /home/sven/ros2_ws/install/my_cpp_pkg/share/my_cpp_pkg/package.xml
[3.227s] Invoked command in '/home/sven/ros2_ws/build/my_cpp_pkg' returned '0': CMAKE_PREFIX_PATH=/home/sven/ros2_ws/install/my_robot_interfaces:/home/sven/ros2_ws/install/turtlesim_catch_them_all:/home/sven/ros2_ws/install/my_robot_bringup:/home/sven/ros2_ws/install/my_cpp_pkg:/home/sven/ros2_ws/install/my_robot_description:/home/sven/install/my_robot_description:/home/sven/ros2_ws/install/my_py_pkg:/home/sven/ros2_ws/install/actions_py:/opt/ros/humble LD_LIBRARY_PATH=/home/sven/ros2_ws/install/my_robot_interfaces/lib:/usr/lib/x86_64-linux-gnu/gazebo-11/plugins:/opt/ros/humble/opt/rviz_ogre_vendor/lib:/opt/ros/humble/lib/x86_64-linux-gnu:/opt/ros/humble/lib:/usr/share/gazebo/../../lib/x86_64-linux-gnu/gazebo-11/plugins /usr/bin/cmake --install /home/sven/ros2_ws/build/my_cpp_pkg
