[0.032s] Invoking command in '/home/sven/ros2_ws/build/actions_cpp': CMAKE_PREFIX_PATH=/home/sven/ros2_ws/install/my_robot_interfaces:/home/sven/ros2_ws/install/turtlesim_catch_them_all:/home/sven/ros2_ws/install/my_robot_bringup:/home/sven/ros2_ws/install/my_cpp_pkg:/home/sven/ros2_ws/install/actions_cpp:/home/sven/ros2_ws/install/my_robot_description:/home/sven/install/my_robot_description:/home/sven/ros2_ws/install/my_py_pkg:/home/sven/ros2_ws/install/actions_py:/opt/ros/humble LD_LIBRARY_PATH=/home/sven/ros2_ws/install/my_robot_interfaces/lib:/usr/lib/x86_64-linux-gnu/gazebo-11/plugins:/opt/ros/humble/opt/rviz_ogre_vendor/lib:/opt/ros/humble/lib/x86_64-linux-gnu:/opt/ros/humble/lib:/usr/share/gazebo/../../lib/x86_64-linux-gnu/gazebo-11/plugins /usr/bin/cmake --build /home/sven/ros2_ws/build/actions_cpp -- -j20 -l20
[0.053s] [35m[1mConsolidate compiler generated dependencies of target move_robot_client[0m
[0.059s] [ 20%] Built target count_until_server
[0.059s] [ 60%] Built target count_until_client
[0.059s] [ 60%] Built target move_robot_server
[0.059s] [ 80%] Built target count_until_server_queue_goals
[0.061s] [ 90%] [32mBuilding CXX object CMakeFiles/move_robot_client.dir/src/move_robot_client.cpp.o[0m
[1.147s] [01m[K/home/sven/ros2_ws/src/actions_cpp/src/move_robot_client.cpp:[m[K In constructor ‘[01m[KMoveRobotClientNode::MoveRobotClientNode()[m[K’:
[1.147s] [01m[K/home/sven/ros2_ws/src/actions_cpp/src/move_robot_client.cpp:21:71:[m[K [01;31m[Kerror: [m[Kexpected ‘[01m[K)[m[K’ before ‘[01m[K;[m[K’ token
[1.147s]    21 |             std::bind(&MoveRobotClientNode::cancel_callback, this, _1)[01;31m[K;[m[K
[1.147s]       |                                                                       [01;31m[K^[m[K
[1.147s] [01m[K/home/sven/ros2_ws/src/actions_cpp/src/move_robot_client.cpp:18:88:[m[K [01;36m[Knote: [m[Kto match this ‘[01m[K([m[K’
[1.147s]    18 |         cancel_subscriber_ = this->create_subscription<example_interfaces::msg::String>[01;36m[K([m[K
[1.147s]       |                                                                                        [01;36m[K^[m[K
[1.147s] [01m[K/home/sven/ros2_ws/src/actions_cpp/src/move_robot_client.cpp:22:9:[m[K [01;31m[Kerror: [m[Kexpected primary-expression before ‘[01m[K)[m[K’ token
[1.147s]    22 |         [01;31m[K)[m[K
[1.147s]       |         [01;31m[K^[m[K
[1.166s] [01m[K/home/sven/ros2_ws/src/actions_cpp/src/move_robot_client.cpp:[m[K In member function ‘[01m[Kvoid MoveRobotClientNode::cancel_callback(example_interfaces::msg::String)[m[K’:
[1.166s] [01m[K/home/sven/ros2_ws/src/actions_cpp/src/move_robot_client.cpp:119:9:[m[K [01;31m[Kerror: [m[K‘[01m[Kcount_until_client_[m[K’ was not declared in this scope
[1.166s]   119 |         [01;31m[Kcount_until_client_[m[K->async_cancel_goal(goal_handle_);
[1.166s]       |         [01;31m[K^~~~~~~~~~~~~~~~~~~[m[K
[1.491s] gmake[2]: *** [CMakeFiles/move_robot_client.dir/build.make:76: CMakeFiles/move_robot_client.dir/src/move_robot_client.cpp.o] Error 1
[1.492s] gmake[1]: *** [CMakeFiles/Makefile2:249: CMakeFiles/move_robot_client.dir/all] Error 2
[1.492s] gmake: *** [Makefile:146: all] Error 2
[1.494s] Invoked command in '/home/sven/ros2_ws/build/actions_cpp' returned '2': CMAKE_PREFIX_PATH=/home/sven/ros2_ws/install/my_robot_interfaces:/home/sven/ros2_ws/install/turtlesim_catch_them_all:/home/sven/ros2_ws/install/my_robot_bringup:/home/sven/ros2_ws/install/my_cpp_pkg:/home/sven/ros2_ws/install/actions_cpp:/home/sven/ros2_ws/install/my_robot_description:/home/sven/install/my_robot_description:/home/sven/ros2_ws/install/my_py_pkg:/home/sven/ros2_ws/install/actions_py:/opt/ros/humble LD_LIBRARY_PATH=/home/sven/ros2_ws/install/my_robot_interfaces/lib:/usr/lib/x86_64-linux-gnu/gazebo-11/plugins:/opt/ros/humble/opt/rviz_ogre_vendor/lib:/opt/ros/humble/lib/x86_64-linux-gnu:/opt/ros/humble/lib:/usr/share/gazebo/../../lib/x86_64-linux-gnu/gazebo-11/plugins /usr/bin/cmake --build /home/sven/ros2_ws/build/actions_cpp -- -j20 -l20
