[0.033s] Invoking command in '/home/sven/ros2_ws/src/build/my_robot_description': CMAKE_PREFIX_PATH=${CMAKE_PREFIX_PATH}:/home/sven/ros2_ws/install/my_py_pkg:/home/sven/ros2_ws/install/actions_py:/opt/ros/humble /usr/bin/cmake /home/sven/ros2_ws/src/my_robot_description -DCMAKE_INSTALL_PREFIX=/home/sven/ros2_ws/src/install/my_robot_description
[0.059s] -- The C compiler identification is GNU 11.4.0
[0.086s] -- The CXX compiler identification is GNU 11.4.0
[0.090s] -- Detecting C compiler ABI info
[0.126s] -- Detecting C compiler ABI info - done
[0.129s] -- Check for working C compiler: /usr/bin/cc - skipped
[0.129s] -- Detecting C compile features
[0.129s] -- Detecting C compile features - done
[0.131s] -- Detecting CXX compiler ABI info
[0.171s] -- Detecting CXX compiler ABI info - done
[0.175s] -- Check for working CXX compiler: /usr/bin/c++ - skipped
[0.175s] -- Detecting CXX compile features
[0.175s] -- Detecting CXX compile features - done
[0.177s] -- Found ament_cmake: 1.3.8 (/opt/ros/humble/share/ament_cmake/cmake)
[0.255s] -- Found Python3: /usr/bin/python3 (found version "3.10.12") found components: Interpreter 
[0.331s] -- Configuring done
[0.332s] -- Generating done
[0.332s] -- Build files have been written to: /home/sven/ros2_ws/src/build/my_robot_description
[0.335s] Invoked command in '/home/sven/ros2_ws/src/build/my_robot_description' returned '0': CMAKE_PREFIX_PATH=${CMAKE_PREFIX_PATH}:/home/sven/ros2_ws/install/my_py_pkg:/home/sven/ros2_ws/install/actions_py:/opt/ros/humble /usr/bin/cmake /home/sven/ros2_ws/src/my_robot_description -DCMAKE_INSTALL_PREFIX=/home/sven/ros2_ws/src/install/my_robot_description
[0.336s] Invoking command in '/home/sven/ros2_ws/src/build/my_robot_description': CMAKE_PREFIX_PATH=${CMAKE_PREFIX_PATH}:/home/sven/ros2_ws/install/my_py_pkg:/home/sven/ros2_ws/install/actions_py:/opt/ros/humble /usr/bin/cmake --build /home/sven/ros2_ws/src/build/my_robot_description -- -j20 -l20
[0.355s] Invoked command in '/home/sven/ros2_ws/src/build/my_robot_description' returned '0': CMAKE_PREFIX_PATH=${CMAKE_PREFIX_PATH}:/home/sven/ros2_ws/install/my_py_pkg:/home/sven/ros2_ws/install/actions_py:/opt/ros/humble /usr/bin/cmake --build /home/sven/ros2_ws/src/build/my_robot_description -- -j20 -l20
[0.372s] Invoking command in '/home/sven/ros2_ws/src/build/my_robot_description': CMAKE_PREFIX_PATH=${CMAKE_PREFIX_PATH}:/home/sven/ros2_ws/install/my_py_pkg:/home/sven/ros2_ws/install/actions_py:/opt/ros/humble /usr/bin/cmake --install /home/sven/ros2_ws/src/build/my_robot_description
[0.376s] -- Install configuration: ""
[0.376s] -- Installing: /home/sven/ros2_ws/src/install/my_robot_description/share/my_robot_description//urdf
[0.376s] -- Installing: /home/sven/ros2_ws/src/install/my_robot_description/share/my_robot_description//urdf/my_robot.urdf.xacro
[0.376s] -- Installing: /home/sven/ros2_ws/src/install/my_robot_description/share/my_robot_description//urdf/common_properties.xacro
[0.376s] -- Installing: /home/sven/ros2_ws/src/install/my_robot_description/share/my_robot_description//urdf/arm_gazebo.xacro
[0.376s] -- Installing: /home/sven/ros2_ws/src/install/my_robot_description/share/my_robot_description//urdf/standalone_arm.urdf.xacro
[0.376s] -- Installing: /home/sven/ros2_ws/src/install/my_robot_description/share/my_robot_description//urdf/arm.xacro
[0.376s] -- Installing: /home/sven/ros2_ws/src/install/my_robot_description/share/my_robot_description//urdf/mobile_base.xacro
[0.376s] -- Installing: /home/sven/ros2_ws/src/install/my_robot_description/share/my_robot_description//urdf/camera.xacro
[0.376s] -- Installing: /home/sven/ros2_ws/src/install/my_robot_description/share/my_robot_description//urdf/mobile_base_gazebo.xacro
[0.377s] -- Installing: /home/sven/ros2_ws/src/install/my_robot_description/share/my_robot_description//launch
[0.377s] -- Installing: /home/sven/ros2_ws/src/install/my_robot_description/share/my_robot_description//launch/display.launch.py
[0.377s] -- Installing: /home/sven/ros2_ws/src/install/my_robot_description/share/my_robot_description//launch/display.launch.xml
[0.377s] -- Installing: /home/sven/ros2_ws/src/install/my_robot_description/share/my_robot_description//rviz
[0.377s] -- Installing: /home/sven/ros2_ws/src/install/my_robot_description/share/my_robot_description//rviz/arm_urdf_config.rviz
[0.377s] -- Installing: /home/sven/ros2_ws/src/install/my_robot_description/share/my_robot_description//rviz/urdf_config.rviz
[0.377s] -- Installing: /home/sven/ros2_ws/src/install/my_robot_description/share/ament_index/resource_index/package_run_dependencies/my_robot_description
[0.377s] -- Installing: /home/sven/ros2_ws/src/install/my_robot_description/share/ament_index/resource_index/parent_prefix_path/my_robot_description
[0.377s] -- Installing: /home/sven/ros2_ws/src/install/my_robot_description/share/my_robot_description/environment/ament_prefix_path.sh
[0.377s] -- Installing: /home/sven/ros2_ws/src/install/my_robot_description/share/my_robot_description/environment/ament_prefix_path.dsv
[0.377s] -- Installing: /home/sven/ros2_ws/src/install/my_robot_description/share/my_robot_description/environment/path.sh
[0.377s] -- Installing: /home/sven/ros2_ws/src/install/my_robot_description/share/my_robot_description/environment/path.dsv
[0.377s] -- Installing: /home/sven/ros2_ws/src/install/my_robot_description/share/my_robot_description/local_setup.bash
[0.377s] -- Installing: /home/sven/ros2_ws/src/install/my_robot_description/share/my_robot_description/local_setup.sh
[0.377s] -- Installing: /home/sven/ros2_ws/src/install/my_robot_description/share/my_robot_description/local_setup.zsh
[0.378s] -- Installing: /home/sven/ros2_ws/src/install/my_robot_description/share/my_robot_description/local_setup.dsv
[0.378s] -- Installing: /home/sven/ros2_ws/src/install/my_robot_description/share/my_robot_description/package.dsv
[0.378s] -- Installing: /home/sven/ros2_ws/src/install/my_robot_description/share/ament_index/resource_index/packages/my_robot_description
[0.378s] -- Installing: /home/sven/ros2_ws/src/install/my_robot_description/share/my_robot_description/cmake/my_robot_descriptionConfig.cmake
[0.378s] -- Installing: /home/sven/ros2_ws/src/install/my_robot_description/share/my_robot_description/cmake/my_robot_descriptionConfig-version.cmake
[0.378s] -- Installing: /home/sven/ros2_ws/src/install/my_robot_description/share/my_robot_description/package.xml
[0.380s] Invoked command in '/home/sven/ros2_ws/src/build/my_robot_description' returned '0': CMAKE_PREFIX_PATH=${CMAKE_PREFIX_PATH}:/home/sven/ros2_ws/install/my_py_pkg:/home/sven/ros2_ws/install/actions_py:/opt/ros/humble /usr/bin/cmake --install /home/sven/ros2_ws/src/build/my_robot_description
