[0.031s] Invoking command in '/home/cleanseasolutions/ros2_ws/build/my_robot_bringup': CMAKE_PREFIX_PATH=${CMAKE_PREFIX_PATH}:/home/cleanseasolutions/ros2_ws/install/my_py_pkg:/opt/ros/humble PYTHONPATH=/home/cleanseasolutions/ros2_ws/build/my_py_pkg:${PYTHONPATH} /usr/bin/cmake --build /home/cleanseasolutions/ros2_ws/build/my_robot_bringup -- -j16 -l16
[0.053s] Invoked command in '/home/cleanseasolutions/ros2_ws/build/my_robot_bringup' returned '0': CMAKE_PREFIX_PATH=${CMAKE_PREFIX_PATH}:/home/cleanseasolutions/ros2_ws/install/my_py_pkg:/opt/ros/humble PYTHONPATH=/home/cleanseasolutions/ros2_ws/build/my_py_pkg:${PYTHONPATH} /usr/bin/cmake --build /home/cleanseasolutions/ros2_ws/build/my_robot_bringup -- -j16 -l16
[0.069s] Invoking command in '/home/cleanseasolutions/ros2_ws/build/my_robot_bringup': CMAKE_PREFIX_PATH=${CMAKE_PREFIX_PATH}:/home/cleanseasolutions/ros2_ws/install/my_py_pkg:/opt/ros/humble PYTHONPATH=/home/cleanseasolutions/ros2_ws/build/my_py_pkg:${PYTHONPATH} /usr/bin/cmake --install /home/cleanseasolutions/ros2_ws/build/my_robot_bringup
[0.073s] -- Install configuration: ""
[0.073s] -- Execute custom install script
[0.074s] -- Up-to-date symlink: /home/cleanseasolutions/ros2_ws/install/my_robot_bringup/share/my_robot_bringup/launch/number_app.launch.py
[0.074s] -- Symlinking: /home/cleanseasolutions/ros2_ws/install/my_robot_bringup/share/my_robot_bringup/launch/robot_news_app.launch.py
[0.078s] -- Up-to-date symlink: /home/cleanseasolutions/ros2_ws/install/my_robot_bringup/share/ament_index/resource_index/package_run_dependencies/my_robot_bringup
[0.078s] -- Up-to-date symlink: /home/cleanseasolutions/ros2_ws/install/my_robot_bringup/share/ament_index/resource_index/parent_prefix_path/my_robot_bringup
[0.078s] -- Up-to-date symlink: /home/cleanseasolutions/ros2_ws/install/my_robot_bringup/share/my_robot_bringup/environment/ament_prefix_path.sh
[0.078s] -- Up-to-date symlink: /home/cleanseasolutions/ros2_ws/install/my_robot_bringup/share/my_robot_bringup/environment/ament_prefix_path.dsv
[0.078s] -- Up-to-date symlink: /home/cleanseasolutions/ros2_ws/install/my_robot_bringup/share/my_robot_bringup/environment/path.sh
[0.078s] -- Up-to-date symlink: /home/cleanseasolutions/ros2_ws/install/my_robot_bringup/share/my_robot_bringup/environment/path.dsv
[0.079s] -- Up-to-date symlink: /home/cleanseasolutions/ros2_ws/install/my_robot_bringup/share/my_robot_bringup/local_setup.bash
[0.079s] -- Up-to-date symlink: /home/cleanseasolutions/ros2_ws/install/my_robot_bringup/share/my_robot_bringup/local_setup.sh
[0.079s] -- Up-to-date symlink: /home/cleanseasolutions/ros2_ws/install/my_robot_bringup/share/my_robot_bringup/local_setup.zsh
[0.079s] -- Up-to-date symlink: /home/cleanseasolutions/ros2_ws/install/my_robot_bringup/share/my_robot_bringup/local_setup.dsv
[0.079s] -- Symlinking: /home/cleanseasolutions/ros2_ws/install/my_robot_bringup/share/my_robot_bringup/package.dsv
[0.083s] -- Up-to-date symlink: /home/cleanseasolutions/ros2_ws/install/my_robot_bringup/share/ament_index/resource_index/packages/my_robot_bringup
[0.083s] -- Up-to-date symlink: /home/cleanseasolutions/ros2_ws/install/my_robot_bringup/share/my_robot_bringup/cmake/my_robot_bringupConfig.cmake
[0.083s] -- Up-to-date symlink: /home/cleanseasolutions/ros2_ws/install/my_robot_bringup/share/my_robot_bringup/cmake/my_robot_bringupConfig-version.cmake
[0.083s] -- Up-to-date symlink: /home/cleanseasolutions/ros2_ws/install/my_robot_bringup/share/my_robot_bringup/package.xml
[0.085s] Invoked command in '/home/cleanseasolutions/ros2_ws/build/my_robot_bringup' returned '0': CMAKE_PREFIX_PATH=${CMAKE_PREFIX_PATH}:/home/cleanseasolutions/ros2_ws/install/my_py_pkg:/opt/ros/humble PYTHONPATH=/home/cleanseasolutions/ros2_ws/build/my_py_pkg:${PYTHONPATH} /usr/bin/cmake --install /home/cleanseasolutions/ros2_ws/build/my_robot_bringup
