[0.329s] DEBUG:colcon:Command line arguments: ['/usr/bin/colcon', 'build']
[0.329s] DEBUG:colcon:Parsed command line arguments: Namespace(log_base=None, log_level=None, verb_name='build', build_base='build', install_base='install', merge_install=False, symlink_install=False, test_result_base=None, continue_on_error=False, executor='parallel', parallel_workers=20, event_handlers=None, ignore_user_meta=False, metas=['./colcon.meta'], base_paths=['.'], packages_ignore=None, packages_ignore_regex=None, paths=None, packages_up_to=None, packages_up_to_regex=None, packages_above=None, packages_above_and_dependencies=None, packages_above_depth=None, packages_select_by_dep=None, packages_skip_by_dep=None, packages_skip_up_to=None, packages_select_build_failed=False, packages_skip_build_finished=False, packages_select_test_failures=False, packages_skip_test_passed=False, packages_select=None, packages_skip=None, packages_select_regex=None, packages_skip_regex=None, packages_start=None, packages_end=None, allow_overriding=[], cmake_args=None, cmake_target=None, cmake_target_skip_unavailable=False, cmake_clean_cache=False, cmake_clean_first=False, cmake_force_configure=False, ament_cmake_args=None, catkin_cmake_args=None, catkin_skip_building_tests=False, verb_parser=<colcon_defaults.argument_parser.defaults.DefaultArgumentsDecorator object at 0x7fa43c395060>, verb_extension=<colcon_core.verb.build.BuildVerb object at 0x7fa43c7cfbe0>, main=<bound method BuildVerb.main of <colcon_core.verb.build.BuildVerb object at 0x7fa43c7cfbe0>>)
[0.346s] Level 1:colcon.colcon_core.package_discovery:discover_packages(colcon_meta) check parameters
[0.346s] Level 1:colcon.colcon_core.package_discovery:discover_packages(recursive) check parameters
[0.346s] Level 1:colcon.colcon_core.package_discovery:discover_packages(ignore) check parameters
[0.346s] Level 1:colcon.colcon_core.package_discovery:discover_packages(path) check parameters
[0.346s] Level 1:colcon.colcon_core.package_discovery:discover_packages(colcon_meta) discover
[0.346s] Level 1:colcon.colcon_core.package_discovery:discover_packages(recursive) discover
[0.346s] INFO:colcon.colcon_core.package_discovery:Crawling recursively for packages in '/home/sven/ros2_ws'
[0.346s] Level 1:colcon.colcon_core.package_identification:_identify(.) by extensions ['ignore', 'ignore_ament_install']
[0.347s] Level 1:colcon.colcon_core.package_identification:_identify(.) by extension 'ignore'
[0.347s] Level 1:colcon.colcon_core.package_identification:_identify(.) by extension 'ignore_ament_install'
[0.347s] Level 1:colcon.colcon_core.package_identification:_identify(.) by extensions ['colcon_pkg']
[0.347s] Level 1:colcon.colcon_core.package_identification:_identify(.) by extension 'colcon_pkg'
[0.347s] Level 1:colcon.colcon_core.package_identification:_identify(.) by extensions ['colcon_meta']
[0.347s] Level 1:colcon.colcon_core.package_identification:_identify(.) by extension 'colcon_meta'
[0.347s] Level 1:colcon.colcon_core.package_identification:_identify(.) by extensions ['ros']
[0.347s] Level 1:colcon.colcon_core.package_identification:_identify(.) by extension 'ros'
[0.352s] Level 1:colcon.colcon_core.package_identification:_identify(.) by extensions ['cmake', 'python']
[0.352s] Level 1:colcon.colcon_core.package_identification:_identify(.) by extension 'cmake'
[0.352s] Level 1:colcon.colcon_core.package_identification:_identify(.) by extension 'python'
[0.352s] Level 1:colcon.colcon_core.package_identification:_identify(.) by extensions ['python_setup_py']
[0.352s] Level 1:colcon.colcon_core.package_identification:_identify(.) by extension 'python_setup_py'
[0.352s] Level 1:colcon.colcon_core.package_identification:_identify(build) by extensions ['ignore', 'ignore_ament_install']
[0.352s] Level 1:colcon.colcon_core.package_identification:_identify(build) by extension 'ignore'
[0.352s] Level 1:colcon.colcon_core.package_identification:_identify(build) ignored
[0.352s] Level 1:colcon.colcon_core.package_identification:_identify(install) by extensions ['ignore', 'ignore_ament_install']
[0.352s] Level 1:colcon.colcon_core.package_identification:_identify(install) by extension 'ignore'
[0.352s] Level 1:colcon.colcon_core.package_identification:_identify(install) ignored
[0.352s] Level 1:colcon.colcon_core.package_identification:_identify(log) by extensions ['ignore', 'ignore_ament_install']
[0.352s] Level 1:colcon.colcon_core.package_identification:_identify(log) by extension 'ignore'
[0.352s] Level 1:colcon.colcon_core.package_identification:_identify(log) ignored
[0.352s] Level 1:colcon.colcon_core.package_identification:_identify(src) by extensions ['ignore', 'ignore_ament_install']
[0.352s] Level 1:colcon.colcon_core.package_identification:_identify(src) by extension 'ignore'
[0.352s] Level 1:colcon.colcon_core.package_identification:_identify(src) by extension 'ignore_ament_install'
[0.352s] Level 1:colcon.colcon_core.package_identification:_identify(src) by extensions ['colcon_pkg']
[0.352s] Level 1:colcon.colcon_core.package_identification:_identify(src) by extension 'colcon_pkg'
[0.352s] Level 1:colcon.colcon_core.package_identification:_identify(src) by extensions ['colcon_meta']
[0.352s] Level 1:colcon.colcon_core.package_identification:_identify(src) by extension 'colcon_meta'
[0.352s] Level 1:colcon.colcon_core.package_identification:_identify(src) by extensions ['ros']
[0.352s] Level 1:colcon.colcon_core.package_identification:_identify(src) by extension 'ros'
[0.352s] Level 1:colcon.colcon_core.package_identification:_identify(src) by extensions ['cmake', 'python']
[0.352s] Level 1:colcon.colcon_core.package_identification:_identify(src) by extension 'cmake'
[0.352s] Level 1:colcon.colcon_core.package_identification:_identify(src) by extension 'python'
[0.352s] Level 1:colcon.colcon_core.package_identification:_identify(src) by extensions ['python_setup_py']
[0.352s] Level 1:colcon.colcon_core.package_identification:_identify(src) by extension 'python_setup_py'
[0.353s] Level 1:colcon.colcon_core.package_identification:_identify(src/my_cpp_pkg) by extensions ['ignore', 'ignore_ament_install']
[0.353s] Level 1:colcon.colcon_core.package_identification:_identify(src/my_cpp_pkg) by extension 'ignore'
[0.353s] Level 1:colcon.colcon_core.package_identification:_identify(src/my_cpp_pkg) by extension 'ignore_ament_install'
[0.353s] Level 1:colcon.colcon_core.package_identification:_identify(src/my_cpp_pkg) by extensions ['colcon_pkg']
[0.353s] Level 1:colcon.colcon_core.package_identification:_identify(src/my_cpp_pkg) by extension 'colcon_pkg'
[0.353s] Level 1:colcon.colcon_core.package_identification:_identify(src/my_cpp_pkg) by extensions ['colcon_meta']
[0.353s] Level 1:colcon.colcon_core.package_identification:_identify(src/my_cpp_pkg) by extension 'colcon_meta'
[0.353s] Level 1:colcon.colcon_core.package_identification:_identify(src/my_cpp_pkg) by extensions ['ros']
[0.353s] Level 1:colcon.colcon_core.package_identification:_identify(src/my_cpp_pkg) by extension 'ros'
[0.354s] DEBUG:colcon.colcon_core.package_identification:Package 'src/my_cpp_pkg' with type 'ros.ament_cmake' and name 'my_cpp_pkg'
[0.354s] Level 1:colcon.colcon_core.package_identification:_identify(src/my_py_pkg) by extensions ['ignore', 'ignore_ament_install']
[0.354s] Level 1:colcon.colcon_core.package_identification:_identify(src/my_py_pkg) by extension 'ignore'
[0.354s] Level 1:colcon.colcon_core.package_identification:_identify(src/my_py_pkg) by extension 'ignore_ament_install'
[0.354s] Level 1:colcon.colcon_core.package_identification:_identify(src/my_py_pkg) by extensions ['colcon_pkg']
[0.354s] Level 1:colcon.colcon_core.package_identification:_identify(src/my_py_pkg) by extension 'colcon_pkg'
[0.354s] Level 1:colcon.colcon_core.package_identification:_identify(src/my_py_pkg) by extensions ['colcon_meta']
[0.354s] Level 1:colcon.colcon_core.package_identification:_identify(src/my_py_pkg) by extension 'colcon_meta'
[0.354s] Level 1:colcon.colcon_core.package_identification:_identify(src/my_py_pkg) by extensions ['ros']
[0.354s] Level 1:colcon.colcon_core.package_identification:_identify(src/my_py_pkg) by extension 'ros'
[0.354s] DEBUG:colcon.colcon_core.package_identification:Package 'src/my_py_pkg' with type 'ros.ament_python' and name 'my_py_pkg'
[0.354s] Level 1:colcon.colcon_core.package_identification:_identify(src/my_robot_bringup) by extensions ['ignore', 'ignore_ament_install']
[0.354s] Level 1:colcon.colcon_core.package_identification:_identify(src/my_robot_bringup) by extension 'ignore'
[0.354s] Level 1:colcon.colcon_core.package_identification:_identify(src/my_robot_bringup) by extension 'ignore_ament_install'
[0.354s] Level 1:colcon.colcon_core.package_identification:_identify(src/my_robot_bringup) by extensions ['colcon_pkg']
[0.354s] Level 1:colcon.colcon_core.package_identification:_identify(src/my_robot_bringup) by extension 'colcon_pkg'
[0.354s] Level 1:colcon.colcon_core.package_identification:_identify(src/my_robot_bringup) by extensions ['colcon_meta']
[0.354s] Level 1:colcon.colcon_core.package_identification:_identify(src/my_robot_bringup) by extension 'colcon_meta'
[0.354s] Level 1:colcon.colcon_core.package_identification:_identify(src/my_robot_bringup) by extensions ['ros']
[0.355s] Level 1:colcon.colcon_core.package_identification:_identify(src/my_robot_bringup) by extension 'ros'
[0.355s] DEBUG:colcon.colcon_core.package_identification:Package 'src/my_robot_bringup' with type 'ros.ament_cmake' and name 'my_robot_bringup'
[0.355s] Level 1:colcon.colcon_core.package_identification:_identify(src/my_robot_interfaces) by extensions ['ignore', 'ignore_ament_install']
[0.355s] Level 1:colcon.colcon_core.package_identification:_identify(src/my_robot_interfaces) by extension 'ignore'
[0.355s] Level 1:colcon.colcon_core.package_identification:_identify(src/my_robot_interfaces) by extension 'ignore_ament_install'
[0.355s] Level 1:colcon.colcon_core.package_identification:_identify(src/my_robot_interfaces) by extensions ['colcon_pkg']
[0.355s] Level 1:colcon.colcon_core.package_identification:_identify(src/my_robot_interfaces) by extension 'colcon_pkg'
[0.355s] Level 1:colcon.colcon_core.package_identification:_identify(src/my_robot_interfaces) by extensions ['colcon_meta']
[0.355s] Level 1:colcon.colcon_core.package_identification:_identify(src/my_robot_interfaces) by extension 'colcon_meta'
[0.355s] Level 1:colcon.colcon_core.package_identification:_identify(src/my_robot_interfaces) by extensions ['ros']
[0.355s] Level 1:colcon.colcon_core.package_identification:_identify(src/my_robot_interfaces) by extension 'ros'
[0.355s] DEBUG:colcon.colcon_core.package_identification:Package 'src/my_robot_interfaces' with type 'ros.ament_cmake' and name 'my_robot_interfaces'
[0.355s] Level 1:colcon.colcon_core.package_identification:_identify(src/turtlesim_catch_them_all) by extensions ['ignore', 'ignore_ament_install']
[0.355s] Level 1:colcon.colcon_core.package_identification:_identify(src/turtlesim_catch_them_all) by extension 'ignore'
[0.355s] Level 1:colcon.colcon_core.package_identification:_identify(src/turtlesim_catch_them_all) by extension 'ignore_ament_install'
[0.355s] Level 1:colcon.colcon_core.package_identification:_identify(src/turtlesim_catch_them_all) by extensions ['colcon_pkg']
[0.355s] Level 1:colcon.colcon_core.package_identification:_identify(src/turtlesim_catch_them_all) by extension 'colcon_pkg'
[0.355s] Level 1:colcon.colcon_core.package_identification:_identify(src/turtlesim_catch_them_all) by extensions ['colcon_meta']
[0.355s] Level 1:colcon.colcon_core.package_identification:_identify(src/turtlesim_catch_them_all) by extension 'colcon_meta'
[0.355s] Level 1:colcon.colcon_core.package_identification:_identify(src/turtlesim_catch_them_all) by extensions ['ros']
[0.355s] Level 1:colcon.colcon_core.package_identification:_identify(src/turtlesim_catch_them_all) by extension 'ros'
[0.356s] DEBUG:colcon.colcon_core.package_identification:Package 'src/turtlesim_catch_them_all' with type 'ros.ament_cmake' and name 'turtlesim_catch_them_all'
[0.356s] Level 1:colcon.colcon_core.package_discovery:discover_packages(recursive) using defaults
[0.356s] Level 1:colcon.colcon_core.package_discovery:discover_packages(ignore) discover
[0.356s] Level 1:colcon.colcon_core.package_discovery:discover_packages(ignore) using defaults
[0.356s] Level 1:colcon.colcon_core.package_discovery:discover_packages(path) discover
[0.356s] Level 1:colcon.colcon_core.package_discovery:discover_packages(path) using defaults
[0.387s] Level 1:colcon.colcon_core.package_discovery:discover_packages(prefix_path) check parameters
[0.387s] Level 1:colcon.colcon_core.package_discovery:discover_packages(prefix_path) discover
[0.397s] DEBUG:colcon.colcon_installed_package_information.package_discovery:Found 5 installed packages in /home/sven/ros2_ws/install
[0.402s] DEBUG:colcon.colcon_installed_package_information.package_discovery:Found 270 installed packages in /opt/ros/humble
[0.402s] Level 1:colcon.colcon_core.package_discovery:discover_packages(prefix_path) using defaults
[0.437s] Level 5:colcon.colcon_core.verb:set package 'my_robot_interfaces' build argument 'cmake_args' from command line to 'None'
[0.437s] Level 5:colcon.colcon_core.verb:set package 'my_robot_interfaces' build argument 'cmake_target' from command line to 'None'
[0.437s] Level 5:colcon.colcon_core.verb:set package 'my_robot_interfaces' build argument 'cmake_target_skip_unavailable' from command line to 'False'
[0.437s] Level 5:colcon.colcon_core.verb:set package 'my_robot_interfaces' build argument 'cmake_clean_cache' from command line to 'False'
[0.437s] Level 5:colcon.colcon_core.verb:set package 'my_robot_interfaces' build argument 'cmake_clean_first' from command line to 'False'
[0.437s] Level 5:colcon.colcon_core.verb:set package 'my_robot_interfaces' build argument 'cmake_force_configure' from command line to 'False'
[0.437s] Level 5:colcon.colcon_core.verb:set package 'my_robot_interfaces' build argument 'ament_cmake_args' from command line to 'None'
[0.437s] Level 5:colcon.colcon_core.verb:set package 'my_robot_interfaces' build argument 'catkin_cmake_args' from command line to 'None'
[0.437s] Level 5:colcon.colcon_core.verb:set package 'my_robot_interfaces' build argument 'catkin_skip_building_tests' from command line to 'False'
[0.437s] DEBUG:colcon.colcon_core.verb:Building package 'my_robot_interfaces' with the following arguments: {'ament_cmake_args': None, 'build_base': '/home/sven/ros2_ws/build/my_robot_interfaces', 'catkin_cmake_args': None, 'catkin_skip_building_tests': False, 'cmake_args': None, 'cmake_clean_cache': False, 'cmake_clean_first': False, 'cmake_force_configure': False, 'cmake_target': None, 'cmake_target_skip_unavailable': False, 'install_base': '/home/sven/ros2_ws/install/my_robot_interfaces', 'merge_install': False, 'path': '/home/sven/ros2_ws/src/my_robot_interfaces', 'symlink_install': False, 'test_result_base': None}
[0.442s] Level 5:colcon.colcon_core.verb:set package 'my_cpp_pkg' build argument 'cmake_args' from command line to 'None'
[0.442s] Level 5:colcon.colcon_core.verb:set package 'my_cpp_pkg' build argument 'cmake_target' from command line to 'None'
[0.442s] Level 5:colcon.colcon_core.verb:set package 'my_cpp_pkg' build argument 'cmake_target_skip_unavailable' from command line to 'False'
[0.442s] Level 5:colcon.colcon_core.verb:set package 'my_cpp_pkg' build argument 'cmake_clean_cache' from command line to 'False'
[0.442s] Level 5:colcon.colcon_core.verb:set package 'my_cpp_pkg' build argument 'cmake_clean_first' from command line to 'False'
[0.442s] Level 5:colcon.colcon_core.verb:set package 'my_cpp_pkg' build argument 'cmake_force_configure' from command line to 'False'
[0.442s] Level 5:colcon.colcon_core.verb:set package 'my_cpp_pkg' build argument 'ament_cmake_args' from command line to 'None'
[0.442s] Level 5:colcon.colcon_core.verb:set package 'my_cpp_pkg' build argument 'catkin_cmake_args' from command line to 'None'
[0.442s] Level 5:colcon.colcon_core.verb:set package 'my_cpp_pkg' build argument 'catkin_skip_building_tests' from command line to 'False'
[0.442s] DEBUG:colcon.colcon_core.verb:Building package 'my_cpp_pkg' with the following arguments: {'ament_cmake_args': None, 'build_base': '/home/sven/ros2_ws/build/my_cpp_pkg', 'catkin_cmake_args': None, 'catkin_skip_building_tests': False, 'cmake_args': None, 'cmake_clean_cache': False, 'cmake_clean_first': False, 'cmake_force_configure': False, 'cmake_target': None, 'cmake_target_skip_unavailable': False, 'install_base': '/home/sven/ros2_ws/install/my_cpp_pkg', 'merge_install': False, 'path': '/home/sven/ros2_ws/src/my_cpp_pkg', 'symlink_install': False, 'test_result_base': None}
[0.447s] Level 5:colcon.colcon_core.verb:set package 'my_py_pkg' build argument 'cmake_args' from command line to 'None'
[0.447s] Level 5:colcon.colcon_core.verb:set package 'my_py_pkg' build argument 'cmake_target' from command line to 'None'
[0.447s] Level 5:colcon.colcon_core.verb:set package 'my_py_pkg' build argument 'cmake_target_skip_unavailable' from command line to 'False'
[0.447s] Level 5:colcon.colcon_core.verb:set package 'my_py_pkg' build argument 'cmake_clean_cache' from command line to 'False'
[0.447s] Level 5:colcon.colcon_core.verb:set package 'my_py_pkg' build argument 'cmake_clean_first' from command line to 'False'
[0.447s] Level 5:colcon.colcon_core.verb:set package 'my_py_pkg' build argument 'cmake_force_configure' from command line to 'False'
[0.447s] Level 5:colcon.colcon_core.verb:set package 'my_py_pkg' build argument 'ament_cmake_args' from command line to 'None'
[0.447s] Level 5:colcon.colcon_core.verb:set package 'my_py_pkg' build argument 'catkin_cmake_args' from command line to 'None'
[0.447s] Level 5:colcon.colcon_core.verb:set package 'my_py_pkg' build argument 'catkin_skip_building_tests' from command line to 'False'
[0.447s] DEBUG:colcon.colcon_core.verb:Building package 'my_py_pkg' with the following arguments: {'ament_cmake_args': None, 'build_base': '/home/sven/ros2_ws/build/my_py_pkg', 'catkin_cmake_args': None, 'catkin_skip_building_tests': False, 'cmake_args': None, 'cmake_clean_cache': False, 'cmake_clean_first': False, 'cmake_force_configure': False, 'cmake_target': None, 'cmake_target_skip_unavailable': False, 'install_base': '/home/sven/ros2_ws/install/my_py_pkg', 'merge_install': False, 'path': '/home/sven/ros2_ws/src/my_py_pkg', 'symlink_install': False, 'test_result_base': None}
[0.451s] Level 5:colcon.colcon_core.verb:set package 'turtlesim_catch_them_all' build argument 'cmake_args' from command line to 'None'
[0.451s] Level 5:colcon.colcon_core.verb:set package 'turtlesim_catch_them_all' build argument 'cmake_target' from command line to 'None'
[0.452s] Level 5:colcon.colcon_core.verb:set package 'turtlesim_catch_them_all' build argument 'cmake_target_skip_unavailable' from command line to 'False'
[0.452s] Level 5:colcon.colcon_core.verb:set package 'turtlesim_catch_them_all' build argument 'cmake_clean_cache' from command line to 'False'
[0.452s] Level 5:colcon.colcon_core.verb:set package 'turtlesim_catch_them_all' build argument 'cmake_clean_first' from command line to 'False'
[0.452s] Level 5:colcon.colcon_core.verb:set package 'turtlesim_catch_them_all' build argument 'cmake_force_configure' from command line to 'False'
[0.452s] Level 5:colcon.colcon_core.verb:set package 'turtlesim_catch_them_all' build argument 'ament_cmake_args' from command line to 'None'
[0.452s] Level 5:colcon.colcon_core.verb:set package 'turtlesim_catch_them_all' build argument 'catkin_cmake_args' from command line to 'None'
[0.452s] Level 5:colcon.colcon_core.verb:set package 'turtlesim_catch_them_all' build argument 'catkin_skip_building_tests' from command line to 'False'
[0.452s] DEBUG:colcon.colcon_core.verb:Building package 'turtlesim_catch_them_all' with the following arguments: {'ament_cmake_args': None, 'build_base': '/home/sven/ros2_ws/build/turtlesim_catch_them_all', 'catkin_cmake_args': None, 'catkin_skip_building_tests': False, 'cmake_args': None, 'cmake_clean_cache': False, 'cmake_clean_first': False, 'cmake_force_configure': False, 'cmake_target': None, 'cmake_target_skip_unavailable': False, 'install_base': '/home/sven/ros2_ws/install/turtlesim_catch_them_all', 'merge_install': False, 'path': '/home/sven/ros2_ws/src/turtlesim_catch_them_all', 'symlink_install': False, 'test_result_base': None}
[0.456s] Level 5:colcon.colcon_core.verb:set package 'my_robot_bringup' build argument 'cmake_args' from command line to 'None'
[0.456s] Level 5:colcon.colcon_core.verb:set package 'my_robot_bringup' build argument 'cmake_target' from command line to 'None'
[0.456s] Level 5:colcon.colcon_core.verb:set package 'my_robot_bringup' build argument 'cmake_target_skip_unavailable' from command line to 'False'
[0.456s] Level 5:colcon.colcon_core.verb:set package 'my_robot_bringup' build argument 'cmake_clean_cache' from command line to 'False'
[0.456s] Level 5:colcon.colcon_core.verb:set package 'my_robot_bringup' build argument 'cmake_clean_first' from command line to 'False'
[0.456s] Level 5:colcon.colcon_core.verb:set package 'my_robot_bringup' build argument 'cmake_force_configure' from command line to 'False'
[0.456s] Level 5:colcon.colcon_core.verb:set package 'my_robot_bringup' build argument 'ament_cmake_args' from command line to 'None'
[0.456s] Level 5:colcon.colcon_core.verb:set package 'my_robot_bringup' build argument 'catkin_cmake_args' from command line to 'None'
[0.456s] Level 5:colcon.colcon_core.verb:set package 'my_robot_bringup' build argument 'catkin_skip_building_tests' from command line to 'False'
[0.456s] DEBUG:colcon.colcon_core.verb:Building package 'my_robot_bringup' with the following arguments: {'ament_cmake_args': None, 'build_base': '/home/sven/ros2_ws/build/my_robot_bringup', 'catkin_cmake_args': None, 'catkin_skip_building_tests': False, 'cmake_args': None, 'cmake_clean_cache': False, 'cmake_clean_first': False, 'cmake_force_configure': False, 'cmake_target': None, 'cmake_target_skip_unavailable': False, 'install_base': '/home/sven/ros2_ws/install/my_robot_bringup', 'merge_install': False, 'path': '/home/sven/ros2_ws/src/my_robot_bringup', 'symlink_install': False, 'test_result_base': None}
[0.461s] INFO:colcon.colcon_core.executor:Executing jobs using 'parallel' executor
[0.466s] DEBUG:colcon.colcon_parallel_executor.executor.parallel:run_until_complete
[0.466s] INFO:colcon.colcon_ros.task.ament_cmake.build:Building ROS package in '/home/sven/ros2_ws/src/my_robot_interfaces' with build type 'ament_cmake'
[0.466s] INFO:colcon.colcon_cmake.task.cmake.build:Building CMake package in '/home/sven/ros2_ws/src/my_robot_interfaces'
[0.471s] INFO:colcon.colcon_core.plugin_system:Skipping extension 'colcon_core.shell.bat': Not used on non-Windows systems
[0.471s] INFO:colcon.colcon_core.shell:Skip shell extension 'powershell' for command environment: Not usable outside of PowerShell
[0.471s] DEBUG:colcon.colcon_core.shell:Skip shell extension 'dsv' for command environment
[0.489s] DEBUG:colcon.colcon_core.event_handler.log_command:Invoking command in '/home/sven/ros2_ws/build/my_robot_interfaces': CMAKE_PREFIX_PATH=${CMAKE_PREFIX_PATH}:/home/sven/ros2_ws/install/my_py_pkg:/opt/ros/humble /usr/bin/cmake --build /home/sven/ros2_ws/build/my_robot_interfaces -- -j20 -l20
[0.638s] DEBUG:colcon.colcon_core.event_handler.log_command:Invoked command in '/home/sven/ros2_ws/build/my_robot_interfaces' returned '0': CMAKE_PREFIX_PATH=${CMAKE_PREFIX_PATH}:/home/sven/ros2_ws/install/my_py_pkg:/opt/ros/humble /usr/bin/cmake --build /home/sven/ros2_ws/build/my_robot_interfaces -- -j20 -l20
[0.707s] DEBUG:colcon.colcon_core.event_handler.log_command:Invoking command in '/home/sven/ros2_ws/build/my_robot_interfaces': CMAKE_PREFIX_PATH=${CMAKE_PREFIX_PATH}:/home/sven/ros2_ws/install/my_py_pkg:/opt/ros/humble /usr/bin/cmake --install /home/sven/ros2_ws/build/my_robot_interfaces
[0.733s] Level 1:colcon.colcon_core.environment:create_environment_scripts_only(my_robot_interfaces)
[0.734s] DEBUG:colcon.colcon_core.event_handler.log_command:Invoked command in '/home/sven/ros2_ws/build/my_robot_interfaces' returned '0': CMAKE_PREFIX_PATH=${CMAKE_PREFIX_PATH}:/home/sven/ros2_ws/install/my_py_pkg:/opt/ros/humble /usr/bin/cmake --install /home/sven/ros2_ws/build/my_robot_interfaces
[0.739s] Level 1:colcon.colcon_core.environment:checking '/home/sven/ros2_ws/install/my_robot_interfaces' for CMake module files
[0.740s] Level 1:colcon.colcon_core.environment:checking '/home/sven/ros2_ws/install/my_robot_interfaces' for CMake config files
[0.740s] Level 1:colcon.colcon_core.shell:create_environment_hook('my_robot_interfaces', 'cmake_prefix_path')
[0.745s] INFO:colcon.colcon_core.shell:Creating environment hook '/home/sven/ros2_ws/install/my_robot_interfaces/share/my_robot_interfaces/hook/cmake_prefix_path.ps1'
[0.745s] INFO:colcon.colcon_core.shell:Creating environment descriptor '/home/sven/ros2_ws/install/my_robot_interfaces/share/my_robot_interfaces/hook/cmake_prefix_path.dsv'
[0.745s] INFO:colcon.colcon_core.shell:Creating environment hook '/home/sven/ros2_ws/install/my_robot_interfaces/share/my_robot_interfaces/hook/cmake_prefix_path.sh'
[0.746s] Level 1:colcon.colcon_core.environment:checking '/home/sven/ros2_ws/install/my_robot_interfaces/lib'
[0.746s] Level 1:colcon.colcon_core.shell:create_environment_hook('my_robot_interfaces', 'ld_library_path_lib')
[0.750s] INFO:colcon.colcon_core.shell:Creating environment hook '/home/sven/ros2_ws/install/my_robot_interfaces/share/my_robot_interfaces/hook/ld_library_path_lib.ps1'
[0.751s] INFO:colcon.colcon_core.shell:Creating environment descriptor '/home/sven/ros2_ws/install/my_robot_interfaces/share/my_robot_interfaces/hook/ld_library_path_lib.dsv'
[0.751s] INFO:colcon.colcon_core.shell:Creating environment hook '/home/sven/ros2_ws/install/my_robot_interfaces/share/my_robot_interfaces/hook/ld_library_path_lib.sh'
[0.751s] Level 1:colcon.colcon_core.environment:checking '/home/sven/ros2_ws/install/my_robot_interfaces/bin'
[0.751s] Level 1:colcon.colcon_core.environment:checking '/home/sven/ros2_ws/install/my_robot_interfaces/lib/pkgconfig/my_robot_interfaces.pc'
[0.751s] Level 1:colcon.colcon_core.environment:checking '/home/sven/ros2_ws/install/my_robot_interfaces/lib/python3.10/site-packages'
[0.751s] Level 1:colcon.colcon_core.environment:checking '/home/sven/ros2_ws/install/my_robot_interfaces/bin'
[0.756s] INFO:colcon.colcon_core.shell:Creating package script '/home/sven/ros2_ws/install/my_robot_interfaces/share/my_robot_interfaces/package.ps1'
[0.756s] INFO:colcon.colcon_core.shell:Creating package descriptor '/home/sven/ros2_ws/install/my_robot_interfaces/share/my_robot_interfaces/package.dsv'
[0.756s] INFO:colcon.colcon_core.shell:Creating package script '/home/sven/ros2_ws/install/my_robot_interfaces/share/my_robot_interfaces/package.sh'
[0.757s] INFO:colcon.colcon_core.shell:Creating package script '/home/sven/ros2_ws/install/my_robot_interfaces/share/my_robot_interfaces/package.bash'
[0.757s] INFO:colcon.colcon_core.shell:Creating package script '/home/sven/ros2_ws/install/my_robot_interfaces/share/my_robot_interfaces/package.zsh'
[0.757s] Level 1:colcon.colcon_core.environment:create_file_with_runtime_dependencies(/home/sven/ros2_ws/install/my_robot_interfaces/share/colcon-core/packages/my_robot_interfaces)
[0.829s] Level 1:colcon.colcon_core.environment:create_environment_scripts_only(my_robot_interfaces)
[0.834s] Level 1:colcon.colcon_core.environment:checking '/home/sven/ros2_ws/install/my_robot_interfaces' for CMake module files
[0.834s] Level 1:colcon.colcon_core.environment:checking '/home/sven/ros2_ws/install/my_robot_interfaces' for CMake config files
[0.835s] Level 1:colcon.colcon_core.shell:create_environment_hook('my_robot_interfaces', 'cmake_prefix_path')
[0.839s] INFO:colcon.colcon_core.shell:Creating environment hook '/home/sven/ros2_ws/install/my_robot_interfaces/share/my_robot_interfaces/hook/cmake_prefix_path.ps1'
[0.839s] INFO:colcon.colcon_core.shell:Creating environment descriptor '/home/sven/ros2_ws/install/my_robot_interfaces/share/my_robot_interfaces/hook/cmake_prefix_path.dsv'
[0.840s] INFO:colcon.colcon_core.shell:Creating environment hook '/home/sven/ros2_ws/install/my_robot_interfaces/share/my_robot_interfaces/hook/cmake_prefix_path.sh'
[0.840s] Level 1:colcon.colcon_core.environment:checking '/home/sven/ros2_ws/install/my_robot_interfaces/lib'
[0.840s] Level 1:colcon.colcon_core.shell:create_environment_hook('my_robot_interfaces', 'ld_library_path_lib')
[0.845s] INFO:colcon.colcon_core.shell:Creating environment hook '/home/sven/ros2_ws/install/my_robot_interfaces/share/my_robot_interfaces/hook/ld_library_path_lib.ps1'
[0.845s] INFO:colcon.colcon_core.shell:Creating environment descriptor '/home/sven/ros2_ws/install/my_robot_interfaces/share/my_robot_interfaces/hook/ld_library_path_lib.dsv'
[0.845s] INFO:colcon.colcon_core.shell:Creating environment hook '/home/sven/ros2_ws/install/my_robot_interfaces/share/my_robot_interfaces/hook/ld_library_path_lib.sh'
[0.845s] Level 1:colcon.colcon_core.environment:checking '/home/sven/ros2_ws/install/my_robot_interfaces/bin'
[0.845s] Level 1:colcon.colcon_core.environment:checking '/home/sven/ros2_ws/install/my_robot_interfaces/lib/pkgconfig/my_robot_interfaces.pc'
[0.845s] Level 1:colcon.colcon_core.environment:checking '/home/sven/ros2_ws/install/my_robot_interfaces/lib/python3.10/site-packages'
[0.845s] Level 1:colcon.colcon_core.environment:checking '/home/sven/ros2_ws/install/my_robot_interfaces/bin'
[0.850s] INFO:colcon.colcon_core.shell:Creating package script '/home/sven/ros2_ws/install/my_robot_interfaces/share/my_robot_interfaces/package.ps1'
[0.851s] INFO:colcon.colcon_core.shell:Creating package descriptor '/home/sven/ros2_ws/install/my_robot_interfaces/share/my_robot_interfaces/package.dsv'
[0.851s] INFO:colcon.colcon_core.shell:Creating package script '/home/sven/ros2_ws/install/my_robot_interfaces/share/my_robot_interfaces/package.sh'
[0.851s] INFO:colcon.colcon_core.shell:Creating package script '/home/sven/ros2_ws/install/my_robot_interfaces/share/my_robot_interfaces/package.bash'
[0.851s] INFO:colcon.colcon_core.shell:Creating package script '/home/sven/ros2_ws/install/my_robot_interfaces/share/my_robot_interfaces/package.zsh'
[0.851s] Level 1:colcon.colcon_core.environment:create_file_with_runtime_dependencies(/home/sven/ros2_ws/install/my_robot_interfaces/share/colcon-core/packages/my_robot_interfaces)
[0.851s] INFO:colcon.colcon_ros.task.ament_cmake.build:Building ROS package in '/home/sven/ros2_ws/src/my_cpp_pkg' with build type 'ament_cmake'
[0.851s] INFO:colcon.colcon_cmake.task.cmake.build:Building CMake package in '/home/sven/ros2_ws/src/my_cpp_pkg'
[0.856s] INFO:colcon.colcon_core.shell:Skip shell extension 'powershell' for command environment: Not usable outside of PowerShell
[0.856s] DEBUG:colcon.colcon_core.shell:Skip shell extension 'dsv' for command environment
[0.871s] INFO:colcon.colcon_ros.task.ament_python.build:Building ROS package in '/home/sven/ros2_ws/src/my_py_pkg' with build type 'ament_python'
[0.872s] Level 1:colcon.colcon_core.shell:create_environment_hook('my_py_pkg', 'ament_prefix_path')
[0.876s] INFO:colcon.colcon_core.shell:Creating environment hook '/home/sven/ros2_ws/install/my_py_pkg/share/my_py_pkg/hook/ament_prefix_path.ps1'
[0.876s] INFO:colcon.colcon_core.shell:Creating environment descriptor '/home/sven/ros2_ws/install/my_py_pkg/share/my_py_pkg/hook/ament_prefix_path.dsv'
[0.877s] INFO:colcon.colcon_core.shell:Creating environment hook '/home/sven/ros2_ws/install/my_py_pkg/share/my_py_pkg/hook/ament_prefix_path.sh'
[0.881s] INFO:colcon.colcon_core.shell:Skip shell extension 'powershell' for command environment: Not usable outside of PowerShell
[0.882s] DEBUG:colcon.colcon_core.shell:Skip shell extension 'dsv' for command environment
[0.903s] INFO:colcon.colcon_ros.task.ament_cmake.build:Building ROS package in '/home/sven/ros2_ws/src/turtlesim_catch_them_all' with build type 'ament_cmake'
[0.903s] INFO:colcon.colcon_cmake.task.cmake.build:Building CMake package in '/home/sven/ros2_ws/src/turtlesim_catch_them_all'
[0.911s] INFO:colcon.colcon_core.shell:Skip shell extension 'powershell' for command environment: Not usable outside of PowerShell
[0.911s] DEBUG:colcon.colcon_core.shell:Skip shell extension 'dsv' for command environment
[0.934s] DEBUG:colcon.colcon_core.event_handler.log_command:Invoking command in '/home/sven/ros2_ws/build/my_cpp_pkg': CMAKE_PREFIX_PATH=/home/sven/ros2_ws/install/my_robot_interfaces:/home/sven/ros2_ws/install/turtlesim_catch_them_all:/home/sven/ros2_ws/install/my_robot_bringup:/home/sven/ros2_ws/install/my_cpp_pkg:/home/sven/ros2_ws/install/my_py_pkg:/opt/ros/humble /usr/bin/cmake --build /home/sven/ros2_ws/build/my_cpp_pkg -- -j20 -l20
[1.046s] INFO:colcon.colcon_core.task.python.build:Building Python package in '/home/sven/ros2_ws/src/my_py_pkg'
[1.051s] INFO:colcon.colcon_core.shell:Skip shell extension 'powershell' for command environment: Not usable outside of PowerShell
[1.051s] DEBUG:colcon.colcon_core.shell:Skip shell extension 'dsv' for command environment
[1.073s] DEBUG:colcon.colcon_core.event_handler.log_command:Invoking command in '/home/sven/ros2_ws/build/turtlesim_catch_them_all': CMAKE_PREFIX_PATH=/home/sven/ros2_ws/install/my_robot_interfaces:/home/sven/ros2_ws/install/turtlesim_catch_them_all:/home/sven/ros2_ws/install/my_robot_bringup:/home/sven/ros2_ws/install/my_cpp_pkg:/home/sven/ros2_ws/install/my_py_pkg:/opt/ros/humble /usr/bin/cmake --build /home/sven/ros2_ws/build/turtlesim_catch_them_all -- -j20 -l20
[1.074s] DEBUG:colcon.colcon_core.event_handler.log_command:Invoked command in '/home/sven/ros2_ws/build/my_cpp_pkg' returned '0': CMAKE_PREFIX_PATH=/home/sven/ros2_ws/install/my_robot_interfaces:/home/sven/ros2_ws/install/turtlesim_catch_them_all:/home/sven/ros2_ws/install/my_robot_bringup:/home/sven/ros2_ws/install/my_cpp_pkg:/home/sven/ros2_ws/install/my_py_pkg:/opt/ros/humble /usr/bin/cmake --build /home/sven/ros2_ws/build/my_cpp_pkg -- -j20 -l20
[1.095s] DEBUG:colcon.colcon_core.event_handler.log_command:Invoking command in '/home/sven/ros2_ws/build/my_cpp_pkg': CMAKE_PREFIX_PATH=/home/sven/ros2_ws/install/my_robot_interfaces:/home/sven/ros2_ws/install/turtlesim_catch_them_all:/home/sven/ros2_ws/install/my_robot_bringup:/home/sven/ros2_ws/install/my_cpp_pkg:/home/sven/ros2_ws/install/my_py_pkg:/opt/ros/humble /usr/bin/cmake --install /home/sven/ros2_ws/build/my_cpp_pkg
[1.101s] Level 1:colcon.colcon_core.environment:create_environment_scripts_only(my_cpp_pkg)
[1.102s] DEBUG:colcon.colcon_core.event_handler.log_command:Invoked command in '/home/sven/ros2_ws/build/my_cpp_pkg' returned '0': CMAKE_PREFIX_PATH=/home/sven/ros2_ws/install/my_robot_interfaces:/home/sven/ros2_ws/install/turtlesim_catch_them_all:/home/sven/ros2_ws/install/my_robot_bringup:/home/sven/ros2_ws/install/my_cpp_pkg:/home/sven/ros2_ws/install/my_py_pkg:/opt/ros/humble /usr/bin/cmake --install /home/sven/ros2_ws/build/my_cpp_pkg
[1.108s] Level 1:colcon.colcon_core.environment:checking '/home/sven/ros2_ws/install/my_cpp_pkg' for CMake module files
[1.108s] Level 1:colcon.colcon_core.environment:checking '/home/sven/ros2_ws/install/my_cpp_pkg' for CMake config files
[1.108s] Level 1:colcon.colcon_core.shell:create_environment_hook('my_cpp_pkg', 'cmake_prefix_path')
[1.114s] INFO:colcon.colcon_core.shell:Creating environment hook '/home/sven/ros2_ws/install/my_cpp_pkg/share/my_cpp_pkg/hook/cmake_prefix_path.ps1'
[1.114s] INFO:colcon.colcon_core.shell:Creating environment descriptor '/home/sven/ros2_ws/install/my_cpp_pkg/share/my_cpp_pkg/hook/cmake_prefix_path.dsv'
[1.115s] INFO:colcon.colcon_core.shell:Creating environment hook '/home/sven/ros2_ws/install/my_cpp_pkg/share/my_cpp_pkg/hook/cmake_prefix_path.sh'
[1.115s] Level 1:colcon.colcon_core.environment:checking '/home/sven/ros2_ws/install/my_cpp_pkg/lib'
[1.115s] Level 1:colcon.colcon_core.environment:checking '/home/sven/ros2_ws/install/my_cpp_pkg/bin'
[1.115s] Level 1:colcon.colcon_core.environment:checking '/home/sven/ros2_ws/install/my_cpp_pkg/lib/pkgconfig/my_cpp_pkg.pc'
[1.115s] Level 1:colcon.colcon_core.environment:checking '/home/sven/ros2_ws/install/my_cpp_pkg/lib/python3.10/site-packages'
[1.115s] Level 1:colcon.colcon_core.environment:checking '/home/sven/ros2_ws/install/my_cpp_pkg/bin'
[1.120s] INFO:colcon.colcon_core.shell:Creating package script '/home/sven/ros2_ws/install/my_cpp_pkg/share/my_cpp_pkg/package.ps1'
[1.121s] INFO:colcon.colcon_core.shell:Creating package descriptor '/home/sven/ros2_ws/install/my_cpp_pkg/share/my_cpp_pkg/package.dsv'
[1.121s] INFO:colcon.colcon_core.shell:Creating package script '/home/sven/ros2_ws/install/my_cpp_pkg/share/my_cpp_pkg/package.sh'
[1.121s] INFO:colcon.colcon_core.shell:Creating package script '/home/sven/ros2_ws/install/my_cpp_pkg/share/my_cpp_pkg/package.bash'
[1.121s] INFO:colcon.colcon_core.shell:Creating package script '/home/sven/ros2_ws/install/my_cpp_pkg/share/my_cpp_pkg/package.zsh'
[1.121s] Level 1:colcon.colcon_core.environment:create_file_with_runtime_dependencies(/home/sven/ros2_ws/install/my_cpp_pkg/share/colcon-core/packages/my_cpp_pkg)
[1.150s] Level 1:colcon.colcon_core.environment:create_environment_scripts_only(my_cpp_pkg)
[1.155s] Level 1:colcon.colcon_core.environment:checking '/home/sven/ros2_ws/install/my_cpp_pkg' for CMake module files
[1.156s] Level 1:colcon.colcon_core.environment:checking '/home/sven/ros2_ws/install/my_cpp_pkg' for CMake config files
[1.156s] Level 1:colcon.colcon_core.shell:create_environment_hook('my_cpp_pkg', 'cmake_prefix_path')
[1.161s] INFO:colcon.colcon_core.shell:Creating environment hook '/home/sven/ros2_ws/install/my_cpp_pkg/share/my_cpp_pkg/hook/cmake_prefix_path.ps1'
[1.161s] INFO:colcon.colcon_core.shell:Creating environment descriptor '/home/sven/ros2_ws/install/my_cpp_pkg/share/my_cpp_pkg/hook/cmake_prefix_path.dsv'
[1.161s] INFO:colcon.colcon_core.shell:Creating environment hook '/home/sven/ros2_ws/install/my_cpp_pkg/share/my_cpp_pkg/hook/cmake_prefix_path.sh'
[1.161s] Level 1:colcon.colcon_core.environment:checking '/home/sven/ros2_ws/install/my_cpp_pkg/lib'
[1.161s] Level 1:colcon.colcon_core.environment:checking '/home/sven/ros2_ws/install/my_cpp_pkg/bin'
[1.161s] Level 1:colcon.colcon_core.environment:checking '/home/sven/ros2_ws/install/my_cpp_pkg/lib/pkgconfig/my_cpp_pkg.pc'
[1.162s] Level 1:colcon.colcon_core.environment:checking '/home/sven/ros2_ws/install/my_cpp_pkg/lib/python3.10/site-packages'
[1.162s] Level 1:colcon.colcon_core.environment:checking '/home/sven/ros2_ws/install/my_cpp_pkg/bin'
[1.167s] INFO:colcon.colcon_core.shell:Creating package script '/home/sven/ros2_ws/install/my_cpp_pkg/share/my_cpp_pkg/package.ps1'
[1.167s] INFO:colcon.colcon_core.shell:Creating package descriptor '/home/sven/ros2_ws/install/my_cpp_pkg/share/my_cpp_pkg/package.dsv'
[1.167s] INFO:colcon.colcon_core.shell:Creating package script '/home/sven/ros2_ws/install/my_cpp_pkg/share/my_cpp_pkg/package.sh'
[1.167s] INFO:colcon.colcon_core.shell:Creating package script '/home/sven/ros2_ws/install/my_cpp_pkg/share/my_cpp_pkg/package.bash'
[1.168s] INFO:colcon.colcon_core.shell:Creating package script '/home/sven/ros2_ws/install/my_cpp_pkg/share/my_cpp_pkg/package.zsh'
[1.168s] Level 1:colcon.colcon_core.environment:create_file_with_runtime_dependencies(/home/sven/ros2_ws/install/my_cpp_pkg/share/colcon-core/packages/my_cpp_pkg)
[1.216s] DEBUG:colcon.colcon_core.event_handler.log_command:Invoking command in '/home/sven/ros2_ws/src/my_py_pkg': CMAKE_PREFIX_PATH=/home/sven/ros2_ws/install/my_robot_interfaces:/home/sven/ros2_ws/install/turtlesim_catch_them_all:/home/sven/ros2_ws/install/my_robot_bringup:/home/sven/ros2_ws/install/my_cpp_pkg PYTHONPATH=/home/sven/ros2_ws/build/my_py_pkg/prefix_override:/home/sven/ros2_ws/install/my_py_pkg/lib/python3.10/site-packages:${PYTHONPATH} /usr/bin/python3 setup.py egg_info --egg-base ../../build/my_py_pkg build --build-base /home/sven/ros2_ws/build/my_py_pkg/build install --record /home/sven/ros2_ws/build/my_py_pkg/install.log --single-version-externally-managed
[1.342s] DEBUG:colcon.colcon_core.event_handler.log_command:Invoked command in '/home/sven/ros2_ws/src/my_py_pkg' returned '0': CMAKE_PREFIX_PATH=/home/sven/ros2_ws/install/my_robot_interfaces:/home/sven/ros2_ws/install/turtlesim_catch_them_all:/home/sven/ros2_ws/install/my_robot_bringup:/home/sven/ros2_ws/install/my_cpp_pkg PYTHONPATH=/home/sven/ros2_ws/build/my_py_pkg/prefix_override:/home/sven/ros2_ws/install/my_py_pkg/lib/python3.10/site-packages:${PYTHONPATH} /usr/bin/python3 setup.py egg_info --egg-base ../../build/my_py_pkg build --build-base /home/sven/ros2_ws/build/my_py_pkg/build install --record /home/sven/ros2_ws/build/my_py_pkg/install.log --single-version-externally-managed
[1.350s] Level 1:colcon.colcon_core.environment:checking '/home/sven/ros2_ws/install/my_py_pkg' for CMake module files
[1.350s] Level 1:colcon.colcon_core.environment:checking '/home/sven/ros2_ws/install/my_py_pkg' for CMake config files
[1.350s] Level 1:colcon.colcon_core.environment:checking '/home/sven/ros2_ws/install/my_py_pkg/lib'
[1.350s] Level 1:colcon.colcon_core.environment:checking '/home/sven/ros2_ws/install/my_py_pkg/bin'
[1.350s] Level 1:colcon.colcon_core.environment:checking '/home/sven/ros2_ws/install/my_py_pkg/lib/pkgconfig/my_py_pkg.pc'
[1.351s] Level 1:colcon.colcon_core.environment:checking '/home/sven/ros2_ws/install/my_py_pkg/lib/python3.10/site-packages'
[1.351s] Level 1:colcon.colcon_core.shell:create_environment_hook('my_py_pkg', 'pythonpath')
[1.356s] INFO:colcon.colcon_core.shell:Creating environment hook '/home/sven/ros2_ws/install/my_py_pkg/share/my_py_pkg/hook/pythonpath.ps1'
[1.356s] INFO:colcon.colcon_core.shell:Creating environment descriptor '/home/sven/ros2_ws/install/my_py_pkg/share/my_py_pkg/hook/pythonpath.dsv'
[1.356s] INFO:colcon.colcon_core.shell:Creating environment hook '/home/sven/ros2_ws/install/my_py_pkg/share/my_py_pkg/hook/pythonpath.sh'
[1.356s] Level 1:colcon.colcon_core.environment:checking '/home/sven/ros2_ws/install/my_py_pkg/bin'
[1.356s] Level 1:colcon.colcon_core.environment:create_environment_scripts_only(my_py_pkg)
[1.361s] INFO:colcon.colcon_core.shell:Creating package script '/home/sven/ros2_ws/install/my_py_pkg/share/my_py_pkg/package.ps1'
[1.362s] INFO:colcon.colcon_core.shell:Creating package descriptor '/home/sven/ros2_ws/install/my_py_pkg/share/my_py_pkg/package.dsv'
[1.362s] INFO:colcon.colcon_core.shell:Creating package script '/home/sven/ros2_ws/install/my_py_pkg/share/my_py_pkg/package.sh'
[1.362s] INFO:colcon.colcon_core.shell:Creating package script '/home/sven/ros2_ws/install/my_py_pkg/share/my_py_pkg/package.bash'
[1.362s] INFO:colcon.colcon_core.shell:Creating package script '/home/sven/ros2_ws/install/my_py_pkg/share/my_py_pkg/package.zsh'
[1.362s] Level 1:colcon.colcon_core.environment:create_file_with_runtime_dependencies(/home/sven/ros2_ws/install/my_py_pkg/share/colcon-core/packages/my_py_pkg)
[1.362s] INFO:colcon.colcon_ros.task.ament_cmake.build:Building ROS package in '/home/sven/ros2_ws/src/my_robot_bringup' with build type 'ament_cmake'
[1.362s] INFO:colcon.colcon_cmake.task.cmake.build:Building CMake package in '/home/sven/ros2_ws/src/my_robot_bringup'
[1.368s] INFO:colcon.colcon_core.shell:Skip shell extension 'powershell' for command environment: Not usable outside of PowerShell
[1.368s] DEBUG:colcon.colcon_core.shell:Skip shell extension 'dsv' for command environment
[1.389s] DEBUG:colcon.colcon_core.event_handler.log_command:Invoking command in '/home/sven/ros2_ws/build/my_robot_bringup': AMENT_PREFIX_PATH=/home/sven/ros2_ws/install/my_py_pkg:/home/sven/ros2_ws/install/turtlesim_catch_them_all:/home/sven/ros2_ws/install/my_robot_bringup:/home/sven/ros2_ws/install/my_cpp_pkg:/home/sven/ros2_ws/install/my_robot_interfaces:/opt/ros/humble CMAKE_PREFIX_PATH=/home/sven/ros2_ws/install/my_cpp_pkg:/home/sven/ros2_ws/install/my_robot_interfaces:/home/sven/ros2_ws/install/turtlesim_catch_them_all:/home/sven/ros2_ws/install/my_robot_bringup:/home/sven/ros2_ws/install/my_py_pkg:/opt/ros/humble /usr/bin/cmake --build /home/sven/ros2_ws/build/my_robot_bringup -- -j20 -l20
[1.407s] DEBUG:colcon.colcon_core.event_handler.log_command:Invoked command in '/home/sven/ros2_ws/build/my_robot_bringup' returned '0': AMENT_PREFIX_PATH=/home/sven/ros2_ws/install/my_py_pkg:/home/sven/ros2_ws/install/turtlesim_catch_them_all:/home/sven/ros2_ws/install/my_robot_bringup:/home/sven/ros2_ws/install/my_cpp_pkg:/home/sven/ros2_ws/install/my_robot_interfaces:/opt/ros/humble CMAKE_PREFIX_PATH=/home/sven/ros2_ws/install/my_cpp_pkg:/home/sven/ros2_ws/install/my_robot_interfaces:/home/sven/ros2_ws/install/turtlesim_catch_them_all:/home/sven/ros2_ws/install/my_robot_bringup:/home/sven/ros2_ws/install/my_py_pkg:/opt/ros/humble /usr/bin/cmake --build /home/sven/ros2_ws/build/my_robot_bringup -- -j20 -l20
[1.417s] DEBUG:colcon.colcon_core.event_handler.log_command:Invoking command in '/home/sven/ros2_ws/build/my_robot_bringup': AMENT_PREFIX_PATH=/home/sven/ros2_ws/install/my_py_pkg:/home/sven/ros2_ws/install/turtlesim_catch_them_all:/home/sven/ros2_ws/install/my_robot_bringup:/home/sven/ros2_ws/install/my_cpp_pkg:/home/sven/ros2_ws/install/my_robot_interfaces:/opt/ros/humble CMAKE_PREFIX_PATH=/home/sven/ros2_ws/install/my_cpp_pkg:/home/sven/ros2_ws/install/my_robot_interfaces:/home/sven/ros2_ws/install/turtlesim_catch_them_all:/home/sven/ros2_ws/install/my_robot_bringup:/home/sven/ros2_ws/install/my_py_pkg:/opt/ros/humble /usr/bin/cmake --install /home/sven/ros2_ws/build/my_robot_bringup
[1.421s] Level 1:colcon.colcon_core.environment:create_environment_scripts_only(my_robot_bringup)
[1.422s] DEBUG:colcon.colcon_core.event_handler.log_command:Invoked command in '/home/sven/ros2_ws/build/my_robot_bringup' returned '0': AMENT_PREFIX_PATH=/home/sven/ros2_ws/install/my_py_pkg:/home/sven/ros2_ws/install/turtlesim_catch_them_all:/home/sven/ros2_ws/install/my_robot_bringup:/home/sven/ros2_ws/install/my_cpp_pkg:/home/sven/ros2_ws/install/my_robot_interfaces:/opt/ros/humble CMAKE_PREFIX_PATH=/home/sven/ros2_ws/install/my_cpp_pkg:/home/sven/ros2_ws/install/my_robot_interfaces:/home/sven/ros2_ws/install/turtlesim_catch_them_all:/home/sven/ros2_ws/install/my_robot_bringup:/home/sven/ros2_ws/install/my_py_pkg:/opt/ros/humble /usr/bin/cmake --install /home/sven/ros2_ws/build/my_robot_bringup
[1.431s] Level 1:colcon.colcon_core.environment:checking '/home/sven/ros2_ws/install/my_robot_bringup' for CMake module files
[1.432s] Level 1:colcon.colcon_core.environment:checking '/home/sven/ros2_ws/install/my_robot_bringup' for CMake config files
[1.432s] Level 1:colcon.colcon_core.shell:create_environment_hook('my_robot_bringup', 'cmake_prefix_path')
[1.437s] INFO:colcon.colcon_core.shell:Creating environment hook '/home/sven/ros2_ws/install/my_robot_bringup/share/my_robot_bringup/hook/cmake_prefix_path.ps1'
[1.437s] INFO:colcon.colcon_core.shell:Creating environment descriptor '/home/sven/ros2_ws/install/my_robot_bringup/share/my_robot_bringup/hook/cmake_prefix_path.dsv'
[1.437s] INFO:colcon.colcon_core.shell:Creating environment hook '/home/sven/ros2_ws/install/my_robot_bringup/share/my_robot_bringup/hook/cmake_prefix_path.sh'
[1.437s] Level 1:colcon.colcon_core.environment:checking '/home/sven/ros2_ws/install/my_robot_bringup/bin'
[1.437s] Level 1:colcon.colcon_core.environment:checking '/home/sven/ros2_ws/install/my_robot_bringup/lib/pkgconfig/my_robot_bringup.pc'
[1.437s] Level 1:colcon.colcon_core.environment:checking '/home/sven/ros2_ws/install/my_robot_bringup/lib/python3.10/site-packages'
[1.438s] Level 1:colcon.colcon_core.environment:checking '/home/sven/ros2_ws/install/my_robot_bringup/bin'
[1.442s] INFO:colcon.colcon_core.shell:Creating package script '/home/sven/ros2_ws/install/my_robot_bringup/share/my_robot_bringup/package.ps1'
[1.443s] INFO:colcon.colcon_core.shell:Creating package descriptor '/home/sven/ros2_ws/install/my_robot_bringup/share/my_robot_bringup/package.dsv'
[1.443s] INFO:colcon.colcon_core.shell:Creating package script '/home/sven/ros2_ws/install/my_robot_bringup/share/my_robot_bringup/package.sh'
[1.443s] INFO:colcon.colcon_core.shell:Creating package script '/home/sven/ros2_ws/install/my_robot_bringup/share/my_robot_bringup/package.bash'
[1.443s] INFO:colcon.colcon_core.shell:Creating package script '/home/sven/ros2_ws/install/my_robot_bringup/share/my_robot_bringup/package.zsh'
[1.443s] Level 1:colcon.colcon_core.environment:create_file_with_runtime_dependencies(/home/sven/ros2_ws/install/my_robot_bringup/share/colcon-core/packages/my_robot_bringup)
[1.459s] Level 1:colcon.colcon_core.environment:create_environment_scripts_only(my_robot_bringup)
[1.464s] Level 1:colcon.colcon_core.environment:checking '/home/sven/ros2_ws/install/my_robot_bringup' for CMake module files
[1.465s] Level 1:colcon.colcon_core.environment:checking '/home/sven/ros2_ws/install/my_robot_bringup' for CMake config files
[1.465s] Level 1:colcon.colcon_core.shell:create_environment_hook('my_robot_bringup', 'cmake_prefix_path')
[1.470s] INFO:colcon.colcon_core.shell:Creating environment hook '/home/sven/ros2_ws/install/my_robot_bringup/share/my_robot_bringup/hook/cmake_prefix_path.ps1'
[1.470s] INFO:colcon.colcon_core.shell:Creating environment descriptor '/home/sven/ros2_ws/install/my_robot_bringup/share/my_robot_bringup/hook/cmake_prefix_path.dsv'
[1.470s] INFO:colcon.colcon_core.shell:Creating environment hook '/home/sven/ros2_ws/install/my_robot_bringup/share/my_robot_bringup/hook/cmake_prefix_path.sh'
[1.470s] Level 1:colcon.colcon_core.environment:checking '/home/sven/ros2_ws/install/my_robot_bringup/bin'
[1.470s] Level 1:colcon.colcon_core.environment:checking '/home/sven/ros2_ws/install/my_robot_bringup/lib/pkgconfig/my_robot_bringup.pc'
[1.470s] Level 1:colcon.colcon_core.environment:checking '/home/sven/ros2_ws/install/my_robot_bringup/lib/python3.10/site-packages'
[1.471s] Level 1:colcon.colcon_core.environment:checking '/home/sven/ros2_ws/install/my_robot_bringup/bin'
[1.476s] INFO:colcon.colcon_core.shell:Creating package script '/home/sven/ros2_ws/install/my_robot_bringup/share/my_robot_bringup/package.ps1'
[1.476s] INFO:colcon.colcon_core.shell:Creating package descriptor '/home/sven/ros2_ws/install/my_robot_bringup/share/my_robot_bringup/package.dsv'
[1.476s] INFO:colcon.colcon_core.shell:Creating package script '/home/sven/ros2_ws/install/my_robot_bringup/share/my_robot_bringup/package.sh'
[1.476s] INFO:colcon.colcon_core.shell:Creating package script '/home/sven/ros2_ws/install/my_robot_bringup/share/my_robot_bringup/package.bash'
[1.476s] INFO:colcon.colcon_core.shell:Creating package script '/home/sven/ros2_ws/install/my_robot_bringup/share/my_robot_bringup/package.zsh'
[1.477s] Level 1:colcon.colcon_core.environment:create_file_with_runtime_dependencies(/home/sven/ros2_ws/install/my_robot_bringup/share/colcon-core/packages/my_robot_bringup)
[6.831s] DEBUG:colcon.colcon_core.event_handler.log_command:Invoked command in '/home/sven/ros2_ws/build/turtlesim_catch_them_all' returned '0': CMAKE_PREFIX_PATH=/home/sven/ros2_ws/install/my_robot_interfaces:/home/sven/ros2_ws/install/turtlesim_catch_them_all:/home/sven/ros2_ws/install/my_robot_bringup:/home/sven/ros2_ws/install/my_cpp_pkg:/home/sven/ros2_ws/install/my_py_pkg:/opt/ros/humble /usr/bin/cmake --build /home/sven/ros2_ws/build/turtlesim_catch_them_all -- -j20 -l20
[6.846s] DEBUG:colcon.colcon_core.event_handler.log_command:Invoking command in '/home/sven/ros2_ws/build/turtlesim_catch_them_all': CMAKE_PREFIX_PATH=/home/sven/ros2_ws/install/my_robot_interfaces:/home/sven/ros2_ws/install/turtlesim_catch_them_all:/home/sven/ros2_ws/install/my_robot_bringup:/home/sven/ros2_ws/install/my_cpp_pkg:/home/sven/ros2_ws/install/my_py_pkg:/opt/ros/humble /usr/bin/cmake --install /home/sven/ros2_ws/build/turtlesim_catch_them_all
[6.853s] Level 1:colcon.colcon_core.environment:create_environment_scripts_only(turtlesim_catch_them_all)
[6.854s] DEBUG:colcon.colcon_core.event_handler.log_command:Invoked command in '/home/sven/ros2_ws/build/turtlesim_catch_them_all' returned '0': CMAKE_PREFIX_PATH=/home/sven/ros2_ws/install/my_robot_interfaces:/home/sven/ros2_ws/install/turtlesim_catch_them_all:/home/sven/ros2_ws/install/my_robot_bringup:/home/sven/ros2_ws/install/my_cpp_pkg:/home/sven/ros2_ws/install/my_py_pkg:/opt/ros/humble /usr/bin/cmake --install /home/sven/ros2_ws/build/turtlesim_catch_them_all
[6.860s] Level 1:colcon.colcon_core.environment:checking '/home/sven/ros2_ws/install/turtlesim_catch_them_all' for CMake module files
[6.860s] Level 1:colcon.colcon_core.environment:checking '/home/sven/ros2_ws/install/turtlesim_catch_them_all' for CMake config files
[6.860s] Level 1:colcon.colcon_core.shell:create_environment_hook('turtlesim_catch_them_all', 'cmake_prefix_path')
[6.865s] INFO:colcon.colcon_core.shell:Creating environment hook '/home/sven/ros2_ws/install/turtlesim_catch_them_all/share/turtlesim_catch_them_all/hook/cmake_prefix_path.ps1'
[6.865s] INFO:colcon.colcon_core.shell:Creating environment descriptor '/home/sven/ros2_ws/install/turtlesim_catch_them_all/share/turtlesim_catch_them_all/hook/cmake_prefix_path.dsv'
[6.865s] INFO:colcon.colcon_core.shell:Creating environment hook '/home/sven/ros2_ws/install/turtlesim_catch_them_all/share/turtlesim_catch_them_all/hook/cmake_prefix_path.sh'
[6.865s] Level 1:colcon.colcon_core.environment:checking '/home/sven/ros2_ws/install/turtlesim_catch_them_all/lib'
[6.865s] Level 1:colcon.colcon_core.environment:checking '/home/sven/ros2_ws/install/turtlesim_catch_them_all/bin'
[6.866s] Level 1:colcon.colcon_core.environment:checking '/home/sven/ros2_ws/install/turtlesim_catch_them_all/lib/pkgconfig/turtlesim_catch_them_all.pc'
[6.866s] Level 1:colcon.colcon_core.environment:checking '/home/sven/ros2_ws/install/turtlesim_catch_them_all/lib/python3.10/site-packages'
[6.866s] Level 1:colcon.colcon_core.environment:checking '/home/sven/ros2_ws/install/turtlesim_catch_them_all/bin'
[6.871s] INFO:colcon.colcon_core.shell:Creating package script '/home/sven/ros2_ws/install/turtlesim_catch_them_all/share/turtlesim_catch_them_all/package.ps1'
[6.871s] INFO:colcon.colcon_core.shell:Creating package descriptor '/home/sven/ros2_ws/install/turtlesim_catch_them_all/share/turtlesim_catch_them_all/package.dsv'
[6.871s] INFO:colcon.colcon_core.shell:Creating package script '/home/sven/ros2_ws/install/turtlesim_catch_them_all/share/turtlesim_catch_them_all/package.sh'
[6.871s] INFO:colcon.colcon_core.shell:Creating package script '/home/sven/ros2_ws/install/turtlesim_catch_them_all/share/turtlesim_catch_them_all/package.bash'
[6.871s] INFO:colcon.colcon_core.shell:Creating package script '/home/sven/ros2_ws/install/turtlesim_catch_them_all/share/turtlesim_catch_them_all/package.zsh'
[6.871s] Level 1:colcon.colcon_core.environment:create_file_with_runtime_dependencies(/home/sven/ros2_ws/install/turtlesim_catch_them_all/share/colcon-core/packages/turtlesim_catch_them_all)
[6.890s] Level 1:colcon.colcon_core.environment:create_environment_scripts_only(turtlesim_catch_them_all)
[6.895s] Level 1:colcon.colcon_core.environment:checking '/home/sven/ros2_ws/install/turtlesim_catch_them_all' for CMake module files
[6.896s] Level 1:colcon.colcon_core.environment:checking '/home/sven/ros2_ws/install/turtlesim_catch_them_all' for CMake config files
[6.896s] Level 1:colcon.colcon_core.shell:create_environment_hook('turtlesim_catch_them_all', 'cmake_prefix_path')
[6.901s] INFO:colcon.colcon_core.shell:Creating environment hook '/home/sven/ros2_ws/install/turtlesim_catch_them_all/share/turtlesim_catch_them_all/hook/cmake_prefix_path.ps1'
[6.901s] INFO:colcon.colcon_core.shell:Creating environment descriptor '/home/sven/ros2_ws/install/turtlesim_catch_them_all/share/turtlesim_catch_them_all/hook/cmake_prefix_path.dsv'
[6.901s] INFO:colcon.colcon_core.shell:Creating environment hook '/home/sven/ros2_ws/install/turtlesim_catch_them_all/share/turtlesim_catch_them_all/hook/cmake_prefix_path.sh'
[6.901s] Level 1:colcon.colcon_core.environment:checking '/home/sven/ros2_ws/install/turtlesim_catch_them_all/lib'
[6.902s] Level 1:colcon.colcon_core.environment:checking '/home/sven/ros2_ws/install/turtlesim_catch_them_all/bin'
[6.902s] Level 1:colcon.colcon_core.environment:checking '/home/sven/ros2_ws/install/turtlesim_catch_them_all/lib/pkgconfig/turtlesim_catch_them_all.pc'
[6.902s] Level 1:colcon.colcon_core.environment:checking '/home/sven/ros2_ws/install/turtlesim_catch_them_all/lib/python3.10/site-packages'
[6.902s] Level 1:colcon.colcon_core.environment:checking '/home/sven/ros2_ws/install/turtlesim_catch_them_all/bin'
[6.907s] INFO:colcon.colcon_core.shell:Creating package script '/home/sven/ros2_ws/install/turtlesim_catch_them_all/share/turtlesim_catch_them_all/package.ps1'
[6.907s] INFO:colcon.colcon_core.shell:Creating package descriptor '/home/sven/ros2_ws/install/turtlesim_catch_them_all/share/turtlesim_catch_them_all/package.dsv'
[6.907s] INFO:colcon.colcon_core.shell:Creating package script '/home/sven/ros2_ws/install/turtlesim_catch_them_all/share/turtlesim_catch_them_all/package.sh'
[6.907s] INFO:colcon.colcon_core.shell:Creating package script '/home/sven/ros2_ws/install/turtlesim_catch_them_all/share/turtlesim_catch_them_all/package.bash'
[6.907s] INFO:colcon.colcon_core.shell:Creating package script '/home/sven/ros2_ws/install/turtlesim_catch_them_all/share/turtlesim_catch_them_all/package.zsh'
[6.908s] Level 1:colcon.colcon_core.environment:create_file_with_runtime_dependencies(/home/sven/ros2_ws/install/turtlesim_catch_them_all/share/colcon-core/packages/turtlesim_catch_them_all)
[6.908s] DEBUG:colcon.colcon_parallel_executor.executor.parallel:closing loop
[6.908s] DEBUG:colcon.colcon_parallel_executor.executor.parallel:loop closed
[6.908s] DEBUG:colcon.colcon_parallel_executor.executor.parallel:run_until_complete finished with '0'
[6.908s] DEBUG:colcon.colcon_core.event_reactor:joining thread
[6.916s] INFO:colcon.colcon_core.plugin_system:Skipping extension 'colcon_notification.desktop_notification.terminal_notifier': Not used on non-Darwin systems
[6.916s] INFO:colcon.colcon_core.plugin_system:Skipping extension 'colcon_notification.desktop_notification.win32': Not used on non-Windows systems
[6.916s] INFO:colcon.colcon_notification.desktop_notification:Sending desktop notification using 'notify2'
[6.925s] DEBUG:colcon.colcon_core.event_reactor:joined thread
[6.930s] INFO:colcon.colcon_core.shell:Creating prefix script '/home/sven/ros2_ws/install/local_setup.ps1'
[6.931s] INFO:colcon.colcon_core.shell:Creating prefix util module '/home/sven/ros2_ws/install/_local_setup_util_ps1.py'
[6.931s] INFO:colcon.colcon_core.shell:Creating prefix chain script '/home/sven/ros2_ws/install/setup.ps1'
[6.937s] INFO:colcon.colcon_core.shell:Creating prefix script '/home/sven/ros2_ws/install/local_setup.sh'
[6.937s] INFO:colcon.colcon_core.shell:Creating prefix util module '/home/sven/ros2_ws/install/_local_setup_util_sh.py'
[6.937s] INFO:colcon.colcon_core.shell:Creating prefix chain script '/home/sven/ros2_ws/install/setup.sh'
[6.942s] INFO:colcon.colcon_core.shell:Creating prefix script '/home/sven/ros2_ws/install/local_setup.bash'
[6.943s] INFO:colcon.colcon_core.shell:Creating prefix chain script '/home/sven/ros2_ws/install/setup.bash'
[6.948s] INFO:colcon.colcon_core.shell:Creating prefix script '/home/sven/ros2_ws/install/local_setup.zsh'
[6.948s] INFO:colcon.colcon_core.shell:Creating prefix chain script '/home/sven/ros2_ws/install/setup.zsh'
