[0.031s] Invoking command in '/home/sven/ros2_ws/build/my_robot_description': CMAKE_PREFIX_PATH=${CMAKE_PREFIX_PATH}:/home/sven/ros2_ws/install/my_py_pkg:/opt/ros/humble /usr/bin/cmake /home/sven/ros2_ws/src/my_robot_description -DAMENT_CMAKE_SYMLINK_INSTALL=1 -DCMAKE_INSTALL_PREFIX=/home/sven/ros2_ws/install/my_robot_description
[0.037s] -- Found ament_cmake: 1.3.8 (/opt/ros/humble/share/ament_cmake/cmake)
[0.095s] -- Override CMake install command with custom implementation using symlinks instead of copying resources
[0.132s] -- Configuring done
[0.133s] -- Generating done
[0.134s] -- Build files have been written to: /home/sven/ros2_ws/build/my_robot_description
[0.135s] Invoked command in '/home/sven/ros2_ws/build/my_robot_description' returned '0': CMAKE_PREFIX_PATH=${CMAKE_PREFIX_PATH}:/home/sven/ros2_ws/install/my_py_pkg:/opt/ros/humble /usr/bin/cmake /home/sven/ros2_ws/src/my_robot_description -DAMENT_CMAKE_SYMLINK_INSTALL=1 -DCMAKE_INSTALL_PREFIX=/home/sven/ros2_ws/install/my_robot_description
[0.136s] Invoking command in '/home/sven/ros2_ws/build/my_robot_description': CMAKE_PREFIX_PATH=${CMAKE_PREFIX_PATH}:/home/sven/ros2_ws/install/my_py_pkg:/opt/ros/humble /usr/bin/cmake --build /home/sven/ros2_ws/build/my_robot_description -- -j20 -l20
[0.155s] Invoked command in '/home/sven/ros2_ws/build/my_robot_description' returned '0': CMAKE_PREFIX_PATH=${CMAKE_PREFIX_PATH}:/home/sven/ros2_ws/install/my_py_pkg:/opt/ros/humble /usr/bin/cmake --build /home/sven/ros2_ws/build/my_robot_description -- -j20 -l20
[0.170s] Invoking command in '/home/sven/ros2_ws/build/my_robot_description': CMAKE_PREFIX_PATH=${CMAKE_PREFIX_PATH}:/home/sven/ros2_ws/install/my_py_pkg:/opt/ros/humble /usr/bin/cmake --install /home/sven/ros2_ws/build/my_robot_description
[0.173s] -- Install configuration: ""
[0.173s] -- Execute custom install script
[0.174s] -- Symlinking: /home/sven/ros2_ws/install/my_robot_description/share/my_robot_description//urdf/my_robot.urdf.xacro
[0.178s] -- Symlinking: /home/sven/ros2_ws/install/my_robot_description/share/my_robot_description//launch/display.launch.py
[0.182s] -- Symlinking: /home/sven/ros2_ws/install/my_robot_description/share/my_robot_description//launch/display.launch.xml
[0.186s] -- Symlinking: /home/sven/ros2_ws/install/my_robot_description/share/my_robot_description//rviz/urdf_config.rviz
[0.190s] -- Symlinking: /home/sven/ros2_ws/install/my_robot_description/share/ament_index/resource_index/package_run_dependencies/my_robot_description
[0.194s] -- Symlinking: /home/sven/ros2_ws/install/my_robot_description/share/ament_index/resource_index/parent_prefix_path/my_robot_description
[0.198s] -- Symlinking: /home/sven/ros2_ws/install/my_robot_description/share/my_robot_description/environment/ament_prefix_path.sh
[0.203s] -- Symlinking: /home/sven/ros2_ws/install/my_robot_description/share/my_robot_description/environment/ament_prefix_path.dsv
[0.207s] -- Symlinking: /home/sven/ros2_ws/install/my_robot_description/share/my_robot_description/environment/path.sh
[0.211s] -- Symlinking: /home/sven/ros2_ws/install/my_robot_description/share/my_robot_description/environment/path.dsv
[0.215s] -- Symlinking: /home/sven/ros2_ws/install/my_robot_description/share/my_robot_description/local_setup.bash
[0.220s] -- Symlinking: /home/sven/ros2_ws/install/my_robot_description/share/my_robot_description/local_setup.sh
[0.224s] -- Symlinking: /home/sven/ros2_ws/install/my_robot_description/share/my_robot_description/local_setup.zsh
[0.228s] -- Symlinking: /home/sven/ros2_ws/install/my_robot_description/share/my_robot_description/local_setup.dsv
[0.233s] -- Symlinking: /home/sven/ros2_ws/install/my_robot_description/share/my_robot_description/package.dsv
[0.237s] -- Symlinking: /home/sven/ros2_ws/install/my_robot_description/share/ament_index/resource_index/packages/my_robot_description
[0.242s] -- Symlinking: /home/sven/ros2_ws/install/my_robot_description/share/my_robot_description/cmake/my_robot_descriptionConfig.cmake
[0.247s] -- Symlinking: /home/sven/ros2_ws/install/my_robot_description/share/my_robot_description/cmake/my_robot_descriptionConfig-version.cmake
[0.251s] -- Symlinking: /home/sven/ros2_ws/install/my_robot_description/share/my_robot_description/package.xml
[0.256s] Invoked command in '/home/sven/ros2_ws/build/my_robot_description' returned '0': CMAKE_PREFIX_PATH=${CMAKE_PREFIX_PATH}:/home/sven/ros2_ws/install/my_py_pkg:/opt/ros/humble /usr/bin/cmake --install /home/sven/ros2_ws/build/my_robot_description
