[0.155s] Invoking command in '/home/sven/ros2_ws/build/my_cpp_pkg': CMAKE_PREFIX_PATH=/home/sven/ros2_ws/install/my_robot_interfaces:/home/sven/ros2_ws/install/turtlesim_catch_them_all:/home/sven/ros2_ws/install/my_robot_bringup:/home/sven/ros2_ws/install/my_cpp_pkg:/home/sven/ros2_ws/install/actions_cpp:/home/sven/ros2_ws/install/my_robot_description:/home/sven/install/my_robot_description:/home/sven/ros2_ws/install/my_py_pkg:/home/sven/ros2_ws/install/actions_py:/opt/ros/humble LD_LIBRARY_PATH=/home/sven/ros2_ws/install/my_robot_interfaces/lib:/usr/lib/x86_64-linux-gnu/gazebo-11/plugins:/opt/ros/humble/opt/rviz_ogre_vendor/lib:/opt/ros/humble/lib/x86_64-linux-gnu:/opt/ros/humble/lib:/usr/share/gazebo/../../lib/x86_64-linux-gnu/gazebo-11/plugins /usr/bin/cmake --build /home/sven/ros2_ws/build/my_cpp_pkg -- -j20 -l20
[0.433s] [  9%] Built target cpp_node
[0.433s] [ 18%] Built target smartphone
[0.434s] [ 27%] Built target robot_news_station
[0.434s] [ 36%] Built target add_two_ints_client_no_oop
[0.434s] [ 45%] Built target led_panel_status_publisher
[0.434s] [ 54%] Built target number_counter
[0.434s] [ 63%] Built target hardware_status_publisher
[0.434s] [ 72%] Built target number_publisher
[0.434s] [ 90%] Built target battery
[0.434s] [ 90%] Built target add_two_ints_server
[0.434s] [100%] Built target add_two_ints_client
[0.437s] Invoked command in '/home/sven/ros2_ws/build/my_cpp_pkg' returned '0': CMAKE_PREFIX_PATH=/home/sven/ros2_ws/install/my_robot_interfaces:/home/sven/ros2_ws/install/turtlesim_catch_them_all:/home/sven/ros2_ws/install/my_robot_bringup:/home/sven/ros2_ws/install/my_cpp_pkg:/home/sven/ros2_ws/install/actions_cpp:/home/sven/ros2_ws/install/my_robot_description:/home/sven/install/my_robot_description:/home/sven/ros2_ws/install/my_py_pkg:/home/sven/ros2_ws/install/actions_py:/opt/ros/humble LD_LIBRARY_PATH=/home/sven/ros2_ws/install/my_robot_interfaces/lib:/usr/lib/x86_64-linux-gnu/gazebo-11/plugins:/opt/ros/humble/opt/rviz_ogre_vendor/lib:/opt/ros/humble/lib/x86_64-linux-gnu:/opt/ros/humble/lib:/usr/share/gazebo/../../lib/x86_64-linux-gnu/gazebo-11/plugins /usr/bin/cmake --build /home/sven/ros2_ws/build/my_cpp_pkg -- -j20 -l20
[0.483s] Invoking command in '/home/sven/ros2_ws/build/my_cpp_pkg': CMAKE_PREFIX_PATH=/home/sven/ros2_ws/install/my_robot_interfaces:/home/sven/ros2_ws/install/turtlesim_catch_them_all:/home/sven/ros2_ws/install/my_robot_bringup:/home/sven/ros2_ws/install/my_cpp_pkg:/home/sven/ros2_ws/install/actions_cpp:/home/sven/ros2_ws/install/my_robot_description:/home/sven/install/my_robot_description:/home/sven/ros2_ws/install/my_py_pkg:/home/sven/ros2_ws/install/actions_py:/opt/ros/humble LD_LIBRARY_PATH=/home/sven/ros2_ws/install/my_robot_interfaces/lib:/usr/lib/x86_64-linux-gnu/gazebo-11/plugins:/opt/ros/humble/opt/rviz_ogre_vendor/lib:/opt/ros/humble/lib/x86_64-linux-gnu:/opt/ros/humble/lib:/usr/share/gazebo/../../lib/x86_64-linux-gnu/gazebo-11/plugins /usr/bin/cmake --install /home/sven/ros2_ws/build/my_cpp_pkg
[0.487s] -- Install configuration: ""
[0.487s] -- Up-to-date: /home/sven/ros2_ws/install/my_cpp_pkg/lib/my_cpp_pkg/cpp_node
[0.487s] -- Up-to-date: /home/sven/ros2_ws/install/my_cpp_pkg/lib/my_cpp_pkg/robot_news_station
[0.488s] -- Up-to-date: /home/sven/ros2_ws/install/my_cpp_pkg/lib/my_cpp_pkg/smartphone
[0.488s] -- Up-to-date: /home/sven/ros2_ws/install/my_cpp_pkg/lib/my_cpp_pkg/number_publisher
[0.489s] -- Up-to-date: /home/sven/ros2_ws/install/my_cpp_pkg/lib/my_cpp_pkg/number_counter
[0.489s] -- Up-to-date: /home/sven/ros2_ws/install/my_cpp_pkg/lib/my_cpp_pkg/add_two_ints_server
[0.489s] -- Up-to-date: /home/sven/ros2_ws/install/my_cpp_pkg/lib/my_cpp_pkg/add_two_ints_client
[0.490s] -- Up-to-date: /home/sven/ros2_ws/install/my_cpp_pkg/lib/my_cpp_pkg/add_two_ints_client_no_oop
[0.490s] -- Up-to-date: /home/sven/ros2_ws/install/my_cpp_pkg/lib/my_cpp_pkg/hardware_status_publisher
[0.491s] -- Up-to-date: /home/sven/ros2_ws/install/my_cpp_pkg/lib/my_cpp_pkg/led_panel_status_publisher
[0.491s] -- Up-to-date: /home/sven/ros2_ws/install/my_cpp_pkg/lib/my_cpp_pkg/battery
[0.491s] -- Up-to-date: /home/sven/ros2_ws/install/my_cpp_pkg/share/ament_index/resource_index/package_run_dependencies/my_cpp_pkg
[0.491s] -- Up-to-date: /home/sven/ros2_ws/install/my_cpp_pkg/share/ament_index/resource_index/parent_prefix_path/my_cpp_pkg
[0.492s] -- Up-to-date: /home/sven/ros2_ws/install/my_cpp_pkg/share/my_cpp_pkg/environment/ament_prefix_path.sh
[0.492s] -- Up-to-date: /home/sven/ros2_ws/install/my_cpp_pkg/share/my_cpp_pkg/environment/ament_prefix_path.dsv
[0.492s] -- Up-to-date: /home/sven/ros2_ws/install/my_cpp_pkg/share/my_cpp_pkg/environment/path.sh
[0.492s] -- Up-to-date: /home/sven/ros2_ws/install/my_cpp_pkg/share/my_cpp_pkg/environment/path.dsv
[0.492s] -- Up-to-date: /home/sven/ros2_ws/install/my_cpp_pkg/share/my_cpp_pkg/local_setup.bash
[0.493s] -- Up-to-date: /home/sven/ros2_ws/install/my_cpp_pkg/share/my_cpp_pkg/local_setup.sh
[0.493s] -- Up-to-date: /home/sven/ros2_ws/install/my_cpp_pkg/share/my_cpp_pkg/local_setup.zsh
[0.493s] -- Up-to-date: /home/sven/ros2_ws/install/my_cpp_pkg/share/my_cpp_pkg/local_setup.dsv
[0.493s] -- Installing: /home/sven/ros2_ws/install/my_cpp_pkg/share/my_cpp_pkg/package.dsv
[0.493s] -- Up-to-date: /home/sven/ros2_ws/install/my_cpp_pkg/share/ament_index/resource_index/packages/my_cpp_pkg
[0.493s] -- Up-to-date: /home/sven/ros2_ws/install/my_cpp_pkg/share/my_cpp_pkg/cmake/my_cpp_pkgConfig.cmake
[0.493s] -- Up-to-date: /home/sven/ros2_ws/install/my_cpp_pkg/share/my_cpp_pkg/cmake/my_cpp_pkgConfig-version.cmake
[0.493s] -- Up-to-date: /home/sven/ros2_ws/install/my_cpp_pkg/share/my_cpp_pkg/package.xml
[0.494s] Invoked command in '/home/sven/ros2_ws/build/my_cpp_pkg' returned '0': CMAKE_PREFIX_PATH=/home/sven/ros2_ws/install/my_robot_interfaces:/home/sven/ros2_ws/install/turtlesim_catch_them_all:/home/sven/ros2_ws/install/my_robot_bringup:/home/sven/ros2_ws/install/my_cpp_pkg:/home/sven/ros2_ws/install/actions_cpp:/home/sven/ros2_ws/install/my_robot_description:/home/sven/install/my_robot_description:/home/sven/ros2_ws/install/my_py_pkg:/home/sven/ros2_ws/install/actions_py:/opt/ros/humble LD_LIBRARY_PATH=/home/sven/ros2_ws/install/my_robot_interfaces/lib:/usr/lib/x86_64-linux-gnu/gazebo-11/plugins:/opt/ros/humble/opt/rviz_ogre_vendor/lib:/opt/ros/humble/lib/x86_64-linux-gnu:/opt/ros/humble/lib:/usr/share/gazebo/../../lib/x86_64-linux-gnu/gazebo-11/plugins /usr/bin/cmake --install /home/sven/ros2_ws/build/my_cpp_pkg
