[0.395s] Invoking command in '/home/cleanseasolutions/ros2_ws/src/my_py_pkg': PYTHONPATH=/home/cleanseasolutions/ros2_ws/build/my_py_pkg/prefix_override:/home/cleanseasolutions/ros2_ws/install/my_py_pkg/lib/python3.10/site-packages:${PYTHONPATH} /usr/bin/python3 setup.py egg_info --egg-base ../../build/my_py_pkg build --build-base /home/cleanseasolutions/ros2_ws/build/my_py_pkg/build install --record /home/cleanseasolutions/ros2_ws/build/my_py_pkg/install.log --single-version-externally-managed
[0.520s] running egg_info
[0.521s] writing ../../build/my_py_pkg/my_py_pkg.egg-info/PKG-INFO
[0.521s] writing dependency_links to ../../build/my_py_pkg/my_py_pkg.egg-info/dependency_links.txt
[0.521s] writing entry points to ../../build/my_py_pkg/my_py_pkg.egg-info/entry_points.txt
[0.521s] writing requirements to ../../build/my_py_pkg/my_py_pkg.egg-info/requires.txt
[0.521s] writing top-level names to ../../build/my_py_pkg/my_py_pkg.egg-info/top_level.txt
[0.522s] reading manifest file '../../build/my_py_pkg/my_py_pkg.egg-info/SOURCES.txt'
[0.522s] writing manifest file '../../build/my_py_pkg/my_py_pkg.egg-info/SOURCES.txt'
[0.522s] running build
[0.522s] running build_py
[0.522s] copying my_py_pkg/my_first_node.py -> /home/cleanseasolutions/ros2_ws/build/my_py_pkg/build/lib/my_py_pkg
[0.522s] running install
[0.522s] running install_lib
[0.523s] copying /home/cleanseasolutions/ros2_ws/build/my_py_pkg/build/lib/my_py_pkg/my_first_node.py -> /home/cleanseasolutions/ros2_ws/install/my_py_pkg/lib/python3.10/site-packages/my_py_pkg
[0.523s] byte-compiling /home/cleanseasolutions/ros2_ws/install/my_py_pkg/lib/python3.10/site-packages/my_py_pkg/my_first_node.py to my_first_node.cpython-310.pyc
[0.524s] running install_data
[0.524s] running install_egg_info
[0.525s] removing '/home/cleanseasolutions/ros2_ws/install/my_py_pkg/lib/python3.10/site-packages/my_py_pkg-0.0.0-py3.10.egg-info' (and everything under it)
[0.526s] Copying ../../build/my_py_pkg/my_py_pkg.egg-info to /home/cleanseasolutions/ros2_ws/install/my_py_pkg/lib/python3.10/site-packages/my_py_pkg-0.0.0-py3.10.egg-info
[0.526s] running install_scripts
[0.539s] Installing py_node script to /home/cleanseasolutions/ros2_ws/install/my_py_pkg/lib/my_py_pkg
[0.539s] writing list of installed files to '/home/cleanseasolutions/ros2_ws/build/my_py_pkg/install.log'
[0.554s] Invoked command in '/home/cleanseasolutions/ros2_ws/src/my_py_pkg' returned '0': PYTHONPATH=/home/cleanseasolutions/ros2_ws/build/my_py_pkg/prefix_override:/home/cleanseasolutions/ros2_ws/install/my_py_pkg/lib/python3.10/site-packages:${PYTHONPATH} /usr/bin/python3 setup.py egg_info --egg-base ../../build/my_py_pkg build --build-base /home/cleanseasolutions/ros2_ws/build/my_py_pkg/build install --record /home/cleanseasolutions/ros2_ws/build/my_py_pkg/install.log --single-version-externally-managed
