[0.030s] Invoking command in '/home/cleanseasolutions/ros2_ws/build/my_robot_interfaces': CMAKE_PREFIX_PATH=${CMAKE_PREFIX_PATH}:/home/cleanseasolutions/ros2_ws/install/my_py_pkg:/opt/ros/humble /usr/bin/cmake --build /home/cleanseasolutions/ros2_ws/build/my_robot_interfaces -- -j16 -l16
[0.044s] -- Found ament_cmake: 1.3.7 (/opt/ros/humble/share/ament_cmake/cmake)
[0.125s] -- Found rosidl_default_generators: 1.2.0 (/opt/ros/humble/share/rosidl_default_generators/cmake)
[0.126s] -- Using all available rosidl_typesupport_c: rosidl_typesupport_fastrtps_c;rosidl_typesupport_introspection_c
[0.127s] -- Found rosidl_adapter: 3.1.5 (/opt/ros/humble/share/rosidl_adapter/cmake)
[0.145s] -- Using all available rosidl_typesupport_cpp: rosidl_typesupport_fastrtps_cpp;rosidl_typesupport_introspection_cpp
[0.257s] [31mCMake Error at /opt/ros/humble/share/rosidl_adapter/cmake/rosidl_adapt_interfaces.cmake:59 (message):
[0.257s]   execute_process(/usr/bin/python3.10 -m rosidl_adapter --package-name
[0.258s]   my_robot_interfaces --arguments-file
[0.258s]   /home/cleanseasolutions/ros2_ws/build/my_robot_interfaces/rosidl_adapter__arguments__my_robot_interfaces.json
[0.258s]   --output-dir
[0.258s]   /home/cleanseasolutions/ros2_ws/build/my_robot_interfaces/rosidl_adapter/my_robot_interfaces
[0.258s]   --output-file
[0.258s]   /home/cleanseasolutions/ros2_ws/build/my_robot_interfaces/rosidl_adapter/my_robot_interfaces.idls)
[0.258s]   returned error code 1:
[0.258s] 
[0.258s]   Error processing 'int8[] LED_status' of 'my_robot_interfaces/LEDStatus':
[0.258s]   ''LED_status' is an invalid field name.  It should have the pattern
[0.258s]   '^(?!.*__)(?!.*_$)[a-z][a-z0-9_]*$''
[0.258s] 
[0.258s]   Traceback (most recent call last):
[0.258s] 
[0.258s]     File "/usr/lib/python3.10/runpy.py", line 196, in _run_module_as_main
[0.258s]       return _run_code(code, main_globals, None,
[0.258s]     File "/usr/lib/python3.10/runpy.py", line 86, in _run_code
[0.258s]       exec(code, run_globals)
[0.258s]     File "/opt/ros/humble/local/lib/python3.10/dist-packages/rosidl_adapter/__main__.py", line 19, in <module>
[0.258s]       sys.exit(main())
[0.258s]     File "/opt/ros/humble/local/lib/python3.10/dist-packages/rosidl_adapter/main.py", line 53, in main
[0.258s]       abs_idl_file = convert_to_idl(
[0.258s]     File "/opt/ros/humble/local/lib/python3.10/dist-packages/rosidl_adapter/__init__.py", line 19, in convert_to_idl
[0.258s]       return convert_msg_to_idl(
[0.258s]     File "/opt/ros/humble/local/lib/python3.10/dist-packages/rosidl_adapter/msg/__init__.py", line 28, in convert_msg_to_idl
[0.258s]       msg = parse_message_string(package_name, input_file.stem, content)
[0.258s]     File "/opt/ros/humble/local/lib/python3.10/dist-packages/rosidl_adapter/parser.py", line 519, in parse_message_string
[0.258s]       fields.append(Field(
[0.258s]     File "/opt/ros/humble/local/lib/python3.10/dist-packages/rosidl_adapter/parser.py", line 354, in __init__
[0.258s]       raise NameError(
[0.258s] 
[0.258s]   NameError: 'LED_status' is an invalid field name.  It should have the
[0.258s]   pattern '^(?!.*__)(?!.*_$)[a-z][a-z0-9_]*$'
[0.258s] 
[0.258s] Call Stack (most recent call first):
[0.258s]   /opt/ros/humble/share/rosidl_cmake/cmake/rosidl_generate_interfaces.cmake:130 (rosidl_adapt_interfaces)
[0.258s]   CMakeLists.txt:12 (rosidl_generate_interfaces)
[0.258s] 
[0.258s] [0m
[0.258s] -- Configuring incomplete, errors occurred!
[0.258s] See also "/home/cleanseasolutions/ros2_ws/build/my_robot_interfaces/CMakeFiles/CMakeOutput.log".
[0.261s] gmake: *** [Makefile:963: cmake_check_build_system] Error 1
[0.262s] Invoked command in '/home/cleanseasolutions/ros2_ws/build/my_robot_interfaces' returned '2': CMAKE_PREFIX_PATH=${CMAKE_PREFIX_PATH}:/home/cleanseasolutions/ros2_ws/install/my_py_pkg:/opt/ros/humble /usr/bin/cmake --build /home/cleanseasolutions/ros2_ws/build/my_robot_interfaces -- -j16 -l16
