[0.387s] Invoking command in '/home/sven/ros2_ws/src/my_py_pkg': CMAKE_PREFIX_PATH=/home/sven/ros2_ws/install/my_robot_interfaces:/home/sven/ros2_ws/install/turtlesim_catch_them_all:/home/sven/ros2_ws/install/my_robot_bringup:/home/sven/ros2_ws/install/my_cpp_pkg LD_LIBRARY_PATH=/home/sven/ros2_ws/install/my_robot_interfaces/lib:/usr/lib/x86_64-linux-gnu/gazebo-11/plugins:/opt/ros/humble/opt/rviz_ogre_vendor/lib:/opt/ros/humble/lib/x86_64-linux-gnu:/opt/ros/humble/lib:/usr/share/gazebo/../../lib/x86_64-linux-gnu/gazebo-11/plugins PYTHONPATH=/home/sven/ros2_ws/build/my_py_pkg/prefix_override:/home/sven/ros2_ws/install/my_py_pkg/lib/python3.10/site-packages:${PYTHONPATH} /usr/bin/python3 setup.py egg_info --egg-base ../../build/my_py_pkg build --build-base /home/sven/ros2_ws/build/my_py_pkg/build install --record /home/sven/ros2_ws/build/my_py_pkg/install.log --single-version-externally-managed
[0.497s] running egg_info
[0.498s] writing ../../build/my_py_pkg/my_py_pkg.egg-info/PKG-INFO
[0.498s] writing dependency_links to ../../build/my_py_pkg/my_py_pkg.egg-info/dependency_links.txt
[0.498s] writing entry points to ../../build/my_py_pkg/my_py_pkg.egg-info/entry_points.txt
[0.498s] writing requirements to ../../build/my_py_pkg/my_py_pkg.egg-info/requires.txt
[0.498s] writing top-level names to ../../build/my_py_pkg/my_py_pkg.egg-info/top_level.txt
[0.499s] reading manifest file '../../build/my_py_pkg/my_py_pkg.egg-info/SOURCES.txt'
[0.508s] writing manifest file '../../build/my_py_pkg/my_py_pkg.egg-info/SOURCES.txt'
[0.508s] running build
[0.508s] running build_py
[0.508s] running install
[0.508s] /usr/lib/python3/dist-packages/setuptools/command/install.py:34: SetuptoolsDeprecationWarning: setup.py install is deprecated. Use build and pip and other standards-based tools.
[0.508s]   warnings.warn(
[0.508s] running install_lib
[0.509s] running install_data
[0.509s] running install_egg_info
[0.510s] removing '/home/sven/ros2_ws/install/my_py_pkg/lib/python3.10/site-packages/my_py_pkg-0.0.0-py3.10.egg-info' (and everything under it)
[0.511s] Copying ../../build/my_py_pkg/my_py_pkg.egg-info to /home/sven/ros2_ws/install/my_py_pkg/lib/python3.10/site-packages/my_py_pkg-0.0.0-py3.10.egg-info
[0.511s] running install_scripts
[0.522s] Installing add_two_ints_client script to /home/sven/ros2_ws/install/my_py_pkg/lib/my_py_pkg
[0.522s] Installing add_two_ints_client_no_oop script to /home/sven/ros2_ws/install/my_py_pkg/lib/my_py_pkg
[0.523s] Installing add_two_ints_server script to /home/sven/ros2_ws/install/my_py_pkg/lib/my_py_pkg
[0.523s] Installing hw_status_publisher script to /home/sven/ros2_ws/install/my_py_pkg/lib/my_py_pkg
[0.523s] Installing number_counter script to /home/sven/ros2_ws/install/my_py_pkg/lib/my_py_pkg
[0.523s] Installing number_publisher script to /home/sven/ros2_ws/install/my_py_pkg/lib/my_py_pkg
[0.523s] Installing py_node script to /home/sven/ros2_ws/install/my_py_pkg/lib/my_py_pkg
[0.523s] Installing robot_news_station script to /home/sven/ros2_ws/install/my_py_pkg/lib/my_py_pkg
[0.523s] Installing smartphone script to /home/sven/ros2_ws/install/my_py_pkg/lib/my_py_pkg
[0.523s] writing list of installed files to '/home/sven/ros2_ws/build/my_py_pkg/install.log'
[0.537s] Invoked command in '/home/sven/ros2_ws/src/my_py_pkg' returned '0': CMAKE_PREFIX_PATH=/home/sven/ros2_ws/install/my_robot_interfaces:/home/sven/ros2_ws/install/turtlesim_catch_them_all:/home/sven/ros2_ws/install/my_robot_bringup:/home/sven/ros2_ws/install/my_cpp_pkg LD_LIBRARY_PATH=/home/sven/ros2_ws/install/my_robot_interfaces/lib:/usr/lib/x86_64-linux-gnu/gazebo-11/plugins:/opt/ros/humble/opt/rviz_ogre_vendor/lib:/opt/ros/humble/lib/x86_64-linux-gnu:/opt/ros/humble/lib:/usr/share/gazebo/../../lib/x86_64-linux-gnu/gazebo-11/plugins PYTHONPATH=/home/sven/ros2_ws/build/my_py_pkg/prefix_override:/home/sven/ros2_ws/install/my_py_pkg/lib/python3.10/site-packages:${PYTHONPATH} /usr/bin/python3 setup.py egg_info --egg-base ../../build/my_py_pkg build --build-base /home/sven/ros2_ws/build/my_py_pkg/build install --record /home/sven/ros2_ws/build/my_py_pkg/install.log --single-version-externally-managed
