[0.033s] Invoking command in '/home/cleanseasolutions/ros2_ws/build/turtlesim_catch_them_all': CMAKE_PREFIX_PATH=/home/cleanseasolutions/ros2_ws/install/my_robot_interfaces:/home/cleanseasolutions/ros2_ws/install/turtlesim_catch_them_all:/home/cleanseasolutions/ros2_ws/install/my_robot_bringup:/home/cleanseasolutions/ros2_ws/install/my_cpp_pkg:/home/cleanseasolutions/ros2_ws/install/my_py_pkg:/opt/ros/humble /usr/bin/cmake --build /home/cleanseasolutions/ros2_ws/build/turtlesim_catch_them_all -- -j16 -l16
[0.057s] [35m[1mConsolidate compiler generated dependencies of target turtle_spawner[0m
[0.064s] [ 50%] Built target turtle_controller
[0.066s] [ 75%] [32mBuilding CXX object CMakeFiles/turtle_spawner.dir/src/turtle_spawner_node.cpp.o[0m
[1.229s] [01m[K/home/cleanseasolutions/ros2_ws/src/turtlesim_catch_them_all/src/turtle_spawner_node.cpp:[m[K In member function ‘[01m[Kvoid TurtleSpawnerNode::publishTurtleArray()[m[K’:
[1.229s] [01m[K/home/cleanseasolutions/ros2_ws/src/turtlesim_catch_them_all/src/turtle_spawner_node.cpp:40:23:[m[K [01;31m[Kerror: [m[Kno match for ‘[01m[Koperator=[m[K’ (operand types are ‘[01m[Kmy_robot_interfaces::msg::TurtleArray_<std::allocator<void> >::_turtles_type[m[K’ {aka ‘[01m[Kstd::vector<my_robot_interfaces::msg::Turtle_<std::allocator<void> >, std::allocator<my_robot_interfaces::msg::Turtle_<std::allocator<void> > > >[m[K’} and ‘[01m[Kmy_robot_interfaces::msg::TurtleArray[m[K’ {aka ‘[01m[Kmy_robot_interfaces::msg::TurtleArray_<std::allocator<void> >[m[K’})
[1.229s]    40 |         msg.turtles = [01;31m[Kturtles_[m[K; // TODO: Replace with turtles_[] (list of alive turtles)
[1.229s]       |                       [01;31m[K^~~~~~~~[m[K
[1.230s] In file included from [01m[K/usr/include/c++/11/vector:72[m[K,
[1.230s]                  from [01m[K/usr/include/c++/11/functional:62[m[K,
[1.230s]                  from [01m[K/usr/include/c++/11/pstl/glue_algorithm_defs.h:13[m[K,
[1.230s]                  from [01m[K/usr/include/c++/11/algorithm:74[m[K,
[1.230s]                  from [01m[K/opt/ros/humble/include/rclcpp/rclcpp/executor.hpp:18[m[K,
[1.230s]                  from [01m[K/opt/ros/humble/include/rclcpp/rclcpp/executors/multi_threaded_executor.hpp:25[m[K,
[1.230s]                  from [01m[K/opt/ros/humble/include/rclcpp/rclcpp/executors.hpp:21[m[K,
[1.230s]                  from [01m[K/opt/ros/humble/include/rclcpp/rclcpp/rclcpp.hpp:155[m[K,
[1.230s]                  from [01m[K/home/cleanseasolutions/ros2_ws/src/turtlesim_catch_them_all/src/turtle_spawner_node.cpp:1[m[K:
[1.230s] [01m[K/usr/include/c++/11/bits/vector.tcc:198:5:[m[K [01;36m[Knote: [m[Kcandidate: ‘[01m[Kstd::vector<_Tp, _Alloc>& std::vector<_Tp, _Alloc>::operator=(const std::vector<_Tp, _Alloc>&) [with _Tp = my_robot_interfaces::msg::Turtle_<std::allocator<void> >; _Alloc = std::allocator<my_robot_interfaces::msg::Turtle_<std::allocator<void> > >][m[K’
[1.230s]   198 |     [01;36m[Kvector<_Tp, _Alloc>[m[K::
[1.230s]       |     [01;36m[K^~~~~~~~~~~~~~~~~~~[m[K
[1.230s] [01m[K/usr/include/c++/11/bits/vector.tcc:199:42:[m[K [01;36m[Knote: [m[K  no known conversion for argument 1 from ‘[01m[Kmy_robot_interfaces::msg::TurtleArray[m[K’ {aka ‘[01m[Kmy_robot_interfaces::msg::TurtleArray_<std::allocator<void> >[m[K’} to ‘[01m[Kconst std::vector<my_robot_interfaces::msg::Turtle_<std::allocator<void> >, std::allocator<my_robot_interfaces::msg::Turtle_<std::allocator<void> > > >&[m[K’
[1.230s]   199 |     operator=([01;36m[Kconst vector<_Tp, _Alloc>& __x[m[K)
[1.230s]       |               [01;36m[K~~~~~~~~~~~~~~~~~~~~~~~~~~~^~~[m[K
[1.230s] In file included from [01m[K/usr/include/c++/11/vector:67[m[K,
[1.230s]                  from [01m[K/usr/include/c++/11/functional:62[m[K,
[1.230s]                  from [01m[K/usr/include/c++/11/pstl/glue_algorithm_defs.h:13[m[K,
[1.230s]                  from [01m[K/usr/include/c++/11/algorithm:74[m[K,
[1.230s]                  from [01m[K/opt/ros/humble/include/rclcpp/rclcpp/executor.hpp:18[m[K,
[1.230s]                  from [01m[K/opt/ros/humble/include/rclcpp/rclcpp/executors/multi_threaded_executor.hpp:25[m[K,
[1.230s]                  from [01m[K/opt/ros/humble/include/rclcpp/rclcpp/executors.hpp:21[m[K,
[1.230s]                  from [01m[K/opt/ros/humble/include/rclcpp/rclcpp/rclcpp.hpp:155[m[K,
[1.230s]                  from [01m[K/home/cleanseasolutions/ros2_ws/src/turtlesim_catch_them_all/src/turtle_spawner_node.cpp:1[m[K:
[1.230s] [01m[K/usr/include/c++/11/bits/stl_vector.h:709:7:[m[K [01;36m[Knote: [m[Kcandidate: ‘[01m[Kstd::vector<_Tp, _Alloc>& std::vector<_Tp, _Alloc>::operator=(std::vector<_Tp, _Alloc>&&) [with _Tp = my_robot_interfaces::msg::Turtle_<std::allocator<void> >; _Alloc = std::allocator<my_robot_interfaces::msg::Turtle_<std::allocator<void> > >][m[K’
[1.230s]   709 |       [01;36m[Koperator[m[K=(vector&& __x) noexcept(_Alloc_traits::_S_nothrow_move())
[1.230s]       |       [01;36m[K^~~~~~~~[m[K
[1.230s] [01m[K/usr/include/c++/11/bits/stl_vector.h:709:26:[m[K [01;36m[Knote: [m[K  no known conversion for argument 1 from ‘[01m[Kmy_robot_interfaces::msg::TurtleArray[m[K’ {aka ‘[01m[Kmy_robot_interfaces::msg::TurtleArray_<std::allocator<void> >[m[K’} to ‘[01m[Kstd::vector<my_robot_interfaces::msg::Turtle_<std::allocator<void> >, std::allocator<my_robot_interfaces::msg::Turtle_<std::allocator<void> > > >&&[m[K’
[1.230s]   709 |       operator=([01;36m[Kvector&& __x[m[K) noexcept(_Alloc_traits::_S_nothrow_move())
[1.230s]       |                 [01;36m[K~~~~~~~~~^~~[m[K
[1.230s] [01m[K/usr/include/c++/11/bits/stl_vector.h:730:7:[m[K [01;36m[Knote: [m[Kcandidate: ‘[01m[Kstd::vector<_Tp, _Alloc>& std::vector<_Tp, _Alloc>::operator=(std::initializer_list<_Tp>) [with _Tp = my_robot_interfaces::msg::Turtle_<std::allocator<void> >; _Alloc = std::allocator<my_robot_interfaces::msg::Turtle_<std::allocator<void> > >][m[K’
[1.231s]   730 |       [01;36m[Koperator[m[K=(initializer_list<value_type> __l)
[1.231s]       |       [01;36m[K^~~~~~~~[m[K
[1.231s] [01m[K/usr/include/c++/11/bits/stl_vector.h:730:46:[m[K [01;36m[Knote: [m[K  no known conversion for argument 1 from ‘[01m[Kmy_robot_interfaces::msg::TurtleArray[m[K’ {aka ‘[01m[Kmy_robot_interfaces::msg::TurtleArray_<std::allocator<void> >[m[K’} to ‘[01m[Kstd::initializer_list<my_robot_interfaces::msg::Turtle_<std::allocator<void> > >[m[K’
[1.231s]   730 |       operator=([01;36m[Kinitializer_list<value_type> __l[m[K)
[1.231s]       |                 [01;36m[K~~~~~~~~~~~~~~~~~~~~~~~~~~~~~^~~[m[K
[1.781s] gmake[2]: *** [CMakeFiles/turtle_spawner.dir/build.make:76: CMakeFiles/turtle_spawner.dir/src/turtle_spawner_node.cpp.o] Error 1
[1.781s] gmake[1]: *** [CMakeFiles/Makefile2:165: CMakeFiles/turtle_spawner.dir/all] Error 2
[1.781s] gmake: *** [Makefile:146: all] Error 2
[1.784s] Invoked command in '/home/cleanseasolutions/ros2_ws/build/turtlesim_catch_them_all' returned '2': CMAKE_PREFIX_PATH=/home/cleanseasolutions/ros2_ws/install/my_robot_interfaces:/home/cleanseasolutions/ros2_ws/install/turtlesim_catch_them_all:/home/cleanseasolutions/ros2_ws/install/my_robot_bringup:/home/cleanseasolutions/ros2_ws/install/my_cpp_pkg:/home/cleanseasolutions/ros2_ws/install/my_py_pkg:/opt/ros/humble /usr/bin/cmake --build /home/cleanseasolutions/ros2_ws/build/turtlesim_catch_them_all -- -j16 -l16
