[0.187s] Invoking command in '/home/sven/ros2_ws/src/build/my_cpp_pkg': AMENT_PREFIX_PATH=/home/sven/ros2_ws/src/install/my_robot_interfaces:${AMENT_PREFIX_PATH} CMAKE_PREFIX_PATH=/home/sven/ros2_ws/src/install/my_robot_interfaces:/home/sven/ros2_ws/install/turtlesim_catch_them_all:/home/sven/ros2_ws/install/my_robot_bringup:/home/sven/ros2_ws/install/my_cpp_pkg:/home/sven/ros2_ws/install/actions_cpp:/home/sven/ros2_ws/install/my_robot_interfaces:/home/sven/ros2_ws/install/my_robot_description:/home/sven/install/my_robot_description:/home/sven/ros2_ws/install/my_py_pkg:/home/sven/ros2_ws/install/actions_py:/opt/ros/humble LD_LIBRARY_PATH=/home/sven/ros2_ws/src/install/my_robot_interfaces/lib:/home/sven/ros2_ws/install/my_robot_interfaces/lib:/usr/lib/x86_64-linux-gnu/gazebo-11/plugins:/opt/ros/humble/opt/rviz_ogre_vendor/lib:/opt/ros/humble/lib/x86_64-linux-gnu:/opt/ros/humble/lib:/usr/share/gazebo/../../lib/x86_64-linux-gnu/gazebo-11/plugins PYTHONPATH=/home/sven/ros2_ws/src/install/my_robot_interfaces/local/lib/python3.10/dist-packages:${PYTHONPATH} /usr/bin/cmake --build /home/sven/ros2_ws/src/build/my_cpp_pkg -- -j20 -l20
[0.535s] [35m[1mConsolidate compiler generated dependencies of target hardware_status_publisher[0m
[0.536s] [35m[1mConsolidate compiler generated dependencies of target battery[0m
[0.536s] [35m[1mConsolidate compiler generated dependencies of target led_panel_status_publisher[0m
[0.537s] [ 36%] Built target robot_news_station
[0.537s] [ 36%] Built target add_two_ints_client
[0.537s] [ 36%] Built target smartphone
[0.538s] [ 40%] Built target add_two_ints_server
[0.538s] [ 50%] Built target number_publisher
[0.538s] [ 59%] Built target number_counter
[0.538s] [ 63%] Built target cpp_node
[0.538s] [ 72%] Built target battery
[0.538s] [ 81%] Built target add_two_ints_client_no_oop
[0.539s] [ 90%] Built target hardware_status_publisher
[0.539s] [100%] Built target led_panel_status_publisher
[0.544s] Invoked command in '/home/sven/ros2_ws/src/build/my_cpp_pkg' returned '0': AMENT_PREFIX_PATH=/home/sven/ros2_ws/src/install/my_robot_interfaces:${AMENT_PREFIX_PATH} CMAKE_PREFIX_PATH=/home/sven/ros2_ws/src/install/my_robot_interfaces:/home/sven/ros2_ws/install/turtlesim_catch_them_all:/home/sven/ros2_ws/install/my_robot_bringup:/home/sven/ros2_ws/install/my_cpp_pkg:/home/sven/ros2_ws/install/actions_cpp:/home/sven/ros2_ws/install/my_robot_interfaces:/home/sven/ros2_ws/install/my_robot_description:/home/sven/install/my_robot_description:/home/sven/ros2_ws/install/my_py_pkg:/home/sven/ros2_ws/install/actions_py:/opt/ros/humble LD_LIBRARY_PATH=/home/sven/ros2_ws/src/install/my_robot_interfaces/lib:/home/sven/ros2_ws/install/my_robot_interfaces/lib:/usr/lib/x86_64-linux-gnu/gazebo-11/plugins:/opt/ros/humble/opt/rviz_ogre_vendor/lib:/opt/ros/humble/lib/x86_64-linux-gnu:/opt/ros/humble/lib:/usr/share/gazebo/../../lib/x86_64-linux-gnu/gazebo-11/plugins PYTHONPATH=/home/sven/ros2_ws/src/install/my_robot_interfaces/local/lib/python3.10/dist-packages:${PYTHONPATH} /usr/bin/cmake --build /home/sven/ros2_ws/src/build/my_cpp_pkg -- -j20 -l20
[0.601s] Invoking command in '/home/sven/ros2_ws/src/build/my_cpp_pkg': AMENT_PREFIX_PATH=/home/sven/ros2_ws/src/install/my_robot_interfaces:${AMENT_PREFIX_PATH} CMAKE_PREFIX_PATH=/home/sven/ros2_ws/src/install/my_robot_interfaces:/home/sven/ros2_ws/install/turtlesim_catch_them_all:/home/sven/ros2_ws/install/my_robot_bringup:/home/sven/ros2_ws/install/my_cpp_pkg:/home/sven/ros2_ws/install/actions_cpp:/home/sven/ros2_ws/install/my_robot_interfaces:/home/sven/ros2_ws/install/my_robot_description:/home/sven/install/my_robot_description:/home/sven/ros2_ws/install/my_py_pkg:/home/sven/ros2_ws/install/actions_py:/opt/ros/humble LD_LIBRARY_PATH=/home/sven/ros2_ws/src/install/my_robot_interfaces/lib:/home/sven/ros2_ws/install/my_robot_interfaces/lib:/usr/lib/x86_64-linux-gnu/gazebo-11/plugins:/opt/ros/humble/opt/rviz_ogre_vendor/lib:/opt/ros/humble/lib/x86_64-linux-gnu:/opt/ros/humble/lib:/usr/share/gazebo/../../lib/x86_64-linux-gnu/gazebo-11/plugins PYTHONPATH=/home/sven/ros2_ws/src/install/my_robot_interfaces/local/lib/python3.10/dist-packages:${PYTHONPATH} /usr/bin/cmake --install /home/sven/ros2_ws/src/build/my_cpp_pkg
[0.604s] -- Install configuration: ""
[0.604s] -- Up-to-date: /home/sven/ros2_ws/src/install/my_cpp_pkg/lib/my_cpp_pkg/cpp_node
[0.604s] -- Up-to-date: /home/sven/ros2_ws/src/install/my_cpp_pkg/lib/my_cpp_pkg/robot_news_station
[0.604s] -- Up-to-date: /home/sven/ros2_ws/src/install/my_cpp_pkg/lib/my_cpp_pkg/smartphone
[0.605s] -- Up-to-date: /home/sven/ros2_ws/src/install/my_cpp_pkg/lib/my_cpp_pkg/number_publisher
[0.605s] -- Up-to-date: /home/sven/ros2_ws/src/install/my_cpp_pkg/lib/my_cpp_pkg/number_counter
[0.605s] -- Up-to-date: /home/sven/ros2_ws/src/install/my_cpp_pkg/lib/my_cpp_pkg/add_two_ints_server
[0.605s] -- Up-to-date: /home/sven/ros2_ws/src/install/my_cpp_pkg/lib/my_cpp_pkg/add_two_ints_client
[0.605s] -- Up-to-date: /home/sven/ros2_ws/src/install/my_cpp_pkg/lib/my_cpp_pkg/add_two_ints_client_no_oop
[0.605s] -- Up-to-date: /home/sven/ros2_ws/src/install/my_cpp_pkg/lib/my_cpp_pkg/hardware_status_publisher
[0.605s] -- Up-to-date: /home/sven/ros2_ws/src/install/my_cpp_pkg/lib/my_cpp_pkg/led_panel_status_publisher
[0.605s] -- Up-to-date: /home/sven/ros2_ws/src/install/my_cpp_pkg/lib/my_cpp_pkg/battery
[0.606s] -- Up-to-date: /home/sven/ros2_ws/src/install/my_cpp_pkg/share/ament_index/resource_index/package_run_dependencies/my_cpp_pkg
[0.606s] -- Up-to-date: /home/sven/ros2_ws/src/install/my_cpp_pkg/share/ament_index/resource_index/parent_prefix_path/my_cpp_pkg
[0.606s] -- Up-to-date: /home/sven/ros2_ws/src/install/my_cpp_pkg/share/my_cpp_pkg/environment/ament_prefix_path.sh
[0.606s] -- Up-to-date: /home/sven/ros2_ws/src/install/my_cpp_pkg/share/my_cpp_pkg/environment/ament_prefix_path.dsv
[0.606s] -- Up-to-date: /home/sven/ros2_ws/src/install/my_cpp_pkg/share/my_cpp_pkg/environment/path.sh
[0.606s] -- Up-to-date: /home/sven/ros2_ws/src/install/my_cpp_pkg/share/my_cpp_pkg/environment/path.dsv
[0.606s] -- Up-to-date: /home/sven/ros2_ws/src/install/my_cpp_pkg/share/my_cpp_pkg/local_setup.bash
[0.606s] -- Up-to-date: /home/sven/ros2_ws/src/install/my_cpp_pkg/share/my_cpp_pkg/local_setup.sh
[0.606s] -- Up-to-date: /home/sven/ros2_ws/src/install/my_cpp_pkg/share/my_cpp_pkg/local_setup.zsh
[0.606s] -- Up-to-date: /home/sven/ros2_ws/src/install/my_cpp_pkg/share/my_cpp_pkg/local_setup.dsv
[0.606s] -- Installing: /home/sven/ros2_ws/src/install/my_cpp_pkg/share/my_cpp_pkg/package.dsv
[0.606s] -- Up-to-date: /home/sven/ros2_ws/src/install/my_cpp_pkg/share/ament_index/resource_index/packages/my_cpp_pkg
[0.607s] -- Up-to-date: /home/sven/ros2_ws/src/install/my_cpp_pkg/share/my_cpp_pkg/cmake/my_cpp_pkgConfig.cmake
[0.607s] -- Up-to-date: /home/sven/ros2_ws/src/install/my_cpp_pkg/share/my_cpp_pkg/cmake/my_cpp_pkgConfig-version.cmake
[0.607s] -- Up-to-date: /home/sven/ros2_ws/src/install/my_cpp_pkg/share/my_cpp_pkg/package.xml
[0.608s] Invoked command in '/home/sven/ros2_ws/src/build/my_cpp_pkg' returned '0': AMENT_PREFIX_PATH=/home/sven/ros2_ws/src/install/my_robot_interfaces:${AMENT_PREFIX_PATH} CMAKE_PREFIX_PATH=/home/sven/ros2_ws/src/install/my_robot_interfaces:/home/sven/ros2_ws/install/turtlesim_catch_them_all:/home/sven/ros2_ws/install/my_robot_bringup:/home/sven/ros2_ws/install/my_cpp_pkg:/home/sven/ros2_ws/install/actions_cpp:/home/sven/ros2_ws/install/my_robot_interfaces:/home/sven/ros2_ws/install/my_robot_description:/home/sven/install/my_robot_description:/home/sven/ros2_ws/install/my_py_pkg:/home/sven/ros2_ws/install/actions_py:/opt/ros/humble LD_LIBRARY_PATH=/home/sven/ros2_ws/src/install/my_robot_interfaces/lib:/home/sven/ros2_ws/install/my_robot_interfaces/lib:/usr/lib/x86_64-linux-gnu/gazebo-11/plugins:/opt/ros/humble/opt/rviz_ogre_vendor/lib:/opt/ros/humble/lib/x86_64-linux-gnu:/opt/ros/humble/lib:/usr/share/gazebo/../../lib/x86_64-linux-gnu/gazebo-11/plugins PYTHONPATH=/home/sven/ros2_ws/src/install/my_robot_interfaces/local/lib/python3.10/dist-packages:${PYTHONPATH} /usr/bin/cmake --install /home/sven/ros2_ws/src/build/my_cpp_pkg
