[0.416s] Invoking command in '/home/cleanseasolutions/ros2_ws/src/my_py_pkg': PYTHONPATH=/home/cleanseasolutions/ros2_ws/build/my_py_pkg/prefix_override:/home/cleanseasolutions/ros2_ws/install/my_py_pkg/lib/python3.10/site-packages:${PYTHONPATH} /usr/bin/python3 setup.py egg_info --egg-base ../../build/my_py_pkg build --build-base /home/cleanseasolutions/ros2_ws/build/my_py_pkg/build install --record /home/cleanseasolutions/ros2_ws/build/my_py_pkg/install.log --single-version-externally-managed
[0.545s] running egg_info
[0.546s] writing ../../build/my_py_pkg/my_py_pkg.egg-info/PKG-INFO
[0.546s] writing dependency_links to ../../build/my_py_pkg/my_py_pkg.egg-info/dependency_links.txt
[0.546s] writing entry points to ../../build/my_py_pkg/my_py_pkg.egg-info/entry_points.txt
[0.546s] writing requirements to ../../build/my_py_pkg/my_py_pkg.egg-info/requires.txt
[0.546s] writing top-level names to ../../build/my_py_pkg/my_py_pkg.egg-info/top_level.txt
[0.547s] reading manifest file '../../build/my_py_pkg/my_py_pkg.egg-info/SOURCES.txt'
[0.547s] writing manifest file '../../build/my_py_pkg/my_py_pkg.egg-info/SOURCES.txt'
[0.548s] running build
[0.548s] running build_py
[0.548s] running install
[0.548s] running install_lib
[0.549s] running install_data
[0.549s] running install_egg_info
[0.551s] removing '/home/cleanseasolutions/ros2_ws/install/my_py_pkg/lib/python3.10/site-packages/my_py_pkg-0.0.0-py3.10.egg-info' (and everything under it)
[0.551s] Copying ../../build/my_py_pkg/my_py_pkg.egg-info to /home/cleanseasolutions/ros2_ws/install/my_py_pkg/lib/python3.10/site-packages/my_py_pkg-0.0.0-py3.10.egg-info
[0.551s] running install_scripts
[0.563s] Installing add_two_ints_client script to /home/cleanseasolutions/ros2_ws/install/my_py_pkg/lib/my_py_pkg
[0.563s] Installing add_two_ints_client_no_oop script to /home/cleanseasolutions/ros2_ws/install/my_py_pkg/lib/my_py_pkg
[0.563s] Installing add_two_ints_server script to /home/cleanseasolutions/ros2_ws/install/my_py_pkg/lib/my_py_pkg
[0.563s] Installing number_counter script to /home/cleanseasolutions/ros2_ws/install/my_py_pkg/lib/my_py_pkg
[0.563s] Installing number_publisher script to /home/cleanseasolutions/ros2_ws/install/my_py_pkg/lib/my_py_pkg
[0.563s] Installing py_node script to /home/cleanseasolutions/ros2_ws/install/my_py_pkg/lib/my_py_pkg
[0.563s] Installing robot_news_station script to /home/cleanseasolutions/ros2_ws/install/my_py_pkg/lib/my_py_pkg
[0.563s] Installing smartphone script to /home/cleanseasolutions/ros2_ws/install/my_py_pkg/lib/my_py_pkg
[0.563s] writing list of installed files to '/home/cleanseasolutions/ros2_ws/build/my_py_pkg/install.log'
[0.580s] Invoked command in '/home/cleanseasolutions/ros2_ws/src/my_py_pkg' returned '0': PYTHONPATH=/home/cleanseasolutions/ros2_ws/build/my_py_pkg/prefix_override:/home/cleanseasolutions/ros2_ws/install/my_py_pkg/lib/python3.10/site-packages:${PYTHONPATH} /usr/bin/python3 setup.py egg_info --egg-base ../../build/my_py_pkg build --build-base /home/cleanseasolutions/ros2_ws/build/my_py_pkg/build install --record /home/cleanseasolutions/ros2_ws/build/my_py_pkg/install.log --single-version-externally-managed
