[01m[K/home/sven/ros2_ws/src/actions_cpp/src/move_robot_server.cpp:[m[K In constructor ‘[01m[KMoveRobotServerNode::MoveRobotServerNode()[m[K’:
[01m[K/home/sven/ros2_ws/src/actions_cpp/src/move_robot_server.cpp:21:42:[m[K [01;31m[Kerror: [m[Ktoo few arguments to function ‘[01m[Kconst rcl_action_server_options_t* rcl_action_server_get_options(const rcl_action_server_t*)[m[K’
   21 |             [01;31m[Krcl_action_server_get_options()[m[K,
      |             [01;31m[K~~~~~~~~~~~~~~~~~~~~~~~~~~~~~^~[m[K
In file included from [01m[K/opt/ros/humble/include/rclcpp_action/rclcpp_action/create_server.hpp:21[m[K,
                 from [01m[K/opt/ros/humble/include/rclcpp_action/rclcpp_action/rclcpp_action.hpp:39[m[K,
                 from [01m[K/home/sven/ros2_ws/src/actions_cpp/src/move_robot_server.cpp:2[m[K:
[01m[K/opt/ros/humble/include/rcl_action/rcl_action/action_server.h:820:1:[m[K [01;36m[Knote: [m[Kdeclared here
  820 | [01;36m[Krcl_action_server_get_options[m[K(const rcl_action_server_t * action_server);
      | [01;36m[K^~~~~~~~~~~~~~~~~~~~~~~~~~~~~[m[K
[01m[K/home/sven/ros2_ws/src/actions_cpp/src/move_robot_server.cpp:[m[K In member function ‘[01m[Kvoid MoveRobotServerNode::execute_goal(std::shared_ptr<rclcpp_action::ServerGoalHandle<my_robot_interfaces::action::MoveRobot> >)[m[K’:
[01m[K/home/sven/ros2_ws/src/actions_cpp/src/move_robot_server.cpp:90:34:[m[K [01;31m[Kerror: [m[Kno match for ‘[01m[Koperator=[m[K’ (operand types are ‘[01m[Kstd::shared_ptr<my_robot_interfaces::action::MoveRobot>[m[K’ and ‘[01m[Kconst std::shared_ptr<rclcpp_action::ServerGoalHandle<my_robot_interfaces::action::MoveRobot> >[m[K’)
   90 |             this->goal_handle_ = [01;31m[Kgoal_handle[m[K;
      |                                  [01;31m[K^~~~~~~~~~~[m[K
In file included from [01m[K/usr/include/c++/11/memory:77[m[K,
                 from [01m[K/opt/ros/humble/include/rclcpp/rclcpp/rclcpp.hpp:153[m[K,
                 from [01m[K/home/sven/ros2_ws/src/actions_cpp/src/move_robot_server.cpp:1[m[K:
[01m[K/usr/include/c++/11/bits/shared_ptr.h:363:9:[m[K [01;36m[Knote: [m[Kcandidate: ‘[01m[Ktemplate<class _Yp> std::shared_ptr<_Tp>::_Assignable<const std::shared_ptr<_Yp>&> std::shared_ptr<_Tp>::operator=(const std::shared_ptr<_Yp>&) [with _Yp = _Yp; _Tp = my_robot_interfaces::action::MoveRobot][m[K’
  363 |         [01;36m[Koperator[m[K=(const shared_ptr<_Yp>& __r) noexcept
      |         [01;36m[K^~~~~~~~[m[K
[01m[K/usr/include/c++/11/bits/shared_ptr.h:363:9:[m[K [01;36m[Knote: [m[K  template argument deduction/substitution failed:
/usr/include/c++/11/bits/shared_ptr.h: In substitution of ‘[01m[Ktemplate<class _Tp> template<class _Arg> using _Assignable = typename std::enable_if<std::is_assignable<std::__shared_ptr<_Tp>&, _Arg>::value, std::shared_ptr<_Tp>&>::type [with _Arg = const std::shared_ptr<rclcpp_action::ServerGoalHandle<my_robot_interfaces::action::MoveRobot> >&; _Tp = my_robot_interfaces::action::MoveRobot][m[K’:
[01m[K/usr/include/c++/11/bits/shared_ptr.h:363:2:[m[K   required by substitution of ‘[01m[Ktemplate<class _Yp> std::shared_ptr<my_robot_interfaces::action::MoveRobot>::_Assignable<const std::shared_ptr<_Tp>&> std::shared_ptr<my_robot_interfaces::action::MoveRobot>::operator=<_Yp>(const std::shared_ptr<_Tp>&) [with _Yp = rclcpp_action::ServerGoalHandle<my_robot_interfaces::action::MoveRobot>][m[K’
[01m[K/home/sven/ros2_ws/src/actions_cpp/src/move_robot_server.cpp:90:34:[m[K   required from here
[01m[K/usr/include/c++/11/bits/shared_ptr.h:130:15:[m[K [01;31m[Kerror: [m[Kno type named ‘[01m[Ktype[m[K’ in ‘[01m[Kstruct std::enable_if<false, std::shared_ptr<my_robot_interfaces::action::MoveRobot>&>[m[K’
  130 |         using [01;31m[K_Assignable[m[K = typename enable_if<
      |               [01;31m[K^~~~~~~~~~~[m[K
[01m[K/usr/include/c++/11/bits/shared_ptr.h:374:9:[m[K [01;36m[Knote: [m[Kcandidate: ‘[01m[Ktemplate<class _Yp> std::shared_ptr<_Tp>::_Assignable<std::auto_ptr<_Up> > std::shared_ptr<_Tp>::operator=(std::auto_ptr<_Up>&&) [with _Yp = _Yp; _Tp = my_robot_interfaces::action::MoveRobot][m[K’
  374 |         [01;36m[Koperator[m[K=(auto_ptr<_Yp>&& __r)
      |         [01;36m[K^~~~~~~~[m[K
[01m[K/usr/include/c++/11/bits/shared_ptr.h:374:9:[m[K [01;36m[Knote: [m[K  template argument deduction/substitution failed:
[01m[K/home/sven/ros2_ws/src/actions_cpp/src/move_robot_server.cpp:90:34:[m[K [01;36m[Knote: [m[K  types ‘[01m[Kstd::auto_ptr<_Up>[m[K’ and ‘[01m[Kconst std::shared_ptr<rclcpp_action::ServerGoalHandle<my_robot_interfaces::action::MoveRobot> >[m[K’ have incompatible cv-qualifiers
   90 |             this->goal_handle_ = [01;36m[Kgoal_handle[m[K;
      |                                  [01;36m[K^~~~~~~~~~~[m[K
In file included from [01m[K/usr/include/c++/11/memory:77[m[K,
                 from [01m[K/opt/ros/humble/include/rclcpp/rclcpp/rclcpp.hpp:153[m[K,
                 from [01m[K/home/sven/ros2_ws/src/actions_cpp/src/move_robot_server.cpp:1[m[K:
[01m[K/usr/include/c++/11/bits/shared_ptr.h:391:9:[m[K [01;36m[Knote: [m[Kcandidate: ‘[01m[Ktemplate<class _Yp> std::shared_ptr<_Tp>::_Assignable<std::shared_ptr<_Yp> > std::shared_ptr<_Tp>::operator=(std::shared_ptr<_Yp>&&) [with _Yp = _Yp; _Tp = my_robot_interfaces::action::MoveRobot][m[K’
  391 |         [01;36m[Koperator[m[K=(shared_ptr<_Yp>&& __r) noexcept
      |         [01;36m[K^~~~~~~~[m[K
[01m[K/usr/include/c++/11/bits/shared_ptr.h:391:9:[m[K [01;36m[Knote: [m[K  template argument deduction/substitution failed:
[01m[K/home/sven/ros2_ws/src/actions_cpp/src/move_robot_server.cpp:90:34:[m[K [01;36m[Knote: [m[K  types ‘[01m[Kstd::shared_ptr<_Tp>[m[K’ and ‘[01m[Kconst std::shared_ptr<rclcpp_action::ServerGoalHandle<my_robot_interfaces::action::MoveRobot> >[m[K’ have incompatible cv-qualifiers
   90 |             this->goal_handle_ = [01;36m[Kgoal_handle[m[K;
      |                                  [01;36m[K^~~~~~~~~~~[m[K
In file included from [01m[K/usr/include/c++/11/memory:77[m[K,
                 from [01m[K/opt/ros/humble/include/rclcpp/rclcpp/rclcpp.hpp:153[m[K,
                 from [01m[K/home/sven/ros2_ws/src/actions_cpp/src/move_robot_server.cpp:1[m[K:
[01m[K/usr/include/c++/11/bits/shared_ptr.h:399:9:[m[K [01;36m[Knote: [m[Kcandidate: ‘[01m[Ktemplate<class _Yp, class _Del> std::shared_ptr<_Tp>::_Assignable<std::unique_ptr<_Up, _Ep> > std::shared_ptr<_Tp>::operator=(std::unique_ptr<_Up, _Ep>&&) [with _Yp = _Yp; _Del = _Del; _Tp = my_robot_interfaces::action::MoveRobot][m[K’
  399 |         [01;36m[Koperator[m[K=(unique_ptr<_Yp, _Del>&& __r)
      |         [01;36m[K^~~~~~~~[m[K
[01m[K/usr/include/c++/11/bits/shared_ptr.h:399:9:[m[K [01;36m[Knote: [m[K  template argument deduction/substitution failed:
[01m[K/home/sven/ros2_ws/src/actions_cpp/src/move_robot_server.cpp:90:34:[m[K [01;36m[Knote: [m[K  types ‘[01m[Kstd::unique_ptr<_Tp, _Dp>[m[K’ and ‘[01m[Kconst std::shared_ptr<rclcpp_action::ServerGoalHandle<my_robot_interfaces::action::MoveRobot> >[m[K’ have incompatible cv-qualifiers
   90 |             this->goal_handle_ = [01;36m[Kgoal_handle[m[K;
      |                                  [01;36m[K^~~~~~~~~~~[m[K
In file included from [01m[K/usr/include/c++/11/memory:77[m[K,
                 from [01m[K/opt/ros/humble/include/rclcpp/rclcpp/rclcpp.hpp:153[m[K,
                 from [01m[K/home/sven/ros2_ws/src/actions_cpp/src/move_robot_server.cpp:1[m[K:
[01m[K/usr/include/c++/11/bits/shared_ptr.h:359:19:[m[K [01;36m[Knote: [m[Kcandidate: ‘[01m[Kstd::shared_ptr<_Tp>& std::shared_ptr<_Tp>::operator=(const std::shared_ptr<_Tp>&) [with _Tp = my_robot_interfaces::action::MoveRobot][m[K’
  359 |       shared_ptr& [01;36m[Koperator[m[K=(const shared_ptr&) noexcept = default;
      |                   [01;36m[K^~~~~~~~[m[K
[01m[K/usr/include/c++/11/bits/shared_ptr.h:359:29:[m[K [01;36m[Knote: [m[K  no known conversion for argument 1 from ‘[01m[Kconst std::shared_ptr<rclcpp_action::ServerGoalHandle<my_robot_interfaces::action::MoveRobot> >[m[K’ to ‘[01m[Kconst std::shared_ptr<my_robot_interfaces::action::MoveRobot>&[m[K’
  359 |       shared_ptr& operator=([01;36m[Kconst shared_ptr&[m[K) noexcept = default;
      |                             [01;36m[K^~~~~~~~~~~~~~~~~[m[K
[01m[K/usr/include/c++/11/bits/shared_ptr.h:383:7:[m[K [01;36m[Knote: [m[Kcandidate: ‘[01m[Kstd::shared_ptr<_Tp>& std::shared_ptr<_Tp>::operator=(std::shared_ptr<_Tp>&&) [with _Tp = my_robot_interfaces::action::MoveRobot][m[K’
  383 |       [01;36m[Koperator[m[K=(shared_ptr&& __r) noexcept
      |       [01;36m[K^~~~~~~~[m[K
[01m[K/usr/include/c++/11/bits/shared_ptr.h:383:30:[m[K [01;36m[Knote: [m[K  no known conversion for argument 1 from ‘[01m[Kconst std::shared_ptr<rclcpp_action::ServerGoalHandle<my_robot_interfaces::action::MoveRobot> >[m[K’ to ‘[01m[Kstd::shared_ptr<my_robot_interfaces::action::MoveRobot>&&[m[K’
  383 |       operator=([01;36m[Kshared_ptr&& __r[m[K) noexcept
      |                 [01;36m[K~~~~~~~~~~~~~^~~[m[K
gmake[2]: *** [CMakeFiles/move_robot_server.dir/build.make:76: CMakeFiles/move_robot_server.dir/src/move_robot_server.cpp.o] Error 1
gmake[1]: *** [CMakeFiles/Makefile2:223: CMakeFiles/move_robot_server.dir/all] Error 2
gmake[1]: *** Waiting for unfinished jobs....
gmake: *** [Makefile:146: all] Error 2
