-- Found ament_cmake: 1.3.8 (/opt/ros/humble/share/ament_cmake/cmake)
-- Found rclcpp: 16.0.8 (/opt/ros/humble/share/rclcpp/cmake)
-- Found rosidl_generator_c: 3.1.5 (/opt/ros/humble/share/rosidl_generator_c/cmake)
-- Found rosidl_adapter: 3.1.5 (/opt/ros/humble/share/rosidl_adapter/cmake)
-- Found rosidl_generator_cpp: 3.1.5 (/opt/ros/humble/share/rosidl_generator_cpp/cmake)
-- Using all available rosidl_typesupport_c: rosidl_typesupport_fastrtps_c;rosidl_typesupport_introspection_c
-- Using all available rosidl_typesupport_cpp: rosidl_typesupport_fastrtps_cpp;rosidl_typesupport_introspection_cpp
-- Found rmw_implementation_cmake: 6.1.1 (/opt/ros/humble/share/rmw_implementation_cmake/cmake)
-- Found rmw_fastrtps_cpp: 6.2.6 (/opt/ros/humble/share/rmw_fastrtps_cpp/cmake)
-- Using RMW implementation 'rmw_fastrtps_cpp' as default
-- Found rclcpp_components: 16.0.8 (/opt/ros/humble/share/rclcpp_components/cmake)
-- Found example_interfaces: 0.9.3 (/opt/ros/humble/share/example_interfaces/cmake)
-- Configuring done
-- Generating done
-- Build files have been written to: /home/sven/ros2_ws/build/components_cpp
[35m[1mConsolidate compiler generated dependencies of target manual_composition[0m
[ 16%] [32mBuilding CXX object CMakeFiles/number_pub_component.dir/src/number_publisher.cpp.o[0m
[ 83%] Built target manual_composition
[100%] [32m[1mLinking CXX shared library libnumber_pub_component.so[0m
[100%] Built target number_pub_component
-- Install configuration: ""
-- Up-to-date: /home/sven/ros2_ws/install/components_cpp/lib/components_cpp/manual_composition
-- Installing: /home/sven/ros2_ws/install/components_cpp/lib/components_cpp/libnumber_pub_component.so
-- Set runtime path of "/home/sven/ros2_ws/install/components_cpp/lib/components_cpp/libnumber_pub_component.so" to ""
-- Installing: /home/sven/ros2_ws/install/components_cpp/share/ament_index/resource_index/package_run_dependencies/components_cpp
-- Up-to-date: /home/sven/ros2_ws/install/components_cpp/share/ament_index/resource_index/parent_prefix_path/components_cpp
-- Up-to-date: /home/sven/ros2_ws/install/components_cpp/share/components_cpp/environment/ament_prefix_path.sh
-- Installing: /home/sven/ros2_ws/install/components_cpp/share/components_cpp/environment/ament_prefix_path.dsv
-- Up-to-date: /home/sven/ros2_ws/install/components_cpp/share/components_cpp/environment/path.sh
-- Installing: /home/sven/ros2_ws/install/components_cpp/share/components_cpp/environment/path.dsv
-- Up-to-date: /home/sven/ros2_ws/install/components_cpp/share/components_cpp/local_setup.bash
-- Up-to-date: /home/sven/ros2_ws/install/components_cpp/share/components_cpp/local_setup.sh
-- Up-to-date: /home/sven/ros2_ws/install/components_cpp/share/components_cpp/local_setup.zsh
-- Installing: /home/sven/ros2_ws/install/components_cpp/share/components_cpp/local_setup.dsv
-- Installing: /home/sven/ros2_ws/install/components_cpp/share/components_cpp/package.dsv
-- Up-to-date: /home/sven/ros2_ws/install/components_cpp/share/ament_index/resource_index/packages/components_cpp
-- Up-to-date: /home/sven/ros2_ws/install/components_cpp/share/components_cpp/cmake/components_cppConfig.cmake
-- Up-to-date: /home/sven/ros2_ws/install/components_cpp/share/components_cpp/cmake/components_cppConfig-version.cmake
-- Installing: /home/sven/ros2_ws/install/components_cpp/share/components_cpp/package.xml
