[0.032s] Invoking command in '/home/sven/ros2_ws/build/components_cpp': CMAKE_PREFIX_PATH=${CMAKE_PREFIX_PATH}:/home/sven/ros2_ws/install/components_py:/home/sven/ros2_ws/install/executors_py:/home/sven/ros2_ws/install/my_py_pkg:/home/sven/ros2_ws/install/actions_py:/home/sven/ros2_ws/install/lifecycle_py:/opt/ros/humble /usr/bin/cmake --build /home/sven/ros2_ws/build/components_cpp -- -j20 -l20
[0.045s] -- Found ament_cmake: 1.3.8 (/opt/ros/humble/share/ament_cmake/cmake)
[0.109s] -- Found rclcpp: 16.0.8 (/opt/ros/humble/share/rclcpp/cmake)
[0.124s] -- Found rosidl_generator_c: 3.1.5 (/opt/ros/humble/share/rosidl_generator_c/cmake)
[0.125s] -- Found rosidl_adapter: 3.1.5 (/opt/ros/humble/share/rosidl_adapter/cmake)
[0.128s] -- Found rosidl_generator_cpp: 3.1.5 (/opt/ros/humble/share/rosidl_generator_cpp/cmake)
[0.134s] -- Using all available rosidl_typesupport_c: rosidl_typesupport_fastrtps_c;rosidl_typesupport_introspection_c
[0.142s] -- Using all available rosidl_typesupport_cpp: rosidl_typesupport_fastrtps_cpp;rosidl_typesupport_introspection_cpp
[0.170s] -- Found rmw_implementation_cmake: 6.1.1 (/opt/ros/humble/share/rmw_implementation_cmake/cmake)
[0.171s] -- Found rmw_fastrtps_cpp: 6.2.6 (/opt/ros/humble/share/rmw_fastrtps_cpp/cmake)
[0.228s] -- Using RMW implementation 'rmw_fastrtps_cpp' as default
[0.303s] -- Found rclcpp_components: 16.0.8 (/opt/ros/humble/share/rclcpp_components/cmake)
[0.330s] -- Found example_interfaces: 0.9.3 (/opt/ros/humble/share/example_interfaces/cmake)
[0.427s] -- Configuring done
[0.433s] -- Generating done
[0.434s] -- Build files have been written to: /home/sven/ros2_ws/build/components_cpp
[0.448s] [35m[1mConsolidate compiler generated dependencies of target manual_composition[0m
[0.452s] [ 16%] [32mBuilding CXX object CMakeFiles/number_pub_component.dir/src/number_publisher.cpp.o[0m
[0.457s] [ 83%] Built target manual_composition
[2.529s] [100%] [32m[1mLinking CXX shared library libnumber_pub_component.so[0m
[2.623s] [100%] Built target number_pub_component
[2.634s] Invoked command in '/home/sven/ros2_ws/build/components_cpp' returned '0': CMAKE_PREFIX_PATH=${CMAKE_PREFIX_PATH}:/home/sven/ros2_ws/install/components_py:/home/sven/ros2_ws/install/executors_py:/home/sven/ros2_ws/install/my_py_pkg:/home/sven/ros2_ws/install/actions_py:/home/sven/ros2_ws/install/lifecycle_py:/opt/ros/humble /usr/bin/cmake --build /home/sven/ros2_ws/build/components_cpp -- -j20 -l20
[2.655s] Invoking command in '/home/sven/ros2_ws/build/components_cpp': CMAKE_PREFIX_PATH=${CMAKE_PREFIX_PATH}:/home/sven/ros2_ws/install/components_py:/home/sven/ros2_ws/install/executors_py:/home/sven/ros2_ws/install/my_py_pkg:/home/sven/ros2_ws/install/actions_py:/home/sven/ros2_ws/install/lifecycle_py:/opt/ros/humble /usr/bin/cmake --install /home/sven/ros2_ws/build/components_cpp
[2.658s] -- Install configuration: ""
[2.658s] -- Up-to-date: /home/sven/ros2_ws/install/components_cpp/lib/components_cpp/manual_composition
[2.659s] -- Installing: /home/sven/ros2_ws/install/components_cpp/lib/components_cpp/libnumber_pub_component.so
[2.659s] -- Set runtime path of "/home/sven/ros2_ws/install/components_cpp/lib/components_cpp/libnumber_pub_component.so" to ""
[2.659s] -- Installing: /home/sven/ros2_ws/install/components_cpp/share/ament_index/resource_index/package_run_dependencies/components_cpp
[2.659s] -- Up-to-date: /home/sven/ros2_ws/install/components_cpp/share/ament_index/resource_index/parent_prefix_path/components_cpp
[2.660s] -- Up-to-date: /home/sven/ros2_ws/install/components_cpp/share/components_cpp/environment/ament_prefix_path.sh
[2.660s] -- Installing: /home/sven/ros2_ws/install/components_cpp/share/components_cpp/environment/ament_prefix_path.dsv
[2.660s] -- Up-to-date: /home/sven/ros2_ws/install/components_cpp/share/components_cpp/environment/path.sh
[2.660s] -- Installing: /home/sven/ros2_ws/install/components_cpp/share/components_cpp/environment/path.dsv
[2.660s] -- Up-to-date: /home/sven/ros2_ws/install/components_cpp/share/components_cpp/local_setup.bash
[2.660s] -- Up-to-date: /home/sven/ros2_ws/install/components_cpp/share/components_cpp/local_setup.sh
[2.660s] -- Up-to-date: /home/sven/ros2_ws/install/components_cpp/share/components_cpp/local_setup.zsh
[2.660s] -- Installing: /home/sven/ros2_ws/install/components_cpp/share/components_cpp/local_setup.dsv
[2.660s] -- Installing: /home/sven/ros2_ws/install/components_cpp/share/components_cpp/package.dsv
[2.660s] -- Up-to-date: /home/sven/ros2_ws/install/components_cpp/share/ament_index/resource_index/packages/components_cpp
[2.660s] -- Up-to-date: /home/sven/ros2_ws/install/components_cpp/share/components_cpp/cmake/components_cppConfig.cmake
[2.660s] -- Up-to-date: /home/sven/ros2_ws/install/components_cpp/share/components_cpp/cmake/components_cppConfig-version.cmake
[2.660s] -- Installing: /home/sven/ros2_ws/install/components_cpp/share/components_cpp/package.xml
[2.661s] Invoked command in '/home/sven/ros2_ws/build/components_cpp' returned '0': CMAKE_PREFIX_PATH=${CMAKE_PREFIX_PATH}:/home/sven/ros2_ws/install/components_py:/home/sven/ros2_ws/install/executors_py:/home/sven/ros2_ws/install/my_py_pkg:/home/sven/ros2_ws/install/actions_py:/home/sven/ros2_ws/install/lifecycle_py:/opt/ros/humble /usr/bin/cmake --install /home/sven/ros2_ws/build/components_cpp
