[0.043s] Invoking command in '/home/sven/ros2_ws/build/my_robot_description': CMAKE_PREFIX_PATH=${CMAKE_PREFIX_PATH}:/home/sven/ros2_ws/install/my_py_pkg:/opt/ros/humble /usr/bin/cmake /home/sven/ros2_ws/src/my_robot_description -DCMAKE_INSTALL_PREFIX=/home/sven/ros2_ws/install/my_robot_description
[0.049s] -- Found ament_cmake: 1.3.8 (/opt/ros/humble/share/ament_cmake/cmake)
[0.148s] -- Configuring done
[0.149s] -- Generating done
[0.149s] -- Build files have been written to: /home/sven/ros2_ws/build/my_robot_description
[0.151s] Invoked command in '/home/sven/ros2_ws/build/my_robot_description' returned '0': CMAKE_PREFIX_PATH=${CMAKE_PREFIX_PATH}:/home/sven/ros2_ws/install/my_py_pkg:/opt/ros/humble /usr/bin/cmake /home/sven/ros2_ws/src/my_robot_description -DCMAKE_INSTALL_PREFIX=/home/sven/ros2_ws/install/my_robot_description
[0.151s] Invoking command in '/home/sven/ros2_ws/build/my_robot_description': CMAKE_PREFIX_PATH=${CMAKE_PREFIX_PATH}:/home/sven/ros2_ws/install/my_py_pkg:/opt/ros/humble /usr/bin/cmake --build /home/sven/ros2_ws/build/my_robot_description -- -j20 -l20
[0.170s] Invoked command in '/home/sven/ros2_ws/build/my_robot_description' returned '0': CMAKE_PREFIX_PATH=${CMAKE_PREFIX_PATH}:/home/sven/ros2_ws/install/my_py_pkg:/opt/ros/humble /usr/bin/cmake --build /home/sven/ros2_ws/build/my_robot_description -- -j20 -l20
[0.185s] Invoking command in '/home/sven/ros2_ws/build/my_robot_description': CMAKE_PREFIX_PATH=${CMAKE_PREFIX_PATH}:/home/sven/ros2_ws/install/my_py_pkg:/opt/ros/humble /usr/bin/cmake --install /home/sven/ros2_ws/build/my_robot_description
[0.188s] -- Install configuration: ""
[0.188s] -- Installing: /home/sven/ros2_ws/install/my_robot_description/share/my_robot_description//urdf
[0.189s] -- Installing: /home/sven/ros2_ws/install/my_robot_description/share/my_robot_description//urdf/my_robot.urdf.xacro
[0.189s] -- Installing: /home/sven/ros2_ws/install/my_robot_description/share/my_robot_description//urdf/common_properties.xacro
[0.189s] -- Installing: /home/sven/ros2_ws/install/my_robot_description/share/my_robot_description//urdf/mobile_base.xacro
[0.189s] -- Installing: /home/sven/ros2_ws/install/my_robot_description/share/my_robot_description//launch
[0.189s] -- Installing: /home/sven/ros2_ws/install/my_robot_description/share/my_robot_description//launch/display.launch.py
[0.189s] -- Installing: /home/sven/ros2_ws/install/my_robot_description/share/my_robot_description//launch/display.launch.xml
[0.189s] -- Installing: /home/sven/ros2_ws/install/my_robot_description/share/my_robot_description//rviz
[0.189s] -- Installing: /home/sven/ros2_ws/install/my_robot_description/share/my_robot_description//rviz/urdf_config.rviz
[0.189s] -- Installing: /home/sven/ros2_ws/install/my_robot_description/share/ament_index/resource_index/package_run_dependencies/my_robot_description
[0.189s] -- Installing: /home/sven/ros2_ws/install/my_robot_description/share/ament_index/resource_index/parent_prefix_path/my_robot_description
[0.189s] -- Installing: /home/sven/ros2_ws/install/my_robot_description/share/my_robot_description/environment/ament_prefix_path.sh
[0.189s] -- Installing: /home/sven/ros2_ws/install/my_robot_description/share/my_robot_description/environment/ament_prefix_path.dsv
[0.189s] -- Installing: /home/sven/ros2_ws/install/my_robot_description/share/my_robot_description/environment/path.sh
[0.189s] -- Installing: /home/sven/ros2_ws/install/my_robot_description/share/my_robot_description/environment/path.dsv
[0.189s] -- Installing: /home/sven/ros2_ws/install/my_robot_description/share/my_robot_description/local_setup.bash
[0.189s] -- Installing: /home/sven/ros2_ws/install/my_robot_description/share/my_robot_description/local_setup.sh
[0.189s] -- Installing: /home/sven/ros2_ws/install/my_robot_description/share/my_robot_description/local_setup.zsh
[0.189s] -- Installing: /home/sven/ros2_ws/install/my_robot_description/share/my_robot_description/local_setup.dsv
[0.190s] -- Installing: /home/sven/ros2_ws/install/my_robot_description/share/my_robot_description/package.dsv
[0.190s] -- Installing: /home/sven/ros2_ws/install/my_robot_description/share/ament_index/resource_index/packages/my_robot_description
[0.190s] -- Installing: /home/sven/ros2_ws/install/my_robot_description/share/my_robot_description/cmake/my_robot_descriptionConfig.cmake
[0.190s] -- Installing: /home/sven/ros2_ws/install/my_robot_description/share/my_robot_description/cmake/my_robot_descriptionConfig-version.cmake
[0.190s] -- Installing: /home/sven/ros2_ws/install/my_robot_description/share/my_robot_description/package.xml
[0.190s] Invoked command in '/home/sven/ros2_ws/build/my_robot_description' returned '0': CMAKE_PREFIX_PATH=${CMAKE_PREFIX_PATH}:/home/sven/ros2_ws/install/my_py_pkg:/opt/ros/humble /usr/bin/cmake --install /home/sven/ros2_ws/build/my_robot_description
