[0.273s] Invoking command in '/home/sven/ros2_ws/src/build/actions_cpp': AMENT_PREFIX_PATH=/home/sven/ros2_ws/src/install/my_robot_interfaces:${AMENT_PREFIX_PATH} CMAKE_PREFIX_PATH=/home/sven/ros2_ws/src/install/my_robot_interfaces:/home/sven/ros2_ws/install/turtlesim_catch_them_all:/home/sven/ros2_ws/install/my_robot_bringup:/home/sven/ros2_ws/install/my_cpp_pkg:/home/sven/ros2_ws/install/actions_cpp:/home/sven/ros2_ws/install/my_robot_interfaces:/home/sven/ros2_ws/install/my_robot_description:/home/sven/install/my_robot_description:/home/sven/ros2_ws/install/my_py_pkg:/home/sven/ros2_ws/install/actions_py:/opt/ros/humble LD_LIBRARY_PATH=/home/sven/ros2_ws/src/install/my_robot_interfaces/lib:/home/sven/ros2_ws/install/my_robot_interfaces/lib:/usr/lib/x86_64-linux-gnu/gazebo-11/plugins:/opt/ros/humble/opt/rviz_ogre_vendor/lib:/opt/ros/humble/lib/x86_64-linux-gnu:/opt/ros/humble/lib:/usr/share/gazebo/../../lib/x86_64-linux-gnu/gazebo-11/plugins PYTHONPATH=/home/sven/ros2_ws/src/install/my_robot_interfaces/local/lib/python3.10/dist-packages:${PYTHONPATH} /usr/bin/cmake --build /home/sven/ros2_ws/src/build/actions_cpp -- -j20 -l20
[0.463s] -- Found ament_cmake: 1.3.8 (/opt/ros/humble/share/ament_cmake/cmake)
[0.463s] -- Found rclcpp: 16.0.8 (/opt/ros/humble/share/rclcpp/cmake)
[0.463s] -- Found rosidl_generator_c: 3.1.5 (/opt/ros/humble/share/rosidl_generator_c/cmake)
[0.463s] -- Found rosidl_adapter: 3.1.5 (/opt/ros/humble/share/rosidl_adapter/cmake)
[0.463s] -- Found rosidl_generator_cpp: 3.1.5 (/opt/ros/humble/share/rosidl_generator_cpp/cmake)
[0.463s] -- Using all available rosidl_typesupport_c: rosidl_typesupport_fastrtps_c;rosidl_typesupport_introspection_c
[0.463s] -- Using all available rosidl_typesupport_cpp: rosidl_typesupport_fastrtps_cpp;rosidl_typesupport_introspection_cpp
[0.463s] -- Found rmw_implementation_cmake: 6.1.1 (/opt/ros/humble/share/rmw_implementation_cmake/cmake)
[0.463s] -- Found rmw_fastrtps_cpp: 6.2.6 (/opt/ros/humble/share/rmw_fastrtps_cpp/cmake)
[0.520s] -- Using RMW implementation 'rmw_fastrtps_cpp' as default
[0.622s] -- Found rclcpp_action: 16.0.8 (/opt/ros/humble/share/rclcpp_action/cmake)
[0.686s] -- Found my_robot_interfaces: 0.0.0 (/home/sven/ros2_ws/src/install/my_robot_interfaces/share/my_robot_interfaces/cmake)
[0.770s] -- Configuring done
[0.777s] -- Generating done
[0.777s] -- Build files have been written to: /home/sven/ros2_ws/src/build/actions_cpp
[0.808s] [ 50%] [32mBuilding CXX object CMakeFiles/count_until_server.dir/src/count_until_server.cpp.o[0m
[0.809s] [ 50%] [32mBuilding CXX object CMakeFiles/count_until_client.dir/src/count_until_client.cpp.o[0m
[2.958s] [ 75%] [32m[1mLinking CXX executable count_until_server[0m
[3.041s] [ 75%] Built target count_until_server
[3.074s] [100%] [32m[1mLinking CXX executable count_until_client[0m
[3.190s] [100%] Built target count_until_client
[3.198s] Invoked command in '/home/sven/ros2_ws/src/build/actions_cpp' returned '0': AMENT_PREFIX_PATH=/home/sven/ros2_ws/src/install/my_robot_interfaces:${AMENT_PREFIX_PATH} CMAKE_PREFIX_PATH=/home/sven/ros2_ws/src/install/my_robot_interfaces:/home/sven/ros2_ws/install/turtlesim_catch_them_all:/home/sven/ros2_ws/install/my_robot_bringup:/home/sven/ros2_ws/install/my_cpp_pkg:/home/sven/ros2_ws/install/actions_cpp:/home/sven/ros2_ws/install/my_robot_interfaces:/home/sven/ros2_ws/install/my_robot_description:/home/sven/install/my_robot_description:/home/sven/ros2_ws/install/my_py_pkg:/home/sven/ros2_ws/install/actions_py:/opt/ros/humble LD_LIBRARY_PATH=/home/sven/ros2_ws/src/install/my_robot_interfaces/lib:/home/sven/ros2_ws/install/my_robot_interfaces/lib:/usr/lib/x86_64-linux-gnu/gazebo-11/plugins:/opt/ros/humble/opt/rviz_ogre_vendor/lib:/opt/ros/humble/lib/x86_64-linux-gnu:/opt/ros/humble/lib:/usr/share/gazebo/../../lib/x86_64-linux-gnu/gazebo-11/plugins PYTHONPATH=/home/sven/ros2_ws/src/install/my_robot_interfaces/local/lib/python3.10/dist-packages:${PYTHONPATH} /usr/bin/cmake --build /home/sven/ros2_ws/src/build/actions_cpp -- -j20 -l20
[3.215s] Invoking command in '/home/sven/ros2_ws/src/build/actions_cpp': AMENT_PREFIX_PATH=/home/sven/ros2_ws/src/install/my_robot_interfaces:${AMENT_PREFIX_PATH} CMAKE_PREFIX_PATH=/home/sven/ros2_ws/src/install/my_robot_interfaces:/home/sven/ros2_ws/install/turtlesim_catch_them_all:/home/sven/ros2_ws/install/my_robot_bringup:/home/sven/ros2_ws/install/my_cpp_pkg:/home/sven/ros2_ws/install/actions_cpp:/home/sven/ros2_ws/install/my_robot_interfaces:/home/sven/ros2_ws/install/my_robot_description:/home/sven/install/my_robot_description:/home/sven/ros2_ws/install/my_py_pkg:/home/sven/ros2_ws/install/actions_py:/opt/ros/humble LD_LIBRARY_PATH=/home/sven/ros2_ws/src/install/my_robot_interfaces/lib:/home/sven/ros2_ws/install/my_robot_interfaces/lib:/usr/lib/x86_64-linux-gnu/gazebo-11/plugins:/opt/ros/humble/opt/rviz_ogre_vendor/lib:/opt/ros/humble/lib/x86_64-linux-gnu:/opt/ros/humble/lib:/usr/share/gazebo/../../lib/x86_64-linux-gnu/gazebo-11/plugins PYTHONPATH=/home/sven/ros2_ws/src/install/my_robot_interfaces/local/lib/python3.10/dist-packages:${PYTHONPATH} /usr/bin/cmake --install /home/sven/ros2_ws/src/build/actions_cpp
[3.221s] -- Install configuration: ""
[3.221s] -- Installing: /home/sven/ros2_ws/src/install/actions_cpp/lib/actions_cpp/count_until_server
[3.221s] -- Set runtime path of "/home/sven/ros2_ws/src/install/actions_cpp/lib/actions_cpp/count_until_server" to ""
[3.221s] -- Installing: /home/sven/ros2_ws/src/install/actions_cpp/lib/actions_cpp/count_until_client
[3.222s] -- Set runtime path of "/home/sven/ros2_ws/src/install/actions_cpp/lib/actions_cpp/count_until_client" to ""
[3.222s] -- Installing: /home/sven/ros2_ws/src/install/actions_cpp/share/ament_index/resource_index/package_run_dependencies/actions_cpp
[3.222s] -- Installing: /home/sven/ros2_ws/src/install/actions_cpp/share/ament_index/resource_index/parent_prefix_path/actions_cpp
[3.222s] -- Installing: /home/sven/ros2_ws/src/install/actions_cpp/share/actions_cpp/environment/ament_prefix_path.sh
[3.222s] -- Installing: /home/sven/ros2_ws/src/install/actions_cpp/share/actions_cpp/environment/ament_prefix_path.dsv
[3.222s] -- Installing: /home/sven/ros2_ws/src/install/actions_cpp/share/actions_cpp/environment/path.sh
[3.222s] -- Installing: /home/sven/ros2_ws/src/install/actions_cpp/share/actions_cpp/environment/path.dsv
[3.222s] -- Installing: /home/sven/ros2_ws/src/install/actions_cpp/share/actions_cpp/local_setup.bash
[3.222s] -- Installing: /home/sven/ros2_ws/src/install/actions_cpp/share/actions_cpp/local_setup.sh
[3.222s] -- Installing: /home/sven/ros2_ws/src/install/actions_cpp/share/actions_cpp/local_setup.zsh
[3.222s] -- Installing: /home/sven/ros2_ws/src/install/actions_cpp/share/actions_cpp/local_setup.dsv
[3.223s] -- Installing: /home/sven/ros2_ws/src/install/actions_cpp/share/actions_cpp/package.dsv
[3.223s] -- Installing: /home/sven/ros2_ws/src/install/actions_cpp/share/ament_index/resource_index/packages/actions_cpp
[3.223s] -- Installing: /home/sven/ros2_ws/src/install/actions_cpp/share/actions_cpp/cmake/actions_cppConfig.cmake
[3.223s] -- Installing: /home/sven/ros2_ws/src/install/actions_cpp/share/actions_cpp/cmake/actions_cppConfig-version.cmake
[3.223s] -- Installing: /home/sven/ros2_ws/src/install/actions_cpp/share/actions_cpp/package.xml
[3.225s] Invoked command in '/home/sven/ros2_ws/src/build/actions_cpp' returned '0': AMENT_PREFIX_PATH=/home/sven/ros2_ws/src/install/my_robot_interfaces:${AMENT_PREFIX_PATH} CMAKE_PREFIX_PATH=/home/sven/ros2_ws/src/install/my_robot_interfaces:/home/sven/ros2_ws/install/turtlesim_catch_them_all:/home/sven/ros2_ws/install/my_robot_bringup:/home/sven/ros2_ws/install/my_cpp_pkg:/home/sven/ros2_ws/install/actions_cpp:/home/sven/ros2_ws/install/my_robot_interfaces:/home/sven/ros2_ws/install/my_robot_description:/home/sven/install/my_robot_description:/home/sven/ros2_ws/install/my_py_pkg:/home/sven/ros2_ws/install/actions_py:/opt/ros/humble LD_LIBRARY_PATH=/home/sven/ros2_ws/src/install/my_robot_interfaces/lib:/home/sven/ros2_ws/install/my_robot_interfaces/lib:/usr/lib/x86_64-linux-gnu/gazebo-11/plugins:/opt/ros/humble/opt/rviz_ogre_vendor/lib:/opt/ros/humble/lib/x86_64-linux-gnu:/opt/ros/humble/lib:/usr/share/gazebo/../../lib/x86_64-linux-gnu/gazebo-11/plugins PYTHONPATH=/home/sven/ros2_ws/src/install/my_robot_interfaces/local/lib/python3.10/dist-packages:${PYTHONPATH} /usr/bin/cmake --install /home/sven/ros2_ws/src/build/actions_cpp
