[0.031s] Invoking command in '/home/cleanseasolutions/ros2_ws/build/my_cpp_pkg': CMAKE_PREFIX_PATH=${CMAKE_PREFIX_PATH}:/home/cleanseasolutions/ros2_ws/install/my_py_pkg:/opt/ros/humble /usr/bin/cmake --build /home/cleanseasolutions/ros2_ws/build/my_cpp_pkg -- -j16 -l16
[0.063s] [35m[1mConsolidate compiler generated dependencies of target led_panel_status_publisher[0m
[0.066s] [ 18%] Built target cpp_node
[0.066s] [ 18%] Built target robot_news_station
[0.069s] [ 27%] Built target number_publisher
[0.070s] [ 36%] Built target add_two_ints_client
[0.071s] [ 45%] Built target hardware_status_publisher
[0.072s] [ 54%] Built target add_two_ints_server
[0.072s] [ 72%] Built target number_counter
[0.072s] [ 72%] Built target smartphone
[0.075s] [ 95%] [32mBuilding CXX object CMakeFiles/led_panel_status_publisher.dir/src/led_panel_node.cpp.o[0m
[0.075s] [ 95%] Built target battery
[0.075s] [ 95%] Built target add_two_ints_client_no_oop
[1.257s] In file included from [01m[K/usr/include/c++/11/pstl/glue_algorithm_defs.h:13[m[K,
[1.257s]                  from [01m[K/usr/include/c++/11/algorithm:74[m[K,
[1.257s]                  from [01m[K/opt/ros/humble/include/rclcpp/rclcpp/executor.hpp:18[m[K,
[1.257s]                  from [01m[K/opt/ros/humble/include/rclcpp/rclcpp/executors/multi_threaded_executor.hpp:25[m[K,
[1.257s]                  from [01m[K/opt/ros/humble/include/rclcpp/rclcpp/executors.hpp:21[m[K,
[1.257s]                  from [01m[K/opt/ros/humble/include/rclcpp/rclcpp/rclcpp.hpp:155[m[K,
[1.258s]                  from [01m[K/home/cleanseasolutions/ros2_ws/src/my_cpp_pkg/src/led_panel_node.cpp:1[m[K:
[1.258s] /usr/include/c++/11/functional: In instantiation of ‘[01m[Kstruct std::_Bind_check_arity<void (LedPanelPublisherNode::*)(std::shared_ptr<my_robot_interfaces::srv::SetLed_Request_<std::allocator<void> > >, std::shared_ptr<my_robot_interfaces::srv::SetLed_Response_<std::allocator<void> > >), const std::_Placeholder<1>&, const std::_Placeholder<2>&>[m[K’:
[1.258s] [01m[K/usr/include/c++/11/functional:768:12:[m[K   required from ‘[01m[Kstruct std::_Bind_helper<false, void (LedPanelPublisherNode::*)(std::shared_ptr<my_robot_interfaces::srv::SetLed_Request_<std::allocator<void> > >, std::shared_ptr<my_robot_interfaces::srv::SetLed_Response_<std::allocator<void> > >), const std::_Placeholder<1>&, const std::_Placeholder<2>&>[m[K’
[1.258s] [01m[K/usr/include/c++/11/functional:789:5:[m[K   required by substitution of ‘[01m[Ktemplate<class _Func, class ... _BoundArgs> typename std::_Bind_helper<std::__is_socketlike<_Func>::value, _Func, _BoundArgs ...>::type std::bind(_Func&&, _BoundArgs&& ...) [with _Func = void (LedPanelPublisherNode::*)(std::shared_ptr<my_robot_interfaces::srv::SetLed_Request_<std::allocator<void> > >, std::shared_ptr<my_robot_interfaces::srv::SetLed_Response_<std::allocator<void> > >); _BoundArgs = {const std::_Placeholder<1>&, const std::_Placeholder<2>&}][m[K’
[1.258s] [01m[K/home/cleanseasolutions/ros2_ws/src/my_cpp_pkg/src/led_panel_node.cpp:18:22:[m[K   required from here
[1.258s] [01m[K/usr/include/c++/11/functional:756:21:[m[K [01;31m[Kerror: [m[Kstatic assertion failed: Wrong number of arguments for pointer-to-member
[1.258s]   755 |       static_assert(_Varargs::[01;31m[Kvalue[m[K
[1.258s]       |                               [01;31m[K~~~~~[m[K
[1.258s]   756 | [01;31m[K                    ? sizeof...(_BoundArgs) >= _Arity::value + 1[m[K
[1.258s]       |                     [01;31m[K^~~~~~~~~~~~~~~~~~~~~~~~~~~~~~~~~~~~~~~~~~~~[m[K
[1.258s]   757 | [01;31m[K                    : sizeof...(_BoundArgs) == _Arity::value + 1[m[K,
[1.258s]       |                     [01;31m[K~~~~~~~~~~~~~~~~~~~~~~~~~~~~~~~~~~~~~~~~~~~~[m[K
[1.258s] [01m[K/usr/include/c++/11/functional:756:21:[m[K [01;36m[Knote: [m[K‘[01m[K(false ? (2 >= (((long unsigned int)std::integral_constant<long unsigned int, 2>::value) + 1)) : (2 == (((long unsigned int)std::integral_constant<long unsigned int, 2>::value) + 1)))[m[K’ evaluates to false
[1.414s] In file included from [01m[K/opt/ros/humble/include/rclcpp/rclcpp/service.hpp:36[m[K,
[1.414s]                  from [01m[K/opt/ros/humble/include/rclcpp/rclcpp/callback_group.hpp:28[m[K,
[1.414s]                  from [01m[K/opt/ros/humble/include/rclcpp/rclcpp/any_executable.hpp:20[m[K,
[1.414s]                  from [01m[K/opt/ros/humble/include/rclcpp/rclcpp/memory_strategy.hpp:25[m[K,
[1.414s]                  from [01m[K/opt/ros/humble/include/rclcpp/rclcpp/memory_strategies.hpp:18[m[K,
[1.414s]                  from [01m[K/opt/ros/humble/include/rclcpp/rclcpp/executor_options.hpp:20[m[K,
[1.414s]                  from [01m[K/opt/ros/humble/include/rclcpp/rclcpp/executor.hpp:37[m[K,
[1.414s]                  from [01m[K/opt/ros/humble/include/rclcpp/rclcpp/executors/multi_threaded_executor.hpp:25[m[K,
[1.414s]                  from [01m[K/opt/ros/humble/include/rclcpp/rclcpp/executors.hpp:21[m[K,
[1.415s]                  from [01m[K/opt/ros/humble/include/rclcpp/rclcpp/rclcpp.hpp:155[m[K,
[1.415s]                  from [01m[K/home/cleanseasolutions/ros2_ws/src/my_cpp_pkg/src/led_panel_node.cpp:1[m[K:
[1.415s] /opt/ros/humble/include/rclcpp/rclcpp/any_service_callback.hpp: In instantiation of ‘[01m[Kvoid rclcpp::AnyServiceCallback<ServiceT>::set(CallbackT&&) [with CallbackT = std::_Bind<void (LedPanelPublisherNode::*(std::_Placeholder<1>, std::_Placeholder<2>))(std::shared_ptr<my_robot_interfaces::srv::SetLed_Request_<std::allocator<void> > >, std::shared_ptr<my_robot_interfaces::srv::SetLed_Response_<std::allocator<void> > >)>; typename std::enable_if<(! rclcpp::detail::can_be_nullptr<CallbackT>::value), int>::type <anonymous> = 0; ServiceT = my_robot_interfaces::srv::SetLed][m[K’:
[1.415s] [01m[K/opt/ros/humble/include/rclcpp/rclcpp/create_service.hpp:43:27:[m[K   required from ‘[01m[Ktypename rclcpp::Service<ServiceT>::SharedPtr rclcpp::create_service(std::shared_ptr<rclcpp::node_interfaces::NodeBaseInterface>, std::shared_ptr<rclcpp::node_interfaces::NodeServicesInterface>, const string&, CallbackT&&, const rmw_qos_profile_t&, rclcpp::CallbackGroup::SharedPtr) [with ServiceT = my_robot_interfaces::srv::SetLed; CallbackT = std::_Bind<void (LedPanelPublisherNode::*(std::_Placeholder<1>, std::_Placeholder<2>))(std::shared_ptr<my_robot_interfaces::srv::SetLed_Request_<std::allocator<void> > >, std::shared_ptr<my_robot_interfaces::srv::SetLed_Response_<std::allocator<void> > >)>; typename rclcpp::Service<ServiceT>::SharedPtr = std::shared_ptr<rclcpp::Service<my_robot_interfaces::srv::SetLed> >; std::string = std::__cxx11::basic_string<char>; rmw_qos_profile_t = rmw_qos_profile_s; rclcpp::CallbackGroup::SharedPtr = std::shared_ptr<rclcpp::CallbackGroup>][m[K’
[1.415s] [01m[K/opt/ros/humble/include/rclcpp/rclcpp/node_impl.hpp:147:53:[m[K   required from ‘[01m[Ktypename rclcpp::Service<ServiceT>::SharedPtr rclcpp::Node::create_service(const string&, CallbackT&&, const rmw_qos_profile_t&, rclcpp::CallbackGroup::SharedPtr) [with ServiceT = my_robot_interfaces::srv::SetLed; CallbackT = std::_Bind<void (LedPanelPublisherNode::*(std::_Placeholder<1>, std::_Placeholder<2>))(std::shared_ptr<my_robot_interfaces::srv::SetLed_Request_<std::allocator<void> > >, std::shared_ptr<my_robot_interfaces::srv::SetLed_Response_<std::allocator<void> > >)>; typename rclcpp::Service<ServiceT>::SharedPtr = std::shared_ptr<rclcpp::Service<my_robot_interfaces::srv::SetLed> >; std::string = std::__cxx11::basic_string<char>; rmw_qos_profile_t = rmw_qos_profile_s; rclcpp::CallbackGroup::SharedPtr = std::shared_ptr<rclcpp::CallbackGroup>][m[K’
[1.415s] [01m[K/home/cleanseasolutions/ros2_ws/src/my_cpp_pkg/src/led_panel_node.cpp:16:82:[m[K   required from here
[1.415s] [01m[K/opt/ros/humble/include/rclcpp/rclcpp/any_service_callback.hpp:78:52:[m[K [01;31m[Kerror: [m[Kno matching function for call to ‘[01m[Kstd::variant<std::monostate, std::function<void(std::shared_ptr<my_robot_interfaces::srv::SetLed_Request_<std::allocator<void> > >, std::shared_ptr<my_robot_interfaces::srv::SetLed_Response_<std::allocator<void> > >)>, std::function<void(std::shared_ptr<rmw_request_id_s>, std::shared_ptr<my_robot_interfaces::srv::SetLed_Request_<std::allocator<void> > >, std::shared_ptr<my_robot_interfaces::srv::SetLed_Response_<std::allocator<void> > >)>, std::function<void(std::shared_ptr<rmw_request_id_s>, std::shared_ptr<my_robot_interfaces::srv::SetLed_Request_<std::allocator<void> > >)>, std::function<void(std::shared_ptr<rclcpp::Service<my_robot_interfaces::srv::SetLed> >, std::shared_ptr<rmw_request_id_s>, std::shared_ptr<my_robot_interfaces::srv::SetLed_Request_<std::allocator<void> > >)> >::emplace<rclcpp::AnyServiceCallback<my_robot_interfaces::srv::SetLed>::SharedPtrCallback>(std::_Bind<void (LedPanelPublisherNode::*(std::_Placeholder<1>, std::_Placeholder<2>))(std::shared_ptr<my_robot_interfaces::srv::SetLed_Request_<std::allocator<void> > >, std::shared_ptr<my_robot_interfaces::srv::SetLed_Response_<std::allocator<void> > >)>&)[m[K’
[1.415s]    78 |       [01;31m[Kcallback_.template emplace<SharedPtrCallback>(callback)[m[K;
[1.415s]       |       [01;31m[K~~~~~~~~~~~~~~~~~~~~~~~~~~~~~~~~~~~~~~~~~~~~~^~~~~~~~~~[m[K
[1.415s] In file included from [01m[K/opt/ros/humble/include/rclcpp/rclcpp/client.hpp:28[m[K,
[1.415s]                  from [01m[K/opt/ros/humble/include/rclcpp/rclcpp/callback_group.hpp:24[m[K,
[1.415s]                  from [01m[K/opt/ros/humble/include/rclcpp/rclcpp/any_executable.hpp:20[m[K,
[1.415s]                  from [01m[K/opt/ros/humble/include/rclcpp/rclcpp/memory_strategy.hpp:25[m[K,
[1.415s]                  from [01m[K/opt/ros/humble/include/rclcpp/rclcpp/memory_strategies.hpp:18[m[K,
[1.415s]                  from [01m[K/opt/ros/humble/include/rclcpp/rclcpp/executor_options.hpp:20[m[K,
[1.415s]                  from [01m[K/opt/ros/humble/include/rclcpp/rclcpp/executor.hpp:37[m[K,
[1.415s]                  from [01m[K/opt/ros/humble/include/rclcpp/rclcpp/executors/multi_threaded_executor.hpp:25[m[K,
[1.415s]                  from [01m[K/opt/ros/humble/include/rclcpp/rclcpp/executors.hpp:21[m[K,
[1.415s]                  from [01m[K/opt/ros/humble/include/rclcpp/rclcpp/rclcpp.hpp:155[m[K,
[1.415s]                  from [01m[K/home/cleanseasolutions/ros2_ws/src/my_cpp_pkg/src/led_panel_node.cpp:1[m[K:
[1.415s] [01m[K/usr/include/c++/11/variant:1485:9:[m[K [01;36m[Knote: [m[Kcandidate: ‘[01m[Ktemplate<class _Tp, class ... _Args> std::enable_if_t<(is_constructible_v<_Tp, _Args ...> && __exactly_once<_Tp>), _Tp&> std::variant<_Types>::emplace(_Args&& ...) [with _Tp = _Tp; _Args = {_Args ...}; _Types = {std::monostate, std::function<void(std::shared_ptr<my_robot_interfaces::srv::SetLed_Request_<std::allocator<void> > >, std::shared_ptr<my_robot_interfaces::srv::SetLed_Response_<std::allocator<void> > >)>, std::function<void(std::shared_ptr<rmw_request_id_s>, std::shared_ptr<my_robot_interfaces::srv::SetLed_Request_<std::allocator<void> > >, std::shared_ptr<my_robot_interfaces::srv::SetLed_Response_<std::allocator<void> > >)>, std::function<void(std::shared_ptr<rmw_request_id_s>, std::shared_ptr<my_robot_interfaces::srv::SetLed_Request_<std::allocator<void> > >)>, std::function<void(std::shared_ptr<rclcpp::Service<my_robot_interfaces::srv::SetLed> >, std::shared_ptr<rmw_request_id_s>, std::shared_ptr<my_robot_interfaces::srv::SetLed_Request_<std::allocator<void> > >)>}][m[K’
[1.415s]  1485 |         [01;36m[Kemplace[m[K(_Args&&... __args)
[1.415s]       |         [01;36m[K^~~~~~~[m[K
[1.415s] [01m[K/usr/include/c++/11/variant:1485:9:[m[K [01;36m[Knote: [m[K  template argument deduction/substitution failed:
[1.415s] In file included from [01m[K/usr/include/c++/11/bits/move.h:57[m[K,
[1.415s]                  from [01m[K/usr/include/c++/11/bits/stl_pair.h:59[m[K,
[1.415s]                  from [01m[K/usr/include/c++/11/bits/stl_algobase.h:64[m[K,
[1.415s]                  from [01m[K/usr/include/c++/11/memory:63[m[K,
[1.415s]                  from [01m[K/opt/ros/humble/include/rclcpp/rclcpp/rclcpp.hpp:153[m[K,
[1.415s]                  from [01m[K/home/cleanseasolutions/ros2_ws/src/my_cpp_pkg/src/led_panel_node.cpp:1[m[K:
[1.415s] /usr/include/c++/11/type_traits: In substitution of ‘[01m[Ktemplate<bool _Cond, class _Tp> using enable_if_t = typename std::enable_if::type [with bool _Cond = false; _Tp = std::function<void(std::shared_ptr<my_robot_interfaces::srv::SetLed_Request_<std::allocator<void> > >, std::shared_ptr<my_robot_interfaces::srv::SetLed_Response_<std::allocator<void> > >)>&][m[K’:
[1.415s] [01m[K/usr/include/c++/11/variant:1485:2:[m[K   required by substitution of ‘[01m[Ktemplate<class _Tp, class ... _Args> std::enable_if_t<(is_constructible_v<_Tp, _Args ...> && __exactly_once<_Tp>), _Tp&> std::variant<std::monostate, std::function<void(std::shared_ptr<my_robot_interfaces::srv::SetLed_Request_<std::allocator<void> > >, std::shared_ptr<my_robot_interfaces::srv::SetLed_Response_<std::allocator<void> > >)>, std::function<void(std::shared_ptr<rmw_request_id_s>, std::shared_ptr<my_robot_interfaces::srv::SetLed_Request_<std::allocator<void> > >, std::shared_ptr<my_robot_interfaces::srv::SetLed_Response_<std::allocator<void> > >)>, std::function<void(std::shared_ptr<rmw_request_id_s>, std::shared_ptr<my_robot_interfaces::srv::SetLed_Request_<std::allocator<void> > >)>, std::function<void(std::shared_ptr<rclcpp::Service<my_robot_interfaces::srv::SetLed> >, std::shared_ptr<rmw_request_id_s>, std::shared_ptr<my_robot_interfaces::srv::SetLed_Request_<std::allocator<void> > >)> >::emplace<_Tp, _Args ...>(_Args&& ...) [with _Tp = std::function<void(std::shared_ptr<my_robot_interfaces::srv::SetLed_Request_<std::allocator<void> > >, std::shared_ptr<my_robot_interfaces::srv::SetLed_Response_<std::allocator<void> > >)>; _Args = {std::_Bind<void (LedPanelPublisherNode::*(std::_Placeholder<1>, std::_Placeholder<2>))(std::shared_ptr<my_robot_interfaces::srv::SetLed_Request_<std::allocator<void> > >, std::shared_ptr<my_robot_interfaces::srv::SetLed_Response_<std::allocator<void> > >)>&}][m[K’
[1.415s] [01m[K/opt/ros/humble/include/rclcpp/rclcpp/any_service_callback.hpp:78:52:[m[K   required from ‘[01m[Kvoid rclcpp::AnyServiceCallback<ServiceT>::set(CallbackT&&) [with CallbackT = std::_Bind<void (LedPanelPublisherNode::*(std::_Placeholder<1>, std::_Placeholder<2>))(std::shared_ptr<my_robot_interfaces::srv::SetLed_Request_<std::allocator<void> > >, std::shared_ptr<my_robot_interfaces::srv::SetLed_Response_<std::allocator<void> > >)>; typename std::enable_if<(! rclcpp::detail::can_be_nullptr<CallbackT>::value), int>::type <anonymous> = 0; ServiceT = my_robot_interfaces::srv::SetLed][m[K’
[1.415s] [01m[K/opt/ros/humble/include/rclcpp/rclcpp/create_service.hpp:43:27:[m[K   required from ‘[01m[Ktypename rclcpp::Service<ServiceT>::SharedPtr rclcpp::create_service(std::shared_ptr<rclcpp::node_interfaces::NodeBaseInterface>, std::shared_ptr<rclcpp::node_interfaces::NodeServicesInterface>, const string&, CallbackT&&, const rmw_qos_profile_t&, rclcpp::CallbackGroup::SharedPtr) [with ServiceT = my_robot_interfaces::srv::SetLed; CallbackT = std::_Bind<void (LedPanelPublisherNode::*(std::_Placeholder<1>, std::_Placeholder<2>))(std::shared_ptr<my_robot_interfaces::srv::SetLed_Request_<std::allocator<void> > >, std::shared_ptr<my_robot_interfaces::srv::SetLed_Response_<std::allocator<void> > >)>; typename rclcpp::Service<ServiceT>::SharedPtr = std::shared_ptr<rclcpp::Service<my_robot_interfaces::srv::SetLed> >; std::string = std::__cxx11::basic_string<char>; rmw_qos_profile_t = rmw_qos_profile_s; rclcpp::CallbackGroup::SharedPtr = std::shared_ptr<rclcpp::CallbackGroup>][m[K’
[1.415s] [01m[K/opt/ros/humble/include/rclcpp/rclcpp/node_impl.hpp:147:53:[m[K   required from ‘[01m[Ktypename rclcpp::Service<ServiceT>::SharedPtr rclcpp::Node::create_service(const string&, CallbackT&&, const rmw_qos_profile_t&, rclcpp::CallbackGroup::SharedPtr) [with ServiceT = my_robot_interfaces::srv::SetLed; CallbackT = std::_Bind<void (LedPanelPublisherNode::*(std::_Placeholder<1>, std::_Placeholder<2>))(std::shared_ptr<my_robot_interfaces::srv::SetLed_Request_<std::allocator<void> > >, std::shared_ptr<my_robot_interfaces::srv::SetLed_Response_<std::allocator<void> > >)>; typename rclcpp::Service<ServiceT>::SharedPtr = std::shared_ptr<rclcpp::Service<my_robot_interfaces::srv::SetLed> >; std::string = std::__cxx11::basic_string<char>; rmw_qos_profile_t = rmw_qos_profile_s; rclcpp::CallbackGroup::SharedPtr = std::shared_ptr<rclcpp::CallbackGroup>][m[K’
[1.415s] [01m[K/home/cleanseasolutions/ros2_ws/src/my_cpp_pkg/src/led_panel_node.cpp:16:82:[m[K   required from here
[1.415s] [01m[K/usr/include/c++/11/type_traits:2579:11:[m[K [01;31m[Kerror: [m[Kno type named ‘[01m[Ktype[m[K’ in ‘[01m[Kstruct std::enable_if<false, std::function<void(std::shared_ptr<my_robot_interfaces::srv::SetLed_Request_<std::allocator<void> > >, std::shared_ptr<my_robot_interfaces::srv::SetLed_Response_<std::allocator<void> > >)>&>[m[K’
[1.416s]  2579 |     using [01;31m[Kenable_if_t[m[K = typename enable_if<_Cond, _Tp>::type;
[1.416s]       |           [01;31m[K^~~~~~~~~~~[m[K
[1.416s] In file included from [01m[K/opt/ros/humble/include/rclcpp/rclcpp/client.hpp:28[m[K,
[1.416s]                  from [01m[K/opt/ros/humble/include/rclcpp/rclcpp/callback_group.hpp:24[m[K,
[1.416s]                  from [01m[K/opt/ros/humble/include/rclcpp/rclcpp/any_executable.hpp:20[m[K,
[1.416s]                  from [01m[K/opt/ros/humble/include/rclcpp/rclcpp/memory_strategy.hpp:25[m[K,
[1.416s]                  from [01m[K/opt/ros/humble/include/rclcpp/rclcpp/memory_strategies.hpp:18[m[K,
[1.416s]                  from [01m[K/opt/ros/humble/include/rclcpp/rclcpp/executor_options.hpp:20[m[K,
[1.416s]                  from [01m[K/opt/ros/humble/include/rclcpp/rclcpp/executor.hpp:37[m[K,
[1.416s]                  from [01m[K/opt/ros/humble/include/rclcpp/rclcpp/executors/multi_threaded_executor.hpp:25[m[K,
[1.416s]                  from [01m[K/opt/ros/humble/include/rclcpp/rclcpp/executors.hpp:21[m[K,
[1.416s]                  from [01m[K/opt/ros/humble/include/rclcpp/rclcpp/rclcpp.hpp:155[m[K,
[1.416s]                  from [01m[K/home/cleanseasolutions/ros2_ws/src/my_cpp_pkg/src/led_panel_node.cpp:1[m[K:
[1.416s] /opt/ros/humble/include/rclcpp/rclcpp/any_service_callback.hpp: In instantiation of ‘[01m[Kvoid rclcpp::AnyServiceCallback<ServiceT>::set(CallbackT&&) [with CallbackT = std::_Bind<void (LedPanelPublisherNode::*(std::_Placeholder<1>, std::_Placeholder<2>))(std::shared_ptr<my_robot_interfaces::srv::SetLed_Request_<std::allocator<void> > >, std::shared_ptr<my_robot_interfaces::srv::SetLed_Response_<std::allocator<void> > >)>; typename std::enable_if<(! rclcpp::detail::can_be_nullptr<CallbackT>::value), int>::type <anonymous> = 0; ServiceT = my_robot_interfaces::srv::SetLed][m[K’:
[1.416s] [01m[K/opt/ros/humble/include/rclcpp/rclcpp/create_service.hpp:43:27:[m[K   required from ‘[01m[Ktypename rclcpp::Service<ServiceT>::SharedPtr rclcpp::create_service(std::shared_ptr<rclcpp::node_interfaces::NodeBaseInterface>, std::shared_ptr<rclcpp::node_interfaces::NodeServicesInterface>, const string&, CallbackT&&, const rmw_qos_profile_t&, rclcpp::CallbackGroup::SharedPtr) [with ServiceT = my_robot_interfaces::srv::SetLed; CallbackT = std::_Bind<void (LedPanelPublisherNode::*(std::_Placeholder<1>, std::_Placeholder<2>))(std::shared_ptr<my_robot_interfaces::srv::SetLed_Request_<std::allocator<void> > >, std::shared_ptr<my_robot_interfaces::srv::SetLed_Response_<std::allocator<void> > >)>; typename rclcpp::Service<ServiceT>::SharedPtr = std::shared_ptr<rclcpp::Service<my_robot_interfaces::srv::SetLed> >; std::string = std::__cxx11::basic_string<char>; rmw_qos_profile_t = rmw_qos_profile_s; rclcpp::CallbackGroup::SharedPtr = std::shared_ptr<rclcpp::CallbackGroup>][m[K’
[1.416s] [01m[K/opt/ros/humble/include/rclcpp/rclcpp/node_impl.hpp:147:53:[m[K   required from ‘[01m[Ktypename rclcpp::Service<ServiceT>::SharedPtr rclcpp::Node::create_service(const string&, CallbackT&&, const rmw_qos_profile_t&, rclcpp::CallbackGroup::SharedPtr) [with ServiceT = my_robot_interfaces::srv::SetLed; CallbackT = std::_Bind<void (LedPanelPublisherNode::*(std::_Placeholder<1>, std::_Placeholder<2>))(std::shared_ptr<my_robot_interfaces::srv::SetLed_Request_<std::allocator<void> > >, std::shared_ptr<my_robot_interfaces::srv::SetLed_Response_<std::allocator<void> > >)>; typename rclcpp::Service<ServiceT>::SharedPtr = std::shared_ptr<rclcpp::Service<my_robot_interfaces::srv::SetLed> >; std::string = std::__cxx11::basic_string<char>; rmw_qos_profile_t = rmw_qos_profile_s; rclcpp::CallbackGroup::SharedPtr = std::shared_ptr<rclcpp::CallbackGroup>][m[K’
[1.416s] [01m[K/home/cleanseasolutions/ros2_ws/src/my_cpp_pkg/src/led_panel_node.cpp:16:82:[m[K   required from here
[1.416s] [01m[K/usr/include/c++/11/variant:1495:9:[m[K [01;36m[Knote: [m[Kcandidate: ‘[01m[Ktemplate<class _Tp, class _Up, class ... _Args> std::enable_if_t<(is_constructible_v<_Tp, std::initializer_list<_Up>&, _Args ...> && __exactly_once<_Tp>), _Tp&> std::variant<_Types>::emplace(std::initializer_list<_Up>, _Args&& ...) [with _Tp = _Tp; _Up = _Up; _Args = {_Args ...}; _Types = {std::monostate, std::function<void(std::shared_ptr<my_robot_interfaces::srv::SetLed_Request_<std::allocator<void> > >, std::shared_ptr<my_robot_interfaces::srv::SetLed_Response_<std::allocator<void> > >)>, std::function<void(std::shared_ptr<rmw_request_id_s>, std::shared_ptr<my_robot_interfaces::srv::SetLed_Request_<std::allocator<void> > >, std::shared_ptr<my_robot_interfaces::srv::SetLed_Response_<std::allocator<void> > >)>, std::function<void(std::shared_ptr<rmw_request_id_s>, std::shared_ptr<my_robot_interfaces::srv::SetLed_Request_<std::allocator<void> > >)>, std::function<void(std::shared_ptr<rclcpp::Service<my_robot_interfaces::srv::SetLed> >, std::shared_ptr<rmw_request_id_s>, std::shared_ptr<my_robot_interfaces::srv::SetLed_Request_<std::allocator<void> > >)>}][m[K’
[1.416s]  1495 |         [01;36m[Kemplace[m[K(initializer_list<_Up> __il, _Args&&... __args)
[1.416s]       |         [01;36m[K^~~~~~~[m[K
[1.416s] [01m[K/usr/include/c++/11/variant:1495:9:[m[K [01;36m[Knote: [m[K  template argument deduction/substitution failed:
[1.416s] In file included from [01m[K/opt/ros/humble/include/rclcpp/rclcpp/service.hpp:36[m[K,
[1.416s]                  from [01m[K/opt/ros/humble/include/rclcpp/rclcpp/callback_group.hpp:28[m[K,
[1.416s]                  from [01m[K/opt/ros/humble/include/rclcpp/rclcpp/any_executable.hpp:20[m[K,
[1.416s]                  from [01m[K/opt/ros/humble/include/rclcpp/rclcpp/memory_strategy.hpp:25[m[K,
[1.416s]                  from [01m[K/opt/ros/humble/include/rclcpp/rclcpp/memory_strategies.hpp:18[m[K,
[1.416s]                  from [01m[K/opt/ros/humble/include/rclcpp/rclcpp/executor_options.hpp:20[m[K,
[1.416s]                  from [01m[K/opt/ros/humble/include/rclcpp/rclcpp/executor.hpp:37[m[K,
[1.416s]                  from [01m[K/opt/ros/humble/include/rclcpp/rclcpp/executors/multi_threaded_executor.hpp:25[m[K,
[1.416s]                  from [01m[K/opt/ros/humble/include/rclcpp/rclcpp/executors.hpp:21[m[K,
[1.416s]                  from [01m[K/opt/ros/humble/include/rclcpp/rclcpp/rclcpp.hpp:155[m[K,
[1.416s]                  from [01m[K/home/cleanseasolutions/ros2_ws/src/my_cpp_pkg/src/led_panel_node.cpp:1[m[K:
[1.416s] [01m[K/opt/ros/humble/include/rclcpp/rclcpp/any_service_callback.hpp:78:52:[m[K [01;36m[Knote: [m[K  ‘[01m[Kstd::_Bind<void (LedPanelPublisherNode::*(std::_Placeholder<1>, std::_Placeholder<2>))(std::shared_ptr<my_robot_interfaces::srv::SetLed_Request_<std::allocator<void> > >, std::shared_ptr<my_robot_interfaces::srv::SetLed_Response_<std::allocator<void> > >)>[m[K’ is not derived from ‘[01m[Kstd::initializer_list<_Value>[m[K’
[1.416s]    78 |       [01;36m[Kcallback_.template emplace<SharedPtrCallback>(callback)[m[K;
[1.416s]       |       [01;36m[K~~~~~~~~~~~~~~~~~~~~~~~~~~~~~~~~~~~~~~~~~~~~~^~~~~~~~~~[m[K
[1.417s] In file included from [01m[K/opt/ros/humble/include/rclcpp/rclcpp/client.hpp:28[m[K,
[1.417s]                  from [01m[K/opt/ros/humble/include/rclcpp/rclcpp/callback_group.hpp:24[m[K,
[1.417s]                  from [01m[K/opt/ros/humble/include/rclcpp/rclcpp/any_executable.hpp:20[m[K,
[1.417s]                  from [01m[K/opt/ros/humble/include/rclcpp/rclcpp/memory_strategy.hpp:25[m[K,
[1.417s]                  from [01m[K/opt/ros/humble/include/rclcpp/rclcpp/memory_strategies.hpp:18[m[K,
[1.417s]                  from [01m[K/opt/ros/humble/include/rclcpp/rclcpp/executor_options.hpp:20[m[K,
[1.417s]                  from [01m[K/opt/ros/humble/include/rclcpp/rclcpp/executor.hpp:37[m[K,
[1.417s]                  from [01m[K/opt/ros/humble/include/rclcpp/rclcpp/executors/multi_threaded_executor.hpp:25[m[K,
[1.417s]                  from [01m[K/opt/ros/humble/include/rclcpp/rclcpp/executors.hpp:21[m[K,
[1.417s]                  from [01m[K/opt/ros/humble/include/rclcpp/rclcpp/rclcpp.hpp:155[m[K,
[1.417s]                  from [01m[K/home/cleanseasolutions/ros2_ws/src/my_cpp_pkg/src/led_panel_node.cpp:1[m[K:
[1.417s] [01m[K/usr/include/c++/11/variant:1505:9:[m[K [01;36m[Knote: [m[Kcandidate: ‘[01m[Ktemplate<long unsigned int _Np, class ... _Args> std::enable_if_t<is_constructible_v<typename std::variant_alternative<_Np, std::variant<_Types> >::type, _Args ...>, typename std::variant_alternative<_Np, std::variant<_Types> >::type&> std::variant<_Types>::emplace(_Args&& ...) [with long unsigned int _Np = _Np; _Args = {_Args ...}; _Types = {std::monostate, std::function<void(std::shared_ptr<my_robot_interfaces::srv::SetLed_Request_<std::allocator<void> > >, std::shared_ptr<my_robot_interfaces::srv::SetLed_Response_<std::allocator<void> > >)>, std::function<void(std::shared_ptr<rmw_request_id_s>, std::shared_ptr<my_robot_interfaces::srv::SetLed_Request_<std::allocator<void> > >, std::shared_ptr<my_robot_interfaces::srv::SetLed_Response_<std::allocator<void> > >)>, std::function<void(std::shared_ptr<rmw_request_id_s>, std::shared_ptr<my_robot_interfaces::srv::SetLed_Request_<std::allocator<void> > >)>, std::function<void(std::shared_ptr<rclcpp::Service<my_robot_interfaces::srv::SetLed> >, std::shared_ptr<rmw_request_id_s>, std::shared_ptr<my_robot_interfaces::srv::SetLed_Request_<std::allocator<void> > >)>}][m[K’
[1.417s]  1505 |         [01;36m[Kemplace[m[K(_Args&&... __args)
[1.417s]       |         [01;36m[K^~~~~~~[m[K
[1.417s] [01m[K/usr/include/c++/11/variant:1505:9:[m[K [01;36m[Knote: [m[K  template argument deduction/substitution failed:
[1.417s] In file included from [01m[K/opt/ros/humble/include/rclcpp/rclcpp/service.hpp:36[m[K,
[1.417s]                  from [01m[K/opt/ros/humble/include/rclcpp/rclcpp/callback_group.hpp:28[m[K,
[1.417s]                  from [01m[K/opt/ros/humble/include/rclcpp/rclcpp/any_executable.hpp:20[m[K,
[1.417s]                  from [01m[K/opt/ros/humble/include/rclcpp/rclcpp/memory_strategy.hpp:25[m[K,
[1.417s]                  from [01m[K/opt/ros/humble/include/rclcpp/rclcpp/memory_strategies.hpp:18[m[K,
[1.417s]                  from [01m[K/opt/ros/humble/include/rclcpp/rclcpp/executor_options.hpp:20[m[K,
[1.417s]                  from [01m[K/opt/ros/humble/include/rclcpp/rclcpp/executor.hpp:37[m[K,
[1.417s]                  from [01m[K/opt/ros/humble/include/rclcpp/rclcpp/executors/multi_threaded_executor.hpp:25[m[K,
[1.417s]                  from [01m[K/opt/ros/humble/include/rclcpp/rclcpp/executors.hpp:21[m[K,
[1.417s]                  from [01m[K/opt/ros/humble/include/rclcpp/rclcpp/rclcpp.hpp:155[m[K,
[1.417s]                  from [01m[K/home/cleanseasolutions/ros2_ws/src/my_cpp_pkg/src/led_panel_node.cpp:1[m[K:
[1.417s] [01m[K/opt/ros/humble/include/rclcpp/rclcpp/any_service_callback.hpp:78:52:[m[K [01;31m[Kerror: [m[Ktype/value mismatch at argument 1 in template parameter list for ‘[01m[Ktemplate<long unsigned int _Np, class ... _Args> std::enable_if_t<is_constructible_v<typename std::variant_alternative<_Np, std::variant<_Types> >::type, _Args ...>, typename std::variant_alternative<_Np, std::variant<_Types> >::type&> std::variant<_Types>::emplace(_Args&& ...) [with long unsigned int _Np = _Np; _Args = {_Args ...}; _Types = {std::monostate, std::function<void(std::shared_ptr<my_robot_interfaces::srv::SetLed_Request_<std::allocator<void> > >, std::shared_ptr<my_robot_interfaces::srv::SetLed_Response_<std::allocator<void> > >)>, std::function<void(std::shared_ptr<rmw_request_id_s>, std::shared_ptr<my_robot_interfaces::srv::SetLed_Request_<std::allocator<void> > >, std::shared_ptr<my_robot_interfaces::srv::SetLed_Response_<std::allocator<void> > >)>, std::function<void(std::shared_ptr<rmw_request_id_s>, std::shared_ptr<my_robot_interfaces::srv::SetLed_Request_<std::allocator<void> > >)>, std::function<void(std::shared_ptr<rclcpp::Service<my_robot_interfaces::srv::SetLed> >, std::shared_ptr<rmw_request_id_s>, std::shared_ptr<my_robot_interfaces::srv::SetLed_Request_<std::allocator<void> > >)>}][m[K’
[1.417s]    78 |       [01;31m[Kcallback_.template emplace<SharedPtrCallback>(callback)[m[K;
[1.417s]       |       [01;31m[K~~~~~~~~~~~~~~~~~~~~~~~~~~~~~~~~~~~~~~~~~~~~~^~~~~~~~~~[m[K
[1.417s] [01m[K/opt/ros/humble/include/rclcpp/rclcpp/any_service_callback.hpp:78:52:[m[K [01;36m[Knote: [m[K  expected a constant of type ‘[01m[Klong unsigned int[m[K’, got ‘[01m[Krclcpp::AnyServiceCallback<my_robot_interfaces::srv::SetLed>::SharedPtrCallback[m[K’ {aka ‘[01m[Kstd::function<void(std::shared_ptr<my_robot_interfaces::srv::SetLed_Request_<std::allocator<void> > >, std::shared_ptr<my_robot_interfaces::srv::SetLed_Response_<std::allocator<void> > >)>[m[K’}
[1.417s] In file included from [01m[K/opt/ros/humble/include/rclcpp/rclcpp/client.hpp:28[m[K,
[1.417s]                  from [01m[K/opt/ros/humble/include/rclcpp/rclcpp/callback_group.hpp:24[m[K,
[1.418s]                  from [01m[K/opt/ros/humble/include/rclcpp/rclcpp/any_executable.hpp:20[m[K,
[1.418s]                  from [01m[K/opt/ros/humble/include/rclcpp/rclcpp/memory_strategy.hpp:25[m[K,
[1.418s]                  from [01m[K/opt/ros/humble/include/rclcpp/rclcpp/memory_strategies.hpp:18[m[K,
[1.418s]                  from [01m[K/opt/ros/humble/include/rclcpp/rclcpp/executor_options.hpp:20[m[K,
[1.418s]                  from [01m[K/opt/ros/humble/include/rclcpp/rclcpp/executor.hpp:37[m[K,
[1.418s]                  from [01m[K/opt/ros/humble/include/rclcpp/rclcpp/executors/multi_threaded_executor.hpp:25[m[K,
[1.418s]                  from [01m[K/opt/ros/humble/include/rclcpp/rclcpp/executors.hpp:21[m[K,
[1.418s]                  from [01m[K/opt/ros/humble/include/rclcpp/rclcpp/rclcpp.hpp:155[m[K,
[1.418s]                  from [01m[K/home/cleanseasolutions/ros2_ws/src/my_cpp_pkg/src/led_panel_node.cpp:1[m[K:
[1.418s] [01m[K/usr/include/c++/11/variant:1551:9:[m[K [01;36m[Knote: [m[Kcandidate: ‘[01m[Ktemplate<long unsigned int _Np, class _Up, class ... _Args> std::enable_if_t<is_constructible_v<typename std::variant_alternative<_Np, std::variant<_Types> >::type, std::initializer_list<_Up>&, _Args ...>, typename std::variant_alternative<_Np, std::variant<_Types> >::type&> std::variant<_Types>::emplace(std::initializer_list<_Up>, _Args&& ...) [with long unsigned int _Np = _Np; _Up = _Up; _Args = {_Args ...}; _Types = {std::monostate, std::function<void(std::shared_ptr<my_robot_interfaces::srv::SetLed_Request_<std::allocator<void> > >, std::shared_ptr<my_robot_interfaces::srv::SetLed_Response_<std::allocator<void> > >)>, std::function<void(std::shared_ptr<rmw_request_id_s>, std::shared_ptr<my_robot_interfaces::srv::SetLed_Request_<std::allocator<void> > >, std::shared_ptr<my_robot_interfaces::srv::SetLed_Response_<std::allocator<void> > >)>, std::function<void(std::shared_ptr<rmw_request_id_s>, std::shared_ptr<my_robot_interfaces::srv::SetLed_Request_<std::allocator<void> > >)>, std::function<void(std::shared_ptr<rclcpp::Service<my_robot_interfaces::srv::SetLed> >, std::shared_ptr<rmw_request_id_s>, std::shared_ptr<my_robot_interfaces::srv::SetLed_Request_<std::allocator<void> > >)>}][m[K’
[1.418s]  1551 |         [01;36m[Kemplace[m[K(initializer_list<_Up> __il, _Args&&... __args)
[1.418s]       |         [01;36m[K^~~~~~~[m[K
[1.418s] [01m[K/usr/include/c++/11/variant:1551:9:[m[K [01;36m[Knote: [m[K  template argument deduction/substitution failed:
[1.418s] In file included from [01m[K/opt/ros/humble/include/rclcpp/rclcpp/service.hpp:36[m[K,
[1.418s]                  from [01m[K/opt/ros/humble/include/rclcpp/rclcpp/callback_group.hpp:28[m[K,
[1.418s]                  from [01m[K/opt/ros/humble/include/rclcpp/rclcpp/any_executable.hpp:20[m[K,
[1.418s]                  from [01m[K/opt/ros/humble/include/rclcpp/rclcpp/memory_strategy.hpp:25[m[K,
[1.418s]                  from [01m[K/opt/ros/humble/include/rclcpp/rclcpp/memory_strategies.hpp:18[m[K,
[1.418s]                  from [01m[K/opt/ros/humble/include/rclcpp/rclcpp/executor_options.hpp:20[m[K,
[1.418s]                  from [01m[K/opt/ros/humble/include/rclcpp/rclcpp/executor.hpp:37[m[K,
[1.418s]                  from [01m[K/opt/ros/humble/include/rclcpp/rclcpp/executors/multi_threaded_executor.hpp:25[m[K,
[1.418s]                  from [01m[K/opt/ros/humble/include/rclcpp/rclcpp/executors.hpp:21[m[K,
[1.418s]                  from [01m[K/opt/ros/humble/include/rclcpp/rclcpp/rclcpp.hpp:155[m[K,
[1.418s]                  from [01m[K/home/cleanseasolutions/ros2_ws/src/my_cpp_pkg/src/led_panel_node.cpp:1[m[K:
[1.418s] [01m[K/opt/ros/humble/include/rclcpp/rclcpp/any_service_callback.hpp:78:52:[m[K [01;31m[Kerror: [m[Ktype/value mismatch at argument 1 in template parameter list for ‘[01m[Ktemplate<long unsigned int _Np, class _Up, class ... _Args> std::enable_if_t<is_constructible_v<typename std::variant_alternative<_Np, std::variant<_Types> >::type, std::initializer_list<_Up>&, _Args ...>, typename std::variant_alternative<_Np, std::variant<_Types> >::type&> std::variant<_Types>::emplace(std::initializer_list<_Up>, _Args&& ...) [with long unsigned int _Np = _Np; _Up = _Up; _Args = {_Args ...}; _Types = {std::monostate, std::function<void(std::shared_ptr<my_robot_interfaces::srv::SetLed_Request_<std::allocator<void> > >, std::shared_ptr<my_robot_interfaces::srv::SetLed_Response_<std::allocator<void> > >)>, std::function<void(std::shared_ptr<rmw_request_id_s>, std::shared_ptr<my_robot_interfaces::srv::SetLed_Request_<std::allocator<void> > >, std::shared_ptr<my_robot_interfaces::srv::SetLed_Response_<std::allocator<void> > >)>, std::function<void(std::shared_ptr<rmw_request_id_s>, std::shared_ptr<my_robot_interfaces::srv::SetLed_Request_<std::allocator<void> > >)>, std::function<void(std::shared_ptr<rclcpp::Service<my_robot_interfaces::srv::SetLed> >, std::shared_ptr<rmw_request_id_s>, std::shared_ptr<my_robot_interfaces::srv::SetLed_Request_<std::allocator<void> > >)>}][m[K’
[1.418s]    78 |       [01;31m[Kcallback_.template emplace<SharedPtrCallback>(callback)[m[K;
[1.418s]       |       [01;31m[K~~~~~~~~~~~~~~~~~~~~~~~~~~~~~~~~~~~~~~~~~~~~~^~~~~~~~~~[m[K
[1.418s] [01m[K/opt/ros/humble/include/rclcpp/rclcpp/any_service_callback.hpp:78:52:[m[K [01;36m[Knote: [m[K  expected a constant of type ‘[01m[Klong unsigned int[m[K’, got ‘[01m[Krclcpp::AnyServiceCallback<my_robot_interfaces::srv::SetLed>::SharedPtrCallback[m[K’ {aka ‘[01m[Kstd::function<void(std::shared_ptr<my_robot_interfaces::srv::SetLed_Request_<std::allocator<void> > >, std::shared_ptr<my_robot_interfaces::srv::SetLed_Response_<std::allocator<void> > >)>[m[K’}
[1.751s] gmake[2]: *** [CMakeFiles/led_panel_status_publisher.dir/build.make:76: CMakeFiles/led_panel_status_publisher.dir/src/led_panel_node.cpp.o] Error 1
[1.751s] gmake[1]: *** [CMakeFiles/Makefile2:391: CMakeFiles/led_panel_status_publisher.dir/all] Error 2
[1.751s] gmake: *** [Makefile:146: all] Error 2
[1.753s] Invoked command in '/home/cleanseasolutions/ros2_ws/build/my_cpp_pkg' returned '2': CMAKE_PREFIX_PATH=${CMAKE_PREFIX_PATH}:/home/cleanseasolutions/ros2_ws/install/my_py_pkg:/opt/ros/humble /usr/bin/cmake --build /home/cleanseasolutions/ros2_ws/build/my_cpp_pkg -- -j16 -l16
