[0.451s] Invoking command in '/home/cleanseasolutions/ros2_ws/src/my_py_pkg': PYTHONPATH=/home/cleanseasolutions/ros2_ws/build/my_py_pkg/prefix_override:/home/cleanseasolutions/ros2_ws/install/my_py_pkg/lib/python3.10/site-packages:${PYTHONPATH} /usr/bin/python3 setup.py egg_info --egg-base ../../build/my_py_pkg build --build-base /home/cleanseasolutions/ros2_ws/build/my_py_pkg/build install --record /home/cleanseasolutions/ros2_ws/build/my_py_pkg/install.log --single-version-externally-managed
[0.586s] running egg_info
[0.587s] writing ../../build/my_py_pkg/my_py_pkg.egg-info/PKG-INFO
[0.587s] writing dependency_links to ../../build/my_py_pkg/my_py_pkg.egg-info/dependency_links.txt
[0.587s] writing entry points to ../../build/my_py_pkg/my_py_pkg.egg-info/entry_points.txt
[0.587s] writing requirements to ../../build/my_py_pkg/my_py_pkg.egg-info/requires.txt
[0.587s] writing top-level names to ../../build/my_py_pkg/my_py_pkg.egg-info/top_level.txt
[0.596s] reading manifest file '../../build/my_py_pkg/my_py_pkg.egg-info/SOURCES.txt'
[0.597s] writing manifest file '../../build/my_py_pkg/my_py_pkg.egg-info/SOURCES.txt'
[0.597s] running build
[0.597s] running build_py
[0.597s] copying my_py_pkg/my_first_node.py -> /home/cleanseasolutions/ros2_ws/build/my_py_pkg/build/lib/my_py_pkg
[0.597s] running install
[0.597s] running install_lib
[0.598s] copying /home/cleanseasolutions/ros2_ws/build/my_py_pkg/build/lib/my_py_pkg/my_first_node.py -> /home/cleanseasolutions/ros2_ws/install/my_py_pkg/lib/python3.10/site-packages/my_py_pkg
[0.598s] byte-compiling /home/cleanseasolutions/ros2_ws/install/my_py_pkg/lib/python3.10/site-packages/my_py_pkg/my_first_node.py to my_first_node.cpython-310.pyc
[0.598s] running install_data
[0.599s] running install_egg_info
[0.600s] removing '/home/cleanseasolutions/ros2_ws/install/my_py_pkg/lib/python3.10/site-packages/my_py_pkg-0.0.0-py3.10.egg-info' (and everything under it)
[0.600s] Copying ../../build/my_py_pkg/my_py_pkg.egg-info to /home/cleanseasolutions/ros2_ws/install/my_py_pkg/lib/python3.10/site-packages/my_py_pkg-0.0.0-py3.10.egg-info
[0.600s] running install_scripts
[0.614s] Installing py_node script to /home/cleanseasolutions/ros2_ws/install/my_py_pkg/lib/my_py_pkg
[0.614s] writing list of installed files to '/home/cleanseasolutions/ros2_ws/build/my_py_pkg/install.log'
[0.632s] Invoked command in '/home/cleanseasolutions/ros2_ws/src/my_py_pkg' returned '0': PYTHONPATH=/home/cleanseasolutions/ros2_ws/build/my_py_pkg/prefix_override:/home/cleanseasolutions/ros2_ws/install/my_py_pkg/lib/python3.10/site-packages:${PYTHONPATH} /usr/bin/python3 setup.py egg_info --egg-base ../../build/my_py_pkg build --build-base /home/cleanseasolutions/ros2_ws/build/my_py_pkg/build install --record /home/cleanseasolutions/ros2_ws/build/my_py_pkg/install.log --single-version-externally-managed
