[35m[1mConsolidate compiler generated dependencies of target count_until_server[0m
[ 50%] [32mBuilding CXX object CMakeFiles/count_until_server.dir/src/count_until_server.cpp.o[0m
[100%] [32m[1mLinking CXX executable count_until_server[0m
[100%] Built target count_until_server
-- Install configuration: ""
-- Installing: /home/sven/ros2_ws/install/actions_cpp/lib/actions_cpp/count_until_server
-- Set runtime path of "/home/sven/ros2_ws/install/actions_cpp/lib/actions_cpp/count_until_server" to ""
-- Installing: /home/sven/ros2_ws/install/actions_cpp/share/ament_index/resource_index/package_run_dependencies/actions_cpp
-- Installing: /home/sven/ros2_ws/install/actions_cpp/share/ament_index/resource_index/parent_prefix_path/actions_cpp
-- Installing: /home/sven/ros2_ws/install/actions_cpp/share/actions_cpp/environment/ament_prefix_path.sh
-- Installing: /home/sven/ros2_ws/install/actions_cpp/share/actions_cpp/environment/ament_prefix_path.dsv
-- Installing: /home/sven/ros2_ws/install/actions_cpp/share/actions_cpp/environment/path.sh
-- Installing: /home/sven/ros2_ws/install/actions_cpp/share/actions_cpp/environment/path.dsv
-- Installing: /home/sven/ros2_ws/install/actions_cpp/share/actions_cpp/local_setup.bash
-- Installing: /home/sven/ros2_ws/install/actions_cpp/share/actions_cpp/local_setup.sh
-- Installing: /home/sven/ros2_ws/install/actions_cpp/share/actions_cpp/local_setup.zsh
-- Installing: /home/sven/ros2_ws/install/actions_cpp/share/actions_cpp/local_setup.dsv
-- Installing: /home/sven/ros2_ws/install/actions_cpp/share/actions_cpp/package.dsv
-- Installing: /home/sven/ros2_ws/install/actions_cpp/share/ament_index/resource_index/packages/actions_cpp
-- Installing: /home/sven/ros2_ws/install/actions_cpp/share/actions_cpp/cmake/actions_cppConfig.cmake
-- Installing: /home/sven/ros2_ws/install/actions_cpp/share/actions_cpp/cmake/actions_cppConfig-version.cmake
-- Installing: /home/sven/ros2_ws/install/actions_cpp/share/actions_cpp/package.xml
