running develop
/usr/lib/python3/dist-packages/setuptools/command/easy_install.py:158: EasyInstallDeprecationWarning: easy_install command is deprecated. Use build and pip and other standards-based tools.
  warnings.warn(
/usr/lib/python3/dist-packages/setuptools/command/install.py:34: SetuptoolsDeprecationWarning: setup.py install is deprecated. Use build and pip and other standards-based tools.
  warnings.warn(
running egg_info
writing lifecycle_py.egg-info/PKG-INFO
writing dependency_links to lifecycle_py.egg-info/dependency_links.txt
writing entry points to lifecycle_py.egg-info/entry_points.txt
writing requirements to lifecycle_py.egg-info/requires.txt
writing top-level names to lifecycle_py.egg-info/top_level.txt
reading manifest file 'lifecycle_py.egg-info/SOURCES.txt'
writing manifest file 'lifecycle_py.egg-info/SOURCES.txt'
running build_ext
Creating /home/sven/ros2_ws/install/lifecycle_py/lib/python3.10/site-packages/lifecycle-py.egg-link (link to .)
Installing lifecycle_node_manager script to /home/sven/ros2_ws/install/lifecycle_py/lib/lifecycle_py
Installing move_robot_startup script to /home/sven/ros2_ws/install/lifecycle_py/lib/lifecycle_py
Installing number_publisher script to /home/sven/ros2_ws/install/lifecycle_py/lib/lifecycle_py

Installed /home/sven/ros2_ws/build/lifecycle_py
running install_data
