[0.315s] Invoking command in '/home/sven/ros2_ws/src/executors_py': PYTHONPATH=/home/sven/ros2_ws/build/executors_py/prefix_override:/home/sven/ros2_ws/install/executors_py/lib/python3.10/site-packages:${PYTHONPATH} /usr/bin/python3 setup.py egg_info --egg-base ../../build/executors_py build --build-base /home/sven/ros2_ws/build/executors_py/build install --record /home/sven/ros2_ws/build/executors_py/install.log --single-version-externally-managed
[0.412s] running egg_info
[0.412s] creating ../../build/executors_py/executors_py.egg-info
[0.412s] writing ../../build/executors_py/executors_py.egg-info/PKG-INFO
[0.413s] writing dependency_links to ../../build/executors_py/executors_py.egg-info/dependency_links.txt
[0.413s] writing entry points to ../../build/executors_py/executors_py.egg-info/entry_points.txt
[0.413s] writing requirements to ../../build/executors_py/executors_py.egg-info/requires.txt
[0.413s] writing top-level names to ../../build/executors_py/executors_py.egg-info/top_level.txt
[0.413s] writing manifest file '../../build/executors_py/executors_py.egg-info/SOURCES.txt'
[0.413s] reading manifest file '../../build/executors_py/executors_py.egg-info/SOURCES.txt'
[0.414s] writing manifest file '../../build/executors_py/executors_py.egg-info/SOURCES.txt'
[0.414s] running build
[0.414s] running build_py
[0.414s] creating /home/sven/ros2_ws/build/executors_py/build
[0.414s] creating /home/sven/ros2_ws/build/executors_py/build/lib
[0.414s] creating /home/sven/ros2_ws/build/executors_py/build/lib/executors_py
[0.414s] copying executors_py/multi_threaded_executor.py -> /home/sven/ros2_ws/build/executors_py/build/lib/executors_py
[0.414s] copying executors_py/single_threaded_executor.py -> /home/sven/ros2_ws/build/executors_py/build/lib/executors_py
[0.414s] copying executors_py/__init__.py -> /home/sven/ros2_ws/build/executors_py/build/lib/executors_py
[0.414s] copying executors_py/number_publisher.py -> /home/sven/ros2_ws/build/executors_py/build/lib/executors_py
[0.414s] running install
[0.414s] /usr/lib/python3/dist-packages/setuptools/command/install.py:34: SetuptoolsDeprecationWarning: setup.py install is deprecated. Use build and pip and other standards-based tools.
[0.414s]   warnings.warn(
[0.414s] running install_lib
[0.414s] creating /home/sven/ros2_ws/install/executors_py/lib/python3.10/site-packages/executors_py
[0.414s] copying /home/sven/ros2_ws/build/executors_py/build/lib/executors_py/multi_threaded_executor.py -> /home/sven/ros2_ws/install/executors_py/lib/python3.10/site-packages/executors_py
[0.414s] copying /home/sven/ros2_ws/build/executors_py/build/lib/executors_py/single_threaded_executor.py -> /home/sven/ros2_ws/install/executors_py/lib/python3.10/site-packages/executors_py
[0.414s] copying /home/sven/ros2_ws/build/executors_py/build/lib/executors_py/__init__.py -> /home/sven/ros2_ws/install/executors_py/lib/python3.10/site-packages/executors_py
[0.415s] copying /home/sven/ros2_ws/build/executors_py/build/lib/executors_py/number_publisher.py -> /home/sven/ros2_ws/install/executors_py/lib/python3.10/site-packages/executors_py
[0.415s] byte-compiling /home/sven/ros2_ws/install/executors_py/lib/python3.10/site-packages/executors_py/multi_threaded_executor.py to multi_threaded_executor.cpython-310.pyc
[0.415s] byte-compiling /home/sven/ros2_ws/install/executors_py/lib/python3.10/site-packages/executors_py/single_threaded_executor.py to single_threaded_executor.cpython-310.pyc
[0.415s] byte-compiling /home/sven/ros2_ws/install/executors_py/lib/python3.10/site-packages/executors_py/__init__.py to __init__.cpython-310.pyc
[0.415s] byte-compiling /home/sven/ros2_ws/install/executors_py/lib/python3.10/site-packages/executors_py/number_publisher.py to number_publisher.cpython-310.pyc
[0.415s] running install_data
[0.415s] creating /home/sven/ros2_ws/install/executors_py/share/ament_index
[0.416s] creating /home/sven/ros2_ws/install/executors_py/share/ament_index/resource_index
[0.416s] creating /home/sven/ros2_ws/install/executors_py/share/ament_index/resource_index/packages
[0.416s] copying resource/executors_py -> /home/sven/ros2_ws/install/executors_py/share/ament_index/resource_index/packages
[0.416s] copying package.xml -> /home/sven/ros2_ws/install/executors_py/share/executors_py
[0.416s] running install_egg_info
[0.416s] Copying ../../build/executors_py/executors_py.egg-info to /home/sven/ros2_ws/install/executors_py/lib/python3.10/site-packages/executors_py-0.0.0-py3.10.egg-info
[0.417s] running install_scripts
[0.426s] Installing multi_threaded_executor script to /home/sven/ros2_ws/install/executors_py/lib/executors_py
[0.426s] Installing single_threaded_executor script to /home/sven/ros2_ws/install/executors_py/lib/executors_py
[0.426s] writing list of installed files to '/home/sven/ros2_ws/build/executors_py/install.log'
[0.436s] Invoked command in '/home/sven/ros2_ws/src/executors_py' returned '0': PYTHONPATH=/home/sven/ros2_ws/build/executors_py/prefix_override:/home/sven/ros2_ws/install/executors_py/lib/python3.10/site-packages:${PYTHONPATH} /usr/bin/python3 setup.py egg_info --egg-base ../../build/executors_py build --build-base /home/sven/ros2_ws/build/executors_py/build install --record /home/sven/ros2_ws/build/executors_py/install.log --single-version-externally-managed
