[0.364s] Invoking command in '/home/cleanseasolutions/ros2_ws/build/my_py_pkg': PYTHONPATH=/home/cleanseasolutions/ros2_ws/build/my_py_pkg/prefix_override:/home/cleanseasolutions/ros2_ws/install/my_py_pkg/lib/python3.10/site-packages:${PYTHONPATH} /usr/bin/python3 setup.py develop --editable --build-directory /home/cleanseasolutions/ros2_ws/build/my_py_pkg/build --no-deps install_data
[0.496s] running develop
[0.566s] running egg_info
[0.566s] writing my_py_pkg.egg-info/PKG-INFO
[0.566s] writing dependency_links to my_py_pkg.egg-info/dependency_links.txt
[0.566s] writing entry points to my_py_pkg.egg-info/entry_points.txt
[0.566s] writing requirements to my_py_pkg.egg-info/requires.txt
[0.566s] writing top-level names to my_py_pkg.egg-info/top_level.txt
[0.567s] reading manifest file 'my_py_pkg.egg-info/SOURCES.txt'
[0.567s] writing manifest file 'my_py_pkg.egg-info/SOURCES.txt'
[0.568s] running build_ext
[0.568s] Creating /home/cleanseasolutions/ros2_ws/install/my_py_pkg/lib/python3.10/site-packages/my-py-pkg.egg-link (link to .)
[0.569s] Installing number_counter script to /home/cleanseasolutions/ros2_ws/install/my_py_pkg/lib/my_py_pkg
[0.569s] Installing number_publisher script to /home/cleanseasolutions/ros2_ws/install/my_py_pkg/lib/my_py_pkg
[0.569s] Installing py_node script to /home/cleanseasolutions/ros2_ws/install/my_py_pkg/lib/my_py_pkg
[0.569s] Installing robot_news_station script to /home/cleanseasolutions/ros2_ws/install/my_py_pkg/lib/my_py_pkg
[0.569s] Installing smartphone script to /home/cleanseasolutions/ros2_ws/install/my_py_pkg/lib/my_py_pkg
[0.569s] 
[0.569s] Installed /home/cleanseasolutions/ros2_ws/build/my_py_pkg
[0.569s] running install_data
[0.586s] Invoked command in '/home/cleanseasolutions/ros2_ws/build/my_py_pkg' returned '0': PYTHONPATH=/home/cleanseasolutions/ros2_ws/build/my_py_pkg/prefix_override:/home/cleanseasolutions/ros2_ws/install/my_py_pkg/lib/python3.10/site-packages:${PYTHONPATH} /usr/bin/python3 setup.py develop --editable --build-directory /home/cleanseasolutions/ros2_ws/build/my_py_pkg/build --no-deps install_data
