[0.029s] Invoking command in '/home/cleanseasolutions/ros2_ws/build/my_robot_bringup': CMAKE_PREFIX_PATH=${CMAKE_PREFIX_PATH}:/home/cleanseasolutions/ros2_ws/install/my_py_pkg:/opt/ros/humble /usr/bin/cmake /home/cleanseasolutions/ros2_ws/src/my_robot_bringup -DAMENT_CMAKE_SYMLINK_INSTALL=1 -DCMAKE_INSTALL_PREFIX=/home/cleanseasolutions/ros2_ws/install/my_robot_bringup
[0.079s] -- The C compiler identification is GNU 11.4.0
[0.112s] -- The CXX compiler identification is GNU 11.4.0
[0.117s] -- Detecting C compiler ABI info
[0.158s] -- Detecting C compiler ABI info - done
[0.162s] -- Check for working C compiler: /usr/bin/cc - skipped
[0.163s] -- Detecting C compile features
[0.163s] -- Detecting C compile features - done
[0.165s] -- Detecting CXX compiler ABI info
[0.212s] -- Detecting CXX compiler ABI info - done
[0.216s] -- Check for working CXX compiler: /usr/bin/c++ - skipped
[0.217s] -- Detecting CXX compile features
[0.217s] -- Detecting CXX compile features - done
[0.219s] -- Found ament_cmake: 1.3.7 (/opt/ros/humble/share/ament_cmake/cmake)
[0.319s] -- Found Python3: /usr/bin/python3.10 (found version "3.10.12") found components: Interpreter 
[0.356s] -- Override CMake install command with custom implementation using symlinks instead of copying resources
[0.410s] -- Configuring done
[0.411s] -- Generating done
[0.411s] -- Build files have been written to: /home/cleanseasolutions/ros2_ws/build/my_robot_bringup
[0.414s] Invoked command in '/home/cleanseasolutions/ros2_ws/build/my_robot_bringup' returned '0': CMAKE_PREFIX_PATH=${CMAKE_PREFIX_PATH}:/home/cleanseasolutions/ros2_ws/install/my_py_pkg:/opt/ros/humble /usr/bin/cmake /home/cleanseasolutions/ros2_ws/src/my_robot_bringup -DAMENT_CMAKE_SYMLINK_INSTALL=1 -DCMAKE_INSTALL_PREFIX=/home/cleanseasolutions/ros2_ws/install/my_robot_bringup
[0.415s] Invoking command in '/home/cleanseasolutions/ros2_ws/build/my_robot_bringup': CMAKE_PREFIX_PATH=${CMAKE_PREFIX_PATH}:/home/cleanseasolutions/ros2_ws/install/my_py_pkg:/opt/ros/humble /usr/bin/cmake --build /home/cleanseasolutions/ros2_ws/build/my_robot_bringup -- -j16 -l16
[0.437s] Invoked command in '/home/cleanseasolutions/ros2_ws/build/my_robot_bringup' returned '0': CMAKE_PREFIX_PATH=${CMAKE_PREFIX_PATH}:/home/cleanseasolutions/ros2_ws/install/my_py_pkg:/opt/ros/humble /usr/bin/cmake --build /home/cleanseasolutions/ros2_ws/build/my_robot_bringup -- -j16 -l16
[0.457s] Invoking command in '/home/cleanseasolutions/ros2_ws/build/my_robot_bringup': CMAKE_PREFIX_PATH=${CMAKE_PREFIX_PATH}:/home/cleanseasolutions/ros2_ws/install/my_py_pkg:/opt/ros/humble /usr/bin/cmake --install /home/cleanseasolutions/ros2_ws/build/my_robot_bringup
[0.461s] -- Install configuration: ""
[0.461s] -- Execute custom install script
[0.461s] -- Symlinking: /home/cleanseasolutions/ros2_ws/install/my_robot_bringup/share/my_robot_bringup/launch/number_app.launch.py
[0.467s] -- Symlinking: /home/cleanseasolutions/ros2_ws/install/my_robot_bringup/share/ament_index/resource_index/package_run_dependencies/my_robot_bringup
[0.472s] -- Symlinking: /home/cleanseasolutions/ros2_ws/install/my_robot_bringup/share/ament_index/resource_index/parent_prefix_path/my_robot_bringup
[0.478s] -- Symlinking: /home/cleanseasolutions/ros2_ws/install/my_robot_bringup/share/my_robot_bringup/environment/ament_prefix_path.sh
[0.483s] -- Symlinking: /home/cleanseasolutions/ros2_ws/install/my_robot_bringup/share/my_robot_bringup/environment/ament_prefix_path.dsv
[0.487s] -- Symlinking: /home/cleanseasolutions/ros2_ws/install/my_robot_bringup/share/my_robot_bringup/environment/path.sh
[0.492s] -- Symlinking: /home/cleanseasolutions/ros2_ws/install/my_robot_bringup/share/my_robot_bringup/environment/path.dsv
[0.497s] -- Symlinking: /home/cleanseasolutions/ros2_ws/install/my_robot_bringup/share/my_robot_bringup/local_setup.bash
[0.502s] -- Symlinking: /home/cleanseasolutions/ros2_ws/install/my_robot_bringup/share/my_robot_bringup/local_setup.sh
[0.508s] -- Symlinking: /home/cleanseasolutions/ros2_ws/install/my_robot_bringup/share/my_robot_bringup/local_setup.zsh
[0.512s] -- Symlinking: /home/cleanseasolutions/ros2_ws/install/my_robot_bringup/share/my_robot_bringup/local_setup.dsv
[0.517s] -- Symlinking: /home/cleanseasolutions/ros2_ws/install/my_robot_bringup/share/my_robot_bringup/package.dsv
[0.521s] -- Symlinking: /home/cleanseasolutions/ros2_ws/install/my_robot_bringup/share/ament_index/resource_index/packages/my_robot_bringup
[0.526s] -- Symlinking: /home/cleanseasolutions/ros2_ws/install/my_robot_bringup/share/my_robot_bringup/cmake/my_robot_bringupConfig.cmake
[0.530s] -- Symlinking: /home/cleanseasolutions/ros2_ws/install/my_robot_bringup/share/my_robot_bringup/cmake/my_robot_bringupConfig-version.cmake
[0.535s] -- Symlinking: /home/cleanseasolutions/ros2_ws/install/my_robot_bringup/share/my_robot_bringup/package.xml
[0.542s] Invoked command in '/home/cleanseasolutions/ros2_ws/build/my_robot_bringup' returned '0': CMAKE_PREFIX_PATH=${CMAKE_PREFIX_PATH}:/home/cleanseasolutions/ros2_ws/install/my_py_pkg:/opt/ros/humble /usr/bin/cmake --install /home/cleanseasolutions/ros2_ws/build/my_robot_bringup
