[0.041s] Invoking command in '/home/sven/ros2_ws/build/actions_cpp': CMAKE_PREFIX_PATH=/home/sven/ros2_ws/install/my_robot_interfaces:/home/sven/ros2_ws/install/turtlesim_catch_them_all:/home/sven/ros2_ws/install/my_robot_bringup:/home/sven/ros2_ws/install/my_cpp_pkg:/home/sven/ros2_ws/install/actions_cpp:/home/sven/ros2_ws/install/my_robot_description:/home/sven/install/my_robot_description:/home/sven/ros2_ws/install/my_py_pkg:/home/sven/ros2_ws/install/actions_py:/opt/ros/humble LD_LIBRARY_PATH=/home/sven/ros2_ws/install/my_robot_interfaces/lib:/usr/lib/x86_64-linux-gnu/gazebo-11/plugins:/opt/ros/humble/opt/rviz_ogre_vendor/lib:/opt/ros/humble/lib/x86_64-linux-gnu:/opt/ros/humble/lib:/usr/share/gazebo/../../lib/x86_64-linux-gnu/gazebo-11/plugins /usr/bin/cmake --build /home/sven/ros2_ws/build/actions_cpp -- -j20 -l20
[0.055s] -- Found ament_cmake: 1.3.8 (/opt/ros/humble/share/ament_cmake/cmake)
[0.120s] -- Found rclcpp: 16.0.8 (/opt/ros/humble/share/rclcpp/cmake)
[0.134s] -- Found rosidl_generator_c: 3.1.5 (/opt/ros/humble/share/rosidl_generator_c/cmake)
[0.135s] -- Found rosidl_adapter: 3.1.5 (/opt/ros/humble/share/rosidl_adapter/cmake)
[0.138s] -- Found rosidl_generator_cpp: 3.1.5 (/opt/ros/humble/share/rosidl_generator_cpp/cmake)
[0.143s] -- Using all available rosidl_typesupport_c: rosidl_typesupport_fastrtps_c;rosidl_typesupport_introspection_c
[0.151s] -- Using all available rosidl_typesupport_cpp: rosidl_typesupport_fastrtps_cpp;rosidl_typesupport_introspection_cpp
[0.177s] -- Found rmw_implementation_cmake: 6.1.1 (/opt/ros/humble/share/rmw_implementation_cmake/cmake)
[0.178s] -- Found rmw_fastrtps_cpp: 6.2.6 (/opt/ros/humble/share/rmw_fastrtps_cpp/cmake)
[0.235s] -- Using RMW implementation 'rmw_fastrtps_cpp' as default
[0.307s] -- Found rclcpp_action: 16.0.8 (/opt/ros/humble/share/rclcpp_action/cmake)
[0.350s] -- Found my_robot_interfaces: 0.0.0 (/home/sven/ros2_ws/install/my_robot_interfaces/share/my_robot_interfaces/cmake)
[0.376s] -- Found example_interfaces: 0.9.3 (/opt/ros/humble/share/example_interfaces/cmake)
[0.436s] -- Configuring done
[0.446s] -- Generating done
[0.447s] -- Build files have been written to: /home/sven/ros2_ws/build/actions_cpp
[0.460s] [35m[1mConsolidate compiler generated dependencies of target count_until_server_queue_goals[0m
[0.460s] [35m[1mConsolidate compiler generated dependencies of target count_until_server[0m
[0.460s] [35m[1mConsolidate compiler generated dependencies of target count_until_client[0m
[0.460s] [35m[1mConsolidate compiler generated dependencies of target move_robot_server[0m
[0.460s] [35m[1mConsolidate compiler generated dependencies of target move_robot_client[0m
[0.469s] [ 60%] [32mBuilding CXX object CMakeFiles/move_robot_client.dir/src/move_robot_client.cpp.o[0m
[0.469s] [ 60%] Built target count_until_client
[0.469s] [ 60%] Built target count_until_server_queue_goals
[0.469s] [ 90%] Built target move_robot_server
[0.469s] [ 90%] Built target count_until_server
[1.547s] [01m[K/home/sven/ros2_ws/src/actions_cpp/src/move_robot_client.cpp:[m[K In constructor ‘[01m[KMoveRobotClientNode::MoveRobotClientNode()[m[K’:
[1.547s] [01m[K/home/sven/ros2_ws/src/actions_cpp/src/move_robot_client.cpp:21:71:[m[K [01;31m[Kerror: [m[Kexpected ‘[01m[K)[m[K’ before ‘[01m[K;[m[K’ token
[1.547s]    21 |             std::bind(&MoveRobotClientNode::cancel_callback, this, _1)[01;31m[K;[m[K
[1.547s]       |                                                                       [01;31m[K^[m[K
[1.547s] [01m[K/home/sven/ros2_ws/src/actions_cpp/src/move_robot_client.cpp:18:88:[m[K [01;36m[Knote: [m[Kto match this ‘[01m[K([m[K’
[1.547s]    18 |         cancel_subscriber_ = this->create_subscription<example_interfaces::msg::String>[01;36m[K([m[K
[1.547s]       |                                                                                        [01;36m[K^[m[K
[1.547s] [01m[K/home/sven/ros2_ws/src/actions_cpp/src/move_robot_client.cpp:22:9:[m[K [01;31m[Kerror: [m[Kexpected primary-expression before ‘[01m[K)[m[K’ token
[1.547s]    22 |         [01;31m[K)[m[K
[1.547s]       |         [01;31m[K^[m[K
[1.562s] [01m[K/home/sven/ros2_ws/src/actions_cpp/src/move_robot_client.cpp:[m[K In member function ‘[01m[Kvoid MoveRobotClientNode::cancel_callback(example_interfaces::msg::String)[m[K’:
[1.562s] [01m[K/home/sven/ros2_ws/src/actions_cpp/src/move_robot_client.cpp:117:17:[m[K [01;31m[Kerror: [m[Kno match for ‘[01m[Koperator==[m[K’ (operand types are ‘[01m[Kconst String[m[K’ {aka ‘[01m[Kconst example_interfaces::msg::String_<std::allocator<void> >[m[K’} and ‘[01m[Kconst char [7][m[K’)
[1.562s]   117 |         if ([32m[Kmsg[m[K [01;31m[K==[m[K [34m[K"cancel"[m[K)
[1.562s]       |             [32m[K~~~[m[K [01;31m[K^~[m[K [34m[K~~~~~~~~[m[K
[1.562s]       |             [32m[K|[m[K      [34m[K|[m[K
[1.562s]       |             [32m[K|[m[K      [34m[Kconst char [7][m[K
[1.562s]       |             [32m[Kconst String {aka const example_interfaces::msg::String_<std::allocator<void> >}[m[K
[1.562s] In file included from [01m[K/opt/ros/humble/include/example_interfaces/example_interfaces/msg/string.hpp:7[m[K,
[1.562s]                  from [01m[K/home/sven/ros2_ws/src/actions_cpp/src/move_robot_client.cpp:4[m[K:
[1.562s] [01m[K/opt/ros/humble/include/example_interfaces/example_interfaces/msg/detail/string__struct.hpp:108:8:[m[K [01;36m[Knote: [m[Kcandidate: ‘[01m[Kbool example_interfaces::msg::String_<ContainerAllocator>::operator==(const example_interfaces::msg::String_<ContainerAllocator>&) const [with ContainerAllocator = std::allocator<void>][m[K’
[1.562s]   108 |   bool [01;36m[Koperator[m[K==(const String_ & other) const
[1.562s]       |        [01;36m[K^~~~~~~~[m[K
[1.562s] [01m[K/opt/ros/humble/include/example_interfaces/example_interfaces/msg/detail/string__struct.hpp:108:35:[m[K [01;36m[Knote: [m[K  no known conversion for argument 1 from ‘[01m[Kconst char [7][m[K’ to ‘[01m[Kconst example_interfaces::msg::String_<std::allocator<void> >&[m[K’
[1.562s]   108 |   bool operator==([01;36m[Kconst String_ & other[m[K) const
[1.562s]       |                   [01;36m[K~~~~~~~~~~~~~~~~^~~~~[m[K
[1.563s] In file included from [01m[K/usr/include/c++/11/bits/stl_algobase.h:64[m[K,
[1.563s]                  from [01m[K/usr/include/c++/11/memory:63[m[K,
[1.563s]                  from [01m[K/opt/ros/humble/include/rclcpp/rclcpp/rclcpp.hpp:153[m[K,
[1.563s]                  from [01m[K/home/sven/ros2_ws/src/actions_cpp/src/move_robot_client.cpp:1[m[K:
[1.563s] [01m[K/usr/include/c++/11/bits/stl_pair.h:466:5:[m[K [01;36m[Knote: [m[Kcandidate: ‘[01m[Ktemplate<class _T1, class _T2> constexpr bool std::operator==(const std::pair<_T1, _T2>&, const std::pair<_T1, _T2>&)[m[K’
[1.563s]   466 |     [01;36m[Koperator[m[K==(const pair<_T1, _T2>& __x, const pair<_T1, _T2>& __y)
[1.563s]       |     [01;36m[K^~~~~~~~[m[K
[1.563s] [01m[K/usr/include/c++/11/bits/stl_pair.h:466:5:[m[K [01;36m[Knote: [m[K  template argument deduction/substitution failed:
[1.563s] [01m[K/home/sven/ros2_ws/src/actions_cpp/src/move_robot_client.cpp:117:20:[m[K [01;36m[Knote: [m[K  ‘[01m[Kconst String[m[K’ {aka ‘[01m[Kconst example_interfaces::msg::String_<std::allocator<void> >[m[K’} is not derived from ‘[01m[Kconst std::pair<_T1, _T2>[m[K’
[1.563s]   117 |         if (msg == [01;36m[K"cancel"[m[K)
[1.563s]       |                    [01;36m[K^~~~~~~~[m[K
[1.563s] In file included from [01m[K/usr/include/c++/11/bits/stl_algobase.h:67[m[K,
[1.563s]                  from [01m[K/usr/include/c++/11/memory:63[m[K,
[1.563s]                  from [01m[K/opt/ros/humble/include/rclcpp/rclcpp/rclcpp.hpp:153[m[K,
[1.563s]                  from [01m[K/home/sven/ros2_ws/src/actions_cpp/src/move_robot_client.cpp:1[m[K:
[1.569s] [01m[K/usr/include/c++/11/bits/stl_iterator.h:420:5:[m[K [01;36m[Knote: [m[Kcandidate: ‘[01m[Ktemplate<class _Iterator> constexpr bool std::operator==(const std::reverse_iterator<_Iterator>&, const std::reverse_iterator<_Iterator>&)[m[K’
[1.569s]   420 |     [01;36m[Koperator[m[K==(const reverse_iterator<_Iterator>& __x,
[1.569s]       |     [01;36m[K^~~~~~~~[m[K
[1.569s] [01m[K/usr/include/c++/11/bits/stl_iterator.h:420:5:[m[K [01;36m[Knote: [m[K  template argument deduction/substitution failed:
[1.569s] [01m[K/home/sven/ros2_ws/src/actions_cpp/src/move_robot_client.cpp:117:20:[m[K [01;36m[Knote: [m[K  ‘[01m[Kconst String[m[K’ {aka ‘[01m[Kconst example_interfaces::msg::String_<std::allocator<void> >[m[K’} is not derived from ‘[01m[Kconst std::reverse_iterator<_Iterator>[m[K’
[1.569s]   117 |         if (msg == [01;36m[K"cancel"[m[K)
[1.569s]       |                    [01;36m[K^~~~~~~~[m[K
[1.569s] In file included from [01m[K/usr/include/c++/11/bits/stl_algobase.h:67[m[K,
[1.569s]                  from [01m[K/usr/include/c++/11/memory:63[m[K,
[1.569s]                  from [01m[K/opt/ros/humble/include/rclcpp/rclcpp/rclcpp.hpp:153[m[K,
[1.569s]                  from [01m[K/home/sven/ros2_ws/src/actions_cpp/src/move_robot_client.cpp:1[m[K:
[1.569s] [01m[K/usr/include/c++/11/bits/stl_iterator.h:459:5:[m[K [01;36m[Knote: [m[Kcandidate: ‘[01m[Ktemplate<class _IteratorL, class _IteratorR> constexpr bool std::operator==(const std::reverse_iterator<_Iterator>&, const std::reverse_iterator<_IteratorR>&)[m[K’
[1.569s]   459 |     [01;36m[Koperator[m[K==(const reverse_iterator<_IteratorL>& __x,
[1.569s]       |     [01;36m[K^~~~~~~~[m[K
[1.569s] [01m[K/usr/include/c++/11/bits/stl_iterator.h:459:5:[m[K [01;36m[Knote: [m[K  template argument deduction/substitution failed:
[1.569s] [01m[K/home/sven/ros2_ws/src/actions_cpp/src/move_robot_client.cpp:117:20:[m[K [01;36m[Knote: [m[K  ‘[01m[Kconst String[m[K’ {aka ‘[01m[Kconst example_interfaces::msg::String_<std::allocator<void> >[m[K’} is not derived from ‘[01m[Kconst std::reverse_iterator<_Iterator>[m[K’
[1.569s]   117 |         if (msg == [01;36m[K"cancel"[m[K)
[1.569s]       |                    [01;36m[K^~~~~~~~[m[K
[1.569s] In file included from [01m[K/usr/include/c++/11/bits/stl_algobase.h:67[m[K,
[1.569s]                  from [01m[K/usr/include/c++/11/memory:63[m[K,
[1.569s]                  from [01m[K/opt/ros/humble/include/rclcpp/rclcpp/rclcpp.hpp:153[m[K,
[1.569s]                  from [01m[K/home/sven/ros2_ws/src/actions_cpp/src/move_robot_client.cpp:1[m[K:
[1.569s] [01m[K/usr/include/c++/11/bits/stl_iterator.h:1585:5:[m[K [01;36m[Knote: [m[Kcandidate: ‘[01m[Ktemplate<class _IteratorL, class _IteratorR> constexpr bool std::operator==(const std::move_iterator<_IteratorL>&, const std::move_iterator<_IteratorR>&)[m[K’
[1.569s]  1585 |     [01;36m[Koperator[m[K==(const move_iterator<_IteratorL>& __x,
[1.569s]       |     [01;36m[K^~~~~~~~[m[K
[1.569s] [01m[K/usr/include/c++/11/bits/stl_iterator.h:1585:5:[m[K [01;36m[Knote: [m[K  template argument deduction/substitution failed:
[1.569s] [01m[K/home/sven/ros2_ws/src/actions_cpp/src/move_robot_client.cpp:117:20:[m[K [01;36m[Knote: [m[K  ‘[01m[Kconst String[m[K’ {aka ‘[01m[Kconst example_interfaces::msg::String_<std::allocator<void> >[m[K’} is not derived from ‘[01m[Kconst std::move_iterator<_IteratorL>[m[K’
[1.570s]   117 |         if (msg == [01;36m[K"cancel"[m[K)
[1.570s]       |                    [01;36m[K^~~~~~~~[m[K
[1.570s] In file included from [01m[K/usr/include/c++/11/bits/stl_algobase.h:67[m[K,
[1.570s]                  from [01m[K/usr/include/c++/11/memory:63[m[K,
[1.570s]                  from [01m[K/opt/ros/humble/include/rclcpp/rclcpp/rclcpp.hpp:153[m[K,
[1.570s]                  from [01m[K/home/sven/ros2_ws/src/actions_cpp/src/move_robot_client.cpp:1[m[K:
[1.570s] [01m[K/usr/include/c++/11/bits/stl_iterator.h:1648:5:[m[K [01;36m[Knote: [m[Kcandidate: ‘[01m[Ktemplate<class _Iterator> constexpr bool std::operator==(const std::move_iterator<_IteratorL>&, const std::move_iterator<_IteratorL>&)[m[K’
[1.570s]  1648 |     [01;36m[Koperator[m[K==(const move_iterator<_Iterator>& __x,
[1.570s]       |     [01;36m[K^~~~~~~~[m[K
[1.570s] [01m[K/usr/include/c++/11/bits/stl_iterator.h:1648:5:[m[K [01;36m[Knote: [m[K  template argument deduction/substitution failed:
[1.570s] [01m[K/home/sven/ros2_ws/src/actions_cpp/src/move_robot_client.cpp:117:20:[m[K [01;36m[Knote: [m[K  ‘[01m[Kconst String[m[K’ {aka ‘[01m[Kconst example_interfaces::msg::String_<std::allocator<void> >[m[K’} is not derived from ‘[01m[Kconst std::move_iterator<_IteratorL>[m[K’
[1.570s]   117 |         if (msg == [01;36m[K"cancel"[m[K)
[1.570s]       |                    [01;36m[K^~~~~~~~[m[K
[1.570s] In file included from [01m[K/usr/include/c++/11/memory:64[m[K,
[1.570s]                  from [01m[K/opt/ros/humble/include/rclcpp/rclcpp/rclcpp.hpp:153[m[K,
[1.570s]                  from [01m[K/home/sven/ros2_ws/src/actions_cpp/src/move_robot_client.cpp:1[m[K:
[1.570s] [01m[K/usr/include/c++/11/bits/allocator.h:218:5:[m[K [01;36m[Knote: [m[Kcandidate: ‘[01m[Ktemplate<class _T1, class _T2> bool std::operator==(const std::allocator<_Tp1>&, const std::allocator<_T2>&)[m[K’
[1.570s]   218 |     [01;36m[Koperator[m[K==(const allocator<_T1>&, const allocator<_T2>&)
[1.570s]       |     [01;36m[K^~~~~~~~[m[K
[1.570s] [01m[K/usr/include/c++/11/bits/allocator.h:218:5:[m[K [01;36m[Knote: [m[K  template argument deduction/substitution failed:
[1.570s] [01m[K/home/sven/ros2_ws/src/actions_cpp/src/move_robot_client.cpp:117:20:[m[K [01;36m[Knote: [m[K  ‘[01m[Kconst String[m[K’ {aka ‘[01m[Kconst example_interfaces::msg::String_<std::allocator<void> >[m[K’} is not derived from ‘[01m[Kconst std::allocator<_Tp1>[m[K’
[1.570s]   117 |         if (msg == [01;36m[K"cancel"[m[K)
[1.570s]       |                    [01;36m[K^~~~~~~~[m[K
[1.570s] In file included from [01m[K/usr/include/c++/11/tuple:39[m[K,
[1.570s]                  from [01m[K/usr/include/c++/11/bits/unique_ptr.h:37[m[K,
[1.571s]                  from [01m[K/usr/include/c++/11/memory:76[m[K,
[1.571s]                  from [01m[K/opt/ros/humble/include/rclcpp/rclcpp/rclcpp.hpp:153[m[K,
[1.571s]                  from [01m[K/home/sven/ros2_ws/src/actions_cpp/src/move_robot_client.cpp:1[m[K:
[1.571s] [01m[K/usr/include/c++/11/array:276:5:[m[K [01;36m[Knote: [m[Kcandidate: ‘[01m[Ktemplate<class _Tp, long unsigned int _Nm> bool std::operator==(const std::array<_Tp, _Nm>&, const std::array<_Tp, _Nm>&)[m[K’
[1.571s]   276 |     [01;36m[Koperator[m[K==(const array<_Tp, _Nm>& __one, const array<_Tp, _Nm>& __two)
[1.571s]       |     [01;36m[K^~~~~~~~[m[K
[1.571s] [01m[K/usr/include/c++/11/array:276:5:[m[K [01;36m[Knote: [m[K  template argument deduction/substitution failed:
[1.571s] [01m[K/home/sven/ros2_ws/src/actions_cpp/src/move_robot_client.cpp:117:20:[m[K [01;36m[Knote: [m[K  ‘[01m[Kconst String[m[K’ {aka ‘[01m[Kconst example_interfaces::msg::String_<std::allocator<void> >[m[K’} is not derived from ‘[01m[Kconst std::array<_Tp, _Nm>[m[K’
[1.571s]   117 |         if (msg == [01;36m[K"cancel"[m[K)
[1.571s]       |                    [01;36m[K^~~~~~~~[m[K
[1.571s] In file included from [01m[K/usr/include/c++/11/bits/unique_ptr.h:37[m[K,
[1.571s]                  from [01m[K/usr/include/c++/11/memory:76[m[K,
[1.571s]                  from [01m[K/opt/ros/humble/include/rclcpp/rclcpp/rclcpp.hpp:153[m[K,
[1.571s]                  from [01m[K/home/sven/ros2_ws/src/actions_cpp/src/move_robot_client.cpp:1[m[K:
[1.571s] [01m[K/usr/include/c++/11/tuple:1524:5:[m[K [01;36m[Knote: [m[Kcandidate: ‘[01m[Ktemplate<class ... _TElements, class ... _UElements> constexpr bool std::operator==(const std::tuple<_Tps ...>&, const std::tuple<_UTypes ...>&)[m[K’
[1.571s]  1524 |     [01;36m[Koperator[m[K==(const tuple<_TElements...>& __t,
[1.571s]       |     [01;36m[K^~~~~~~~[m[K
[1.571s] [01m[K/usr/include/c++/11/tuple:1524:5:[m[K [01;36m[Knote: [m[K  template argument deduction/substitution failed:
[1.571s] [01m[K/home/sven/ros2_ws/src/actions_cpp/src/move_robot_client.cpp:117:20:[m[K [01;36m[Knote: [m[K  ‘[01m[Kconst String[m[K’ {aka ‘[01m[Kconst example_interfaces::msg::String_<std::allocator<void> >[m[K’} is not derived from ‘[01m[Kconst std::tuple<_Tps ...>[m[K’
[1.571s]   117 |         if (msg == [01;36m[K"cancel"[m[K)
[1.571s]       |                    [01;36m[K^~~~~~~~[m[K
[1.571s] In file included from [01m[K/usr/include/c++/11/memory:76[m[K,
[1.571s]                  from [01m[K/opt/ros/humble/include/rclcpp/rclcpp/rclcpp.hpp:153[m[K,
[1.571s]                  from [01m[K/home/sven/ros2_ws/src/actions_cpp/src/move_robot_client.cpp:1[m[K:
[1.571s] [01m[K/usr/include/c++/11/bits/unique_ptr.h:753:5:[m[K [01;36m[Knote: [m[Kcandidate: ‘[01m[Ktemplate<class _Tp, class _Dp, class _Up, class _Ep> bool std::operator==(const std::unique_ptr<_Tp, _Dp>&, const std::unique_ptr<_Up, _Ep>&)[m[K’
[1.571s]   753 |     [01;36m[Koperator[m[K==(const unique_ptr<_Tp, _Dp>& __x,
[1.571s]       |     [01;36m[K^~~~~~~~[m[K
[1.571s] [01m[K/usr/include/c++/11/bits/unique_ptr.h:753:5:[m[K [01;36m[Knote: [m[K  template argument deduction/substitution failed:
[1.571s] [01m[K/home/sven/ros2_ws/src/actions_cpp/src/move_robot_client.cpp:117:20:[m[K [01;36m[Knote: [m[K  ‘[01m[Kconst String[m[K’ {aka ‘[01m[Kconst example_interfaces::msg::String_<std::allocator<void> >[m[K’} is not derived from ‘[01m[Kconst std::unique_ptr<_Tp, _Dp>[m[K’
[1.571s]   117 |         if (msg == [01;36m[K"cancel"[m[K)
[1.571s]       |                    [01;36m[K^~~~~~~~[m[K
[1.571s] In file included from [01m[K/usr/include/c++/11/memory:76[m[K,
[1.571s]                  from [01m[K/opt/ros/humble/include/rclcpp/rclcpp/rclcpp.hpp:153[m[K,
[1.571s]                  from [01m[K/home/sven/ros2_ws/src/actions_cpp/src/move_robot_client.cpp:1[m[K:
[1.571s] [01m[K/usr/include/c++/11/bits/unique_ptr.h:760:5:[m[K [01;36m[Knote: [m[Kcandidate: ‘[01m[Ktemplate<class _Tp, class _Dp> bool std::operator==(const std::unique_ptr<_Tp, _Dp>&, std::nullptr_t)[m[K’
[1.571s]   760 |     [01;36m[Koperator[m[K==(const unique_ptr<_Tp, _Dp>& __x, nullptr_t) noexcept
[1.571s]       |     [01;36m[K^~~~~~~~[m[K
[1.571s] [01m[K/usr/include/c++/11/bits/unique_ptr.h:760:5:[m[K [01;36m[Knote: [m[K  template argument deduction/substitution failed:
[1.571s] [01m[K/home/sven/ros2_ws/src/actions_cpp/src/move_robot_client.cpp:117:20:[m[K [01;36m[Knote: [m[K  ‘[01m[Kconst String[m[K’ {aka ‘[01m[Kconst example_interfaces::msg::String_<std::allocator<void> >[m[K’} is not derived from ‘[01m[Kconst std::unique_ptr<_Tp, _Dp>[m[K’
[1.571s]   117 |         if (msg == [01;36m[K"cancel"[m[K)
[1.571s]       |                    [01;36m[K^~~~~~~~[m[K
[1.571s] In file included from [01m[K/usr/include/c++/11/memory:76[m[K,
[1.571s]                  from [01m[K/opt/ros/humble/include/rclcpp/rclcpp/rclcpp.hpp:153[m[K,
[1.571s]                  from [01m[K/home/sven/ros2_ws/src/actions_cpp/src/move_robot_client.cpp:1[m[K:
[1.571s] [01m[K/usr/include/c++/11/bits/unique_ptr.h:767:5:[m[K [01;36m[Knote: [m[Kcandidate: ‘[01m[Ktemplate<class _Tp, class _Dp> bool std::operator==(std::nullptr_t, const std::unique_ptr<_Tp, _Dp>&)[m[K’
[1.571s]   767 |     [01;36m[Koperator[m[K==(nullptr_t, const unique_ptr<_Tp, _Dp>& __x) noexcept
[1.571s]       |     [01;36m[K^~~~~~~~[m[K
[1.571s] [01m[K/usr/include/c++/11/bits/unique_ptr.h:767:5:[m[K [01;36m[Knote: [m[K  template argument deduction/substitution failed:
[1.572s] [01m[K/home/sven/ros2_ws/src/actions_cpp/src/move_robot_client.cpp:117:20:[m[K [01;36m[Knote: [m[K  mismatched types ‘[01m[Kconst std::unique_ptr<_Tp, _Dp>[m[K’ and ‘[01m[Kconst char [7][m[K’
[1.572s]   117 |         if (msg == [01;36m[K"cancel"[m[K)
[1.572s]       |                    [01;36m[K^~~~~~~~[m[K
[1.572s] In file included from [01m[K/usr/include/c++/11/iosfwd:40[m[K,
[1.572s]                  from [01m[K/usr/include/c++/11/bits/shared_ptr.h:52[m[K,
[1.572s]                  from [01m[K/usr/include/c++/11/memory:77[m[K,
[1.572s]                  from [01m[K/opt/ros/humble/include/rclcpp/rclcpp/rclcpp.hpp:153[m[K,
[1.572s]                  from [01m[K/home/sven/ros2_ws/src/actions_cpp/src/move_robot_client.cpp:1[m[K:
[1.572s] [01m[K/usr/include/c++/11/bits/postypes.h:222:5:[m[K [01;36m[Knote: [m[Kcandidate: ‘[01m[Ktemplate<class _StateT> bool std::operator==(const std::fpos<_StateT>&, const std::fpos<_StateT>&)[m[K’
[1.572s]   222 |     [01;36m[Koperator[m[K==(const fpos<_StateT>& __lhs, const fpos<_StateT>& __rhs)
[1.572s]       |     [01;36m[K^~~~~~~~[m[K
[1.572s] [01m[K/usr/include/c++/11/bits/postypes.h:222:5:[m[K [01;36m[Knote: [m[K  template argument deduction/substitution failed:
[1.572s] [01m[K/home/sven/ros2_ws/src/actions_cpp/src/move_robot_client.cpp:117:20:[m[K [01;36m[Knote: [m[K  ‘[01m[Kconst String[m[K’ {aka ‘[01m[Kconst example_interfaces::msg::String_<std::allocator<void> >[m[K’} is not derived from ‘[01m[Kconst std::fpos<_StateT>[m[K’
[1.572s]   117 |         if (msg == [01;36m[K"cancel"[m[K)
[1.572s]       |                    [01;36m[K^~~~~~~~[m[K
[1.572s] In file included from [01m[K/usr/include/c++/11/bits/shared_ptr.h:53[m[K,
[1.572s]                  from [01m[K/usr/include/c++/11/memory:77[m[K,
[1.572s]                  from [01m[K/opt/ros/humble/include/rclcpp/rclcpp/rclcpp.hpp:153[m[K,
[1.572s]                  from [01m[K/home/sven/ros2_ws/src/actions_cpp/src/move_robot_client.cpp:1[m[K:
[1.572s] [01m[K/usr/include/c++/11/bits/shared_ptr_base.h:1410:5:[m[K [01;36m[Knote: [m[Kcandidate: ‘[01m[Ktemplate<class _Tp1, class _Tp2, __gnu_cxx::_Lock_policy _Lp> bool std::operator==(const std::__shared_ptr<_Tp1, _Lp>&, const std::__shared_ptr<_Tp2, _Lp>&)[m[K’
[1.572s]  1410 |     [01;36m[Koperator[m[K==(const __shared_ptr<_Tp1, _Lp>& __a,
[1.572s]       |     [01;36m[K^~~~~~~~[m[K
[1.572s] [01m[K/usr/include/c++/11/bits/shared_ptr_base.h:1410:5:[m[K [01;36m[Knote: [m[K  template argument deduction/substitution failed:
[1.572s] [01m[K/home/sven/ros2_ws/src/actions_cpp/src/move_robot_client.cpp:117:20:[m[K [01;36m[Knote: [m[K  ‘[01m[Kconst String[m[K’ {aka ‘[01m[Kconst example_interfaces::msg::String_<std::allocator<void> >[m[K’} is not derived from ‘[01m[Kconst std::__shared_ptr<_Tp1, _Lp>[m[K’
[1.572s]   117 |         if (msg == [01;36m[K"cancel"[m[K)
[1.572s]       |                    [01;36m[K^~~~~~~~[m[K
[1.572s] In file included from [01m[K/usr/include/c++/11/bits/shared_ptr.h:53[m[K,
[1.572s]                  from [01m[K/usr/include/c++/11/memory:77[m[K,
[1.572s]                  from [01m[K/opt/ros/humble/include/rclcpp/rclcpp/rclcpp.hpp:153[m[K,
[1.572s]                  from [01m[K/home/sven/ros2_ws/src/actions_cpp/src/move_robot_client.cpp:1[m[K:
[1.572s] [01m[K/usr/include/c++/11/bits/shared_ptr_base.h:1416:5:[m[K [01;36m[Knote: [m[Kcandidate: ‘[01m[Ktemplate<class _Tp, __gnu_cxx::_Lock_policy _Lp> bool std::operator==(const std::__shared_ptr<_Tp, _Lp>&, std::nullptr_t)[m[K’
[1.572s]  1416 |     [01;36m[Koperator[m[K==(const __shared_ptr<_Tp, _Lp>& __a, nullptr_t) noexcept
[1.572s]       |     [01;36m[K^~~~~~~~[m[K
[1.572s] [01m[K/usr/include/c++/11/bits/shared_ptr_base.h:1416:5:[m[K [01;36m[Knote: [m[K  template argument deduction/substitution failed:
[1.572s] [01m[K/home/sven/ros2_ws/src/actions_cpp/src/move_robot_client.cpp:117:20:[m[K [01;36m[Knote: [m[K  ‘[01m[Kconst String[m[K’ {aka ‘[01m[Kconst example_interfaces::msg::String_<std::allocator<void> >[m[K’} is not derived from ‘[01m[Kconst std::__shared_ptr<_Tp, _Lp>[m[K’
[1.572s]   117 |         if (msg == [01;36m[K"cancel"[m[K)
[1.572s]       |                    [01;36m[K^~~~~~~~[m[K
[1.572s] In file included from [01m[K/usr/include/c++/11/bits/shared_ptr.h:53[m[K,
[1.572s]                  from [01m[K/usr/include/c++/11/memory:77[m[K,
[1.572s]                  from [01m[K/opt/ros/humble/include/rclcpp/rclcpp/rclcpp.hpp:153[m[K,
[1.572s]                  from [01m[K/home/sven/ros2_ws/src/actions_cpp/src/move_robot_client.cpp:1[m[K:
[1.572s] [01m[K/usr/include/c++/11/bits/shared_ptr_base.h:1436:5:[m[K [01;36m[Knote: [m[Kcandidate: ‘[01m[Ktemplate<class _Tp, __gnu_cxx::_Lock_policy _Lp> bool std::operator==(std::nullptr_t, const std::__shared_ptr<_Tp, _Lp>&)[m[K’
[1.572s]  1436 |     [01;36m[Koperator[m[K==(nullptr_t, const __shared_ptr<_Tp, _Lp>& __a) noexcept
[1.572s]       |     [01;36m[K^~~~~~~~[m[K
[1.572s] [01m[K/usr/include/c++/11/bits/shared_ptr_base.h:1436:5:[m[K [01;36m[Knote: [m[K  template argument deduction/substitution failed:
[1.572s] [01m[K/home/sven/ros2_ws/src/actions_cpp/src/move_robot_client.cpp:117:20:[m[K [01;36m[Knote: [m[K  mismatched types ‘[01m[Kconst std::__shared_ptr<_Tp, _Lp>[m[K’ and ‘[01m[Kconst char [7][m[K’
[1.572s]   117 |         if (msg == [01;36m[K"cancel"[m[K)
[1.572s]       |                    [01;36m[K^~~~~~~~[m[K
[1.572s] In file included from [01m[K/usr/include/c++/11/memory:77[m[K,
[1.572s]                  from [01m[K/opt/ros/humble/include/rclcpp/rclcpp/rclcpp.hpp:153[m[K,
[1.573s]                  from [01m[K/home/sven/ros2_ws/src/actions_cpp/src/move_robot_client.cpp:1[m[K:
[1.573s] [01m[K/usr/include/c++/11/bits/shared_ptr.h:437:5:[m[K [01;36m[Knote: [m[Kcandidate: ‘[01m[Ktemplate<class _Tp, class _Up> bool std::operator==(const std::shared_ptr<_Tp>&, const std::shared_ptr<_Tp>&)[m[K’
[1.573s]   437 |     [01;36m[Koperator[m[K==(const shared_ptr<_Tp>& __a, const shared_ptr<_Up>& __b) noexcept
[1.573s]       |     [01;36m[K^~~~~~~~[m[K
[1.573s] [01m[K/usr/include/c++/11/bits/shared_ptr.h:437:5:[m[K [01;36m[Knote: [m[K  template argument deduction/substitution failed:
[1.573s] [01m[K/home/sven/ros2_ws/src/actions_cpp/src/move_robot_client.cpp:117:20:[m[K [01;36m[Knote: [m[K  ‘[01m[Kconst String[m[K’ {aka ‘[01m[Kconst example_interfaces::msg::String_<std::allocator<void> >[m[K’} is not derived from ‘[01m[Kconst std::shared_ptr<_Tp>[m[K’
[1.573s]   117 |         if (msg == [01;36m[K"cancel"[m[K)
[1.573s]       |                    [01;36m[K^~~~~~~~[m[K
[1.573s] In file included from [01m[K/usr/include/c++/11/memory:77[m[K,
[1.573s]                  from [01m[K/opt/ros/humble/include/rclcpp/rclcpp/rclcpp.hpp:153[m[K,
[1.573s]                  from [01m[K/home/sven/ros2_ws/src/actions_cpp/src/move_robot_client.cpp:1[m[K:
[1.573s] [01m[K/usr/include/c++/11/bits/shared_ptr.h:443:5:[m[K [01;36m[Knote: [m[Kcandidate: ‘[01m[Ktemplate<class _Tp> bool std::operator==(const std::shared_ptr<_Tp>&, std::nullptr_t)[m[K’
[1.573s]   443 |     [01;36m[Koperator[m[K==(const shared_ptr<_Tp>& __a, nullptr_t) noexcept
[1.573s]       |     [01;36m[K^~~~~~~~[m[K
[1.573s] [01m[K/usr/include/c++/11/bits/shared_ptr.h:443:5:[m[K [01;36m[Knote: [m[K  template argument deduction/substitution failed:
[1.573s] [01m[K/home/sven/ros2_ws/src/actions_cpp/src/move_robot_client.cpp:117:20:[m[K [01;36m[Knote: [m[K  ‘[01m[Kconst String[m[K’ {aka ‘[01m[Kconst example_interfaces::msg::String_<std::allocator<void> >[m[K’} is not derived from ‘[01m[Kconst std::shared_ptr<_Tp>[m[K’
[1.573s]   117 |         if (msg == [01;36m[K"cancel"[m[K)
[1.573s]       |                    [01;36m[K^~~~~~~~[m[K
[1.573s] In file included from [01m[K/usr/include/c++/11/memory:77[m[K,
[1.573s]                  from [01m[K/opt/ros/humble/include/rclcpp/rclcpp/rclcpp.hpp:153[m[K,
[1.573s]                  from [01m[K/home/sven/ros2_ws/src/actions_cpp/src/move_robot_client.cpp:1[m[K:
[1.573s] [01m[K/usr/include/c++/11/bits/shared_ptr.h:464:5:[m[K [01;36m[Knote: [m[Kcandidate: ‘[01m[Ktemplate<class _Tp> bool std::operator==(std::nullptr_t, const std::shared_ptr<_Tp>&)[m[K’
[1.573s]   464 |     [01;36m[Koperator[m[K==(nullptr_t, const shared_ptr<_Tp>& __a) noexcept
[1.573s]       |     [01;36m[K^~~~~~~~[m[K
[1.573s] [01m[K/usr/include/c++/11/bits/shared_ptr.h:464:5:[m[K [01;36m[Knote: [m[K  template argument deduction/substitution failed:
[1.573s] [01m[K/home/sven/ros2_ws/src/actions_cpp/src/move_robot_client.cpp:117:20:[m[K [01;36m[Knote: [m[K  mismatched types ‘[01m[Kconst std::shared_ptr<_Tp>[m[K’ and ‘[01m[Kconst char [7][m[K’
[1.573s]   117 |         if (msg == [01;36m[K"cancel"[m[K)
[1.573s]       |                    [01;36m[K^~~~~~~~[m[K
[1.573s] In file included from [01m[K/usr/include/c++/11/bits/basic_string.h:48[m[K,
[1.573s]                  from [01m[K/usr/include/c++/11/string:55[m[K,
[1.573s]                  from [01m[K/usr/include/c++/11/stdexcept:39[m[K,
[1.573s]                  from [01m[K/usr/include/c++/11/system_error:41[m[K,
[1.573s]                  from [01m[K/usr/include/c++/11/mutex:42[m[K,
[1.573s]                  from [01m[K/usr/include/c++/11/future:38[m[K,
[1.573s]                  from [01m[K/opt/ros/humble/include/rclcpp/rclcpp/executors.hpp:18[m[K,
[1.573s]                  from [01m[K/opt/ros/humble/include/rclcpp/rclcpp/rclcpp.hpp:155[m[K,
[1.573s]                  from [01m[K/home/sven/ros2_ws/src/actions_cpp/src/move_robot_client.cpp:1[m[K:
[1.573s] [01m[K/usr/include/c++/11/string_view:535:5:[m[K [01;36m[Knote: [m[Kcandidate: ‘[01m[Ktemplate<class _CharT, class _Traits> constexpr bool std::operator==(std::basic_string_view<_CharT, _Traits>, std::basic_string_view<_CharT, _Traits>)[m[K’
[1.573s]   535 |     [01;36m[Koperator[m[K==(basic_string_view<_CharT, _Traits> __x,
[1.573s]       |     [01;36m[K^~~~~~~~[m[K
[1.573s] [01m[K/usr/include/c++/11/string_view:535:5:[m[K [01;36m[Knote: [m[K  template argument deduction/substitution failed:
[1.573s] [01m[K/home/sven/ros2_ws/src/actions_cpp/src/move_robot_client.cpp:117:20:[m[K [01;36m[Knote: [m[K  ‘[01m[Kexample_interfaces::msg::String_<std::allocator<void> >[m[K’ is not derived from ‘[01m[Kstd::basic_string_view<_CharT, _Traits>[m[K’
[1.573s]   117 |         if (msg == [01;36m[K"cancel"[m[K)
[1.573s]       |                    [01;36m[K^~~~~~~~[m[K
[1.573s] In file included from [01m[K/usr/include/c++/11/bits/basic_string.h:48[m[K,
[1.573s]                  from [01m[K/usr/include/c++/11/string:55[m[K,
[1.573s]                  from [01m[K/usr/include/c++/11/stdexcept:39[m[K,
[1.573s]                  from [01m[K/usr/include/c++/11/system_error:41[m[K,
[1.573s]                  from [01m[K/usr/include/c++/11/mutex:42[m[K,
[1.573s]                  from [01m[K/usr/include/c++/11/future:38[m[K,
[1.573s]                  from [01m[K/opt/ros/humble/include/rclcpp/rclcpp/executors.hpp:18[m[K,
[1.573s]                  from [01m[K/opt/ros/humble/include/rclcpp/rclcpp/rclcpp.hpp:155[m[K,
[1.573s]                  from [01m[K/home/sven/ros2_ws/src/actions_cpp/src/move_robot_client.cpp:1[m[K:
[1.574s] [01m[K/usr/include/c++/11/string_view:541:5:[m[K [01;36m[Knote: [m[Kcandidate: ‘[01m[Ktemplate<class _CharT, class _Traits> constexpr bool std::operator==(std::basic_string_view<_CharT, _Traits>, std::__type_identity_t<std::basic_string_view<_CharT, _Traits> >)[m[K’
[1.574s]   541 |     [01;36m[Koperator[m[K==(basic_string_view<_CharT, _Traits> __x,
[1.574s]       |     [01;36m[K^~~~~~~~[m[K
[1.574s] [01m[K/usr/include/c++/11/string_view:541:5:[m[K [01;36m[Knote: [m[K  template argument deduction/substitution failed:
[1.574s] [01m[K/home/sven/ros2_ws/src/actions_cpp/src/move_robot_client.cpp:117:20:[m[K [01;36m[Knote: [m[K  ‘[01m[Kexample_interfaces::msg::String_<std::allocator<void> >[m[K’ is not derived from ‘[01m[Kstd::basic_string_view<_CharT, _Traits>[m[K’
[1.574s]   117 |         if (msg == [01;36m[K"cancel"[m[K)
[1.574s]       |                    [01;36m[K^~~~~~~~[m[K
[1.574s] In file included from [01m[K/usr/include/c++/11/bits/basic_string.h:48[m[K,
[1.574s]                  from [01m[K/usr/include/c++/11/string:55[m[K,
[1.574s]                  from [01m[K/usr/include/c++/11/stdexcept:39[m[K,
[1.574s]                  from [01m[K/usr/include/c++/11/system_error:41[m[K,
[1.574s]                  from [01m[K/usr/include/c++/11/mutex:42[m[K,
[1.574s]                  from [01m[K/usr/include/c++/11/future:38[m[K,
[1.574s]                  from [01m[K/opt/ros/humble/include/rclcpp/rclcpp/executors.hpp:18[m[K,
[1.574s]                  from [01m[K/opt/ros/humble/include/rclcpp/rclcpp/rclcpp.hpp:155[m[K,
[1.574s]                  from [01m[K/home/sven/ros2_ws/src/actions_cpp/src/move_robot_client.cpp:1[m[K:
[1.574s] [01m[K/usr/include/c++/11/string_view:564:5:[m[K [01;36m[Knote: [m[Kcandidate: ‘[01m[Ktemplate<class _CharT, class _Traits> constexpr bool std::operator==(std::__type_identity_t<std::basic_string_view<_CharT, _Traits> >, std::basic_string_view<_CharT, _Traits>)[m[K’
[1.574s]   564 |     [01;36m[Koperator[m[K==(__type_identity_t<basic_string_view<_CharT, _Traits>> __x,
[1.574s]       |     [01;36m[K^~~~~~~~[m[K
[1.574s] [01m[K/usr/include/c++/11/string_view:564:5:[m[K [01;36m[Knote: [m[K  template argument deduction/substitution failed:
[1.574s] [01m[K/home/sven/ros2_ws/src/actions_cpp/src/move_robot_client.cpp:117:20:[m[K [01;36m[Knote: [m[K  mismatched types ‘[01m[Kstd::basic_string_view<_CharT, _Traits>[m[K’ and ‘[01m[Kconst char*[m[K’
[1.574s]   117 |         if (msg == [01;36m[K"cancel"[m[K)
[1.574s]       |                    [01;36m[K^~~~~~~~[m[K
[1.574s] In file included from [01m[K/usr/include/c++/11/string:55[m[K,
[1.574s]                  from [01m[K/usr/include/c++/11/stdexcept:39[m[K,
[1.574s]                  from [01m[K/usr/include/c++/11/system_error:41[m[K,
[1.574s]                  from [01m[K/usr/include/c++/11/mutex:42[m[K,
[1.574s]                  from [01m[K/usr/include/c++/11/future:38[m[K,
[1.574s]                  from [01m[K/opt/ros/humble/include/rclcpp/rclcpp/executors.hpp:18[m[K,
[1.574s]                  from [01m[K/opt/ros/humble/include/rclcpp/rclcpp/rclcpp.hpp:155[m[K,
[1.574s]                  from [01m[K/home/sven/ros2_ws/src/actions_cpp/src/move_robot_client.cpp:1[m[K:
[1.574s] [01m[K/usr/include/c++/11/bits/basic_string.h:6226:5:[m[K [01;36m[Knote: [m[Kcandidate: ‘[01m[Ktemplate<class _CharT, class _Traits, class _Alloc> bool std::operator==(const std::__cxx11::basic_string<_CharT, _Traits, _Allocator>&, const std::__cxx11::basic_string<_CharT, _Traits, _Allocator>&)[m[K’
[1.574s]  6226 |     [01;36m[Koperator[m[K==(const basic_string<_CharT, _Traits, _Alloc>& __lhs,
[1.574s]       |     [01;36m[K^~~~~~~~[m[K
[1.574s] [01m[K/usr/include/c++/11/bits/basic_string.h:6226:5:[m[K [01;36m[Knote: [m[K  template argument deduction/substitution failed:
[1.574s] [01m[K/home/sven/ros2_ws/src/actions_cpp/src/move_robot_client.cpp:117:20:[m[K [01;36m[Knote: [m[K  ‘[01m[Kconst String[m[K’ {aka ‘[01m[Kconst example_interfaces::msg::String_<std::allocator<void> >[m[K’} is not derived from ‘[01m[Kconst std::__cxx11::basic_string<_CharT, _Traits, _Allocator>[m[K’
[1.574s]   117 |         if (msg == [01;36m[K"cancel"[m[K)
[1.574s]       |                    [01;36m[K^~~~~~~~[m[K
[1.574s] In file included from [01m[K/usr/include/c++/11/string:55[m[K,
[1.574s]                  from [01m[K/usr/include/c++/11/stdexcept:39[m[K,
[1.574s]                  from [01m[K/usr/include/c++/11/system_error:41[m[K,
[1.574s]                  from [01m[K/usr/include/c++/11/mutex:42[m[K,
[1.574s]                  from [01m[K/usr/include/c++/11/future:38[m[K,
[1.574s]                  from [01m[K/opt/ros/humble/include/rclcpp/rclcpp/executors.hpp:18[m[K,
[1.574s]                  from [01m[K/opt/ros/humble/include/rclcpp/rclcpp/rclcpp.hpp:155[m[K,
[1.574s]                  from [01m[K/home/sven/ros2_ws/src/actions_cpp/src/move_robot_client.cpp:1[m[K:
[1.574s] [01m[K/usr/include/c++/11/bits/basic_string.h:6234:5:[m[K [01;36m[Knote: [m[Kcandidate: ‘[01m[Ktemplate<class _CharT> typename __gnu_cxx::__enable_if<std::__is_char<_Tp>::__value, bool>::__type std::operator==(const std::__cxx11::basic_string<_CharT>&, const std::__cxx11::basic_string<_CharT>&)[m[K’
[1.574s]  6234 |     [01;36m[Koperator[m[K==(const basic_string<_CharT>& __lhs,
[1.574s]       |     [01;36m[K^~~~~~~~[m[K
[1.574s] [01m[K/usr/include/c++/11/bits/basic_string.h:6234:5:[m[K [01;36m[Knote: [m[K  template argument deduction/substitution failed:
[1.574s] [01m[K/home/sven/ros2_ws/src/actions_cpp/src/move_robot_client.cpp:117:20:[m[K [01;36m[Knote: [m[K  ‘[01m[Kconst String[m[K’ {aka ‘[01m[Kconst example_interfaces::msg::String_<std::allocator<void> >[m[K’} is not derived from ‘[01m[Kconst std::__cxx11::basic_string<_CharT>[m[K’
[1.574s]   117 |         if (msg == [01;36m[K"cancel"[m[K)
[1.574s]       |                    [01;36m[K^~~~~~~~[m[K
[1.575s] In file included from [01m[K/usr/include/c++/11/string:55[m[K,
[1.575s]                  from [01m[K/usr/include/c++/11/stdexcept:39[m[K,
[1.575s]                  from [01m[K/usr/include/c++/11/system_error:41[m[K,
[1.575s]                  from [01m[K/usr/include/c++/11/mutex:42[m[K,
[1.575s]                  from [01m[K/usr/include/c++/11/future:38[m[K,
[1.575s]                  from [01m[K/opt/ros/humble/include/rclcpp/rclcpp/executors.hpp:18[m[K,
[1.575s]                  from [01m[K/opt/ros/humble/include/rclcpp/rclcpp/rclcpp.hpp:155[m[K,
[1.575s]                  from [01m[K/home/sven/ros2_ws/src/actions_cpp/src/move_robot_client.cpp:1[m[K:
[1.575s] [01m[K/usr/include/c++/11/bits/basic_string.h:6248:5:[m[K [01;36m[Knote: [m[Kcandidate: ‘[01m[Ktemplate<class _CharT, class _Traits, class _Alloc> bool std::operator==(const std::__cxx11::basic_string<_CharT, _Traits, _Allocator>&, const _CharT*)[m[K’
[1.575s]  6248 |     [01;36m[Koperator[m[K==(const basic_string<_CharT, _Traits, _Alloc>& __lhs,
[1.575s]       |     [01;36m[K^~~~~~~~[m[K
[1.575s] [01m[K/usr/include/c++/11/bits/basic_string.h:6248:5:[m[K [01;36m[Knote: [m[K  template argument deduction/substitution failed:
[1.575s] [01m[K/home/sven/ros2_ws/src/actions_cpp/src/move_robot_client.cpp:117:20:[m[K [01;36m[Knote: [m[K  ‘[01m[Kconst String[m[K’ {aka ‘[01m[Kconst example_interfaces::msg::String_<std::allocator<void> >[m[K’} is not derived from ‘[01m[Kconst std::__cxx11::basic_string<_CharT, _Traits, _Allocator>[m[K’
[1.575s]   117 |         if (msg == [01;36m[K"cancel"[m[K)
[1.575s]       |                    [01;36m[K^~~~~~~~[m[K
[1.575s] In file included from [01m[K/usr/include/c++/11/string:55[m[K,
[1.575s]                  from [01m[K/usr/include/c++/11/stdexcept:39[m[K,
[1.575s]                  from [01m[K/usr/include/c++/11/system_error:41[m[K,
[1.575s]                  from [01m[K/usr/include/c++/11/mutex:42[m[K,
[1.575s]                  from [01m[K/usr/include/c++/11/future:38[m[K,
[1.575s]                  from [01m[K/opt/ros/humble/include/rclcpp/rclcpp/executors.hpp:18[m[K,
[1.575s]                  from [01m[K/opt/ros/humble/include/rclcpp/rclcpp/rclcpp.hpp:155[m[K,
[1.575s]                  from [01m[K/home/sven/ros2_ws/src/actions_cpp/src/move_robot_client.cpp:1[m[K:
[1.575s] [01m[K/usr/include/c++/11/bits/basic_string.h:6289:5:[m[K [01;36m[Knote: [m[Kcandidate: ‘[01m[Ktemplate<class _CharT, class _Traits, class _Alloc> bool std::operator==(const _CharT*, const std::__cxx11::basic_string<_CharT, _Traits, _Allocator>&)[m[K’
[1.575s]  6289 |     [01;36m[Koperator[m[K==(const _CharT* __lhs,
[1.575s]       |     [01;36m[K^~~~~~~~[m[K
[1.575s] [01m[K/usr/include/c++/11/bits/basic_string.h:6289:5:[m[K [01;36m[Knote: [m[K  template argument deduction/substitution failed:
[1.575s] [01m[K/home/sven/ros2_ws/src/actions_cpp/src/move_robot_client.cpp:117:20:[m[K [01;36m[Knote: [m[K  mismatched types ‘[01m[Kconst _CharT*[m[K’ and ‘[01m[Kexample_interfaces::msg::String_<std::allocator<void> >[m[K’
[1.575s]   117 |         if (msg == [01;36m[K"cancel"[m[K)
[1.575s]       |                    [01;36m[K^~~~~~~~[m[K
[1.575s] In file included from [01m[K/usr/include/c++/11/future:47[m[K,
[1.575s]                  from [01m[K/opt/ros/humble/include/rclcpp/rclcpp/executors.hpp:18[m[K,
[1.575s]                  from [01m[K/opt/ros/humble/include/rclcpp/rclcpp/rclcpp.hpp:155[m[K,
[1.575s]                  from [01m[K/home/sven/ros2_ws/src/actions_cpp/src/move_robot_client.cpp:1[m[K:
[1.575s] [01m[K/usr/include/c++/11/bits/std_function.h:718:5:[m[K [01;36m[Knote: [m[Kcandidate: ‘[01m[Ktemplate<class _Res, class ... _Args> bool std::operator==(const std::function<_Res(_ArgTypes ...)>&, std::nullptr_t)[m[K’
[1.575s]   718 |     [01;36m[Koperator[m[K==(const function<_Res(_Args...)>& __f, nullptr_t) noexcept
[1.575s]       |     [01;36m[K^~~~~~~~[m[K
[1.575s] [01m[K/usr/include/c++/11/bits/std_function.h:718:5:[m[K [01;36m[Knote: [m[K  template argument deduction/substitution failed:
[1.575s] [01m[K/home/sven/ros2_ws/src/actions_cpp/src/move_robot_client.cpp:117:20:[m[K [01;36m[Knote: [m[K  ‘[01m[Kconst String[m[K’ {aka ‘[01m[Kconst example_interfaces::msg::String_<std::allocator<void> >[m[K’} is not derived from ‘[01m[Kconst std::function<_Res(_ArgTypes ...)>[m[K’
[1.575s]   117 |         if (msg == [01;36m[K"cancel"[m[K)
[1.575s]       |                    [01;36m[K^~~~~~~~[m[K
[1.575s] In file included from [01m[K/usr/include/c++/11/future:47[m[K,
[1.575s]                  from [01m[K/opt/ros/humble/include/rclcpp/rclcpp/executors.hpp:18[m[K,
[1.575s]                  from [01m[K/opt/ros/humble/include/rclcpp/rclcpp/rclcpp.hpp:155[m[K,
[1.575s]                  from [01m[K/home/sven/ros2_ws/src/actions_cpp/src/move_robot_client.cpp:1[m[K:
[1.575s] [01m[K/usr/include/c++/11/bits/std_function.h:725:5:[m[K [01;36m[Knote: [m[Kcandidate: ‘[01m[Ktemplate<class _Res, class ... _Args> bool std::operator==(std::nullptr_t, const std::function<_Res(_ArgTypes ...)>&)[m[K’
[1.575s]   725 |     [01;36m[Koperator[m[K==(nullptr_t, const function<_Res(_Args...)>& __f) noexcept
[1.575s]       |     [01;36m[K^~~~~~~~[m[K
[1.575s] [01m[K/usr/include/c++/11/bits/std_function.h:725:5:[m[K [01;36m[Knote: [m[K  template argument deduction/substitution failed:
[1.575s] [01m[K/home/sven/ros2_ws/src/actions_cpp/src/move_robot_client.cpp:117:20:[m[K [01;36m[Knote: [m[K  mismatched types ‘[01m[Kconst std::function<_Res(_ArgTypes ...)>[m[K’ and ‘[01m[Kconst char [7][m[K’
[1.575s]   117 |         if (msg == [01;36m[K"cancel"[m[K)
[1.575s]       |                    [01;36m[K^~~~~~~~[m[K
[1.575s] In file included from [01m[K/usr/include/c++/11/set:61[m[K,
[1.576s]                  from [01m[K/opt/ros/humble/include/rclcpp/rclcpp/executors/multi_threaded_executor.hpp:21[m[K,
[1.576s]                  from [01m[K/opt/ros/humble/include/rclcpp/rclcpp/executors.hpp:21[m[K,
[1.576s]                  from [01m[K/opt/ros/humble/include/rclcpp/rclcpp/rclcpp.hpp:155[m[K,
[1.576s]                  from [01m[K/home/sven/ros2_ws/src/actions_cpp/src/move_robot_client.cpp:1[m[K:
[1.576s] [01m[K/usr/include/c++/11/bits/stl_set.h:985:5:[m[K [01;36m[Knote: [m[Kcandidate: ‘[01m[Ktemplate<class _Key, class _Compare, class _Alloc> bool std::operator==(const std::set<_Key, _Compare, _Allocator>&, const std::set<_Key, _Compare, _Allocator>&)[m[K’
[1.576s]   985 |     [01;36m[Koperator[m[K==(const set<_Key, _Compare, _Alloc>& __x,
[1.576s]       |     [01;36m[K^~~~~~~~[m[K
[1.576s] [01m[K/usr/include/c++/11/bits/stl_set.h:985:5:[m[K [01;36m[Knote: [m[K  template argument deduction/substitution failed:
[1.576s] [01m[K/home/sven/ros2_ws/src/actions_cpp/src/move_robot_client.cpp:117:20:[m[K [01;36m[Knote: [m[K  ‘[01m[Kconst String[m[K’ {aka ‘[01m[Kconst example_interfaces::msg::String_<std::allocator<void> >[m[K’} is not derived from ‘[01m[Kconst std::set<_Key, _Compare, _Allocator>[m[K’
[1.576s]   117 |         if (msg == [01;36m[K"cancel"[m[K)
[1.576s]       |                    [01;36m[K^~~~~~~~[m[K
[1.576s] In file included from [01m[K/usr/include/c++/11/set:62[m[K,
[1.576s]                  from [01m[K/opt/ros/humble/include/rclcpp/rclcpp/executors/multi_threaded_executor.hpp:21[m[K,
[1.576s]                  from [01m[K/opt/ros/humble/include/rclcpp/rclcpp/executors.hpp:21[m[K,
[1.576s]                  from [01m[K/opt/ros/humble/include/rclcpp/rclcpp/rclcpp.hpp:155[m[K,
[1.576s]                  from [01m[K/home/sven/ros2_ws/src/actions_cpp/src/move_robot_client.cpp:1[m[K:
[1.576s] [01m[K/usr/include/c++/11/bits/stl_multiset.h:971:5:[m[K [01;36m[Knote: [m[Kcandidate: ‘[01m[Ktemplate<class _Key, class _Compare, class _Alloc> bool std::operator==(const std::multiset<_Key, _Compare, _Allocator>&, const std::multiset<_Key, _Compare, _Allocator>&)[m[K’
[1.576s]   971 |     [01;36m[Koperator[m[K==(const multiset<_Key, _Compare, _Alloc>& __x,
[1.576s]       |     [01;36m[K^~~~~~~~[m[K
[1.576s] [01m[K/usr/include/c++/11/bits/stl_multiset.h:971:5:[m[K [01;36m[Knote: [m[K  template argument deduction/substitution failed:
[1.576s] [01m[K/home/sven/ros2_ws/src/actions_cpp/src/move_robot_client.cpp:117:20:[m[K [01;36m[Knote: [m[K  ‘[01m[Kconst String[m[K’ {aka ‘[01m[Kconst example_interfaces::msg::String_<std::allocator<void> >[m[K’} is not derived from ‘[01m[Kconst std::multiset<_Key, _Compare, _Allocator>[m[K’
[1.576s]   117 |         if (msg == [01;36m[K"cancel"[m[K)
[1.576s]       |                    [01;36m[K^~~~~~~~[m[K
[1.576s] In file included from [01m[K/usr/include/c++/11/unordered_map:47[m[K,
[1.576s]                  from [01m[K/opt/ros/humble/include/rclcpp/rclcpp/executors/multi_threaded_executor.hpp:23[m[K,
[1.576s]                  from [01m[K/opt/ros/humble/include/rclcpp/rclcpp/executors.hpp:21[m[K,
[1.576s]                  from [01m[K/opt/ros/humble/include/rclcpp/rclcpp/rclcpp.hpp:155[m[K,
[1.576s]                  from [01m[K/home/sven/ros2_ws/src/actions_cpp/src/move_robot_client.cpp:1[m[K:
[1.576s] [01m[K/usr/include/c++/11/bits/unordered_map.h:2134:5:[m[K [01;36m[Knote: [m[Kcandidate: ‘[01m[Ktemplate<class _Key1, class _Tp1, class _Hash1, class _Pred1, class _Alloc1> bool std::operator==(const std::unordered_map<_Key1, _Tp1, _Hash1, _Pred1, _Alloc1>&, const std::unordered_map<_Key1, _Tp1, _Hash1, _Pred1, _Alloc1>&)[m[K’
[1.576s]  2134 |     [01;36m[Koperator[m[K==(const unordered_map<_Key, _Tp, _Hash, _Pred, _Alloc>& __x,
[1.576s]       |     [01;36m[K^~~~~~~~[m[K
[1.576s] [01m[K/usr/include/c++/11/bits/unordered_map.h:2134:5:[m[K [01;36m[Knote: [m[K  template argument deduction/substitution failed:
[1.576s] [01m[K/home/sven/ros2_ws/src/actions_cpp/src/move_robot_client.cpp:117:20:[m[K [01;36m[Knote: [m[K  ‘[01m[Kconst String[m[K’ {aka ‘[01m[Kconst example_interfaces::msg::String_<std::allocator<void> >[m[K’} is not derived from ‘[01m[Kconst std::unordered_map<_Key1, _Tp1, _Hash1, _Pred1, _Alloc1>[m[K’
[1.576s]   117 |         if (msg == [01;36m[K"cancel"[m[K)
[1.576s]       |                    [01;36m[K^~~~~~~~[m[K
[1.576s] In file included from [01m[K/usr/include/c++/11/unordered_map:47[m[K,
[1.576s]                  from [01m[K/opt/ros/humble/include/rclcpp/rclcpp/executors/multi_threaded_executor.hpp:23[m[K,
[1.576s]                  from [01m[K/opt/ros/humble/include/rclcpp/rclcpp/executors.hpp:21[m[K,
[1.576s]                  from [01m[K/opt/ros/humble/include/rclcpp/rclcpp/rclcpp.hpp:155[m[K,
[1.576s]                  from [01m[K/home/sven/ros2_ws/src/actions_cpp/src/move_robot_client.cpp:1[m[K:
[1.576s] [01m[K/usr/include/c++/11/bits/unordered_map.h:2148:5:[m[K [01;36m[Knote: [m[Kcandidate: ‘[01m[Ktemplate<class _Key1, class _Tp1, class _Hash1, class _Pred1, class _Alloc1> bool std::operator==(const std::unordered_multimap<_Key1, _Tp1, _Hash1, _Pred1, _Alloc1>&, const std::unordered_multimap<_Key1, _Tp1, _Hash1, _Pred1, _Alloc1>&)[m[K’
[1.576s]  2148 |     [01;36m[Koperator[m[K==(const unordered_multimap<_Key, _Tp, _Hash, _Pred, _Alloc>& __x,
[1.576s]       |     [01;36m[K^~~~~~~~[m[K
[1.576s] [01m[K/usr/include/c++/11/bits/unordered_map.h:2148:5:[m[K [01;36m[Knote: [m[K  template argument deduction/substitution failed:
[1.576s] [01m[K/home/sven/ros2_ws/src/actions_cpp/src/move_robot_client.cpp:117:20:[m[K [01;36m[Knote: [m[K  ‘[01m[Kconst String[m[K’ {aka ‘[01m[Kconst example_interfaces::msg::String_<std::allocator<void> >[m[K’} is not derived from ‘[01m[Kconst std::unordered_multimap<_Key1, _Tp1, _Hash1, _Pred1, _Alloc1>[m[K’
[1.576s]   117 |         if (msg == [01;36m[K"cancel"[m[K)
[1.576s]       |                    [01;36m[K^~~~~~~~[m[K
[1.576s] In file included from [01m[K/usr/include/c++/11/vector:67[m[K,
[1.576s]                  from [01m[K/usr/include/c++/11/functional:62[m[K,
[1.576s]                  from [01m[K/usr/include/c++/11/pstl/glue_algorithm_defs.h:13[m[K,
[1.576s]                  from [01m[K/usr/include/c++/11/algorithm:74[m[K,
[1.576s]                  from [01m[K/opt/ros/humble/include/rclcpp/rclcpp/executor.hpp:18[m[K,
[1.576s]                  from [01m[K/opt/ros/humble/include/rclcpp/rclcpp/executors/multi_threaded_executor.hpp:25[m[K,
[1.576s]                  from [01m[K/opt/ros/humble/include/rclcpp/rclcpp/executors.hpp:21[m[K,
[1.577s]                  from [01m[K/opt/ros/humble/include/rclcpp/rclcpp/rclcpp.hpp:155[m[K,
[1.577s]                  from [01m[K/home/sven/ros2_ws/src/actions_cpp/src/move_robot_client.cpp:1[m[K:
[1.577s] [01m[K/usr/include/c++/11/bits/stl_vector.h:1892:5:[m[K [01;36m[Knote: [m[Kcandidate: ‘[01m[Ktemplate<class _Tp, class _Alloc> bool std::operator==(const std::vector<_Tp, _Alloc>&, const std::vector<_Tp, _Alloc>&)[m[K’
[1.577s]  1892 |     [01;36m[Koperator[m[K==(const vector<_Tp, _Alloc>& __x, const vector<_Tp, _Alloc>& __y)
[1.577s]       |     [01;36m[K^~~~~~~~[m[K
[1.577s] [01m[K/usr/include/c++/11/bits/stl_vector.h:1892:5:[m[K [01;36m[Knote: [m[K  template argument deduction/substitution failed:
[1.577s] [01m[K/home/sven/ros2_ws/src/actions_cpp/src/move_robot_client.cpp:117:20:[m[K [01;36m[Knote: [m[K  ‘[01m[Kconst String[m[K’ {aka ‘[01m[Kconst example_interfaces::msg::String_<std::allocator<void> >[m[K’} is not derived from ‘[01m[Kconst std::vector<_Tp, _Alloc>[m[K’
[1.577s]   117 |         if (msg == [01;36m[K"cancel"[m[K)
[1.577s]       |                    [01;36m[K^~~~~~~~[m[K
[1.577s] In file included from [01m[K/usr/include/c++/11/bits/locale_facets.h:48[m[K,
[1.577s]                  from [01m[K/usr/include/c++/11/bits/basic_ios.h:37[m[K,
[1.577s]                  from [01m[K/usr/include/c++/11/ios:44[m[K,
[1.577s]                  from [01m[K/usr/include/c++/11/ostream:38[m[K,
[1.577s]                  from [01m[K/usr/include/c++/11/iostream:39[m[K,
[1.577s]                  from [01m[K/opt/ros/humble/include/rclcpp/rclcpp/executor.hpp:22[m[K,
[1.577s]                  from [01m[K/opt/ros/humble/include/rclcpp/rclcpp/executors/multi_threaded_executor.hpp:25[m[K,
[1.577s]                  from [01m[K/opt/ros/humble/include/rclcpp/rclcpp/executors.hpp:21[m[K,
[1.577s]                  from [01m[K/opt/ros/humble/include/rclcpp/rclcpp/rclcpp.hpp:155[m[K,
[1.577s]                  from [01m[K/home/sven/ros2_ws/src/actions_cpp/src/move_robot_client.cpp:1[m[K:
[1.577s] [01m[K/usr/include/c++/11/bits/streambuf_iterator.h:226:5:[m[K [01;36m[Knote: [m[Kcandidate: ‘[01m[Ktemplate<class _CharT, class _Traits> bool std::operator==(const std::istreambuf_iterator<_CharT, _Traits>&, const std::istreambuf_iterator<_CharT, _Traits>&)[m[K’
[1.577s]   226 |     [01;36m[Koperator[m[K==(const istreambuf_iterator<_CharT, _Traits>& __a,
[1.577s]       |     [01;36m[K^~~~~~~~[m[K
[1.577s] [01m[K/usr/include/c++/11/bits/streambuf_iterator.h:226:5:[m[K [01;36m[Knote: [m[K  template argument deduction/substitution failed:
[1.577s] [01m[K/home/sven/ros2_ws/src/actions_cpp/src/move_robot_client.cpp:117:20:[m[K [01;36m[Knote: [m[K  ‘[01m[Kconst String[m[K’ {aka ‘[01m[Kconst example_interfaces::msg::String_<std::allocator<void> >[m[K’} is not derived from ‘[01m[Kconst std::istreambuf_iterator<_CharT, _Traits>[m[K’
[1.577s]   117 |         if (msg == [01;36m[K"cancel"[m[K)
[1.577s]       |                    [01;36m[K^~~~~~~~[m[K
[1.577s] In file included from [01m[K/usr/include/c++/11/list:63[m[K,
[1.577s]                  from [01m[K/opt/ros/humble/include/rclcpp/rclcpp/executor.hpp:23[m[K,
[1.577s]                  from [01m[K/opt/ros/humble/include/rclcpp/rclcpp/executors/multi_threaded_executor.hpp:25[m[K,
[1.577s]                  from [01m[K/opt/ros/humble/include/rclcpp/rclcpp/executors.hpp:21[m[K,
[1.577s]                  from [01m[K/opt/ros/humble/include/rclcpp/rclcpp/rclcpp.hpp:155[m[K,
[1.577s]                  from [01m[K/home/sven/ros2_ws/src/actions_cpp/src/move_robot_client.cpp:1[m[K:
[1.577s] [01m[K/usr/include/c++/11/bits/stl_list.h:2030:5:[m[K [01;36m[Knote: [m[Kcandidate: ‘[01m[Ktemplate<class _Tp, class _Alloc> bool std::operator==(const std::__cxx11::list<_Tp, _Alloc>&, const std::__cxx11::list<_Tp, _Alloc>&)[m[K’
[1.577s]  2030 |     [01;36m[Koperator[m[K==(const list<_Tp, _Alloc>& __x, const list<_Tp, _Alloc>& __y)
[1.577s]       |     [01;36m[K^~~~~~~~[m[K
[1.577s] [01m[K/usr/include/c++/11/bits/stl_list.h:2030:5:[m[K [01;36m[Knote: [m[K  template argument deduction/substitution failed:
[1.577s] [01m[K/home/sven/ros2_ws/src/actions_cpp/src/move_robot_client.cpp:117:20:[m[K [01;36m[Knote: [m[K  ‘[01m[Kconst String[m[K’ {aka ‘[01m[Kconst example_interfaces::msg::String_<std::allocator<void> >[m[K’} is not derived from ‘[01m[Kconst std::__cxx11::list<_Tp, _Alloc>[m[K’
[1.577s]   117 |         if (msg == [01;36m[K"cancel"[m[K)
[1.577s]       |                    [01;36m[K^~~~~~~~[m[K
[1.577s] In file included from [01m[K/usr/include/c++/11/map:61[m[K,
[1.577s]                  from [01m[K/opt/ros/humble/include/rclcpp/rclcpp/executor.hpp:24[m[K,
[1.577s]                  from [01m[K/opt/ros/humble/include/rclcpp/rclcpp/executors/multi_threaded_executor.hpp:25[m[K,
[1.577s]                  from [01m[K/opt/ros/humble/include/rclcpp/rclcpp/executors.hpp:21[m[K,
[1.577s]                  from [01m[K/opt/ros/humble/include/rclcpp/rclcpp/rclcpp.hpp:155[m[K,
[1.577s]                  from [01m[K/home/sven/ros2_ws/src/actions_cpp/src/move_robot_client.cpp:1[m[K:
[1.577s] [01m[K/usr/include/c++/11/bits/stl_map.h:1463:5:[m[K [01;36m[Knote: [m[Kcandidate: ‘[01m[Ktemplate<class _Key, class _Tp, class _Compare, class _Alloc> bool std::operator==(const std::map<_Key, _Tp, _Compare, _Allocator>&, const std::map<_Key, _Tp, _Compare, _Allocator>&)[m[K’
[1.577s]  1463 |     [01;36m[Koperator[m[K==(const map<_Key, _Tp, _Compare, _Alloc>& __x,
[1.577s]       |     [01;36m[K^~~~~~~~[m[K
[1.577s] [01m[K/usr/include/c++/11/bits/stl_map.h:1463:5:[m[K [01;36m[Knote: [m[K  template argument deduction/substitution failed:
[1.577s] [01m[K/home/sven/ros2_ws/src/actions_cpp/src/move_robot_client.cpp:117:20:[m[K [01;36m[Knote: [m[K  ‘[01m[Kconst String[m[K’ {aka ‘[01m[Kconst example_interfaces::msg::String_<std::allocator<void> >[m[K’} is not derived from ‘[01m[Kconst std::map<_Key, _Tp, _Compare, _Allocator>[m[K’
[1.577s]   117 |         if (msg == [01;36m[K"cancel"[m[K)
[1.577s]       |                    [01;36m[K^~~~~~~~[m[K
[1.577s] In file included from [01m[K/usr/include/c++/11/map:62[m[K,
[1.577s]                  from [01m[K/opt/ros/humble/include/rclcpp/rclcpp/executor.hpp:24[m[K,
[1.577s]                  from [01m[K/opt/ros/humble/include/rclcpp/rclcpp/executors/multi_threaded_executor.hpp:25[m[K,
[1.578s]                  from [01m[K/opt/ros/humble/include/rclcpp/rclcpp/executors.hpp:21[m[K,
[1.578s]                  from [01m[K/opt/ros/humble/include/rclcpp/rclcpp/rclcpp.hpp:155[m[K,
[1.578s]                  from [01m[K/home/sven/ros2_ws/src/actions_cpp/src/move_robot_client.cpp:1[m[K:
[1.578s] [01m[K/usr/include/c++/11/bits/stl_multimap.h:1128:5:[m[K [01;36m[Knote: [m[Kcandidate: ‘[01m[Ktemplate<class _Key, class _Tp, class _Compare, class _Alloc> bool std::operator==(const std::multimap<_Key, _Tp, _Compare, _Allocator>&, const std::multimap<_Key, _Tp, _Compare, _Allocator>&)[m[K’
[1.578s]  1128 |     [01;36m[Koperator[m[K==(const multimap<_Key, _Tp, _Compare, _Alloc>& __x,
[1.578s]       |     [01;36m[K^~~~~~~~[m[K
[1.578s] [01m[K/usr/include/c++/11/bits/stl_multimap.h:1128:5:[m[K [01;36m[Knote: [m[K  template argument deduction/substitution failed:
[1.578s] [01m[K/home/sven/ros2_ws/src/actions_cpp/src/move_robot_client.cpp:117:20:[m[K [01;36m[Knote: [m[K  ‘[01m[Kconst String[m[K’ {aka ‘[01m[Kconst example_interfaces::msg::String_<std::allocator<void> >[m[K’} is not derived from ‘[01m[Kconst std::multimap<_Key, _Tp, _Compare, _Allocator>[m[K’
[1.578s]   117 |         if (msg == [01;36m[K"cancel"[m[K)
[1.578s]       |                    [01;36m[K^~~~~~~~[m[K
[1.578s] In file included from [01m[K/usr/include/c++/11/unordered_set:47[m[K,
[1.578s]                  from [01m[K/opt/ros/humble/include/rclcpp/rclcpp/context.hpp:26[m[K,
[1.578s]                  from [01m[K/opt/ros/humble/include/rclcpp/rclcpp/executor.hpp:34[m[K,
[1.578s]                  from [01m[K/opt/ros/humble/include/rclcpp/rclcpp/executors/multi_threaded_executor.hpp:25[m[K,
[1.578s]                  from [01m[K/opt/ros/humble/include/rclcpp/rclcpp/executors.hpp:21[m[K,
[1.578s]                  from [01m[K/opt/ros/humble/include/rclcpp/rclcpp/rclcpp.hpp:155[m[K,
[1.578s]                  from [01m[K/home/sven/ros2_ws/src/actions_cpp/src/move_robot_client.cpp:1[m[K:
[1.578s] [01m[K/usr/include/c++/11/bits/unordered_set.h:1804:5:[m[K [01;36m[Knote: [m[Kcandidate: ‘[01m[Ktemplate<class _Value1, class _Hash1, class _Pred1, class _Alloc1> bool std::operator==(const std::unordered_set<_Value1, _Hash1, _Pred1, _Alloc1>&, const std::unordered_set<_Value1, _Hash1, _Pred1, _Alloc1>&)[m[K’
[1.578s]  1804 |     [01;36m[Koperator[m[K==(const unordered_set<_Value, _Hash, _Pred, _Alloc>& __x,
[1.578s]       |     [01;36m[K^~~~~~~~[m[K
[1.578s] [01m[K/usr/include/c++/11/bits/unordered_set.h:1804:5:[m[K [01;36m[Knote: [m[K  template argument deduction/substitution failed:
[1.578s] [01m[K/home/sven/ros2_ws/src/actions_cpp/src/move_robot_client.cpp:117:20:[m[K [01;36m[Knote: [m[K  ‘[01m[Kconst String[m[K’ {aka ‘[01m[Kconst example_interfaces::msg::String_<std::allocator<void> >[m[K’} is not derived from ‘[01m[Kconst std::unordered_set<_Value1, _Hash1, _Pred1, _Alloc1>[m[K’
[1.578s]   117 |         if (msg == [01;36m[K"cancel"[m[K)
[1.578s]       |                    [01;36m[K^~~~~~~~[m[K
[1.578s] In file included from [01m[K/usr/include/c++/11/unordered_set:47[m[K,
[1.578s]                  from [01m[K/opt/ros/humble/include/rclcpp/rclcpp/context.hpp:26[m[K,
[1.578s]                  from [01m[K/opt/ros/humble/include/rclcpp/rclcpp/executor.hpp:34[m[K,
[1.578s]                  from [01m[K/opt/ros/humble/include/rclcpp/rclcpp/executors/multi_threaded_executor.hpp:25[m[K,
[1.578s]                  from [01m[K/opt/ros/humble/include/rclcpp/rclcpp/executors.hpp:21[m[K,
[1.578s]                  from [01m[K/opt/ros/humble/include/rclcpp/rclcpp/rclcpp.hpp:155[m[K,
[1.578s]                  from [01m[K/home/sven/ros2_ws/src/actions_cpp/src/move_robot_client.cpp:1[m[K:
[1.578s] [01m[K/usr/include/c++/11/bits/unordered_set.h:1818:5:[m[K [01;36m[Knote: [m[Kcandidate: ‘[01m[Ktemplate<class _Value1, class _Hash1, class _Pred1, class _Alloc1> bool std::operator==(const std::unordered_multiset<_Value1, _Hash1, _Pred1, _Alloc1>&, const std::unordered_multiset<_Value1, _Hash1, _Pred1, _Alloc1>&)[m[K’
[1.578s]  1818 |     [01;36m[Koperator[m[K==(const unordered_multiset<_Value, _Hash, _Pred, _Alloc>& __x,
[1.578s]       |     [01;36m[K^~~~~~~~[m[K
[1.578s] [01m[K/usr/include/c++/11/bits/unordered_set.h:1818:5:[m[K [01;36m[Knote: [m[K  template argument deduction/substitution failed:
[1.578s] [01m[K/home/sven/ros2_ws/src/actions_cpp/src/move_robot_client.cpp:117:20:[m[K [01;36m[Knote: [m[K  ‘[01m[Kconst String[m[K’ {aka ‘[01m[Kconst example_interfaces::msg::String_<std::allocator<void> >[m[K’} is not derived from ‘[01m[Kconst std::unordered_multiset<_Value1, _Hash1, _Pred1, _Alloc1>[m[K’
[1.578s]   117 |         if (msg == [01;36m[K"cancel"[m[K)
[1.578s]       |                    [01;36m[K^~~~~~~~[m[K
[1.578s] In file included from [01m[K/opt/ros/humble/include/rclcpp/rclcpp/client.hpp:23[m[K,
[1.578s]                  from [01m[K/opt/ros/humble/include/rclcpp/rclcpp/callback_group.hpp:24[m[K,
[1.578s]                  from [01m[K/opt/ros/humble/include/rclcpp/rclcpp/any_executable.hpp:20[m[K,
[1.578s]                  from [01m[K/opt/ros/humble/include/rclcpp/rclcpp/memory_strategy.hpp:25[m[K,
[1.578s]                  from [01m[K/opt/ros/humble/include/rclcpp/rclcpp/memory_strategies.hpp:18[m[K,
[1.578s]                  from [01m[K/opt/ros/humble/include/rclcpp/rclcpp/executor_options.hpp:20[m[K,
[1.578s]                  from [01m[K/opt/ros/humble/include/rclcpp/rclcpp/executor.hpp:37[m[K,
[1.578s]                  from [01m[K/opt/ros/humble/include/rclcpp/rclcpp/executors/multi_threaded_executor.hpp:25[m[K,
[1.578s]                  from [01m[K/opt/ros/humble/include/rclcpp/rclcpp/executors.hpp:21[m[K,
[1.578s]                  from [01m[K/opt/ros/humble/include/rclcpp/rclcpp/rclcpp.hpp:155[m[K,
[1.578s]                  from [01m[K/home/sven/ros2_ws/src/actions_cpp/src/move_robot_client.cpp:1[m[K:
[1.578s] [01m[K/usr/include/c++/11/optional:1045:5:[m[K [01;36m[Knote: [m[Kcandidate: ‘[01m[Ktemplate<class _Tp, class _Up> constexpr std::__optional_eq_t<_Tp, _Up> std::operator==(const std::optional<_Tp>&, const std::optional<_Up>&)[m[K’
[1.578s]  1045 |     [01;36m[Koperator[m[K==(const optional<_Tp>& __lhs, const optional<_Up>& __rhs)
[1.578s]       |     [01;36m[K^~~~~~~~[m[K
[1.578s] [01m[K/usr/include/c++/11/optional:1045:5:[m[K [01;36m[Knote: [m[K  template argument deduction/substitution failed:
[1.578s] [01m[K/home/sven/ros2_ws/src/actions_cpp/src/move_robot_client.cpp:117:20:[m[K [01;36m[Knote: [m[K  ‘[01m[Kconst String[m[K’ {aka ‘[01m[Kconst example_interfaces::msg::String_<std::allocator<void> >[m[K’} is not derived from ‘[01m[Kconst std::optional<_Tp>[m[K’
[1.579s]   117 |         if (msg == [01;36m[K"cancel"[m[K)
[1.579s]       |                    [01;36m[K^~~~~~~~[m[K
[1.579s] In file included from [01m[K/opt/ros/humble/include/rclcpp/rclcpp/client.hpp:23[m[K,
[1.579s]                  from [01m[K/opt/ros/humble/include/rclcpp/rclcpp/callback_group.hpp:24[m[K,
[1.579s]                  from [01m[K/opt/ros/humble/include/rclcpp/rclcpp/any_executable.hpp:20[m[K,
[1.579s]                  from [01m[K/opt/ros/humble/include/rclcpp/rclcpp/memory_strategy.hpp:25[m[K,
[1.579s]                  from [01m[K/opt/ros/humble/include/rclcpp/rclcpp/memory_strategies.hpp:18[m[K,
[1.579s]                  from [01m[K/opt/ros/humble/include/rclcpp/rclcpp/executor_options.hpp:20[m[K,
[1.579s]                  from [01m[K/opt/ros/humble/include/rclcpp/rclcpp/executor.hpp:37[m[K,
[1.579s]                  from [01m[K/opt/ros/humble/include/rclcpp/rclcpp/executors/multi_threaded_executor.hpp:25[m[K,
[1.579s]                  from [01m[K/opt/ros/humble/include/rclcpp/rclcpp/executors.hpp:21[m[K,
[1.579s]                  from [01m[K/opt/ros/humble/include/rclcpp/rclcpp/rclcpp.hpp:155[m[K,
[1.579s]                  from [01m[K/home/sven/ros2_ws/src/actions_cpp/src/move_robot_client.cpp:1[m[K:
[1.579s] [01m[K/usr/include/c++/11/optional:1105:5:[m[K [01;36m[Knote: [m[Kcandidate: ‘[01m[Ktemplate<class _Tp> constexpr bool std::operator==(const std::optional<_Tp>&, std::nullopt_t)[m[K’
[1.579s]  1105 |     [01;36m[Koperator[m[K==(const optional<_Tp>& __lhs, nullopt_t) noexcept
[1.579s]       |     [01;36m[K^~~~~~~~[m[K
[1.579s] [01m[K/usr/include/c++/11/optional:1105:5:[m[K [01;36m[Knote: [m[K  template argument deduction/substitution failed:
[1.579s] [01m[K/home/sven/ros2_ws/src/actions_cpp/src/move_robot_client.cpp:117:20:[m[K [01;36m[Knote: [m[K  ‘[01m[Kconst String[m[K’ {aka ‘[01m[Kconst example_interfaces::msg::String_<std::allocator<void> >[m[K’} is not derived from ‘[01m[Kconst std::optional<_Tp>[m[K’
[1.579s]   117 |         if (msg == [01;36m[K"cancel"[m[K)
[1.579s]       |                    [01;36m[K^~~~~~~~[m[K
[1.579s] In file included from [01m[K/opt/ros/humble/include/rclcpp/rclcpp/client.hpp:23[m[K,
[1.579s]                  from [01m[K/opt/ros/humble/include/rclcpp/rclcpp/callback_group.hpp:24[m[K,
[1.579s]                  from [01m[K/opt/ros/humble/include/rclcpp/rclcpp/any_executable.hpp:20[m[K,
[1.579s]                  from [01m[K/opt/ros/humble/include/rclcpp/rclcpp/memory_strategy.hpp:25[m[K,
[1.579s]                  from [01m[K/opt/ros/humble/include/rclcpp/rclcpp/memory_strategies.hpp:18[m[K,
[1.579s]                  from [01m[K/opt/ros/humble/include/rclcpp/rclcpp/executor_options.hpp:20[m[K,
[1.579s]                  from [01m[K/opt/ros/humble/include/rclcpp/rclcpp/executor.hpp:37[m[K,
[1.579s]                  from [01m[K/opt/ros/humble/include/rclcpp/rclcpp/executors/multi_threaded_executor.hpp:25[m[K,
[1.579s]                  from [01m[K/opt/ros/humble/include/rclcpp/rclcpp/executors.hpp:21[m[K,
[1.579s]                  from [01m[K/opt/ros/humble/include/rclcpp/rclcpp/rclcpp.hpp:155[m[K,
[1.579s]                  from [01m[K/home/sven/ros2_ws/src/actions_cpp/src/move_robot_client.cpp:1[m[K:
[1.579s] [01m[K/usr/include/c++/11/optional:1116:5:[m[K [01;36m[Knote: [m[Kcandidate: ‘[01m[Ktemplate<class _Tp> constexpr bool std::operator==(std::nullopt_t, const std::optional<_Tp>&)[m[K’
[1.579s]  1116 |     [01;36m[Koperator[m[K==(nullopt_t, const optional<_Tp>& __rhs) noexcept
[1.579s]       |     [01;36m[K^~~~~~~~[m[K
[1.579s] [01m[K/usr/include/c++/11/optional:1116:5:[m[K [01;36m[Knote: [m[K  template argument deduction/substitution failed:
[1.579s] [01m[K/home/sven/ros2_ws/src/actions_cpp/src/move_robot_client.cpp:117:20:[m[K [01;36m[Knote: [m[K  mismatched types ‘[01m[Kconst std::optional<_Tp>[m[K’ and ‘[01m[Kconst char [7][m[K’
[1.579s]   117 |         if (msg == [01;36m[K"cancel"[m[K)
[1.579s]       |                    [01;36m[K^~~~~~~~[m[K
[1.579s] In file included from [01m[K/opt/ros/humble/include/rclcpp/rclcpp/client.hpp:23[m[K,
[1.579s]                  from [01m[K/opt/ros/humble/include/rclcpp/rclcpp/callback_group.hpp:24[m[K,
[1.579s]                  from [01m[K/opt/ros/humble/include/rclcpp/rclcpp/any_executable.hpp:20[m[K,
[1.579s]                  from [01m[K/opt/ros/humble/include/rclcpp/rclcpp/memory_strategy.hpp:25[m[K,
[1.579s]                  from [01m[K/opt/ros/humble/include/rclcpp/rclcpp/memory_strategies.hpp:18[m[K,
[1.579s]                  from [01m[K/opt/ros/humble/include/rclcpp/rclcpp/executor_options.hpp:20[m[K,
[1.579s]                  from [01m[K/opt/ros/humble/include/rclcpp/rclcpp/executor.hpp:37[m[K,
[1.579s]                  from [01m[K/opt/ros/humble/include/rclcpp/rclcpp/executors/multi_threaded_executor.hpp:25[m[K,
[1.579s]                  from [01m[K/opt/ros/humble/include/rclcpp/rclcpp/executors.hpp:21[m[K,
[1.579s]                  from [01m[K/opt/ros/humble/include/rclcpp/rclcpp/rclcpp.hpp:155[m[K,
[1.579s]                  from [01m[K/home/sven/ros2_ws/src/actions_cpp/src/move_robot_client.cpp:1[m[K:
[1.579s] [01m[K/usr/include/c++/11/optional:1173:5:[m[K [01;36m[Knote: [m[Kcandidate: ‘[01m[Ktemplate<class _Tp, class _Up> constexpr std::__optional_eq_t<_Tp, _Up> std::operator==(const std::optional<_Tp>&, const _Up&)[m[K’
[1.579s]  1173 |     [01;36m[Koperator[m[K==(const optional<_Tp>& __lhs, const _Up& __rhs)
[1.579s]       |     [01;36m[K^~~~~~~~[m[K
[1.579s] [01m[K/usr/include/c++/11/optional:1173:5:[m[K [01;36m[Knote: [m[K  template argument deduction/substitution failed:
[1.579s] [01m[K/home/sven/ros2_ws/src/actions_cpp/src/move_robot_client.cpp:117:20:[m[K [01;36m[Knote: [m[K  ‘[01m[Kconst String[m[K’ {aka ‘[01m[Kconst example_interfaces::msg::String_<std::allocator<void> >[m[K’} is not derived from ‘[01m[Kconst std::optional<_Tp>[m[K’
[1.580s]   117 |         if (msg == [01;36m[K"cancel"[m[K)
[1.580s]       |                    [01;36m[K^~~~~~~~[m[K
[1.580s] In file included from [01m[K/opt/ros/humble/include/rclcpp/rclcpp/client.hpp:23[m[K,
[1.580s]                  from [01m[K/opt/ros/humble/include/rclcpp/rclcpp/callback_group.hpp:24[m[K,
[1.580s]                  from [01m[K/opt/ros/humble/include/rclcpp/rclcpp/any_executable.hpp:20[m[K,
[1.580s]                  from [01m[K/opt/ros/humble/include/rclcpp/rclcpp/memory_strategy.hpp:25[m[K,
[1.580s]                  from [01m[K/opt/ros/humble/include/rclcpp/rclcpp/memory_strategies.hpp:18[m[K,
[1.580s]                  from [01m[K/opt/ros/humble/include/rclcpp/rclcpp/executor_options.hpp:20[m[K,
[1.580s]                  from [01m[K/opt/ros/humble/include/rclcpp/rclcpp/executor.hpp:37[m[K,
[1.580s]                  from [01m[K/opt/ros/humble/include/rclcpp/rclcpp/executors/multi_threaded_executor.hpp:25[m[K,
[1.580s]                  from [01m[K/opt/ros/humble/include/rclcpp/rclcpp/executors.hpp:21[m[K,
[1.580s]                  from [01m[K/opt/ros/humble/include/rclcpp/rclcpp/rclcpp.hpp:155[m[K,
[1.580s]                  from [01m[K/home/sven/ros2_ws/src/actions_cpp/src/move_robot_client.cpp:1[m[K:
[1.580s] [01m[K/usr/include/c++/11/optional:1179:5:[m[K [01;36m[Knote: [m[Kcandidate: ‘[01m[Ktemplate<class _Tp, class _Up> constexpr std::__optional_eq_t<_Up, _Tp> std::operator==(const _Up&, const std::optional<_Tp>&)[m[K’
[1.580s]  1179 |     [01;36m[Koperator[m[K==(const _Up& __lhs, const optional<_Tp>& __rhs)
[1.580s]       |     [01;36m[K^~~~~~~~[m[K
[1.580s] [01m[K/usr/include/c++/11/optional:1179:5:[m[K [01;36m[Knote: [m[K  template argument deduction/substitution failed:
[1.580s] [01m[K/home/sven/ros2_ws/src/actions_cpp/src/move_robot_client.cpp:117:20:[m[K [01;36m[Knote: [m[K  mismatched types ‘[01m[Kconst std::optional<_Tp>[m[K’ and ‘[01m[Kconst char [7][m[K’
[1.580s]   117 |         if (msg == [01;36m[K"cancel"[m[K)
[1.580s]       |                    [01;36m[K^~~~~~~~[m[K
[1.580s] In file included from [01m[K/opt/ros/humble/include/rclcpp/rclcpp/client.hpp:28[m[K,
[1.580s]                  from [01m[K/opt/ros/humble/include/rclcpp/rclcpp/callback_group.hpp:24[m[K,
[1.580s]                  from [01m[K/opt/ros/humble/include/rclcpp/rclcpp/any_executable.hpp:20[m[K,
[1.580s]                  from [01m[K/opt/ros/humble/include/rclcpp/rclcpp/memory_strategy.hpp:25[m[K,
[1.580s]                  from [01m[K/opt/ros/humble/include/rclcpp/rclcpp/memory_strategies.hpp:18[m[K,
[1.580s]                  from [01m[K/opt/ros/humble/include/rclcpp/rclcpp/executor_options.hpp:20[m[K,
[1.580s]                  from [01m[K/opt/ros/humble/include/rclcpp/rclcpp/executor.hpp:37[m[K,
[1.580s]                  from [01m[K/opt/ros/humble/include/rclcpp/rclcpp/executors/multi_threaded_executor.hpp:25[m[K,
[1.580s]                  from [01m[K/opt/ros/humble/include/rclcpp/rclcpp/executors.hpp:21[m[K,
[1.580s]                  from [01m[K/opt/ros/humble/include/rclcpp/rclcpp/rclcpp.hpp:155[m[K,
[1.580s]                  from [01m[K/home/sven/ros2_ws/src/actions_cpp/src/move_robot_client.cpp:1[m[K:
[1.580s] [01m[K/usr/include/c++/11/variant:1232:3:[m[K [01;36m[Knote: [m[Kcandidate: ‘[01m[Ktemplate<class ... _Types> constexpr bool std::operator==(const std::variant<_Types ...>&, const std::variant<_Types ...>&)[m[K’
[1.580s]  1232 |   [01;36m[K_VARIANT_RELATION_FUNCTION_TEMPLATE[m[K(==, equal)
[1.580s]       |   [01;36m[K^~~~~~~~~~~~~~~~~~~~~~~~~~~~~~~~~~~[m[K
[1.580s] [01m[K/usr/include/c++/11/variant:1232:3:[m[K [01;36m[Knote: [m[K  template argument deduction/substitution failed:
[1.580s] [01m[K/home/sven/ros2_ws/src/actions_cpp/src/move_robot_client.cpp:117:20:[m[K [01;36m[Knote: [m[K  ‘[01m[Kconst String[m[K’ {aka ‘[01m[Kconst example_interfaces::msg::String_<std::allocator<void> >[m[K’} is not derived from ‘[01m[Kconst std::variant<_Types ...>[m[K’
[1.580s]   117 |         if (msg == [01;36m[K"cancel"[m[K)
[1.580s]       |                    [01;36m[K^~~~~~~~[m[K
[1.580s] In file included from [01m[K/usr/include/c++/11/mutex:42[m[K,
[1.580s]                  from [01m[K/usr/include/c++/11/future:38[m[K,
[1.580s]                  from [01m[K/opt/ros/humble/include/rclcpp/rclcpp/executors.hpp:18[m[K,
[1.580s]                  from [01m[K/opt/ros/humble/include/rclcpp/rclcpp/rclcpp.hpp:155[m[K,
[1.580s]                  from [01m[K/home/sven/ros2_ws/src/actions_cpp/src/move_robot_client.cpp:1[m[K:
[1.580s] [01m[K/usr/include/c++/11/system_error:362:3:[m[K [01;36m[Knote: [m[Kcandidate: ‘[01m[Kbool std::operator==(const std::error_code&, const std::error_code&)[m[K’
[1.580s]   362 |   [01;36m[Koperator[m[K==(const error_code& __lhs, const error_code& __rhs) noexcept
[1.580s]       |   [01;36m[K^~~~~~~~[m[K
[1.580s] [01m[K/usr/include/c++/11/system_error:362:32:[m[K [01;36m[Knote: [m[K  no known conversion for argument 1 from ‘[01m[Kconst String[m[K’ {aka ‘[01m[Kconst example_interfaces::msg::String_<std::allocator<void> >[m[K’} to ‘[01m[Kconst std::error_code&[m[K’
[1.580s]   362 |   operator==([01;36m[Kconst error_code& __lhs[m[K, const error_code& __rhs) noexcept
[1.580s]       |              [01;36m[K~~~~~~~~~~~~~~~~~~^~~~~[m[K
[1.580s] [01m[K/usr/include/c++/11/system_error:368:3:[m[K [01;36m[Knote: [m[Kcandidate: ‘[01m[Kbool std::operator==(const std::error_code&, const std::error_condition&)[m[K’
[1.580s]   368 |   [01;36m[Koperator[m[K==(const error_code& __lhs, const error_condition& __rhs) noexcept
[1.580s]       |   [01;36m[K^~~~~~~~[m[K
[1.580s] [01m[K/usr/include/c++/11/system_error:368:32:[m[K [01;36m[Knote: [m[K  no known conversion for argument 1 from ‘[01m[Kconst String[m[K’ {aka ‘[01m[Kconst example_interfaces::msg::String_<std::allocator<void> >[m[K’} to ‘[01m[Kconst std::error_code&[m[K’
[1.580s]   368 |   operator==([01;36m[Kconst error_code& __lhs[m[K, const error_condition& __rhs) noexcept
[1.581s]       |              [01;36m[K~~~~~~~~~~~~~~~~~~^~~~~[m[K
[1.581s] [01m[K/usr/include/c++/11/system_error:376:3:[m[K [01;36m[Knote: [m[Kcandidate: ‘[01m[Kbool std::operator==(const std::error_condition&, const std::error_condition&)[m[K’
[1.581s]   376 |   [01;36m[Koperator[m[K==(const error_condition& __lhs,
[1.581s]       |   [01;36m[K^~~~~~~~[m[K
[1.581s] [01m[K/usr/include/c++/11/system_error:376:37:[m[K [01;36m[Knote: [m[K  no known conversion for argument 1 from ‘[01m[Kconst String[m[K’ {aka ‘[01m[Kconst example_interfaces::msg::String_<std::allocator<void> >[m[K’} to ‘[01m[Kconst std::error_condition&[m[K’
[1.581s]   376 |   operator==([01;36m[Kconst error_condition& __lhs[m[K,
[1.581s]       |              [01;36m[K~~~~~~~~~~~~~~~~~~~~~~~^~~~~[m[K
[1.581s] [01m[K/usr/include/c++/11/system_error:408:3:[m[K [01;36m[Knote: [m[Kcandidate: ‘[01m[Kbool std::operator==(const std::error_condition&, const std::error_code&)[m[K’
[1.581s]   408 |   [01;36m[Koperator[m[K==(const error_condition& __lhs, const error_code& __rhs) noexcept
[1.581s]       |   [01;36m[K^~~~~~~~[m[K
[1.581s] [01m[K/usr/include/c++/11/system_error:408:37:[m[K [01;36m[Knote: [m[K  no known conversion for argument 1 from ‘[01m[Kconst String[m[K’ {aka ‘[01m[Kconst example_interfaces::msg::String_<std::allocator<void> >[m[K’} to ‘[01m[Kconst std::error_condition&[m[K’
[1.581s]   408 |   operator==([01;36m[Kconst error_condition& __lhs[m[K, const error_code& __rhs) noexcept
[1.581s]       |              [01;36m[K~~~~~~~~~~~~~~~~~~~~~~~^~~~~[m[K
[1.581s] In file included from [01m[K/usr/include/c++/11/future:48[m[K,
[1.581s]                  from [01m[K/opt/ros/humble/include/rclcpp/rclcpp/executors.hpp:18[m[K,
[1.581s]                  from [01m[K/opt/ros/humble/include/rclcpp/rclcpp/rclcpp.hpp:155[m[K,
[1.581s]                  from [01m[K/home/sven/ros2_ws/src/actions_cpp/src/move_robot_client.cpp:1[m[K:
[1.581s] [01m[K/usr/include/c++/11/bits/std_thread.h:287:3:[m[K [01;36m[Knote: [m[Kcandidate: ‘[01m[Kbool std::operator==(std::thread::id, std::thread::id)[m[K’
[1.581s]   287 |   [01;36m[Koperator[m[K==(thread::id __x, thread::id __y) noexcept
[1.581s]       |   [01;36m[K^~~~~~~~[m[K
[1.581s] [01m[K/usr/include/c++/11/bits/std_thread.h:287:25:[m[K [01;36m[Knote: [m[K  no known conversion for argument 1 from ‘[01m[Kconst String[m[K’ {aka ‘[01m[Kconst example_interfaces::msg::String_<std::allocator<void> >[m[K’} to ‘[01m[Kstd::thread::id[m[K’
[1.581s]   287 |   operator==([01;36m[Kthread::id __x[m[K, thread::id __y) noexcept
[1.581s]       |              [01;36m[K~~~~~~~~~~~^~~[m[K
[1.581s] In file included from [01m[K/opt/ros/humble/include/rclcpp/rclcpp/client.hpp:28[m[K,
[1.581s]                  from [01m[K/opt/ros/humble/include/rclcpp/rclcpp/callback_group.hpp:24[m[K,
[1.581s]                  from [01m[K/opt/ros/humble/include/rclcpp/rclcpp/any_executable.hpp:20[m[K,
[1.581s]                  from [01m[K/opt/ros/humble/include/rclcpp/rclcpp/memory_strategy.hpp:25[m[K,
[1.581s]                  from [01m[K/opt/ros/humble/include/rclcpp/rclcpp/memory_strategies.hpp:18[m[K,
[1.581s]                  from [01m[K/opt/ros/humble/include/rclcpp/rclcpp/executor_options.hpp:20[m[K,
[1.581s]                  from [01m[K/opt/ros/humble/include/rclcpp/rclcpp/executor.hpp:37[m[K,
[1.581s]                  from [01m[K/opt/ros/humble/include/rclcpp/rclcpp/executors/multi_threaded_executor.hpp:25[m[K,
[1.581s]                  from [01m[K/opt/ros/humble/include/rclcpp/rclcpp/executors.hpp:21[m[K,
[1.581s]                  from [01m[K/opt/ros/humble/include/rclcpp/rclcpp/rclcpp.hpp:155[m[K,
[1.581s]                  from [01m[K/home/sven/ros2_ws/src/actions_cpp/src/move_robot_client.cpp:1[m[K:
[1.581s] [01m[K/usr/include/c++/11/variant:1239:18:[m[K [01;36m[Knote: [m[Kcandidate: ‘[01m[Kconstexpr bool std::operator==(std::monostate, std::monostate)[m[K’
[1.581s]  1239 |   constexpr bool [01;36m[Koperator[m[K==(monostate, monostate) noexcept { return true; }
[1.581s]       |                  [01;36m[K^~~~~~~~[m[K
[1.581s] [01m[K/usr/include/c++/11/variant:1239:29:[m[K [01;36m[Knote: [m[K  no known conversion for argument 1 from ‘[01m[Kconst String[m[K’ {aka ‘[01m[Kconst example_interfaces::msg::String_<std::allocator<void> >[m[K’} to ‘[01m[Kstd::monostate[m[K’
[1.581s]  1239 |   constexpr bool operator==([01;36m[Kmonostate[m[K, monostate) noexcept { return true; }
[1.581s]       |                             [01;36m[K^~~~~~~~~[m[K
[1.934s] gmake[2]: *** [CMakeFiles/move_robot_client.dir/build.make:76: CMakeFiles/move_robot_client.dir/src/move_robot_client.cpp.o] Error 1
[1.934s] gmake[1]: *** [CMakeFiles/Makefile2:249: CMakeFiles/move_robot_client.dir/all] Error 2
[1.934s] gmake: *** [Makefile:146: all] Error 2
[1.935s] Invoked command in '/home/sven/ros2_ws/build/actions_cpp' returned '2': CMAKE_PREFIX_PATH=/home/sven/ros2_ws/install/my_robot_interfaces:/home/sven/ros2_ws/install/turtlesim_catch_them_all:/home/sven/ros2_ws/install/my_robot_bringup:/home/sven/ros2_ws/install/my_cpp_pkg:/home/sven/ros2_ws/install/actions_cpp:/home/sven/ros2_ws/install/my_robot_description:/home/sven/install/my_robot_description:/home/sven/ros2_ws/install/my_py_pkg:/home/sven/ros2_ws/install/actions_py:/opt/ros/humble LD_LIBRARY_PATH=/home/sven/ros2_ws/install/my_robot_interfaces/lib:/usr/lib/x86_64-linux-gnu/gazebo-11/plugins:/opt/ros/humble/opt/rviz_ogre_vendor/lib:/opt/ros/humble/lib/x86_64-linux-gnu:/opt/ros/humble/lib:/usr/share/gazebo/../../lib/x86_64-linux-gnu/gazebo-11/plugins /usr/bin/cmake --build /home/sven/ros2_ws/build/actions_cpp -- -j20 -l20
