-- Found ament_cmake: 1.3.8 (/opt/ros/humble/share/ament_cmake/cmake)
-- Found rclcpp: 16.0.8 (/opt/ros/humble/share/rclcpp/cmake)
-- Found rosidl_generator_c: 3.1.5 (/opt/ros/humble/share/rosidl_generator_c/cmake)
-- Found rosidl_adapter: 3.1.5 (/opt/ros/humble/share/rosidl_adapter/cmake)
-- Found rosidl_generator_cpp: 3.1.5 (/opt/ros/humble/share/rosidl_generator_cpp/cmake)
-- Using all available rosidl_typesupport_c: rosidl_typesupport_fastrtps_c;rosidl_typesupport_introspection_c
-- Using all available rosidl_typesupport_cpp: rosidl_typesupport_fastrtps_cpp;rosidl_typesupport_introspection_cpp
-- Found rmw_implementation_cmake: 6.1.1 (/opt/ros/humble/share/rmw_implementation_cmake/cmake)
-- Found rmw_fastrtps_cpp: 6.2.6 (/opt/ros/humble/share/rmw_fastrtps_cpp/cmake)
-- Using RMW implementation 'rmw_fastrtps_cpp' as default
-- Found rclcpp_action: 16.0.8 (/opt/ros/humble/share/rclcpp_action/cmake)
-- Found rclcpp_lifecycle: 16.0.8 (/opt/ros/humble/share/rclcpp_lifecycle/cmake)
-- Found example_interfaces: 0.9.3 (/opt/ros/humble/share/example_interfaces/cmake)
-- Found my_robot_interfaces: 0.0.0 (/home/sven/ros2_ws/install/my_robot_interfaces/share/my_robot_interfaces/cmake)
-- Configuring done
-- Generating done
-- Build files have been written to: /home/sven/ros2_ws/build/lifecycle_cpp
[35m[1mConsolidate compiler generated dependencies of target number_publisher[0m
[35m[1mConsolidate compiler generated dependencies of target move_robot_server_lifecycle[0m
[ 25%] [32mBuilding CXX object CMakeFiles/move_robot_server_lifecycle.dir/src/move_robot_server_lifecycle.cpp.o[0m
[ 75%] Built target number_publisher
[100%] [32m[1mLinking CXX executable move_robot_server_lifecycle[0m
[100%] Built target move_robot_server_lifecycle
-- Install configuration: ""
-- Up-to-date: /home/sven/ros2_ws/install/lifecycle_cpp/lib/lifecycle_cpp/number_publisher
-- Installing: /home/sven/ros2_ws/install/lifecycle_cpp/lib/lifecycle_cpp/move_robot_server_lifecycle
-- Set runtime path of "/home/sven/ros2_ws/install/lifecycle_cpp/lib/lifecycle_cpp/move_robot_server_lifecycle" to ""
-- Up-to-date: /home/sven/ros2_ws/install/lifecycle_cpp/share/ament_index/resource_index/package_run_dependencies/lifecycle_cpp
-- Up-to-date: /home/sven/ros2_ws/install/lifecycle_cpp/share/ament_index/resource_index/parent_prefix_path/lifecycle_cpp
-- Up-to-date: /home/sven/ros2_ws/install/lifecycle_cpp/share/lifecycle_cpp/environment/ament_prefix_path.sh
-- Installing: /home/sven/ros2_ws/install/lifecycle_cpp/share/lifecycle_cpp/environment/ament_prefix_path.dsv
-- Up-to-date: /home/sven/ros2_ws/install/lifecycle_cpp/share/lifecycle_cpp/environment/path.sh
-- Installing: /home/sven/ros2_ws/install/lifecycle_cpp/share/lifecycle_cpp/environment/path.dsv
-- Up-to-date: /home/sven/ros2_ws/install/lifecycle_cpp/share/lifecycle_cpp/local_setup.bash
-- Up-to-date: /home/sven/ros2_ws/install/lifecycle_cpp/share/lifecycle_cpp/local_setup.sh
-- Up-to-date: /home/sven/ros2_ws/install/lifecycle_cpp/share/lifecycle_cpp/local_setup.zsh
-- Installing: /home/sven/ros2_ws/install/lifecycle_cpp/share/lifecycle_cpp/local_setup.dsv
-- Installing: /home/sven/ros2_ws/install/lifecycle_cpp/share/lifecycle_cpp/package.dsv
-- Up-to-date: /home/sven/ros2_ws/install/lifecycle_cpp/share/ament_index/resource_index/packages/lifecycle_cpp
-- Up-to-date: /home/sven/ros2_ws/install/lifecycle_cpp/share/lifecycle_cpp/cmake/lifecycle_cppConfig.cmake
-- Up-to-date: /home/sven/ros2_ws/install/lifecycle_cpp/share/lifecycle_cpp/cmake/lifecycle_cppConfig-version.cmake
-- Up-to-date: /home/sven/ros2_ws/install/lifecycle_cpp/share/lifecycle_cpp/package.xml
