[0.033s] Invoking command in '/home/sven/ros2_ws/build/lifecycle_cpp': CMAKE_PREFIX_PATH=/home/sven/ros2_ws/install/my_robot_interfaces:/home/sven/ros2_ws/install/turtlesim_catch_them_all:/home/sven/ros2_ws/install/my_robot_bringup:/home/sven/ros2_ws/install/my_cpp_pkg:/home/sven/ros2_ws/install/actions_cpp:/home/sven/ros2_ws/install/my_robot_description:/home/sven/ros2_ws/install/lifecycle_cpp:/home/sven/install/my_robot_description:/home/sven/ros2_ws/install/my_py_pkg:/home/sven/ros2_ws/install/actions_py:/home/sven/ros2_ws/install/lifecycle_py:/opt/ros/humble LD_LIBRARY_PATH=/home/sven/ros2_ws/install/my_robot_interfaces/lib:/usr/lib/x86_64-linux-gnu/gazebo-11/plugins:/opt/ros/humble/opt/rviz_ogre_vendor/lib:/opt/ros/humble/lib/x86_64-linux-gnu:/opt/ros/humble/lib:/usr/share/gazebo/../../lib/x86_64-linux-gnu/gazebo-11/plugins /usr/bin/cmake --build /home/sven/ros2_ws/build/lifecycle_cpp -- -j20 -l20
[0.045s] -- Found ament_cmake: 1.3.8 (/opt/ros/humble/share/ament_cmake/cmake)
[0.106s] -- Found rclcpp: 16.0.8 (/opt/ros/humble/share/rclcpp/cmake)
[0.120s] -- Found rosidl_generator_c: 3.1.5 (/opt/ros/humble/share/rosidl_generator_c/cmake)
[0.121s] -- Found rosidl_adapter: 3.1.5 (/opt/ros/humble/share/rosidl_adapter/cmake)
[0.124s] -- Found rosidl_generator_cpp: 3.1.5 (/opt/ros/humble/share/rosidl_generator_cpp/cmake)
[0.130s] -- Using all available rosidl_typesupport_c: rosidl_typesupport_fastrtps_c;rosidl_typesupport_introspection_c
[0.137s] -- Using all available rosidl_typesupport_cpp: rosidl_typesupport_fastrtps_cpp;rosidl_typesupport_introspection_cpp
[0.164s] -- Found rmw_implementation_cmake: 6.1.1 (/opt/ros/humble/share/rmw_implementation_cmake/cmake)
[0.165s] -- Found rmw_fastrtps_cpp: 6.2.6 (/opt/ros/humble/share/rmw_fastrtps_cpp/cmake)
[0.219s] -- Using RMW implementation 'rmw_fastrtps_cpp' as default
[0.292s] -- Found rclcpp_action: 16.0.8 (/opt/ros/humble/share/rclcpp_action/cmake)
[0.334s] -- Found rclcpp_lifecycle: 16.0.8 (/opt/ros/humble/share/rclcpp_lifecycle/cmake)
[0.351s] -- Found example_interfaces: 0.9.3 (/opt/ros/humble/share/example_interfaces/cmake)
[0.376s] -- Found my_robot_interfaces: 0.0.0 (/home/sven/ros2_ws/install/my_robot_interfaces/share/my_robot_interfaces/cmake)
[0.434s] -- Configuring done
[0.439s] -- Generating done
[0.440s] -- Build files have been written to: /home/sven/ros2_ws/build/lifecycle_cpp
[0.453s] [35m[1mConsolidate compiler generated dependencies of target number_publisher[0m
[0.453s] [35m[1mConsolidate compiler generated dependencies of target move_robot_server_lifecycle[0m
[0.461s] [ 25%] [32mBuilding CXX object CMakeFiles/move_robot_server_lifecycle.dir/src/move_robot_server_lifecycle.cpp.o[0m
[0.462s] [ 75%] Built target number_publisher
[2.128s] [100%] [32m[1mLinking CXX executable move_robot_server_lifecycle[0m
[2.205s] [100%] Built target move_robot_server_lifecycle
[2.216s] Invoked command in '/home/sven/ros2_ws/build/lifecycle_cpp' returned '0': CMAKE_PREFIX_PATH=/home/sven/ros2_ws/install/my_robot_interfaces:/home/sven/ros2_ws/install/turtlesim_catch_them_all:/home/sven/ros2_ws/install/my_robot_bringup:/home/sven/ros2_ws/install/my_cpp_pkg:/home/sven/ros2_ws/install/actions_cpp:/home/sven/ros2_ws/install/my_robot_description:/home/sven/ros2_ws/install/lifecycle_cpp:/home/sven/install/my_robot_description:/home/sven/ros2_ws/install/my_py_pkg:/home/sven/ros2_ws/install/actions_py:/home/sven/ros2_ws/install/lifecycle_py:/opt/ros/humble LD_LIBRARY_PATH=/home/sven/ros2_ws/install/my_robot_interfaces/lib:/usr/lib/x86_64-linux-gnu/gazebo-11/plugins:/opt/ros/humble/opt/rviz_ogre_vendor/lib:/opt/ros/humble/lib/x86_64-linux-gnu:/opt/ros/humble/lib:/usr/share/gazebo/../../lib/x86_64-linux-gnu/gazebo-11/plugins /usr/bin/cmake --build /home/sven/ros2_ws/build/lifecycle_cpp -- -j20 -l20
[2.235s] Invoking command in '/home/sven/ros2_ws/build/lifecycle_cpp': CMAKE_PREFIX_PATH=/home/sven/ros2_ws/install/my_robot_interfaces:/home/sven/ros2_ws/install/turtlesim_catch_them_all:/home/sven/ros2_ws/install/my_robot_bringup:/home/sven/ros2_ws/install/my_cpp_pkg:/home/sven/ros2_ws/install/actions_cpp:/home/sven/ros2_ws/install/my_robot_description:/home/sven/ros2_ws/install/lifecycle_cpp:/home/sven/install/my_robot_description:/home/sven/ros2_ws/install/my_py_pkg:/home/sven/ros2_ws/install/actions_py:/home/sven/ros2_ws/install/lifecycle_py:/opt/ros/humble LD_LIBRARY_PATH=/home/sven/ros2_ws/install/my_robot_interfaces/lib:/usr/lib/x86_64-linux-gnu/gazebo-11/plugins:/opt/ros/humble/opt/rviz_ogre_vendor/lib:/opt/ros/humble/lib/x86_64-linux-gnu:/opt/ros/humble/lib:/usr/share/gazebo/../../lib/x86_64-linux-gnu/gazebo-11/plugins /usr/bin/cmake --install /home/sven/ros2_ws/build/lifecycle_cpp
[2.239s] -- Install configuration: ""
[2.239s] -- Up-to-date: /home/sven/ros2_ws/install/lifecycle_cpp/lib/lifecycle_cpp/number_publisher
[2.239s] -- Installing: /home/sven/ros2_ws/install/lifecycle_cpp/lib/lifecycle_cpp/move_robot_server_lifecycle
[2.240s] -- Set runtime path of "/home/sven/ros2_ws/install/lifecycle_cpp/lib/lifecycle_cpp/move_robot_server_lifecycle" to ""
[2.240s] -- Up-to-date: /home/sven/ros2_ws/install/lifecycle_cpp/share/ament_index/resource_index/package_run_dependencies/lifecycle_cpp
[2.240s] -- Up-to-date: /home/sven/ros2_ws/install/lifecycle_cpp/share/ament_index/resource_index/parent_prefix_path/lifecycle_cpp
[2.240s] -- Up-to-date: /home/sven/ros2_ws/install/lifecycle_cpp/share/lifecycle_cpp/environment/ament_prefix_path.sh
[2.240s] -- Installing: /home/sven/ros2_ws/install/lifecycle_cpp/share/lifecycle_cpp/environment/ament_prefix_path.dsv
[2.240s] -- Up-to-date: /home/sven/ros2_ws/install/lifecycle_cpp/share/lifecycle_cpp/environment/path.sh
[2.240s] -- Installing: /home/sven/ros2_ws/install/lifecycle_cpp/share/lifecycle_cpp/environment/path.dsv
[2.240s] -- Up-to-date: /home/sven/ros2_ws/install/lifecycle_cpp/share/lifecycle_cpp/local_setup.bash
[2.240s] -- Up-to-date: /home/sven/ros2_ws/install/lifecycle_cpp/share/lifecycle_cpp/local_setup.sh
[2.240s] -- Up-to-date: /home/sven/ros2_ws/install/lifecycle_cpp/share/lifecycle_cpp/local_setup.zsh
[2.240s] -- Installing: /home/sven/ros2_ws/install/lifecycle_cpp/share/lifecycle_cpp/local_setup.dsv
[2.240s] -- Installing: /home/sven/ros2_ws/install/lifecycle_cpp/share/lifecycle_cpp/package.dsv
[2.240s] -- Up-to-date: /home/sven/ros2_ws/install/lifecycle_cpp/share/ament_index/resource_index/packages/lifecycle_cpp
[2.240s] -- Up-to-date: /home/sven/ros2_ws/install/lifecycle_cpp/share/lifecycle_cpp/cmake/lifecycle_cppConfig.cmake
[2.240s] -- Up-to-date: /home/sven/ros2_ws/install/lifecycle_cpp/share/lifecycle_cpp/cmake/lifecycle_cppConfig-version.cmake
[2.240s] -- Up-to-date: /home/sven/ros2_ws/install/lifecycle_cpp/share/lifecycle_cpp/package.xml
[2.241s] Invoked command in '/home/sven/ros2_ws/build/lifecycle_cpp' returned '0': CMAKE_PREFIX_PATH=/home/sven/ros2_ws/install/my_robot_interfaces:/home/sven/ros2_ws/install/turtlesim_catch_them_all:/home/sven/ros2_ws/install/my_robot_bringup:/home/sven/ros2_ws/install/my_cpp_pkg:/home/sven/ros2_ws/install/actions_cpp:/home/sven/ros2_ws/install/my_robot_description:/home/sven/ros2_ws/install/lifecycle_cpp:/home/sven/install/my_robot_description:/home/sven/ros2_ws/install/my_py_pkg:/home/sven/ros2_ws/install/actions_py:/home/sven/ros2_ws/install/lifecycle_py:/opt/ros/humble LD_LIBRARY_PATH=/home/sven/ros2_ws/install/my_robot_interfaces/lib:/usr/lib/x86_64-linux-gnu/gazebo-11/plugins:/opt/ros/humble/opt/rviz_ogre_vendor/lib:/opt/ros/humble/lib/x86_64-linux-gnu:/opt/ros/humble/lib:/usr/share/gazebo/../../lib/x86_64-linux-gnu/gazebo-11/plugins /usr/bin/cmake --install /home/sven/ros2_ws/build/lifecycle_cpp
