[0.035s] Invoking command in '/home/sven/ros2_ws/src/build/actions_cpp': AMENT_PREFIX_PATH=/home/sven/ros2_ws/src/install/my_robot_interfaces:${AMENT_PREFIX_PATH} CMAKE_PREFIX_PATH=/home/sven/ros2_ws/src/install/my_robot_interfaces:/home/sven/ros2_ws/install/turtlesim_catch_them_all:/home/sven/ros2_ws/install/my_robot_bringup:/home/sven/ros2_ws/install/my_cpp_pkg:/home/sven/ros2_ws/install/actions_cpp:/home/sven/ros2_ws/install/my_robot_interfaces:/home/sven/ros2_ws/install/my_robot_description:/home/sven/install/my_robot_description:/home/sven/ros2_ws/install/my_py_pkg:/home/sven/ros2_ws/install/actions_py:/opt/ros/humble LD_LIBRARY_PATH=/home/sven/ros2_ws/src/install/my_robot_interfaces/lib:/home/sven/ros2_ws/install/my_robot_interfaces/lib:/usr/lib/x86_64-linux-gnu/gazebo-11/plugins:/opt/ros/humble/opt/rviz_ogre_vendor/lib:/opt/ros/humble/lib/x86_64-linux-gnu:/opt/ros/humble/lib:/usr/share/gazebo/../../lib/x86_64-linux-gnu/gazebo-11/plugins PYTHONPATH=/home/sven/ros2_ws/src/install/my_robot_interfaces/local/lib/python3.10/dist-packages:${PYTHONPATH} /usr/bin/cmake --build /home/sven/ros2_ws/src/build/actions_cpp -- -j20 -l20
[0.055s] [35m[1mConsolidate compiler generated dependencies of target count_until_server[0m
[0.055s] [35m[1mConsolidate compiler generated dependencies of target count_until_client[0m
[0.064s] [ 75%] Built target count_until_client
[0.064s] [100%] Built target count_until_server
[0.070s] Invoked command in '/home/sven/ros2_ws/src/build/actions_cpp' returned '0': AMENT_PREFIX_PATH=/home/sven/ros2_ws/src/install/my_robot_interfaces:${AMENT_PREFIX_PATH} CMAKE_PREFIX_PATH=/home/sven/ros2_ws/src/install/my_robot_interfaces:/home/sven/ros2_ws/install/turtlesim_catch_them_all:/home/sven/ros2_ws/install/my_robot_bringup:/home/sven/ros2_ws/install/my_cpp_pkg:/home/sven/ros2_ws/install/actions_cpp:/home/sven/ros2_ws/install/my_robot_interfaces:/home/sven/ros2_ws/install/my_robot_description:/home/sven/install/my_robot_description:/home/sven/ros2_ws/install/my_py_pkg:/home/sven/ros2_ws/install/actions_py:/opt/ros/humble LD_LIBRARY_PATH=/home/sven/ros2_ws/src/install/my_robot_interfaces/lib:/home/sven/ros2_ws/install/my_robot_interfaces/lib:/usr/lib/x86_64-linux-gnu/gazebo-11/plugins:/opt/ros/humble/opt/rviz_ogre_vendor/lib:/opt/ros/humble/lib/x86_64-linux-gnu:/opt/ros/humble/lib:/usr/share/gazebo/../../lib/x86_64-linux-gnu/gazebo-11/plugins PYTHONPATH=/home/sven/ros2_ws/src/install/my_robot_interfaces/local/lib/python3.10/dist-packages:${PYTHONPATH} /usr/bin/cmake --build /home/sven/ros2_ws/src/build/actions_cpp -- -j20 -l20
[0.088s] Invoking command in '/home/sven/ros2_ws/src/build/actions_cpp': AMENT_PREFIX_PATH=/home/sven/ros2_ws/src/install/my_robot_interfaces:${AMENT_PREFIX_PATH} CMAKE_PREFIX_PATH=/home/sven/ros2_ws/src/install/my_robot_interfaces:/home/sven/ros2_ws/install/turtlesim_catch_them_all:/home/sven/ros2_ws/install/my_robot_bringup:/home/sven/ros2_ws/install/my_cpp_pkg:/home/sven/ros2_ws/install/actions_cpp:/home/sven/ros2_ws/install/my_robot_interfaces:/home/sven/ros2_ws/install/my_robot_description:/home/sven/install/my_robot_description:/home/sven/ros2_ws/install/my_py_pkg:/home/sven/ros2_ws/install/actions_py:/opt/ros/humble LD_LIBRARY_PATH=/home/sven/ros2_ws/src/install/my_robot_interfaces/lib:/home/sven/ros2_ws/install/my_robot_interfaces/lib:/usr/lib/x86_64-linux-gnu/gazebo-11/plugins:/opt/ros/humble/opt/rviz_ogre_vendor/lib:/opt/ros/humble/lib/x86_64-linux-gnu:/opt/ros/humble/lib:/usr/share/gazebo/../../lib/x86_64-linux-gnu/gazebo-11/plugins PYTHONPATH=/home/sven/ros2_ws/src/install/my_robot_interfaces/local/lib/python3.10/dist-packages:${PYTHONPATH} /usr/bin/cmake --install /home/sven/ros2_ws/src/build/actions_cpp
[0.092s] -- Install configuration: ""
[0.092s] -- Up-to-date: /home/sven/ros2_ws/src/install/actions_cpp/lib/actions_cpp/count_until_server
[0.092s] -- Up-to-date: /home/sven/ros2_ws/src/install/actions_cpp/lib/actions_cpp/count_until_client
[0.092s] -- Up-to-date: /home/sven/ros2_ws/src/install/actions_cpp/share/ament_index/resource_index/package_run_dependencies/actions_cpp
[0.092s] -- Up-to-date: /home/sven/ros2_ws/src/install/actions_cpp/share/ament_index/resource_index/parent_prefix_path/actions_cpp
[0.092s] -- Up-to-date: /home/sven/ros2_ws/src/install/actions_cpp/share/actions_cpp/environment/ament_prefix_path.sh
[0.092s] -- Up-to-date: /home/sven/ros2_ws/src/install/actions_cpp/share/actions_cpp/environment/ament_prefix_path.dsv
[0.092s] -- Up-to-date: /home/sven/ros2_ws/src/install/actions_cpp/share/actions_cpp/environment/path.sh
[0.092s] -- Up-to-date: /home/sven/ros2_ws/src/install/actions_cpp/share/actions_cpp/environment/path.dsv
[0.092s] -- Up-to-date: /home/sven/ros2_ws/src/install/actions_cpp/share/actions_cpp/local_setup.bash
[0.092s] -- Up-to-date: /home/sven/ros2_ws/src/install/actions_cpp/share/actions_cpp/local_setup.sh
[0.092s] -- Up-to-date: /home/sven/ros2_ws/src/install/actions_cpp/share/actions_cpp/local_setup.zsh
[0.092s] -- Up-to-date: /home/sven/ros2_ws/src/install/actions_cpp/share/actions_cpp/local_setup.dsv
[0.092s] -- Installing: /home/sven/ros2_ws/src/install/actions_cpp/share/actions_cpp/package.dsv
[0.092s] -- Up-to-date: /home/sven/ros2_ws/src/install/actions_cpp/share/ament_index/resource_index/packages/actions_cpp
[0.092s] -- Up-to-date: /home/sven/ros2_ws/src/install/actions_cpp/share/actions_cpp/cmake/actions_cppConfig.cmake
[0.092s] -- Up-to-date: /home/sven/ros2_ws/src/install/actions_cpp/share/actions_cpp/cmake/actions_cppConfig-version.cmake
[0.092s] -- Up-to-date: /home/sven/ros2_ws/src/install/actions_cpp/share/actions_cpp/package.xml
[0.093s] Invoked command in '/home/sven/ros2_ws/src/build/actions_cpp' returned '0': AMENT_PREFIX_PATH=/home/sven/ros2_ws/src/install/my_robot_interfaces:${AMENT_PREFIX_PATH} CMAKE_PREFIX_PATH=/home/sven/ros2_ws/src/install/my_robot_interfaces:/home/sven/ros2_ws/install/turtlesim_catch_them_all:/home/sven/ros2_ws/install/my_robot_bringup:/home/sven/ros2_ws/install/my_cpp_pkg:/home/sven/ros2_ws/install/actions_cpp:/home/sven/ros2_ws/install/my_robot_interfaces:/home/sven/ros2_ws/install/my_robot_description:/home/sven/install/my_robot_description:/home/sven/ros2_ws/install/my_py_pkg:/home/sven/ros2_ws/install/actions_py:/opt/ros/humble LD_LIBRARY_PATH=/home/sven/ros2_ws/src/install/my_robot_interfaces/lib:/home/sven/ros2_ws/install/my_robot_interfaces/lib:/usr/lib/x86_64-linux-gnu/gazebo-11/plugins:/opt/ros/humble/opt/rviz_ogre_vendor/lib:/opt/ros/humble/lib/x86_64-linux-gnu:/opt/ros/humble/lib:/usr/share/gazebo/../../lib/x86_64-linux-gnu/gazebo-11/plugins PYTHONPATH=/home/sven/ros2_ws/src/install/my_robot_interfaces/local/lib/python3.10/dist-packages:${PYTHONPATH} /usr/bin/cmake --install /home/sven/ros2_ws/src/build/actions_cpp
