[0.032s] Invoking command in '/home/sven/ros2_ws/build/components_cpp': CMAKE_PREFIX_PATH=${CMAKE_PREFIX_PATH}:/home/sven/ros2_ws/install/components_py:/home/sven/ros2_ws/install/executors_py:/home/sven/ros2_ws/install/my_py_pkg:/home/sven/ros2_ws/install/actions_py:/home/sven/ros2_ws/install/lifecycle_py:/opt/ros/humble /usr/bin/cmake --build /home/sven/ros2_ws/build/components_cpp -- -j20 -l20
[0.045s] -- Found ament_cmake: 1.3.8 (/opt/ros/humble/share/ament_cmake/cmake)
[0.110s] -- Found rclcpp: 16.0.8 (/opt/ros/humble/share/rclcpp/cmake)
[0.125s] -- Found rosidl_generator_c: 3.1.5 (/opt/ros/humble/share/rosidl_generator_c/cmake)
[0.126s] -- Found rosidl_adapter: 3.1.5 (/opt/ros/humble/share/rosidl_adapter/cmake)
[0.129s] -- Found rosidl_generator_cpp: 3.1.5 (/opt/ros/humble/share/rosidl_generator_cpp/cmake)
[0.134s] -- Using all available rosidl_typesupport_c: rosidl_typesupport_fastrtps_c;rosidl_typesupport_introspection_c
[0.142s] -- Using all available rosidl_typesupport_cpp: rosidl_typesupport_fastrtps_cpp;rosidl_typesupport_introspection_cpp
[0.169s] -- Found rmw_implementation_cmake: 6.1.1 (/opt/ros/humble/share/rmw_implementation_cmake/cmake)
[0.170s] -- Found rmw_fastrtps_cpp: 6.2.6 (/opt/ros/humble/share/rmw_fastrtps_cpp/cmake)
[0.228s] -- Using RMW implementation 'rmw_fastrtps_cpp' as default
[0.304s] -- Found rclcpp_components: 16.0.8 (/opt/ros/humble/share/rclcpp_components/cmake)
[0.331s] -- Found example_interfaces: 0.9.3 (/opt/ros/humble/share/example_interfaces/cmake)
[0.429s] -- Configuring done
[0.434s] -- Generating done
[0.435s] -- Build files have been written to: /home/sven/ros2_ws/build/components_cpp
[0.449s] [35m[1mConsolidate compiler generated dependencies of target number_pub_component[0m
[0.449s] [35m[1mConsolidate compiler generated dependencies of target manual_composition[0m
[0.457s] [ 33%] Built target number_pub_component
[0.459s] [100%] Built target manual_composition
[0.465s] Invoked command in '/home/sven/ros2_ws/build/components_cpp' returned '0': CMAKE_PREFIX_PATH=${CMAKE_PREFIX_PATH}:/home/sven/ros2_ws/install/components_py:/home/sven/ros2_ws/install/executors_py:/home/sven/ros2_ws/install/my_py_pkg:/home/sven/ros2_ws/install/actions_py:/home/sven/ros2_ws/install/lifecycle_py:/opt/ros/humble /usr/bin/cmake --build /home/sven/ros2_ws/build/components_cpp -- -j20 -l20
[0.487s] Invoking command in '/home/sven/ros2_ws/build/components_cpp': CMAKE_PREFIX_PATH=${CMAKE_PREFIX_PATH}:/home/sven/ros2_ws/install/components_py:/home/sven/ros2_ws/install/executors_py:/home/sven/ros2_ws/install/my_py_pkg:/home/sven/ros2_ws/install/actions_py:/home/sven/ros2_ws/install/lifecycle_py:/opt/ros/humble /usr/bin/cmake --install /home/sven/ros2_ws/build/components_cpp
[0.491s] -- Install configuration: ""
[0.491s] -- Installing: /home/sven/ros2_ws/install/components_cpp/lib/libnumber_pub_component.so
[0.492s] -- Set runtime path of "/home/sven/ros2_ws/install/components_cpp/lib/libnumber_pub_component.so" to ""
[0.492s] -- Up-to-date: /home/sven/ros2_ws/install/components_cpp/lib/components_cpp/manual_composition
[0.492s] -- Up-to-date: /home/sven/ros2_ws/install/components_cpp/share/ament_index/resource_index/package_run_dependencies/components_cpp
[0.492s] -- Up-to-date: /home/sven/ros2_ws/install/components_cpp/share/ament_index/resource_index/parent_prefix_path/components_cpp
[0.492s] -- Up-to-date: /home/sven/ros2_ws/install/components_cpp/share/components_cpp/environment/ament_prefix_path.sh
[0.492s] -- Installing: /home/sven/ros2_ws/install/components_cpp/share/components_cpp/environment/ament_prefix_path.dsv
[0.492s] -- Up-to-date: /home/sven/ros2_ws/install/components_cpp/share/components_cpp/environment/path.sh
[0.493s] -- Installing: /home/sven/ros2_ws/install/components_cpp/share/components_cpp/environment/path.dsv
[0.493s] -- Up-to-date: /home/sven/ros2_ws/install/components_cpp/share/components_cpp/local_setup.bash
[0.493s] -- Up-to-date: /home/sven/ros2_ws/install/components_cpp/share/components_cpp/local_setup.sh
[0.493s] -- Up-to-date: /home/sven/ros2_ws/install/components_cpp/share/components_cpp/local_setup.zsh
[0.493s] -- Installing: /home/sven/ros2_ws/install/components_cpp/share/components_cpp/local_setup.dsv
[0.493s] -- Installing: /home/sven/ros2_ws/install/components_cpp/share/components_cpp/package.dsv
[0.493s] -- Up-to-date: /home/sven/ros2_ws/install/components_cpp/share/ament_index/resource_index/packages/components_cpp
[0.493s] -- Up-to-date: /home/sven/ros2_ws/install/components_cpp/share/ament_index/resource_index/rclcpp_components/components_cpp
[0.493s] -- Up-to-date: /home/sven/ros2_ws/install/components_cpp/share/components_cpp/cmake/components_cppConfig.cmake
[0.493s] -- Up-to-date: /home/sven/ros2_ws/install/components_cpp/share/components_cpp/cmake/components_cppConfig-version.cmake
[0.493s] -- Up-to-date: /home/sven/ros2_ws/install/components_cpp/share/components_cpp/package.xml
[0.494s] Invoked command in '/home/sven/ros2_ws/build/components_cpp' returned '0': CMAKE_PREFIX_PATH=${CMAKE_PREFIX_PATH}:/home/sven/ros2_ws/install/components_py:/home/sven/ros2_ws/install/executors_py:/home/sven/ros2_ws/install/my_py_pkg:/home/sven/ros2_ws/install/actions_py:/home/sven/ros2_ws/install/lifecycle_py:/opt/ros/humble /usr/bin/cmake --install /home/sven/ros2_ws/build/components_cpp
