[0.161s] Invoking command in '/home/sven/ros2_ws/src/build/my_cpp_pkg': AMENT_PREFIX_PATH=/home/sven/ros2_ws/src/install/my_robot_interfaces:${AMENT_PREFIX_PATH} CMAKE_PREFIX_PATH=/home/sven/ros2_ws/src/install/my_robot_interfaces:/home/sven/ros2_ws/install/turtlesim_catch_them_all:/home/sven/ros2_ws/install/my_robot_bringup:/home/sven/ros2_ws/install/my_cpp_pkg:/home/sven/ros2_ws/install/actions_cpp:/home/sven/ros2_ws/install/my_robot_interfaces:/home/sven/ros2_ws/install/my_robot_description:/home/sven/install/my_robot_description:/home/sven/ros2_ws/install/my_py_pkg:/home/sven/ros2_ws/install/actions_py:/opt/ros/humble LD_LIBRARY_PATH=/home/sven/ros2_ws/src/install/my_robot_interfaces/lib:/home/sven/ros2_ws/install/my_robot_interfaces/lib:/usr/lib/x86_64-linux-gnu/gazebo-11/plugins:/opt/ros/humble/opt/rviz_ogre_vendor/lib:/opt/ros/humble/lib/x86_64-linux-gnu:/opt/ros/humble/lib:/usr/share/gazebo/../../lib/x86_64-linux-gnu/gazebo-11/plugins PYTHONPATH=/home/sven/ros2_ws/src/install/my_robot_interfaces/local/lib/python3.10/dist-packages:${PYTHONPATH} /usr/bin/cmake --build /home/sven/ros2_ws/src/build/my_cpp_pkg -- -j20 -l20
[0.525s] -- Found ament_cmake: 1.3.8 (/opt/ros/humble/share/ament_cmake/cmake)
[0.526s] -- Found rclcpp: 16.0.8 (/opt/ros/humble/share/rclcpp/cmake)
[0.526s] -- Found rosidl_generator_c: 3.1.5 (/opt/ros/humble/share/rosidl_generator_c/cmake)
[0.526s] -- Found rosidl_adapter: 3.1.5 (/opt/ros/humble/share/rosidl_adapter/cmake)
[0.526s] -- Found rosidl_generator_cpp: 3.1.5 (/opt/ros/humble/share/rosidl_generator_cpp/cmake)
[0.526s] -- Using all available rosidl_typesupport_c: rosidl_typesupport_fastrtps_c;rosidl_typesupport_introspection_c
[0.526s] -- Using all available rosidl_typesupport_cpp: rosidl_typesupport_fastrtps_cpp;rosidl_typesupport_introspection_cpp
[0.526s] -- Found rmw_implementation_cmake: 6.1.1 (/opt/ros/humble/share/rmw_implementation_cmake/cmake)
[0.526s] -- Found rmw_fastrtps_cpp: 6.2.6 (/opt/ros/humble/share/rmw_fastrtps_cpp/cmake)
[0.526s] -- Using RMW implementation 'rmw_fastrtps_cpp' as default
[0.526s] -- Found example_interfaces: 0.9.3 (/opt/ros/humble/share/example_interfaces/cmake)
[0.537s] -- Found my_robot_interfaces: 0.0.0 (/home/sven/ros2_ws/src/install/my_robot_interfaces/share/my_robot_interfaces/cmake)
[0.626s] -- Configuring done
[0.650s] -- Generating done
[0.651s] -- Build files have been written to: /home/sven/ros2_ws/src/build/my_cpp_pkg
[0.669s] [35m[1mConsolidate compiler generated dependencies of target number_counter[0m
[0.669s] [35m[1mConsolidate compiler generated dependencies of target cpp_node[0m
[0.670s] [35m[1mConsolidate compiler generated dependencies of target add_two_ints_client[0m
[0.670s] [35m[1mConsolidate compiler generated dependencies of target add_two_ints_server[0m
[0.670s] [35m[1mConsolidate compiler generated dependencies of target hardware_status_publisher[0m
[0.670s] [35m[1mConsolidate compiler generated dependencies of target smartphone[0m
[0.671s] [35m[1mConsolidate compiler generated dependencies of target robot_news_station[0m
[0.672s] [35m[1mConsolidate compiler generated dependencies of target battery[0m
[0.672s] [35m[1mConsolidate compiler generated dependencies of target led_panel_status_publisher[0m
[0.676s] [35m[1mConsolidate compiler generated dependencies of target add_two_ints_client_no_oop[0m
[0.677s] [35m[1mConsolidate compiler generated dependencies of target number_publisher[0m
[0.688s] [ 13%] [32mBuilding CXX object CMakeFiles/hardware_status_publisher.dir/src/hw_status_publisher.cpp.o[0m
[0.688s] [ 13%] Built target number_counter
[0.689s] [ 31%] Built target add_two_ints_client
[0.690s] [ 40%] Built target add_two_ints_server
[0.690s] [ 45%] [32mBuilding CXX object CMakeFiles/led_panel_status_publisher.dir/src/led_panel_node.cpp.o[0m
[0.690s] [ 50%] Built target cpp_node
[0.690s] [ 63%] Built target smartphone
[0.690s] [ 63%] Built target robot_news_station
[0.690s] [ 68%] [32mBuilding CXX object CMakeFiles/battery.dir/src/battery_node.cpp.o[0m
[0.693s] [ 77%] Built target number_publisher
[0.697s] [ 86%] Built target add_two_ints_client_no_oop
[2.927s] [ 90%] [32m[1mLinking CXX executable battery[0m
[3.020s] [ 90%] Built target battery
[3.222s] [ 95%] [32m[1mLinking CXX executable hardware_status_publisher[0m
[3.335s] [ 95%] Built target hardware_status_publisher
[3.726s] [100%] [32m[1mLinking CXX executable led_panel_status_publisher[0m
[3.854s] [100%] Built target led_panel_status_publisher
[3.866s] Invoked command in '/home/sven/ros2_ws/src/build/my_cpp_pkg' returned '0': AMENT_PREFIX_PATH=/home/sven/ros2_ws/src/install/my_robot_interfaces:${AMENT_PREFIX_PATH} CMAKE_PREFIX_PATH=/home/sven/ros2_ws/src/install/my_robot_interfaces:/home/sven/ros2_ws/install/turtlesim_catch_them_all:/home/sven/ros2_ws/install/my_robot_bringup:/home/sven/ros2_ws/install/my_cpp_pkg:/home/sven/ros2_ws/install/actions_cpp:/home/sven/ros2_ws/install/my_robot_interfaces:/home/sven/ros2_ws/install/my_robot_description:/home/sven/install/my_robot_description:/home/sven/ros2_ws/install/my_py_pkg:/home/sven/ros2_ws/install/actions_py:/opt/ros/humble LD_LIBRARY_PATH=/home/sven/ros2_ws/src/install/my_robot_interfaces/lib:/home/sven/ros2_ws/install/my_robot_interfaces/lib:/usr/lib/x86_64-linux-gnu/gazebo-11/plugins:/opt/ros/humble/opt/rviz_ogre_vendor/lib:/opt/ros/humble/lib/x86_64-linux-gnu:/opt/ros/humble/lib:/usr/share/gazebo/../../lib/x86_64-linux-gnu/gazebo-11/plugins PYTHONPATH=/home/sven/ros2_ws/src/install/my_robot_interfaces/local/lib/python3.10/dist-packages:${PYTHONPATH} /usr/bin/cmake --build /home/sven/ros2_ws/src/build/my_cpp_pkg -- -j20 -l20
[3.895s] Invoking command in '/home/sven/ros2_ws/src/build/my_cpp_pkg': AMENT_PREFIX_PATH=/home/sven/ros2_ws/src/install/my_robot_interfaces:${AMENT_PREFIX_PATH} CMAKE_PREFIX_PATH=/home/sven/ros2_ws/src/install/my_robot_interfaces:/home/sven/ros2_ws/install/turtlesim_catch_them_all:/home/sven/ros2_ws/install/my_robot_bringup:/home/sven/ros2_ws/install/my_cpp_pkg:/home/sven/ros2_ws/install/actions_cpp:/home/sven/ros2_ws/install/my_robot_interfaces:/home/sven/ros2_ws/install/my_robot_description:/home/sven/install/my_robot_description:/home/sven/ros2_ws/install/my_py_pkg:/home/sven/ros2_ws/install/actions_py:/opt/ros/humble LD_LIBRARY_PATH=/home/sven/ros2_ws/src/install/my_robot_interfaces/lib:/home/sven/ros2_ws/install/my_robot_interfaces/lib:/usr/lib/x86_64-linux-gnu/gazebo-11/plugins:/opt/ros/humble/opt/rviz_ogre_vendor/lib:/opt/ros/humble/lib/x86_64-linux-gnu:/opt/ros/humble/lib:/usr/share/gazebo/../../lib/x86_64-linux-gnu/gazebo-11/plugins PYTHONPATH=/home/sven/ros2_ws/src/install/my_robot_interfaces/local/lib/python3.10/dist-packages:${PYTHONPATH} /usr/bin/cmake --install /home/sven/ros2_ws/src/build/my_cpp_pkg
[3.899s] -- Install configuration: ""
[3.899s] -- Up-to-date: /home/sven/ros2_ws/src/install/my_cpp_pkg/lib/my_cpp_pkg/cpp_node
[3.900s] -- Up-to-date: /home/sven/ros2_ws/src/install/my_cpp_pkg/lib/my_cpp_pkg/robot_news_station
[3.900s] -- Up-to-date: /home/sven/ros2_ws/src/install/my_cpp_pkg/lib/my_cpp_pkg/smartphone
[3.900s] -- Up-to-date: /home/sven/ros2_ws/src/install/my_cpp_pkg/lib/my_cpp_pkg/number_publisher
[3.901s] -- Up-to-date: /home/sven/ros2_ws/src/install/my_cpp_pkg/lib/my_cpp_pkg/number_counter
[3.901s] -- Up-to-date: /home/sven/ros2_ws/src/install/my_cpp_pkg/lib/my_cpp_pkg/add_two_ints_server
[3.901s] -- Up-to-date: /home/sven/ros2_ws/src/install/my_cpp_pkg/lib/my_cpp_pkg/add_two_ints_client
[3.902s] -- Up-to-date: /home/sven/ros2_ws/src/install/my_cpp_pkg/lib/my_cpp_pkg/add_two_ints_client_no_oop
[3.902s] -- Installing: /home/sven/ros2_ws/src/install/my_cpp_pkg/lib/my_cpp_pkg/hardware_status_publisher
[3.903s] -- Set runtime path of "/home/sven/ros2_ws/src/install/my_cpp_pkg/lib/my_cpp_pkg/hardware_status_publisher" to ""
[3.903s] -- Installing: /home/sven/ros2_ws/src/install/my_cpp_pkg/lib/my_cpp_pkg/led_panel_status_publisher
[3.904s] -- Set runtime path of "/home/sven/ros2_ws/src/install/my_cpp_pkg/lib/my_cpp_pkg/led_panel_status_publisher" to ""
[3.904s] -- Installing: /home/sven/ros2_ws/src/install/my_cpp_pkg/lib/my_cpp_pkg/battery
[3.905s] -- Set runtime path of "/home/sven/ros2_ws/src/install/my_cpp_pkg/lib/my_cpp_pkg/battery" to ""
[3.905s] -- Up-to-date: /home/sven/ros2_ws/src/install/my_cpp_pkg/share/ament_index/resource_index/package_run_dependencies/my_cpp_pkg
[3.905s] -- Installing: /home/sven/ros2_ws/src/install/my_cpp_pkg/share/ament_index/resource_index/parent_prefix_path/my_cpp_pkg
[3.905s] -- Up-to-date: /home/sven/ros2_ws/src/install/my_cpp_pkg/share/my_cpp_pkg/environment/ament_prefix_path.sh
[3.905s] -- Installing: /home/sven/ros2_ws/src/install/my_cpp_pkg/share/my_cpp_pkg/environment/ament_prefix_path.dsv
[3.905s] -- Up-to-date: /home/sven/ros2_ws/src/install/my_cpp_pkg/share/my_cpp_pkg/environment/path.sh
[3.905s] -- Installing: /home/sven/ros2_ws/src/install/my_cpp_pkg/share/my_cpp_pkg/environment/path.dsv
[3.905s] -- Up-to-date: /home/sven/ros2_ws/src/install/my_cpp_pkg/share/my_cpp_pkg/local_setup.bash
[3.905s] -- Up-to-date: /home/sven/ros2_ws/src/install/my_cpp_pkg/share/my_cpp_pkg/local_setup.sh
[3.905s] -- Up-to-date: /home/sven/ros2_ws/src/install/my_cpp_pkg/share/my_cpp_pkg/local_setup.zsh
[3.905s] -- Installing: /home/sven/ros2_ws/src/install/my_cpp_pkg/share/my_cpp_pkg/local_setup.dsv
[3.906s] -- Installing: /home/sven/ros2_ws/src/install/my_cpp_pkg/share/my_cpp_pkg/package.dsv
[3.906s] -- Up-to-date: /home/sven/ros2_ws/src/install/my_cpp_pkg/share/ament_index/resource_index/packages/my_cpp_pkg
[3.906s] -- Up-to-date: /home/sven/ros2_ws/src/install/my_cpp_pkg/share/my_cpp_pkg/cmake/my_cpp_pkgConfig.cmake
[3.906s] -- Up-to-date: /home/sven/ros2_ws/src/install/my_cpp_pkg/share/my_cpp_pkg/cmake/my_cpp_pkgConfig-version.cmake
[3.906s] -- Up-to-date: /home/sven/ros2_ws/src/install/my_cpp_pkg/share/my_cpp_pkg/package.xml
[3.907s] Invoked command in '/home/sven/ros2_ws/src/build/my_cpp_pkg' returned '0': AMENT_PREFIX_PATH=/home/sven/ros2_ws/src/install/my_robot_interfaces:${AMENT_PREFIX_PATH} CMAKE_PREFIX_PATH=/home/sven/ros2_ws/src/install/my_robot_interfaces:/home/sven/ros2_ws/install/turtlesim_catch_them_all:/home/sven/ros2_ws/install/my_robot_bringup:/home/sven/ros2_ws/install/my_cpp_pkg:/home/sven/ros2_ws/install/actions_cpp:/home/sven/ros2_ws/install/my_robot_interfaces:/home/sven/ros2_ws/install/my_robot_description:/home/sven/install/my_robot_description:/home/sven/ros2_ws/install/my_py_pkg:/home/sven/ros2_ws/install/actions_py:/opt/ros/humble LD_LIBRARY_PATH=/home/sven/ros2_ws/src/install/my_robot_interfaces/lib:/home/sven/ros2_ws/install/my_robot_interfaces/lib:/usr/lib/x86_64-linux-gnu/gazebo-11/plugins:/opt/ros/humble/opt/rviz_ogre_vendor/lib:/opt/ros/humble/lib/x86_64-linux-gnu:/opt/ros/humble/lib:/usr/share/gazebo/../../lib/x86_64-linux-gnu/gazebo-11/plugins PYTHONPATH=/home/sven/ros2_ws/src/install/my_robot_interfaces/local/lib/python3.10/dist-packages:${PYTHONPATH} /usr/bin/cmake --install /home/sven/ros2_ws/src/build/my_cpp_pkg
