[0.357s] Invoking command in '/home/cleanseasolutions/ros2_ws/src/my_py_pkg': PYTHONPATH=/home/cleanseasolutions/ros2_ws/build/my_py_pkg/prefix_override:/home/cleanseasolutions/ros2_ws/install/my_py_pkg/lib/python3.10/site-packages:${PYTHONPATH} /usr/bin/python3 setup.py egg_info --egg-base ../../build/my_py_pkg build --build-base /home/cleanseasolutions/ros2_ws/build/my_py_pkg/build install --record /home/cleanseasolutions/ros2_ws/build/my_py_pkg/install.log --single-version-externally-managed
[0.476s] running egg_info
[0.476s] writing ../../build/my_py_pkg/my_py_pkg.egg-info/PKG-INFO
[0.476s] writing dependency_links to ../../build/my_py_pkg/my_py_pkg.egg-info/dependency_links.txt
[0.476s] writing entry points to ../../build/my_py_pkg/my_py_pkg.egg-info/entry_points.txt
[0.476s] writing requirements to ../../build/my_py_pkg/my_py_pkg.egg-info/requires.txt
[0.477s] writing top-level names to ../../build/my_py_pkg/my_py_pkg.egg-info/top_level.txt
[0.477s] reading manifest file '../../build/my_py_pkg/my_py_pkg.egg-info/SOURCES.txt'
[0.478s] writing manifest file '../../build/my_py_pkg/my_py_pkg.egg-info/SOURCES.txt'
[0.478s] running build
[0.478s] running build_py
[0.478s] copying my_py_pkg/my_first_node.py -> /home/cleanseasolutions/ros2_ws/build/my_py_pkg/build/lib/my_py_pkg
[0.478s] running install
[0.478s] running install_lib
[0.478s] copying /home/cleanseasolutions/ros2_ws/build/my_py_pkg/build/lib/my_py_pkg/my_first_node.py -> /home/cleanseasolutions/ros2_ws/install/my_py_pkg/lib/python3.10/site-packages/my_py_pkg
[0.478s] byte-compiling /home/cleanseasolutions/ros2_ws/install/my_py_pkg/lib/python3.10/site-packages/my_py_pkg/my_first_node.py to my_first_node.cpython-310.pyc
[0.479s] running install_data
[0.479s] running install_egg_info
[0.480s] removing '/home/cleanseasolutions/ros2_ws/install/my_py_pkg/lib/python3.10/site-packages/my_py_pkg-0.0.0-py3.10.egg-info' (and everything under it)
[0.480s] Copying ../../build/my_py_pkg/my_py_pkg.egg-info to /home/cleanseasolutions/ros2_ws/install/my_py_pkg/lib/python3.10/site-packages/my_py_pkg-0.0.0-py3.10.egg-info
[0.480s] running install_scripts
[0.491s] Installing py_node script to /home/cleanseasolutions/ros2_ws/install/my_py_pkg/lib/my_py_pkg
[0.491s] writing list of installed files to '/home/cleanseasolutions/ros2_ws/build/my_py_pkg/install.log'
[0.504s] Invoked command in '/home/cleanseasolutions/ros2_ws/src/my_py_pkg' returned '0': PYTHONPATH=/home/cleanseasolutions/ros2_ws/build/my_py_pkg/prefix_override:/home/cleanseasolutions/ros2_ws/install/my_py_pkg/lib/python3.10/site-packages:${PYTHONPATH} /usr/bin/python3 setup.py egg_info --egg-base ../../build/my_py_pkg build --build-base /home/cleanseasolutions/ros2_ws/build/my_py_pkg/build install --record /home/cleanseasolutions/ros2_ws/build/my_py_pkg/install.log --single-version-externally-managed
