[0.028s] Invoking command in '/home/cleanseasolutions/ros2_ws/build/my_cpp_pkg': CMAKE_PREFIX_PATH=${CMAKE_PREFIX_PATH}:/home/cleanseasolutions/ros2_ws/install/my_py_pkg:/opt/ros/humble /usr/bin/cmake --build /home/cleanseasolutions/ros2_ws/build/my_cpp_pkg -- -j16 -l16
[0.042s] -- Found ament_cmake: 1.3.7 (/opt/ros/humble/share/ament_cmake/cmake)
[0.123s] -- Found rclcpp: 16.0.8 (/opt/ros/humble/share/rclcpp/cmake)
[0.139s] -- Found rosidl_generator_c: 3.1.5 (/opt/ros/humble/share/rosidl_generator_c/cmake)
[0.140s] -- Found rosidl_adapter: 3.1.5 (/opt/ros/humble/share/rosidl_adapter/cmake)
[0.143s] -- Found rosidl_generator_cpp: 3.1.5 (/opt/ros/humble/share/rosidl_generator_cpp/cmake)
[0.149s] -- Using all available rosidl_typesupport_c: rosidl_typesupport_fastrtps_c;rosidl_typesupport_introspection_c
[0.157s] -- Using all available rosidl_typesupport_cpp: rosidl_typesupport_fastrtps_cpp;rosidl_typesupport_introspection_cpp
[0.187s] -- Found rmw_implementation_cmake: 6.1.1 (/opt/ros/humble/share/rmw_implementation_cmake/cmake)
[0.188s] -- Found rmw_fastrtps_cpp: 6.2.6 (/opt/ros/humble/share/rmw_fastrtps_cpp/cmake)
[0.249s] -- Using RMW implementation 'rmw_fastrtps_cpp' as default
[0.333s] -- Found example_interfaces: 0.9.3 (/opt/ros/humble/share/example_interfaces/cmake)
[0.444s] -- Configuring done
[0.455s] -- Generating done
[0.455s] -- Build files have been written to: /home/cleanseasolutions/ros2_ws/build/my_cpp_pkg
[0.471s] [35m[1mConsolidate compiler generated dependencies of target cpp_node[0m
[0.471s] [35m[1mConsolidate compiler generated dependencies of target robot_news_station[0m
[0.471s] [35m[1mConsolidate compiler generated dependencies of target smartphone[0m
[0.471s] [35m[1mConsolidate compiler generated dependencies of target add_two_ints_server[0m
[0.481s] [ 60%] Built target cpp_node
[0.482s] [ 60%] Built target smartphone
[0.482s] [ 60%] Built target robot_news_station
[0.482s] [ 80%] Built target add_two_ints_server
[0.482s] [ 90%] [32mBuilding CXX object CMakeFiles/add_two_ints_client_no_oop.dir/src/add_two_ints_client_no_oop.cpp.o[0m
[1.640s] [01m[K/home/cleanseasolutions/ros2_ws/src/my_cpp_pkg/src/add_two_ints_client_no_oop.cpp:[m[K In function ‘[01m[Kint main(int, char**)[m[K’:
[1.640s] [01m[K/home/cleanseasolutions/ros2_ws/src/my_cpp_pkg/src/add_two_ints_client_no_oop.cpp:21:69:[m[K [01;31m[Kerror: [m[K‘[01m[Krclcpp::executor[m[K’ has not been declared
[1.640s]    21 |     if (rclcpp::spin_until_future_complete(node, future) == rclcpp::[01;31m[Kexecutor[m[K::FutureReturnCode::SUCCESS)
[1.640s]       |                                                                     [01;31m[K^~~~~~~~[m[K
[1.950s] gmake[2]: *** [CMakeFiles/add_two_ints_client_no_oop.dir/build.make:76: CMakeFiles/add_two_ints_client_no_oop.dir/src/add_two_ints_client_no_oop.cpp.o] Error 1
[1.950s] gmake[1]: *** [CMakeFiles/Makefile2:249: CMakeFiles/add_two_ints_client_no_oop.dir/all] Error 2
[1.950s] gmake: *** [Makefile:146: all] Error 2
[1.952s] Invoked command in '/home/cleanseasolutions/ros2_ws/build/my_cpp_pkg' returned '2': CMAKE_PREFIX_PATH=${CMAKE_PREFIX_PATH}:/home/cleanseasolutions/ros2_ws/install/my_py_pkg:/opt/ros/humble /usr/bin/cmake --build /home/cleanseasolutions/ros2_ws/build/my_cpp_pkg -- -j16 -l16
