-- The C compiler identification is GNU 11.4.0
-- The CXX compiler identification is GNU 11.4.0
-- Detecting C compiler ABI info
-- Detecting C compiler ABI info - done
-- Check for working C compiler: /usr/bin/cc - skipped
-- Detecting C compile features
-- Detecting C compile features - done
-- Detecting CXX compiler ABI info
-- Detecting CXX compiler ABI info - done
-- Check for working CXX compiler: /usr/bin/c++ - skipped
-- Detecting CXX compile features
-- Detecting CXX compile features - done
-- Found ament_cmake: 1.3.8 (/opt/ros/humble/share/ament_cmake/cmake)
-- Found Python3: /usr/bin/python3 (found version "3.10.12") found components: Interpreter 
-- Found geometry_msgs: 4.2.3 (/opt/ros/humble/share/geometry_msgs/cmake)
-- Found rosidl_generator_c: 3.1.5 (/opt/ros/humble/share/rosidl_generator_c/cmake)
-- Found rosidl_adapter: 3.1.5 (/opt/ros/humble/share/rosidl_adapter/cmake)
-- Found rosidl_generator_cpp: 3.1.5 (/opt/ros/humble/share/rosidl_generator_cpp/cmake)
-- Using all available rosidl_typesupport_c: rosidl_typesupport_fastrtps_c;rosidl_typesupport_introspection_c
-- Using all available rosidl_typesupport_cpp: rosidl_typesupport_fastrtps_cpp;rosidl_typesupport_introspection_cpp
-- Found my_robot_interfaces: 0.0.0 (/home/sven/ros2_ws/src/install/my_robot_interfaces/share/my_robot_interfaces/cmake)
-- Found rclcpp: 16.0.8 (/opt/ros/humble/share/rclcpp/cmake)
-- Found rmw_implementation_cmake: 6.1.1 (/opt/ros/humble/share/rmw_implementation_cmake/cmake)
-- Found rmw_fastrtps_cpp: 6.2.6 (/opt/ros/humble/share/rmw_fastrtps_cpp/cmake)
-- Found OpenSSL: /usr/lib/x86_64-linux-gnu/libcrypto.so (found version "3.0.2")  
-- Found FastRTPS: /opt/ros/humble/include  
-- Using RMW implementation 'rmw_fastrtps_cpp' as default
-- Looking for pthread.h
-- Looking for pthread.h - found
-- Performing Test CMAKE_HAVE_LIBC_PTHREAD
-- Performing Test CMAKE_HAVE_LIBC_PTHREAD - Success
-- Found Threads: TRUE  
-- Found turtlesim: 1.4.2 (/opt/ros/humble/share/turtlesim/cmake)
-- Configuring done
-- Generating done
-- Build files have been written to: /home/sven/ros2_ws/src/build/turtlesim_catch_them_all
[ 25%] [32mBuilding CXX object CMakeFiles/turtle_controller.dir/src/turtle_controller_node.cpp.o[0m
[ 50%] [32mBuilding CXX object CMakeFiles/turtle_spawner.dir/src/turtle_spawner_node.cpp.o[0m
[ 75%] [32m[1mLinking CXX executable turtle_spawner[0m
[ 75%] Built target turtle_spawner
[100%] [32m[1mLinking CXX executable turtle_controller[0m
[100%] Built target turtle_controller
-- Install configuration: ""
-- Installing: /home/sven/ros2_ws/src/install/turtlesim_catch_them_all/lib/turtlesim_catch_them_all/turtle_controller
-- Set runtime path of "/home/sven/ros2_ws/src/install/turtlesim_catch_them_all/lib/turtlesim_catch_them_all/turtle_controller" to ""
-- Installing: /home/sven/ros2_ws/src/install/turtlesim_catch_them_all/lib/turtlesim_catch_them_all/turtle_spawner
-- Set runtime path of "/home/sven/ros2_ws/src/install/turtlesim_catch_them_all/lib/turtlesim_catch_them_all/turtle_spawner" to ""
-- Installing: /home/sven/ros2_ws/src/install/turtlesim_catch_them_all/share/ament_index/resource_index/package_run_dependencies/turtlesim_catch_them_all
-- Installing: /home/sven/ros2_ws/src/install/turtlesim_catch_them_all/share/ament_index/resource_index/parent_prefix_path/turtlesim_catch_them_all
-- Installing: /home/sven/ros2_ws/src/install/turtlesim_catch_them_all/share/turtlesim_catch_them_all/environment/ament_prefix_path.sh
-- Installing: /home/sven/ros2_ws/src/install/turtlesim_catch_them_all/share/turtlesim_catch_them_all/environment/ament_prefix_path.dsv
-- Installing: /home/sven/ros2_ws/src/install/turtlesim_catch_them_all/share/turtlesim_catch_them_all/environment/path.sh
-- Installing: /home/sven/ros2_ws/src/install/turtlesim_catch_them_all/share/turtlesim_catch_them_all/environment/path.dsv
-- Installing: /home/sven/ros2_ws/src/install/turtlesim_catch_them_all/share/turtlesim_catch_them_all/local_setup.bash
-- Installing: /home/sven/ros2_ws/src/install/turtlesim_catch_them_all/share/turtlesim_catch_them_all/local_setup.sh
-- Installing: /home/sven/ros2_ws/src/install/turtlesim_catch_them_all/share/turtlesim_catch_them_all/local_setup.zsh
-- Installing: /home/sven/ros2_ws/src/install/turtlesim_catch_them_all/share/turtlesim_catch_them_all/local_setup.dsv
-- Installing: /home/sven/ros2_ws/src/install/turtlesim_catch_them_all/share/turtlesim_catch_them_all/package.dsv
-- Installing: /home/sven/ros2_ws/src/install/turtlesim_catch_them_all/share/ament_index/resource_index/packages/turtlesim_catch_them_all
-- Installing: /home/sven/ros2_ws/src/install/turtlesim_catch_them_all/share/turtlesim_catch_them_all/cmake/turtlesim_catch_them_allConfig.cmake
-- Installing: /home/sven/ros2_ws/src/install/turtlesim_catch_them_all/share/turtlesim_catch_them_all/cmake/turtlesim_catch_them_allConfig-version.cmake
-- Installing: /home/sven/ros2_ws/src/install/turtlesim_catch_them_all/share/turtlesim_catch_them_all/package.xml
