[0.355s] DEBUG:colcon:Command line arguments: ['/usr/bin/colcon', 'build']
[0.355s] DEBUG:colcon:Parsed command line arguments: Namespace(log_base=None, log_level=None, verb_name='build', build_base='build', install_base='install', merge_install=False, symlink_install=False, test_result_base=None, continue_on_error=False, executor='parallel', parallel_workers=20, event_handlers=None, ignore_user_meta=False, metas=['./colcon.meta'], base_paths=['.'], packages_ignore=None, packages_ignore_regex=None, paths=None, packages_up_to=None, packages_up_to_regex=None, packages_above=None, packages_above_and_dependencies=None, packages_above_depth=None, packages_select_by_dep=None, packages_skip_by_dep=None, packages_skip_up_to=None, packages_select_build_failed=False, packages_skip_build_finished=False, packages_select_test_failures=False, packages_skip_test_passed=False, packages_select=None, packages_skip=None, packages_select_regex=None, packages_skip_regex=None, packages_start=None, packages_end=None, allow_overriding=[], cmake_args=None, cmake_target=None, cmake_target_skip_unavailable=False, cmake_clean_cache=False, cmake_clean_first=False, cmake_force_configure=False, ament_cmake_args=None, catkin_cmake_args=None, catkin_skip_building_tests=False, verb_parser=<colcon_defaults.argument_parser.defaults.DefaultArgumentsDecorator object at 0x7f0710667dc0>, verb_extension=<colcon_core.verb.build.BuildVerb object at 0x7f0710a373d0>, main=<bound method BuildVerb.main of <colcon_core.verb.build.BuildVerb object at 0x7f0710a373d0>>)
[0.373s] Level 1:colcon.colcon_core.package_discovery:discover_packages(colcon_meta) check parameters
[0.373s] Level 1:colcon.colcon_core.package_discovery:discover_packages(recursive) check parameters
[0.373s] Level 1:colcon.colcon_core.package_discovery:discover_packages(ignore) check parameters
[0.373s] Level 1:colcon.colcon_core.package_discovery:discover_packages(path) check parameters
[0.373s] Level 1:colcon.colcon_core.package_discovery:discover_packages(colcon_meta) discover
[0.373s] Level 1:colcon.colcon_core.package_discovery:discover_packages(recursive) discover
[0.373s] INFO:colcon.colcon_core.package_discovery:Crawling recursively for packages in '/home/sven/ros2_ws'
[0.373s] Level 1:colcon.colcon_core.package_identification:_identify(.) by extensions ['ignore', 'ignore_ament_install']
[0.373s] Level 1:colcon.colcon_core.package_identification:_identify(.) by extension 'ignore'
[0.373s] Level 1:colcon.colcon_core.package_identification:_identify(.) by extension 'ignore_ament_install'
[0.373s] Level 1:colcon.colcon_core.package_identification:_identify(.) by extensions ['colcon_pkg']
[0.373s] Level 1:colcon.colcon_core.package_identification:_identify(.) by extension 'colcon_pkg'
[0.373s] Level 1:colcon.colcon_core.package_identification:_identify(.) by extensions ['colcon_meta']
[0.373s] Level 1:colcon.colcon_core.package_identification:_identify(.) by extension 'colcon_meta'
[0.373s] Level 1:colcon.colcon_core.package_identification:_identify(.) by extensions ['ros']
[0.373s] Level 1:colcon.colcon_core.package_identification:_identify(.) by extension 'ros'
[0.379s] Level 1:colcon.colcon_core.package_identification:_identify(.) by extensions ['cmake', 'python']
[0.379s] Level 1:colcon.colcon_core.package_identification:_identify(.) by extension 'cmake'
[0.379s] Level 1:colcon.colcon_core.package_identification:_identify(.) by extension 'python'
[0.379s] Level 1:colcon.colcon_core.package_identification:_identify(.) by extensions ['python_setup_py']
[0.379s] Level 1:colcon.colcon_core.package_identification:_identify(.) by extension 'python_setup_py'
[0.379s] Level 1:colcon.colcon_core.package_identification:_identify(build) by extensions ['ignore', 'ignore_ament_install']
[0.379s] Level 1:colcon.colcon_core.package_identification:_identify(build) by extension 'ignore'
[0.379s] Level 1:colcon.colcon_core.package_identification:_identify(build) ignored
[0.379s] Level 1:colcon.colcon_core.package_identification:_identify(install) by extensions ['ignore', 'ignore_ament_install']
[0.379s] Level 1:colcon.colcon_core.package_identification:_identify(install) by extension 'ignore'
[0.379s] Level 1:colcon.colcon_core.package_identification:_identify(install) ignored
[0.379s] Level 1:colcon.colcon_core.package_identification:_identify(log) by extensions ['ignore', 'ignore_ament_install']
[0.379s] Level 1:colcon.colcon_core.package_identification:_identify(log) by extension 'ignore'
[0.379s] Level 1:colcon.colcon_core.package_identification:_identify(log) ignored
[0.379s] Level 1:colcon.colcon_core.package_identification:_identify(src) by extensions ['ignore', 'ignore_ament_install']
[0.379s] Level 1:colcon.colcon_core.package_identification:_identify(src) by extension 'ignore'
[0.379s] Level 1:colcon.colcon_core.package_identification:_identify(src) by extension 'ignore_ament_install'
[0.379s] Level 1:colcon.colcon_core.package_identification:_identify(src) by extensions ['colcon_pkg']
[0.379s] Level 1:colcon.colcon_core.package_identification:_identify(src) by extension 'colcon_pkg'
[0.379s] Level 1:colcon.colcon_core.package_identification:_identify(src) by extensions ['colcon_meta']
[0.379s] Level 1:colcon.colcon_core.package_identification:_identify(src) by extension 'colcon_meta'
[0.379s] Level 1:colcon.colcon_core.package_identification:_identify(src) by extensions ['ros']
[0.379s] Level 1:colcon.colcon_core.package_identification:_identify(src) by extension 'ros'
[0.379s] Level 1:colcon.colcon_core.package_identification:_identify(src) by extensions ['cmake', 'python']
[0.379s] Level 1:colcon.colcon_core.package_identification:_identify(src) by extension 'cmake'
[0.379s] Level 1:colcon.colcon_core.package_identification:_identify(src) by extension 'python'
[0.379s] Level 1:colcon.colcon_core.package_identification:_identify(src) by extensions ['python_setup_py']
[0.379s] Level 1:colcon.colcon_core.package_identification:_identify(src) by extension 'python_setup_py'
[0.379s] Level 1:colcon.colcon_core.package_identification:_identify(src/actions_py) by extensions ['ignore', 'ignore_ament_install']
[0.379s] Level 1:colcon.colcon_core.package_identification:_identify(src/actions_py) by extension 'ignore'
[0.379s] Level 1:colcon.colcon_core.package_identification:_identify(src/actions_py) by extension 'ignore_ament_install'
[0.379s] Level 1:colcon.colcon_core.package_identification:_identify(src/actions_py) by extensions ['colcon_pkg']
[0.379s] Level 1:colcon.colcon_core.package_identification:_identify(src/actions_py) by extension 'colcon_pkg'
[0.379s] Level 1:colcon.colcon_core.package_identification:_identify(src/actions_py) by extensions ['colcon_meta']
[0.379s] Level 1:colcon.colcon_core.package_identification:_identify(src/actions_py) by extension 'colcon_meta'
[0.379s] Level 1:colcon.colcon_core.package_identification:_identify(src/actions_py) by extensions ['ros']
[0.379s] Level 1:colcon.colcon_core.package_identification:_identify(src/actions_py) by extension 'ros'
[0.381s] DEBUG:colcon.colcon_core.package_identification:Package 'src/actions_py' with type 'ros.ament_python' and name 'actions_py'
[0.381s] Level 1:colcon.colcon_core.package_identification:_identify(src/build) by extensions ['ignore', 'ignore_ament_install']
[0.381s] Level 1:colcon.colcon_core.package_identification:_identify(src/build) by extension 'ignore'
[0.381s] Level 1:colcon.colcon_core.package_identification:_identify(src/build) ignored
[0.381s] Level 1:colcon.colcon_core.package_identification:_identify(src/install) by extensions ['ignore', 'ignore_ament_install']
[0.381s] Level 1:colcon.colcon_core.package_identification:_identify(src/install) by extension 'ignore'
[0.381s] Level 1:colcon.colcon_core.package_identification:_identify(src/install) ignored
[0.381s] Level 1:colcon.colcon_core.package_identification:_identify(src/log) by extensions ['ignore', 'ignore_ament_install']
[0.381s] Level 1:colcon.colcon_core.package_identification:_identify(src/log) by extension 'ignore'
[0.381s] Level 1:colcon.colcon_core.package_identification:_identify(src/log) ignored
[0.381s] Level 1:colcon.colcon_core.package_identification:_identify(src/my_cpp_pkg) by extensions ['ignore', 'ignore_ament_install']
[0.381s] Level 1:colcon.colcon_core.package_identification:_identify(src/my_cpp_pkg) by extension 'ignore'
[0.381s] Level 1:colcon.colcon_core.package_identification:_identify(src/my_cpp_pkg) by extension 'ignore_ament_install'
[0.381s] Level 1:colcon.colcon_core.package_identification:_identify(src/my_cpp_pkg) by extensions ['colcon_pkg']
[0.381s] Level 1:colcon.colcon_core.package_identification:_identify(src/my_cpp_pkg) by extension 'colcon_pkg'
[0.381s] Level 1:colcon.colcon_core.package_identification:_identify(src/my_cpp_pkg) by extensions ['colcon_meta']
[0.381s] Level 1:colcon.colcon_core.package_identification:_identify(src/my_cpp_pkg) by extension 'colcon_meta'
[0.381s] Level 1:colcon.colcon_core.package_identification:_identify(src/my_cpp_pkg) by extensions ['ros']
[0.381s] Level 1:colcon.colcon_core.package_identification:_identify(src/my_cpp_pkg) by extension 'ros'
[0.382s] DEBUG:colcon.colcon_core.package_identification:Package 'src/my_cpp_pkg' with type 'ros.ament_cmake' and name 'my_cpp_pkg'
[0.382s] Level 1:colcon.colcon_core.package_identification:_identify(src/my_py_pkg) by extensions ['ignore', 'ignore_ament_install']
[0.382s] Level 1:colcon.colcon_core.package_identification:_identify(src/my_py_pkg) by extension 'ignore'
[0.382s] Level 1:colcon.colcon_core.package_identification:_identify(src/my_py_pkg) by extension 'ignore_ament_install'
[0.382s] Level 1:colcon.colcon_core.package_identification:_identify(src/my_py_pkg) by extensions ['colcon_pkg']
[0.382s] Level 1:colcon.colcon_core.package_identification:_identify(src/my_py_pkg) by extension 'colcon_pkg'
[0.382s] Level 1:colcon.colcon_core.package_identification:_identify(src/my_py_pkg) by extensions ['colcon_meta']
[0.382s] Level 1:colcon.colcon_core.package_identification:_identify(src/my_py_pkg) by extension 'colcon_meta'
[0.382s] Level 1:colcon.colcon_core.package_identification:_identify(src/my_py_pkg) by extensions ['ros']
[0.382s] Level 1:colcon.colcon_core.package_identification:_identify(src/my_py_pkg) by extension 'ros'
[0.382s] DEBUG:colcon.colcon_core.package_identification:Package 'src/my_py_pkg' with type 'ros.ament_python' and name 'my_py_pkg'
[0.382s] Level 1:colcon.colcon_core.package_identification:_identify(src/my_robot_bringup) by extensions ['ignore', 'ignore_ament_install']
[0.382s] Level 1:colcon.colcon_core.package_identification:_identify(src/my_robot_bringup) by extension 'ignore'
[0.382s] Level 1:colcon.colcon_core.package_identification:_identify(src/my_robot_bringup) by extension 'ignore_ament_install'
[0.382s] Level 1:colcon.colcon_core.package_identification:_identify(src/my_robot_bringup) by extensions ['colcon_pkg']
[0.382s] Level 1:colcon.colcon_core.package_identification:_identify(src/my_robot_bringup) by extension 'colcon_pkg'
[0.382s] Level 1:colcon.colcon_core.package_identification:_identify(src/my_robot_bringup) by extensions ['colcon_meta']
[0.382s] Level 1:colcon.colcon_core.package_identification:_identify(src/my_robot_bringup) by extension 'colcon_meta'
[0.382s] Level 1:colcon.colcon_core.package_identification:_identify(src/my_robot_bringup) by extensions ['ros']
[0.382s] Level 1:colcon.colcon_core.package_identification:_identify(src/my_robot_bringup) by extension 'ros'
[0.382s] DEBUG:colcon.colcon_core.package_identification:Package 'src/my_robot_bringup' with type 'ros.ament_cmake' and name 'my_robot_bringup'
[0.382s] Level 1:colcon.colcon_core.package_identification:_identify(src/my_robot_description) by extensions ['ignore', 'ignore_ament_install']
[0.382s] Level 1:colcon.colcon_core.package_identification:_identify(src/my_robot_description) by extension 'ignore'
[0.382s] Level 1:colcon.colcon_core.package_identification:_identify(src/my_robot_description) by extension 'ignore_ament_install'
[0.382s] Level 1:colcon.colcon_core.package_identification:_identify(src/my_robot_description) by extensions ['colcon_pkg']
[0.382s] Level 1:colcon.colcon_core.package_identification:_identify(src/my_robot_description) by extension 'colcon_pkg'
[0.383s] Level 1:colcon.colcon_core.package_identification:_identify(src/my_robot_description) by extensions ['colcon_meta']
[0.383s] Level 1:colcon.colcon_core.package_identification:_identify(src/my_robot_description) by extension 'colcon_meta'
[0.383s] Level 1:colcon.colcon_core.package_identification:_identify(src/my_robot_description) by extensions ['ros']
[0.383s] Level 1:colcon.colcon_core.package_identification:_identify(src/my_robot_description) by extension 'ros'
[0.383s] DEBUG:colcon.colcon_core.package_identification:Package 'src/my_robot_description' with type 'ros.ament_cmake' and name 'my_robot_description'
[0.383s] Level 1:colcon.colcon_core.package_identification:_identify(src/my_robot_interfaces) by extensions ['ignore', 'ignore_ament_install']
[0.383s] Level 1:colcon.colcon_core.package_identification:_identify(src/my_robot_interfaces) by extension 'ignore'
[0.383s] Level 1:colcon.colcon_core.package_identification:_identify(src/my_robot_interfaces) by extension 'ignore_ament_install'
[0.383s] Level 1:colcon.colcon_core.package_identification:_identify(src/my_robot_interfaces) by extensions ['colcon_pkg']
[0.383s] Level 1:colcon.colcon_core.package_identification:_identify(src/my_robot_interfaces) by extension 'colcon_pkg'
[0.383s] Level 1:colcon.colcon_core.package_identification:_identify(src/my_robot_interfaces) by extensions ['colcon_meta']
[0.383s] Level 1:colcon.colcon_core.package_identification:_identify(src/my_robot_interfaces) by extension 'colcon_meta'
[0.383s] Level 1:colcon.colcon_core.package_identification:_identify(src/my_robot_interfaces) by extensions ['ros']
[0.383s] Level 1:colcon.colcon_core.package_identification:_identify(src/my_robot_interfaces) by extension 'ros'
[0.383s] DEBUG:colcon.colcon_core.package_identification:Package 'src/my_robot_interfaces' with type 'ros.ament_cmake' and name 'my_robot_interfaces'
[0.383s] Level 1:colcon.colcon_core.package_identification:_identify(src/turtlesim_catch_them_all) by extensions ['ignore', 'ignore_ament_install']
[0.383s] Level 1:colcon.colcon_core.package_identification:_identify(src/turtlesim_catch_them_all) by extension 'ignore'
[0.383s] Level 1:colcon.colcon_core.package_identification:_identify(src/turtlesim_catch_them_all) by extension 'ignore_ament_install'
[0.383s] Level 1:colcon.colcon_core.package_identification:_identify(src/turtlesim_catch_them_all) by extensions ['colcon_pkg']
[0.383s] Level 1:colcon.colcon_core.package_identification:_identify(src/turtlesim_catch_them_all) by extension 'colcon_pkg'
[0.383s] Level 1:colcon.colcon_core.package_identification:_identify(src/turtlesim_catch_them_all) by extensions ['colcon_meta']
[0.383s] Level 1:colcon.colcon_core.package_identification:_identify(src/turtlesim_catch_them_all) by extension 'colcon_meta'
[0.383s] Level 1:colcon.colcon_core.package_identification:_identify(src/turtlesim_catch_them_all) by extensions ['ros']
[0.383s] Level 1:colcon.colcon_core.package_identification:_identify(src/turtlesim_catch_them_all) by extension 'ros'
[0.384s] DEBUG:colcon.colcon_core.package_identification:Package 'src/turtlesim_catch_them_all' with type 'ros.ament_cmake' and name 'turtlesim_catch_them_all'
[0.384s] Level 1:colcon.colcon_core.package_discovery:discover_packages(recursive) using defaults
[0.384s] Level 1:colcon.colcon_core.package_discovery:discover_packages(ignore) discover
[0.384s] Level 1:colcon.colcon_core.package_discovery:discover_packages(ignore) using defaults
[0.384s] Level 1:colcon.colcon_core.package_discovery:discover_packages(path) discover
[0.384s] Level 1:colcon.colcon_core.package_discovery:discover_packages(path) using defaults
[0.417s] Level 1:colcon.colcon_core.package_discovery:discover_packages(prefix_path) check parameters
[0.417s] Level 1:colcon.colcon_core.package_discovery:discover_packages(prefix_path) discover
[0.428s] DEBUG:colcon.colcon_installed_package_information.package_discovery:Found 7 installed packages in /home/sven/ros2_ws/install
[0.433s] DEBUG:colcon.colcon_installed_package_information.package_discovery:Found 1 installed packages in /home/sven/install
[0.439s] DEBUG:colcon.colcon_installed_package_information.package_discovery:Found 328 installed packages in /opt/ros/humble
[0.439s] Level 1:colcon.colcon_core.package_discovery:discover_packages(prefix_path) using defaults
[0.477s] Level 5:colcon.colcon_core.verb:set package 'my_robot_description' build argument 'cmake_args' from command line to 'None'
[0.477s] Level 5:colcon.colcon_core.verb:set package 'my_robot_description' build argument 'cmake_target' from command line to 'None'
[0.477s] Level 5:colcon.colcon_core.verb:set package 'my_robot_description' build argument 'cmake_target_skip_unavailable' from command line to 'False'
[0.477s] Level 5:colcon.colcon_core.verb:set package 'my_robot_description' build argument 'cmake_clean_cache' from command line to 'False'
[0.477s] Level 5:colcon.colcon_core.verb:set package 'my_robot_description' build argument 'cmake_clean_first' from command line to 'False'
[0.477s] Level 5:colcon.colcon_core.verb:set package 'my_robot_description' build argument 'cmake_force_configure' from command line to 'False'
[0.477s] Level 5:colcon.colcon_core.verb:set package 'my_robot_description' build argument 'ament_cmake_args' from command line to 'None'
[0.477s] Level 5:colcon.colcon_core.verb:set package 'my_robot_description' build argument 'catkin_cmake_args' from command line to 'None'
[0.477s] Level 5:colcon.colcon_core.verb:set package 'my_robot_description' build argument 'catkin_skip_building_tests' from command line to 'False'
[0.477s] DEBUG:colcon.colcon_core.verb:Building package 'my_robot_description' with the following arguments: {'ament_cmake_args': None, 'build_base': '/home/sven/ros2_ws/build/my_robot_description', 'catkin_cmake_args': None, 'catkin_skip_building_tests': False, 'cmake_args': None, 'cmake_clean_cache': False, 'cmake_clean_first': False, 'cmake_force_configure': False, 'cmake_target': None, 'cmake_target_skip_unavailable': False, 'install_base': '/home/sven/ros2_ws/install/my_robot_description', 'merge_install': False, 'path': '/home/sven/ros2_ws/src/my_robot_description', 'symlink_install': False, 'test_result_base': None}
[0.482s] Level 5:colcon.colcon_core.verb:set package 'my_robot_interfaces' build argument 'cmake_args' from command line to 'None'
[0.482s] Level 5:colcon.colcon_core.verb:set package 'my_robot_interfaces' build argument 'cmake_target' from command line to 'None'
[0.482s] Level 5:colcon.colcon_core.verb:set package 'my_robot_interfaces' build argument 'cmake_target_skip_unavailable' from command line to 'False'
[0.482s] Level 5:colcon.colcon_core.verb:set package 'my_robot_interfaces' build argument 'cmake_clean_cache' from command line to 'False'
[0.482s] Level 5:colcon.colcon_core.verb:set package 'my_robot_interfaces' build argument 'cmake_clean_first' from command line to 'False'
[0.482s] Level 5:colcon.colcon_core.verb:set package 'my_robot_interfaces' build argument 'cmake_force_configure' from command line to 'False'
[0.482s] Level 5:colcon.colcon_core.verb:set package 'my_robot_interfaces' build argument 'ament_cmake_args' from command line to 'None'
[0.482s] Level 5:colcon.colcon_core.verb:set package 'my_robot_interfaces' build argument 'catkin_cmake_args' from command line to 'None'
[0.482s] Level 5:colcon.colcon_core.verb:set package 'my_robot_interfaces' build argument 'catkin_skip_building_tests' from command line to 'False'
[0.482s] DEBUG:colcon.colcon_core.verb:Building package 'my_robot_interfaces' with the following arguments: {'ament_cmake_args': None, 'build_base': '/home/sven/ros2_ws/build/my_robot_interfaces', 'catkin_cmake_args': None, 'catkin_skip_building_tests': False, 'cmake_args': None, 'cmake_clean_cache': False, 'cmake_clean_first': False, 'cmake_force_configure': False, 'cmake_target': None, 'cmake_target_skip_unavailable': False, 'install_base': '/home/sven/ros2_ws/install/my_robot_interfaces', 'merge_install': False, 'path': '/home/sven/ros2_ws/src/my_robot_interfaces', 'symlink_install': False, 'test_result_base': None}
[0.487s] Level 5:colcon.colcon_core.verb:set package 'actions_py' build argument 'cmake_args' from command line to 'None'
[0.487s] Level 5:colcon.colcon_core.verb:set package 'actions_py' build argument 'cmake_target' from command line to 'None'
[0.487s] Level 5:colcon.colcon_core.verb:set package 'actions_py' build argument 'cmake_target_skip_unavailable' from command line to 'False'
[0.487s] Level 5:colcon.colcon_core.verb:set package 'actions_py' build argument 'cmake_clean_cache' from command line to 'False'
[0.487s] Level 5:colcon.colcon_core.verb:set package 'actions_py' build argument 'cmake_clean_first' from command line to 'False'
[0.487s] Level 5:colcon.colcon_core.verb:set package 'actions_py' build argument 'cmake_force_configure' from command line to 'False'
[0.487s] Level 5:colcon.colcon_core.verb:set package 'actions_py' build argument 'ament_cmake_args' from command line to 'None'
[0.487s] Level 5:colcon.colcon_core.verb:set package 'actions_py' build argument 'catkin_cmake_args' from command line to 'None'
[0.487s] Level 5:colcon.colcon_core.verb:set package 'actions_py' build argument 'catkin_skip_building_tests' from command line to 'False'
[0.487s] DEBUG:colcon.colcon_core.verb:Building package 'actions_py' with the following arguments: {'ament_cmake_args': None, 'build_base': '/home/sven/ros2_ws/build/actions_py', 'catkin_cmake_args': None, 'catkin_skip_building_tests': False, 'cmake_args': None, 'cmake_clean_cache': False, 'cmake_clean_first': False, 'cmake_force_configure': False, 'cmake_target': None, 'cmake_target_skip_unavailable': False, 'install_base': '/home/sven/ros2_ws/install/actions_py', 'merge_install': False, 'path': '/home/sven/ros2_ws/src/actions_py', 'symlink_install': False, 'test_result_base': None}
[0.492s] Level 5:colcon.colcon_core.verb:set package 'my_cpp_pkg' build argument 'cmake_args' from command line to 'None'
[0.492s] Level 5:colcon.colcon_core.verb:set package 'my_cpp_pkg' build argument 'cmake_target' from command line to 'None'
[0.492s] Level 5:colcon.colcon_core.verb:set package 'my_cpp_pkg' build argument 'cmake_target_skip_unavailable' from command line to 'False'
[0.492s] Level 5:colcon.colcon_core.verb:set package 'my_cpp_pkg' build argument 'cmake_clean_cache' from command line to 'False'
[0.492s] Level 5:colcon.colcon_core.verb:set package 'my_cpp_pkg' build argument 'cmake_clean_first' from command line to 'False'
[0.492s] Level 5:colcon.colcon_core.verb:set package 'my_cpp_pkg' build argument 'cmake_force_configure' from command line to 'False'
[0.492s] Level 5:colcon.colcon_core.verb:set package 'my_cpp_pkg' build argument 'ament_cmake_args' from command line to 'None'
[0.492s] Level 5:colcon.colcon_core.verb:set package 'my_cpp_pkg' build argument 'catkin_cmake_args' from command line to 'None'
[0.492s] Level 5:colcon.colcon_core.verb:set package 'my_cpp_pkg' build argument 'catkin_skip_building_tests' from command line to 'False'
[0.492s] DEBUG:colcon.colcon_core.verb:Building package 'my_cpp_pkg' with the following arguments: {'ament_cmake_args': None, 'build_base': '/home/sven/ros2_ws/build/my_cpp_pkg', 'catkin_cmake_args': None, 'catkin_skip_building_tests': False, 'cmake_args': None, 'cmake_clean_cache': False, 'cmake_clean_first': False, 'cmake_force_configure': False, 'cmake_target': None, 'cmake_target_skip_unavailable': False, 'install_base': '/home/sven/ros2_ws/install/my_cpp_pkg', 'merge_install': False, 'path': '/home/sven/ros2_ws/src/my_cpp_pkg', 'symlink_install': False, 'test_result_base': None}
[0.497s] Level 5:colcon.colcon_core.verb:set package 'my_py_pkg' build argument 'cmake_args' from command line to 'None'
[0.497s] Level 5:colcon.colcon_core.verb:set package 'my_py_pkg' build argument 'cmake_target' from command line to 'None'
[0.497s] Level 5:colcon.colcon_core.verb:set package 'my_py_pkg' build argument 'cmake_target_skip_unavailable' from command line to 'False'
[0.497s] Level 5:colcon.colcon_core.verb:set package 'my_py_pkg' build argument 'cmake_clean_cache' from command line to 'False'
[0.497s] Level 5:colcon.colcon_core.verb:set package 'my_py_pkg' build argument 'cmake_clean_first' from command line to 'False'
[0.497s] Level 5:colcon.colcon_core.verb:set package 'my_py_pkg' build argument 'cmake_force_configure' from command line to 'False'
[0.497s] Level 5:colcon.colcon_core.verb:set package 'my_py_pkg' build argument 'ament_cmake_args' from command line to 'None'
[0.497s] Level 5:colcon.colcon_core.verb:set package 'my_py_pkg' build argument 'catkin_cmake_args' from command line to 'None'
[0.497s] Level 5:colcon.colcon_core.verb:set package 'my_py_pkg' build argument 'catkin_skip_building_tests' from command line to 'False'
[0.497s] DEBUG:colcon.colcon_core.verb:Building package 'my_py_pkg' with the following arguments: {'ament_cmake_args': None, 'build_base': '/home/sven/ros2_ws/build/my_py_pkg', 'catkin_cmake_args': None, 'catkin_skip_building_tests': False, 'cmake_args': None, 'cmake_clean_cache': False, 'cmake_clean_first': False, 'cmake_force_configure': False, 'cmake_target': None, 'cmake_target_skip_unavailable': False, 'install_base': '/home/sven/ros2_ws/install/my_py_pkg', 'merge_install': False, 'path': '/home/sven/ros2_ws/src/my_py_pkg', 'symlink_install': False, 'test_result_base': None}
[0.502s] Level 5:colcon.colcon_core.verb:set package 'turtlesim_catch_them_all' build argument 'cmake_args' from command line to 'None'
[0.502s] Level 5:colcon.colcon_core.verb:set package 'turtlesim_catch_them_all' build argument 'cmake_target' from command line to 'None'
[0.502s] Level 5:colcon.colcon_core.verb:set package 'turtlesim_catch_them_all' build argument 'cmake_target_skip_unavailable' from command line to 'False'
[0.502s] Level 5:colcon.colcon_core.verb:set package 'turtlesim_catch_them_all' build argument 'cmake_clean_cache' from command line to 'False'
[0.502s] Level 5:colcon.colcon_core.verb:set package 'turtlesim_catch_them_all' build argument 'cmake_clean_first' from command line to 'False'
[0.502s] Level 5:colcon.colcon_core.verb:set package 'turtlesim_catch_them_all' build argument 'cmake_force_configure' from command line to 'False'
[0.502s] Level 5:colcon.colcon_core.verb:set package 'turtlesim_catch_them_all' build argument 'ament_cmake_args' from command line to 'None'
[0.502s] Level 5:colcon.colcon_core.verb:set package 'turtlesim_catch_them_all' build argument 'catkin_cmake_args' from command line to 'None'
[0.502s] Level 5:colcon.colcon_core.verb:set package 'turtlesim_catch_them_all' build argument 'catkin_skip_building_tests' from command line to 'False'
[0.502s] DEBUG:colcon.colcon_core.verb:Building package 'turtlesim_catch_them_all' with the following arguments: {'ament_cmake_args': None, 'build_base': '/home/sven/ros2_ws/build/turtlesim_catch_them_all', 'catkin_cmake_args': None, 'catkin_skip_building_tests': False, 'cmake_args': None, 'cmake_clean_cache': False, 'cmake_clean_first': False, 'cmake_force_configure': False, 'cmake_target': None, 'cmake_target_skip_unavailable': False, 'install_base': '/home/sven/ros2_ws/install/turtlesim_catch_them_all', 'merge_install': False, 'path': '/home/sven/ros2_ws/src/turtlesim_catch_them_all', 'symlink_install': False, 'test_result_base': None}
[0.507s] Level 5:colcon.colcon_core.verb:set package 'my_robot_bringup' build argument 'cmake_args' from command line to 'None'
[0.507s] Level 5:colcon.colcon_core.verb:set package 'my_robot_bringup' build argument 'cmake_target' from command line to 'None'
[0.507s] Level 5:colcon.colcon_core.verb:set package 'my_robot_bringup' build argument 'cmake_target_skip_unavailable' from command line to 'False'
[0.507s] Level 5:colcon.colcon_core.verb:set package 'my_robot_bringup' build argument 'cmake_clean_cache' from command line to 'False'
[0.507s] Level 5:colcon.colcon_core.verb:set package 'my_robot_bringup' build argument 'cmake_clean_first' from command line to 'False'
[0.507s] Level 5:colcon.colcon_core.verb:set package 'my_robot_bringup' build argument 'cmake_force_configure' from command line to 'False'
[0.507s] Level 5:colcon.colcon_core.verb:set package 'my_robot_bringup' build argument 'ament_cmake_args' from command line to 'None'
[0.507s] Level 5:colcon.colcon_core.verb:set package 'my_robot_bringup' build argument 'catkin_cmake_args' from command line to 'None'
[0.507s] Level 5:colcon.colcon_core.verb:set package 'my_robot_bringup' build argument 'catkin_skip_building_tests' from command line to 'False'
[0.507s] DEBUG:colcon.colcon_core.verb:Building package 'my_robot_bringup' with the following arguments: {'ament_cmake_args': None, 'build_base': '/home/sven/ros2_ws/build/my_robot_bringup', 'catkin_cmake_args': None, 'catkin_skip_building_tests': False, 'cmake_args': None, 'cmake_clean_cache': False, 'cmake_clean_first': False, 'cmake_force_configure': False, 'cmake_target': None, 'cmake_target_skip_unavailable': False, 'install_base': '/home/sven/ros2_ws/install/my_robot_bringup', 'merge_install': False, 'path': '/home/sven/ros2_ws/src/my_robot_bringup', 'symlink_install': False, 'test_result_base': None}
[0.512s] INFO:colcon.colcon_core.executor:Executing jobs using 'parallel' executor
[0.518s] DEBUG:colcon.colcon_parallel_executor.executor.parallel:run_until_complete
[0.518s] INFO:colcon.colcon_ros.task.ament_cmake.build:Building ROS package in '/home/sven/ros2_ws/src/my_robot_interfaces' with build type 'ament_cmake'
[0.518s] INFO:colcon.colcon_cmake.task.cmake.build:Building CMake package in '/home/sven/ros2_ws/src/my_robot_interfaces'
[0.524s] INFO:colcon.colcon_core.plugin_system:Skipping extension 'colcon_core.shell.bat': Not used on non-Windows systems
[0.524s] INFO:colcon.colcon_core.shell:Skip shell extension 'powershell' for command environment: Not usable outside of PowerShell
[0.524s] DEBUG:colcon.colcon_core.shell:Skip shell extension 'dsv' for command environment
[0.545s] INFO:colcon.colcon_ros.task.ament_cmake.build:Building ROS package in '/home/sven/ros2_ws/src/my_robot_description' with build type 'ament_cmake'
[0.545s] INFO:colcon.colcon_cmake.task.cmake.build:Building CMake package in '/home/sven/ros2_ws/src/my_robot_description'
[0.551s] INFO:colcon.colcon_core.shell:Skip shell extension 'powershell' for command environment: Not usable outside of PowerShell
[0.551s] DEBUG:colcon.colcon_core.shell:Skip shell extension 'dsv' for command environment
[0.582s] DEBUG:colcon.colcon_core.event_handler.log_command:Invoking command in '/home/sven/ros2_ws/build/my_robot_interfaces': CMAKE_PREFIX_PATH=${CMAKE_PREFIX_PATH}:/home/sven/ros2_ws/install/my_py_pkg:/home/sven/ros2_ws/install/actions_py:/opt/ros/humble /usr/bin/cmake --build /home/sven/ros2_ws/build/my_robot_interfaces -- -j20 -l20
[0.584s] DEBUG:colcon.colcon_core.event_handler.log_command:Invoking command in '/home/sven/ros2_ws/build/my_robot_description': CMAKE_PREFIX_PATH=${CMAKE_PREFIX_PATH}:/home/sven/ros2_ws/install/my_py_pkg:/home/sven/ros2_ws/install/actions_py:/opt/ros/humble /usr/bin/cmake --build /home/sven/ros2_ws/build/my_robot_description -- -j20 -l20
[0.602s] DEBUG:colcon.colcon_core.event_handler.log_command:Invoked command in '/home/sven/ros2_ws/build/my_robot_description' returned '0': CMAKE_PREFIX_PATH=${CMAKE_PREFIX_PATH}:/home/sven/ros2_ws/install/my_py_pkg:/home/sven/ros2_ws/install/actions_py:/opt/ros/humble /usr/bin/cmake --build /home/sven/ros2_ws/build/my_robot_description -- -j20 -l20
[0.619s] DEBUG:colcon.colcon_core.event_handler.log_command:Invoking command in '/home/sven/ros2_ws/build/my_robot_description': CMAKE_PREFIX_PATH=${CMAKE_PREFIX_PATH}:/home/sven/ros2_ws/install/my_py_pkg:/home/sven/ros2_ws/install/actions_py:/opt/ros/humble /usr/bin/cmake --install /home/sven/ros2_ws/build/my_robot_description
[0.631s] Level 1:colcon.colcon_core.environment:create_environment_scripts_only(my_robot_description)
[0.631s] DEBUG:colcon.colcon_core.event_handler.log_command:Invoked command in '/home/sven/ros2_ws/build/my_robot_description' returned '0': CMAKE_PREFIX_PATH=${CMAKE_PREFIX_PATH}:/home/sven/ros2_ws/install/my_py_pkg:/home/sven/ros2_ws/install/actions_py:/opt/ros/humble /usr/bin/cmake --install /home/sven/ros2_ws/build/my_robot_description
[0.639s] Level 1:colcon.colcon_core.environment:checking '/home/sven/ros2_ws/install/my_robot_description' for CMake module files
[0.640s] Level 1:colcon.colcon_core.environment:checking '/home/sven/ros2_ws/install/my_robot_description' for CMake config files
[0.640s] Level 1:colcon.colcon_core.shell:create_environment_hook('my_robot_description', 'cmake_prefix_path')
[0.646s] INFO:colcon.colcon_core.shell:Creating environment hook '/home/sven/ros2_ws/install/my_robot_description/share/my_robot_description/hook/cmake_prefix_path.ps1'
[0.646s] INFO:colcon.colcon_core.shell:Creating environment descriptor '/home/sven/ros2_ws/install/my_robot_description/share/my_robot_description/hook/cmake_prefix_path.dsv'
[0.646s] INFO:colcon.colcon_core.shell:Creating environment hook '/home/sven/ros2_ws/install/my_robot_description/share/my_robot_description/hook/cmake_prefix_path.sh'
[0.647s] Level 1:colcon.colcon_core.environment:checking '/home/sven/ros2_ws/install/my_robot_description/bin'
[0.647s] Level 1:colcon.colcon_core.environment:checking '/home/sven/ros2_ws/install/my_robot_description/lib/pkgconfig/my_robot_description.pc'
[0.647s] Level 1:colcon.colcon_core.environment:checking '/home/sven/ros2_ws/install/my_robot_description/lib/python3.10/site-packages'
[0.647s] Level 1:colcon.colcon_core.environment:checking '/home/sven/ros2_ws/install/my_robot_description/bin'
[0.653s] INFO:colcon.colcon_core.shell:Creating package script '/home/sven/ros2_ws/install/my_robot_description/share/my_robot_description/package.ps1'
[0.653s] INFO:colcon.colcon_core.shell:Creating package descriptor '/home/sven/ros2_ws/install/my_robot_description/share/my_robot_description/package.dsv'
[0.654s] INFO:colcon.colcon_core.shell:Creating package script '/home/sven/ros2_ws/install/my_robot_description/share/my_robot_description/package.sh'
[0.654s] INFO:colcon.colcon_core.shell:Creating package script '/home/sven/ros2_ws/install/my_robot_description/share/my_robot_description/package.bash'
[0.654s] INFO:colcon.colcon_core.shell:Creating package script '/home/sven/ros2_ws/install/my_robot_description/share/my_robot_description/package.zsh'
[0.654s] Level 1:colcon.colcon_core.environment:create_file_with_runtime_dependencies(/home/sven/ros2_ws/install/my_robot_description/share/colcon-core/packages/my_robot_description)
[0.673s] Level 1:colcon.colcon_core.environment:create_environment_scripts_only(my_robot_description)
[0.679s] Level 1:colcon.colcon_core.environment:checking '/home/sven/ros2_ws/install/my_robot_description' for CMake module files
[0.679s] Level 1:colcon.colcon_core.environment:checking '/home/sven/ros2_ws/install/my_robot_description' for CMake config files
[0.679s] Level 1:colcon.colcon_core.shell:create_environment_hook('my_robot_description', 'cmake_prefix_path')
[0.684s] INFO:colcon.colcon_core.shell:Creating environment hook '/home/sven/ros2_ws/install/my_robot_description/share/my_robot_description/hook/cmake_prefix_path.ps1'
[0.684s] INFO:colcon.colcon_core.shell:Creating environment descriptor '/home/sven/ros2_ws/install/my_robot_description/share/my_robot_description/hook/cmake_prefix_path.dsv'
[0.685s] INFO:colcon.colcon_core.shell:Creating environment hook '/home/sven/ros2_ws/install/my_robot_description/share/my_robot_description/hook/cmake_prefix_path.sh'
[0.685s] Level 1:colcon.colcon_core.environment:checking '/home/sven/ros2_ws/install/my_robot_description/bin'
[0.685s] Level 1:colcon.colcon_core.environment:checking '/home/sven/ros2_ws/install/my_robot_description/lib/pkgconfig/my_robot_description.pc'
[0.685s] Level 1:colcon.colcon_core.environment:checking '/home/sven/ros2_ws/install/my_robot_description/lib/python3.10/site-packages'
[0.685s] Level 1:colcon.colcon_core.environment:checking '/home/sven/ros2_ws/install/my_robot_description/bin'
[0.690s] INFO:colcon.colcon_core.shell:Creating package script '/home/sven/ros2_ws/install/my_robot_description/share/my_robot_description/package.ps1'
[0.690s] INFO:colcon.colcon_core.shell:Creating package descriptor '/home/sven/ros2_ws/install/my_robot_description/share/my_robot_description/package.dsv'
[0.691s] INFO:colcon.colcon_core.shell:Creating package script '/home/sven/ros2_ws/install/my_robot_description/share/my_robot_description/package.sh'
[0.691s] INFO:colcon.colcon_core.shell:Creating package script '/home/sven/ros2_ws/install/my_robot_description/share/my_robot_description/package.bash'
[0.691s] INFO:colcon.colcon_core.shell:Creating package script '/home/sven/ros2_ws/install/my_robot_description/share/my_robot_description/package.zsh'
[0.691s] Level 1:colcon.colcon_core.environment:create_file_with_runtime_dependencies(/home/sven/ros2_ws/install/my_robot_description/share/colcon-core/packages/my_robot_description)
[0.743s] DEBUG:colcon.colcon_core.event_handler.log_command:Invoked command in '/home/sven/ros2_ws/build/my_robot_interfaces' returned '0': CMAKE_PREFIX_PATH=${CMAKE_PREFIX_PATH}:/home/sven/ros2_ws/install/my_py_pkg:/home/sven/ros2_ws/install/actions_py:/opt/ros/humble /usr/bin/cmake --build /home/sven/ros2_ws/build/my_robot_interfaces -- -j20 -l20
[0.823s] DEBUG:colcon.colcon_core.event_handler.log_command:Invoking command in '/home/sven/ros2_ws/build/my_robot_interfaces': CMAKE_PREFIX_PATH=${CMAKE_PREFIX_PATH}:/home/sven/ros2_ws/install/my_py_pkg:/home/sven/ros2_ws/install/actions_py:/opt/ros/humble /usr/bin/cmake --install /home/sven/ros2_ws/build/my_robot_interfaces
[0.850s] Level 1:colcon.colcon_core.environment:create_environment_scripts_only(my_robot_interfaces)
[0.850s] DEBUG:colcon.colcon_core.event_handler.log_command:Invoked command in '/home/sven/ros2_ws/build/my_robot_interfaces' returned '0': CMAKE_PREFIX_PATH=${CMAKE_PREFIX_PATH}:/home/sven/ros2_ws/install/my_py_pkg:/home/sven/ros2_ws/install/actions_py:/opt/ros/humble /usr/bin/cmake --install /home/sven/ros2_ws/build/my_robot_interfaces
[0.855s] Level 1:colcon.colcon_core.environment:checking '/home/sven/ros2_ws/install/my_robot_interfaces' for CMake module files
[0.856s] Level 1:colcon.colcon_core.environment:checking '/home/sven/ros2_ws/install/my_robot_interfaces' for CMake config files
[0.856s] Level 1:colcon.colcon_core.shell:create_environment_hook('my_robot_interfaces', 'cmake_prefix_path')
[0.861s] INFO:colcon.colcon_core.shell:Creating environment hook '/home/sven/ros2_ws/install/my_robot_interfaces/share/my_robot_interfaces/hook/cmake_prefix_path.ps1'
[0.862s] INFO:colcon.colcon_core.shell:Creating environment descriptor '/home/sven/ros2_ws/install/my_robot_interfaces/share/my_robot_interfaces/hook/cmake_prefix_path.dsv'
[0.862s] INFO:colcon.colcon_core.shell:Creating environment hook '/home/sven/ros2_ws/install/my_robot_interfaces/share/my_robot_interfaces/hook/cmake_prefix_path.sh'
[0.862s] Level 1:colcon.colcon_core.environment:checking '/home/sven/ros2_ws/install/my_robot_interfaces/lib'
[0.862s] Level 1:colcon.colcon_core.shell:create_environment_hook('my_robot_interfaces', 'ld_library_path_lib')
[0.867s] INFO:colcon.colcon_core.shell:Creating environment hook '/home/sven/ros2_ws/install/my_robot_interfaces/share/my_robot_interfaces/hook/ld_library_path_lib.ps1'
[0.867s] INFO:colcon.colcon_core.shell:Creating environment descriptor '/home/sven/ros2_ws/install/my_robot_interfaces/share/my_robot_interfaces/hook/ld_library_path_lib.dsv'
[0.867s] INFO:colcon.colcon_core.shell:Creating environment hook '/home/sven/ros2_ws/install/my_robot_interfaces/share/my_robot_interfaces/hook/ld_library_path_lib.sh'
[0.867s] Level 1:colcon.colcon_core.environment:checking '/home/sven/ros2_ws/install/my_robot_interfaces/bin'
[0.867s] Level 1:colcon.colcon_core.environment:checking '/home/sven/ros2_ws/install/my_robot_interfaces/lib/pkgconfig/my_robot_interfaces.pc'
[0.868s] Level 1:colcon.colcon_core.environment:checking '/home/sven/ros2_ws/install/my_robot_interfaces/lib/python3.10/site-packages'
[0.868s] Level 1:colcon.colcon_core.environment:checking '/home/sven/ros2_ws/install/my_robot_interfaces/bin'
[0.873s] INFO:colcon.colcon_core.shell:Creating package script '/home/sven/ros2_ws/install/my_robot_interfaces/share/my_robot_interfaces/package.ps1'
[0.873s] INFO:colcon.colcon_core.shell:Creating package descriptor '/home/sven/ros2_ws/install/my_robot_interfaces/share/my_robot_interfaces/package.dsv'
[0.873s] INFO:colcon.colcon_core.shell:Creating package script '/home/sven/ros2_ws/install/my_robot_interfaces/share/my_robot_interfaces/package.sh'
[0.874s] INFO:colcon.colcon_core.shell:Creating package script '/home/sven/ros2_ws/install/my_robot_interfaces/share/my_robot_interfaces/package.bash'
[0.874s] INFO:colcon.colcon_core.shell:Creating package script '/home/sven/ros2_ws/install/my_robot_interfaces/share/my_robot_interfaces/package.zsh'
[0.874s] Level 1:colcon.colcon_core.environment:create_file_with_runtime_dependencies(/home/sven/ros2_ws/install/my_robot_interfaces/share/colcon-core/packages/my_robot_interfaces)
[0.958s] Level 1:colcon.colcon_core.environment:create_environment_scripts_only(my_robot_interfaces)
[0.964s] Level 1:colcon.colcon_core.environment:checking '/home/sven/ros2_ws/install/my_robot_interfaces' for CMake module files
[0.964s] Level 1:colcon.colcon_core.environment:checking '/home/sven/ros2_ws/install/my_robot_interfaces' for CMake config files
[0.964s] Level 1:colcon.colcon_core.shell:create_environment_hook('my_robot_interfaces', 'cmake_prefix_path')
[0.969s] INFO:colcon.colcon_core.shell:Creating environment hook '/home/sven/ros2_ws/install/my_robot_interfaces/share/my_robot_interfaces/hook/cmake_prefix_path.ps1'
[0.970s] INFO:colcon.colcon_core.shell:Creating environment descriptor '/home/sven/ros2_ws/install/my_robot_interfaces/share/my_robot_interfaces/hook/cmake_prefix_path.dsv'
[0.970s] INFO:colcon.colcon_core.shell:Creating environment hook '/home/sven/ros2_ws/install/my_robot_interfaces/share/my_robot_interfaces/hook/cmake_prefix_path.sh'
[0.970s] Level 1:colcon.colcon_core.environment:checking '/home/sven/ros2_ws/install/my_robot_interfaces/lib'
[0.970s] Level 1:colcon.colcon_core.shell:create_environment_hook('my_robot_interfaces', 'ld_library_path_lib')
[0.975s] INFO:colcon.colcon_core.shell:Creating environment hook '/home/sven/ros2_ws/install/my_robot_interfaces/share/my_robot_interfaces/hook/ld_library_path_lib.ps1'
[0.975s] INFO:colcon.colcon_core.shell:Creating environment descriptor '/home/sven/ros2_ws/install/my_robot_interfaces/share/my_robot_interfaces/hook/ld_library_path_lib.dsv'
[0.976s] INFO:colcon.colcon_core.shell:Creating environment hook '/home/sven/ros2_ws/install/my_robot_interfaces/share/my_robot_interfaces/hook/ld_library_path_lib.sh'
[0.976s] Level 1:colcon.colcon_core.environment:checking '/home/sven/ros2_ws/install/my_robot_interfaces/bin'
[0.976s] Level 1:colcon.colcon_core.environment:checking '/home/sven/ros2_ws/install/my_robot_interfaces/lib/pkgconfig/my_robot_interfaces.pc'
[0.976s] Level 1:colcon.colcon_core.environment:checking '/home/sven/ros2_ws/install/my_robot_interfaces/lib/python3.10/site-packages'
[0.976s] Level 1:colcon.colcon_core.environment:checking '/home/sven/ros2_ws/install/my_robot_interfaces/bin'
[0.981s] INFO:colcon.colcon_core.shell:Creating package script '/home/sven/ros2_ws/install/my_robot_interfaces/share/my_robot_interfaces/package.ps1'
[0.981s] INFO:colcon.colcon_core.shell:Creating package descriptor '/home/sven/ros2_ws/install/my_robot_interfaces/share/my_robot_interfaces/package.dsv'
[0.982s] INFO:colcon.colcon_core.shell:Creating package script '/home/sven/ros2_ws/install/my_robot_interfaces/share/my_robot_interfaces/package.sh'
[0.982s] INFO:colcon.colcon_core.shell:Creating package script '/home/sven/ros2_ws/install/my_robot_interfaces/share/my_robot_interfaces/package.bash'
[0.982s] INFO:colcon.colcon_core.shell:Creating package script '/home/sven/ros2_ws/install/my_robot_interfaces/share/my_robot_interfaces/package.zsh'
[0.982s] Level 1:colcon.colcon_core.environment:create_file_with_runtime_dependencies(/home/sven/ros2_ws/install/my_robot_interfaces/share/colcon-core/packages/my_robot_interfaces)
[0.982s] INFO:colcon.colcon_ros.task.ament_cmake.build:Building ROS package in '/home/sven/ros2_ws/src/my_cpp_pkg' with build type 'ament_cmake'
[0.982s] INFO:colcon.colcon_cmake.task.cmake.build:Building CMake package in '/home/sven/ros2_ws/src/my_cpp_pkg'
[0.988s] INFO:colcon.colcon_core.shell:Skip shell extension 'powershell' for command environment: Not usable outside of PowerShell
[0.988s] DEBUG:colcon.colcon_core.shell:Skip shell extension 'dsv' for command environment
[1.010s] INFO:colcon.colcon_ros.task.ament_python.build:Building ROS package in '/home/sven/ros2_ws/src/my_py_pkg' with build type 'ament_python'
[1.010s] Level 1:colcon.colcon_core.shell:create_environment_hook('my_py_pkg', 'ament_prefix_path')
[1.015s] INFO:colcon.colcon_core.shell:Creating environment hook '/home/sven/ros2_ws/install/my_py_pkg/share/my_py_pkg/hook/ament_prefix_path.ps1'
[1.015s] INFO:colcon.colcon_core.shell:Creating environment descriptor '/home/sven/ros2_ws/install/my_py_pkg/share/my_py_pkg/hook/ament_prefix_path.dsv'
[1.016s] INFO:colcon.colcon_core.shell:Creating environment hook '/home/sven/ros2_ws/install/my_py_pkg/share/my_py_pkg/hook/ament_prefix_path.sh'
[1.021s] INFO:colcon.colcon_core.shell:Skip shell extension 'powershell' for command environment: Not usable outside of PowerShell
[1.021s] DEBUG:colcon.colcon_core.shell:Skip shell extension 'dsv' for command environment
[1.043s] INFO:colcon.colcon_ros.task.ament_python.build:Building ROS package in '/home/sven/ros2_ws/src/actions_py' with build type 'ament_python'
[1.043s] Level 1:colcon.colcon_core.shell:create_environment_hook('actions_py', 'ament_prefix_path')
[1.048s] INFO:colcon.colcon_core.shell:Creating environment hook '/home/sven/ros2_ws/install/actions_py/share/actions_py/hook/ament_prefix_path.ps1'
[1.049s] INFO:colcon.colcon_core.shell:Creating environment descriptor '/home/sven/ros2_ws/install/actions_py/share/actions_py/hook/ament_prefix_path.dsv'
[1.049s] INFO:colcon.colcon_core.shell:Creating environment hook '/home/sven/ros2_ws/install/actions_py/share/actions_py/hook/ament_prefix_path.sh'
[1.054s] INFO:colcon.colcon_core.shell:Skip shell extension 'powershell' for command environment: Not usable outside of PowerShell
[1.054s] DEBUG:colcon.colcon_core.shell:Skip shell extension 'dsv' for command environment
[1.076s] INFO:colcon.colcon_ros.task.ament_cmake.build:Building ROS package in '/home/sven/ros2_ws/src/turtlesim_catch_them_all' with build type 'ament_cmake'
[1.076s] INFO:colcon.colcon_cmake.task.cmake.build:Building CMake package in '/home/sven/ros2_ws/src/turtlesim_catch_them_all'
[1.082s] INFO:colcon.colcon_core.shell:Skip shell extension 'powershell' for command environment: Not usable outside of PowerShell
[1.082s] DEBUG:colcon.colcon_core.shell:Skip shell extension 'dsv' for command environment
[1.105s] DEBUG:colcon.colcon_core.event_handler.log_command:Invoking command in '/home/sven/ros2_ws/build/my_cpp_pkg': CMAKE_PREFIX_PATH=/home/sven/ros2_ws/install/my_robot_interfaces:/home/sven/ros2_ws/install/turtlesim_catch_them_all:/home/sven/ros2_ws/install/my_robot_bringup:/home/sven/ros2_ws/install/my_cpp_pkg:/home/sven/ros2_ws/install/my_robot_description:/home/sven/install/my_robot_description:/home/sven/ros2_ws/install/my_py_pkg:/home/sven/ros2_ws/install/actions_py:/opt/ros/humble LD_LIBRARY_PATH=/home/sven/ros2_ws/install/my_robot_interfaces/lib:/usr/lib/x86_64-linux-gnu/gazebo-11/plugins:/opt/ros/humble/opt/rviz_ogre_vendor/lib:/opt/ros/humble/lib/x86_64-linux-gnu:/opt/ros/humble/lib:/usr/share/gazebo/../../lib/x86_64-linux-gnu/gazebo-11/plugins /usr/bin/cmake --build /home/sven/ros2_ws/build/my_cpp_pkg -- -j20 -l20
[1.216s] INFO:colcon.colcon_core.task.python.build:Building Python package in '/home/sven/ros2_ws/src/my_py_pkg'
[1.221s] INFO:colcon.colcon_core.shell:Skip shell extension 'powershell' for command environment: Not usable outside of PowerShell
[1.221s] DEBUG:colcon.colcon_core.shell:Skip shell extension 'dsv' for command environment
[1.352s] INFO:colcon.colcon_core.task.python.build:Building Python package in '/home/sven/ros2_ws/src/actions_py'
[1.358s] INFO:colcon.colcon_core.shell:Skip shell extension 'powershell' for command environment: Not usable outside of PowerShell
[1.358s] DEBUG:colcon.colcon_core.shell:Skip shell extension 'dsv' for command environment
[1.385s] DEBUG:colcon.colcon_core.event_handler.log_command:Invoking command in '/home/sven/ros2_ws/build/turtlesim_catch_them_all': CMAKE_PREFIX_PATH=/home/sven/ros2_ws/install/my_robot_interfaces:/home/sven/ros2_ws/install/turtlesim_catch_them_all:/home/sven/ros2_ws/install/my_robot_bringup:/home/sven/ros2_ws/install/my_cpp_pkg:/home/sven/ros2_ws/install/my_robot_description:/home/sven/install/my_robot_description:/home/sven/ros2_ws/install/my_py_pkg:/home/sven/ros2_ws/install/actions_py:/opt/ros/humble LD_LIBRARY_PATH=/home/sven/ros2_ws/install/my_robot_interfaces/lib:/usr/lib/x86_64-linux-gnu/gazebo-11/plugins:/opt/ros/humble/opt/rviz_ogre_vendor/lib:/opt/ros/humble/lib/x86_64-linux-gnu:/opt/ros/humble/lib:/usr/share/gazebo/../../lib/x86_64-linux-gnu/gazebo-11/plugins /usr/bin/cmake --build /home/sven/ros2_ws/build/turtlesim_catch_them_all -- -j20 -l20
[1.385s] DEBUG:colcon.colcon_core.event_handler.log_command:Invoked command in '/home/sven/ros2_ws/build/my_cpp_pkg' returned '0': CMAKE_PREFIX_PATH=/home/sven/ros2_ws/install/my_robot_interfaces:/home/sven/ros2_ws/install/turtlesim_catch_them_all:/home/sven/ros2_ws/install/my_robot_bringup:/home/sven/ros2_ws/install/my_cpp_pkg:/home/sven/ros2_ws/install/my_robot_description:/home/sven/install/my_robot_description:/home/sven/ros2_ws/install/my_py_pkg:/home/sven/ros2_ws/install/actions_py:/opt/ros/humble LD_LIBRARY_PATH=/home/sven/ros2_ws/install/my_robot_interfaces/lib:/usr/lib/x86_64-linux-gnu/gazebo-11/plugins:/opt/ros/humble/opt/rviz_ogre_vendor/lib:/opt/ros/humble/lib/x86_64-linux-gnu:/opt/ros/humble/lib:/usr/share/gazebo/../../lib/x86_64-linux-gnu/gazebo-11/plugins /usr/bin/cmake --build /home/sven/ros2_ws/build/my_cpp_pkg -- -j20 -l20
[1.408s] DEBUG:colcon.colcon_core.event_handler.log_command:Invoking command in '/home/sven/ros2_ws/build/my_cpp_pkg': CMAKE_PREFIX_PATH=/home/sven/ros2_ws/install/my_robot_interfaces:/home/sven/ros2_ws/install/turtlesim_catch_them_all:/home/sven/ros2_ws/install/my_robot_bringup:/home/sven/ros2_ws/install/my_cpp_pkg:/home/sven/ros2_ws/install/my_robot_description:/home/sven/install/my_robot_description:/home/sven/ros2_ws/install/my_py_pkg:/home/sven/ros2_ws/install/actions_py:/opt/ros/humble LD_LIBRARY_PATH=/home/sven/ros2_ws/install/my_robot_interfaces/lib:/usr/lib/x86_64-linux-gnu/gazebo-11/plugins:/opt/ros/humble/opt/rviz_ogre_vendor/lib:/opt/ros/humble/lib/x86_64-linux-gnu:/opt/ros/humble/lib:/usr/share/gazebo/../../lib/x86_64-linux-gnu/gazebo-11/plugins /usr/bin/cmake --install /home/sven/ros2_ws/build/my_cpp_pkg
[1.413s] Level 1:colcon.colcon_core.environment:create_environment_scripts_only(my_cpp_pkg)
[1.413s] DEBUG:colcon.colcon_core.event_handler.log_command:Invoked command in '/home/sven/ros2_ws/build/my_cpp_pkg' returned '0': CMAKE_PREFIX_PATH=/home/sven/ros2_ws/install/my_robot_interfaces:/home/sven/ros2_ws/install/turtlesim_catch_them_all:/home/sven/ros2_ws/install/my_robot_bringup:/home/sven/ros2_ws/install/my_cpp_pkg:/home/sven/ros2_ws/install/my_robot_description:/home/sven/install/my_robot_description:/home/sven/ros2_ws/install/my_py_pkg:/home/sven/ros2_ws/install/actions_py:/opt/ros/humble LD_LIBRARY_PATH=/home/sven/ros2_ws/install/my_robot_interfaces/lib:/usr/lib/x86_64-linux-gnu/gazebo-11/plugins:/opt/ros/humble/opt/rviz_ogre_vendor/lib:/opt/ros/humble/lib/x86_64-linux-gnu:/opt/ros/humble/lib:/usr/share/gazebo/../../lib/x86_64-linux-gnu/gazebo-11/plugins /usr/bin/cmake --install /home/sven/ros2_ws/build/my_cpp_pkg
[1.419s] Level 1:colcon.colcon_core.environment:checking '/home/sven/ros2_ws/install/my_cpp_pkg' for CMake module files
[1.419s] Level 1:colcon.colcon_core.environment:checking '/home/sven/ros2_ws/install/my_cpp_pkg' for CMake config files
[1.420s] Level 1:colcon.colcon_core.shell:create_environment_hook('my_cpp_pkg', 'cmake_prefix_path')
[1.425s] INFO:colcon.colcon_core.shell:Creating environment hook '/home/sven/ros2_ws/install/my_cpp_pkg/share/my_cpp_pkg/hook/cmake_prefix_path.ps1'
[1.425s] INFO:colcon.colcon_core.shell:Creating environment descriptor '/home/sven/ros2_ws/install/my_cpp_pkg/share/my_cpp_pkg/hook/cmake_prefix_path.dsv'
[1.425s] INFO:colcon.colcon_core.shell:Creating environment hook '/home/sven/ros2_ws/install/my_cpp_pkg/share/my_cpp_pkg/hook/cmake_prefix_path.sh'
[1.426s] Level 1:colcon.colcon_core.environment:checking '/home/sven/ros2_ws/install/my_cpp_pkg/lib'
[1.426s] Level 1:colcon.colcon_core.environment:checking '/home/sven/ros2_ws/install/my_cpp_pkg/bin'
[1.426s] Level 1:colcon.colcon_core.environment:checking '/home/sven/ros2_ws/install/my_cpp_pkg/lib/pkgconfig/my_cpp_pkg.pc'
[1.426s] Level 1:colcon.colcon_core.environment:checking '/home/sven/ros2_ws/install/my_cpp_pkg/lib/python3.10/site-packages'
[1.426s] Level 1:colcon.colcon_core.environment:checking '/home/sven/ros2_ws/install/my_cpp_pkg/bin'
[1.431s] INFO:colcon.colcon_core.shell:Creating package script '/home/sven/ros2_ws/install/my_cpp_pkg/share/my_cpp_pkg/package.ps1'
[1.432s] INFO:colcon.colcon_core.shell:Creating package descriptor '/home/sven/ros2_ws/install/my_cpp_pkg/share/my_cpp_pkg/package.dsv'
[1.432s] INFO:colcon.colcon_core.shell:Creating package script '/home/sven/ros2_ws/install/my_cpp_pkg/share/my_cpp_pkg/package.sh'
[1.432s] INFO:colcon.colcon_core.shell:Creating package script '/home/sven/ros2_ws/install/my_cpp_pkg/share/my_cpp_pkg/package.bash'
[1.432s] INFO:colcon.colcon_core.shell:Creating package script '/home/sven/ros2_ws/install/my_cpp_pkg/share/my_cpp_pkg/package.zsh'
[1.432s] Level 1:colcon.colcon_core.environment:create_file_with_runtime_dependencies(/home/sven/ros2_ws/install/my_cpp_pkg/share/colcon-core/packages/my_cpp_pkg)
[1.437s] DEBUG:colcon.colcon_core.event_handler.log_command:Invoked command in '/home/sven/ros2_ws/build/turtlesim_catch_them_all' returned '0': CMAKE_PREFIX_PATH=/home/sven/ros2_ws/install/my_robot_interfaces:/home/sven/ros2_ws/install/turtlesim_catch_them_all:/home/sven/ros2_ws/install/my_robot_bringup:/home/sven/ros2_ws/install/my_cpp_pkg:/home/sven/ros2_ws/install/my_robot_description:/home/sven/install/my_robot_description:/home/sven/ros2_ws/install/my_py_pkg:/home/sven/ros2_ws/install/actions_py:/opt/ros/humble LD_LIBRARY_PATH=/home/sven/ros2_ws/install/my_robot_interfaces/lib:/usr/lib/x86_64-linux-gnu/gazebo-11/plugins:/opt/ros/humble/opt/rviz_ogre_vendor/lib:/opt/ros/humble/lib/x86_64-linux-gnu:/opt/ros/humble/lib:/usr/share/gazebo/../../lib/x86_64-linux-gnu/gazebo-11/plugins /usr/bin/cmake --build /home/sven/ros2_ws/build/turtlesim_catch_them_all -- -j20 -l20
[1.451s] DEBUG:colcon.colcon_core.event_handler.log_command:Invoking command in '/home/sven/ros2_ws/build/turtlesim_catch_them_all': CMAKE_PREFIX_PATH=/home/sven/ros2_ws/install/my_robot_interfaces:/home/sven/ros2_ws/install/turtlesim_catch_them_all:/home/sven/ros2_ws/install/my_robot_bringup:/home/sven/ros2_ws/install/my_cpp_pkg:/home/sven/ros2_ws/install/my_robot_description:/home/sven/install/my_robot_description:/home/sven/ros2_ws/install/my_py_pkg:/home/sven/ros2_ws/install/actions_py:/opt/ros/humble LD_LIBRARY_PATH=/home/sven/ros2_ws/install/my_robot_interfaces/lib:/usr/lib/x86_64-linux-gnu/gazebo-11/plugins:/opt/ros/humble/opt/rviz_ogre_vendor/lib:/opt/ros/humble/lib/x86_64-linux-gnu:/opt/ros/humble/lib:/usr/share/gazebo/../../lib/x86_64-linux-gnu/gazebo-11/plugins /usr/bin/cmake --install /home/sven/ros2_ws/build/turtlesim_catch_them_all
[1.456s] Level 1:colcon.colcon_core.environment:create_environment_scripts_only(turtlesim_catch_them_all)
[1.456s] DEBUG:colcon.colcon_core.event_handler.log_command:Invoked command in '/home/sven/ros2_ws/build/turtlesim_catch_them_all' returned '0': CMAKE_PREFIX_PATH=/home/sven/ros2_ws/install/my_robot_interfaces:/home/sven/ros2_ws/install/turtlesim_catch_them_all:/home/sven/ros2_ws/install/my_robot_bringup:/home/sven/ros2_ws/install/my_cpp_pkg:/home/sven/ros2_ws/install/my_robot_description:/home/sven/install/my_robot_description:/home/sven/ros2_ws/install/my_py_pkg:/home/sven/ros2_ws/install/actions_py:/opt/ros/humble LD_LIBRARY_PATH=/home/sven/ros2_ws/install/my_robot_interfaces/lib:/usr/lib/x86_64-linux-gnu/gazebo-11/plugins:/opt/ros/humble/opt/rviz_ogre_vendor/lib:/opt/ros/humble/lib/x86_64-linux-gnu:/opt/ros/humble/lib:/usr/share/gazebo/../../lib/x86_64-linux-gnu/gazebo-11/plugins /usr/bin/cmake --install /home/sven/ros2_ws/build/turtlesim_catch_them_all
[1.462s] Level 1:colcon.colcon_core.environment:checking '/home/sven/ros2_ws/install/turtlesim_catch_them_all' for CMake module files
[1.462s] Level 1:colcon.colcon_core.environment:checking '/home/sven/ros2_ws/install/turtlesim_catch_them_all' for CMake config files
[1.463s] Level 1:colcon.colcon_core.shell:create_environment_hook('turtlesim_catch_them_all', 'cmake_prefix_path')
[1.468s] INFO:colcon.colcon_core.shell:Creating environment hook '/home/sven/ros2_ws/install/turtlesim_catch_them_all/share/turtlesim_catch_them_all/hook/cmake_prefix_path.ps1'
[1.468s] INFO:colcon.colcon_core.shell:Creating environment descriptor '/home/sven/ros2_ws/install/turtlesim_catch_them_all/share/turtlesim_catch_them_all/hook/cmake_prefix_path.dsv'
[1.468s] INFO:colcon.colcon_core.shell:Creating environment hook '/home/sven/ros2_ws/install/turtlesim_catch_them_all/share/turtlesim_catch_them_all/hook/cmake_prefix_path.sh'
[1.469s] Level 1:colcon.colcon_core.environment:checking '/home/sven/ros2_ws/install/turtlesim_catch_them_all/lib'
[1.469s] Level 1:colcon.colcon_core.environment:checking '/home/sven/ros2_ws/install/turtlesim_catch_them_all/bin'
[1.469s] Level 1:colcon.colcon_core.environment:checking '/home/sven/ros2_ws/install/turtlesim_catch_them_all/lib/pkgconfig/turtlesim_catch_them_all.pc'
[1.469s] Level 1:colcon.colcon_core.environment:checking '/home/sven/ros2_ws/install/turtlesim_catch_them_all/lib/python3.10/site-packages'
[1.469s] Level 1:colcon.colcon_core.environment:checking '/home/sven/ros2_ws/install/turtlesim_catch_them_all/bin'
[1.474s] INFO:colcon.colcon_core.shell:Creating package script '/home/sven/ros2_ws/install/turtlesim_catch_them_all/share/turtlesim_catch_them_all/package.ps1'
[1.475s] INFO:colcon.colcon_core.shell:Creating package descriptor '/home/sven/ros2_ws/install/turtlesim_catch_them_all/share/turtlesim_catch_them_all/package.dsv'
[1.475s] INFO:colcon.colcon_core.shell:Creating package script '/home/sven/ros2_ws/install/turtlesim_catch_them_all/share/turtlesim_catch_them_all/package.sh'
[1.475s] INFO:colcon.colcon_core.shell:Creating package script '/home/sven/ros2_ws/install/turtlesim_catch_them_all/share/turtlesim_catch_them_all/package.bash'
[1.475s] INFO:colcon.colcon_core.shell:Creating package script '/home/sven/ros2_ws/install/turtlesim_catch_them_all/share/turtlesim_catch_them_all/package.zsh'
[1.475s] Level 1:colcon.colcon_core.environment:create_file_with_runtime_dependencies(/home/sven/ros2_ws/install/turtlesim_catch_them_all/share/colcon-core/packages/turtlesim_catch_them_all)
[1.482s] Level 1:colcon.colcon_core.environment:create_environment_scripts_only(my_cpp_pkg)
[1.488s] Level 1:colcon.colcon_core.environment:checking '/home/sven/ros2_ws/install/my_cpp_pkg' for CMake module files
[1.488s] Level 1:colcon.colcon_core.environment:checking '/home/sven/ros2_ws/install/my_cpp_pkg' for CMake config files
[1.488s] Level 1:colcon.colcon_core.shell:create_environment_hook('my_cpp_pkg', 'cmake_prefix_path')
[1.494s] INFO:colcon.colcon_core.shell:Creating environment hook '/home/sven/ros2_ws/install/my_cpp_pkg/share/my_cpp_pkg/hook/cmake_prefix_path.ps1'
[1.494s] INFO:colcon.colcon_core.shell:Creating environment descriptor '/home/sven/ros2_ws/install/my_cpp_pkg/share/my_cpp_pkg/hook/cmake_prefix_path.dsv'
[1.494s] INFO:colcon.colcon_core.shell:Creating environment hook '/home/sven/ros2_ws/install/my_cpp_pkg/share/my_cpp_pkg/hook/cmake_prefix_path.sh'
[1.494s] Level 1:colcon.colcon_core.environment:checking '/home/sven/ros2_ws/install/my_cpp_pkg/lib'
[1.494s] Level 1:colcon.colcon_core.environment:checking '/home/sven/ros2_ws/install/my_cpp_pkg/bin'
[1.494s] Level 1:colcon.colcon_core.environment:checking '/home/sven/ros2_ws/install/my_cpp_pkg/lib/pkgconfig/my_cpp_pkg.pc'
[1.495s] Level 1:colcon.colcon_core.environment:checking '/home/sven/ros2_ws/install/my_cpp_pkg/lib/python3.10/site-packages'
[1.495s] Level 1:colcon.colcon_core.environment:checking '/home/sven/ros2_ws/install/my_cpp_pkg/bin'
[1.500s] INFO:colcon.colcon_core.shell:Creating package script '/home/sven/ros2_ws/install/my_cpp_pkg/share/my_cpp_pkg/package.ps1'
[1.500s] INFO:colcon.colcon_core.shell:Creating package descriptor '/home/sven/ros2_ws/install/my_cpp_pkg/share/my_cpp_pkg/package.dsv'
[1.501s] INFO:colcon.colcon_core.shell:Creating package script '/home/sven/ros2_ws/install/my_cpp_pkg/share/my_cpp_pkg/package.sh'
[1.501s] INFO:colcon.colcon_core.shell:Creating package script '/home/sven/ros2_ws/install/my_cpp_pkg/share/my_cpp_pkg/package.bash'
[1.501s] INFO:colcon.colcon_core.shell:Creating package script '/home/sven/ros2_ws/install/my_cpp_pkg/share/my_cpp_pkg/package.zsh'
[1.501s] Level 1:colcon.colcon_core.environment:create_file_with_runtime_dependencies(/home/sven/ros2_ws/install/my_cpp_pkg/share/colcon-core/packages/my_cpp_pkg)
[1.507s] Level 1:colcon.colcon_core.environment:create_environment_scripts_only(turtlesim_catch_them_all)
[1.513s] Level 1:colcon.colcon_core.environment:checking '/home/sven/ros2_ws/install/turtlesim_catch_them_all' for CMake module files
[1.513s] Level 1:colcon.colcon_core.environment:checking '/home/sven/ros2_ws/install/turtlesim_catch_them_all' for CMake config files
[1.513s] Level 1:colcon.colcon_core.shell:create_environment_hook('turtlesim_catch_them_all', 'cmake_prefix_path')
[1.518s] INFO:colcon.colcon_core.shell:Creating environment hook '/home/sven/ros2_ws/install/turtlesim_catch_them_all/share/turtlesim_catch_them_all/hook/cmake_prefix_path.ps1'
[1.519s] INFO:colcon.colcon_core.shell:Creating environment descriptor '/home/sven/ros2_ws/install/turtlesim_catch_them_all/share/turtlesim_catch_them_all/hook/cmake_prefix_path.dsv'
[1.519s] INFO:colcon.colcon_core.shell:Creating environment hook '/home/sven/ros2_ws/install/turtlesim_catch_them_all/share/turtlesim_catch_them_all/hook/cmake_prefix_path.sh'
[1.519s] Level 1:colcon.colcon_core.environment:checking '/home/sven/ros2_ws/install/turtlesim_catch_them_all/lib'
[1.519s] Level 1:colcon.colcon_core.environment:checking '/home/sven/ros2_ws/install/turtlesim_catch_them_all/bin'
[1.519s] Level 1:colcon.colcon_core.environment:checking '/home/sven/ros2_ws/install/turtlesim_catch_them_all/lib/pkgconfig/turtlesim_catch_them_all.pc'
[1.519s] Level 1:colcon.colcon_core.environment:checking '/home/sven/ros2_ws/install/turtlesim_catch_them_all/lib/python3.10/site-packages'
[1.519s] Level 1:colcon.colcon_core.environment:checking '/home/sven/ros2_ws/install/turtlesim_catch_them_all/bin'
[1.525s] INFO:colcon.colcon_core.shell:Creating package script '/home/sven/ros2_ws/install/turtlesim_catch_them_all/share/turtlesim_catch_them_all/package.ps1'
[1.525s] INFO:colcon.colcon_core.shell:Creating package descriptor '/home/sven/ros2_ws/install/turtlesim_catch_them_all/share/turtlesim_catch_them_all/package.dsv'
[1.526s] INFO:colcon.colcon_core.shell:Creating package script '/home/sven/ros2_ws/install/turtlesim_catch_them_all/share/turtlesim_catch_them_all/package.sh'
[1.526s] INFO:colcon.colcon_core.shell:Creating package script '/home/sven/ros2_ws/install/turtlesim_catch_them_all/share/turtlesim_catch_them_all/package.bash'
[1.526s] INFO:colcon.colcon_core.shell:Creating package script '/home/sven/ros2_ws/install/turtlesim_catch_them_all/share/turtlesim_catch_them_all/package.zsh'
[1.526s] Level 1:colcon.colcon_core.environment:create_file_with_runtime_dependencies(/home/sven/ros2_ws/install/turtlesim_catch_them_all/share/colcon-core/packages/turtlesim_catch_them_all)
[1.545s] DEBUG:colcon.colcon_core.event_handler.log_command:Invoking command in '/home/sven/ros2_ws/src/my_py_pkg': CMAKE_PREFIX_PATH=/home/sven/ros2_ws/install/my_robot_interfaces:/home/sven/ros2_ws/install/turtlesim_catch_them_all:/home/sven/ros2_ws/install/my_robot_bringup:/home/sven/ros2_ws/install/my_cpp_pkg:/home/sven/ros2_ws/install/my_robot_description:/home/sven/install/my_robot_description LD_LIBRARY_PATH=/home/sven/ros2_ws/install/my_robot_interfaces/lib:/usr/lib/x86_64-linux-gnu/gazebo-11/plugins:/opt/ros/humble/opt/rviz_ogre_vendor/lib:/opt/ros/humble/lib/x86_64-linux-gnu:/opt/ros/humble/lib:/usr/share/gazebo/../../lib/x86_64-linux-gnu/gazebo-11/plugins PYTHONPATH=/home/sven/ros2_ws/build/my_py_pkg/prefix_override:/home/sven/ros2_ws/install/my_py_pkg/lib/python3.10/site-packages:${PYTHONPATH} /usr/bin/python3 setup.py egg_info --egg-base ../../build/my_py_pkg build --build-base /home/sven/ros2_ws/build/my_py_pkg/build install --record /home/sven/ros2_ws/build/my_py_pkg/install.log --single-version-externally-managed
[1.548s] DEBUG:colcon.colcon_core.event_handler.log_command:Invoking command in '/home/sven/ros2_ws/src/actions_py': CMAKE_PREFIX_PATH=/home/sven/ros2_ws/install/my_robot_interfaces:/home/sven/ros2_ws/install/turtlesim_catch_them_all:/home/sven/ros2_ws/install/my_robot_bringup:/home/sven/ros2_ws/install/my_cpp_pkg:/home/sven/ros2_ws/install/my_robot_description:/home/sven/install/my_robot_description LD_LIBRARY_PATH=/home/sven/ros2_ws/install/my_robot_interfaces/lib:/usr/lib/x86_64-linux-gnu/gazebo-11/plugins:/opt/ros/humble/opt/rviz_ogre_vendor/lib:/opt/ros/humble/lib/x86_64-linux-gnu:/opt/ros/humble/lib:/usr/share/gazebo/../../lib/x86_64-linux-gnu/gazebo-11/plugins PYTHONPATH=/home/sven/ros2_ws/build/actions_py/prefix_override:/home/sven/ros2_ws/install/actions_py/lib/python3.10/site-packages:${PYTHONPATH} /usr/bin/python3 setup.py egg_info --egg-base ../../build/actions_py build --build-base /home/sven/ros2_ws/build/actions_py/build install --record /home/sven/ros2_ws/build/actions_py/install.log --single-version-externally-managed
[1.672s] DEBUG:colcon.colcon_core.event_handler.log_command:Invoked command in '/home/sven/ros2_ws/src/actions_py' returned '0': CMAKE_PREFIX_PATH=/home/sven/ros2_ws/install/my_robot_interfaces:/home/sven/ros2_ws/install/turtlesim_catch_them_all:/home/sven/ros2_ws/install/my_robot_bringup:/home/sven/ros2_ws/install/my_cpp_pkg:/home/sven/ros2_ws/install/my_robot_description:/home/sven/install/my_robot_description LD_LIBRARY_PATH=/home/sven/ros2_ws/install/my_robot_interfaces/lib:/usr/lib/x86_64-linux-gnu/gazebo-11/plugins:/opt/ros/humble/opt/rviz_ogre_vendor/lib:/opt/ros/humble/lib/x86_64-linux-gnu:/opt/ros/humble/lib:/usr/share/gazebo/../../lib/x86_64-linux-gnu/gazebo-11/plugins PYTHONPATH=/home/sven/ros2_ws/build/actions_py/prefix_override:/home/sven/ros2_ws/install/actions_py/lib/python3.10/site-packages:${PYTHONPATH} /usr/bin/python3 setup.py egg_info --egg-base ../../build/actions_py build --build-base /home/sven/ros2_ws/build/actions_py/build install --record /home/sven/ros2_ws/build/actions_py/install.log --single-version-externally-managed
[1.677s] Level 1:colcon.colcon_core.environment:checking '/home/sven/ros2_ws/install/actions_py' for CMake module files
[1.678s] Level 1:colcon.colcon_core.environment:checking '/home/sven/ros2_ws/install/actions_py' for CMake config files
[1.678s] Level 1:colcon.colcon_core.environment:checking '/home/sven/ros2_ws/install/actions_py/lib'
[1.678s] Level 1:colcon.colcon_core.environment:checking '/home/sven/ros2_ws/install/actions_py/bin'
[1.678s] Level 1:colcon.colcon_core.environment:checking '/home/sven/ros2_ws/install/actions_py/lib/pkgconfig/actions_py.pc'
[1.678s] Level 1:colcon.colcon_core.environment:checking '/home/sven/ros2_ws/install/actions_py/lib/python3.10/site-packages'
[1.678s] Level 1:colcon.colcon_core.shell:create_environment_hook('actions_py', 'pythonpath')
[1.683s] INFO:colcon.colcon_core.shell:Creating environment hook '/home/sven/ros2_ws/install/actions_py/share/actions_py/hook/pythonpath.ps1'
[1.683s] INFO:colcon.colcon_core.shell:Creating environment descriptor '/home/sven/ros2_ws/install/actions_py/share/actions_py/hook/pythonpath.dsv'
[1.684s] INFO:colcon.colcon_core.shell:Creating environment hook '/home/sven/ros2_ws/install/actions_py/share/actions_py/hook/pythonpath.sh'
[1.684s] Level 1:colcon.colcon_core.environment:checking '/home/sven/ros2_ws/install/actions_py/bin'
[1.684s] Level 1:colcon.colcon_core.environment:create_environment_scripts_only(actions_py)
[1.689s] INFO:colcon.colcon_core.shell:Creating package script '/home/sven/ros2_ws/install/actions_py/share/actions_py/package.ps1'
[1.689s] INFO:colcon.colcon_core.shell:Creating package descriptor '/home/sven/ros2_ws/install/actions_py/share/actions_py/package.dsv'
[1.689s] INFO:colcon.colcon_core.shell:Creating package script '/home/sven/ros2_ws/install/actions_py/share/actions_py/package.sh'
[1.690s] INFO:colcon.colcon_core.shell:Creating package script '/home/sven/ros2_ws/install/actions_py/share/actions_py/package.bash'
[1.690s] INFO:colcon.colcon_core.shell:Creating package script '/home/sven/ros2_ws/install/actions_py/share/actions_py/package.zsh'
[1.690s] Level 1:colcon.colcon_core.environment:create_file_with_runtime_dependencies(/home/sven/ros2_ws/install/actions_py/share/colcon-core/packages/actions_py)
[1.691s] DEBUG:colcon.colcon_core.event_handler.log_command:Invoked command in '/home/sven/ros2_ws/src/my_py_pkg' returned '0': CMAKE_PREFIX_PATH=/home/sven/ros2_ws/install/my_robot_interfaces:/home/sven/ros2_ws/install/turtlesim_catch_them_all:/home/sven/ros2_ws/install/my_robot_bringup:/home/sven/ros2_ws/install/my_cpp_pkg:/home/sven/ros2_ws/install/my_robot_description:/home/sven/install/my_robot_description LD_LIBRARY_PATH=/home/sven/ros2_ws/install/my_robot_interfaces/lib:/usr/lib/x86_64-linux-gnu/gazebo-11/plugins:/opt/ros/humble/opt/rviz_ogre_vendor/lib:/opt/ros/humble/lib/x86_64-linux-gnu:/opt/ros/humble/lib:/usr/share/gazebo/../../lib/x86_64-linux-gnu/gazebo-11/plugins PYTHONPATH=/home/sven/ros2_ws/build/my_py_pkg/prefix_override:/home/sven/ros2_ws/install/my_py_pkg/lib/python3.10/site-packages:${PYTHONPATH} /usr/bin/python3 setup.py egg_info --egg-base ../../build/my_py_pkg build --build-base /home/sven/ros2_ws/build/my_py_pkg/build install --record /home/sven/ros2_ws/build/my_py_pkg/install.log --single-version-externally-managed
[1.696s] Level 1:colcon.colcon_core.environment:checking '/home/sven/ros2_ws/install/my_py_pkg' for CMake module files
[1.696s] Level 1:colcon.colcon_core.environment:checking '/home/sven/ros2_ws/install/my_py_pkg' for CMake config files
[1.696s] Level 1:colcon.colcon_core.environment:checking '/home/sven/ros2_ws/install/my_py_pkg/lib'
[1.696s] Level 1:colcon.colcon_core.environment:checking '/home/sven/ros2_ws/install/my_py_pkg/bin'
[1.696s] Level 1:colcon.colcon_core.environment:checking '/home/sven/ros2_ws/install/my_py_pkg/lib/pkgconfig/my_py_pkg.pc'
[1.696s] Level 1:colcon.colcon_core.environment:checking '/home/sven/ros2_ws/install/my_py_pkg/lib/python3.10/site-packages'
[1.696s] Level 1:colcon.colcon_core.shell:create_environment_hook('my_py_pkg', 'pythonpath')
[1.701s] INFO:colcon.colcon_core.shell:Creating environment hook '/home/sven/ros2_ws/install/my_py_pkg/share/my_py_pkg/hook/pythonpath.ps1'
[1.702s] INFO:colcon.colcon_core.shell:Creating environment descriptor '/home/sven/ros2_ws/install/my_py_pkg/share/my_py_pkg/hook/pythonpath.dsv'
[1.702s] INFO:colcon.colcon_core.shell:Creating environment hook '/home/sven/ros2_ws/install/my_py_pkg/share/my_py_pkg/hook/pythonpath.sh'
[1.702s] Level 1:colcon.colcon_core.environment:checking '/home/sven/ros2_ws/install/my_py_pkg/bin'
[1.702s] Level 1:colcon.colcon_core.environment:create_environment_scripts_only(my_py_pkg)
[1.707s] INFO:colcon.colcon_core.shell:Creating package script '/home/sven/ros2_ws/install/my_py_pkg/share/my_py_pkg/package.ps1'
[1.707s] INFO:colcon.colcon_core.shell:Creating package descriptor '/home/sven/ros2_ws/install/my_py_pkg/share/my_py_pkg/package.dsv'
[1.707s] INFO:colcon.colcon_core.shell:Creating package script '/home/sven/ros2_ws/install/my_py_pkg/share/my_py_pkg/package.sh'
[1.708s] INFO:colcon.colcon_core.shell:Creating package script '/home/sven/ros2_ws/install/my_py_pkg/share/my_py_pkg/package.bash'
[1.708s] INFO:colcon.colcon_core.shell:Creating package script '/home/sven/ros2_ws/install/my_py_pkg/share/my_py_pkg/package.zsh'
[1.708s] Level 1:colcon.colcon_core.environment:create_file_with_runtime_dependencies(/home/sven/ros2_ws/install/my_py_pkg/share/colcon-core/packages/my_py_pkg)
[1.708s] INFO:colcon.colcon_ros.task.ament_cmake.build:Building ROS package in '/home/sven/ros2_ws/src/my_robot_bringup' with build type 'ament_cmake'
[1.708s] INFO:colcon.colcon_cmake.task.cmake.build:Building CMake package in '/home/sven/ros2_ws/src/my_robot_bringup'
[1.714s] INFO:colcon.colcon_core.shell:Skip shell extension 'powershell' for command environment: Not usable outside of PowerShell
[1.714s] DEBUG:colcon.colcon_core.shell:Skip shell extension 'dsv' for command environment
[1.741s] DEBUG:colcon.colcon_core.event_handler.log_command:Invoking command in '/home/sven/ros2_ws/build/my_robot_bringup': AMENT_PREFIX_PATH=/home/sven/ros2_ws/install/my_py_pkg:/home/sven/ros2_ws/install/turtlesim_catch_them_all:/home/sven/ros2_ws/install/my_robot_bringup:/home/sven/ros2_ws/install/my_cpp_pkg:/home/sven/ros2_ws/install/actions_py:/home/sven/ros2_ws/install/my_robot_interfaces:/home/sven/ros2_ws/install/my_robot_description:/home/sven/install/my_robot_description:/opt/ros/humble CMAKE_PREFIX_PATH=/home/sven/ros2_ws/install/my_cpp_pkg:/home/sven/ros2_ws/install/my_robot_interfaces:/home/sven/ros2_ws/install/my_robot_description:/home/sven/ros2_ws/install/turtlesim_catch_them_all:/home/sven/ros2_ws/install/my_robot_bringup:/home/sven/install/my_robot_description:/home/sven/ros2_ws/install/my_py_pkg:/home/sven/ros2_ws/install/actions_py:/opt/ros/humble LD_LIBRARY_PATH=/home/sven/ros2_ws/install/my_robot_interfaces/lib:/usr/lib/x86_64-linux-gnu/gazebo-11/plugins:/opt/ros/humble/opt/rviz_ogre_vendor/lib:/opt/ros/humble/lib/x86_64-linux-gnu:/opt/ros/humble/lib:/usr/share/gazebo/../../lib/x86_64-linux-gnu/gazebo-11/plugins /usr/bin/cmake --build /home/sven/ros2_ws/build/my_robot_bringup -- -j20 -l20
[1.759s] DEBUG:colcon.colcon_core.event_handler.log_command:Invoked command in '/home/sven/ros2_ws/build/my_robot_bringup' returned '0': AMENT_PREFIX_PATH=/home/sven/ros2_ws/install/my_py_pkg:/home/sven/ros2_ws/install/turtlesim_catch_them_all:/home/sven/ros2_ws/install/my_robot_bringup:/home/sven/ros2_ws/install/my_cpp_pkg:/home/sven/ros2_ws/install/actions_py:/home/sven/ros2_ws/install/my_robot_interfaces:/home/sven/ros2_ws/install/my_robot_description:/home/sven/install/my_robot_description:/opt/ros/humble CMAKE_PREFIX_PATH=/home/sven/ros2_ws/install/my_cpp_pkg:/home/sven/ros2_ws/install/my_robot_interfaces:/home/sven/ros2_ws/install/my_robot_description:/home/sven/ros2_ws/install/turtlesim_catch_them_all:/home/sven/ros2_ws/install/my_robot_bringup:/home/sven/install/my_robot_description:/home/sven/ros2_ws/install/my_py_pkg:/home/sven/ros2_ws/install/actions_py:/opt/ros/humble LD_LIBRARY_PATH=/home/sven/ros2_ws/install/my_robot_interfaces/lib:/usr/lib/x86_64-linux-gnu/gazebo-11/plugins:/opt/ros/humble/opt/rviz_ogre_vendor/lib:/opt/ros/humble/lib/x86_64-linux-gnu:/opt/ros/humble/lib:/usr/share/gazebo/../../lib/x86_64-linux-gnu/gazebo-11/plugins /usr/bin/cmake --build /home/sven/ros2_ws/build/my_robot_bringup -- -j20 -l20
[1.770s] DEBUG:colcon.colcon_core.event_handler.log_command:Invoking command in '/home/sven/ros2_ws/build/my_robot_bringup': AMENT_PREFIX_PATH=/home/sven/ros2_ws/install/my_py_pkg:/home/sven/ros2_ws/install/turtlesim_catch_them_all:/home/sven/ros2_ws/install/my_robot_bringup:/home/sven/ros2_ws/install/my_cpp_pkg:/home/sven/ros2_ws/install/actions_py:/home/sven/ros2_ws/install/my_robot_interfaces:/home/sven/ros2_ws/install/my_robot_description:/home/sven/install/my_robot_description:/opt/ros/humble CMAKE_PREFIX_PATH=/home/sven/ros2_ws/install/my_cpp_pkg:/home/sven/ros2_ws/install/my_robot_interfaces:/home/sven/ros2_ws/install/my_robot_description:/home/sven/ros2_ws/install/turtlesim_catch_them_all:/home/sven/ros2_ws/install/my_robot_bringup:/home/sven/install/my_robot_description:/home/sven/ros2_ws/install/my_py_pkg:/home/sven/ros2_ws/install/actions_py:/opt/ros/humble LD_LIBRARY_PATH=/home/sven/ros2_ws/install/my_robot_interfaces/lib:/usr/lib/x86_64-linux-gnu/gazebo-11/plugins:/opt/ros/humble/opt/rviz_ogre_vendor/lib:/opt/ros/humble/lib/x86_64-linux-gnu:/opt/ros/humble/lib:/usr/share/gazebo/../../lib/x86_64-linux-gnu/gazebo-11/plugins /usr/bin/cmake --install /home/sven/ros2_ws/build/my_robot_bringup
[1.780s] Level 1:colcon.colcon_core.environment:create_environment_scripts_only(my_robot_bringup)
[1.780s] DEBUG:colcon.colcon_core.event_handler.log_command:Invoked command in '/home/sven/ros2_ws/build/my_robot_bringup' returned '0': AMENT_PREFIX_PATH=/home/sven/ros2_ws/install/my_py_pkg:/home/sven/ros2_ws/install/turtlesim_catch_them_all:/home/sven/ros2_ws/install/my_robot_bringup:/home/sven/ros2_ws/install/my_cpp_pkg:/home/sven/ros2_ws/install/actions_py:/home/sven/ros2_ws/install/my_robot_interfaces:/home/sven/ros2_ws/install/my_robot_description:/home/sven/install/my_robot_description:/opt/ros/humble CMAKE_PREFIX_PATH=/home/sven/ros2_ws/install/my_cpp_pkg:/home/sven/ros2_ws/install/my_robot_interfaces:/home/sven/ros2_ws/install/my_robot_description:/home/sven/ros2_ws/install/turtlesim_catch_them_all:/home/sven/ros2_ws/install/my_robot_bringup:/home/sven/install/my_robot_description:/home/sven/ros2_ws/install/my_py_pkg:/home/sven/ros2_ws/install/actions_py:/opt/ros/humble LD_LIBRARY_PATH=/home/sven/ros2_ws/install/my_robot_interfaces/lib:/usr/lib/x86_64-linux-gnu/gazebo-11/plugins:/opt/ros/humble/opt/rviz_ogre_vendor/lib:/opt/ros/humble/lib/x86_64-linux-gnu:/opt/ros/humble/lib:/usr/share/gazebo/../../lib/x86_64-linux-gnu/gazebo-11/plugins /usr/bin/cmake --install /home/sven/ros2_ws/build/my_robot_bringup
[1.786s] Level 1:colcon.colcon_core.environment:checking '/home/sven/ros2_ws/install/my_robot_bringup' for CMake module files
[1.786s] Level 1:colcon.colcon_core.environment:checking '/home/sven/ros2_ws/install/my_robot_bringup' for CMake config files
[1.786s] Level 1:colcon.colcon_core.shell:create_environment_hook('my_robot_bringup', 'cmake_prefix_path')
[1.797s] INFO:colcon.colcon_core.shell:Creating environment hook '/home/sven/ros2_ws/install/my_robot_bringup/share/my_robot_bringup/hook/cmake_prefix_path.ps1'
[1.797s] INFO:colcon.colcon_core.shell:Creating environment descriptor '/home/sven/ros2_ws/install/my_robot_bringup/share/my_robot_bringup/hook/cmake_prefix_path.dsv'
[1.798s] INFO:colcon.colcon_core.shell:Creating environment hook '/home/sven/ros2_ws/install/my_robot_bringup/share/my_robot_bringup/hook/cmake_prefix_path.sh'
[1.798s] Level 1:colcon.colcon_core.environment:checking '/home/sven/ros2_ws/install/my_robot_bringup/bin'
[1.798s] Level 1:colcon.colcon_core.environment:checking '/home/sven/ros2_ws/install/my_robot_bringup/lib/pkgconfig/my_robot_bringup.pc'
[1.798s] Level 1:colcon.colcon_core.environment:checking '/home/sven/ros2_ws/install/my_robot_bringup/lib/python3.10/site-packages'
[1.798s] Level 1:colcon.colcon_core.environment:checking '/home/sven/ros2_ws/install/my_robot_bringup/bin'
[1.803s] INFO:colcon.colcon_core.shell:Creating package script '/home/sven/ros2_ws/install/my_robot_bringup/share/my_robot_bringup/package.ps1'
[1.804s] INFO:colcon.colcon_core.shell:Creating package descriptor '/home/sven/ros2_ws/install/my_robot_bringup/share/my_robot_bringup/package.dsv'
[1.804s] INFO:colcon.colcon_core.shell:Creating package script '/home/sven/ros2_ws/install/my_robot_bringup/share/my_robot_bringup/package.sh'
[1.804s] INFO:colcon.colcon_core.shell:Creating package script '/home/sven/ros2_ws/install/my_robot_bringup/share/my_robot_bringup/package.bash'
[1.804s] INFO:colcon.colcon_core.shell:Creating package script '/home/sven/ros2_ws/install/my_robot_bringup/share/my_robot_bringup/package.zsh'
[1.804s] Level 1:colcon.colcon_core.environment:create_file_with_runtime_dependencies(/home/sven/ros2_ws/install/my_robot_bringup/share/colcon-core/packages/my_robot_bringup)
[1.820s] Level 1:colcon.colcon_core.environment:create_environment_scripts_only(my_robot_bringup)
[1.825s] Level 1:colcon.colcon_core.environment:checking '/home/sven/ros2_ws/install/my_robot_bringup' for CMake module files
[1.825s] Level 1:colcon.colcon_core.environment:checking '/home/sven/ros2_ws/install/my_robot_bringup' for CMake config files
[1.826s] Level 1:colcon.colcon_core.shell:create_environment_hook('my_robot_bringup', 'cmake_prefix_path')
[1.831s] INFO:colcon.colcon_core.shell:Creating environment hook '/home/sven/ros2_ws/install/my_robot_bringup/share/my_robot_bringup/hook/cmake_prefix_path.ps1'
[1.831s] INFO:colcon.colcon_core.shell:Creating environment descriptor '/home/sven/ros2_ws/install/my_robot_bringup/share/my_robot_bringup/hook/cmake_prefix_path.dsv'
[1.831s] INFO:colcon.colcon_core.shell:Creating environment hook '/home/sven/ros2_ws/install/my_robot_bringup/share/my_robot_bringup/hook/cmake_prefix_path.sh'
[1.831s] Level 1:colcon.colcon_core.environment:checking '/home/sven/ros2_ws/install/my_robot_bringup/bin'
[1.831s] Level 1:colcon.colcon_core.environment:checking '/home/sven/ros2_ws/install/my_robot_bringup/lib/pkgconfig/my_robot_bringup.pc'
[1.831s] Level 1:colcon.colcon_core.environment:checking '/home/sven/ros2_ws/install/my_robot_bringup/lib/python3.10/site-packages'
[1.831s] Level 1:colcon.colcon_core.environment:checking '/home/sven/ros2_ws/install/my_robot_bringup/bin'
[1.836s] INFO:colcon.colcon_core.shell:Creating package script '/home/sven/ros2_ws/install/my_robot_bringup/share/my_robot_bringup/package.ps1'
[1.837s] INFO:colcon.colcon_core.shell:Creating package descriptor '/home/sven/ros2_ws/install/my_robot_bringup/share/my_robot_bringup/package.dsv'
[1.837s] INFO:colcon.colcon_core.shell:Creating package script '/home/sven/ros2_ws/install/my_robot_bringup/share/my_robot_bringup/package.sh'
[1.837s] INFO:colcon.colcon_core.shell:Creating package script '/home/sven/ros2_ws/install/my_robot_bringup/share/my_robot_bringup/package.bash'
[1.837s] INFO:colcon.colcon_core.shell:Creating package script '/home/sven/ros2_ws/install/my_robot_bringup/share/my_robot_bringup/package.zsh'
[1.837s] Level 1:colcon.colcon_core.environment:create_file_with_runtime_dependencies(/home/sven/ros2_ws/install/my_robot_bringup/share/colcon-core/packages/my_robot_bringup)
[1.837s] DEBUG:colcon.colcon_parallel_executor.executor.parallel:closing loop
[1.838s] DEBUG:colcon.colcon_parallel_executor.executor.parallel:loop closed
[1.838s] DEBUG:colcon.colcon_parallel_executor.executor.parallel:run_until_complete finished with '0'
[1.838s] DEBUG:colcon.colcon_core.event_reactor:joining thread
[1.845s] INFO:colcon.colcon_core.plugin_system:Skipping extension 'colcon_notification.desktop_notification.terminal_notifier': Not used on non-Darwin systems
[1.845s] INFO:colcon.colcon_core.plugin_system:Skipping extension 'colcon_notification.desktop_notification.win32': Not used on non-Windows systems
[1.845s] INFO:colcon.colcon_notification.desktop_notification:Sending desktop notification using 'notify2'
[1.854s] DEBUG:colcon.colcon_core.event_reactor:joined thread
[1.860s] INFO:colcon.colcon_core.shell:Creating prefix script '/home/sven/ros2_ws/install/local_setup.ps1'
[1.860s] INFO:colcon.colcon_core.shell:Creating prefix util module '/home/sven/ros2_ws/install/_local_setup_util_ps1.py'
[1.860s] INFO:colcon.colcon_core.shell:Creating prefix chain script '/home/sven/ros2_ws/install/setup.ps1'
[1.866s] INFO:colcon.colcon_core.shell:Creating prefix script '/home/sven/ros2_ws/install/local_setup.sh'
[1.867s] INFO:colcon.colcon_core.shell:Creating prefix util module '/home/sven/ros2_ws/install/_local_setup_util_sh.py'
[1.867s] INFO:colcon.colcon_core.shell:Creating prefix chain script '/home/sven/ros2_ws/install/setup.sh'
[1.872s] INFO:colcon.colcon_core.shell:Creating prefix script '/home/sven/ros2_ws/install/local_setup.bash'
[1.872s] INFO:colcon.colcon_core.shell:Creating prefix chain script '/home/sven/ros2_ws/install/setup.bash'
[1.878s] INFO:colcon.colcon_core.shell:Creating prefix script '/home/sven/ros2_ws/install/local_setup.zsh'
[1.878s] INFO:colcon.colcon_core.shell:Creating prefix chain script '/home/sven/ros2_ws/install/setup.zsh'
